[2022-03-07 01:51:56 +0000] [80494] [INFO] Starting gunicorn 20.1.0
[2022-03-07 01:51:56 +0000] [80494] [INFO] Listening at: http://0.0.0.0:6008 (80494)
[2022-03-07 01:51:56 +0000] [80494] [INFO] Using worker: sync
[2022-03-07 01:51:56 +0000] [80499] [INFO] Booting worker with pid: 80499
[2022-03-07 01:51:57 +0000] [80499] [ERROR] Exception in worker process
Traceback (most recent call last):
  File "/usr/local/lib/python3.7/site-packages/gunicorn/arbiter.py", line 589, in spawn_worker
    worker.init_process()
  File "/usr/local/lib/python3.7/site-packages/gunicorn/workers/base.py", line 134, in init_process
    self.load_wsgi()
  File "/usr/local/lib/python3.7/site-packages/gunicorn/workers/base.py", line 146, in load_wsgi
    self.wsgi = self.app.wsgi()
  File "/usr/local/lib/python3.7/site-packages/gunicorn/app/base.py", line 67, in wsgi
    self.callable = self.load()
  File "/usr/local/lib/python3.7/site-packages/gunicorn/app/wsgiapp.py", line 58, in load
    return self.load_wsgiapp()
  File "/usr/local/lib/python3.7/site-packages/gunicorn/app/wsgiapp.py", line 48, in load_wsgiapp
    return util.import_app(self.app_uri)
  File "/usr/local/lib/python3.7/site-packages/gunicorn/util.py", line 359, in import_app
    mod = importlib.import_module(module)
  File "/usr/local/lib/python3.7/importlib/__init__.py", line 127, in import_module
    return _bootstrap._gcd_import(name[level:], package, level)
  File "<frozen importlib._bootstrap>", line 1006, in _gcd_import
  File "<frozen importlib._bootstrap>", line 983, in _find_and_load
  File "<frozen importlib._bootstrap>", line 967, in _find_and_load_unlocked
  File "<frozen importlib._bootstrap>", line 677, in _load_unlocked
  File "<frozen importlib._bootstrap_external>", line 728, in exec_module
  File "<frozen importlib._bootstrap>", line 219, in _call_with_frames_removed
  File "/code/api.py", line 7, in <module>
    from MultisiteSchedule import start_spiders, stop, rowkey_id_gen
  File "/code/MultisiteSchedule.py", line 214
    path_ = "/hs/imageSearch"_
                             ^
SyntaxError: invalid syntax
[2022-03-07 01:51:57 +0000] [80499] [INFO] Worker exiting (pid: 80499)
[2022-03-07 01:51:57 +0000] [80494] [INFO] Shutting down: Master
[2022-03-07 01:51:57 +0000] [80494] [INFO] Reason: Worker failed to boot.
[2022-03-07 01:53:03 +0000] [80593] [INFO] Starting gunicorn 20.1.0
[2022-03-07 01:53:03 +0000] [80593] [INFO] Listening at: http://0.0.0.0:6008 (80593)
[2022-03-07 01:53:03 +0000] [80593] [INFO] Using worker: sync
[2022-03-07 01:53:03 +0000] [80596] [INFO] Booting worker with pid: 80596
/code/Transwarp/hdfs
jar_path:/code/Transwarp/JavaJar/InceptorUtil.jar
dependency_path:/code/Transwarp/libs
配置文件路径为：/code/Transwarp/hdfs/
[2022-03-07 01:53:06 +0000] [80593] [INFO] Handling signal: int
2022-03-07 01:53:06
Full thread dump Java HotSpot(TM) 64-Bit Server VM (25.311-b11 mixed mode):

"SIGINT handler" #29 daemon prio=9 os_prio=0 tid=0x00007fe558001000 nid=0x13b8a runnable [0x00007fe726cc8000]
   java.lang.Thread.State: RUNNABLE
	at java.util.IdentityHashMap$KeySet.iterator(IdentityHashMap.java:977)
	at java.lang.ApplicationShutdownHooks.runHooks(ApplicationShutdownHooks.java:101)
	at java.lang.ApplicationShutdownHooks$1.run(ApplicationShutdownHooks.java:46)
	at java.lang.Shutdown.runHooks(Shutdown.java:123)
	at java.lang.Shutdown.sequence(Shutdown.java:170)
	at java.lang.Shutdown.exit(Shutdown.java:216)
	- locked <0x0000000080224f90> (a java.lang.Class for java.lang.Shutdown)
	at java.lang.Terminator$1.handle(Terminator.java:52)
	at sun.misc.Signal$1.run(Signal.java:212)
	at java.lang.Thread.run(Thread.java:748)

"Python Reference Queue" #27 daemon prio=5 os_prio=0 tid=0x000056308a161800 nid=0x13b87 in Object.wait() [0x00007fe727232000]
   java.lang.Thread.State: TIMED_WAITING (on object monitor)
	at java.lang.Object.wait(Native Method)
	- waiting on <0x00000000802010d0> (a java.lang.ref.ReferenceQueue$Lock)
	at java.lang.ref.ReferenceQueue.remove(ReferenceQueue.java:144)
	- locked <0x00000000802010d0> (a java.lang.ref.ReferenceQueue$Lock)
	at org.jpype.ref.JPypeReferenceQueue$Worker.run(Unknown Source)
	at java.lang.Thread.run(Thread.java:748)

"Service Thread" #26 daemon prio=9 os_prio=0 tid=0x0000563089eff800 nid=0x13b85 runnable [0x0000000000000000]
   java.lang.Thread.State: RUNNABLE

"C1 CompilerThread20" #25 daemon prio=9 os_prio=0 tid=0x0000563089efc000 nid=0x13b84 waiting on condition [0x0000000000000000]
   java.lang.Thread.State: RUNNABLE

"C1 CompilerThread19" #24 daemon prio=9 os_prio=0 tid=0x0000563089efa000 nid=0x13b83 waiting on condition [0x0000000000000000]
   java.lang.Thread.State: RUNNABLE

"C1 CompilerThread18" #23 daemon prio=9 os_prio=0 tid=0x0000563089ef8000 nid=0x13b82 waiting on condition [0x0000000000000000]
   java.lang.Thread.State: RUNNABLE

"C1 CompilerThread17" #22 daemon prio=9 os_prio=0 tid=0x0000563089ef5800 nid=0x13b81 waiting on condition [0x0000000000000000]
   java.lang.Thread.State: RUNNABLE

"C1 CompilerThread16" #21 daemon prio=9 os_prio=0 tid=0x0000563089ef3800 nid=0x13b80 waiting on condition [0x0000000000000000]
   java.lang.Thread.State: RUNNABLE

"C1 CompilerThread15" #20 daemon prio=9 os_prio=0 tid=0x0000563089ef1800 nid=0x13b7f waiting on condition [0x0000000000000000]
   java.lang.Thread.State: RUNNABLE

"C1 CompilerThread14" #19 daemon prio=9 os_prio=0 tid=0x0000563089eef000 nid=0x13b7e waiting on condition [0x0000000000000000]
   java.lang.Thread.State: RUNNABLE

"C2 CompilerThread13" #18 daemon prio=9 os_prio=0 tid=0x0000563089eed000 nid=0x13b7d waiting on condition [0x0000000000000000]
   java.lang.Thread.State: RUNNABLE

"C2 CompilerThread12" #17 daemon prio=9 os_prio=0 tid=0x0000563089eeb000 nid=0x13b7c waiting on condition [0x0000000000000000]
   java.lang.Thread.State: RUNNABLE

"C2 CompilerThread11" #16 daemon prio=9 os_prio=0 tid=0x0000563089ee8800 nid=0x13b7b waiting on condition [0x0000000000000000]
   java.lang.Thread.State: RUNNABLE

"C2 CompilerThread10" #15 daemon prio=9 os_prio=0 tid=0x0000563089ee6800 nid=0x13b7a waiting on condition [0x0000000000000000]
   java.lang.Thread.State: RUNNABLE

"C2 CompilerThread9" #14 daemon prio=9 os_prio=0 tid=0x0000563089ee4000 nid=0x13b79 waiting on condition [0x0000000000000000]
   java.lang.Thread.State: RUNNABLE

"C2 CompilerThread8" #13 daemon prio=9 os_prio=0 tid=0x0000563089ee2000 nid=0x13b78 waiting on condition [0x0000000000000000]
   java.lang.Thread.State: RUNNABLE

"C2 CompilerThread7" #12 daemon prio=9 os_prio=0 tid=0x0000563089ee0000 nid=0x13b77 waiting on condition [0x0000000000000000]
   java.lang.Thread.State: RUNNABLE

"C2 CompilerThread6" #11 daemon prio=9 os_prio=0 tid=0x0000563089edd800 nid=0x13b76 waiting on condition [0x0000000000000000]
   java.lang.Thread.State: RUNNABLE

"C2 CompilerThread5" #10 daemon prio=9 os_prio=0 tid=0x0000563089edb800 nid=0x13b75 waiting on condition [0x0000000000000000]
   java.lang.Thread.State: RUNNABLE

"C2 CompilerThread4" #9 daemon prio=9 os_prio=0 tid=0x0000563089ed1800 nid=0x13b74 waiting on condition [0x0000000000000000]
   java.lang.Thread.State: RUNNABLE

"C2 CompilerThread3" #8 daemon prio=9 os_prio=0 tid=0x0000563089ecf000 nid=0x13b73 waiting on condition [0x0000000000000000]
   java.lang.Thread.State: RUNNABLE

"C2 CompilerThread2" #7 daemon prio=9 os_prio=0 tid=0x0000563089ecd000 nid=0x13b72 waiting on condition [0x0000000000000000]
   java.lang.Thread.State: RUNNABLE

"C2 CompilerThread1" #6 daemon prio=9 os_prio=0 tid=0x0000563089ecb000 nid=0x13b71 waiting on condition [0x0000000000000000]
   java.lang.Thread.State: RUNNABLE

"C2 CompilerThread0" #5 daemon prio=9 os_prio=0 tid=0x0000563089ec8800 nid=0x13b70 waiting on condition [0x0000000000000000]
   java.lang.Thread.State: RUNNABLE

"Signal Dispatcher" #4 daemon prio=9 os_prio=0 tid=0x0000563089ec7000 nid=0x13b6f waiting on condition [0x0000000000000000]
   java.lang.Thread.State: RUNNABLE

"Finalizer" #3 daemon prio=8 os_prio=0 tid=0x0000563089e95800 nid=0x13b6e in Object.wait() [0x00007fe7b4e0a000]
   java.lang.Thread.State: WAITING (on object monitor)
	at java.lang.Object.wait(Native Method)
	- waiting on <0x0000000080212570> (a java.lang.ref.ReferenceQueue$Lock)
	at java.lang.ref.ReferenceQueue.remove(ReferenceQueue.java:144)
	- locked <0x0000000080212570> (a java.lang.ref.ReferenceQueue$Lock)
	at java.lang.ref.ReferenceQueue.remove(ReferenceQueue.java:165)
	at java.lang.ref.Finalizer$FinalizerThread.run(Finalizer.java:216)

"Reference Handler" #2 daemon prio=10 os_prio=0 tid=0x0000563089e91800 nid=0x13b6d in Object.wait() [0x00007fe7b4f0b000]
   java.lang.Thread.State: WAITING (on object monitor)
	at java.lang.Object.wait(Native Method)
	- waiting on <0x000000008021eaa8> (a java.lang.ref.Reference$Lock)
	at java.lang.Object.wait(Object.java:502)
	at java.lang.ref.Reference.tryHandlePending(Reference.java:191)
	- locked <0x000000008021eaa8> (a java.lang.ref.Reference$Lock)
	at java.lang.ref.Reference$ReferenceHandler.run(Reference.java:153)

"main" #1 prio=5 os_prio=0 tid=0x00005630795ab800 nid=0x13ad4 runnable [0x0000000000000000]
   java.lang.Thread.State: RUNNABLE

"VM Thread" os_prio=0 tid=0x0000563089e88000 nid=0x13b6c runnable 

"GC task thread#0 (ParallelGC)" os_prio=0 tid=0x00005630795b1000 nid=0x13b19 runnable 

"GC task thread#1 (ParallelGC)" os_prio=0 tid=0x00005630795b2000 nid=0x13b1a runnable 

"GC task thread#2 (ParallelGC)" os_prio=0 tid=0x00005630795bb800 nid=0x13b1b runnable 

"GC task thread#3 (ParallelGC)" os_prio=0 tid=0x00005630795bd000 nid=0x13b1c runnable 

"GC task thread#4 (ParallelGC)" os_prio=0 tid=0x00005630795bf000 nid=0x13b1d runnable 

"GC task thread#5 (ParallelGC)" os_prio=0 tid=0x00005630795c0800 nid=0x13b1e runnable 

"GC task thread#6 (ParallelGC)" os_prio=0 tid=0x00005630795c2000 nid=0x13b1f runnable 

"GC task thread#7 (ParallelGC)" os_prio=0 tid=0x00005630795c4000 nid=0x13b20 runnable 

"GC task thread#8 (ParallelGC)" os_prio=0 tid=0x00005630795c5800 nid=0x13b21 runnable 

"GC task thread#9 (ParallelGC)" os_prio=0 tid=0x00005630795c7800 nid=0x13b22 runnable 

"GC task thread#10 (ParallelGC)" os_prio=0 tid=0x00005630795c9800 nid=0x13b23 runnable 

"GC task thread#11 (ParallelGC)" os_prio=0 tid=0x00005630795cb000 nid=0x13b24 runnable 

"GC task thread#12 (ParallelGC)" os_prio=0 tid=0x00005630795cc800 nid=0x13b25 runnable 

"GC task thread#13 (ParallelGC)" os_prio=0 tid=0x00005630795ce800 nid=0x13b26 runnable 

"GC task thread#14 (ParallelGC)" os_prio=0 tid=0x00005630795d0000 nid=0x13b27 runnable 

"GC task thread#15 (ParallelGC)" os_prio=0 tid=0x00005630795d2000 nid=0x13b28 runnable 

"GC task thread#16 (ParallelGC)" os_prio=0 tid=0x00005630795d3800 nid=0x13b29 runnable 

"GC task thread#17 (ParallelGC)" os_prio=0 tid=0x00005630795d5800 nid=0x13b2a runnable 

"GC task thread#18 (ParallelGC)" os_prio=0 tid=0x00005630795d7000 nid=0x13b2b runnable 

"GC task thread#19 (ParallelGC)" os_prio=0 tid=0x00005630795d9000 nid=0x13b2c runnable 

"GC task thread#20 (ParallelGC)" os_prio=0 tid=0x00005630795da800 nid=0x13b2d runnable 

"GC task thread#21 (ParallelGC)" os_prio=0 tid=0x00005630795dc800 nid=0x13b2e runnable 

"GC task thread#22 (ParallelGC)" os_prio=0 tid=0x00005630795de000 nid=0x13b2f runnable 

"GC task thread#23 (ParallelGC)" os_prio=0 tid=0x00005630795e0000 nid=0x13b30 runnable 

"GC task thread#24 (ParallelGC)" os_prio=0 tid=0x00005630795e1800 nid=0x13b31 runnable 

"GC task thread#25 (ParallelGC)" os_prio=0 tid=0x00005630795e3800 nid=0x13b32 runnable 

"GC task thread#26 (ParallelGC)" os_prio=0 tid=0x00005630795e5000 nid=0x13b33 runnable 

"GC task thread#27 (ParallelGC)" os_prio=0 tid=0x00005630795e7000 nid=0x13b34 runnable 

"GC task thread#28 (ParallelGC)" os_prio=0 tid=0x00005630795e8800 nid=0x13b35 runnable 

"GC task thread#29 (ParallelGC)" os_prio=0 tid=0x00005630795ea800 nid=0x13b36 runnable 

"GC task thread#30 (ParallelGC)" os_prio=0 tid=0x00005630795ec000 nid=0x13b37 runnable 

"GC task thread#31 (ParallelGC)" os_prio=0 tid=0x00005630795ee000 nid=0x13b38 runnable 

"GC task thread#32 (ParallelGC)" os_prio=0 tid=0x00005630795ef800 nid=0x13b39 runnable 

"GC task thread#33 (ParallelGC)" os_prio=0 tid=0x00005630795f1800 nid=0x13b3a runnable 

"GC task thread#34 (ParallelGC)" os_prio=0 tid=0x00005630795f3000 nid=0x13b3b runnable 

"GC task thread#35 (ParallelGC)" os_prio=0 tid=0x00005630795f5000 nid=0x13b3c runnable 

"GC task thread#36 (ParallelGC)" os_prio=0 tid=0x00005630795f6800 nid=0x13b3d runnable 

"GC task thread#37 (ParallelGC)" os_prio=0 tid=0x00005630795f8800 nid=0x13b3e runnable 

"GC task thread#38 (ParallelGC)" os_prio=0 tid=0x00005630795fa000 nid=0x13b3f runnable 

"GC task thread#39 (ParallelGC)" os_prio=0 tid=0x00005630795fc000 nid=0x13b40 runnable 

"GC task thread#40 (ParallelGC)" os_prio=0 tid=0x00005630795fd800 nid=0x13b41 runnable 

"GC task thread#41 (ParallelGC)" os_prio=0 tid=0x00005630795ff800 nid=0x13b42 runnable 

"GC task thread#42 (ParallelGC)" os_prio=0 tid=0x0000563079601000 nid=0x13b43 runnable 

"GC task thread#43 (ParallelGC)" os_prio=0 tid=0x0000563079603000 nid=0x13b44 runnable 

"GC task thread#44 (ParallelGC)" os_prio=0 tid=0x0000563079604800 nid=0x13b45 runnable 

"GC task thread#45 (ParallelGC)" os_prio=0 tid=0x0000563079606800 nid=0x13b46 runnable 

"GC task thread#46 (ParallelGC)" os_prio=0 tid=0x0000563079608000 nid=0x13b47 runnable 

"GC task thread#47 (ParallelGC)" os_prio=0 tid=0x000056307960a000 nid=0x13b48 runnable 

"GC task thread#48 (ParallelGC)" os_prio=0 tid=0x000056307960b800 nid=0x13b49 runnable 

"GC task thread#49 (ParallelGC)" os_prio=0 tid=0x000056307960d800 nid=0x13b4a runnable 

"GC task thread#50 (ParallelGC)" os_prio=0 tid=0x000056307960f800 nid=0x13b4b runnable 

"GC task thread#51 (ParallelGC)" os_prio=0 tid=0x0000563079611000 nid=0x13b4c runnable 

"GC task thread#52 (ParallelGC)" os_prio=0 tid=0x0000563079613000 nid=0x13b4d runnable 

"GC task thread#53 (ParallelGC)" os_prio=0 tid=0x0000563079614800 nid=0x13b4e runnable 

"GC task thread#54 (ParallelGC)" os_prio=0 tid=0x0000563079616800 nid=0x13b4f runnable 

"GC task thread#55 (ParallelGC)" os_prio=0 tid=0x0000563079618000 nid=0x13b50 runnable 

"GC task thread#56 (ParallelGC)" os_prio=0 tid=0x000056307961a000 nid=0x13b51 runnable 

"GC task thread#57 (ParallelGC)" os_prio=0 tid=0x000056307961b800 nid=0x13b52 runnable 

"GC task thread#58 (ParallelGC)" os_prio=0 tid=0x000056307961d800 nid=0x13b53 runnable 

"GC task thread#59 (ParallelGC)" os_prio=0 tid=0x000056307961f000 nid=0x13b54 runnable 

"GC task thread#60 (ParallelGC)" os_prio=0 tid=0x0000563079621000 nid=0x13b55 runnable 

"GC task thread#61 (ParallelGC)" os_prio=0 tid=0x0000563079622800 nid=0x13b56 runnable 

"GC task thread#62 (ParallelGC)" os_prio=0 tid=0x0000563079624800 nid=0x13b57 runnable 

"GC task thread#63 (ParallelGC)" os_prio=0 tid=0x0000563079626000 nid=0x13b58 runnable 

"GC task thread#64 (ParallelGC)" os_prio=0 tid=0x0000563079628000 nid=0x13b59 runnable 

"GC task thread#65 (ParallelGC)" os_prio=0 tid=0x0000563079629800 nid=0x13b5a runnable 

"GC task thread#66 (ParallelGC)" os_prio=0 tid=0x000056307962b800 nid=0x13b5b runnable 

"GC task thread#67 (ParallelGC)" os_prio=0 tid=0x000056307962d000 nid=0x13b5c runnable 

"GC task thread#68 (ParallelGC)" os_prio=0 tid=0x000056307962f000 nid=0x13b5d runnable 

"GC task thread#69 (ParallelGC)" os_prio=0 tid=0x0000563079630800 nid=0x13b5e runnable 

"GC task thread#70 (ParallelGC)" os_prio=0 tid=0x0000563079632800 nid=0x13b5f runnable 

"GC task thread#71 (ParallelGC)" os_prio=0 tid=0x0000563079634000 nid=0x13b60 runnable 

"GC task thread#72 (ParallelGC)" os_prio=0 tid=0x0000563079636000 nid=0x13b61 runnable 

"GC task thread#73 (ParallelGC)" os_prio=0 tid=0x0000563079637800 nid=0x13b62 runnable 

"GC task thread#74 (ParallelGC)" os_prio=0 tid=0x0000563079639800 nid=0x13b63 runnable 

"GC task thread#75 (ParallelGC)" os_prio=0 tid=0x000056307963b000 nid=0x13b64 runnable 

"GC task thread#76 (ParallelGC)" os_prio=0 tid=0x000056307963d000 nid=0x13b65 runnable 

"GC task thread#77 (ParallelGC)" os_prio=0 tid=0x000056307963e800 nid=0x13b66 runnable 

"GC task thread#78 (ParallelGC)" os_prio=0 tid=0x0000563079640000 nid=0x13b67 runnable 

"GC task thread#79 (ParallelGC)" os_prio=0 tid=0x0000563079642000 nid=0x13b68 runnable 

"GC task thread#80 (ParallelGC)" os_prio=0 tid=0x0000563079643800 nid=0x13b69 runnable 

"GC task thread#81 (ParallelGC)" os_prio=0 tid=0x0000563079645800 nid=0x13b6a runnable 

"GC task thread#82 (ParallelGC)" os_prio=0 tid=0x0000563079647000 nid=0x13b6b runnable 

"VM Periodic Task Thread" os_prio=0 tid=0x0000563089f04000 nid=0x13b86 waiting on condition 

JNI global references: 1166

Heap
 PSYoungGen      total 611840K, used 87467K [0x0000000580100000, 0x00000005aab80000, 0x0000000800000000)
  eden space 524800K, 16% used [0x0000000580100000,0x000000058566ac50,0x00000005a0180000)
  from space 87040K, 0% used [0x00000005a0180000,0x00000005a0180000,0x00000005a5680000)
  to   space 87040K, 0% used [0x00000005a5680000,0x00000005a5680000,0x00000005aab80000)
 ParOldGen       total 1398272K, used 720K [0x0000000080200000, 0x00000000d5780000, 0x0000000580100000)
  object space 1398272K, 0% used [0x0000000080200000,0x00000000802b4198,0x00000000d5780000)
 Metaspace       used 4152K, capacity 4844K, committed 4864K, reserved 1056768K
  class space    used 448K, capacity 507K, committed 512K, reserved 1048576K

[2022-03-07 01:53:07 +0000] [80593] [INFO] Shutting down: Master
[2022-03-07 01:56:30 +0000] [81029] [INFO] Starting gunicorn 20.1.0
[2022-03-07 01:56:30 +0000] [81029] [INFO] Listening at: http://0.0.0.0:6008 (81029)
[2022-03-07 01:56:30 +0000] [81029] [INFO] Using worker: sync
[2022-03-07 01:56:30 +0000] [81032] [INFO] Booting worker with pid: 81032
/code/Transwarp/hdfs
jar_path:/code/Transwarp/JavaJar/InceptorUtil.jar
dependency_path:/code/Transwarp/libs
配置文件路径为：/code/Transwarp/hdfs/
