2021-10-26 20:43:56 [scrapy.extensions.telnet] INFO: Telnet Password: d6f2b32c78aee183
2021-10-26 20:43:56 [scrapy.middleware] INFO: Enabled extensions:
['scrapy.extensions.corestats.CoreStats',
 'scrapy.extensions.telnet.TelnetConsole',
 'scrapy.extensions.logstats.LogStats']
2021-10-26 20:43:56 [scrapy.middleware] INFO: Enabled downloader middlewares:
['scrapy.downloadermiddlewares.httpauth.HttpAuthMiddleware',
 'scrapy.downloadermiddlewares.downloadtimeout.DownloadTimeoutMiddleware',
 'scrapy.downloadermiddlewares.defaultheaders.DefaultHeadersMiddleware',
 'scrapy.downloadermiddlewares.useragent.UserAgentMiddleware',
 'TextProcessorScrapy.middlewares.RandomUserAgentMiddleware',
 'TextProcessorScrapy.middlewares.TextCrawlDownloaderMiddleware',
 'scrapy.downloadermiddlewares.retry.RetryMiddleware',
 'scrapy.downloadermiddlewares.redirect.MetaRefreshMiddleware',
 'scrapy.downloadermiddlewares.httpcompression.HttpCompressionMiddleware',
 'scrapy.downloadermiddlewares.redirect.RedirectMiddleware',
 'scrapy.downloadermiddlewares.cookies.CookiesMiddleware',
 'scrapy.downloadermiddlewares.httpproxy.HttpProxyMiddleware',
 'scrapy.downloadermiddlewares.stats.DownloaderStats']
2021-10-26 20:43:56 [scrapy.middleware] INFO: Enabled spider middlewares:
['scrapy.spidermiddlewares.httperror.HttpErrorMiddleware',
 'scrapy.spidermiddlewares.offsite.OffsiteMiddleware',
 'scrapy.spidermiddlewares.referer.RefererMiddleware',
 'scrapy.spidermiddlewares.urllength.UrlLengthMiddleware',
 'scrapy.spidermiddlewares.depth.DepthMiddleware']
2021-10-26 20:43:56 [scrapy.middleware] INFO: Enabled item pipelines:
['TextProcessorScrapy.pipelines.HsNasaPipeline']
2021-10-26 20:43:56 [scrapy.core.engine] INFO: Spider opened
2021-10-26 20:43:56 [scrapy.extensions.logstats] INFO: Crawled 0 pages (at 0 pages/min), scraped 0 items (at 0 items/min)
2021-10-26 20:43:56 [nasa] INFO: Spider opened: nasa
2021-10-26 20:43:56 [scrapy.extensions.telnet] INFO: Telnet console listening on 127.0.0.1:6023
2021-10-26 20:43:56 [scrapy.crawler] INFO: Overridden settings:
{'BOT_NAME': 'TextProcessorScrapy',
 'COMMANDS_MODULE': 'TextProcessorScrapy.commands',
 'CONCURRENT_REQUESTS': 8,
 'CONCURRENT_REQUESTS_PER_DOMAIN': 32,
 'CONCURRENT_REQUESTS_PER_IP': 128,
 'LOG_FILE': 'log/scrapy_2021_10_26_18.log',
 'NEWSPIDER_MODULE': 'TextProcessorScrapy.spiders',
 'REACTOR_THREADPOOL_MAXSIZE': 20,
 'SPIDER_MODULES': ['TextProcessorScrapy.spiders']}
2021-10-26 20:43:56 [scrapy.extensions.telnet] INFO: Telnet Password: 358b2775f00a9086
2021-10-26 20:43:56 [scrapy.middleware] INFO: Enabled extensions:
['scrapy.extensions.corestats.CoreStats',
 'scrapy.extensions.telnet.TelnetConsole',
 'scrapy.extensions.logstats.LogStats']
2021-10-26 20:43:56 [scrapy.middleware] INFO: Enabled downloader middlewares:
['scrapy.downloadermiddlewares.httpauth.HttpAuthMiddleware',
 'scrapy.downloadermiddlewares.downloadtimeout.DownloadTimeoutMiddleware',
 'scrapy.downloadermiddlewares.defaultheaders.DefaultHeadersMiddleware',
 'scrapy.downloadermiddlewares.useragent.UserAgentMiddleware',
 'TextProcessorScrapy.middlewares.RandomUserAgentMiddleware',
 'TextProcessorScrapy.middlewares.TextCrawlDownloaderMiddleware',
 'scrapy.downloadermiddlewares.retry.RetryMiddleware',
 'scrapy.downloadermiddlewares.redirect.MetaRefreshMiddleware',
 'scrapy.downloadermiddlewares.httpcompression.HttpCompressionMiddleware',
 'scrapy.downloadermiddlewares.redirect.RedirectMiddleware',
 'scrapy.downloadermiddlewares.cookies.CookiesMiddleware',
 'scrapy.downloadermiddlewares.httpproxy.HttpProxyMiddleware',
 'scrapy.downloadermiddlewares.stats.DownloaderStats']
2021-10-26 20:43:56 [scrapy.middleware] INFO: Enabled spider middlewares:
['scrapy.spidermiddlewares.httperror.HttpErrorMiddleware',
 'scrapy.spidermiddlewares.offsite.OffsiteMiddleware',
 'scrapy.spidermiddlewares.referer.RefererMiddleware',
 'scrapy.spidermiddlewares.urllength.UrlLengthMiddleware',
 'scrapy.spidermiddlewares.depth.DepthMiddleware']
2021-10-26 20:43:56 [scrapy.middleware] INFO: Enabled item pipelines:
['TextProcessorScrapy.pipelines.WikiPipeline']
2021-10-26 20:43:56 [scrapy.core.engine] INFO: Spider opened
2021-10-26 20:43:56 [scrapy.extensions.logstats] INFO: Crawled 0 pages (at 0 pages/min), scraped 0 items (at 0 items/min)
2021-10-26 20:43:56 [wiki] INFO: Spider opened: wiki
2021-10-26 20:43:56 [scrapy.extensions.telnet] INFO: Telnet console listening on 127.0.0.1:6024
2021-10-26 20:43:56 [scrapy.crawler] INFO: Overridden settings:
{'BOT_NAME': 'TextProcessorScrapy',
 'COMMANDS_MODULE': 'TextProcessorScrapy.commands',
 'CONCURRENT_REQUESTS': 8,
 'CONCURRENT_REQUESTS_PER_DOMAIN': 32,
 'CONCURRENT_REQUESTS_PER_IP': 128,
 'LOG_FILE': 'log/scrapy_2021_10_26_18.log',
 'NEWSPIDER_MODULE': 'TextProcessorScrapy.spiders',
 'REACTOR_THREADPOOL_MAXSIZE': 20,
 'SPIDER_MODULES': ['TextProcessorScrapy.spiders']}
2021-10-26 20:43:56 [scrapy.extensions.telnet] INFO: Telnet Password: 53849bd6a37e6e83
2021-10-26 20:43:56 [scrapy.middleware] INFO: Enabled extensions:
['scrapy.extensions.corestats.CoreStats',
 'scrapy.extensions.telnet.TelnetConsole',
 'scrapy.extensions.logstats.LogStats']
2021-10-26 20:43:57 [selenium.webdriver.remote.remote_connection] DEBUG: POST http://127.0.0.1:14364/session {"capabilities": {"firstMatch": [{}], "alwaysMatch": {"browserName": "chrome", "platformName": "any", "goog:chromeOptions": {"prefs": {"profile.default_content_setting_values": {"notifications": 2, "images": 2}}, "extensions": [], "args": ["--headless"]}}}, "desiredCapabilities": {"browserName": "chrome", "version": "", "platform": "ANY", "goog:chromeOptions": {"prefs": {"profile.default_content_setting_values": {"notifications": 2, "images": 2}}, "extensions": [], "args": ["--headless"]}}}
2021-10-26 20:43:57 [urllib3.connectionpool] DEBUG: Starting new HTTP connection (1): 127.0.0.1
2021-10-26 20:43:57 [urllib3.connectionpool] DEBUG: http://127.0.0.1:14364 "POST /session HTTP/1.1" 200 784
2021-10-26 20:43:57 [selenium.webdriver.remote.remote_connection] DEBUG: Finished Request
2021-10-26 20:43:57 [selenium.webdriver.remote.remote_connection] DEBUG: POST http://127.0.0.1:14364/session/82e52f4bf45decc7bac0db1046199b65/timeouts {"implicit": 1000}
2021-10-26 20:43:57 [urllib3.connectionpool] DEBUG: http://127.0.0.1:14364 "POST /session/82e52f4bf45decc7bac0db1046199b65/timeouts HTTP/1.1" 200 14
2021-10-26 20:43:57 [selenium.webdriver.remote.remote_connection] DEBUG: Finished Request
2021-10-26 20:43:57 [scrapy.middleware] INFO: Enabled downloader middlewares:
['scrapy.downloadermiddlewares.httpauth.HttpAuthMiddleware',
 'scrapy.downloadermiddlewares.downloadtimeout.DownloadTimeoutMiddleware',
 'scrapy.downloadermiddlewares.defaultheaders.DefaultHeadersMiddleware',
 'scrapy.downloadermiddlewares.useragent.UserAgentMiddleware',
 'TextProcessorScrapy.middlewares.RandomUserAgentMiddleware',
 'TextProcessorScrapy.middlewares.TextCrawlDownloaderMiddleware',
 'scrapy.downloadermiddlewares.retry.RetryMiddleware',
 'scrapy.downloadermiddlewares.redirect.MetaRefreshMiddleware',
 'scrapy.downloadermiddlewares.httpcompression.HttpCompressionMiddleware',
 'scrapy.downloadermiddlewares.redirect.RedirectMiddleware',
 'scrapy.downloadermiddlewares.cookies.CookiesMiddleware',
 'scrapy.downloadermiddlewares.httpproxy.HttpProxyMiddleware',
 'scrapy.downloadermiddlewares.stats.DownloaderStats']
2021-10-26 20:43:57 [scrapy.middleware] INFO: Enabled spider middlewares:
['scrapy.spidermiddlewares.httperror.HttpErrorMiddleware',
 'scrapy.spidermiddlewares.offsite.OffsiteMiddleware',
 'scrapy.spidermiddlewares.referer.RefererMiddleware',
 'scrapy.spidermiddlewares.urllength.UrlLengthMiddleware',
 'scrapy.spidermiddlewares.depth.DepthMiddleware']
2021-10-26 20:43:57 [scrapy.middleware] INFO: Enabled item pipelines:
['TextProcessorScrapy.pipelines.BaiduPipeline']
2021-10-26 20:43:57 [scrapy.core.engine] INFO: Spider opened
2021-10-26 20:43:57 [scrapy.extensions.logstats] INFO: Crawled 0 pages (at 0 pages/min), scraped 0 items (at 0 items/min)
2021-10-26 20:43:57 [baidu] INFO: Spider opened: baidu
2021-10-26 20:43:57 [scrapy.extensions.telnet] INFO: Telnet console listening on 127.0.0.1:6025
2021-10-26 20:43:57 [scrapy.crawler] INFO: Overridden settings:
{'BOT_NAME': 'TextProcessorScrapy',
 'COMMANDS_MODULE': 'TextProcessorScrapy.commands',
 'CONCURRENT_REQUESTS': 8,
 'CONCURRENT_REQUESTS_PER_DOMAIN': 32,
 'CONCURRENT_REQUESTS_PER_IP': 128,
 'LOG_FILE': 'log/scrapy_2021_10_26_18.log',
 'NEWSPIDER_MODULE': 'TextProcessorScrapy.spiders',
 'REACTOR_THREADPOOL_MAXSIZE': 20,
 'SPIDER_MODULES': ['TextProcessorScrapy.spiders']}
2021-10-26 20:43:57 [scrapy.extensions.telnet] INFO: Telnet Password: 02f5b0072feac4bf
2021-10-26 20:43:57 [scrapy.middleware] INFO: Enabled extensions:
['scrapy.extensions.corestats.CoreStats',
 'scrapy.extensions.telnet.TelnetConsole',
 'scrapy.extensions.logstats.LogStats']
2021-10-26 20:43:57 [scrapy.middleware] INFO: Enabled downloader middlewares:
['scrapy.downloadermiddlewares.httpauth.HttpAuthMiddleware',
 'scrapy.downloadermiddlewares.downloadtimeout.DownloadTimeoutMiddleware',
 'scrapy.downloadermiddlewares.defaultheaders.DefaultHeadersMiddleware',
 'scrapy.downloadermiddlewares.useragent.UserAgentMiddleware',
 'TextProcessorScrapy.middlewares.RandomUserAgentMiddleware',
 'TextProcessorScrapy.middlewares.TextCrawlDownloaderMiddleware',
 'scrapy.downloadermiddlewares.retry.RetryMiddleware',
 'scrapy.downloadermiddlewares.redirect.MetaRefreshMiddleware',
 'scrapy.downloadermiddlewares.httpcompression.HttpCompressionMiddleware',
 'scrapy.downloadermiddlewares.redirect.RedirectMiddleware',
 'scrapy.downloadermiddlewares.cookies.CookiesMiddleware',
 'scrapy.downloadermiddlewares.httpproxy.HttpProxyMiddleware',
 'scrapy.downloadermiddlewares.stats.DownloaderStats']
2021-10-26 20:43:57 [scrapy.middleware] INFO: Enabled spider middlewares:
['scrapy.spidermiddlewares.httperror.HttpErrorMiddleware',
 'scrapy.spidermiddlewares.offsite.OffsiteMiddleware',
 'scrapy.spidermiddlewares.referer.RefererMiddleware',
 'scrapy.spidermiddlewares.urllength.UrlLengthMiddleware',
 'scrapy.spidermiddlewares.depth.DepthMiddleware']
2021-10-26 20:43:57 [scrapy.middleware] INFO: Enabled item pipelines:
['TextProcessorScrapy.pipelines.TiexuePipeline']
2021-10-26 20:43:57 [scrapy.core.engine] INFO: Spider opened
2021-10-26 20:43:57 [scrapy.extensions.logstats] INFO: Crawled 0 pages (at 0 pages/min), scraped 0 items (at 0 items/min)
2021-10-26 20:43:57 [tiexue] INFO: Spider opened: tiexue
2021-10-26 20:43:57 [scrapy.extensions.telnet] INFO: Telnet console listening on 127.0.0.1:6026
2021-10-26 20:43:57 [scrapy.crawler] INFO: Overridden settings:
{'BOT_NAME': 'TextProcessorScrapy',
 'COMMANDS_MODULE': 'TextProcessorScrapy.commands',
 'CONCURRENT_REQUESTS': 8,
 'CONCURRENT_REQUESTS_PER_DOMAIN': 32,
 'CONCURRENT_REQUESTS_PER_IP': 128,
 'LOG_FILE': 'log/scrapy_2021_10_26_18.log',
 'NEWSPIDER_MODULE': 'TextProcessorScrapy.spiders',
 'REACTOR_THREADPOOL_MAXSIZE': 20,
 'SPIDER_MODULES': ['TextProcessorScrapy.spiders']}
2021-10-26 20:43:57 [scrapy.extensions.telnet] INFO: Telnet Password: 000ee8a076452eb7
2021-10-26 20:43:57 [scrapy.middleware] INFO: Enabled extensions:
['scrapy.extensions.corestats.CoreStats',
 'scrapy.extensions.telnet.TelnetConsole',
 'scrapy.extensions.logstats.LogStats']
2021-10-26 20:43:57 [scrapy.middleware] INFO: Enabled downloader middlewares:
['scrapy.downloadermiddlewares.httpauth.HttpAuthMiddleware',
 'scrapy.downloadermiddlewares.downloadtimeout.DownloadTimeoutMiddleware',
 'scrapy.downloadermiddlewares.defaultheaders.DefaultHeadersMiddleware',
 'scrapy.downloadermiddlewares.useragent.UserAgentMiddleware',
 'TextProcessorScrapy.middlewares.RandomUserAgentMiddleware',
 'TextProcessorScrapy.middlewares.TextCrawlDownloaderMiddleware',
 'scrapy.downloadermiddlewares.retry.RetryMiddleware',
 'scrapy.downloadermiddlewares.redirect.MetaRefreshMiddleware',
 'scrapy.downloadermiddlewares.httpcompression.HttpCompressionMiddleware',
 'scrapy.downloadermiddlewares.redirect.RedirectMiddleware',
 'scrapy.downloadermiddlewares.cookies.CookiesMiddleware',
 'scrapy.downloadermiddlewares.httpproxy.HttpProxyMiddleware',
 'scrapy.downloadermiddlewares.stats.DownloaderStats']
2021-10-26 20:43:57 [scrapy.middleware] INFO: Enabled spider middlewares:
['scrapy.spidermiddlewares.httperror.HttpErrorMiddleware',
 'scrapy.spidermiddlewares.offsite.OffsiteMiddleware',
 'scrapy.spidermiddlewares.referer.RefererMiddleware',
 'scrapy.spidermiddlewares.urllength.UrlLengthMiddleware',
 'scrapy.spidermiddlewares.depth.DepthMiddleware']
2021-10-26 20:43:57 [scrapy.middleware] INFO: Enabled item pipelines:
['TextProcessorScrapy.pipelines.AiaaPipeline']
2021-10-26 20:43:57 [scrapy.core.engine] INFO: Spider opened
2021-10-26 20:43:57 [scrapy.extensions.logstats] INFO: Crawled 0 pages (at 0 pages/min), scraped 0 items (at 0 items/min)
2021-10-26 20:43:57 [aiaa] INFO: Spider opened: aiaa
2021-10-26 20:43:57 [scrapy.extensions.telnet] INFO: Telnet console listening on 127.0.0.1:6027
2021-10-26 20:43:57 [scrapy.crawler] INFO: Overridden settings:
{'BOT_NAME': 'TextProcessorScrapy',
 'COMMANDS_MODULE': 'TextProcessorScrapy.commands',
 'CONCURRENT_REQUESTS': 8,
 'CONCURRENT_REQUESTS_PER_DOMAIN': 32,
 'CONCURRENT_REQUESTS_PER_IP': 128,
 'LOG_FILE': 'log/scrapy_2021_10_26_18.log',
 'NEWSPIDER_MODULE': 'TextProcessorScrapy.spiders',
 'REACTOR_THREADPOOL_MAXSIZE': 20,
 'SPIDER_MODULES': ['TextProcessorScrapy.spiders']}
2021-10-26 20:43:57 [scrapy.extensions.telnet] INFO: Telnet Password: 63dea550215dbc01
2021-10-26 20:43:57 [scrapy.middleware] INFO: Enabled extensions:
['scrapy.extensions.corestats.CoreStats',
 'scrapy.extensions.telnet.TelnetConsole',
 'scrapy.extensions.logstats.LogStats']
2021-10-26 20:43:57 [scrapy.middleware] INFO: Enabled downloader middlewares:
['scrapy.downloadermiddlewares.httpauth.HttpAuthMiddleware',
 'scrapy.downloadermiddlewares.downloadtimeout.DownloadTimeoutMiddleware',
 'scrapy.downloadermiddlewares.defaultheaders.DefaultHeadersMiddleware',
 'scrapy.downloadermiddlewares.useragent.UserAgentMiddleware',
 'TextProcessorScrapy.middlewares.RandomUserAgentMiddleware',
 'TextProcessorScrapy.middlewares.TextCrawlDownloaderMiddleware',
 'scrapy.downloadermiddlewares.retry.RetryMiddleware',
 'scrapy.downloadermiddlewares.redirect.MetaRefreshMiddleware',
 'scrapy.downloadermiddlewares.httpcompression.HttpCompressionMiddleware',
 'scrapy.downloadermiddlewares.redirect.RedirectMiddleware',
 'scrapy.downloadermiddlewares.cookies.CookiesMiddleware',
 'scrapy.downloadermiddlewares.httpproxy.HttpProxyMiddleware',
 'scrapy.downloadermiddlewares.stats.DownloaderStats']
2021-10-26 20:43:57 [scrapy.middleware] INFO: Enabled spider middlewares:
['scrapy.spidermiddlewares.httperror.HttpErrorMiddleware',
 'scrapy.spidermiddlewares.offsite.OffsiteMiddleware',
 'scrapy.spidermiddlewares.referer.RefererMiddleware',
 'scrapy.spidermiddlewares.urllength.UrlLengthMiddleware',
 'scrapy.spidermiddlewares.depth.DepthMiddleware']
2021-10-26 20:43:57 [scrapy.middleware] INFO: Enabled item pipelines:
['TextProcessorScrapy.pipelines.HsNasaPipeline']
2021-10-26 20:43:57 [scrapy.core.engine] INFO: Spider opened
2021-10-26 20:43:57 [scrapy.extensions.logstats] INFO: Crawled 0 pages (at 0 pages/min), scraped 0 items (at 0 items/min)
2021-10-26 20:43:57 [nasa] INFO: Spider opened: nasa
2021-10-26 20:43:57 [scrapy.extensions.telnet] INFO: Telnet console listening on 127.0.0.1:6028
2021-10-26 20:43:57 [scrapy.crawler] INFO: Overridden settings:
{'BOT_NAME': 'TextProcessorScrapy',
 'COMMANDS_MODULE': 'TextProcessorScrapy.commands',
 'CONCURRENT_REQUESTS': 8,
 'CONCURRENT_REQUESTS_PER_DOMAIN': 32,
 'CONCURRENT_REQUESTS_PER_IP': 128,
 'LOG_FILE': 'log/scrapy_2021_10_26_18.log',
 'NEWSPIDER_MODULE': 'TextProcessorScrapy.spiders',
 'REACTOR_THREADPOOL_MAXSIZE': 20,
 'SPIDER_MODULES': ['TextProcessorScrapy.spiders']}
2021-10-26 20:43:57 [scrapy.extensions.telnet] INFO: Telnet Password: 537c9f421fd6bce5
2021-10-26 20:43:57 [scrapy.middleware] INFO: Enabled extensions:
['scrapy.extensions.corestats.CoreStats',
 'scrapy.extensions.telnet.TelnetConsole',
 'scrapy.extensions.logstats.LogStats']
2021-10-26 20:43:57 [scrapy.middleware] INFO: Enabled downloader middlewares:
['scrapy.downloadermiddlewares.httpauth.HttpAuthMiddleware',
 'scrapy.downloadermiddlewares.downloadtimeout.DownloadTimeoutMiddleware',
 'scrapy.downloadermiddlewares.defaultheaders.DefaultHeadersMiddleware',
 'scrapy.downloadermiddlewares.useragent.UserAgentMiddleware',
 'TextProcessorScrapy.middlewares.RandomUserAgentMiddleware',
 'TextProcessorScrapy.middlewares.TextCrawlDownloaderMiddleware',
 'scrapy.downloadermiddlewares.retry.RetryMiddleware',
 'scrapy.downloadermiddlewares.redirect.MetaRefreshMiddleware',
 'scrapy.downloadermiddlewares.httpcompression.HttpCompressionMiddleware',
 'scrapy.downloadermiddlewares.redirect.RedirectMiddleware',
 'scrapy.downloadermiddlewares.cookies.CookiesMiddleware',
 'scrapy.downloadermiddlewares.httpproxy.HttpProxyMiddleware',
 'scrapy.downloadermiddlewares.stats.DownloaderStats']
2021-10-26 20:43:57 [scrapy.middleware] INFO: Enabled spider middlewares:
['scrapy.spidermiddlewares.httperror.HttpErrorMiddleware',
 'scrapy.spidermiddlewares.offsite.OffsiteMiddleware',
 'scrapy.spidermiddlewares.referer.RefererMiddleware',
 'scrapy.spidermiddlewares.urllength.UrlLengthMiddleware',
 'scrapy.spidermiddlewares.depth.DepthMiddleware']
2021-10-26 20:43:57 [scrapy.middleware] INFO: Enabled item pipelines:
['TextProcessorScrapy.pipelines.WikiPipeline']
2021-10-26 20:43:57 [scrapy.core.engine] INFO: Spider opened
2021-10-26 20:43:57 [scrapy.extensions.logstats] INFO: Crawled 0 pages (at 0 pages/min), scraped 0 items (at 0 items/min)
2021-10-26 20:43:57 [wiki] INFO: Spider opened: wiki
2021-10-26 20:43:57 [scrapy.extensions.telnet] INFO: Telnet console listening on 127.0.0.1:6029
2021-10-26 20:43:57 [scrapy.crawler] INFO: Overridden settings:
{'BOT_NAME': 'TextProcessorScrapy',
 'COMMANDS_MODULE': 'TextProcessorScrapy.commands',
 'CONCURRENT_REQUESTS': 8,
 'CONCURRENT_REQUESTS_PER_DOMAIN': 32,
 'CONCURRENT_REQUESTS_PER_IP': 128,
 'LOG_FILE': 'log/scrapy_2021_10_26_18.log',
 'NEWSPIDER_MODULE': 'TextProcessorScrapy.spiders',
 'REACTOR_THREADPOOL_MAXSIZE': 20,
 'SPIDER_MODULES': ['TextProcessorScrapy.spiders']}
2021-10-26 20:43:57 [scrapy.extensions.telnet] INFO: Telnet Password: b7b4b1a8690824cd
2021-10-26 20:43:57 [scrapy.middleware] INFO: Enabled extensions:
['scrapy.extensions.corestats.CoreStats',
 'scrapy.extensions.telnet.TelnetConsole',
 'scrapy.extensions.logstats.LogStats']
2021-10-26 20:43:58 [selenium.webdriver.remote.remote_connection] DEBUG: POST http://127.0.0.1:8632/session {"capabilities": {"firstMatch": [{}], "alwaysMatch": {"browserName": "chrome", "platformName": "any", "goog:chromeOptions": {"prefs": {"profile.default_content_setting_values": {"notifications": 2, "images": 2}}, "extensions": [], "args": ["--headless"]}}}, "desiredCapabilities": {"browserName": "chrome", "version": "", "platform": "ANY", "goog:chromeOptions": {"prefs": {"profile.default_content_setting_values": {"notifications": 2, "images": 2}}, "extensions": [], "args": ["--headless"]}}}
2021-10-26 20:43:58 [urllib3.connectionpool] DEBUG: Starting new HTTP connection (1): 127.0.0.1
2021-10-26 20:43:58 [urllib3.connectionpool] DEBUG: http://127.0.0.1:8632 "POST /session HTTP/1.1" 200 785
2021-10-26 20:43:58 [selenium.webdriver.remote.remote_connection] DEBUG: Finished Request
2021-10-26 20:43:58 [selenium.webdriver.remote.remote_connection] DEBUG: POST http://127.0.0.1:8632/session/a6c32b001cc625d2ca9b70026291a3a1/timeouts {"implicit": 1000}
2021-10-26 20:43:58 [urllib3.connectionpool] DEBUG: http://127.0.0.1:8632 "POST /session/a6c32b001cc625d2ca9b70026291a3a1/timeouts HTTP/1.1" 200 14
2021-10-26 20:43:58 [selenium.webdriver.remote.remote_connection] DEBUG: Finished Request
2021-10-26 20:43:59 [scrapy.middleware] INFO: Enabled downloader middlewares:
['scrapy.downloadermiddlewares.httpauth.HttpAuthMiddleware',
 'scrapy.downloadermiddlewares.downloadtimeout.DownloadTimeoutMiddleware',
 'scrapy.downloadermiddlewares.defaultheaders.DefaultHeadersMiddleware',
 'scrapy.downloadermiddlewares.useragent.UserAgentMiddleware',
 'TextProcessorScrapy.middlewares.RandomUserAgentMiddleware',
 'TextProcessorScrapy.middlewares.TextCrawlDownloaderMiddleware',
 'scrapy.downloadermiddlewares.retry.RetryMiddleware',
 'scrapy.downloadermiddlewares.redirect.MetaRefreshMiddleware',
 'scrapy.downloadermiddlewares.httpcompression.HttpCompressionMiddleware',
 'scrapy.downloadermiddlewares.redirect.RedirectMiddleware',
 'scrapy.downloadermiddlewares.cookies.CookiesMiddleware',
 'scrapy.downloadermiddlewares.httpproxy.HttpProxyMiddleware',
 'scrapy.downloadermiddlewares.stats.DownloaderStats']
2021-10-26 20:43:59 [scrapy.middleware] INFO: Enabled spider middlewares:
['scrapy.spidermiddlewares.httperror.HttpErrorMiddleware',
 'scrapy.spidermiddlewares.offsite.OffsiteMiddleware',
 'scrapy.spidermiddlewares.referer.RefererMiddleware',
 'scrapy.spidermiddlewares.urllength.UrlLengthMiddleware',
 'scrapy.spidermiddlewares.depth.DepthMiddleware']
2021-10-26 20:43:59 [scrapy.middleware] INFO: Enabled item pipelines:
['TextProcessorScrapy.pipelines.BaiduPipeline']
2021-10-26 20:43:59 [scrapy.core.engine] INFO: Spider opened
2021-10-26 20:43:59 [scrapy.extensions.logstats] INFO: Crawled 0 pages (at 0 pages/min), scraped 0 items (at 0 items/min)
2021-10-26 20:43:59 [baidu] INFO: Spider opened: baidu
2021-10-26 20:43:59 [scrapy.extensions.telnet] INFO: Telnet console listening on 127.0.0.1:6030
2021-10-26 20:43:59 [scrapy.crawler] INFO: Overridden settings:
{'BOT_NAME': 'TextProcessorScrapy',
 'COMMANDS_MODULE': 'TextProcessorScrapy.commands',
 'CONCURRENT_REQUESTS': 8,
 'CONCURRENT_REQUESTS_PER_DOMAIN': 32,
 'CONCURRENT_REQUESTS_PER_IP': 128,
 'LOG_FILE': 'log/scrapy_2021_10_26_18.log',
 'NEWSPIDER_MODULE': 'TextProcessorScrapy.spiders',
 'REACTOR_THREADPOOL_MAXSIZE': 20,
 'SPIDER_MODULES': ['TextProcessorScrapy.spiders']}
2021-10-26 20:43:59 [scrapy.extensions.telnet] INFO: Telnet Password: 2a20d9ab5445196d
2021-10-26 20:43:59 [scrapy.middleware] INFO: Enabled extensions:
['scrapy.extensions.corestats.CoreStats',
 'scrapy.extensions.telnet.TelnetConsole',
 'scrapy.extensions.logstats.LogStats']
2021-10-26 20:43:59 [scrapy.middleware] INFO: Enabled downloader middlewares:
['scrapy.downloadermiddlewares.httpauth.HttpAuthMiddleware',
 'scrapy.downloadermiddlewares.downloadtimeout.DownloadTimeoutMiddleware',
 'scrapy.downloadermiddlewares.defaultheaders.DefaultHeadersMiddleware',
 'scrapy.downloadermiddlewares.useragent.UserAgentMiddleware',
 'TextProcessorScrapy.middlewares.RandomUserAgentMiddleware',
 'TextProcessorScrapy.middlewares.TextCrawlDownloaderMiddleware',
 'scrapy.downloadermiddlewares.retry.RetryMiddleware',
 'scrapy.downloadermiddlewares.redirect.MetaRefreshMiddleware',
 'scrapy.downloadermiddlewares.httpcompression.HttpCompressionMiddleware',
 'scrapy.downloadermiddlewares.redirect.RedirectMiddleware',
 'scrapy.downloadermiddlewares.cookies.CookiesMiddleware',
 'scrapy.downloadermiddlewares.httpproxy.HttpProxyMiddleware',
 'scrapy.downloadermiddlewares.stats.DownloaderStats']
2021-10-26 20:43:59 [scrapy.middleware] INFO: Enabled spider middlewares:
['scrapy.spidermiddlewares.httperror.HttpErrorMiddleware',
 'scrapy.spidermiddlewares.offsite.OffsiteMiddleware',
 'scrapy.spidermiddlewares.referer.RefererMiddleware',
 'scrapy.spidermiddlewares.urllength.UrlLengthMiddleware',
 'scrapy.spidermiddlewares.depth.DepthMiddleware']
2021-10-26 20:43:59 [scrapy.middleware] INFO: Enabled item pipelines:
['TextProcessorScrapy.pipelines.TiexuePipeline']
2021-10-26 20:43:59 [scrapy.core.engine] INFO: Spider opened
2021-10-26 20:43:59 [scrapy.extensions.logstats] INFO: Crawled 0 pages (at 0 pages/min), scraped 0 items (at 0 items/min)
2021-10-26 20:43:59 [tiexue] INFO: Spider opened: tiexue
2021-10-26 20:43:59 [scrapy.extensions.telnet] INFO: Telnet console listening on 127.0.0.1:6031
2021-10-26 20:43:59 [scrapy.crawler] INFO: Overridden settings:
{'BOT_NAME': 'TextProcessorScrapy',
 'COMMANDS_MODULE': 'TextProcessorScrapy.commands',
 'CONCURRENT_REQUESTS': 8,
 'CONCURRENT_REQUESTS_PER_DOMAIN': 32,
 'CONCURRENT_REQUESTS_PER_IP': 128,
 'LOG_FILE': 'log/scrapy_2021_10_26_18.log',
 'NEWSPIDER_MODULE': 'TextProcessorScrapy.spiders',
 'REACTOR_THREADPOOL_MAXSIZE': 20,
 'SPIDER_MODULES': ['TextProcessorScrapy.spiders']}
2021-10-26 20:43:59 [scrapy.extensions.telnet] INFO: Telnet Password: 3604ae76421fb402
2021-10-26 20:43:59 [scrapy.middleware] INFO: Enabled extensions:
['scrapy.extensions.corestats.CoreStats',
 'scrapy.extensions.telnet.TelnetConsole',
 'scrapy.extensions.logstats.LogStats']
2021-10-26 20:43:59 [scrapy.middleware] INFO: Enabled downloader middlewares:
['scrapy.downloadermiddlewares.httpauth.HttpAuthMiddleware',
 'scrapy.downloadermiddlewares.downloadtimeout.DownloadTimeoutMiddleware',
 'scrapy.downloadermiddlewares.defaultheaders.DefaultHeadersMiddleware',
 'scrapy.downloadermiddlewares.useragent.UserAgentMiddleware',
 'TextProcessorScrapy.middlewares.RandomUserAgentMiddleware',
 'TextProcessorScrapy.middlewares.TextCrawlDownloaderMiddleware',
 'scrapy.downloadermiddlewares.retry.RetryMiddleware',
 'scrapy.downloadermiddlewares.redirect.MetaRefreshMiddleware',
 'scrapy.downloadermiddlewares.httpcompression.HttpCompressionMiddleware',
 'scrapy.downloadermiddlewares.redirect.RedirectMiddleware',
 'scrapy.downloadermiddlewares.cookies.CookiesMiddleware',
 'scrapy.downloadermiddlewares.httpproxy.HttpProxyMiddleware',
 'scrapy.downloadermiddlewares.stats.DownloaderStats']
2021-10-26 20:43:59 [scrapy.middleware] INFO: Enabled spider middlewares:
['scrapy.spidermiddlewares.httperror.HttpErrorMiddleware',
 'scrapy.spidermiddlewares.offsite.OffsiteMiddleware',
 'scrapy.spidermiddlewares.referer.RefererMiddleware',
 'scrapy.spidermiddlewares.urllength.UrlLengthMiddleware',
 'scrapy.spidermiddlewares.depth.DepthMiddleware']
2021-10-26 20:43:59 [scrapy.middleware] INFO: Enabled item pipelines:
['TextProcessorScrapy.pipelines.AiaaPipeline']
2021-10-26 20:43:59 [scrapy.core.engine] INFO: Spider opened
2021-10-26 20:43:59 [scrapy.extensions.logstats] INFO: Crawled 0 pages (at 0 pages/min), scraped 0 items (at 0 items/min)
2021-10-26 20:43:59 [aiaa] INFO: Spider opened: aiaa
2021-10-26 20:43:59 [scrapy.extensions.telnet] INFO: Telnet console listening on 127.0.0.1:6032
2021-10-26 20:43:59 [TextProcessorScrapy.spiders.Aiaa] INFO: Aiaa Spider Starting!
2021-10-26 20:43:59 [TextProcessorScrapy.spiders.Aiaa] INFO: Aiaa Spider Starting!
2021-10-26 20:44:10 [root] INFO: crawler1 ten seconds http interact :0
2021-10-26 20:45:11 [scrapy.extensions.logstats] INFO: Crawled 0 pages (at 0 pages/min), scraped 0 items (at 0 items/min)
2021-10-26 20:45:11 [scrapy.extensions.logstats] INFO: Crawled 0 pages (at 0 pages/min), scraped 0 items (at 0 items/min)
2021-10-26 20:45:11 [scrapy.extensions.logstats] INFO: Crawled 0 pages (at 0 pages/min), scraped 0 items (at 0 items/min)
2021-10-26 20:45:11 [scrapy.extensions.logstats] INFO: Crawled 0 pages (at 0 pages/min), scraped 0 items (at 0 items/min)
2021-10-26 20:45:11 [scrapy.extensions.logstats] INFO: Crawled 0 pages (at 0 pages/min), scraped 0 items (at 0 items/min)
2021-10-26 20:45:11 [scrapy.extensions.logstats] INFO: Crawled 0 pages (at 0 pages/min), scraped 0 items (at 0 items/min)
2021-10-26 20:45:11 [scrapy.extensions.logstats] INFO: Crawled 0 pages (at 0 pages/min), scraped 0 items (at 0 items/min)
2021-10-26 20:45:11 [scrapy.extensions.logstats] INFO: Crawled 0 pages (at 0 pages/min), scraped 0 items (at 0 items/min)
2021-10-26 20:45:11 [scrapy.extensions.logstats] INFO: Crawled 0 pages (at 0 pages/min), scraped 0 items (at 0 items/min)
2021-10-26 20:45:11 [scrapy.extensions.logstats] INFO: Crawled 0 pages (at 0 pages/min), scraped 0 items (at 0 items/min)
2021-10-26 20:45:12 [scrapy.downloadermiddlewares.retry] DEBUG: Retrying <GET https://baidu.com/baidu?word=%E6%9E%AA%E6%A6%B4%E5%BC%B9&tn=bds&cl=3&ct=2097152&si=tiexue.net&s=on> (failed 1 times): [<twisted.python.failure.Failure twisted.internet.error.ConnectionLost: Connection to the other side was lost in a non-clean fashion: Connection lost.>]
2021-10-26 20:45:12 [scrapy.downloadermiddlewares.redirect] DEBUG: Redirecting (301) to <GET https://arc.aiaa.org/action/doSearch?AllField=%E6%9E%AA%E6%A6%B4%E5%BC%B9&sortBy=Earliest&startPage=0&pageSize=20&> from <GET http://arc.aiaa.org/action/doSearch?AllField=%E6%9E%AA%E6%A6%B4%E5%BC%B9&sortBy=Earliest&startPage=0&pageSize=20&>
2021-10-26 20:45:12 [scrapy.downloadermiddlewares.redirect] DEBUG: Redirecting (301) to <GET https://arc.aiaa.org/action/doSearch?AllField=%E8%88%AA%E7%A9%BA%E6%AF%8D%E8%88%B0&sortBy=Earliest&startPage=0&pageSize=20&> from <GET http://arc.aiaa.org/action/doSearch?AllField=%E8%88%AA%E7%A9%BA%E6%AF%8D%E8%88%B0&sortBy=Earliest&startPage=0&pageSize=20&>
2021-10-26 20:45:12 [scrapy.core.engine] DEBUG: Crawled (200) <GET https://en.wikipedia.org/w/index.php?title=Special:Search&limit=20&offset=0&profile=default&search=%E8%88%AA%E7%A9%BA%E6%AF%8D%E8%88%B0&ns0=1> (referer: None)
2021-10-26 20:45:12 [scrapy.downloadermiddlewares.retry] DEBUG: Retrying <GET https://baidu.com/baidu?word=%E6%9E%AA%E6%A6%B4%E5%BC%B9&tn=bds&cl=3&ct=2097152&si=tiexue.net&s=on> (failed 2 times): [<twisted.python.failure.Failure twisted.internet.error.ConnectionLost: Connection to the other side was lost in a non-clean fashion: Connection lost.>]
