2021-07-23 20:04:20 [scrapy.utils.log] INFO: Scrapy 2.5.0 started (bot: TextProcessorScrapy)
2021-07-23 20:04:20 [scrapy.utils.log] INFO: Versions: lxml 4.6.3.0, libxml2 2.9.5, cssselect 1.1.0, parsel 1.6.0, w3lib 1.22.0, Twisted 21.2.0, Python 3.7.9 (default, Aug 31 2020, 17:10:11) [MSC v.1916 64 bit (AMD64)], pyOpenSSL 20.0.1 (OpenSSL 1.1.1k  25 Mar 2021), cryptography 3.4.7, Platform Windows-10-10.0.19041-SP0
2021-07-23 20:04:20 [scrapy.utils.log] DEBUG: Using reactor: twisted.internet.selectreactor.SelectReactor
2021-07-23 20:04:20 [scrapy.crawler] INFO: Overridden settings:
{'BOT_NAME': 'TextProcessorScrapy',
 'CONCURRENT_REQUESTS': 1,
 'CONCURRENT_REQUESTS_PER_DOMAIN': 32,
 'CONCURRENT_REQUESTS_PER_IP': 128,
 'COOKIES_ENABLED': False,
 'DOWNLOAD_DELAY': 2,
 'LOG_FILE': '../log/scrapy_2021_7_23_57.log',
 'NEWSPIDER_MODULE': 'TextProcessorScrapy.spiders',
 'REACTOR_THREADPOOL_MAXSIZE': 20,
 'REDIRECT_ENABLED': False,
 'SPIDER_MODULES': ['TextProcessorScrapy.spiders']}
2021-07-23 20:04:20 [scrapy.extensions.telnet] INFO: Telnet Password: 9fde661c52f59ec2
2021-07-23 20:04:20 [scrapy.middleware] INFO: Enabled extensions:
['scrapy.extensions.corestats.CoreStats',
 'scrapy.extensions.telnet.TelnetConsole',
 'scrapy.extensions.logstats.LogStats']
2021-07-23 20:04:21 [scrapy.middleware] INFO: Enabled downloader middlewares:
['scrapy.downloadermiddlewares.httpauth.HttpAuthMiddleware',
 'scrapy.downloadermiddlewares.downloadtimeout.DownloadTimeoutMiddleware',
 'scrapy.downloadermiddlewares.defaultheaders.DefaultHeadersMiddleware',
 'scrapy.downloadermiddlewares.useragent.UserAgentMiddleware',
 'TextProcessorScrapy.middlewares.RandomUserAgentMiddleware',
 'TextProcessorScrapy.middlewares.HsNasaDownloaderMiddleware',
 'scrapy.downloadermiddlewares.retry.RetryMiddleware',
 'scrapy.downloadermiddlewares.redirect.MetaRefreshMiddleware',
 'scrapy.downloadermiddlewares.httpcompression.HttpCompressionMiddleware',
 'scrapy.downloadermiddlewares.httpproxy.HttpProxyMiddleware',
 'scrapy.downloadermiddlewares.stats.DownloaderStats']
2021-07-23 20:04:21 [scrapy.middleware] INFO: Enabled spider middlewares:
['scrapy.spidermiddlewares.httperror.HttpErrorMiddleware',
 'scrapy.spidermiddlewares.offsite.OffsiteMiddleware',
 'scrapy.spidermiddlewares.referer.RefererMiddleware',
 'scrapy.spidermiddlewares.urllength.UrlLengthMiddleware',
 'scrapy.spidermiddlewares.depth.DepthMiddleware']
2021-07-23 20:04:21 [TextProcessorScrapy.utils.utils] WARNING: Table data_nasa existed!
2021-07-23 20:04:21 [scrapy.middleware] INFO: Enabled item pipelines:
['TextProcessorScrapy.pipelines.HsNasaPipeline']
2021-07-23 20:04:21 [scrapy.core.engine] INFO: Spider opened
2021-07-23 20:04:21 [scrapy.extensions.logstats] INFO: Crawled 0 pages (at 0 pages/min), scraped 0 items (at 0 items/min)
2021-07-23 20:04:21 [NASA] INFO: Spider opened: NASA
2021-07-23 20:04:21 [scrapy.extensions.telnet] INFO: Telnet console listening on 127.0.0.1:6023
2021-07-23 20:04:21 [scrapy.crawler] INFO: Overridden settings:
{'BOT_NAME': 'TextProcessorScrapy',
 'CONCURRENT_REQUESTS': 2,
 'CONCURRENT_REQUESTS_PER_DOMAIN': 32,
 'CONCURRENT_REQUESTS_PER_IP': 128,
 'COOKIES_ENABLED': False,
 'DOWNLOAD_DELAY': 2,
 'LOG_FILE': '../log/scrapy_2021_7_23_57.log',
 'NEWSPIDER_MODULE': 'TextProcessorScrapy.spiders',
 'REACTOR_THREADPOOL_MAXSIZE': 20,
 'REDIRECT_ENABLED': False,
 'SPIDER_MODULES': ['TextProcessorScrapy.spiders']}
2021-07-23 20:04:21 [scrapy.extensions.telnet] INFO: Telnet Password: 5d13f27b7b4aeb97
2021-07-23 20:04:21 [scrapy.middleware] INFO: Enabled extensions:
['scrapy.extensions.corestats.CoreStats',
 'scrapy.extensions.telnet.TelnetConsole',
 'scrapy.extensions.logstats.LogStats']
2021-07-23 20:04:21 [scrapy.middleware] INFO: Enabled downloader middlewares:
['scrapy.downloadermiddlewares.httpauth.HttpAuthMiddleware',
 'scrapy.downloadermiddlewares.downloadtimeout.DownloadTimeoutMiddleware',
 'scrapy.downloadermiddlewares.defaultheaders.DefaultHeadersMiddleware',
 'scrapy.downloadermiddlewares.useragent.UserAgentMiddleware',
 'TextProcessorScrapy.middlewares.RandomUserAgentMiddleware',
 'TextProcessorScrapy.middlewares.HsNasaDownloaderMiddleware',
 'scrapy.downloadermiddlewares.retry.RetryMiddleware',
 'scrapy.downloadermiddlewares.redirect.MetaRefreshMiddleware',
 'scrapy.downloadermiddlewares.httpcompression.HttpCompressionMiddleware',
 'scrapy.downloadermiddlewares.httpproxy.HttpProxyMiddleware',
 'scrapy.downloadermiddlewares.stats.DownloaderStats']
2021-07-23 20:04:21 [scrapy.middleware] INFO: Enabled spider middlewares:
['scrapy.spidermiddlewares.httperror.HttpErrorMiddleware',
 'scrapy.spidermiddlewares.offsite.OffsiteMiddleware',
 'scrapy.spidermiddlewares.referer.RefererMiddleware',
 'scrapy.spidermiddlewares.urllength.UrlLengthMiddleware',
 'scrapy.spidermiddlewares.depth.DepthMiddleware']
2021-07-23 20:04:21 [scrapy.middleware] INFO: Enabled item pipelines:
['TextProcessorScrapy.pipelines.TwitterPipeline']
2021-07-23 20:04:21 [scrapy.core.engine] INFO: Spider opened
2021-07-23 20:04:21 [scrapy.extensions.logstats] INFO: Crawled 0 pages (at 0 pages/min), scraped 0 items (at 0 items/min)
2021-07-23 20:04:21 [twitter] INFO: Spider opened: twitter
2021-07-23 20:04:21 [scrapy.extensions.telnet] INFO: Telnet console listening on 127.0.0.1:6024
2021-07-23 20:04:21 [scrapy.crawler] INFO: Overridden settings:
{'BOT_NAME': 'TextProcessorScrapy',
 'CONCURRENT_REQUESTS': 1,
 'CONCURRENT_REQUESTS_PER_DOMAIN': 32,
 'CONCURRENT_REQUESTS_PER_IP': 128,
 'COOKIES_ENABLED': False,
 'DOWNLOAD_DELAY': 2,
 'LOG_FILE': '../log/scrapy_2021_7_23_57.log',
 'NEWSPIDER_MODULE': 'TextProcessorScrapy.spiders',
 'REACTOR_THREADPOOL_MAXSIZE': 20,
 'REDIRECT_ENABLED': False,
 'SPIDER_MODULES': ['TextProcessorScrapy.spiders']}
2021-07-23 20:04:21 [scrapy.extensions.telnet] INFO: Telnet Password: 00c9b7d5bdd5ffb1
2021-07-23 20:04:21 [scrapy.middleware] INFO: Enabled extensions:
['scrapy.extensions.corestats.CoreStats',
 'scrapy.extensions.telnet.TelnetConsole',
 'scrapy.extensions.logstats.LogStats']
2021-07-23 20:04:21 [selenium.webdriver.remote.remote_connection] DEBUG: POST http://127.0.0.1:6581/session {"capabilities": {"firstMatch": [{}], "alwaysMatch": {"browserName": "chrome", "platformName": "any", "goog:chromeOptions": {"prefs": {"profile.default_content_setting_values": {"notifications": 2, "images": 2}}, "extensions": [], "args": ["--headless"]}}}, "desiredCapabilities": {"browserName": "chrome", "version": "", "platform": "ANY", "goog:chromeOptions": {"prefs": {"profile.default_content_setting_values": {"notifications": 2, "images": 2}}, "extensions": [], "args": ["--headless"]}}}
2021-07-23 20:04:21 [urllib3.connectionpool] DEBUG: Starting new HTTP connection (1): 127.0.0.1:6581
2021-07-23 20:04:22 [urllib3.connectionpool] DEBUG: http://127.0.0.1:6581 "POST /session HTTP/1.1" 200 753
2021-07-23 20:04:22 [selenium.webdriver.remote.remote_connection] DEBUG: Finished Request
2021-07-23 20:04:22 [selenium.webdriver.remote.remote_connection] DEBUG: POST http://127.0.0.1:6581/session/55e3864ec62b73366860dbdd5c86a888/timeouts {"implicit": 10000}
2021-07-23 20:04:22 [urllib3.connectionpool] DEBUG: http://127.0.0.1:6581 "POST /session/55e3864ec62b73366860dbdd5c86a888/timeouts HTTP/1.1" 200 14
2021-07-23 20:04:22 [selenium.webdriver.remote.remote_connection] DEBUG: Finished Request
2021-07-23 20:04:22 [scrapy.middleware] INFO: Enabled downloader middlewares:
['scrapy.downloadermiddlewares.httpauth.HttpAuthMiddleware',
 'scrapy.downloadermiddlewares.downloadtimeout.DownloadTimeoutMiddleware',
 'scrapy.downloadermiddlewares.defaultheaders.DefaultHeadersMiddleware',
 'scrapy.downloadermiddlewares.useragent.UserAgentMiddleware',
 'TextProcessorScrapy.middlewares.RandomUserAgentMiddleware',
 'TextProcessorScrapy.middlewares.HsNasaDownloaderMiddleware',
 'scrapy.downloadermiddlewares.retry.RetryMiddleware',
 'scrapy.downloadermiddlewares.redirect.MetaRefreshMiddleware',
 'scrapy.downloadermiddlewares.httpcompression.HttpCompressionMiddleware',
 'scrapy.downloadermiddlewares.httpproxy.HttpProxyMiddleware',
 'scrapy.downloadermiddlewares.stats.DownloaderStats']
2021-07-23 20:04:22 [scrapy.middleware] INFO: Enabled spider middlewares:
['scrapy.spidermiddlewares.httperror.HttpErrorMiddleware',
 'scrapy.spidermiddlewares.offsite.OffsiteMiddleware',
 'scrapy.spidermiddlewares.referer.RefererMiddleware',
 'scrapy.spidermiddlewares.urllength.UrlLengthMiddleware',
 'scrapy.spidermiddlewares.depth.DepthMiddleware']
2021-07-23 20:04:22 [TextProcessorScrapy.utils.utils] WARNING: Table data_facebook existed!
2021-07-23 20:04:22 [scrapy.middleware] INFO: Enabled item pipelines:
['TextProcessorScrapy.pipelines.FacebookPipeline']
2021-07-23 20:04:22 [scrapy.core.engine] INFO: Spider opened
2021-07-23 20:04:22 [scrapy.extensions.logstats] INFO: Crawled 0 pages (at 0 pages/min), scraped 0 items (at 0 items/min)
2021-07-23 20:04:22 [facebook] INFO: Spider opened: facebook
2021-07-23 20:04:22 [scrapy.extensions.telnet] INFO: Telnet console listening on 127.0.0.1:6025
2021-07-23 20:04:22 [scrapy.crawler] INFO: Overridden settings:
{'BOT_NAME': 'TextProcessorScrapy',
 'CONCURRENT_REQUESTS': 1,
 'CONCURRENT_REQUESTS_PER_DOMAIN': 32,
 'CONCURRENT_REQUESTS_PER_IP': 128,
 'COOKIES_ENABLED': False,
 'DOWNLOAD_DELAY': 2,
 'LOG_FILE': '../log/scrapy_2021_7_23_57.log',
 'NEWSPIDER_MODULE': 'TextProcessorScrapy.spiders',
 'REACTOR_THREADPOOL_MAXSIZE': 20,
 'REDIRECT_ENABLED': False,
 'SPIDER_MODULES': ['TextProcessorScrapy.spiders']}
2021-07-23 20:04:22 [scrapy.extensions.telnet] INFO: Telnet Password: 725569fe2c8d172e
2021-07-23 20:04:22 [scrapy.middleware] INFO: Enabled extensions:
['scrapy.extensions.corestats.CoreStats',
 'scrapy.extensions.telnet.TelnetConsole',
 'scrapy.extensions.logstats.LogStats']
2021-07-23 20:04:22 [scrapy.middleware] INFO: Enabled downloader middlewares:
['scrapy.downloadermiddlewares.httpauth.HttpAuthMiddleware',
 'scrapy.downloadermiddlewares.downloadtimeout.DownloadTimeoutMiddleware',
 'scrapy.downloadermiddlewares.defaultheaders.DefaultHeadersMiddleware',
 'scrapy.downloadermiddlewares.useragent.UserAgentMiddleware',
 'TextProcessorScrapy.middlewares.RandomUserAgentMiddleware',
 'TextProcessorScrapy.middlewares.HsNasaDownloaderMiddleware',
 'scrapy.downloadermiddlewares.retry.RetryMiddleware',
 'scrapy.downloadermiddlewares.redirect.MetaRefreshMiddleware',
 'scrapy.downloadermiddlewares.httpcompression.HttpCompressionMiddleware',
 'scrapy.downloadermiddlewares.httpproxy.HttpProxyMiddleware',
 'scrapy.downloadermiddlewares.stats.DownloaderStats']
2021-07-23 20:04:22 [scrapy.middleware] INFO: Enabled spider middlewares:
['scrapy.spidermiddlewares.httperror.HttpErrorMiddleware',
 'scrapy.spidermiddlewares.offsite.OffsiteMiddleware',
 'scrapy.spidermiddlewares.referer.RefererMiddleware',
 'scrapy.spidermiddlewares.urllength.UrlLengthMiddleware',
 'scrapy.spidermiddlewares.depth.DepthMiddleware']
2021-07-23 20:04:22 [TextProcessorScrapy.utils.utils] WARNING: Table data_aiaa existed!
2021-07-23 20:04:22 [scrapy.middleware] INFO: Enabled item pipelines:
['TextProcessorScrapy.pipelines.AiaaPipeline']
2021-07-23 20:04:22 [scrapy.core.engine] INFO: Spider opened
2021-07-23 20:04:22 [scrapy.extensions.logstats] INFO: Crawled 0 pages (at 0 pages/min), scraped 0 items (at 0 items/min)
2021-07-23 20:04:22 [aiaa] INFO: Spider opened: aiaa
2021-07-23 20:04:22 [scrapy.extensions.telnet] INFO: Telnet console listening on 127.0.0.1:6026
2021-07-23 20:04:32 [scrapy.core.engine] DEBUG: Crawled (302) <GET https://www.facebook.com/search/posts/?q=t> (referer: None)
2021-07-23 20:04:32 [utils.utils] INFO: Facebook Spider starting!
2021-07-23 20:04:32 [selenium.webdriver.remote.remote_connection] DEBUG: POST http://127.0.0.1:6581/session/55e3864ec62b73366860dbdd5c86a888/url {"url": "https://www.facebook.com/"}
2021-07-23 20:04:33 [urllib3.connectionpool] DEBUG: http://127.0.0.1:6581 "POST /session/55e3864ec62b73366860dbdd5c86a888/url HTTP/1.1" 200 14
2021-07-23 20:04:33 [selenium.webdriver.remote.remote_connection] DEBUG: Finished Request
2021-07-23 20:04:33 [selenium.webdriver.remote.remote_connection] DEBUG: POST http://127.0.0.1:6581/session/55e3864ec62b73366860dbdd5c86a888/element {"using": "css selector", "value": "[id=\"email\"]"}
2021-07-23 20:04:33 [urllib3.connectionpool] DEBUG: http://127.0.0.1:6581 "POST /session/55e3864ec62b73366860dbdd5c86a888/element HTTP/1.1" 200 88
2021-07-23 20:04:33 [selenium.webdriver.remote.remote_connection] DEBUG: Finished Request
2021-07-23 20:04:33 [selenium.webdriver.remote.remote_connection] DEBUG: POST http://127.0.0.1:6581/session/55e3864ec62b73366860dbdd5c86a888/element/9d6515fb-4bd2-4e9c-8204-791750eccf72/clear {"id": "9d6515fb-4bd2-4e9c-8204-791750eccf72"}
2021-07-23 20:04:33 [urllib3.connectionpool] DEBUG: http://127.0.0.1:6581 "POST /session/55e3864ec62b73366860dbdd5c86a888/element/9d6515fb-4bd2-4e9c-8204-791750eccf72/clear HTTP/1.1" 200 14
2021-07-23 20:04:33 [selenium.webdriver.remote.remote_connection] DEBUG: Finished Request
2021-07-23 20:04:33 [selenium.webdriver.remote.remote_connection] DEBUG: POST http://127.0.0.1:6581/session/55e3864ec62b73366860dbdd5c86a888/element {"using": "css selector", "value": "[id=\"email\"]"}
2021-07-23 20:04:33 [urllib3.connectionpool] DEBUG: http://127.0.0.1:6581 "POST /session/55e3864ec62b73366860dbdd5c86a888/element HTTP/1.1" 200 88
2021-07-23 20:04:33 [selenium.webdriver.remote.remote_connection] DEBUG: Finished Request
2021-07-23 20:04:33 [selenium.webdriver.remote.remote_connection] DEBUG: POST http://127.0.0.1:6581/session/55e3864ec62b73366860dbdd5c86a888/element/9d6515fb-4bd2-4e9c-8204-791750eccf72/value {"text": "liuleyuan0114@qq.com", "value": ["l", "i", "u", "l", "e", "y", "u", "a", "n", "0", "1", "1", "4", "@", "q", "q", ".", "c", "o", "m"], "id": "9d6515fb-4bd2-4e9c-8204-791750eccf72"}
2021-07-23 20:04:33 [urllib3.connectionpool] DEBUG: http://127.0.0.1:6581 "POST /session/55e3864ec62b73366860dbdd5c86a888/element/9d6515fb-4bd2-4e9c-8204-791750eccf72/value HTTP/1.1" 200 14
2021-07-23 20:04:33 [selenium.webdriver.remote.remote_connection] DEBUG: Finished Request
2021-07-23 20:04:33 [selenium.webdriver.remote.remote_connection] DEBUG: POST http://127.0.0.1:6581/session/55e3864ec62b73366860dbdd5c86a888/element {"using": "css selector", "value": "[id=\"pass\"]"}
2021-07-23 20:04:33 [urllib3.connectionpool] DEBUG: http://127.0.0.1:6581 "POST /session/55e3864ec62b73366860dbdd5c86a888/element HTTP/1.1" 200 88
2021-07-23 20:04:33 [selenium.webdriver.remote.remote_connection] DEBUG: Finished Request
2021-07-23 20:04:33 [selenium.webdriver.remote.remote_connection] DEBUG: POST http://127.0.0.1:6581/session/55e3864ec62b73366860dbdd5c86a888/element/c5275aed-bdcf-4c73-8e65-566f569d77eb/clear {"id": "c5275aed-bdcf-4c73-8e65-566f569d77eb"}
2021-07-23 20:04:33 [urllib3.connectionpool] DEBUG: http://127.0.0.1:6581 "POST /session/55e3864ec62b73366860dbdd5c86a888/element/c5275aed-bdcf-4c73-8e65-566f569d77eb/clear HTTP/1.1" 200 14
2021-07-23 20:04:33 [selenium.webdriver.remote.remote_connection] DEBUG: Finished Request
2021-07-23 20:04:33 [selenium.webdriver.remote.remote_connection] DEBUG: POST http://127.0.0.1:6581/session/55e3864ec62b73366860dbdd5c86a888/element {"using": "css selector", "value": "[id=\"pass\"]"}
2021-07-23 20:04:33 [urllib3.connectionpool] DEBUG: http://127.0.0.1:6581 "POST /session/55e3864ec62b73366860dbdd5c86a888/element HTTP/1.1" 200 88
2021-07-23 20:04:33 [selenium.webdriver.remote.remote_connection] DEBUG: Finished Request
2021-07-23 20:04:33 [selenium.webdriver.remote.remote_connection] DEBUG: POST http://127.0.0.1:6581/session/55e3864ec62b73366860dbdd5c86a888/element/c5275aed-bdcf-4c73-8e65-566f569d77eb/value {"text": "zxcvbnm1234", "value": ["z", "x", "c", "v", "b", "n", "m", "1", "2", "3", "4"], "id": "c5275aed-bdcf-4c73-8e65-566f569d77eb"}
2021-07-23 20:04:34 [urllib3.connectionpool] DEBUG: http://127.0.0.1:6581 "POST /session/55e3864ec62b73366860dbdd5c86a888/element/c5275aed-bdcf-4c73-8e65-566f569d77eb/value HTTP/1.1" 200 14
2021-07-23 20:04:34 [selenium.webdriver.remote.remote_connection] DEBUG: Finished Request
2021-07-23 20:04:34 [selenium.webdriver.remote.remote_connection] DEBUG: POST http://127.0.0.1:6581/session/55e3864ec62b73366860dbdd5c86a888/element {"using": "xpath", "value": "//button[contains(@id,'u_0_d_')]"}
2021-07-23 20:04:34 [urllib3.connectionpool] DEBUG: http://127.0.0.1:6581 "POST /session/55e3864ec62b73366860dbdd5c86a888/element HTTP/1.1" 200 88
2021-07-23 20:04:34 [selenium.webdriver.remote.remote_connection] DEBUG: Finished Request
2021-07-23 20:04:34 [selenium.webdriver.remote.remote_connection] DEBUG: POST http://127.0.0.1:6581/session/55e3864ec62b73366860dbdd5c86a888/element/9b0b2990-41bf-453a-9a44-92d309eb6f58/value {"text": "\ue007", "value": ["\ue007"], "id": "9b0b2990-41bf-453a-9a44-92d309eb6f58"}
2021-07-23 20:04:34 [urllib3.connectionpool] DEBUG: http://127.0.0.1:6581 "POST /session/55e3864ec62b73366860dbdd5c86a888/element/9b0b2990-41bf-453a-9a44-92d309eb6f58/value HTTP/1.1" 200 14
2021-07-23 20:04:34 [selenium.webdriver.remote.remote_connection] DEBUG: Finished Request
2021-07-23 20:04:39 [selenium.webdriver.remote.remote_connection] DEBUG: POST http://127.0.0.1:6581/session/55e3864ec62b73366860dbdd5c86a888/url {"url": "https://www.facebook.com/search/posts/?q=t"}
2021-07-23 20:04:41 [urllib3.connectionpool] DEBUG: http://127.0.0.1:6581 "POST /session/55e3864ec62b73366860dbdd5c86a888/url HTTP/1.1" 200 14
2021-07-23 20:04:41 [selenium.webdriver.remote.remote_connection] DEBUG: Finished Request
2021-07-23 20:04:41 [selenium.webdriver.remote.remote_connection] DEBUG: POST http://127.0.0.1:6581/session/55e3864ec62b73366860dbdd5c86a888/execute/sync {"script": "return action=document.body.scrollHeight", "args": []}
2021-07-23 20:04:41 [urllib3.connectionpool] DEBUG: http://127.0.0.1:6581 "POST /session/55e3864ec62b73366860dbdd5c86a888/execute/sync HTTP/1.1" 200 14
2021-07-23 20:04:41 [selenium.webdriver.remote.remote_connection] DEBUG: Finished Request
2021-07-23 20:04:41 [selenium.webdriver.remote.remote_connection] DEBUG: POST http://127.0.0.1:6581/session/55e3864ec62b73366860dbdd5c86a888/execute/sync {"script": "window.scrollTo(0, 0)", "args": []}
2021-07-23 20:04:41 [urllib3.connectionpool] DEBUG: http://127.0.0.1:6581 "POST /session/55e3864ec62b73366860dbdd5c86a888/execute/sync HTTP/1.1" 200 14
2021-07-23 20:04:41 [selenium.webdriver.remote.remote_connection] DEBUG: Finished Request
2021-07-23 20:04:41 [selenium.webdriver.remote.remote_connection] DEBUG: POST http://127.0.0.1:6581/session/55e3864ec62b73366860dbdd5c86a888/execute/sync {"script": "window.scrollTo(0, 100)", "args": []}
2021-07-23 20:04:41 [urllib3.connectionpool] DEBUG: http://127.0.0.1:6581 "POST /session/55e3864ec62b73366860dbdd5c86a888/execute/sync HTTP/1.1" 200 14
2021-07-23 20:04:41 [selenium.webdriver.remote.remote_connection] DEBUG: Finished Request
2021-07-23 20:04:41 [selenium.webdriver.remote.remote_connection] DEBUG: POST http://127.0.0.1:6581/session/55e3864ec62b73366860dbdd5c86a888/execute/sync {"script": "window.scrollTo(0, 200)", "args": []}
2021-07-23 20:04:42 [urllib3.connectionpool] DEBUG: http://127.0.0.1:6581 "POST /session/55e3864ec62b73366860dbdd5c86a888/execute/sync HTTP/1.1" 200 14
2021-07-23 20:04:42 [selenium.webdriver.remote.remote_connection] DEBUG: Finished Request
2021-07-23 20:04:42 [selenium.webdriver.remote.remote_connection] DEBUG: POST http://127.0.0.1:6581/session/55e3864ec62b73366860dbdd5c86a888/execute/sync {"script": "window.scrollTo(0, 300)", "args": []}
2021-07-23 20:04:42 [urllib3.connectionpool] DEBUG: http://127.0.0.1:6581 "POST /session/55e3864ec62b73366860dbdd5c86a888/execute/sync HTTP/1.1" 200 14
2021-07-23 20:04:42 [selenium.webdriver.remote.remote_connection] DEBUG: Finished Request
2021-07-23 20:04:42 [selenium.webdriver.remote.remote_connection] DEBUG: POST http://127.0.0.1:6581/session/55e3864ec62b73366860dbdd5c86a888/execute/sync {"script": "window.scrollTo(0, 400)", "args": []}
2021-07-23 20:04:42 [urllib3.connectionpool] DEBUG: http://127.0.0.1:6581 "POST /session/55e3864ec62b73366860dbdd5c86a888/execute/sync HTTP/1.1" 200 14
2021-07-23 20:04:42 [selenium.webdriver.remote.remote_connection] DEBUG: Finished Request
2021-07-23 20:04:42 [selenium.webdriver.remote.remote_connection] DEBUG: POST http://127.0.0.1:6581/session/55e3864ec62b73366860dbdd5c86a888/execute/sync {"script": "window.scrollTo(0, 500)", "args": []}
2021-07-23 20:04:42 [urllib3.connectionpool] DEBUG: http://127.0.0.1:6581 "POST /session/55e3864ec62b73366860dbdd5c86a888/execute/sync HTTP/1.1" 200 14
2021-07-23 20:04:42 [selenium.webdriver.remote.remote_connection] DEBUG: Finished Request
2021-07-23 20:04:42 [selenium.webdriver.remote.remote_connection] DEBUG: POST http://127.0.0.1:6581/session/55e3864ec62b73366860dbdd5c86a888/execute/sync {"script": "window.scrollTo(0, 600)", "args": []}
2021-07-23 20:04:42 [urllib3.connectionpool] DEBUG: http://127.0.0.1:6581 "POST /session/55e3864ec62b73366860dbdd5c86a888/execute/sync HTTP/1.1" 200 14
2021-07-23 20:04:42 [selenium.webdriver.remote.remote_connection] DEBUG: Finished Request
2021-07-23 20:04:42 [selenium.webdriver.remote.remote_connection] DEBUG: POST http://127.0.0.1:6581/session/55e3864ec62b73366860dbdd5c86a888/execute/sync {"script": "window.scrollTo(0, 700)", "args": []}
2021-07-23 20:04:42 [urllib3.connectionpool] DEBUG: http://127.0.0.1:6581 "POST /session/55e3864ec62b73366860dbdd5c86a888/execute/sync HTTP/1.1" 200 14
2021-07-23 20:04:42 [selenium.webdriver.remote.remote_connection] DEBUG: Finished Request
2021-07-23 20:04:42 [selenium.webdriver.remote.remote_connection] DEBUG: POST http://127.0.0.1:6581/session/55e3864ec62b73366860dbdd5c86a888/execute/sync {"script": "window.scrollTo(0, 800)", "args": []}
2021-07-23 20:04:42 [urllib3.connectionpool] DEBUG: http://127.0.0.1:6581 "POST /session/55e3864ec62b73366860dbdd5c86a888/execute/sync HTTP/1.1" 200 14
2021-07-23 20:04:42 [selenium.webdriver.remote.remote_connection] DEBUG: Finished Request
2021-07-23 20:04:42 [selenium.webdriver.remote.remote_connection] DEBUG: POST http://127.0.0.1:6581/session/55e3864ec62b73366860dbdd5c86a888/execute/sync {"script": "window.scrollTo(0, 900)", "args": []}
2021-07-23 20:04:42 [urllib3.connectionpool] DEBUG: http://127.0.0.1:6581 "POST /session/55e3864ec62b73366860dbdd5c86a888/execute/sync HTTP/1.1" 200 14
2021-07-23 20:04:42 [selenium.webdriver.remote.remote_connection] DEBUG: Finished Request
2021-07-23 20:04:42 [selenium.webdriver.remote.remote_connection] DEBUG: POST http://127.0.0.1:6581/session/55e3864ec62b73366860dbdd5c86a888/execute/sync {"script": "window.scrollTo(0, 1000)", "args": []}
2021-07-23 20:04:42 [urllib3.connectionpool] DEBUG: http://127.0.0.1:6581 "POST /session/55e3864ec62b73366860dbdd5c86a888/execute/sync HTTP/1.1" 200 14
2021-07-23 20:04:42 [selenium.webdriver.remote.remote_connection] DEBUG: Finished Request
2021-07-23 20:04:42 [selenium.webdriver.remote.remote_connection] DEBUG: POST http://127.0.0.1:6581/session/55e3864ec62b73366860dbdd5c86a888/execute/sync {"script": "window.scrollTo(0, 1100)", "args": []}
2021-07-23 20:04:42 [urllib3.connectionpool] DEBUG: http://127.0.0.1:6581 "POST /session/55e3864ec62b73366860dbdd5c86a888/execute/sync HTTP/1.1" 200 14
2021-07-23 20:04:42 [selenium.webdriver.remote.remote_connection] DEBUG: Finished Request
2021-07-23 20:04:42 [selenium.webdriver.remote.remote_connection] DEBUG: POST http://127.0.0.1:6581/session/55e3864ec62b73366860dbdd5c86a888/execute/sync {"script": "window.scrollTo(0, 1200)", "args": []}
2021-07-23 20:04:42 [urllib3.connectionpool] DEBUG: http://127.0.0.1:6581 "POST /session/55e3864ec62b73366860dbdd5c86a888/execute/sync HTTP/1.1" 200 14
2021-07-23 20:04:42 [selenium.webdriver.remote.remote_connection] DEBUG: Finished Request
2021-07-23 20:04:42 [selenium.webdriver.remote.remote_connection] DEBUG: POST http://127.0.0.1:6581/session/55e3864ec62b73366860dbdd5c86a888/execute/sync {"script": "window.scrollTo(0, 1300)", "args": []}
2021-07-23 20:04:42 [urllib3.connectionpool] DEBUG: http://127.0.0.1:6581 "POST /session/55e3864ec62b73366860dbdd5c86a888/execute/sync HTTP/1.1" 200 14
2021-07-23 20:04:42 [selenium.webdriver.remote.remote_connection] DEBUG: Finished Request
2021-07-23 20:04:42 [selenium.webdriver.remote.remote_connection] DEBUG: POST http://127.0.0.1:6581/session/55e3864ec62b73366860dbdd5c86a888/execute/sync {"script": "window.scrollTo(0, 1400)", "args": []}
2021-07-23 20:04:42 [urllib3.connectionpool] DEBUG: http://127.0.0.1:6581 "POST /session/55e3864ec62b73366860dbdd5c86a888/execute/sync HTTP/1.1" 200 14
2021-07-23 20:04:42 [selenium.webdriver.remote.remote_connection] DEBUG: Finished Request
2021-07-23 20:04:44 [selenium.webdriver.remote.remote_connection] DEBUG: POST http://127.0.0.1:6581/session/55e3864ec62b73366860dbdd5c86a888/execute/sync {"script": "return action=document.body.scrollHeight", "args": []}
2021-07-23 20:04:44 [urllib3.connectionpool] DEBUG: http://127.0.0.1:6581 "POST /session/55e3864ec62b73366860dbdd5c86a888/execute/sync HTTP/1.1" 200 14
2021-07-23 20:04:44 [selenium.webdriver.remote.remote_connection] DEBUG: Finished Request
2021-07-23 20:04:44 [selenium.webdriver.remote.remote_connection] DEBUG: POST http://127.0.0.1:6581/session/55e3864ec62b73366860dbdd5c86a888/elements {"using": "xpath", "value": "//div[@role=\"main\"]//div[@class=\"jb3vyjys hv4rvrfc ihqw7lf3 dati1w0a\"]"}
2021-07-23 20:04:44 [urllib3.connectionpool] DEBUG: http://127.0.0.1:6581 "POST /session/55e3864ec62b73366860dbdd5c86a888/elements HTTP/1.1" 200 327
2021-07-23 20:04:44 [selenium.webdriver.remote.remote_connection] DEBUG: Finished Request
2021-07-23 20:04:44 [selenium.webdriver.remote.remote_connection] DEBUG: POST http://127.0.0.1:6581/session/55e3864ec62b73366860dbdd5c86a888/element/3b844884-eba3-451e-b75d-e3d75ec02e9c/element {"using": "xpath", "value": "/a", "id": "3b844884-eba3-451e-b75d-e3d75ec02e9c"}
2021-07-23 20:04:54 [urllib3.connectionpool] DEBUG: http://127.0.0.1:6581 "POST /session/55e3864ec62b73366860dbdd5c86a888/element/3b844884-eba3-451e-b75d-e3d75ec02e9c/element HTTP/1.1" 404 1053
2021-07-23 20:04:54 [selenium.webdriver.remote.remote_connection] DEBUG: Finished Request
2021-07-23 20:04:54 [scrapy.core.engine] DEBUG: Crawled (302) <GET https://arc.aiaa.org/action/doSearch?AllField=t&sortBy=Earliest&startPage=0> (referer: None)
2021-07-23 20:04:54 [scrapy.core.engine] INFO: Closing spider (finished)
2021-07-23 20:04:54 [scrapy.statscollectors] INFO: Dumping Scrapy stats:
{'downloader/request_bytes': 402,
 'downloader/request_count': 1,
 'downloader/request_method_count/GET': 1,
 'downloader/response_bytes': 399,
 'downloader/response_count': 1,
 'downloader/response_status_count/302': 1,
 'elapsed_time_seconds': 32.56792,
 'finish_reason': 'finished',
 'finish_time': datetime.datetime(2021, 7, 23, 12, 4, 54, 682358),
 'log_count/DEBUG': 102,
 'log_count/INFO': 22,
 'log_count/WARNING': 2,
 'response_received_count': 1,
 'scheduler/dequeued': 1,
 'scheduler/dequeued/memory': 1,
 'scheduler/enqueued': 1,
 'scheduler/enqueued/memory': 1,
 'start_time': datetime.datetime(2021, 7, 23, 12, 4, 22, 114438)}
2021-07-23 20:04:54 [scrapy.core.engine] INFO: Spider closed (finished)
2021-07-23 20:04:54 [utils.utils] INFO: Aiaa Spider Starting!
2021-07-23 20:04:54 [scrapy.core.engine] INFO: Closing spider (finished)
2021-07-23 20:04:54 [scrapy.statscollectors] INFO: Dumping Scrapy stats:
{'downloader/request_bytes': 439,
 'downloader/request_count': 1,
 'downloader/request_method_count/GET': 1,
 'downloader/response_bytes': 1806,
 'downloader/response_count': 1,
 'downloader/response_status_count/302': 1,
 'elapsed_time_seconds': 32.624134,
 'finish_reason': 'finished',
 'finish_time': datetime.datetime(2021, 7, 23, 12, 4, 54, 795060),
 'log_count/DEBUG': 95,
 'log_count/INFO': 16,
 'log_count/WARNING': 1,
 'response_received_count': 1,
 'scheduler/dequeued': 1,
 'scheduler/dequeued/memory': 1,
 'scheduler/enqueued': 1,
 'scheduler/enqueued/memory': 1,
 'start_time': datetime.datetime(2021, 7, 23, 12, 4, 22, 170926)}
2021-07-23 20:04:54 [scrapy.core.engine] INFO: Spider closed (finished)
2021-07-23 20:04:54 [scrapy.core.engine] DEBUG: Crawled (302) <GET https://twitter.com/explore> (referer: None)
2021-07-23 20:04:54 [utils.utils] INFO: Twitter Spider starting!
2021-07-23 20:04:54 [tweepy.binder] DEBUG: PARAMS: {'q': b't', 'tweet_mode': b'extended', 'show_user': b'True'}
2021-07-23 20:04:54 [requests_oauthlib.oauth1_auth] DEBUG: Signing request <PreparedRequest [GET]> using client <Client client_key=ioTGfhxK3Fylub82QJmLMB6mB, client_secret=****, resource_owner_key=1372722615991738368-bQ4nwuK0vKY95zAIoIAaeqP44DYg56, resource_owner_secret=****, signature_method=HMAC-SHA1, signature_type=AUTH_HEADER, callback_uri=None, rsa_key=None, verifier=None, realm=None, encoding=utf-8, decoding=None, nonce=None, timestamp=None>
2021-07-23 20:04:54 [requests_oauthlib.oauth1_auth] DEBUG: Including body in call to sign: False
2021-07-23 20:04:54 [oauthlib.oauth1.rfc5849] DEBUG: Collected params: [('q', 't'), ('tweet_mode', 'extended'), ('show_user', 'True'), ('oauth_nonce', '71411366078240274941627041894'), ('oauth_timestamp', '1627041894'), ('oauth_version', '1.0'), ('oauth_signature_method', 'HMAC-SHA1'), ('oauth_consumer_key', 'ioTGfhxK3Fylub82QJmLMB6mB'), ('oauth_token', '1372722615991738368-bQ4nwuK0vKY95zAIoIAaeqP44DYg56')]
2021-07-23 20:04:54 [oauthlib.oauth1.rfc5849] DEBUG: Normalized params: oauth_consumer_key=ioTGfhxK3Fylub82QJmLMB6mB&oauth_nonce=71411366078240274941627041894&oauth_signature_method=HMAC-SHA1&oauth_timestamp=1627041894&oauth_token=1372722615991738368-bQ4nwuK0vKY95zAIoIAaeqP44DYg56&oauth_version=1.0&q=t&show_user=True&tweet_mode=extended
2021-07-23 20:04:54 [oauthlib.oauth1.rfc5849] DEBUG: Normalized URI: https://api.twitter.com/1.1/search/tweets.json
2021-07-23 20:04:54 [oauthlib.oauth1.rfc5849] DEBUG: Signing: signature base string: GET&https%3A%2F%2Fapi.twitter.com%2F1.1%2Fsearch%2Ftweets.json&oauth_consumer_key%3DioTGfhxK3Fylub82QJmLMB6mB%26oauth_nonce%3D71411366078240274941627041894%26oauth_signature_method%3DHMAC-SHA1%26oauth_timestamp%3D1627041894%26oauth_token%3D1372722615991738368-bQ4nwuK0vKY95zAIoIAaeqP44DYg56%26oauth_version%3D1.0%26q%3Dt%26show_user%3DTrue%26tweet_mode%3Dextended
2021-07-23 20:04:54 [oauthlib.oauth1.rfc5849] DEBUG: Signature: NhDQiQsF8wWj17Ep+dgr3EUCO5c=
2021-07-23 20:04:54 [requests_oauthlib.oauth1_auth] DEBUG: Updated url: https://api.twitter.com/1.1/search/tweets.json?q=t&tweet_mode=extended&show_user=True
2021-07-23 20:04:54 [requests_oauthlib.oauth1_auth] DEBUG: Updated headers: {'Host': 'api.twitter.com', 'Authorization': 'OAuth oauth_nonce="71411366078240274941627041894", oauth_timestamp="1627041894", oauth_version="1.0", oauth_signature_method="HMAC-SHA1", oauth_consumer_key="ioTGfhxK3Fylub82QJmLMB6mB", oauth_token="1372722615991738368-bQ4nwuK0vKY95zAIoIAaeqP44DYg56", oauth_signature="NhDQiQsF8wWj17Ep%2Bdgr3EUCO5c%3D"'}
2021-07-23 20:04:54 [requests_oauthlib.oauth1_auth] DEBUG: Updated body: None
2021-07-23 20:04:54 [urllib3.connectionpool] DEBUG: Starting new HTTPS connection (1): api.twitter.com:443
2021-07-23 20:04:56 [urllib3.connectionpool] DEBUG: https://api.twitter.com:443 "GET /1.1/search/tweets.json?q=t&tweet_mode=extended&show_user=True HTTP/1.1" 200 82378
2021-07-23 20:04:56 [tweepy.binder] DEBUG: PARAMS: {'create': b'True'}
2021-07-23 20:04:56 [tweepy.binder] DEBUG: PARAMS: {'q': b't', 'max_id': b'1418542638249172993', 'tweet_mode': b'extended', 'show_user': b'True'}
2021-07-23 20:04:56 [requests_oauthlib.oauth1_auth] DEBUG: Signing request <PreparedRequest [GET]> using client <Client client_key=ioTGfhxK3Fylub82QJmLMB6mB, client_secret=****, resource_owner_key=1372722615991738368-bQ4nwuK0vKY95zAIoIAaeqP44DYg56, resource_owner_secret=****, signature_method=HMAC-SHA1, signature_type=AUTH_HEADER, callback_uri=None, rsa_key=None, verifier=None, realm=None, encoding=utf-8, decoding=None, nonce=None, timestamp=None>
2021-07-23 20:04:56 [requests_oauthlib.oauth1_auth] DEBUG: Including body in call to sign: False
2021-07-23 20:04:56 [oauthlib.oauth1.rfc5849] DEBUG: Collected params: [('q', 't'), ('max_id', '1418542638249172993'), ('tweet_mode', 'extended'), ('show_user', 'True'), ('oauth_nonce', '127295610890554680961627041896'), ('oauth_timestamp', '1627041896'), ('oauth_version', '1.0'), ('oauth_signature_method', 'HMAC-SHA1'), ('oauth_consumer_key', 'ioTGfhxK3Fylub82QJmLMB6mB'), ('oauth_token', '1372722615991738368-bQ4nwuK0vKY95zAIoIAaeqP44DYg56')]
2021-07-23 20:04:56 [oauthlib.oauth1.rfc5849] DEBUG: Normalized params: max_id=1418542638249172993&oauth_consumer_key=ioTGfhxK3Fylub82QJmLMB6mB&oauth_nonce=127295610890554680961627041896&oauth_signature_method=HMAC-SHA1&oauth_timestamp=1627041896&oauth_token=1372722615991738368-bQ4nwuK0vKY95zAIoIAaeqP44DYg56&oauth_version=1.0&q=t&show_user=True&tweet_mode=extended
2021-07-23 20:04:56 [oauthlib.oauth1.rfc5849] DEBUG: Normalized URI: https://api.twitter.com/1.1/search/tweets.json
2021-07-23 20:04:56 [oauthlib.oauth1.rfc5849] DEBUG: Signing: signature base string: GET&https%3A%2F%2Fapi.twitter.com%2F1.1%2Fsearch%2Ftweets.json&max_id%3D1418542638249172993%26oauth_consumer_key%3DioTGfhxK3Fylub82QJmLMB6mB%26oauth_nonce%3D127295610890554680961627041896%26oauth_signature_method%3DHMAC-SHA1%26oauth_timestamp%3D1627041896%26oauth_token%3D1372722615991738368-bQ4nwuK0vKY95zAIoIAaeqP44DYg56%26oauth_version%3D1.0%26q%3Dt%26show_user%3DTrue%26tweet_mode%3Dextended
2021-07-23 20:04:56 [oauthlib.oauth1.rfc5849] DEBUG: Signature: C4erWd+X6oxToRI7TU3dfaashXY=
2021-07-23 20:04:56 [requests_oauthlib.oauth1_auth] DEBUG: Updated url: https://api.twitter.com/1.1/search/tweets.json?q=t&max_id=1418542638249172993&tweet_mode=extended&show_user=True
2021-07-23 20:04:56 [requests_oauthlib.oauth1_auth] DEBUG: Updated headers: {'Host': 'api.twitter.com', 'Cookie': 'guest_id=v1%3A162704189538827472; personalization_id="v1_WyOWuLVev6zQq7OhjUWNSg=="; lang=zh-cn', 'Authorization': 'OAuth oauth_nonce="127295610890554680961627041896", oauth_timestamp="1627041896", oauth_version="1.0", oauth_signature_method="HMAC-SHA1", oauth_consumer_key="ioTGfhxK3Fylub82QJmLMB6mB", oauth_token="1372722615991738368-bQ4nwuK0vKY95zAIoIAaeqP44DYg56", oauth_signature="C4erWd%2BX6oxToRI7TU3dfaashXY%3D"'}
2021-07-23 20:04:56 [requests_oauthlib.oauth1_auth] DEBUG: Updated body: None
2021-07-23 20:04:56 [urllib3.connectionpool] DEBUG: Starting new HTTPS connection (1): api.twitter.com:443
2021-07-23 20:04:57 [urllib3.connectionpool] DEBUG: https://api.twitter.com:443 "GET /1.1/search/tweets.json?q=t&max_id=1418542638249172993&tweet_mode=extended&show_user=True HTTP/1.1" 200 76039
2021-07-23 20:04:57 [tweepy.binder] DEBUG: PARAMS: {'create': b'True'}
2021-07-23 20:04:57 [tweepy.binder] DEBUG: PARAMS: {'q': b't', 'max_id': b'1418542637754298368', 'tweet_mode': b'extended', 'show_user': b'True'}
2021-07-23 20:04:57 [requests_oauthlib.oauth1_auth] DEBUG: Signing request <PreparedRequest [GET]> using client <Client client_key=ioTGfhxK3Fylub82QJmLMB6mB, client_secret=****, resource_owner_key=1372722615991738368-bQ4nwuK0vKY95zAIoIAaeqP44DYg56, resource_owner_secret=****, signature_method=HMAC-SHA1, signature_type=AUTH_HEADER, callback_uri=None, rsa_key=None, verifier=None, realm=None, encoding=utf-8, decoding=None, nonce=None, timestamp=None>
2021-07-23 20:04:57 [requests_oauthlib.oauth1_auth] DEBUG: Including body in call to sign: False
2021-07-23 20:04:57 [oauthlib.oauth1.rfc5849] DEBUG: Collected params: [('q', 't'), ('max_id', '1418542637754298368'), ('tweet_mode', 'extended'), ('show_user', 'True'), ('oauth_nonce', '157948081024584278031627041897'), ('oauth_timestamp', '1627041897'), ('oauth_version', '1.0'), ('oauth_signature_method', 'HMAC-SHA1'), ('oauth_consumer_key', 'ioTGfhxK3Fylub82QJmLMB6mB'), ('oauth_token', '1372722615991738368-bQ4nwuK0vKY95zAIoIAaeqP44DYg56')]
2021-07-23 20:04:57 [oauthlib.oauth1.rfc5849] DEBUG: Normalized params: max_id=1418542637754298368&oauth_consumer_key=ioTGfhxK3Fylub82QJmLMB6mB&oauth_nonce=157948081024584278031627041897&oauth_signature_method=HMAC-SHA1&oauth_timestamp=1627041897&oauth_token=1372722615991738368-bQ4nwuK0vKY95zAIoIAaeqP44DYg56&oauth_version=1.0&q=t&show_user=True&tweet_mode=extended
2021-07-23 20:04:57 [oauthlib.oauth1.rfc5849] DEBUG: Normalized URI: https://api.twitter.com/1.1/search/tweets.json
2021-07-23 20:04:57 [oauthlib.oauth1.rfc5849] DEBUG: Signing: signature base string: GET&https%3A%2F%2Fapi.twitter.com%2F1.1%2Fsearch%2Ftweets.json&max_id%3D1418542637754298368%26oauth_consumer_key%3DioTGfhxK3Fylub82QJmLMB6mB%26oauth_nonce%3D157948081024584278031627041897%26oauth_signature_method%3DHMAC-SHA1%26oauth_timestamp%3D1627041897%26oauth_token%3D1372722615991738368-bQ4nwuK0vKY95zAIoIAaeqP44DYg56%26oauth_version%3D1.0%26q%3Dt%26show_user%3DTrue%26tweet_mode%3Dextended
2021-07-23 20:04:57 [oauthlib.oauth1.rfc5849] DEBUG: Signature: 3rSR/2kOfecJQjyxgDvIDR9MFfA=
2021-07-23 20:04:57 [requests_oauthlib.oauth1_auth] DEBUG: Updated url: https://api.twitter.com/1.1/search/tweets.json?q=t&max_id=1418542637754298368&tweet_mode=extended&show_user=True
2021-07-23 20:04:57 [requests_oauthlib.oauth1_auth] DEBUG: Updated headers: {'Host': 'api.twitter.com', 'Cookie': 'guest_id=v1%3A162704189538827472; personalization_id="v1_WyOWuLVev6zQq7OhjUWNSg=="; lang=zh-cn', 'Authorization': 'OAuth oauth_nonce="157948081024584278031627041897", oauth_timestamp="1627041897", oauth_version="1.0", oauth_signature_method="HMAC-SHA1", oauth_consumer_key="ioTGfhxK3Fylub82QJmLMB6mB", oauth_token="1372722615991738368-bQ4nwuK0vKY95zAIoIAaeqP44DYg56", oauth_signature="3rSR%2F2kOfecJQjyxgDvIDR9MFfA%3D"'}
2021-07-23 20:04:57 [requests_oauthlib.oauth1_auth] DEBUG: Updated body: None
2021-07-23 20:04:57 [urllib3.connectionpool] DEBUG: Starting new HTTPS connection (1): api.twitter.com:443
2021-07-23 20:04:58 [urllib3.connectionpool] DEBUG: https://api.twitter.com:443 "GET /1.1/search/tweets.json?q=t&max_id=1418542637754298368&tweet_mode=extended&show_user=True HTTP/1.1" 200 71742
2021-07-23 20:04:59 [tweepy.binder] DEBUG: PARAMS: {'create': b'True'}
2021-07-23 20:04:59 [tweepy.binder] DEBUG: PARAMS: {'q': b't', 'max_id': b'1418542637376802817', 'tweet_mode': b'extended', 'show_user': b'True'}
2021-07-23 20:04:59 [requests_oauthlib.oauth1_auth] DEBUG: Signing request <PreparedRequest [GET]> using client <Client client_key=ioTGfhxK3Fylub82QJmLMB6mB, client_secret=****, resource_owner_key=1372722615991738368-bQ4nwuK0vKY95zAIoIAaeqP44DYg56, resource_owner_secret=****, signature_method=HMAC-SHA1, signature_type=AUTH_HEADER, callback_uri=None, rsa_key=None, verifier=None, realm=None, encoding=utf-8, decoding=None, nonce=None, timestamp=None>
2021-07-23 20:04:59 [requests_oauthlib.oauth1_auth] DEBUG: Including body in call to sign: False
2021-07-23 20:04:59 [oauthlib.oauth1.rfc5849] DEBUG: Collected params: [('q', 't'), ('max_id', '1418542637376802817'), ('tweet_mode', 'extended'), ('show_user', 'True'), ('oauth_nonce', '74054406509387598891627041899'), ('oauth_timestamp', '1627041899'), ('oauth_version', '1.0'), ('oauth_signature_method', 'HMAC-SHA1'), ('oauth_consumer_key', 'ioTGfhxK3Fylub82QJmLMB6mB'), ('oauth_token', '1372722615991738368-bQ4nwuK0vKY95zAIoIAaeqP44DYg56')]
2021-07-23 20:04:59 [oauthlib.oauth1.rfc5849] DEBUG: Normalized params: max_id=1418542637376802817&oauth_consumer_key=ioTGfhxK3Fylub82QJmLMB6mB&oauth_nonce=74054406509387598891627041899&oauth_signature_method=HMAC-SHA1&oauth_timestamp=1627041899&oauth_token=1372722615991738368-bQ4nwuK0vKY95zAIoIAaeqP44DYg56&oauth_version=1.0&q=t&show_user=True&tweet_mode=extended
2021-07-23 20:04:59 [oauthlib.oauth1.rfc5849] DEBUG: Normalized URI: https://api.twitter.com/1.1/search/tweets.json
2021-07-23 20:04:59 [oauthlib.oauth1.rfc5849] DEBUG: Signing: signature base string: GET&https%3A%2F%2Fapi.twitter.com%2F1.1%2Fsearch%2Ftweets.json&max_id%3D1418542637376802817%26oauth_consumer_key%3DioTGfhxK3Fylub82QJmLMB6mB%26oauth_nonce%3D74054406509387598891627041899%26oauth_signature_method%3DHMAC-SHA1%26oauth_timestamp%3D1627041899%26oauth_token%3D1372722615991738368-bQ4nwuK0vKY95zAIoIAaeqP44DYg56%26oauth_version%3D1.0%26q%3Dt%26show_user%3DTrue%26tweet_mode%3Dextended
2021-07-23 20:04:59 [oauthlib.oauth1.rfc5849] DEBUG: Signature: Rhb+chLMnaAJNrtZN3orJQDOUxo=
2021-07-23 20:04:59 [requests_oauthlib.oauth1_auth] DEBUG: Updated url: https://api.twitter.com/1.1/search/tweets.json?q=t&max_id=1418542637376802817&tweet_mode=extended&show_user=True
2021-07-23 20:04:59 [requests_oauthlib.oauth1_auth] DEBUG: Updated headers: {'Host': 'api.twitter.com', 'Cookie': 'guest_id=v1%3A162704189538827472; personalization_id="v1_WyOWuLVev6zQq7OhjUWNSg=="; lang=zh-cn', 'Authorization': 'OAuth oauth_nonce="74054406509387598891627041899", oauth_timestamp="1627041899", oauth_version="1.0", oauth_signature_method="HMAC-SHA1", oauth_consumer_key="ioTGfhxK3Fylub82QJmLMB6mB", oauth_token="1372722615991738368-bQ4nwuK0vKY95zAIoIAaeqP44DYg56", oauth_signature="Rhb%2BchLMnaAJNrtZN3orJQDOUxo%3D"'}
2021-07-23 20:04:59 [requests_oauthlib.oauth1_auth] DEBUG: Updated body: None
2021-07-23 20:04:59 [urllib3.connectionpool] DEBUG: Starting new HTTPS connection (1): api.twitter.com:443
2021-07-23 20:05:00 [urllib3.connectionpool] DEBUG: https://api.twitter.com:443 "GET /1.1/search/tweets.json?q=t&max_id=1418542637376802817&tweet_mode=extended&show_user=True HTTP/1.1" 200 70721
2021-07-23 20:05:00 [tweepy.binder] DEBUG: PARAMS: {'create': b'True'}
2021-07-23 20:05:00 [tweepy.binder] DEBUG: PARAMS: {'q': b't', 'max_id': b'1418542636886106118', 'tweet_mode': b'extended', 'show_user': b'True'}
2021-07-23 20:05:00 [requests_oauthlib.oauth1_auth] DEBUG: Signing request <PreparedRequest [GET]> using client <Client client_key=ioTGfhxK3Fylub82QJmLMB6mB, client_secret=****, resource_owner_key=1372722615991738368-bQ4nwuK0vKY95zAIoIAaeqP44DYg56, resource_owner_secret=****, signature_method=HMAC-SHA1, signature_type=AUTH_HEADER, callback_uri=None, rsa_key=None, verifier=None, realm=None, encoding=utf-8, decoding=None, nonce=None, timestamp=None>
2021-07-23 20:05:00 [requests_oauthlib.oauth1_auth] DEBUG: Including body in call to sign: False
2021-07-23 20:05:00 [oauthlib.oauth1.rfc5849] DEBUG: Collected params: [('q', 't'), ('max_id', '1418542636886106118'), ('tweet_mode', 'extended'), ('show_user', 'True'), ('oauth_nonce', '61071198512460941761627041900'), ('oauth_timestamp', '1627041900'), ('oauth_version', '1.0'), ('oauth_signature_method', 'HMAC-SHA1'), ('oauth_consumer_key', 'ioTGfhxK3Fylub82QJmLMB6mB'), ('oauth_token', '1372722615991738368-bQ4nwuK0vKY95zAIoIAaeqP44DYg56')]
2021-07-23 20:05:00 [oauthlib.oauth1.rfc5849] DEBUG: Normalized params: max_id=1418542636886106118&oauth_consumer_key=ioTGfhxK3Fylub82QJmLMB6mB&oauth_nonce=61071198512460941761627041900&oauth_signature_method=HMAC-SHA1&oauth_timestamp=1627041900&oauth_token=1372722615991738368-bQ4nwuK0vKY95zAIoIAaeqP44DYg56&oauth_version=1.0&q=t&show_user=True&tweet_mode=extended
2021-07-23 20:05:00 [oauthlib.oauth1.rfc5849] DEBUG: Normalized URI: https://api.twitter.com/1.1/search/tweets.json
2021-07-23 20:05:00 [oauthlib.oauth1.rfc5849] DEBUG: Signing: signature base string: GET&https%3A%2F%2Fapi.twitter.com%2F1.1%2Fsearch%2Ftweets.json&max_id%3D1418542636886106118%26oauth_consumer_key%3DioTGfhxK3Fylub82QJmLMB6mB%26oauth_nonce%3D61071198512460941761627041900%26oauth_signature_method%3DHMAC-SHA1%26oauth_timestamp%3D1627041900%26oauth_token%3D1372722615991738368-bQ4nwuK0vKY95zAIoIAaeqP44DYg56%26oauth_version%3D1.0%26q%3Dt%26show_user%3DTrue%26tweet_mode%3Dextended
2021-07-23 20:05:00 [oauthlib.oauth1.rfc5849] DEBUG: Signature: +UlhaKxSJhcIBpKzEwTn5OTyAyY=
2021-07-23 20:05:00 [requests_oauthlib.oauth1_auth] DEBUG: Updated url: https://api.twitter.com/1.1/search/tweets.json?q=t&max_id=1418542636886106118&tweet_mode=extended&show_user=True
2021-07-23 20:05:00 [requests_oauthlib.oauth1_auth] DEBUG: Updated headers: {'Host': 'api.twitter.com', 'Cookie': 'guest_id=v1%3A162704189538827472; personalization_id="v1_WyOWuLVev6zQq7OhjUWNSg=="; lang=zh-cn', 'Authorization': 'OAuth oauth_nonce="61071198512460941761627041900", oauth_timestamp="1627041900", oauth_version="1.0", oauth_signature_method="HMAC-SHA1", oauth_consumer_key="ioTGfhxK3Fylub82QJmLMB6mB", oauth_token="1372722615991738368-bQ4nwuK0vKY95zAIoIAaeqP44DYg56", oauth_signature="%2BUlhaKxSJhcIBpKzEwTn5OTyAyY%3D"'}
2021-07-23 20:05:00 [requests_oauthlib.oauth1_auth] DEBUG: Updated body: None
2021-07-23 20:05:00 [urllib3.connectionpool] DEBUG: Starting new HTTPS connection (1): api.twitter.com:443
2021-07-23 20:05:01 [urllib3.connectionpool] DEBUG: https://api.twitter.com:443 "GET /1.1/search/tweets.json?q=t&max_id=1418542636886106118&tweet_mode=extended&show_user=True HTTP/1.1" 200 71850
2021-07-23 20:05:02 [tweepy.binder] DEBUG: PARAMS: {'create': b'True'}
2021-07-23 20:05:02 [tweepy.binder] DEBUG: PARAMS: {'q': b't', 'max_id': b'1418542636550348801', 'tweet_mode': b'extended', 'show_user': b'True'}
2021-07-23 20:05:02 [requests_oauthlib.oauth1_auth] DEBUG: Signing request <PreparedRequest [GET]> using client <Client client_key=ioTGfhxK3Fylub82QJmLMB6mB, client_secret=****, resource_owner_key=1372722615991738368-bQ4nwuK0vKY95zAIoIAaeqP44DYg56, resource_owner_secret=****, signature_method=HMAC-SHA1, signature_type=AUTH_HEADER, callback_uri=None, rsa_key=None, verifier=None, realm=None, encoding=utf-8, decoding=None, nonce=None, timestamp=None>
2021-07-23 20:05:02 [requests_oauthlib.oauth1_auth] DEBUG: Including body in call to sign: False
2021-07-23 20:05:02 [oauthlib.oauth1.rfc5849] DEBUG: Collected params: [('q', 't'), ('max_id', '1418542636550348801'), ('tweet_mode', 'extended'), ('show_user', 'True'), ('oauth_nonce', '118891495719524058931627041902'), ('oauth_timestamp', '1627041902'), ('oauth_version', '1.0'), ('oauth_signature_method', 'HMAC-SHA1'), ('oauth_consumer_key', 'ioTGfhxK3Fylub82QJmLMB6mB'), ('oauth_token', '1372722615991738368-bQ4nwuK0vKY95zAIoIAaeqP44DYg56')]
2021-07-23 20:05:02 [oauthlib.oauth1.rfc5849] DEBUG: Normalized params: max_id=1418542636550348801&oauth_consumer_key=ioTGfhxK3Fylub82QJmLMB6mB&oauth_nonce=118891495719524058931627041902&oauth_signature_method=HMAC-SHA1&oauth_timestamp=1627041902&oauth_token=1372722615991738368-bQ4nwuK0vKY95zAIoIAaeqP44DYg56&oauth_version=1.0&q=t&show_user=True&tweet_mode=extended
2021-07-23 20:05:02 [oauthlib.oauth1.rfc5849] DEBUG: Normalized URI: https://api.twitter.com/1.1/search/tweets.json
2021-07-23 20:05:02 [oauthlib.oauth1.rfc5849] DEBUG: Signing: signature base string: GET&https%3A%2F%2Fapi.twitter.com%2F1.1%2Fsearch%2Ftweets.json&max_id%3D1418542636550348801%26oauth_consumer_key%3DioTGfhxK3Fylub82QJmLMB6mB%26oauth_nonce%3D118891495719524058931627041902%26oauth_signature_method%3DHMAC-SHA1%26oauth_timestamp%3D1627041902%26oauth_token%3D1372722615991738368-bQ4nwuK0vKY95zAIoIAaeqP44DYg56%26oauth_version%3D1.0%26q%3Dt%26show_user%3DTrue%26tweet_mode%3Dextended
2021-07-23 20:05:02 [oauthlib.oauth1.rfc5849] DEBUG: Signature: 8v7vAr1nT4svorpSEfXbTmrJ2MA=
2021-07-23 20:05:02 [requests_oauthlib.oauth1_auth] DEBUG: Updated url: https://api.twitter.com/1.1/search/tweets.json?q=t&max_id=1418542636550348801&tweet_mode=extended&show_user=True
2021-07-23 20:05:02 [requests_oauthlib.oauth1_auth] DEBUG: Updated headers: {'Host': 'api.twitter.com', 'Cookie': 'guest_id=v1%3A162704189538827472; personalization_id="v1_WyOWuLVev6zQq7OhjUWNSg=="; lang=zh-cn', 'Authorization': 'OAuth oauth_nonce="118891495719524058931627041902", oauth_timestamp="1627041902", oauth_version="1.0", oauth_signature_method="HMAC-SHA1", oauth_consumer_key="ioTGfhxK3Fylub82QJmLMB6mB", oauth_token="1372722615991738368-bQ4nwuK0vKY95zAIoIAaeqP44DYg56", oauth_signature="8v7vAr1nT4svorpSEfXbTmrJ2MA%3D"'}
2021-07-23 20:05:02 [requests_oauthlib.oauth1_auth] DEBUG: Updated body: None
2021-07-23 20:05:02 [urllib3.connectionpool] DEBUG: Starting new HTTPS connection (1): api.twitter.com:443
2021-07-23 20:05:03 [urllib3.connectionpool] DEBUG: https://api.twitter.com:443 "GET /1.1/search/tweets.json?q=t&max_id=1418542636550348801&tweet_mode=extended&show_user=True HTTP/1.1" 200 82875
2021-07-23 20:05:03 [tweepy.binder] DEBUG: PARAMS: {'create': b'True'}
2021-07-23 20:05:03 [tweepy.binder] DEBUG: PARAMS: {'q': b't', 'max_id': b'1418542636135182352', 'tweet_mode': b'extended', 'show_user': b'True'}
2021-07-23 20:05:03 [requests_oauthlib.oauth1_auth] DEBUG: Signing request <PreparedRequest [GET]> using client <Client client_key=ioTGfhxK3Fylub82QJmLMB6mB, client_secret=****, resource_owner_key=1372722615991738368-bQ4nwuK0vKY95zAIoIAaeqP44DYg56, resource_owner_secret=****, signature_method=HMAC-SHA1, signature_type=AUTH_HEADER, callback_uri=None, rsa_key=None, verifier=None, realm=None, encoding=utf-8, decoding=None, nonce=None, timestamp=None>
2021-07-23 20:05:03 [requests_oauthlib.oauth1_auth] DEBUG: Including body in call to sign: False
2021-07-23 20:05:03 [oauthlib.oauth1.rfc5849] DEBUG: Collected params: [('q', 't'), ('max_id', '1418542636135182352'), ('tweet_mode', 'extended'), ('show_user', 'True'), ('oauth_nonce', '161107424636061581901627041903'), ('oauth_timestamp', '1627041903'), ('oauth_version', '1.0'), ('oauth_signature_method', 'HMAC-SHA1'), ('oauth_consumer_key', 'ioTGfhxK3Fylub82QJmLMB6mB'), ('oauth_token', '1372722615991738368-bQ4nwuK0vKY95zAIoIAaeqP44DYg56')]
2021-07-23 20:05:03 [oauthlib.oauth1.rfc5849] DEBUG: Normalized params: max_id=1418542636135182352&oauth_consumer_key=ioTGfhxK3Fylub82QJmLMB6mB&oauth_nonce=161107424636061581901627041903&oauth_signature_method=HMAC-SHA1&oauth_timestamp=1627041903&oauth_token=1372722615991738368-bQ4nwuK0vKY95zAIoIAaeqP44DYg56&oauth_version=1.0&q=t&show_user=True&tweet_mode=extended
2021-07-23 20:05:03 [oauthlib.oauth1.rfc5849] DEBUG: Normalized URI: https://api.twitter.com/1.1/search/tweets.json
2021-07-23 20:05:03 [oauthlib.oauth1.rfc5849] DEBUG: Signing: signature base string: GET&https%3A%2F%2Fapi.twitter.com%2F1.1%2Fsearch%2Ftweets.json&max_id%3D1418542636135182352%26oauth_consumer_key%3DioTGfhxK3Fylub82QJmLMB6mB%26oauth_nonce%3D161107424636061581901627041903%26oauth_signature_method%3DHMAC-SHA1%26oauth_timestamp%3D1627041903%26oauth_token%3D1372722615991738368-bQ4nwuK0vKY95zAIoIAaeqP44DYg56%26oauth_version%3D1.0%26q%3Dt%26show_user%3DTrue%26tweet_mode%3Dextended
2021-07-23 20:05:03 [oauthlib.oauth1.rfc5849] DEBUG: Signature: AsufYCOSj1hVhGnEx5v+Wi2ATHE=
2021-07-23 20:05:03 [requests_oauthlib.oauth1_auth] DEBUG: Updated url: https://api.twitter.com/1.1/search/tweets.json?q=t&max_id=1418542636135182352&tweet_mode=extended&show_user=True
2021-07-23 20:05:03 [requests_oauthlib.oauth1_auth] DEBUG: Updated headers: {'Host': 'api.twitter.com', 'Cookie': 'guest_id=v1%3A162704189538827472; personalization_id="v1_WyOWuLVev6zQq7OhjUWNSg=="; lang=zh-cn', 'Authorization': 'OAuth oauth_nonce="161107424636061581901627041903", oauth_timestamp="1627041903", oauth_version="1.0", oauth_signature_method="HMAC-SHA1", oauth_consumer_key="ioTGfhxK3Fylub82QJmLMB6mB", oauth_token="1372722615991738368-bQ4nwuK0vKY95zAIoIAaeqP44DYg56", oauth_signature="AsufYCOSj1hVhGnEx5v%2BWi2ATHE%3D"'}
2021-07-23 20:05:03 [requests_oauthlib.oauth1_auth] DEBUG: Updated body: None
2021-07-23 20:05:03 [urllib3.connectionpool] DEBUG: Starting new HTTPS connection (1): api.twitter.com:443
2021-07-23 20:05:04 [urllib3.connectionpool] DEBUG: https://api.twitter.com:443 "GET /1.1/search/tweets.json?q=t&max_id=1418542636135182352&tweet_mode=extended&show_user=True HTTP/1.1" 200 71462
2021-07-23 20:05:05 [tweepy.binder] DEBUG: PARAMS: {'create': b'True'}
2021-07-23 20:05:05 [scrapy.core.scraper] DEBUG: Scraped from <302 https://twitter.com/explore>
{'keyword': 't'}
2021-07-23 20:05:05 [scrapy.core.engine] DEBUG: Crawled (200) <GET https://nasasearch.nasa.gov/search?query=t&affiliate=nasa&utf8=%E2%9C%93> (referer: None)
2021-07-23 20:05:05 [scrapy.core.engine] INFO: Closing spider (finished)
2021-07-23 20:05:05 [scrapy.statscollectors] INFO: Dumping Scrapy stats:
{'downloader/request_bytes': 390,
 'downloader/request_count': 1,
 'downloader/request_method_count/GET': 1,
 'downloader/response_bytes': 642,
 'downloader/response_count': 1,
 'downloader/response_status_count/302': 1,
 'elapsed_time_seconds': 43.996247,
 'finish_reason': 'finished',
 'finish_time': datetime.datetime(2021, 7, 23, 12, 5, 5, 29245),
 'item_scraped_count': 1,
 'log_count/DEBUG': 203,
 'log_count/INFO': 40,
 'log_count/WARNING': 2,
 'response_received_count': 1,
 'scheduler/dequeued': 1,
 'scheduler/dequeued/memory': 1,
 'scheduler/enqueued': 1,
 'scheduler/enqueued/memory': 1,
 'start_time': datetime.datetime(2021, 7, 23, 12, 4, 21, 32998)}
2021-07-23 20:05:05 [scrapy.core.engine] INFO: Spider closed (finished)
2021-07-23 20:05:05 [utils.utils] INFO: NASA Spider starting!
2021-07-23 20:05:05 [scrapy.core.engine] DEBUG: Crawled (200) <GET https://www.nasa.gov/feature/john-t-sims-human-health-and-performance-director/> (referer: https://nasasearch.nasa.gov/)
2021-07-23 20:05:05 [scrapy.core.scraper] DEBUG: Scraped from <200 https://www.nasa.gov/feature/john-t-sims-human-health-and-performance-director/>
None
2021-07-23 20:05:07 [scrapy.core.engine] DEBUG: Crawled (200) <GET https://www.nasa.gov/feature/john-t-sims-director-of-human-health-and-performance/> (referer: https://nasasearch.nasa.gov/)
2021-07-23 20:05:07 [scrapy.core.scraper] DEBUG: Scraped from <200 https://www.nasa.gov/feature/john-t-sims-director-of-human-health-and-performance/>
None
2021-07-23 20:05:08 [scrapy.core.engine] DEBUG: Crawled (200) <GET https://www.jpl.nasa.gov/edu/news/2015/8/17/bringing-earths-cousin-into-the-classroom/> (referer: https://nasasearch.nasa.gov/)
2021-07-23 20:05:08 [scrapy.core.scraper] DEBUG: Scraped from <200 https://www.jpl.nasa.gov/edu/news/2015/8/17/bringing-earths-cousin-into-the-classroom/>
None
2021-07-23 20:05:11 [scrapy.core.engine] DEBUG: Crawled (200) <GET https://history.nasa.gov/afj/ap11fj/01launch.html> (referer: https://nasasearch.nasa.gov/)
2021-07-23 20:05:11 [scrapy.core.scraper] DEBUG: Scraped from <200 https://history.nasa.gov/afj/ap11fj/01launch.html>
None
2021-07-23 20:05:11 [scrapy.core.engine] DEBUG: Crawled (200) <GET https://history.nasa.gov/presrep95/dptdefns.htm> (referer: https://nasasearch.nasa.gov/)
2021-07-23 20:05:12 [scrapy.core.scraper] DEBUG: Scraped from <200 https://history.nasa.gov/presrep95/dptdefns.htm>
None
2021-07-23 20:05:12 [scrapy.core.engine] DEBUG: Crawled (200) <GET https://www.nasa.gov/feature/john-t-sims-hhp-director-acting/> (referer: https://nasasearch.nasa.gov/)
2021-07-23 20:05:12 [scrapy.core.scraper] DEBUG: Scraped from <200 https://www.nasa.gov/feature/john-t-sims-hhp-director-acting/>
None
2021-07-23 20:05:14 [scrapy.core.engine] DEBUG: Crawled (200) <GET https://earthobservatory.nasa.gov/images/87237/the-alphabet-from-orbit-letter-t> (referer: https://nasasearch.nasa.gov/)
2021-07-23 20:05:14 [scrapy.core.scraper] DEBUG: Scraped from <200 https://earthobservatory.nasa.gov/images/87237/the-alphabet-from-orbit-letter-t>
None
2021-07-23 20:05:14 [scrapy.core.engine] DEBUG: Crawled (200) <GET https://history.nasa.gov/women.html> (referer: https://nasasearch.nasa.gov/)
2021-07-23 20:05:15 [scrapy.core.scraper] DEBUG: Scraped from <200 https://history.nasa.gov/women.html>
None
2021-07-23 20:05:17 [scrapy.core.engine] DEBUG: Crawled (200) <GET https://history.nasa.gov/sts51l.html> (referer: https://nasasearch.nasa.gov/)
2021-07-23 20:05:17 [scrapy.core.scraper] DEBUG: Scraped from <200 https://history.nasa.gov/sts51l.html>
None
2021-07-23 20:05:17 [scrapy.core.engine] DEBUG: Crawled (200) <GET https://www.jpl.nasa.gov/blog/2020/7/remembering-dr-peter-t-lyman> (referer: https://nasasearch.nasa.gov/)
2021-07-23 20:05:17 [scrapy.core.scraper] DEBUG: Scraped from <200 https://www.jpl.nasa.gov/blog/2020/7/remembering-dr-peter-t-lyman>
None
2021-07-23 20:05:18 [scrapy.core.engine] DEBUG: Crawled (200) <GET https://blogs.nasa.gov/Rocketology/tag/nasa-rocket/> (referer: https://nasasearch.nasa.gov/)
2021-07-23 20:05:18 [scrapy.core.scraper] DEBUG: Scraped from <200 https://blogs.nasa.gov/Rocketology/tag/nasa-rocket/>
None
2021-07-23 20:05:19 [scrapy.core.engine] DEBUG: Crawled (200) <GET https://apod.nasa.gov/apod/ap140503.html> (referer: https://nasasearch.nasa.gov/)
2021-07-23 20:05:20 [scrapy.core.scraper] DEBUG: Scraped from <200 https://apod.nasa.gov/apod/ap140503.html>
None
2021-07-23 20:05:20 [scrapy.core.engine] DEBUG: Crawled (200) <GET https://history.nasa.gov/Biographies/glennan.html> (referer: https://nasasearch.nasa.gov/)
2021-07-23 20:05:20 [scrapy.core.scraper] DEBUG: Scraped from <200 https://history.nasa.gov/Biographies/glennan.html>
None
2021-07-23 20:05:21 [scrapy.extensions.logstats] INFO: Crawled 14 pages (at 14 pages/min), scraped 13 items (at 13 items/min)
2021-07-23 20:05:21 [scrapy.core.engine] DEBUG: Crawled (200) <GET https://apod.nasa.gov/apod/ap110326.html> (referer: https://nasasearch.nasa.gov/)
2021-07-23 20:05:21 [scrapy.core.scraper] DEBUG: Scraped from <200 https://apod.nasa.gov/apod/ap110326.html>
None
2021-07-23 20:05:23 [scrapy.core.engine] DEBUG: Crawled (200) <GET https://apod.nasa.gov/apod/ap010604.html> (referer: https://nasasearch.nasa.gov/)
2021-07-23 20:05:23 [scrapy.core.scraper] DEBUG: Scraped from <200 https://apod.nasa.gov/apod/ap010604.html>
None
2021-07-23 20:05:26 [scrapy.core.engine] DEBUG: Crawled (200) <GET https://apod.nasa.gov/apod/ap071213.html> (referer: https://nasasearch.nasa.gov/)
2021-07-23 20:05:26 [scrapy.core.engine] DEBUG: Crawled (200) <GET https://www.nasa.gov/home/hqnews/2011/jul/HQ_11-226_Threadless_T-Shirt_Contest.html> (referer: https://nasasearch.nasa.gov/)
2021-07-23 20:05:26 [scrapy.core.scraper] DEBUG: Scraped from <200 https://apod.nasa.gov/apod/ap071213.html>
None
2021-07-23 20:05:26 [scrapy.core.scraper] DEBUG: Scraped from <200 https://www.nasa.gov/home/hqnews/2011/jul/HQ_11-226_Threadless_T-Shirt_Contest.html>
None
2021-07-23 20:05:29 [scrapy.core.engine] DEBUG: Crawled (200) <GET https://apod.nasa.gov/apod/ap090803.html> (referer: https://nasasearch.nasa.gov/)
2021-07-23 20:05:29 [scrapy.core.scraper] DEBUG: Scraped from <200 https://apod.nasa.gov/apod/ap090803.html>
None
2021-07-23 20:05:30 [scrapy.core.engine] DEBUG: Crawled (200) <GET https://history.nasa.gov/biost-z.html> (referer: https://nasasearch.nasa.gov/)
2021-07-23 20:05:30 [scrapy.core.scraper] DEBUG: Scraped from <200 https://history.nasa.gov/biost-z.html>
None
2021-07-23 20:05:31 [scrapy.core.engine] DEBUG: Crawled (200) <GET https://history.nasa.gov/alsj/alsj-Tapemeters.html> (referer: https://nasasearch.nasa.gov/)
2021-07-23 20:05:31 [scrapy.core.scraper] DEBUG: Scraped from <200 https://history.nasa.gov/alsj/alsj-Tapemeters.html>
None
2021-07-23 20:05:31 [scrapy.core.engine] INFO: Closing spider (finished)
2021-07-23 20:05:31 [scrapy.statscollectors] INFO: Dumping Scrapy stats:
{'downloader/request_bytes': 9528,
 'downloader/request_count': 21,
 'downloader/request_method_count/GET': 21,
 'downloader/response_bytes': 634760,
 'downloader/response_count': 21,
 'downloader/response_status_count/200': 21,
 'elapsed_time_seconds': 70.646307,
 'finish_reason': 'finished',
 'finish_time': datetime.datetime(2021, 7, 23, 12, 5, 31, 671309),
 'httpcompression/response_bytes': 220273,
 'httpcompression/response_count': 2,
 'item_scraped_count': 20,
 'log_count/DEBUG': 243,
 'log_count/INFO': 55,
 'log_count/WARNING': 3,
 'request_depth_max': 1,
 'response_received_count': 21,
 'scheduler/dequeued': 21,
 'scheduler/dequeued/memory': 21,
 'scheduler/enqueued': 21,
 'scheduler/enqueued/memory': 21,
 'start_time': datetime.datetime(2021, 7, 23, 12, 4, 21, 25002)}
2021-07-23 20:05:31 [scrapy.core.engine] INFO: Spider closed (finished)
2021-07-23 20:05:31 [scrapy.utils.log] INFO: Scrapy 2.5.0 started (bot: TextProcessorScrapy)
2021-07-23 20:05:31 [scrapy.utils.log] INFO: Versions: lxml 4.6.3.0, libxml2 2.9.5, cssselect 1.1.0, parsel 1.6.0, w3lib 1.22.0, Twisted 21.2.0, Python 3.7.9 (default, Aug 31 2020, 17:10:11) [MSC v.1916 64 bit (AMD64)], pyOpenSSL 20.0.1 (OpenSSL 1.1.1k  25 Mar 2021), cryptography 3.4.7, Platform Windows-10-10.0.19041-SP0
2021-07-23 20:05:31 [scrapy.utils.log] DEBUG: Using reactor: twisted.internet.selectreactor.SelectReactor
2021-07-23 20:05:31 [scrapy.crawler] INFO: Overridden settings:
{'BOT_NAME': 'TextProcessorScrapy',
 'CONCURRENT_REQUESTS': 1,
 'CONCURRENT_REQUESTS_PER_DOMAIN': 32,
 'CONCURRENT_REQUESTS_PER_IP': 128,
 'COOKIES_ENABLED': False,
 'DOWNLOAD_DELAY': 2,
 'LOG_FILE': '../log/scrapy_2021_7_23_57.log',
 'NEWSPIDER_MODULE': 'TextProcessorScrapy.spiders',
 'REACTOR_THREADPOOL_MAXSIZE': 20,
 'REDIRECT_ENABLED': False,
 'SPIDER_MODULES': ['TextProcessorScrapy.spiders']}
2021-07-23 20:05:31 [scrapy.extensions.telnet] INFO: Telnet Password: c064e3b1d22b792a
2021-07-23 20:05:31 [scrapy.middleware] INFO: Enabled extensions:
['scrapy.extensions.corestats.CoreStats',
 'scrapy.extensions.telnet.TelnetConsole',
 'scrapy.extensions.logstats.LogStats']
2021-07-23 20:05:31 [scrapy.middleware] INFO: Enabled downloader middlewares:
['scrapy.downloadermiddlewares.httpauth.HttpAuthMiddleware',
 'scrapy.downloadermiddlewares.downloadtimeout.DownloadTimeoutMiddleware',
 'scrapy.downloadermiddlewares.defaultheaders.DefaultHeadersMiddleware',
 'scrapy.downloadermiddlewares.useragent.UserAgentMiddleware',
 'TextProcessorScrapy.middlewares.RandomUserAgentMiddleware',
 'TextProcessorScrapy.middlewares.HsNasaDownloaderMiddleware',
 'scrapy.downloadermiddlewares.retry.RetryMiddleware',
 'scrapy.downloadermiddlewares.redirect.MetaRefreshMiddleware',
 'scrapy.downloadermiddlewares.httpcompression.HttpCompressionMiddleware',
 'scrapy.downloadermiddlewares.httpproxy.HttpProxyMiddleware',
 'scrapy.downloadermiddlewares.stats.DownloaderStats']
2021-07-23 20:05:31 [scrapy.middleware] INFO: Enabled spider middlewares:
['scrapy.spidermiddlewares.httperror.HttpErrorMiddleware',
 'scrapy.spidermiddlewares.offsite.OffsiteMiddleware',
 'scrapy.spidermiddlewares.referer.RefererMiddleware',
 'scrapy.spidermiddlewares.urllength.UrlLengthMiddleware',
 'scrapy.spidermiddlewares.depth.DepthMiddleware']
2021-07-23 20:05:31 [TextProcessorScrapy.utils.utils] WARNING: Table data_nasa existed!
2021-07-23 20:05:31 [scrapy.middleware] INFO: Enabled item pipelines:
['TextProcessorScrapy.pipelines.HsNasaPipeline']
2021-07-23 20:05:31 [scrapy.core.engine] INFO: Spider opened
2021-07-23 20:05:31 [scrapy.extensions.logstats] INFO: Crawled 0 pages (at 0 pages/min), scraped 0 items (at 0 items/min)
2021-07-23 20:05:31 [NASA] INFO: Spider opened: NASA
2021-07-23 20:05:31 [scrapy.extensions.telnet] INFO: Telnet console listening on 127.0.0.1:6023
2021-07-23 20:05:31 [scrapy.crawler] INFO: Overridden settings:
{'BOT_NAME': 'TextProcessorScrapy',
 'CONCURRENT_REQUESTS': 2,
 'CONCURRENT_REQUESTS_PER_DOMAIN': 32,
 'CONCURRENT_REQUESTS_PER_IP': 128,
 'COOKIES_ENABLED': False,
 'DOWNLOAD_DELAY': 2,
 'LOG_FILE': '../log/scrapy_2021_7_23_57.log',
 'NEWSPIDER_MODULE': 'TextProcessorScrapy.spiders',
 'REACTOR_THREADPOOL_MAXSIZE': 20,
 'REDIRECT_ENABLED': False,
 'SPIDER_MODULES': ['TextProcessorScrapy.spiders']}
2021-07-23 20:05:31 [scrapy.extensions.telnet] INFO: Telnet Password: e30bfd2a5f63dd1d
2021-07-23 20:05:31 [scrapy.middleware] INFO: Enabled extensions:
['scrapy.extensions.corestats.CoreStats',
 'scrapy.extensions.telnet.TelnetConsole',
 'scrapy.extensions.logstats.LogStats']
2021-07-23 20:05:31 [scrapy.middleware] INFO: Enabled downloader middlewares:
['scrapy.downloadermiddlewares.httpauth.HttpAuthMiddleware',
 'scrapy.downloadermiddlewares.downloadtimeout.DownloadTimeoutMiddleware',
 'scrapy.downloadermiddlewares.defaultheaders.DefaultHeadersMiddleware',
 'scrapy.downloadermiddlewares.useragent.UserAgentMiddleware',
 'TextProcessorScrapy.middlewares.RandomUserAgentMiddleware',
 'TextProcessorScrapy.middlewares.HsNasaDownloaderMiddleware',
 'scrapy.downloadermiddlewares.retry.RetryMiddleware',
 'scrapy.downloadermiddlewares.redirect.MetaRefreshMiddleware',
 'scrapy.downloadermiddlewares.httpcompression.HttpCompressionMiddleware',
 'scrapy.downloadermiddlewares.httpproxy.HttpProxyMiddleware',
 'scrapy.downloadermiddlewares.stats.DownloaderStats']
2021-07-23 20:05:31 [scrapy.middleware] INFO: Enabled spider middlewares:
['scrapy.spidermiddlewares.httperror.HttpErrorMiddleware',
 'scrapy.spidermiddlewares.offsite.OffsiteMiddleware',
 'scrapy.spidermiddlewares.referer.RefererMiddleware',
 'scrapy.spidermiddlewares.urllength.UrlLengthMiddleware',
 'scrapy.spidermiddlewares.depth.DepthMiddleware']
2021-07-23 20:05:31 [scrapy.middleware] INFO: Enabled item pipelines:
['TextProcessorScrapy.pipelines.TwitterPipeline']
2021-07-23 20:05:31 [scrapy.core.engine] INFO: Spider opened
2021-07-23 20:05:31 [scrapy.extensions.logstats] INFO: Crawled 0 pages (at 0 pages/min), scraped 0 items (at 0 items/min)
2021-07-23 20:05:31 [twitter] INFO: Spider opened: twitter
2021-07-23 20:05:31 [scrapy.extensions.telnet] INFO: Telnet console listening on 127.0.0.1:6024
2021-07-23 20:05:31 [scrapy.crawler] INFO: Overridden settings:
{'BOT_NAME': 'TextProcessorScrapy',
 'CONCURRENT_REQUESTS': 1,
 'CONCURRENT_REQUESTS_PER_DOMAIN': 32,
 'CONCURRENT_REQUESTS_PER_IP': 128,
 'COOKIES_ENABLED': False,
 'DOWNLOAD_DELAY': 2,
 'LOG_FILE': '../log/scrapy_2021_7_23_57.log',
 'NEWSPIDER_MODULE': 'TextProcessorScrapy.spiders',
 'REACTOR_THREADPOOL_MAXSIZE': 20,
 'REDIRECT_ENABLED': False,
 'SPIDER_MODULES': ['TextProcessorScrapy.spiders']}
2021-07-23 20:05:31 [scrapy.extensions.telnet] INFO: Telnet Password: 774e291f4bc75a06
2021-07-23 20:05:31 [scrapy.middleware] INFO: Enabled extensions:
['scrapy.extensions.corestats.CoreStats',
 'scrapy.extensions.telnet.TelnetConsole',
 'scrapy.extensions.logstats.LogStats']
2021-07-23 20:05:32 [selenium.webdriver.remote.remote_connection] DEBUG: POST http://127.0.0.1:3359/session {"capabilities": {"firstMatch": [{}], "alwaysMatch": {"browserName": "chrome", "platformName": "any", "goog:chromeOptions": {"prefs": {"profile.default_content_setting_values": {"notifications": 2, "images": 2}}, "extensions": [], "args": ["--headless"]}}}, "desiredCapabilities": {"browserName": "chrome", "version": "", "platform": "ANY", "goog:chromeOptions": {"prefs": {"profile.default_content_setting_values": {"notifications": 2, "images": 2}}, "extensions": [], "args": ["--headless"]}}}
2021-07-23 20:05:32 [urllib3.connectionpool] DEBUG: Starting new HTTP connection (1): 127.0.0.1:3359
2021-07-23 20:05:33 [urllib3.connectionpool] DEBUG: http://127.0.0.1:3359 "POST /session HTTP/1.1" 200 752
2021-07-23 20:05:33 [selenium.webdriver.remote.remote_connection] DEBUG: Finished Request
2021-07-23 20:05:33 [selenium.webdriver.remote.remote_connection] DEBUG: POST http://127.0.0.1:3359/session/63c83b8f25b63e5a43150c6efaf593fd/timeouts {"implicit": 10000}
2021-07-23 20:05:33 [urllib3.connectionpool] DEBUG: http://127.0.0.1:3359 "POST /session/63c83b8f25b63e5a43150c6efaf593fd/timeouts HTTP/1.1" 200 14
2021-07-23 20:05:33 [selenium.webdriver.remote.remote_connection] DEBUG: Finished Request
2021-07-23 20:05:33 [scrapy.middleware] INFO: Enabled downloader middlewares:
['scrapy.downloadermiddlewares.httpauth.HttpAuthMiddleware',
 'scrapy.downloadermiddlewares.downloadtimeout.DownloadTimeoutMiddleware',
 'scrapy.downloadermiddlewares.defaultheaders.DefaultHeadersMiddleware',
 'scrapy.downloadermiddlewares.useragent.UserAgentMiddleware',
 'TextProcessorScrapy.middlewares.RandomUserAgentMiddleware',
 'TextProcessorScrapy.middlewares.HsNasaDownloaderMiddleware',
 'scrapy.downloadermiddlewares.retry.RetryMiddleware',
 'scrapy.downloadermiddlewares.redirect.MetaRefreshMiddleware',
 'scrapy.downloadermiddlewares.httpcompression.HttpCompressionMiddleware',
 'scrapy.downloadermiddlewares.httpproxy.HttpProxyMiddleware',
 'scrapy.downloadermiddlewares.stats.DownloaderStats']
2021-07-23 20:05:33 [scrapy.middleware] INFO: Enabled spider middlewares:
['scrapy.spidermiddlewares.httperror.HttpErrorMiddleware',
 'scrapy.spidermiddlewares.offsite.OffsiteMiddleware',
 'scrapy.spidermiddlewares.referer.RefererMiddleware',
 'scrapy.spidermiddlewares.urllength.UrlLengthMiddleware',
 'scrapy.spidermiddlewares.depth.DepthMiddleware']
2021-07-23 20:05:33 [TextProcessorScrapy.utils.utils] WARNING: Table data_facebook existed!
2021-07-23 20:05:33 [scrapy.middleware] INFO: Enabled item pipelines:
['TextProcessorScrapy.pipelines.FacebookPipeline']
2021-07-23 20:05:33 [scrapy.core.engine] INFO: Spider opened
2021-07-23 20:05:33 [scrapy.extensions.logstats] INFO: Crawled 0 pages (at 0 pages/min), scraped 0 items (at 0 items/min)
2021-07-23 20:05:33 [facebook] INFO: Spider opened: facebook
2021-07-23 20:05:33 [scrapy.extensions.telnet] INFO: Telnet console listening on 127.0.0.1:6025
2021-07-23 20:05:33 [scrapy.crawler] INFO: Overridden settings:
{'BOT_NAME': 'TextProcessorScrapy',
 'CONCURRENT_REQUESTS': 1,
 'CONCURRENT_REQUESTS_PER_DOMAIN': 32,
 'CONCURRENT_REQUESTS_PER_IP': 128,
 'COOKIES_ENABLED': False,
 'DOWNLOAD_DELAY': 2,
 'LOG_FILE': '../log/scrapy_2021_7_23_57.log',
 'NEWSPIDER_MODULE': 'TextProcessorScrapy.spiders',
 'REACTOR_THREADPOOL_MAXSIZE': 20,
 'REDIRECT_ENABLED': False,
 'SPIDER_MODULES': ['TextProcessorScrapy.spiders']}
2021-07-23 20:05:33 [scrapy.extensions.telnet] INFO: Telnet Password: 87b9fca76e6d3c84
2021-07-23 20:05:33 [scrapy.middleware] INFO: Enabled extensions:
['scrapy.extensions.corestats.CoreStats',
 'scrapy.extensions.telnet.TelnetConsole',
 'scrapy.extensions.logstats.LogStats']
2021-07-23 20:05:33 [scrapy.middleware] INFO: Enabled downloader middlewares:
['scrapy.downloadermiddlewares.httpauth.HttpAuthMiddleware',
 'scrapy.downloadermiddlewares.downloadtimeout.DownloadTimeoutMiddleware',
 'scrapy.downloadermiddlewares.defaultheaders.DefaultHeadersMiddleware',
 'scrapy.downloadermiddlewares.useragent.UserAgentMiddleware',
 'TextProcessorScrapy.middlewares.RandomUserAgentMiddleware',
 'TextProcessorScrapy.middlewares.HsNasaDownloaderMiddleware',
 'scrapy.downloadermiddlewares.retry.RetryMiddleware',
 'scrapy.downloadermiddlewares.redirect.MetaRefreshMiddleware',
 'scrapy.downloadermiddlewares.httpcompression.HttpCompressionMiddleware',
 'scrapy.downloadermiddlewares.httpproxy.HttpProxyMiddleware',
 'scrapy.downloadermiddlewares.stats.DownloaderStats']
2021-07-23 20:05:33 [scrapy.middleware] INFO: Enabled spider middlewares:
['scrapy.spidermiddlewares.httperror.HttpErrorMiddleware',
 'scrapy.spidermiddlewares.offsite.OffsiteMiddleware',
 'scrapy.spidermiddlewares.referer.RefererMiddleware',
 'scrapy.spidermiddlewares.urllength.UrlLengthMiddleware',
 'scrapy.spidermiddlewares.depth.DepthMiddleware']
2021-07-23 20:05:33 [TextProcessorScrapy.utils.utils] WARNING: Table data_aiaa existed!
2021-07-23 20:05:33 [scrapy.middleware] INFO: Enabled item pipelines:
['TextProcessorScrapy.pipelines.AiaaPipeline']
2021-07-23 20:05:33 [scrapy.core.engine] INFO: Spider opened
2021-07-23 20:05:33 [scrapy.extensions.logstats] INFO: Crawled 0 pages (at 0 pages/min), scraped 0 items (at 0 items/min)
2021-07-23 20:05:33 [aiaa] INFO: Spider opened: aiaa
2021-07-23 20:05:33 [scrapy.extensions.telnet] INFO: Telnet console listening on 127.0.0.1:6026
