2022-03-10 01:22:24 [scrapy.middleware] INFO: Enabled extensions:
['scrapy.extensions.corestats.CoreStats',
 'scrapy.extensions.memusage.MemoryUsage',
 'scrapy.extensions.logstats.LogStats']
2022-03-10 01:22:25 [selenium.webdriver.remote.remote_connection] DEBUG: POST http://127.0.0.1:52909/session {"capabilities": {"firstMatch": [{}], "alwaysMatch": {"browserName": "chrome", "platformName": "any", "goog:chromeOptions": {"prefs": {"profile.default_content_setting_values": {"notifications": 2, "images": 2}}, "extensions": [], "args": ["--no-sandbox", "--disable-dev-shm-usage", "--headless"]}}}, "desiredCapabilities": {"browserName": "chrome", "version": "", "platform": "ANY", "goog:chromeOptions": {"prefs": {"profile.default_content_setting_values": {"notifications": 2, "images": 2}}, "extensions": [], "args": ["--no-sandbox", "--disable-dev-shm-usage", "--headless"]}}}
2022-03-10 01:22:25 [urllib3.connectionpool] DEBUG: Starting new HTTP connection (1): 127.0.0.1:52909
2022-03-10 01:22:25 [urllib3.connectionpool] DEBUG: http://127.0.0.1:52909 "POST /session HTTP/1.1" 200 753
2022-03-10 01:22:25 [selenium.webdriver.remote.remote_connection] DEBUG: Finished Request
2022-03-10 01:22:25 [selenium.webdriver.remote.remote_connection] DEBUG: POST http://127.0.0.1:52909/session/b3ef0a82fa796325437b035221420471/timeouts {"implicit": 1000}
2022-03-10 01:22:25 [urllib3.connectionpool] DEBUG: http://127.0.0.1:52909 "POST /session/b3ef0a82fa796325437b035221420471/timeouts HTTP/1.1" 200 14
2022-03-10 01:22:25 [selenium.webdriver.remote.remote_connection] DEBUG: Finished Request
2022-03-10 01:22:25 [scrapy.middleware] INFO: Enabled downloader middlewares:
['scrapy.downloadermiddlewares.httpauth.HttpAuthMiddleware',
 'scrapy.downloadermiddlewares.downloadtimeout.DownloadTimeoutMiddleware',
 'scrapy.downloadermiddlewares.defaultheaders.DefaultHeadersMiddleware',
 'scrapy.downloadermiddlewares.useragent.UserAgentMiddleware',
 'TextProcessorScrapy.middlewares.RandomUserAgentMiddleware',
 'TextProcessorScrapy.middlewares.TextCrawlDownloaderMiddleware',
 'scrapy.downloadermiddlewares.retry.RetryMiddleware',
 'scrapy.downloadermiddlewares.redirect.MetaRefreshMiddleware',
 'scrapy.downloadermiddlewares.httpcompression.HttpCompressionMiddleware',
 'scrapy.downloadermiddlewares.redirect.RedirectMiddleware',
 'scrapy.downloadermiddlewares.cookies.CookiesMiddleware',
 'scrapy.downloadermiddlewares.httpproxy.HttpProxyMiddleware',
 'scrapy.downloadermiddlewares.stats.DownloaderStats']
2022-03-10 01:22:25 [scrapy.middleware] INFO: Enabled spider middlewares:
['scrapy.spidermiddlewares.httperror.HttpErrorMiddleware',
 'scrapy.spidermiddlewares.offsite.OffsiteMiddleware',
 'scrapy.spidermiddlewares.referer.RefererMiddleware',
 'scrapy.spidermiddlewares.urllength.UrlLengthMiddleware',
 'scrapy.spidermiddlewares.depth.DepthMiddleware']
2022-03-10 01:22:25 [scrapy.middleware] INFO: Enabled item pipelines:
['TextProcessorScrapy.pipelines.ImagePipeline',
 'TextProcessorScrapy.pipelines.BaiduPipeline']
2022-03-10 01:22:25 [scrapy.core.engine] INFO: Spider opened
2022-03-10 01:22:25 [scrapy.extensions.logstats] INFO: Crawled 0 pages (at 0 pages/min), scraped 0 items (at 0 items/min)
2022-03-10 01:22:25 [baidu] INFO: Spider opened: baidu
2022-03-10 01:22:25 [scrapy.crawler] INFO: Overridden settings:
{'BOT_NAME': 'TextProcessorScrapy',
 'COMMANDS_MODULE': 'TextProcessorScrapy.commands',
 'CONCURRENT_REQUESTS': 1,
 'CONCURRENT_REQUESTS_PER_DOMAIN': 32,
 'CONCURRENT_REQUESTS_PER_IP': 128,
 'LOG_FILE': 'log/scrapy_2022_3_10_1.log',
 'NEWSPIDER_MODULE': 'TextProcessorScrapy.spiders',
 'REACTOR_THREADPOOL_MAXSIZE': 20,
 'SPIDER_MODULES': ['TextProcessorScrapy.spiders'],
 'TELNETCONSOLE_ENABLED': False}
2022-03-10 01:22:25 [scrapy.middleware] INFO: Enabled extensions:
['scrapy.extensions.corestats.CoreStats',
 'scrapy.extensions.memusage.MemoryUsage',
 'scrapy.extensions.logstats.LogStats']
2022-03-10 01:22:26 [selenium.webdriver.remote.remote_connection] DEBUG: POST http://127.0.0.1:38011/session {"capabilities": {"firstMatch": [{}], "alwaysMatch": {"browserName": "chrome", "platformName": "any", "goog:chromeOptions": {"prefs": {"profile.default_content_setting_values": {"notifications": 2, "images": 2}}, "extensions": [], "args": ["--no-sandbox", "--disable-dev-shm-usage", "--headless"]}}}, "desiredCapabilities": {"browserName": "chrome", "version": "", "platform": "ANY", "goog:chromeOptions": {"prefs": {"profile.default_content_setting_values": {"notifications": 2, "images": 2}}, "extensions": [], "args": ["--no-sandbox", "--disable-dev-shm-usage", "--headless"]}}}
2022-03-10 01:22:26 [urllib3.connectionpool] DEBUG: Starting new HTTP connection (1): 127.0.0.1:38011
2022-03-10 01:22:26 [urllib3.connectionpool] DEBUG: http://127.0.0.1:38011 "POST /session HTTP/1.1" 200 753
2022-03-10 01:22:26 [selenium.webdriver.remote.remote_connection] DEBUG: Finished Request
2022-03-10 01:22:26 [selenium.webdriver.remote.remote_connection] DEBUG: POST http://127.0.0.1:38011/session/add0e7bcb79ac104acd0e3c3cbf55f4f/timeouts {"implicit": 1000}
2022-03-10 01:22:26 [urllib3.connectionpool] DEBUG: http://127.0.0.1:38011 "POST /session/add0e7bcb79ac104acd0e3c3cbf55f4f/timeouts HTTP/1.1" 200 14
2022-03-10 01:22:26 [selenium.webdriver.remote.remote_connection] DEBUG: Finished Request
2022-03-10 01:22:26 [scrapy.middleware] INFO: Enabled downloader middlewares:
['scrapy.downloadermiddlewares.httpauth.HttpAuthMiddleware',
 'scrapy.downloadermiddlewares.downloadtimeout.DownloadTimeoutMiddleware',
 'scrapy.downloadermiddlewares.defaultheaders.DefaultHeadersMiddleware',
 'scrapy.downloadermiddlewares.useragent.UserAgentMiddleware',
 'TextProcessorScrapy.middlewares.RandomUserAgentMiddleware',
 'TextProcessorScrapy.middlewares.TextCrawlDownloaderMiddleware',
 'scrapy.downloadermiddlewares.retry.RetryMiddleware',
 'scrapy.downloadermiddlewares.redirect.MetaRefreshMiddleware',
 'scrapy.downloadermiddlewares.httpcompression.HttpCompressionMiddleware',
 'scrapy.downloadermiddlewares.redirect.RedirectMiddleware',
 'scrapy.downloadermiddlewares.cookies.CookiesMiddleware',
 'scrapy.downloadermiddlewares.httpproxy.HttpProxyMiddleware',
 'scrapy.downloadermiddlewares.stats.DownloaderStats']
2022-03-10 01:22:26 [scrapy.middleware] INFO: Enabled spider middlewares:
['scrapy.spidermiddlewares.httperror.HttpErrorMiddleware',
 'scrapy.spidermiddlewares.offsite.OffsiteMiddleware',
 'scrapy.spidermiddlewares.referer.RefererMiddleware',
 'scrapy.spidermiddlewares.urllength.UrlLengthMiddleware',
 'scrapy.spidermiddlewares.depth.DepthMiddleware']
2022-03-10 01:22:26 [scrapy.middleware] INFO: Enabled item pipelines:
['TextProcessorScrapy.pipelines.ImagePipeline',
 'TextProcessorScrapy.pipelines.BaiduPipeline']
2022-03-10 01:22:26 [scrapy.core.engine] INFO: Spider opened
2022-03-10 01:22:26 [scrapy.extensions.logstats] INFO: Crawled 0 pages (at 0 pages/min), scraped 0 items (at 0 items/min)
2022-03-10 01:22:26 [baidu] INFO: Spider opened: baidu
2022-03-10 01:22:26 [scrapy.crawler] INFO: Overridden settings:
{'BOT_NAME': 'TextProcessorScrapy',
 'COMMANDS_MODULE': 'TextProcessorScrapy.commands',
 'CONCURRENT_REQUESTS': 1,
 'CONCURRENT_REQUESTS_PER_DOMAIN': 32,
 'CONCURRENT_REQUESTS_PER_IP': 128,
 'LOG_FILE': 'log/scrapy_2022_3_10_1.log',
 'NEWSPIDER_MODULE': 'TextProcessorScrapy.spiders',
 'REACTOR_THREADPOOL_MAXSIZE': 20,
 'SPIDER_MODULES': ['TextProcessorScrapy.spiders'],
 'TELNETCONSOLE_ENABLED': False}
2022-03-10 01:22:26 [scrapy.middleware] INFO: Enabled extensions:
['scrapy.extensions.corestats.CoreStats',
 'scrapy.extensions.memusage.MemoryUsage',
 'scrapy.extensions.logstats.LogStats']
2022-03-10 01:22:27 [selenium.webdriver.remote.remote_connection] DEBUG: POST http://127.0.0.1:48873/session {"capabilities": {"firstMatch": [{}], "alwaysMatch": {"browserName": "chrome", "platformName": "any", "goog:chromeOptions": {"prefs": {"profile.default_content_setting_values": {"notifications": 2, "images": 2}}, "extensions": [], "args": ["--no-sandbox", "--disable-dev-shm-usage", "--headless"]}}}, "desiredCapabilities": {"browserName": "chrome", "version": "", "platform": "ANY", "goog:chromeOptions": {"prefs": {"profile.default_content_setting_values": {"notifications": 2, "images": 2}}, "extensions": [], "args": ["--no-sandbox", "--disable-dev-shm-usage", "--headless"]}}}
2022-03-10 01:22:27 [urllib3.connectionpool] DEBUG: Starting new HTTP connection (1): 127.0.0.1:48873
2022-03-10 01:22:27 [urllib3.connectionpool] DEBUG: http://127.0.0.1:48873 "POST /session HTTP/1.1" 200 753
2022-03-10 01:22:27 [selenium.webdriver.remote.remote_connection] DEBUG: Finished Request
2022-03-10 01:22:27 [selenium.webdriver.remote.remote_connection] DEBUG: POST http://127.0.0.1:48873/session/155381ee683fdb1b0c3bb19f53148a43/timeouts {"implicit": 1000}
2022-03-10 01:22:27 [urllib3.connectionpool] DEBUG: http://127.0.0.1:48873 "POST /session/155381ee683fdb1b0c3bb19f53148a43/timeouts HTTP/1.1" 200 14
2022-03-10 01:22:27 [selenium.webdriver.remote.remote_connection] DEBUG: Finished Request
2022-03-10 01:22:27 [scrapy.middleware] INFO: Enabled downloader middlewares:
['scrapy.downloadermiddlewares.httpauth.HttpAuthMiddleware',
 'scrapy.downloadermiddlewares.downloadtimeout.DownloadTimeoutMiddleware',
 'scrapy.downloadermiddlewares.defaultheaders.DefaultHeadersMiddleware',
 'scrapy.downloadermiddlewares.useragent.UserAgentMiddleware',
 'TextProcessorScrapy.middlewares.RandomUserAgentMiddleware',
 'TextProcessorScrapy.middlewares.TextCrawlDownloaderMiddleware',
 'scrapy.downloadermiddlewares.retry.RetryMiddleware',
 'scrapy.downloadermiddlewares.redirect.MetaRefreshMiddleware',
 'scrapy.downloadermiddlewares.httpcompression.HttpCompressionMiddleware',
 'scrapy.downloadermiddlewares.redirect.RedirectMiddleware',
 'scrapy.downloadermiddlewares.cookies.CookiesMiddleware',
 'scrapy.downloadermiddlewares.httpproxy.HttpProxyMiddleware',
 'scrapy.downloadermiddlewares.stats.DownloaderStats']
2022-03-10 01:22:27 [scrapy.middleware] INFO: Enabled spider middlewares:
['scrapy.spidermiddlewares.httperror.HttpErrorMiddleware',
 'scrapy.spidermiddlewares.offsite.OffsiteMiddleware',
 'scrapy.spidermiddlewares.referer.RefererMiddleware',
 'scrapy.spidermiddlewares.urllength.UrlLengthMiddleware',
 'scrapy.spidermiddlewares.depth.DepthMiddleware']
2022-03-10 01:22:27 [scrapy.middleware] INFO: Enabled item pipelines:
['TextProcessorScrapy.pipelines.ImagePipeline',
 'TextProcessorScrapy.pipelines.BaiduPipeline']
2022-03-10 01:22:27 [scrapy.core.engine] INFO: Spider opened
2022-03-10 01:22:27 [scrapy.extensions.logstats] INFO: Crawled 0 pages (at 0 pages/min), scraped 0 items (at 0 items/min)
2022-03-10 01:22:27 [baidu] INFO: Spider opened: baidu
2022-03-10 01:22:27 [scrapy.crawler] INFO: Overridden settings:
{'BOT_NAME': 'TextProcessorScrapy',
 'COMMANDS_MODULE': 'TextProcessorScrapy.commands',
 'CONCURRENT_REQUESTS': 1,
 'CONCURRENT_REQUESTS_PER_DOMAIN': 32,
 'CONCURRENT_REQUESTS_PER_IP': 128,
 'LOG_FILE': 'log/scrapy_2022_3_10_1.log',
 'NEWSPIDER_MODULE': 'TextProcessorScrapy.spiders',
 'REACTOR_THREADPOOL_MAXSIZE': 20,
 'SPIDER_MODULES': ['TextProcessorScrapy.spiders'],
 'TELNETCONSOLE_ENABLED': False}
2022-03-10 01:22:27 [scrapy.middleware] INFO: Enabled extensions:
['scrapy.extensions.corestats.CoreStats',
 'scrapy.extensions.memusage.MemoryUsage',
 'scrapy.extensions.logstats.LogStats']
2022-03-10 01:22:28 [selenium.webdriver.remote.remote_connection] DEBUG: POST http://127.0.0.1:51453/session {"capabilities": {"firstMatch": [{}], "alwaysMatch": {"browserName": "chrome", "platformName": "any", "goog:chromeOptions": {"prefs": {"profile.default_content_setting_values": {"notifications": 2, "images": 2}}, "extensions": [], "args": ["--no-sandbox", "--disable-dev-shm-usage", "--headless"]}}}, "desiredCapabilities": {"browserName": "chrome", "version": "", "platform": "ANY", "goog:chromeOptions": {"prefs": {"profile.default_content_setting_values": {"notifications": 2, "images": 2}}, "extensions": [], "args": ["--no-sandbox", "--disable-dev-shm-usage", "--headless"]}}}
2022-03-10 01:22:28 [urllib3.connectionpool] DEBUG: Starting new HTTP connection (1): 127.0.0.1:51453
2022-03-10 01:22:29 [urllib3.connectionpool] DEBUG: http://127.0.0.1:51453 "POST /session HTTP/1.1" 200 753
2022-03-10 01:22:29 [selenium.webdriver.remote.remote_connection] DEBUG: Finished Request
2022-03-10 01:22:29 [selenium.webdriver.remote.remote_connection] DEBUG: POST http://127.0.0.1:51453/session/ad689a91a3387edda82ebc8f9732cf28/timeouts {"implicit": 1000}
2022-03-10 01:22:29 [urllib3.connectionpool] DEBUG: http://127.0.0.1:51453 "POST /session/ad689a91a3387edda82ebc8f9732cf28/timeouts HTTP/1.1" 200 14
2022-03-10 01:22:29 [selenium.webdriver.remote.remote_connection] DEBUG: Finished Request
2022-03-10 01:22:29 [scrapy.middleware] INFO: Enabled downloader middlewares:
['scrapy.downloadermiddlewares.httpauth.HttpAuthMiddleware',
 'scrapy.downloadermiddlewares.downloadtimeout.DownloadTimeoutMiddleware',
 'scrapy.downloadermiddlewares.defaultheaders.DefaultHeadersMiddleware',
 'scrapy.downloadermiddlewares.useragent.UserAgentMiddleware',
 'TextProcessorScrapy.middlewares.RandomUserAgentMiddleware',
 'TextProcessorScrapy.middlewares.TextCrawlDownloaderMiddleware',
 'scrapy.downloadermiddlewares.retry.RetryMiddleware',
 'scrapy.downloadermiddlewares.redirect.MetaRefreshMiddleware',
 'scrapy.downloadermiddlewares.httpcompression.HttpCompressionMiddleware',
 'scrapy.downloadermiddlewares.redirect.RedirectMiddleware',
 'scrapy.downloadermiddlewares.cookies.CookiesMiddleware',
 'scrapy.downloadermiddlewares.httpproxy.HttpProxyMiddleware',
 'scrapy.downloadermiddlewares.stats.DownloaderStats']
2022-03-10 01:22:29 [scrapy.middleware] INFO: Enabled spider middlewares:
['scrapy.spidermiddlewares.httperror.HttpErrorMiddleware',
 'scrapy.spidermiddlewares.offsite.OffsiteMiddleware',
 'scrapy.spidermiddlewares.referer.RefererMiddleware',
 'scrapy.spidermiddlewares.urllength.UrlLengthMiddleware',
 'scrapy.spidermiddlewares.depth.DepthMiddleware']
2022-03-10 01:22:29 [scrapy.middleware] INFO: Enabled item pipelines:
['TextProcessorScrapy.pipelines.ImagePipeline',
 'TextProcessorScrapy.pipelines.BaiduPipeline']
2022-03-10 01:22:29 [scrapy.core.engine] INFO: Spider opened
2022-03-10 01:22:29 [scrapy.extensions.logstats] INFO: Crawled 0 pages (at 0 pages/min), scraped 0 items (at 0 items/min)
2022-03-10 01:22:29 [baidu] INFO: Spider opened: baidu
2022-03-10 01:22:29 [scrapy.crawler] INFO: Overridden settings:
{'BOT_NAME': 'TextProcessorScrapy',
 'COMMANDS_MODULE': 'TextProcessorScrapy.commands',
 'CONCURRENT_REQUESTS': 1,
 'CONCURRENT_REQUESTS_PER_DOMAIN': 32,
 'CONCURRENT_REQUESTS_PER_IP': 128,
 'LOG_FILE': 'log/scrapy_2022_3_10_1.log',
 'NEWSPIDER_MODULE': 'TextProcessorScrapy.spiders',
 'REACTOR_THREADPOOL_MAXSIZE': 20,
 'SPIDER_MODULES': ['TextProcessorScrapy.spiders'],
 'TELNETCONSOLE_ENABLED': False}
2022-03-10 01:22:29 [scrapy.middleware] INFO: Enabled extensions:
['scrapy.extensions.corestats.CoreStats',
 'scrapy.extensions.memusage.MemoryUsage',
 'scrapy.extensions.logstats.LogStats']
2022-03-10 01:22:30 [selenium.webdriver.remote.remote_connection] DEBUG: POST http://127.0.0.1:33031/session {"capabilities": {"firstMatch": [{}], "alwaysMatch": {"browserName": "chrome", "platformName": "any", "goog:chromeOptions": {"prefs": {"profile.default_content_setting_values": {"notifications": 2, "images": 2}}, "extensions": [], "args": ["--no-sandbox", "--disable-dev-shm-usage", "--headless"]}}}, "desiredCapabilities": {"browserName": "chrome", "version": "", "platform": "ANY", "goog:chromeOptions": {"prefs": {"profile.default_content_setting_values": {"notifications": 2, "images": 2}}, "extensions": [], "args": ["--no-sandbox", "--disable-dev-shm-usage", "--headless"]}}}
2022-03-10 01:22:30 [urllib3.connectionpool] DEBUG: Starting new HTTP connection (1): 127.0.0.1:33031
2022-03-10 01:22:30 [urllib3.connectionpool] DEBUG: http://127.0.0.1:33031 "POST /session HTTP/1.1" 200 753
2022-03-10 01:22:30 [selenium.webdriver.remote.remote_connection] DEBUG: Finished Request
2022-03-10 01:22:30 [selenium.webdriver.remote.remote_connection] DEBUG: POST http://127.0.0.1:33031/session/292a60411db45e68efd1797902dc4b42/timeouts {"implicit": 1000}
2022-03-10 01:22:30 [urllib3.connectionpool] DEBUG: http://127.0.0.1:33031 "POST /session/292a60411db45e68efd1797902dc4b42/timeouts HTTP/1.1" 200 14
2022-03-10 01:22:30 [selenium.webdriver.remote.remote_connection] DEBUG: Finished Request
2022-03-10 01:22:30 [scrapy.middleware] INFO: Enabled downloader middlewares:
['scrapy.downloadermiddlewares.httpauth.HttpAuthMiddleware',
 'scrapy.downloadermiddlewares.downloadtimeout.DownloadTimeoutMiddleware',
 'scrapy.downloadermiddlewares.defaultheaders.DefaultHeadersMiddleware',
 'scrapy.downloadermiddlewares.useragent.UserAgentMiddleware',
 'TextProcessorScrapy.middlewares.RandomUserAgentMiddleware',
 'TextProcessorScrapy.middlewares.TextCrawlDownloaderMiddleware',
 'scrapy.downloadermiddlewares.retry.RetryMiddleware',
 'scrapy.downloadermiddlewares.redirect.MetaRefreshMiddleware',
 'scrapy.downloadermiddlewares.httpcompression.HttpCompressionMiddleware',
 'scrapy.downloadermiddlewares.redirect.RedirectMiddleware',
 'scrapy.downloadermiddlewares.cookies.CookiesMiddleware',
 'scrapy.downloadermiddlewares.httpproxy.HttpProxyMiddleware',
 'scrapy.downloadermiddlewares.stats.DownloaderStats']
2022-03-10 01:22:30 [scrapy.middleware] INFO: Enabled spider middlewares:
['scrapy.spidermiddlewares.httperror.HttpErrorMiddleware',
 'scrapy.spidermiddlewares.offsite.OffsiteMiddleware',
 'scrapy.spidermiddlewares.referer.RefererMiddleware',
 'scrapy.spidermiddlewares.urllength.UrlLengthMiddleware',
 'scrapy.spidermiddlewares.depth.DepthMiddleware']
2022-03-10 01:22:30 [scrapy.middleware] INFO: Enabled item pipelines:
['TextProcessorScrapy.pipelines.ImagePipeline',
 'TextProcessorScrapy.pipelines.BaiduPipeline']
2022-03-10 01:22:30 [scrapy.core.engine] INFO: Spider opened
2022-03-10 01:22:30 [scrapy.extensions.logstats] INFO: Crawled 0 pages (at 0 pages/min), scraped 0 items (at 0 items/min)
2022-03-10 01:22:30 [baidu] INFO: Spider opened: baidu
2022-03-10 01:22:30 [scrapy.crawler] INFO: Overridden settings:
{'BOT_NAME': 'TextProcessorScrapy',
 'COMMANDS_MODULE': 'TextProcessorScrapy.commands',
 'CONCURRENT_REQUESTS': 1,
 'CONCURRENT_REQUESTS_PER_DOMAIN': 32,
 'CONCURRENT_REQUESTS_PER_IP': 128,
 'LOG_FILE': 'log/scrapy_2022_3_10_1.log',
 'NEWSPIDER_MODULE': 'TextProcessorScrapy.spiders',
 'REACTOR_THREADPOOL_MAXSIZE': 20,
 'SPIDER_MODULES': ['TextProcessorScrapy.spiders'],
 'TELNETCONSOLE_ENABLED': False}
2022-03-10 01:22:30 [scrapy.middleware] INFO: Enabled extensions:
['scrapy.extensions.corestats.CoreStats',
 'scrapy.extensions.memusage.MemoryUsage',
 'scrapy.extensions.logstats.LogStats']
2022-03-10 01:22:31 [selenium.webdriver.remote.remote_connection] DEBUG: POST http://127.0.0.1:48797/session {"capabilities": {"firstMatch": [{}], "alwaysMatch": {"browserName": "chrome", "platformName": "any", "goog:chromeOptions": {"prefs": {"profile.default_content_setting_values": {"notifications": 2, "images": 2}}, "extensions": [], "args": ["--no-sandbox", "--disable-dev-shm-usage", "--headless"]}}}, "desiredCapabilities": {"browserName": "chrome", "version": "", "platform": "ANY", "goog:chromeOptions": {"prefs": {"profile.default_content_setting_values": {"notifications": 2, "images": 2}}, "extensions": [], "args": ["--no-sandbox", "--disable-dev-shm-usage", "--headless"]}}}
2022-03-10 01:22:31 [urllib3.connectionpool] DEBUG: Starting new HTTP connection (1): 127.0.0.1:48797
2022-03-10 01:22:31 [urllib3.connectionpool] DEBUG: http://127.0.0.1:48797 "POST /session HTTP/1.1" 200 753
2022-03-10 01:22:31 [selenium.webdriver.remote.remote_connection] DEBUG: Finished Request
2022-03-10 01:22:31 [selenium.webdriver.remote.remote_connection] DEBUG: POST http://127.0.0.1:48797/session/195eab9b80ab4da1b397647770d2c425/timeouts {"implicit": 1000}
2022-03-10 01:22:31 [urllib3.connectionpool] DEBUG: http://127.0.0.1:48797 "POST /session/195eab9b80ab4da1b397647770d2c425/timeouts HTTP/1.1" 200 14
2022-03-10 01:22:31 [selenium.webdriver.remote.remote_connection] DEBUG: Finished Request
2022-03-10 01:22:31 [scrapy.middleware] INFO: Enabled downloader middlewares:
['scrapy.downloadermiddlewares.httpauth.HttpAuthMiddleware',
 'scrapy.downloadermiddlewares.downloadtimeout.DownloadTimeoutMiddleware',
 'scrapy.downloadermiddlewares.defaultheaders.DefaultHeadersMiddleware',
 'scrapy.downloadermiddlewares.useragent.UserAgentMiddleware',
 'TextProcessorScrapy.middlewares.RandomUserAgentMiddleware',
 'TextProcessorScrapy.middlewares.TextCrawlDownloaderMiddleware',
 'scrapy.downloadermiddlewares.retry.RetryMiddleware',
 'scrapy.downloadermiddlewares.redirect.MetaRefreshMiddleware',
 'scrapy.downloadermiddlewares.httpcompression.HttpCompressionMiddleware',
 'scrapy.downloadermiddlewares.redirect.RedirectMiddleware',
 'scrapy.downloadermiddlewares.cookies.CookiesMiddleware',
 'scrapy.downloadermiddlewares.httpproxy.HttpProxyMiddleware',
 'scrapy.downloadermiddlewares.stats.DownloaderStats']
2022-03-10 01:22:31 [scrapy.middleware] INFO: Enabled spider middlewares:
['scrapy.spidermiddlewares.httperror.HttpErrorMiddleware',
 'scrapy.spidermiddlewares.offsite.OffsiteMiddleware',
 'scrapy.spidermiddlewares.referer.RefererMiddleware',
 'scrapy.spidermiddlewares.urllength.UrlLengthMiddleware',
 'scrapy.spidermiddlewares.depth.DepthMiddleware']
2022-03-10 01:22:31 [scrapy.middleware] INFO: Enabled item pipelines:
['TextProcessorScrapy.pipelines.ImagePipeline',
 'TextProcessorScrapy.pipelines.BaiduPipeline']
2022-03-10 01:22:31 [scrapy.core.engine] INFO: Spider opened
2022-03-10 01:22:31 [scrapy.extensions.logstats] INFO: Crawled 0 pages (at 0 pages/min), scraped 0 items (at 0 items/min)
2022-03-10 01:22:31 [baidu] INFO: Spider opened: baidu
2022-03-10 01:22:31 [scrapy.crawler] INFO: Overridden settings:
{'BOT_NAME': 'TextProcessorScrapy',
 'COMMANDS_MODULE': 'TextProcessorScrapy.commands',
 'CONCURRENT_REQUESTS': 1,
 'CONCURRENT_REQUESTS_PER_DOMAIN': 32,
 'CONCURRENT_REQUESTS_PER_IP': 128,
 'LOG_FILE': 'log/scrapy_2022_3_10_1.log',
 'NEWSPIDER_MODULE': 'TextProcessorScrapy.spiders',
 'REACTOR_THREADPOOL_MAXSIZE': 20,
 'SPIDER_MODULES': ['TextProcessorScrapy.spiders'],
 'TELNETCONSOLE_ENABLED': False}
2022-03-10 01:22:31 [scrapy.middleware] INFO: Enabled extensions:
['scrapy.extensions.corestats.CoreStats',
 'scrapy.extensions.memusage.MemoryUsage',
 'scrapy.extensions.logstats.LogStats']
2022-03-10 01:22:32 [selenium.webdriver.remote.remote_connection] DEBUG: POST http://127.0.0.1:33999/session {"capabilities": {"firstMatch": [{}], "alwaysMatch": {"browserName": "chrome", "platformName": "any", "goog:chromeOptions": {"prefs": {"profile.default_content_setting_values": {"notifications": 2, "images": 2}}, "extensions": [], "args": ["--no-sandbox", "--disable-dev-shm-usage", "--headless"]}}}, "desiredCapabilities": {"browserName": "chrome", "version": "", "platform": "ANY", "goog:chromeOptions": {"prefs": {"profile.default_content_setting_values": {"notifications": 2, "images": 2}}, "extensions": [], "args": ["--no-sandbox", "--disable-dev-shm-usage", "--headless"]}}}
2022-03-10 01:22:32 [urllib3.connectionpool] DEBUG: Starting new HTTP connection (1): 127.0.0.1:33999
2022-03-10 01:22:32 [urllib3.connectionpool] DEBUG: http://127.0.0.1:33999 "POST /session HTTP/1.1" 200 753
2022-03-10 01:22:32 [selenium.webdriver.remote.remote_connection] DEBUG: Finished Request
2022-03-10 01:22:32 [selenium.webdriver.remote.remote_connection] DEBUG: POST http://127.0.0.1:33999/session/b31045a5b393859d4d124360f975511a/timeouts {"implicit": 1000}
2022-03-10 01:22:32 [urllib3.connectionpool] DEBUG: http://127.0.0.1:33999 "POST /session/b31045a5b393859d4d124360f975511a/timeouts HTTP/1.1" 200 14
2022-03-10 01:22:32 [selenium.webdriver.remote.remote_connection] DEBUG: Finished Request
2022-03-10 01:22:32 [scrapy.middleware] INFO: Enabled downloader middlewares:
['scrapy.downloadermiddlewares.httpauth.HttpAuthMiddleware',
 'scrapy.downloadermiddlewares.downloadtimeout.DownloadTimeoutMiddleware',
 'scrapy.downloadermiddlewares.defaultheaders.DefaultHeadersMiddleware',
 'scrapy.downloadermiddlewares.useragent.UserAgentMiddleware',
 'TextProcessorScrapy.middlewares.RandomUserAgentMiddleware',
 'TextProcessorScrapy.middlewares.TextCrawlDownloaderMiddleware',
 'scrapy.downloadermiddlewares.retry.RetryMiddleware',
 'scrapy.downloadermiddlewares.redirect.MetaRefreshMiddleware',
 'scrapy.downloadermiddlewares.httpcompression.HttpCompressionMiddleware',
 'scrapy.downloadermiddlewares.redirect.RedirectMiddleware',
 'scrapy.downloadermiddlewares.cookies.CookiesMiddleware',
 'scrapy.downloadermiddlewares.httpproxy.HttpProxyMiddleware',
 'scrapy.downloadermiddlewares.stats.DownloaderStats']
2022-03-10 01:22:32 [scrapy.middleware] INFO: Enabled spider middlewares:
['scrapy.spidermiddlewares.httperror.HttpErrorMiddleware',
 'scrapy.spidermiddlewares.offsite.OffsiteMiddleware',
 'scrapy.spidermiddlewares.referer.RefererMiddleware',
 'scrapy.spidermiddlewares.urllength.UrlLengthMiddleware',
 'scrapy.spidermiddlewares.depth.DepthMiddleware']
2022-03-10 01:22:32 [scrapy.middleware] INFO: Enabled item pipelines:
['TextProcessorScrapy.pipelines.ImagePipeline',
 'TextProcessorScrapy.pipelines.BaiduPipeline']
2022-03-10 01:22:32 [scrapy.core.engine] INFO: Spider opened
2022-03-10 01:22:32 [scrapy.extensions.logstats] INFO: Crawled 0 pages (at 0 pages/min), scraped 0 items (at 0 items/min)
2022-03-10 01:22:32 [baidu] INFO: Spider opened: baidu
2022-03-10 01:22:32 [scrapy.crawler] INFO: Overridden settings:
{'BOT_NAME': 'TextProcessorScrapy',
 'COMMANDS_MODULE': 'TextProcessorScrapy.commands',
 'CONCURRENT_REQUESTS': 1,
 'CONCURRENT_REQUESTS_PER_DOMAIN': 32,
 'CONCURRENT_REQUESTS_PER_IP': 128,
 'LOG_FILE': 'log/scrapy_2022_3_10_1.log',
 'NEWSPIDER_MODULE': 'TextProcessorScrapy.spiders',
 'REACTOR_THREADPOOL_MAXSIZE': 20,
 'SPIDER_MODULES': ['TextProcessorScrapy.spiders'],
 'TELNETCONSOLE_ENABLED': False}
2022-03-10 01:22:32 [scrapy.middleware] INFO: Enabled extensions:
['scrapy.extensions.corestats.CoreStats',
 'scrapy.extensions.memusage.MemoryUsage',
 'scrapy.extensions.logstats.LogStats']
2022-03-10 01:22:33 [selenium.webdriver.remote.remote_connection] DEBUG: POST http://127.0.0.1:43421/session {"capabilities": {"firstMatch": [{}], "alwaysMatch": {"browserName": "chrome", "platformName": "any", "goog:chromeOptions": {"prefs": {"profile.default_content_setting_values": {"notifications": 2, "images": 2}}, "extensions": [], "args": ["--no-sandbox", "--disable-dev-shm-usage", "--headless"]}}}, "desiredCapabilities": {"browserName": "chrome", "version": "", "platform": "ANY", "goog:chromeOptions": {"prefs": {"profile.default_content_setting_values": {"notifications": 2, "images": 2}}, "extensions": [], "args": ["--no-sandbox", "--disable-dev-shm-usage", "--headless"]}}}
2022-03-10 01:22:33 [urllib3.connectionpool] DEBUG: Starting new HTTP connection (1): 127.0.0.1:43421
2022-03-10 01:22:33 [urllib3.connectionpool] DEBUG: http://127.0.0.1:43421 "POST /session HTTP/1.1" 200 753
2022-03-10 01:22:33 [selenium.webdriver.remote.remote_connection] DEBUG: Finished Request
2022-03-10 01:22:33 [selenium.webdriver.remote.remote_connection] DEBUG: POST http://127.0.0.1:43421/session/9dd5d8daf0a2a432078accbc96866d30/timeouts {"implicit": 1000}
2022-03-10 01:22:33 [urllib3.connectionpool] DEBUG: http://127.0.0.1:43421 "POST /session/9dd5d8daf0a2a432078accbc96866d30/timeouts HTTP/1.1" 200 14
2022-03-10 01:22:33 [selenium.webdriver.remote.remote_connection] DEBUG: Finished Request
2022-03-10 01:22:33 [scrapy.middleware] INFO: Enabled downloader middlewares:
['scrapy.downloadermiddlewares.httpauth.HttpAuthMiddleware',
 'scrapy.downloadermiddlewares.downloadtimeout.DownloadTimeoutMiddleware',
 'scrapy.downloadermiddlewares.defaultheaders.DefaultHeadersMiddleware',
 'scrapy.downloadermiddlewares.useragent.UserAgentMiddleware',
 'TextProcessorScrapy.middlewares.RandomUserAgentMiddleware',
 'TextProcessorScrapy.middlewares.TextCrawlDownloaderMiddleware',
 'scrapy.downloadermiddlewares.retry.RetryMiddleware',
 'scrapy.downloadermiddlewares.redirect.MetaRefreshMiddleware',
 'scrapy.downloadermiddlewares.httpcompression.HttpCompressionMiddleware',
 'scrapy.downloadermiddlewares.redirect.RedirectMiddleware',
 'scrapy.downloadermiddlewares.cookies.CookiesMiddleware',
 'scrapy.downloadermiddlewares.httpproxy.HttpProxyMiddleware',
 'scrapy.downloadermiddlewares.stats.DownloaderStats']
2022-03-10 01:22:33 [scrapy.middleware] INFO: Enabled spider middlewares:
['scrapy.spidermiddlewares.httperror.HttpErrorMiddleware',
 'scrapy.spidermiddlewares.offsite.OffsiteMiddleware',
 'scrapy.spidermiddlewares.referer.RefererMiddleware',
 'scrapy.spidermiddlewares.urllength.UrlLengthMiddleware',
 'scrapy.spidermiddlewares.depth.DepthMiddleware']
2022-03-10 01:22:33 [scrapy.middleware] INFO: Enabled item pipelines:
['TextProcessorScrapy.pipelines.ImagePipeline',
 'TextProcessorScrapy.pipelines.BaiduPipeline']
2022-03-10 01:22:33 [scrapy.core.engine] INFO: Spider opened
2022-03-10 01:22:33 [scrapy.extensions.logstats] INFO: Crawled 0 pages (at 0 pages/min), scraped 0 items (at 0 items/min)
2022-03-10 01:22:33 [baidu] INFO: Spider opened: baidu
2022-03-10 01:22:33 [scrapy.crawler] INFO: Overridden settings:
{'BOT_NAME': 'TextProcessorScrapy',
 'COMMANDS_MODULE': 'TextProcessorScrapy.commands',
 'CONCURRENT_REQUESTS': 1,
 'CONCURRENT_REQUESTS_PER_DOMAIN': 32,
 'CONCURRENT_REQUESTS_PER_IP': 128,
 'LOG_FILE': 'log/scrapy_2022_3_10_1.log',
 'NEWSPIDER_MODULE': 'TextProcessorScrapy.spiders',
 'REACTOR_THREADPOOL_MAXSIZE': 20,
 'SPIDER_MODULES': ['TextProcessorScrapy.spiders'],
 'TELNETCONSOLE_ENABLED': False}
2022-03-10 01:22:33 [scrapy.middleware] INFO: Enabled extensions:
['scrapy.extensions.corestats.CoreStats',
 'scrapy.extensions.memusage.MemoryUsage',
 'scrapy.extensions.logstats.LogStats']
2022-03-10 01:22:34 [selenium.webdriver.remote.remote_connection] DEBUG: POST http://127.0.0.1:47655/session {"capabilities": {"firstMatch": [{}], "alwaysMatch": {"browserName": "chrome", "platformName": "any", "goog:chromeOptions": {"prefs": {"profile.default_content_setting_values": {"notifications": 2, "images": 2}}, "extensions": [], "args": ["--no-sandbox", "--disable-dev-shm-usage", "--headless"]}}}, "desiredCapabilities": {"browserName": "chrome", "version": "", "platform": "ANY", "goog:chromeOptions": {"prefs": {"profile.default_content_setting_values": {"notifications": 2, "images": 2}}, "extensions": [], "args": ["--no-sandbox", "--disable-dev-shm-usage", "--headless"]}}}
2022-03-10 01:22:34 [urllib3.connectionpool] DEBUG: Starting new HTTP connection (1): 127.0.0.1:47655
2022-03-10 01:22:34 [urllib3.connectionpool] DEBUG: http://127.0.0.1:47655 "POST /session HTTP/1.1" 200 753
2022-03-10 01:22:34 [selenium.webdriver.remote.remote_connection] DEBUG: Finished Request
2022-03-10 01:22:34 [selenium.webdriver.remote.remote_connection] DEBUG: POST http://127.0.0.1:47655/session/7878e79ff5d63f7190c75dfff3983724/timeouts {"implicit": 1000}
2022-03-10 01:22:34 [urllib3.connectionpool] DEBUG: http://127.0.0.1:47655 "POST /session/7878e79ff5d63f7190c75dfff3983724/timeouts HTTP/1.1" 200 14
2022-03-10 01:22:34 [selenium.webdriver.remote.remote_connection] DEBUG: Finished Request
2022-03-10 01:22:34 [scrapy.middleware] INFO: Enabled downloader middlewares:
['scrapy.downloadermiddlewares.httpauth.HttpAuthMiddleware',
 'scrapy.downloadermiddlewares.downloadtimeout.DownloadTimeoutMiddleware',
 'scrapy.downloadermiddlewares.defaultheaders.DefaultHeadersMiddleware',
 'scrapy.downloadermiddlewares.useragent.UserAgentMiddleware',
 'TextProcessorScrapy.middlewares.RandomUserAgentMiddleware',
 'TextProcessorScrapy.middlewares.TextCrawlDownloaderMiddleware',
 'scrapy.downloadermiddlewares.retry.RetryMiddleware',
 'scrapy.downloadermiddlewares.redirect.MetaRefreshMiddleware',
 'scrapy.downloadermiddlewares.httpcompression.HttpCompressionMiddleware',
 'scrapy.downloadermiddlewares.redirect.RedirectMiddleware',
 'scrapy.downloadermiddlewares.cookies.CookiesMiddleware',
 'scrapy.downloadermiddlewares.httpproxy.HttpProxyMiddleware',
 'scrapy.downloadermiddlewares.stats.DownloaderStats']
2022-03-10 01:22:34 [scrapy.middleware] INFO: Enabled spider middlewares:
['scrapy.spidermiddlewares.httperror.HttpErrorMiddleware',
 'scrapy.spidermiddlewares.offsite.OffsiteMiddleware',
 'scrapy.spidermiddlewares.referer.RefererMiddleware',
 'scrapy.spidermiddlewares.urllength.UrlLengthMiddleware',
 'scrapy.spidermiddlewares.depth.DepthMiddleware']
2022-03-10 01:22:34 [scrapy.middleware] INFO: Enabled item pipelines:
['TextProcessorScrapy.pipelines.ImagePipeline',
 'TextProcessorScrapy.pipelines.BaiduPipeline']
2022-03-10 01:22:34 [scrapy.core.engine] INFO: Spider opened
2022-03-10 01:22:34 [scrapy.extensions.logstats] INFO: Crawled 0 pages (at 0 pages/min), scraped 0 items (at 0 items/min)
2022-03-10 01:22:34 [baidu] INFO: Spider opened: baidu
2022-03-10 01:22:34 [scrapy.crawler] INFO: Overridden settings:
{'BOT_NAME': 'TextProcessorScrapy',
 'COMMANDS_MODULE': 'TextProcessorScrapy.commands',
 'CONCURRENT_REQUESTS': 1,
 'CONCURRENT_REQUESTS_PER_DOMAIN': 32,
 'CONCURRENT_REQUESTS_PER_IP': 128,
 'LOG_FILE': 'log/scrapy_2022_3_10_1.log',
 'NEWSPIDER_MODULE': 'TextProcessorScrapy.spiders',
 'REACTOR_THREADPOOL_MAXSIZE': 20,
 'SPIDER_MODULES': ['TextProcessorScrapy.spiders'],
 'TELNETCONSOLE_ENABLED': False}
2022-03-10 01:22:34 [scrapy.middleware] INFO: Enabled extensions:
['scrapy.extensions.corestats.CoreStats',
 'scrapy.extensions.memusage.MemoryUsage',
 'scrapy.extensions.logstats.LogStats']
2022-03-10 01:22:35 [selenium.webdriver.remote.remote_connection] DEBUG: POST http://127.0.0.1:58371/session {"capabilities": {"firstMatch": [{}], "alwaysMatch": {"browserName": "chrome", "platformName": "any", "goog:chromeOptions": {"prefs": {"profile.default_content_setting_values": {"notifications": 2, "images": 2}}, "extensions": [], "args": ["--no-sandbox", "--disable-dev-shm-usage", "--headless"]}}}, "desiredCapabilities": {"browserName": "chrome", "version": "", "platform": "ANY", "goog:chromeOptions": {"prefs": {"profile.default_content_setting_values": {"notifications": 2, "images": 2}}, "extensions": [], "args": ["--no-sandbox", "--disable-dev-shm-usage", "--headless"]}}}
2022-03-10 01:22:35 [urllib3.connectionpool] DEBUG: Starting new HTTP connection (1): 127.0.0.1:58371
2022-03-10 01:22:35 [urllib3.connectionpool] DEBUG: http://127.0.0.1:58371 "POST /session HTTP/1.1" 200 753
2022-03-10 01:22:35 [selenium.webdriver.remote.remote_connection] DEBUG: Finished Request
2022-03-10 01:22:35 [selenium.webdriver.remote.remote_connection] DEBUG: POST http://127.0.0.1:58371/session/5bf7cd48243f46e1c70d6359a72509cf/timeouts {"implicit": 1000}
2022-03-10 01:22:35 [urllib3.connectionpool] DEBUG: http://127.0.0.1:58371 "POST /session/5bf7cd48243f46e1c70d6359a72509cf/timeouts HTTP/1.1" 200 14
2022-03-10 01:22:35 [selenium.webdriver.remote.remote_connection] DEBUG: Finished Request
2022-03-10 01:22:35 [scrapy.middleware] INFO: Enabled downloader middlewares:
['scrapy.downloadermiddlewares.httpauth.HttpAuthMiddleware',
 'scrapy.downloadermiddlewares.downloadtimeout.DownloadTimeoutMiddleware',
 'scrapy.downloadermiddlewares.defaultheaders.DefaultHeadersMiddleware',
 'scrapy.downloadermiddlewares.useragent.UserAgentMiddleware',
 'TextProcessorScrapy.middlewares.RandomUserAgentMiddleware',
 'TextProcessorScrapy.middlewares.TextCrawlDownloaderMiddleware',
 'scrapy.downloadermiddlewares.retry.RetryMiddleware',
 'scrapy.downloadermiddlewares.redirect.MetaRefreshMiddleware',
 'scrapy.downloadermiddlewares.httpcompression.HttpCompressionMiddleware',
 'scrapy.downloadermiddlewares.redirect.RedirectMiddleware',
 'scrapy.downloadermiddlewares.cookies.CookiesMiddleware',
 'scrapy.downloadermiddlewares.httpproxy.HttpProxyMiddleware',
 'scrapy.downloadermiddlewares.stats.DownloaderStats']
2022-03-10 01:22:35 [scrapy.middleware] INFO: Enabled spider middlewares:
['scrapy.spidermiddlewares.httperror.HttpErrorMiddleware',
 'scrapy.spidermiddlewares.offsite.OffsiteMiddleware',
 'scrapy.spidermiddlewares.referer.RefererMiddleware',
 'scrapy.spidermiddlewares.urllength.UrlLengthMiddleware',
 'scrapy.spidermiddlewares.depth.DepthMiddleware']
2022-03-10 01:22:35 [scrapy.middleware] INFO: Enabled item pipelines:
['TextProcessorScrapy.pipelines.ImagePipeline',
 'TextProcessorScrapy.pipelines.BaiduPipeline']
2022-03-10 01:22:35 [scrapy.core.engine] INFO: Spider opened
2022-03-10 01:22:35 [scrapy.extensions.logstats] INFO: Crawled 0 pages (at 0 pages/min), scraped 0 items (at 0 items/min)
2022-03-10 01:22:35 [baidu] INFO: Spider opened: baidu
2022-03-10 01:22:35 [scrapy.crawler] INFO: Overridden settings:
{'BOT_NAME': 'TextProcessorScrapy',
 'COMMANDS_MODULE': 'TextProcessorScrapy.commands',
 'CONCURRENT_REQUESTS': 1,
 'CONCURRENT_REQUESTS_PER_DOMAIN': 32,
 'CONCURRENT_REQUESTS_PER_IP': 128,
 'LOG_FILE': 'log/scrapy_2022_3_10_1.log',
 'NEWSPIDER_MODULE': 'TextProcessorScrapy.spiders',
 'REACTOR_THREADPOOL_MAXSIZE': 20,
 'SPIDER_MODULES': ['TextProcessorScrapy.spiders'],
 'TELNETCONSOLE_ENABLED': False}
2022-03-10 01:22:35 [scrapy.middleware] INFO: Enabled extensions:
['scrapy.extensions.corestats.CoreStats',
 'scrapy.extensions.memusage.MemoryUsage',
 'scrapy.extensions.logstats.LogStats']
2022-03-10 01:22:36 [selenium.webdriver.remote.remote_connection] DEBUG: POST http://127.0.0.1:33151/session {"capabilities": {"firstMatch": [{}], "alwaysMatch": {"browserName": "chrome", "platformName": "any", "goog:chromeOptions": {"prefs": {"profile.default_content_setting_values": {"notifications": 2, "images": 2}}, "extensions": [], "args": ["--no-sandbox", "--disable-dev-shm-usage", "--headless"]}}}, "desiredCapabilities": {"browserName": "chrome", "version": "", "platform": "ANY", "goog:chromeOptions": {"prefs": {"profile.default_content_setting_values": {"notifications": 2, "images": 2}}, "extensions": [], "args": ["--no-sandbox", "--disable-dev-shm-usage", "--headless"]}}}
2022-03-10 01:22:36 [urllib3.connectionpool] DEBUG: Starting new HTTP connection (1): 127.0.0.1:33151
2022-03-10 01:22:36 [urllib3.connectionpool] DEBUG: http://127.0.0.1:33151 "POST /session HTTP/1.1" 200 753
2022-03-10 01:22:36 [selenium.webdriver.remote.remote_connection] DEBUG: Finished Request
2022-03-10 01:22:36 [selenium.webdriver.remote.remote_connection] DEBUG: POST http://127.0.0.1:33151/session/cde34cf44a9fd87908f24a63804acfb9/timeouts {"implicit": 1000}
2022-03-10 01:22:36 [urllib3.connectionpool] DEBUG: http://127.0.0.1:33151 "POST /session/cde34cf44a9fd87908f24a63804acfb9/timeouts HTTP/1.1" 200 14
2022-03-10 01:22:36 [selenium.webdriver.remote.remote_connection] DEBUG: Finished Request
2022-03-10 01:22:36 [scrapy.middleware] INFO: Enabled downloader middlewares:
['scrapy.downloadermiddlewares.httpauth.HttpAuthMiddleware',
 'scrapy.downloadermiddlewares.downloadtimeout.DownloadTimeoutMiddleware',
 'scrapy.downloadermiddlewares.defaultheaders.DefaultHeadersMiddleware',
 'scrapy.downloadermiddlewares.useragent.UserAgentMiddleware',
 'TextProcessorScrapy.middlewares.RandomUserAgentMiddleware',
 'TextProcessorScrapy.middlewares.TextCrawlDownloaderMiddleware',
 'scrapy.downloadermiddlewares.retry.RetryMiddleware',
 'scrapy.downloadermiddlewares.redirect.MetaRefreshMiddleware',
 'scrapy.downloadermiddlewares.httpcompression.HttpCompressionMiddleware',
 'scrapy.downloadermiddlewares.redirect.RedirectMiddleware',
 'scrapy.downloadermiddlewares.cookies.CookiesMiddleware',
 'scrapy.downloadermiddlewares.httpproxy.HttpProxyMiddleware',
 'scrapy.downloadermiddlewares.stats.DownloaderStats']
2022-03-10 01:22:36 [scrapy.middleware] INFO: Enabled spider middlewares:
['scrapy.spidermiddlewares.httperror.HttpErrorMiddleware',
 'scrapy.spidermiddlewares.offsite.OffsiteMiddleware',
 'scrapy.spidermiddlewares.referer.RefererMiddleware',
 'scrapy.spidermiddlewares.urllength.UrlLengthMiddleware',
 'scrapy.spidermiddlewares.depth.DepthMiddleware']
2022-03-10 01:22:36 [scrapy.middleware] INFO: Enabled item pipelines:
['TextProcessorScrapy.pipelines.ImagePipeline',
 'TextProcessorScrapy.pipelines.BaiduPipeline']
2022-03-10 01:22:36 [scrapy.core.engine] INFO: Spider opened
2022-03-10 01:22:36 [scrapy.extensions.logstats] INFO: Crawled 0 pages (at 0 pages/min), scraped 0 items (at 0 items/min)
2022-03-10 01:22:36 [baidu] INFO: Spider opened: baidu
2022-03-10 01:22:40 [scrapy.downloadermiddlewares.retry] DEBUG: Retrying <GET https://baike.baidu.com/item/%E8%A3%85%E7%94%B2%E8%BF%90%E8%BE%93%E8%BD%A6> (failed 1 times): DNS lookup failed: http_proxy.
2022-03-10 01:22:40 [scrapy.downloadermiddlewares.retry] DEBUG: Retrying <GET https://baike.baidu.com/item/%E9%A9%AC%E5%85%AC%E6%9C%BA%E5%9C%BA> (failed 1 times): DNS lookup failed: http_proxy.
2022-03-10 01:22:40 [scrapy.downloadermiddlewares.retry] DEBUG: Retrying <GET https://baike.baidu.com/item/%E6%BE%8E%E6%B9%96%E6%9C%BA%E5%9C%BA> (failed 1 times): DNS lookup failed: http_proxy.
2022-03-10 01:22:40 [scrapy.downloadermiddlewares.retry] DEBUG: Retrying <GET https://baike.baidu.com/item/%E8%A3%85%E7%94%B2%E9%98%B2%E6%8A%A4%E8%BD%A6> (failed 1 times): DNS lookup failed: http_proxy.
2022-03-10 01:22:40 [scrapy.downloadermiddlewares.retry] DEBUG: Retrying <GET https://baike.baidu.com/item/earth%20fortification> (failed 1 times): DNS lookup failed: http_proxy.
2022-03-10 01:22:40 [scrapy.downloadermiddlewares.retry] DEBUG: Retrying <GET https://baike.baidu.com/item/%E8%A3%85%E7%94%B2%E6%95%91%E6%8A%A4%E8%BD%A6> (failed 1 times): DNS lookup failed: http_proxy.
2022-03-10 01:22:40 [scrapy.downloadermiddlewares.retry] DEBUG: Retrying <GET https://baike.baidu.com/item/%E8%A3%85%E7%94%B2%E6%89%AB%E9%9B%B7%E8%BD%A6> (failed 1 times): DNS lookup failed: http_proxy.
2022-03-10 01:22:44 [scrapy.downloadermiddlewares.retry] DEBUG: Retrying <GET https://baike.baidu.com/item/earth%20fortification> (failed 2 times): DNS lookup failed: http_proxy.
2022-03-10 01:22:44 [scrapy.downloadermiddlewares.retry] DEBUG: Retrying <GET https://baike.baidu.com/item/%E8%A3%85%E7%94%B2%E9%98%B2%E6%8A%A4%E8%BD%A6> (failed 2 times): DNS lookup failed: http_proxy.
2022-03-10 01:22:45 [scrapy.downloadermiddlewares.retry] DEBUG: Retrying <GET https://baike.baidu.com/item/%E7%9B%B4%E5%8D%87%E6%9C%BA> (failed 1 times): DNS lookup failed: http_proxy.
2022-03-10 01:22:45 [scrapy.downloadermiddlewares.retry] DEBUG: Retrying <GET https://baike.baidu.com/item/%E8%8A%B1%E8%8E%B2%E6%9C%BA%E5%9C%BA> (failed 1 times): DNS lookup failed: http_proxy.
2022-03-10 01:22:46 [scrapy.downloadermiddlewares.retry] DEBUG: Retrying <GET https://baike.baidu.com/item/%E8%A5%BF%E5%B1%BF%E9%9B%B7%E8%BE%BE%E7%AB%99> (failed 1 times): DNS lookup failed: http_proxy.
2022-03-10 01:22:49 [scrapy.downloadermiddlewares.retry] DEBUG: Retrying <GET https://baike.baidu.com/item/%E6%BE%8E%E6%B9%96%E6%9C%BA%E5%9C%BA> (failed 2 times): DNS lookup failed: http_proxy.
2022-03-10 01:22:49 [scrapy.downloadermiddlewares.retry] DEBUG: Retrying <GET https://baike.baidu.com/item/%E8%A3%85%E7%94%B2%E6%95%91%E6%8A%A4%E8%BD%A6> (failed 2 times): DNS lookup failed: http_proxy.
2022-03-10 01:22:49 [scrapy.downloadermiddlewares.retry] DEBUG: Retrying <GET https://baike.baidu.com/item/%E8%A3%85%E7%94%B2%E8%BF%90%E8%BE%93%E8%BD%A6> (failed 2 times): DNS lookup failed: http_proxy.
2022-03-10 01:22:50 [scrapy.downloadermiddlewares.retry] DEBUG: Retrying <GET https://baike.baidu.com/item/%E8%A3%85%E7%94%B2%E4%BE%A6%E5%AF%9F%E8%BD%A6> (failed 1 times): DNS lookup failed: http_proxy.
2022-03-10 01:22:50 [scrapy.downloadermiddlewares.retry] DEBUG: Retrying <GET https://baike.baidu.com/item/%E9%A9%AC%E5%85%AC%E6%9C%BA%E5%9C%BA> (failed 2 times): DNS lookup failed: http_proxy.
2022-03-10 01:22:52 [scrapy.downloadermiddlewares.retry] DEBUG: Retrying <GET https://baike.baidu.com/item/%E8%8A%B1%E8%8E%B2%E6%9C%BA%E5%9C%BA> (failed 2 times): DNS lookup failed: http_proxy.
2022-03-10 01:22:53 [scrapy.downloadermiddlewares.retry] ERROR: Gave up retrying <GET https://baike.baidu.com/item/%E8%A3%85%E7%94%B2%E6%95%91%E6%8A%A4%E8%BD%A6> (failed 3 times): DNS lookup failed: http_proxy.
2022-03-10 01:22:53 [scrapy.downloadermiddlewares.retry] ERROR: Gave up retrying <GET https://baike.baidu.com/item/earth%20fortification> (failed 3 times): DNS lookup failed: http_proxy.
2022-03-10 01:22:53 [baidu] ERROR: <twisted.python.failure.Failure twisted.internet.error.DNSLookupError: DNS lookup failed: http_proxy.>
2022-03-10 01:22:53 [baidu] ERROR: DNSLookupError on https://baike.baidu.com/item/%E8%A3%85%E7%94%B2%E6%95%91%E6%8A%A4%E8%BD%A6
2022-03-10 01:22:53 [baidu] ERROR: <twisted.python.failure.Failure twisted.internet.error.DNSLookupError: DNS lookup failed: http_proxy.>
2022-03-10 01:22:53 [baidu] ERROR: DNSLookupError on https://baike.baidu.com/item/earth%20fortification
2022-03-10 01:22:53 [scrapy.core.engine] INFO: Closing spider (finished)
2022-03-10 01:22:53 [scrapy.statscollectors] INFO: Dumping Scrapy stats:
{'downloader/exception_count': 3,
 'downloader/exception_type_count/twisted.internet.error.DNSLookupError': 3,
 'downloader/request_bytes': 1259,
 'downloader/request_count': 3,
 'downloader/request_method_count/GET': 3,
 'elapsed_time_seconds': 18.190328,
 'finish_reason': 'finished',
 'finish_time': datetime.datetime(2022, 3, 10, 1, 22, 53, 944137),
 'log_count/DEBUG': 32,
 'log_count/ERROR': 6,
 'log_count/INFO': 17,
 'memusage/max': 68251648,
 'memusage/startup': 68251648,
 'retry/count': 2,
 'retry/max_reached': 1,
 'retry/reason_count/twisted.internet.error.DNSLookupError': 2,
 'scheduler/dequeued': 3,
 'scheduler/dequeued/memory': 3,
 'scheduler/enqueued': 3,
 'scheduler/enqueued/memory': 3,
 'start_time': datetime.datetime(2022, 3, 10, 1, 22, 35, 753809)}
2022-03-10 01:22:53 [scrapy.core.engine] INFO: Spider closed (finished)
2022-03-10 01:22:53 [scrapy.core.engine] INFO: Closing spider (finished)
2022-03-10 01:22:53 [scrapy.statscollectors] INFO: Dumping Scrapy stats:
{'downloader/exception_count': 3,
 'downloader/exception_type_count/twisted.internet.error.DNSLookupError': 3,
 'downloader/request_bytes': 1174,
 'downloader/request_count': 3,
 'downloader/request_method_count/GET': 3,
 'elapsed_time_seconds': 28.289135,
 'finish_reason': 'finished',
 'finish_time': datetime.datetime(2022, 3, 10, 1, 22, 53, 975195),
 'log_count/DEBUG': 95,
 'log_count/ERROR': 6,
 'log_count/INFO': 92,
 'memusage/max': 66367488,
 'memusage/startup': 66367488,
 'retry/count': 2,
 'retry/max_reached': 1,
 'retry/reason_count/twisted.internet.error.DNSLookupError': 2,
 'scheduler/dequeued': 3,
 'scheduler/dequeued/memory': 3,
 'scheduler/enqueued': 3,
 'scheduler/enqueued/memory': 3,
 'start_time': datetime.datetime(2022, 3, 10, 1, 22, 25, 686060)}
2022-03-10 01:22:53 [scrapy.core.engine] INFO: Spider closed (finished)
2022-03-10 01:22:54 [scrapy.downloadermiddlewares.retry] DEBUG: Retrying <GET https://baike.baidu.com/item/%E8%A3%85%E7%94%B2%E6%89%AB%E9%9B%B7%E8%BD%A6> (failed 2 times): DNS lookup failed: http_proxy.
2022-03-10 01:22:55 [scrapy.downloadermiddlewares.retry] ERROR: Gave up retrying <GET https://baike.baidu.com/item/%E6%BE%8E%E6%B9%96%E6%9C%BA%E5%9C%BA> (failed 3 times): DNS lookup failed: http_proxy.
2022-03-10 01:22:55 [scrapy.downloadermiddlewares.retry] DEBUG: Retrying <GET https://baike.baidu.com/item/%E8%A5%BF%E5%B1%BF%E9%9B%B7%E8%BE%BE%E7%AB%99> (failed 2 times): DNS lookup failed: http_proxy.
2022-03-10 01:22:55 [baidu] ERROR: <twisted.python.failure.Failure twisted.internet.error.DNSLookupError: DNS lookup failed: http_proxy.>
2022-03-10 01:22:55 [baidu] ERROR: DNSLookupError on https://baike.baidu.com/item/%E6%BE%8E%E6%B9%96%E6%9C%BA%E5%9C%BA
2022-03-10 01:22:55 [scrapy.core.engine] INFO: Closing spider (finished)
2022-03-10 01:22:55 [scrapy.statscollectors] INFO: Dumping Scrapy stats:
{'downloader/exception_count': 3,
 'downloader/exception_type_count/twisted.internet.error.DNSLookupError': 3,
 'downloader/request_bytes': 1232,
 'downloader/request_count': 3,
 'downloader/request_method_count/GET': 3,
 'elapsed_time_seconds': 27.458326,
 'finish_reason': 'finished',
 'finish_time': datetime.datetime(2022, 3, 10, 1, 22, 55, 374700),
 'log_count/DEBUG': 83,
 'log_count/ERROR': 9,
 'log_count/INFO': 79,
 'memusage/max': 66871296,
 'memusage/startup': 66871296,
 'retry/count': 2,
 'retry/max_reached': 1,
 'retry/reason_count/twisted.internet.error.DNSLookupError': 2,
 'scheduler/dequeued': 3,
 'scheduler/dequeued/memory': 3,
 'scheduler/enqueued': 3,
 'scheduler/enqueued/memory': 3,
 'start_time': datetime.datetime(2022, 3, 10, 1, 22, 27, 916374)}
2022-03-10 01:22:55 [scrapy.core.engine] INFO: Spider closed (finished)
2022-03-10 01:22:55 [scrapy.downloadermiddlewares.retry] ERROR: Gave up retrying <GET https://baike.baidu.com/item/%E8%A3%85%E7%94%B2%E9%98%B2%E6%8A%A4%E8%BD%A6> (failed 3 times): DNS lookup failed: http_proxy.
2022-03-10 01:22:55 [scrapy.downloadermiddlewares.retry] DEBUG: Retrying <GET https://baike.baidu.com/item/%E7%9B%B4%E5%8D%87%E6%9C%BA> (failed 2 times): DNS lookup failed: http_proxy.
2022-03-10 01:22:55 [baidu] ERROR: <twisted.python.failure.Failure twisted.internet.error.DNSLookupError: DNS lookup failed: http_proxy.>
2022-03-10 01:22:55 [baidu] ERROR: DNSLookupError on https://baike.baidu.com/item/%E8%A3%85%E7%94%B2%E9%98%B2%E6%8A%A4%E8%BD%A6
2022-03-10 01:22:56 [scrapy.core.engine] INFO: Closing spider (finished)
2022-03-10 01:22:56 [scrapy.statscollectors] INFO: Dumping Scrapy stats:
{'downloader/exception_count': 3,
 'downloader/exception_type_count/twisted.internet.error.DNSLookupError': 3,
 'downloader/request_bytes': 1259,
 'downloader/request_count': 3,
 'downloader/request_method_count/GET': 3,
 'elapsed_time_seconds': 23.699587,
 'finish_reason': 'finished',
 'finish_time': datetime.datetime(2022, 3, 10, 1, 22, 56, 45121),
 'log_count/DEBUG': 56,
 'log_count/ERROR': 12,
 'log_count/INFO': 50,
 'memusage/max': 67674112,
 'memusage/startup': 67665920,
 'retry/count': 2,
 'retry/max_reached': 1,
 'retry/reason_count/twisted.internet.error.DNSLookupError': 2,
 'scheduler/dequeued': 3,
 'scheduler/dequeued/memory': 3,
 'scheduler/enqueued': 3,
 'scheduler/enqueued/memory': 3,
 'start_time': datetime.datetime(2022, 3, 10, 1, 22, 32, 345534)}
2022-03-10 01:22:56 [scrapy.core.engine] INFO: Spider closed (finished)
2022-03-10 01:22:56 [scrapy.downloadermiddlewares.retry] ERROR: Gave up retrying <GET https://baike.baidu.com/item/%E8%A3%85%E7%94%B2%E8%BF%90%E8%BE%93%E8%BD%A6> (failed 3 times): DNS lookup failed: http_proxy.
2022-03-10 01:22:56 [scrapy.downloadermiddlewares.retry] DEBUG: Retrying <GET https://baike.baidu.com/item/%E8%A3%85%E7%94%B2%E4%BE%A6%E5%AF%9F%E8%BD%A6> (failed 2 times): DNS lookup failed: http_proxy.
2022-03-10 01:22:56 [baidu] ERROR: <twisted.python.failure.Failure twisted.internet.error.DNSLookupError: DNS lookup failed: http_proxy.>
2022-03-10 01:22:56 [baidu] ERROR: DNSLookupError on https://baike.baidu.com/item/%E8%A3%85%E7%94%B2%E8%BF%90%E8%BE%93%E8%BD%A6
2022-03-10 01:22:56 [scrapy.core.engine] INFO: Closing spider (finished)
2022-03-10 01:22:56 [scrapy.statscollectors] INFO: Dumping Scrapy stats:
{'downloader/exception_count': 3,
 'downloader/exception_type_count/twisted.internet.error.DNSLookupError': 3,
 'downloader/request_bytes': 1250,
 'downloader/request_count': 3,
 'downloader/request_method_count/GET': 3,
 'elapsed_time_seconds': 21.802793,
 'finish_reason': 'finished',
 'finish_time': datetime.datetime(2022, 3, 10, 1, 22, 56, 422504),
 'log_count/DEBUG': 43,
 'log_count/ERROR': 15,
 'log_count/INFO': 37,
 'memusage/max': 68067328,
 'memusage/startup': 68067328,
 'retry/count': 2,
 'retry/max_reached': 1,
 'retry/reason_count/twisted.internet.error.DNSLookupError': 2,
 'scheduler/dequeued': 3,
 'scheduler/dequeued/memory': 3,
 'scheduler/enqueued': 3,
 'scheduler/enqueued/memory': 3,
 'start_time': datetime.datetime(2022, 3, 10, 1, 22, 34, 619711)}
2022-03-10 01:22:56 [scrapy.core.engine] INFO: Spider closed (finished)
2022-03-10 01:22:57 [scrapy.downloadermiddlewares.retry] ERROR: Gave up retrying <GET https://baike.baidu.com/item/%E9%A9%AC%E5%85%AC%E6%9C%BA%E5%9C%BA> (failed 3 times): DNS lookup failed: http_proxy.
2022-03-10 01:22:57 [baidu] ERROR: <twisted.python.failure.Failure twisted.internet.error.DNSLookupError: DNS lookup failed: http_proxy.>
2022-03-10 01:22:57 [baidu] ERROR: DNSLookupError on https://baike.baidu.com/item/%E9%A9%AC%E5%85%AC%E6%9C%BA%E5%9C%BA
2022-03-10 01:22:57 [scrapy.core.engine] INFO: Closing spider (finished)
2022-03-10 01:22:57 [scrapy.statscollectors] INFO: Dumping Scrapy stats:
{'downloader/exception_count': 3,
 'downloader/exception_type_count/twisted.internet.error.DNSLookupError': 3,
 'downloader/request_bytes': 1245,
 'downloader/request_count': 3,
 'downloader/request_method_count/GET': 3,
 'elapsed_time_seconds': 31.041805,
 'finish_reason': 'finished',
 'finish_time': datetime.datetime(2022, 3, 10, 1, 22, 57, 826566),
 'log_count/DEBUG': 92,
 'log_count/ERROR': 18,
 'log_count/INFO': 96,
 'memusage/max': 66670592,
 'memusage/startup': 66670592,
 'retry/count': 2,
 'retry/max_reached': 1,
 'retry/reason_count/twisted.internet.error.DNSLookupError': 2,
 'scheduler/dequeued': 3,
 'scheduler/dequeued/memory': 3,
 'scheduler/enqueued': 3,
 'scheduler/enqueued/memory': 3,
 'start_time': datetime.datetime(2022, 3, 10, 1, 22, 26, 784761)}
2022-03-10 01:22:57 [scrapy.core.engine] INFO: Spider closed (finished)
2022-03-10 01:22:59 [scrapy.downloadermiddlewares.retry] ERROR: Gave up retrying <GET https://baike.baidu.com/item/%E8%8A%B1%E8%8E%B2%E6%9C%BA%E5%9C%BA> (failed 3 times): DNS lookup failed: http_proxy.
2022-03-10 01:22:59 [baidu] ERROR: <twisted.python.failure.Failure twisted.internet.error.DNSLookupError: DNS lookup failed: http_proxy.>
2022-03-10 01:22:59 [baidu] ERROR: DNSLookupError on https://baike.baidu.com/item/%E8%8A%B1%E8%8E%B2%E6%9C%BA%E5%9C%BA
2022-03-10 01:22:59 [scrapy.core.engine] INFO: Closing spider (finished)
2022-03-10 01:22:59 [scrapy.statscollectors] INFO: Dumping Scrapy stats:
{'downloader/exception_count': 3,
 'downloader/exception_type_count/twisted.internet.error.DNSLookupError': 3,
 'downloader/request_bytes': 1225,
 'downloader/request_count': 3,
 'downloader/request_method_count/GET': 3,
 'elapsed_time_seconds': 29.171226,
 'finish_reason': 'finished',
 'finish_time': datetime.datetime(2022, 3, 10, 1, 22, 59, 300252),
 'log_count/DEBUG': 71,
 'log_count/ERROR': 21,
 'log_count/INFO': 75,
 'memusage/max': 67264512,
 'memusage/startup': 67264512,
 'retry/count': 2,
 'retry/max_reached': 1,
 'retry/reason_count/twisted.internet.error.DNSLookupError': 2,
 'scheduler/dequeued': 3,
 'scheduler/dequeued/memory': 3,
 'scheduler/enqueued': 3,
 'scheduler/enqueued/memory': 3,
 'start_time': datetime.datetime(2022, 3, 10, 1, 22, 30, 129026)}
2022-03-10 01:22:59 [scrapy.core.engine] INFO: Spider closed (finished)
2022-03-10 01:23:00 [scrapy.downloadermiddlewares.retry] ERROR: Gave up retrying <GET https://baike.baidu.com/item/%E8%A3%85%E7%94%B2%E6%89%AB%E9%9B%B7%E8%BD%A6> (failed 3 times): DNS lookup failed: http_proxy.
2022-03-10 01:23:00 [baidu] ERROR: <twisted.python.failure.Failure twisted.internet.error.DNSLookupError: DNS lookup failed: http_proxy.>
2022-03-10 01:23:00 [baidu] ERROR: DNSLookupError on https://baike.baidu.com/item/%E8%A3%85%E7%94%B2%E6%89%AB%E9%9B%B7%E8%BD%A6
2022-03-10 01:23:00 [scrapy.core.engine] INFO: Closing spider (finished)
2022-03-10 01:23:00 [scrapy.statscollectors] INFO: Dumping Scrapy stats:
{'downloader/exception_count': 3,
 'downloader/exception_type_count/twisted.internet.error.DNSLookupError': 3,
 'downloader/request_bytes': 1261,
 'downloader/request_count': 3,
 'downloader/request_method_count/GET': 3,
 'elapsed_time_seconds': 26.936493,
 'finish_reason': 'finished',
 'finish_time': datetime.datetime(2022, 3, 10, 1, 23, 0, 417306),
 'log_count/DEBUG': 50,
 'log_count/ERROR': 24,
 'log_count/INFO': 54,
 'memusage/max': 67874816,
 'memusage/startup': 67874816,
 'retry/count': 2,
 'retry/max_reached': 1,
 'retry/reason_count/twisted.internet.error.DNSLookupError': 2,
 'scheduler/dequeued': 3,
 'scheduler/dequeued/memory': 3,
 'scheduler/enqueued': 3,
 'scheduler/enqueued/memory': 3,
 'start_time': datetime.datetime(2022, 3, 10, 1, 22, 33, 480813)}
2022-03-10 01:23:00 [scrapy.core.engine] INFO: Spider closed (finished)
2022-03-10 01:23:00 [scrapy.downloadermiddlewares.retry] ERROR: Gave up retrying <GET https://baike.baidu.com/item/%E8%A5%BF%E5%B1%BF%E9%9B%B7%E8%BE%BE%E7%AB%99> (failed 3 times): DNS lookup failed: http_proxy.
2022-03-10 01:23:00 [baidu] ERROR: <twisted.python.failure.Failure twisted.internet.error.DNSLookupError: DNS lookup failed: http_proxy.>
2022-03-10 01:23:00 [baidu] ERROR: DNSLookupError on https://baike.baidu.com/item/%E8%A5%BF%E5%B1%BF%E9%9B%B7%E8%BE%BE%E7%AB%99
2022-03-10 01:23:00 [scrapy.core.engine] INFO: Closing spider (finished)
2022-03-10 01:23:00 [scrapy.statscollectors] INFO: Dumping Scrapy stats:
{'downloader/exception_count': 3,
 'downloader/exception_type_count/twisted.internet.error.DNSLookupError': 3,
 'downloader/request_bytes': 1243,
 'downloader/request_count': 3,
 'downloader/request_method_count/GET': 3,
 'elapsed_time_seconds': 31.696341,
 'finish_reason': 'finished',
 'finish_time': datetime.datetime(2022, 3, 10, 1, 23, 0, 712606),
 'log_count/DEBUG': 78,
 'log_count/ERROR': 27,
 'log_count/INFO': 89,
 'memusage/max': 67067904,
 'memusage/startup': 67059712,
 'retry/count': 2,
 'retry/max_reached': 1,
 'retry/reason_count/twisted.internet.error.DNSLookupError': 2,
 'scheduler/dequeued': 3,
 'scheduler/dequeued/memory': 3,
 'scheduler/enqueued': 3,
 'scheduler/enqueued/memory': 3,
 'start_time': datetime.datetime(2022, 3, 10, 1, 22, 29, 16265)}
2022-03-10 01:23:00 [scrapy.core.engine] INFO: Spider closed (finished)
2022-03-10 01:23:01 [scrapy.downloadermiddlewares.retry] ERROR: Gave up retrying <GET https://baike.baidu.com/item/%E7%9B%B4%E5%8D%87%E6%9C%BA> (failed 3 times): DNS lookup failed: http_proxy.
2022-03-10 01:23:01 [baidu] ERROR: <twisted.python.failure.Failure twisted.internet.error.DNSLookupError: DNS lookup failed: http_proxy.>
2022-03-10 01:23:01 [baidu] ERROR: DNSLookupError on https://baike.baidu.com/item/%E7%9B%B4%E5%8D%87%E6%9C%BA
2022-03-10 01:23:01 [scrapy.core.engine] INFO: Closing spider (finished)
2022-03-10 01:23:01 [scrapy.statscollectors] INFO: Dumping Scrapy stats:
{'downloader/exception_count': 3,
 'downloader/exception_type_count/twisted.internet.error.DNSLookupError': 3,
 'downloader/request_bytes': 1196,
 'downloader/request_count': 3,
 'downloader/request_method_count/GET': 3,
 'elapsed_time_seconds': 30.153269,
 'finish_reason': 'finished',
 'finish_time': datetime.datetime(2022, 3, 10, 1, 23, 1, 394540),
 'log_count/DEBUG': 64,
 'log_count/ERROR': 30,
 'log_count/INFO': 76,
 'memusage/max': 67465216,
 'memusage/startup': 67465216,
 'retry/count': 2,
 'retry/max_reached': 1,
 'retry/reason_count/twisted.internet.error.DNSLookupError': 2,
 'scheduler/dequeued': 3,
 'scheduler/dequeued/memory': 3,
 'scheduler/enqueued': 3,
 'scheduler/enqueued/memory': 3,
 'start_time': datetime.datetime(2022, 3, 10, 1, 22, 31, 241271)}
2022-03-10 01:23:01 [scrapy.core.engine] INFO: Spider closed (finished)
2022-03-10 01:23:01 [scrapy.downloadermiddlewares.retry] ERROR: Gave up retrying <GET https://baike.baidu.com/item/%E8%A3%85%E7%94%B2%E4%BE%A6%E5%AF%9F%E8%BD%A6> (failed 3 times): DNS lookup failed: http_proxy.
2022-03-10 01:23:01 [baidu] ERROR: <twisted.python.failure.Failure twisted.internet.error.DNSLookupError: DNS lookup failed: http_proxy.>
2022-03-10 01:23:01 [baidu] ERROR: DNSLookupError on https://baike.baidu.com/item/%E8%A3%85%E7%94%B2%E4%BE%A6%E5%AF%9F%E8%BD%A6
2022-03-10 01:23:01 [scrapy.core.engine] INFO: Closing spider (finished)
2022-03-10 01:23:01 [scrapy.statscollectors] INFO: Dumping Scrapy stats:
{'downloader/exception_count': 3,
 'downloader/exception_type_count/twisted.internet.error.DNSLookupError': 3,
 'downloader/request_bytes': 1243,
 'downloader/request_count': 3,
 'downloader/request_method_count/GET': 3,
 'elapsed_time_seconds': 24.894032,
 'finish_reason': 'finished',
 'finish_time': datetime.datetime(2022, 3, 10, 1, 23, 1, 780998),
 'log_count/DEBUG': 29,
 'log_count/ERROR': 33,
 'log_count/INFO': 39,
 'memusage/max': 68435968,
 'memusage/startup': 68435968,
 'retry/count': 2,
 'retry/max_reached': 1,
 'retry/reason_count/twisted.internet.error.DNSLookupError': 2,
 'scheduler/dequeued': 3,
 'scheduler/dequeued/memory': 3,
 'scheduler/enqueued': 3,
 'scheduler/enqueued/memory': 3,
 'start_time': datetime.datetime(2022, 3, 10, 1, 22, 36, 886966)}
2022-03-10 01:23:01 [scrapy.core.engine] INFO: Spider closed (finished)
2022-03-10 01:23:01 [DataCleaning] INFO: 0:00:00.000102
2022-03-10 01:23:01 [__main__] INFO: upload crawl file success
2022-03-10 01:23:01 [__main__] ERROR: [Errno 2] No such file or directory: 'result/url'
Traceback (most recent call last):
  File "MultisiteSchedule.py", line 235, in upload_crawl_img_new
    img_file_list = os.listdir(file_index)
FileNotFoundError: [Errno 2] No such file or directory: 'result/url'
2022-03-10 01:23:01 [__main__] INFO: upload crawl file failure
2022-03-10 01:23:01 [__main__] INFO: scrapy finished
