2021-07-23 16:46:41 [scrapy.extensions.telnet] INFO: Telnet Password: d87914e6c23380d4
2021-07-23 16:46:41 [scrapy.extensions.telnet] INFO: Telnet Password: d87914e6c23380d4
2021-07-23 16:46:41 [scrapy.extensions.telnet] INFO: Telnet Password: e0bbec49c3e3edc7
2021-07-23 16:46:41 [scrapy.extensions.telnet] INFO: Telnet Password: e0bbec49c3e3edc7
2021-07-23 16:46:41 [scrapy.middleware] INFO: Enabled extensions:
['scrapy.extensions.corestats.CoreStats',
 'scrapy.extensions.telnet.TelnetConsole',
 'scrapy.extensions.logstats.LogStats']
2021-07-23 16:46:41 [scrapy.middleware] INFO: Enabled extensions:
['scrapy.extensions.corestats.CoreStats',
 'scrapy.extensions.telnet.TelnetConsole',
 'scrapy.extensions.logstats.LogStats']
2021-07-23 16:46:41 [scrapy.middleware] INFO: Enabled extensions:
['scrapy.extensions.corestats.CoreStats',
 'scrapy.extensions.telnet.TelnetConsole',
 'scrapy.extensions.logstats.LogStats']
2021-07-23 16:46:41 [scrapy.middleware] INFO: Enabled extensions:
['scrapy.extensions.corestats.CoreStats',
 'scrapy.extensions.telnet.TelnetConsole',
 'scrapy.extensions.logstats.LogStats']
2021-07-23 16:46:41 [scrapy.middleware] INFO: Enabled downloader middlewares:
['scrapy.downloadermiddlewares.httpauth.HttpAuthMiddleware',
 'scrapy.downloadermiddlewares.downloadtimeout.DownloadTimeoutMiddleware',
 'scrapy.downloadermiddlewares.defaultheaders.DefaultHeadersMiddleware',
 'scrapy.downloadermiddlewares.useragent.UserAgentMiddleware',
 'TextProcessorScrapy.middlewares.RandomUserAgentMiddleware',
 'TextProcessorScrapy.middlewares.HsNasaDownloaderMiddleware',
 'scrapy.downloadermiddlewares.retry.RetryMiddleware',
 'scrapy.downloadermiddlewares.redirect.MetaRefreshMiddleware',
 'scrapy.downloadermiddlewares.httpcompression.HttpCompressionMiddleware',
 'scrapy.downloadermiddlewares.httpproxy.HttpProxyMiddleware',
 'scrapy.downloadermiddlewares.stats.DownloaderStats']
2021-07-23 16:46:41 [scrapy.middleware] INFO: Enabled downloader middlewares:
['scrapy.downloadermiddlewares.httpauth.HttpAuthMiddleware',
 'scrapy.downloadermiddlewares.downloadtimeout.DownloadTimeoutMiddleware',
 'scrapy.downloadermiddlewares.defaultheaders.DefaultHeadersMiddleware',
 'scrapy.downloadermiddlewares.useragent.UserAgentMiddleware',
 'TextProcessorScrapy.middlewares.RandomUserAgentMiddleware',
 'TextProcessorScrapy.middlewares.HsNasaDownloaderMiddleware',
 'scrapy.downloadermiddlewares.retry.RetryMiddleware',
 'scrapy.downloadermiddlewares.redirect.MetaRefreshMiddleware',
 'scrapy.downloadermiddlewares.httpcompression.HttpCompressionMiddleware',
 'scrapy.downloadermiddlewares.httpproxy.HttpProxyMiddleware',
 'scrapy.downloadermiddlewares.stats.DownloaderStats']
2021-07-23 16:46:41 [scrapy.middleware] INFO: Enabled downloader middlewares:
['scrapy.downloadermiddlewares.httpauth.HttpAuthMiddleware',
 'scrapy.downloadermiddlewares.downloadtimeout.DownloadTimeoutMiddleware',
 'scrapy.downloadermiddlewares.defaultheaders.DefaultHeadersMiddleware',
 'scrapy.downloadermiddlewares.useragent.UserAgentMiddleware',
 'TextProcessorScrapy.middlewares.RandomUserAgentMiddleware',
 'TextProcessorScrapy.middlewares.HsNasaDownloaderMiddleware',
 'scrapy.downloadermiddlewares.retry.RetryMiddleware',
 'scrapy.downloadermiddlewares.redirect.MetaRefreshMiddleware',
 'scrapy.downloadermiddlewares.httpcompression.HttpCompressionMiddleware',
 'scrapy.downloadermiddlewares.httpproxy.HttpProxyMiddleware',
 'scrapy.downloadermiddlewares.stats.DownloaderStats']
2021-07-23 16:46:41 [scrapy.middleware] INFO: Enabled downloader middlewares:
['scrapy.downloadermiddlewares.httpauth.HttpAuthMiddleware',
 'scrapy.downloadermiddlewares.downloadtimeout.DownloadTimeoutMiddleware',
 'scrapy.downloadermiddlewares.defaultheaders.DefaultHeadersMiddleware',
 'scrapy.downloadermiddlewares.useragent.UserAgentMiddleware',
 'TextProcessorScrapy.middlewares.RandomUserAgentMiddleware',
 'TextProcessorScrapy.middlewares.HsNasaDownloaderMiddleware',
 'scrapy.downloadermiddlewares.retry.RetryMiddleware',
 'scrapy.downloadermiddlewares.redirect.MetaRefreshMiddleware',
 'scrapy.downloadermiddlewares.httpcompression.HttpCompressionMiddleware',
 'scrapy.downloadermiddlewares.httpproxy.HttpProxyMiddleware',
 'scrapy.downloadermiddlewares.stats.DownloaderStats']
2021-07-23 16:46:41 [scrapy.middleware] INFO: Enabled spider middlewares:
['scrapy.spidermiddlewares.httperror.HttpErrorMiddleware',
 'scrapy.spidermiddlewares.offsite.OffsiteMiddleware',
 'scrapy.spidermiddlewares.referer.RefererMiddleware',
 'scrapy.spidermiddlewares.urllength.UrlLengthMiddleware',
 'scrapy.spidermiddlewares.depth.DepthMiddleware']
2021-07-23 16:46:41 [scrapy.middleware] INFO: Enabled spider middlewares:
['scrapy.spidermiddlewares.httperror.HttpErrorMiddleware',
 'scrapy.spidermiddlewares.offsite.OffsiteMiddleware',
 'scrapy.spidermiddlewares.referer.RefererMiddleware',
 'scrapy.spidermiddlewares.urllength.UrlLengthMiddleware',
 'scrapy.spidermiddlewares.depth.DepthMiddleware']
2021-07-23 16:46:41 [scrapy.middleware] INFO: Enabled spider middlewares:
['scrapy.spidermiddlewares.httperror.HttpErrorMiddleware',
 'scrapy.spidermiddlewares.offsite.OffsiteMiddleware',
 'scrapy.spidermiddlewares.referer.RefererMiddleware',
 'scrapy.spidermiddlewares.urllength.UrlLengthMiddleware',
 'scrapy.spidermiddlewares.depth.DepthMiddleware']
2021-07-23 16:46:41 [scrapy.middleware] INFO: Enabled spider middlewares:
['scrapy.spidermiddlewares.httperror.HttpErrorMiddleware',
 'scrapy.spidermiddlewares.offsite.OffsiteMiddleware',
 'scrapy.spidermiddlewares.referer.RefererMiddleware',
 'scrapy.spidermiddlewares.urllength.UrlLengthMiddleware',
 'scrapy.spidermiddlewares.depth.DepthMiddleware']
2021-07-23 16:46:41 [scrapy.middleware] INFO: Enabled item pipelines:
['TextProcessorScrapy.pipelines.TwitterPipeline']
2021-07-23 16:46:41 [scrapy.middleware] INFO: Enabled item pipelines:
['TextProcessorScrapy.pipelines.TwitterPipeline']
2021-07-23 16:46:41 [scrapy.middleware] INFO: Enabled item pipelines:
['TextProcessorScrapy.pipelines.TwitterPipeline']
2021-07-23 16:46:41 [scrapy.middleware] INFO: Enabled item pipelines:
['TextProcessorScrapy.pipelines.TwitterPipeline']
2021-07-23 16:46:41 [scrapy.core.engine] INFO: Spider opened
2021-07-23 16:46:41 [scrapy.core.engine] INFO: Spider opened
2021-07-23 16:46:41 [scrapy.core.engine] INFO: Spider opened
2021-07-23 16:46:41 [scrapy.core.engine] INFO: Spider opened
2021-07-23 16:46:41 [scrapy.extensions.logstats] INFO: Crawled 0 pages (at 0 pages/min), scraped 0 items (at 0 items/min)
2021-07-23 16:46:41 [scrapy.extensions.logstats] INFO: Crawled 0 pages (at 0 pages/min), scraped 0 items (at 0 items/min)
2021-07-23 16:46:41 [scrapy.extensions.logstats] INFO: Crawled 0 pages (at 0 pages/min), scraped 0 items (at 0 items/min)
2021-07-23 16:46:41 [scrapy.extensions.logstats] INFO: Crawled 0 pages (at 0 pages/min), scraped 0 items (at 0 items/min)
2021-07-23 16:46:41 [twitter] INFO: Spider opened: twitter
2021-07-23 16:46:41 [twitter] INFO: Spider opened: twitter
2021-07-23 16:46:41 [twitter] INFO: Spider opened: twitter
2021-07-23 16:46:41 [twitter] INFO: Spider opened: twitter
2021-07-23 16:46:41 [scrapy.extensions.telnet] INFO: Telnet console listening on 127.0.0.1:6023
2021-07-23 16:46:41 [scrapy.extensions.telnet] INFO: Telnet console listening on 127.0.0.1:6023
2021-07-23 16:46:41 [twisted] CRITICAL: Unhandled Error
Traceback (most recent call last):
  File "D:\Anaconda\envs\HS\lib\site-packages\twisted\internet\base.py", line 503, in fireEvent
    DeferredList(beforeResults).addCallback(self._continueFiring)
  File "D:\Anaconda\envs\HS\lib\site-packages\twisted\internet\defer.py", line 339, in addCallback
    return self.addCallbacks(callback, callbackArgs=args, callbackKeywords=kw)
  File "D:\Anaconda\envs\HS\lib\site-packages\twisted\internet\defer.py", line 330, in addCallbacks
    self._runCallbacks()
  File "D:\Anaconda\envs\HS\lib\site-packages\twisted\internet\defer.py", line 662, in _runCallbacks
    current.result = callback(current.result, *args, **kw)
--- <exception caught here> ---
  File "D:\Anaconda\envs\HS\lib\site-packages\twisted\internet\base.py", line 515, in _continueFiring
    callable(*args, **kwargs)
  File "D:\Anaconda\envs\HS\lib\site-packages\twisted\internet\base.py", line 1419, in _reallyStartRunning
    self._handleSignals()
  File "D:\Anaconda\envs\HS\lib\site-packages\twisted\internet\posixbase.py", line 341, in _handleSignals
    _SignalReactorMixin._handleSignals(self)
  File "D:\Anaconda\envs\HS\lib\site-packages\twisted\internet\base.py", line 1386, in _handleSignals
    signal.signal(signal.SIGINT, reactorBaseSelf.sigInt)
  File "D:\Anaconda\envs\HS\lib\signal.py", line 47, in signal
    handler = _signal.signal(_enum_to_int(signalnum), _enum_to_int(handler))
builtins.ValueError: signal only works in main thread

2021-07-23 16:46:41 [twisted] CRITICAL: Unhandled Error
Traceback (most recent call last):
  File "D:\Anaconda\envs\HS\lib\site-packages\twisted\internet\base.py", line 503, in fireEvent
    DeferredList(beforeResults).addCallback(self._continueFiring)
  File "D:\Anaconda\envs\HS\lib\site-packages\twisted\internet\defer.py", line 339, in addCallback
    return self.addCallbacks(callback, callbackArgs=args, callbackKeywords=kw)
  File "D:\Anaconda\envs\HS\lib\site-packages\twisted\internet\defer.py", line 330, in addCallbacks
    self._runCallbacks()
  File "D:\Anaconda\envs\HS\lib\site-packages\twisted\internet\defer.py", line 662, in _runCallbacks
    current.result = callback(current.result, *args, **kw)
--- <exception caught here> ---
  File "D:\Anaconda\envs\HS\lib\site-packages\twisted\internet\base.py", line 515, in _continueFiring
    callable(*args, **kwargs)
  File "D:\Anaconda\envs\HS\lib\site-packages\twisted\internet\base.py", line 1419, in _reallyStartRunning
    self._handleSignals()
  File "D:\Anaconda\envs\HS\lib\site-packages\twisted\internet\posixbase.py", line 341, in _handleSignals
    _SignalReactorMixin._handleSignals(self)
  File "D:\Anaconda\envs\HS\lib\site-packages\twisted\internet\base.py", line 1386, in _handleSignals
    signal.signal(signal.SIGINT, reactorBaseSelf.sigInt)
  File "D:\Anaconda\envs\HS\lib\signal.py", line 47, in signal
    handler = _signal.signal(_enum_to_int(signalnum), _enum_to_int(handler))
builtins.ValueError: signal only works in main thread

2021-07-23 16:46:41 [twisted] CRITICAL: Unhandled Error
Traceback (most recent call last):
  File "D:\Anaconda\envs\HS\lib\site-packages\twisted\internet\base.py", line 503, in fireEvent
    DeferredList(beforeResults).addCallback(self._continueFiring)
  File "D:\Anaconda\envs\HS\lib\site-packages\twisted\internet\defer.py", line 339, in addCallback
    return self.addCallbacks(callback, callbackArgs=args, callbackKeywords=kw)
  File "D:\Anaconda\envs\HS\lib\site-packages\twisted\internet\defer.py", line 330, in addCallbacks
    self._runCallbacks()
  File "D:\Anaconda\envs\HS\lib\site-packages\twisted\internet\defer.py", line 662, in _runCallbacks
    current.result = callback(current.result, *args, **kw)
--- <exception caught here> ---
  File "D:\Anaconda\envs\HS\lib\site-packages\twisted\internet\base.py", line 515, in _continueFiring
    callable(*args, **kwargs)
  File "D:\Anaconda\envs\HS\lib\site-packages\twisted\internet\base.py", line 1419, in _reallyStartRunning
    self._handleSignals()
  File "D:\Anaconda\envs\HS\lib\site-packages\twisted\internet\posixbase.py", line 341, in _handleSignals
    _SignalReactorMixin._handleSignals(self)
  File "D:\Anaconda\envs\HS\lib\site-packages\twisted\internet\base.py", line 1386, in _handleSignals
    signal.signal(signal.SIGINT, reactorBaseSelf.sigInt)
  File "D:\Anaconda\envs\HS\lib\signal.py", line 47, in signal
    handler = _signal.signal(_enum_to_int(signalnum), _enum_to_int(handler))
builtins.ValueError: signal only works in main thread

2021-07-23 16:46:41 [twisted] CRITICAL: Unhandled Error
Traceback (most recent call last):
  File "D:\Anaconda\envs\HS\lib\site-packages\twisted\internet\base.py", line 503, in fireEvent
    DeferredList(beforeResults).addCallback(self._continueFiring)
  File "D:\Anaconda\envs\HS\lib\site-packages\twisted\internet\defer.py", line 339, in addCallback
    return self.addCallbacks(callback, callbackArgs=args, callbackKeywords=kw)
  File "D:\Anaconda\envs\HS\lib\site-packages\twisted\internet\defer.py", line 330, in addCallbacks
    self._runCallbacks()
  File "D:\Anaconda\envs\HS\lib\site-packages\twisted\internet\defer.py", line 662, in _runCallbacks
    current.result = callback(current.result, *args, **kw)
--- <exception caught here> ---
  File "D:\Anaconda\envs\HS\lib\site-packages\twisted\internet\base.py", line 515, in _continueFiring
    callable(*args, **kwargs)
  File "D:\Anaconda\envs\HS\lib\site-packages\twisted\internet\base.py", line 1419, in _reallyStartRunning
    self._handleSignals()
  File "D:\Anaconda\envs\HS\lib\site-packages\twisted\internet\posixbase.py", line 341, in _handleSignals
    _SignalReactorMixin._handleSignals(self)
  File "D:\Anaconda\envs\HS\lib\site-packages\twisted\internet\base.py", line 1386, in _handleSignals
    signal.signal(signal.SIGINT, reactorBaseSelf.sigInt)
  File "D:\Anaconda\envs\HS\lib\signal.py", line 47, in signal
    handler = _signal.signal(_enum_to_int(signalnum), _enum_to_int(handler))
builtins.ValueError: signal only works in main thread

2021-07-23 16:46:41 [scrapy.extensions.telnet] INFO: Telnet console listening on 127.0.0.1:6024
2021-07-23 16:46:41 [scrapy.extensions.telnet] INFO: Telnet console listening on 127.0.0.1:6024
