2021-10-26 13:36:52 [scrapy.extensions.telnet] INFO: Telnet Password: 7885230dd8a60df5
2021-10-26 13:36:52 [scrapy.middleware] INFO: Enabled extensions:
['scrapy.extensions.corestats.CoreStats',
 'scrapy.extensions.telnet.TelnetConsole',
 'scrapy.extensions.logstats.LogStats']
2021-10-26 13:36:52 [werkzeug] WARNING:  * Debugger is active!
2021-10-26 13:36:52 [werkzeug] INFO:  * Debugger PIN: 835-249-238
2021-10-26 13:36:52 [werkzeug] INFO:  * Running on http://0.0.0.0:8080/ (Press CTRL+C to quit)
2021-10-26 13:37:01 [werkzeug] INFO: 127.0.0.1 - - [26/Oct/2021 13:37:01] "[33mGET / HTTP/1.1[0m" 404 -
2021-10-26 13:37:20 [scrapy.middleware] INFO: Enabled downloader middlewares:
['scrapy.downloadermiddlewares.httpauth.HttpAuthMiddleware',
 'scrapy.downloadermiddlewares.downloadtimeout.DownloadTimeoutMiddleware',
 'scrapy.downloadermiddlewares.defaultheaders.DefaultHeadersMiddleware',
 'scrapy.downloadermiddlewares.useragent.UserAgentMiddleware',
 'TextProcessorScrapy.middlewares.RandomUserAgentMiddleware',
 'TextProcessorScrapy.middlewares.TextCrawlDownloaderMiddleware',
 'scrapy.downloadermiddlewares.retry.RetryMiddleware',
 'scrapy.downloadermiddlewares.redirect.MetaRefreshMiddleware',
 'scrapy.downloadermiddlewares.httpcompression.HttpCompressionMiddleware',
 'scrapy.downloadermiddlewares.redirect.RedirectMiddleware',
 'scrapy.downloadermiddlewares.cookies.CookiesMiddleware',
 'scrapy.downloadermiddlewares.httpproxy.HttpProxyMiddleware',
 'scrapy.downloadermiddlewares.stats.DownloaderStats']
2021-10-26 13:37:20 [scrapy.middleware] INFO: Enabled spider middlewares:
['scrapy.spidermiddlewares.httperror.HttpErrorMiddleware',
 'scrapy.spidermiddlewares.offsite.OffsiteMiddleware',
 'scrapy.spidermiddlewares.referer.RefererMiddleware',
 'scrapy.spidermiddlewares.urllength.UrlLengthMiddleware',
 'scrapy.spidermiddlewares.depth.DepthMiddleware']
2021-10-26 13:37:20 [scrapy.middleware] INFO: Enabled item pipelines:
['TextProcessorScrapy.pipelines.HsNasaPipeline']
2021-10-26 13:37:20 [scrapy.core.engine] INFO: Spider opened
2021-10-26 13:37:20 [scrapy.extensions.logstats] INFO: Crawled 0 pages (at 0 pages/min), scraped 0 items (at 0 items/min)
2021-10-26 13:37:20 [nasa] INFO: Spider opened: nasa
2021-10-26 13:37:20 [scrapy.extensions.telnet] INFO: Telnet console listening on 127.0.0.1:6023
2021-10-26 13:37:20 [scrapy.crawler] INFO: Overridden settings:
{'BOT_NAME': 'TextProcessorScrapy',
 'COMMANDS_MODULE': 'TextProcessorScrapy.commands',
 'CONCURRENT_REQUESTS': 8,
 'CONCURRENT_REQUESTS_PER_DOMAIN': 32,
 'CONCURRENT_REQUESTS_PER_IP': 128,
 'LOG_FILE': 'log/scrapy_2021_10_26_7.log',
 'NEWSPIDER_MODULE': 'TextProcessorScrapy.spiders',
 'REACTOR_THREADPOOL_MAXSIZE': 20,
 'SPIDER_MODULES': ['TextProcessorScrapy.spiders']}
2021-10-26 13:37:20 [scrapy.extensions.telnet] INFO: Telnet Password: dfdd8732a68f23a4
2021-10-26 13:37:20 [scrapy.middleware] INFO: Enabled extensions:
['scrapy.extensions.corestats.CoreStats',
 'scrapy.extensions.telnet.TelnetConsole',
 'scrapy.extensions.logstats.LogStats']
2021-10-26 13:37:20 [scrapy.middleware] INFO: Enabled downloader middlewares:
['scrapy.downloadermiddlewares.httpauth.HttpAuthMiddleware',
 'scrapy.downloadermiddlewares.downloadtimeout.DownloadTimeoutMiddleware',
 'scrapy.downloadermiddlewares.defaultheaders.DefaultHeadersMiddleware',
 'scrapy.downloadermiddlewares.useragent.UserAgentMiddleware',
 'TextProcessorScrapy.middlewares.RandomUserAgentMiddleware',
 'TextProcessorScrapy.middlewares.TextCrawlDownloaderMiddleware',
 'scrapy.downloadermiddlewares.retry.RetryMiddleware',
 'scrapy.downloadermiddlewares.redirect.MetaRefreshMiddleware',
 'scrapy.downloadermiddlewares.httpcompression.HttpCompressionMiddleware',
 'scrapy.downloadermiddlewares.redirect.RedirectMiddleware',
 'scrapy.downloadermiddlewares.cookies.CookiesMiddleware',
 'scrapy.downloadermiddlewares.httpproxy.HttpProxyMiddleware',
 'scrapy.downloadermiddlewares.stats.DownloaderStats']
2021-10-26 13:37:20 [scrapy.middleware] INFO: Enabled spider middlewares:
['scrapy.spidermiddlewares.httperror.HttpErrorMiddleware',
 'scrapy.spidermiddlewares.offsite.OffsiteMiddleware',
 'scrapy.spidermiddlewares.referer.RefererMiddleware',
 'scrapy.spidermiddlewares.urllength.UrlLengthMiddleware',
 'scrapy.spidermiddlewares.depth.DepthMiddleware']
2021-10-26 13:37:20 [scrapy.middleware] INFO: Enabled item pipelines:
['TextProcessorScrapy.pipelines.WikiPipeline']
2021-10-26 13:37:20 [scrapy.core.engine] INFO: Spider opened
2021-10-26 13:37:20 [scrapy.extensions.logstats] INFO: Crawled 0 pages (at 0 pages/min), scraped 0 items (at 0 items/min)
2021-10-26 13:37:20 [wiki] INFO: Spider opened: wiki
2021-10-26 13:37:20 [twisted] CRITICAL: Unhandled error in Deferred:
2021-10-26 13:37:20 [twisted] CRITICAL: 
Traceback (most recent call last):
  File "D:\Anaconda\envs\HS\lib\site-packages\twisted\internet\defer.py", line 191, in maybeDeferred
    result = f(*args, **kwargs)
  File "E:\workspace\TextProcessor\TextProcessorScrapy\middlewares.py", line 138, in collect
    @app.route('/{}'.format(str(COUNT)))
  File "D:\Anaconda\envs\HS\lib\site-packages\flask\app.py", line 1315, in decorator
    self.add_url_rule(rule, endpoint, f, **options)
  File "D:\Anaconda\envs\HS\lib\site-packages\flask\app.py", line 98, in wrapper_func
    return f(self, *args, **kwargs)
  File "D:\Anaconda\envs\HS\lib\site-packages\flask\app.py", line 1284, in add_url_rule
    "existing endpoint function: %s" % endpoint
AssertionError: View function mapping is overwriting an existing endpoint function: pushData
2021-10-26 13:37:20 [scrapy.extensions.telnet] INFO: Telnet console listening on 127.0.0.1:6024
2021-10-26 13:37:20 [scrapy.crawler] INFO: Overridden settings:
{'BOT_NAME': 'TextProcessorScrapy',
 'COMMANDS_MODULE': 'TextProcessorScrapy.commands',
 'CONCURRENT_REQUESTS': 8,
 'CONCURRENT_REQUESTS_PER_DOMAIN': 32,
 'CONCURRENT_REQUESTS_PER_IP': 128,
 'LOG_FILE': 'log/scrapy_2021_10_26_7.log',
 'NEWSPIDER_MODULE': 'TextProcessorScrapy.spiders',
 'REACTOR_THREADPOOL_MAXSIZE': 20,
 'SPIDER_MODULES': ['TextProcessorScrapy.spiders']}
2021-10-26 13:37:20 [scrapy.extensions.telnet] INFO: Telnet Password: 6ac51cadd2aaca07
2021-10-26 13:37:20 [scrapy.middleware] INFO: Enabled extensions:
['scrapy.extensions.corestats.CoreStats',
 'scrapy.extensions.telnet.TelnetConsole',
 'scrapy.extensions.logstats.LogStats']
2021-10-26 13:37:21 [selenium.webdriver.remote.remote_connection] DEBUG: POST http://127.0.0.1:4526/session {"capabilities": {"firstMatch": [{}], "alwaysMatch": {"browserName": "chrome", "platformName": "any", "goog:chromeOptions": {"prefs": {"profile.default_content_setting_values": {"notifications": 2, "images": 2}}, "extensions": [], "args": ["--headless"]}}}, "desiredCapabilities": {"browserName": "chrome", "version": "", "platform": "ANY", "goog:chromeOptions": {"prefs": {"profile.default_content_setting_values": {"notifications": 2, "images": 2}}, "extensions": [], "args": ["--headless"]}}}
2021-10-26 13:37:21 [urllib3.connectionpool] DEBUG: Starting new HTTP connection (1): 127.0.0.1
2021-10-26 13:37:21 [urllib3.connectionpool] DEBUG: http://127.0.0.1:4526 "POST /session HTTP/1.1" 200 784
2021-10-26 13:37:21 [selenium.webdriver.remote.remote_connection] DEBUG: Finished Request
2021-10-26 13:37:21 [selenium.webdriver.remote.remote_connection] DEBUG: POST http://127.0.0.1:4526/session/61bed3013a71672f6f8abbad2d4b1ee1/timeouts {"implicit": 1000}
2021-10-26 13:37:21 [urllib3.connectionpool] DEBUG: http://127.0.0.1:4526 "POST /session/61bed3013a71672f6f8abbad2d4b1ee1/timeouts HTTP/1.1" 200 14
2021-10-26 13:37:21 [selenium.webdriver.remote.remote_connection] DEBUG: Finished Request
2021-10-26 13:37:21 [scrapy.middleware] INFO: Enabled downloader middlewares:
['scrapy.downloadermiddlewares.httpauth.HttpAuthMiddleware',
 'scrapy.downloadermiddlewares.downloadtimeout.DownloadTimeoutMiddleware',
 'scrapy.downloadermiddlewares.defaultheaders.DefaultHeadersMiddleware',
 'scrapy.downloadermiddlewares.useragent.UserAgentMiddleware',
 'TextProcessorScrapy.middlewares.RandomUserAgentMiddleware',
 'TextProcessorScrapy.middlewares.TextCrawlDownloaderMiddleware',
 'scrapy.downloadermiddlewares.retry.RetryMiddleware',
 'scrapy.downloadermiddlewares.redirect.MetaRefreshMiddleware',
 'scrapy.downloadermiddlewares.httpcompression.HttpCompressionMiddleware',
 'scrapy.downloadermiddlewares.redirect.RedirectMiddleware',
 'scrapy.downloadermiddlewares.cookies.CookiesMiddleware',
 'scrapy.downloadermiddlewares.httpproxy.HttpProxyMiddleware',
 'scrapy.downloadermiddlewares.stats.DownloaderStats']
2021-10-26 13:37:21 [scrapy.middleware] INFO: Enabled spider middlewares:
['scrapy.spidermiddlewares.httperror.HttpErrorMiddleware',
 'scrapy.spidermiddlewares.offsite.OffsiteMiddleware',
 'scrapy.spidermiddlewares.referer.RefererMiddleware',
 'scrapy.spidermiddlewares.urllength.UrlLengthMiddleware',
 'scrapy.spidermiddlewares.depth.DepthMiddleware']
2021-10-26 13:37:21 [scrapy.middleware] INFO: Enabled item pipelines:
['TextProcessorScrapy.pipelines.BaiduPipeline']
2021-10-26 13:37:21 [scrapy.core.engine] INFO: Spider opened
2021-10-26 13:37:21 [scrapy.extensions.logstats] INFO: Crawled 0 pages (at 0 pages/min), scraped 0 items (at 0 items/min)
2021-10-26 13:37:21 [baidu] INFO: Spider opened: baidu
2021-10-26 13:37:21 [twisted] CRITICAL: Unhandled error in Deferred:
2021-10-26 13:37:21 [twisted] CRITICAL: 
Traceback (most recent call last):
  File "D:\Anaconda\envs\HS\lib\site-packages\twisted\internet\defer.py", line 191, in maybeDeferred
    result = f(*args, **kwargs)
  File "E:\workspace\TextProcessor\TextProcessorScrapy\middlewares.py", line 138, in collect
    @app.route('/{}'.format(str(COUNT)))
  File "D:\Anaconda\envs\HS\lib\site-packages\flask\app.py", line 1315, in decorator
    self.add_url_rule(rule, endpoint, f, **options)
  File "D:\Anaconda\envs\HS\lib\site-packages\flask\app.py", line 98, in wrapper_func
    return f(self, *args, **kwargs)
  File "D:\Anaconda\envs\HS\lib\site-packages\flask\app.py", line 1284, in add_url_rule
    "existing endpoint function: %s" % endpoint
AssertionError: View function mapping is overwriting an existing endpoint function: pushData
2021-10-26 13:37:21 [scrapy.extensions.telnet] INFO: Telnet console listening on 127.0.0.1:6025
2021-10-26 13:37:21 [scrapy.crawler] INFO: Overridden settings:
{'BOT_NAME': 'TextProcessorScrapy',
 'COMMANDS_MODULE': 'TextProcessorScrapy.commands',
 'CONCURRENT_REQUESTS': 8,
 'CONCURRENT_REQUESTS_PER_DOMAIN': 32,
 'CONCURRENT_REQUESTS_PER_IP': 128,
 'LOG_FILE': 'log/scrapy_2021_10_26_7.log',
 'NEWSPIDER_MODULE': 'TextProcessorScrapy.spiders',
 'REACTOR_THREADPOOL_MAXSIZE': 20,
 'SPIDER_MODULES': ['TextProcessorScrapy.spiders']}
2021-10-26 13:37:21 [scrapy.extensions.telnet] INFO: Telnet Password: 648e7da9231a580c
2021-10-26 13:37:21 [scrapy.middleware] INFO: Enabled extensions:
['scrapy.extensions.corestats.CoreStats',
 'scrapy.extensions.telnet.TelnetConsole',
 'scrapy.extensions.logstats.LogStats']
2021-10-26 13:37:21 [scrapy.middleware] INFO: Enabled downloader middlewares:
['scrapy.downloadermiddlewares.httpauth.HttpAuthMiddleware',
 'scrapy.downloadermiddlewares.downloadtimeout.DownloadTimeoutMiddleware',
 'scrapy.downloadermiddlewares.defaultheaders.DefaultHeadersMiddleware',
 'scrapy.downloadermiddlewares.useragent.UserAgentMiddleware',
 'TextProcessorScrapy.middlewares.RandomUserAgentMiddleware',
 'TextProcessorScrapy.middlewares.TextCrawlDownloaderMiddleware',
 'scrapy.downloadermiddlewares.retry.RetryMiddleware',
 'scrapy.downloadermiddlewares.redirect.MetaRefreshMiddleware',
 'scrapy.downloadermiddlewares.httpcompression.HttpCompressionMiddleware',
 'scrapy.downloadermiddlewares.redirect.RedirectMiddleware',
 'scrapy.downloadermiddlewares.cookies.CookiesMiddleware',
 'scrapy.downloadermiddlewares.httpproxy.HttpProxyMiddleware',
 'scrapy.downloadermiddlewares.stats.DownloaderStats']
2021-10-26 13:37:21 [scrapy.middleware] INFO: Enabled spider middlewares:
['scrapy.spidermiddlewares.httperror.HttpErrorMiddleware',
 'scrapy.spidermiddlewares.offsite.OffsiteMiddleware',
 'scrapy.spidermiddlewares.referer.RefererMiddleware',
 'scrapy.spidermiddlewares.urllength.UrlLengthMiddleware',
 'scrapy.spidermiddlewares.depth.DepthMiddleware']
2021-10-26 13:37:21 [scrapy.middleware] INFO: Enabled item pipelines:
['TextProcessorScrapy.pipelines.TiexuePipeline']
2021-10-26 13:37:21 [scrapy.core.engine] INFO: Spider opened
2021-10-26 13:37:21 [scrapy.extensions.logstats] INFO: Crawled 0 pages (at 0 pages/min), scraped 0 items (at 0 items/min)
2021-10-26 13:37:21 [tiexue] INFO: Spider opened: tiexue
2021-10-26 13:37:21 [twisted] CRITICAL: Unhandled error in Deferred:
2021-10-26 13:37:21 [twisted] CRITICAL: 
Traceback (most recent call last):
  File "D:\Anaconda\envs\HS\lib\site-packages\twisted\internet\defer.py", line 191, in maybeDeferred
    result = f(*args, **kwargs)
  File "E:\workspace\TextProcessor\TextProcessorScrapy\middlewares.py", line 138, in collect
    @app.route('/{}'.format(str(COUNT)))
  File "D:\Anaconda\envs\HS\lib\site-packages\flask\app.py", line 1315, in decorator
    self.add_url_rule(rule, endpoint, f, **options)
  File "D:\Anaconda\envs\HS\lib\site-packages\flask\app.py", line 98, in wrapper_func
    return f(self, *args, **kwargs)
  File "D:\Anaconda\envs\HS\lib\site-packages\flask\app.py", line 1284, in add_url_rule
    "existing endpoint function: %s" % endpoint
AssertionError: View function mapping is overwriting an existing endpoint function: pushData
2021-10-26 13:37:21 [scrapy.extensions.telnet] INFO: Telnet console listening on 127.0.0.1:6026
2021-10-26 13:37:21 [scrapy.crawler] INFO: Overridden settings:
{'BOT_NAME': 'TextProcessorScrapy',
 'COMMANDS_MODULE': 'TextProcessorScrapy.commands',
 'CONCURRENT_REQUESTS': 8,
 'CONCURRENT_REQUESTS_PER_DOMAIN': 32,
 'CONCURRENT_REQUESTS_PER_IP': 128,
 'LOG_FILE': 'log/scrapy_2021_10_26_7.log',
 'NEWSPIDER_MODULE': 'TextProcessorScrapy.spiders',
 'REACTOR_THREADPOOL_MAXSIZE': 20,
 'SPIDER_MODULES': ['TextProcessorScrapy.spiders']}
2021-10-26 13:37:21 [scrapy.extensions.telnet] INFO: Telnet Password: 681ec42795d99789
2021-10-26 13:37:21 [scrapy.middleware] INFO: Enabled extensions:
['scrapy.extensions.corestats.CoreStats',
 'scrapy.extensions.telnet.TelnetConsole',
 'scrapy.extensions.logstats.LogStats']
2021-10-26 13:37:21 [scrapy.middleware] INFO: Enabled downloader middlewares:
['scrapy.downloadermiddlewares.httpauth.HttpAuthMiddleware',
 'scrapy.downloadermiddlewares.downloadtimeout.DownloadTimeoutMiddleware',
 'scrapy.downloadermiddlewares.defaultheaders.DefaultHeadersMiddleware',
 'scrapy.downloadermiddlewares.useragent.UserAgentMiddleware',
 'TextProcessorScrapy.middlewares.RandomUserAgentMiddleware',
 'TextProcessorScrapy.middlewares.TextCrawlDownloaderMiddleware',
 'scrapy.downloadermiddlewares.retry.RetryMiddleware',
 'scrapy.downloadermiddlewares.redirect.MetaRefreshMiddleware',
 'scrapy.downloadermiddlewares.httpcompression.HttpCompressionMiddleware',
 'scrapy.downloadermiddlewares.redirect.RedirectMiddleware',
 'scrapy.downloadermiddlewares.cookies.CookiesMiddleware',
 'scrapy.downloadermiddlewares.httpproxy.HttpProxyMiddleware',
 'scrapy.downloadermiddlewares.stats.DownloaderStats']
2021-10-26 13:37:21 [scrapy.middleware] INFO: Enabled spider middlewares:
['scrapy.spidermiddlewares.httperror.HttpErrorMiddleware',
 'scrapy.spidermiddlewares.offsite.OffsiteMiddleware',
 'scrapy.spidermiddlewares.referer.RefererMiddleware',
 'scrapy.spidermiddlewares.urllength.UrlLengthMiddleware',
 'scrapy.spidermiddlewares.depth.DepthMiddleware']
2021-10-26 13:37:21 [scrapy.middleware] INFO: Enabled item pipelines:
['TextProcessorScrapy.pipelines.AiaaPipeline']
2021-10-26 13:37:21 [scrapy.core.engine] INFO: Spider opened
2021-10-26 13:37:21 [scrapy.extensions.logstats] INFO: Crawled 0 pages (at 0 pages/min), scraped 0 items (at 0 items/min)
2021-10-26 13:37:21 [aiaa] INFO: Spider opened: aiaa
2021-10-26 13:37:21 [twisted] CRITICAL: Unhandled error in Deferred:
2021-10-26 13:37:21 [twisted] CRITICAL: 
Traceback (most recent call last):
  File "D:\Anaconda\envs\HS\lib\site-packages\twisted\internet\defer.py", line 191, in maybeDeferred
    result = f(*args, **kwargs)
  File "E:\workspace\TextProcessor\TextProcessorScrapy\middlewares.py", line 138, in collect
    @app.route('/{}'.format(str(COUNT)))
  File "D:\Anaconda\envs\HS\lib\site-packages\flask\app.py", line 1315, in decorator
    self.add_url_rule(rule, endpoint, f, **options)
  File "D:\Anaconda\envs\HS\lib\site-packages\flask\app.py", line 98, in wrapper_func
    return f(self, *args, **kwargs)
  File "D:\Anaconda\envs\HS\lib\site-packages\flask\app.py", line 1284, in add_url_rule
    "existing endpoint function: %s" % endpoint
AssertionError: View function mapping is overwriting an existing endpoint function: pushData
2021-10-26 13:37:21 [scrapy.extensions.telnet] INFO: Telnet console listening on 127.0.0.1:6027
2021-10-26 13:37:21 [scrapy.crawler] INFO: Overridden settings:
{'BOT_NAME': 'TextProcessorScrapy',
 'COMMANDS_MODULE': 'TextProcessorScrapy.commands',
 'CONCURRENT_REQUESTS': 8,
 'CONCURRENT_REQUESTS_PER_DOMAIN': 32,
 'CONCURRENT_REQUESTS_PER_IP': 128,
 'LOG_FILE': 'log/scrapy_2021_10_26_7.log',
 'NEWSPIDER_MODULE': 'TextProcessorScrapy.spiders',
 'REACTOR_THREADPOOL_MAXSIZE': 20,
 'SPIDER_MODULES': ['TextProcessorScrapy.spiders']}
2021-10-26 13:37:21 [scrapy.extensions.telnet] INFO: Telnet Password: d2b680c017232636
2021-10-26 13:37:21 [scrapy.middleware] INFO: Enabled extensions:
['scrapy.extensions.corestats.CoreStats',
 'scrapy.extensions.telnet.TelnetConsole',
 'scrapy.extensions.logstats.LogStats']
2021-10-26 13:37:21 [scrapy.middleware] INFO: Enabled downloader middlewares:
['scrapy.downloadermiddlewares.httpauth.HttpAuthMiddleware',
 'scrapy.downloadermiddlewares.downloadtimeout.DownloadTimeoutMiddleware',
 'scrapy.downloadermiddlewares.defaultheaders.DefaultHeadersMiddleware',
 'scrapy.downloadermiddlewares.useragent.UserAgentMiddleware',
 'TextProcessorScrapy.middlewares.RandomUserAgentMiddleware',
 'TextProcessorScrapy.middlewares.TextCrawlDownloaderMiddleware',
 'scrapy.downloadermiddlewares.retry.RetryMiddleware',
 'scrapy.downloadermiddlewares.redirect.MetaRefreshMiddleware',
 'scrapy.downloadermiddlewares.httpcompression.HttpCompressionMiddleware',
 'scrapy.downloadermiddlewares.redirect.RedirectMiddleware',
 'scrapy.downloadermiddlewares.cookies.CookiesMiddleware',
 'scrapy.downloadermiddlewares.httpproxy.HttpProxyMiddleware',
 'scrapy.downloadermiddlewares.stats.DownloaderStats']
2021-10-26 13:37:21 [scrapy.middleware] INFO: Enabled spider middlewares:
['scrapy.spidermiddlewares.httperror.HttpErrorMiddleware',
 'scrapy.spidermiddlewares.offsite.OffsiteMiddleware',
 'scrapy.spidermiddlewares.referer.RefererMiddleware',
 'scrapy.spidermiddlewares.urllength.UrlLengthMiddleware',
 'scrapy.spidermiddlewares.depth.DepthMiddleware']
2021-10-26 13:37:21 [scrapy.middleware] INFO: Enabled item pipelines:
['TextProcessorScrapy.pipelines.HsNasaPipeline']
2021-10-26 13:37:21 [scrapy.core.engine] INFO: Spider opened
2021-10-26 13:37:21 [scrapy.extensions.logstats] INFO: Crawled 0 pages (at 0 pages/min), scraped 0 items (at 0 items/min)
2021-10-26 13:37:21 [nasa] INFO: Spider opened: nasa
2021-10-26 13:37:21 [twisted] CRITICAL: Unhandled error in Deferred:
2021-10-26 13:37:21 [twisted] CRITICAL: 
Traceback (most recent call last):
  File "D:\Anaconda\envs\HS\lib\site-packages\twisted\internet\defer.py", line 191, in maybeDeferred
    result = f(*args, **kwargs)
  File "E:\workspace\TextProcessor\TextProcessorScrapy\middlewares.py", line 138, in collect
    @app.route('/{}'.format(str(COUNT)))
  File "D:\Anaconda\envs\HS\lib\site-packages\flask\app.py", line 1315, in decorator
    self.add_url_rule(rule, endpoint, f, **options)
  File "D:\Anaconda\envs\HS\lib\site-packages\flask\app.py", line 98, in wrapper_func
    return f(self, *args, **kwargs)
  File "D:\Anaconda\envs\HS\lib\site-packages\flask\app.py", line 1284, in add_url_rule
    "existing endpoint function: %s" % endpoint
AssertionError: View function mapping is overwriting an existing endpoint function: pushData
2021-10-26 13:37:21 [scrapy.extensions.telnet] INFO: Telnet console listening on 127.0.0.1:6028
2021-10-26 13:37:21 [scrapy.crawler] INFO: Overridden settings:
{'BOT_NAME': 'TextProcessorScrapy',
 'COMMANDS_MODULE': 'TextProcessorScrapy.commands',
 'CONCURRENT_REQUESTS': 8,
 'CONCURRENT_REQUESTS_PER_DOMAIN': 32,
 'CONCURRENT_REQUESTS_PER_IP': 128,
 'LOG_FILE': 'log/scrapy_2021_10_26_7.log',
 'NEWSPIDER_MODULE': 'TextProcessorScrapy.spiders',
 'REACTOR_THREADPOOL_MAXSIZE': 20,
 'SPIDER_MODULES': ['TextProcessorScrapy.spiders']}
2021-10-26 13:37:21 [scrapy.extensions.telnet] INFO: Telnet Password: df8dfa3b6e32c60d
2021-10-26 13:37:21 [scrapy.middleware] INFO: Enabled extensions:
['scrapy.extensions.corestats.CoreStats',
 'scrapy.extensions.telnet.TelnetConsole',
 'scrapy.extensions.logstats.LogStats']
2021-10-26 13:37:21 [scrapy.middleware] INFO: Enabled downloader middlewares:
['scrapy.downloadermiddlewares.httpauth.HttpAuthMiddleware',
 'scrapy.downloadermiddlewares.downloadtimeout.DownloadTimeoutMiddleware',
 'scrapy.downloadermiddlewares.defaultheaders.DefaultHeadersMiddleware',
 'scrapy.downloadermiddlewares.useragent.UserAgentMiddleware',
 'TextProcessorScrapy.middlewares.RandomUserAgentMiddleware',
 'TextProcessorScrapy.middlewares.TextCrawlDownloaderMiddleware',
 'scrapy.downloadermiddlewares.retry.RetryMiddleware',
 'scrapy.downloadermiddlewares.redirect.MetaRefreshMiddleware',
 'scrapy.downloadermiddlewares.httpcompression.HttpCompressionMiddleware',
 'scrapy.downloadermiddlewares.redirect.RedirectMiddleware',
 'scrapy.downloadermiddlewares.cookies.CookiesMiddleware',
 'scrapy.downloadermiddlewares.httpproxy.HttpProxyMiddleware',
 'scrapy.downloadermiddlewares.stats.DownloaderStats']
2021-10-26 13:37:21 [scrapy.middleware] INFO: Enabled spider middlewares:
['scrapy.spidermiddlewares.httperror.HttpErrorMiddleware',
 'scrapy.spidermiddlewares.offsite.OffsiteMiddleware',
 'scrapy.spidermiddlewares.referer.RefererMiddleware',
 'scrapy.spidermiddlewares.urllength.UrlLengthMiddleware',
 'scrapy.spidermiddlewares.depth.DepthMiddleware']
2021-10-26 13:37:21 [scrapy.middleware] INFO: Enabled item pipelines:
['TextProcessorScrapy.pipelines.WikiPipeline']
2021-10-26 13:37:21 [scrapy.core.engine] INFO: Spider opened
2021-10-26 13:37:21 [scrapy.extensions.logstats] INFO: Crawled 0 pages (at 0 pages/min), scraped 0 items (at 0 items/min)
2021-10-26 13:37:21 [wiki] INFO: Spider opened: wiki
2021-10-26 13:37:21 [twisted] CRITICAL: Unhandled error in Deferred:
2021-10-26 13:37:21 [twisted] CRITICAL: 
Traceback (most recent call last):
  File "D:\Anaconda\envs\HS\lib\site-packages\twisted\internet\defer.py", line 191, in maybeDeferred
    result = f(*args, **kwargs)
  File "E:\workspace\TextProcessor\TextProcessorScrapy\middlewares.py", line 138, in collect
    @app.route('/{}'.format(str(COUNT)))
  File "D:\Anaconda\envs\HS\lib\site-packages\flask\app.py", line 1315, in decorator
    self.add_url_rule(rule, endpoint, f, **options)
  File "D:\Anaconda\envs\HS\lib\site-packages\flask\app.py", line 98, in wrapper_func
    return f(self, *args, **kwargs)
  File "D:\Anaconda\envs\HS\lib\site-packages\flask\app.py", line 1284, in add_url_rule
    "existing endpoint function: %s" % endpoint
AssertionError: View function mapping is overwriting an existing endpoint function: pushData
2021-10-26 13:37:21 [scrapy.extensions.telnet] INFO: Telnet console listening on 127.0.0.1:6029
2021-10-26 13:37:21 [scrapy.crawler] INFO: Overridden settings:
{'BOT_NAME': 'TextProcessorScrapy',
 'COMMANDS_MODULE': 'TextProcessorScrapy.commands',
 'CONCURRENT_REQUESTS': 8,
 'CONCURRENT_REQUESTS_PER_DOMAIN': 32,
 'CONCURRENT_REQUESTS_PER_IP': 128,
 'LOG_FILE': 'log/scrapy_2021_10_26_7.log',
 'NEWSPIDER_MODULE': 'TextProcessorScrapy.spiders',
 'REACTOR_THREADPOOL_MAXSIZE': 20,
 'SPIDER_MODULES': ['TextProcessorScrapy.spiders']}
2021-10-26 13:37:21 [scrapy.extensions.telnet] INFO: Telnet Password: abd60f93e9bc0b0b
2021-10-26 13:37:21 [scrapy.middleware] INFO: Enabled extensions:
['scrapy.extensions.corestats.CoreStats',
 'scrapy.extensions.telnet.TelnetConsole',
 'scrapy.extensions.logstats.LogStats']
2021-10-26 13:37:22 [selenium.webdriver.remote.remote_connection] DEBUG: POST http://127.0.0.1:2101/session {"capabilities": {"firstMatch": [{}], "alwaysMatch": {"browserName": "chrome", "platformName": "any", "goog:chromeOptions": {"prefs": {"profile.default_content_setting_values": {"notifications": 2, "images": 2}}, "extensions": [], "args": ["--headless"]}}}, "desiredCapabilities": {"browserName": "chrome", "version": "", "platform": "ANY", "goog:chromeOptions": {"prefs": {"profile.default_content_setting_values": {"notifications": 2, "images": 2}}, "extensions": [], "args": ["--headless"]}}}
2021-10-26 13:37:22 [urllib3.connectionpool] DEBUG: Starting new HTTP connection (1): 127.0.0.1
2021-10-26 13:37:22 [urllib3.connectionpool] DEBUG: http://127.0.0.1:2101 "POST /session HTTP/1.1" 200 784
2021-10-26 13:37:22 [selenium.webdriver.remote.remote_connection] DEBUG: Finished Request
2021-10-26 13:37:22 [selenium.webdriver.remote.remote_connection] DEBUG: POST http://127.0.0.1:2101/session/33f1eca888e25f4cbbdefb185d6884c8/timeouts {"implicit": 1000}
2021-10-26 13:37:22 [urllib3.connectionpool] DEBUG: http://127.0.0.1:2101 "POST /session/33f1eca888e25f4cbbdefb185d6884c8/timeouts HTTP/1.1" 200 14
2021-10-26 13:37:22 [selenium.webdriver.remote.remote_connection] DEBUG: Finished Request
2021-10-26 13:37:22 [scrapy.middleware] INFO: Enabled downloader middlewares:
['scrapy.downloadermiddlewares.httpauth.HttpAuthMiddleware',
 'scrapy.downloadermiddlewares.downloadtimeout.DownloadTimeoutMiddleware',
 'scrapy.downloadermiddlewares.defaultheaders.DefaultHeadersMiddleware',
 'scrapy.downloadermiddlewares.useragent.UserAgentMiddleware',
 'TextProcessorScrapy.middlewares.RandomUserAgentMiddleware',
 'TextProcessorScrapy.middlewares.TextCrawlDownloaderMiddleware',
 'scrapy.downloadermiddlewares.retry.RetryMiddleware',
 'scrapy.downloadermiddlewares.redirect.MetaRefreshMiddleware',
 'scrapy.downloadermiddlewares.httpcompression.HttpCompressionMiddleware',
 'scrapy.downloadermiddlewares.redirect.RedirectMiddleware',
 'scrapy.downloadermiddlewares.cookies.CookiesMiddleware',
 'scrapy.downloadermiddlewares.httpproxy.HttpProxyMiddleware',
 'scrapy.downloadermiddlewares.stats.DownloaderStats']
2021-10-26 13:37:22 [scrapy.middleware] INFO: Enabled spider middlewares:
['scrapy.spidermiddlewares.httperror.HttpErrorMiddleware',
 'scrapy.spidermiddlewares.offsite.OffsiteMiddleware',
 'scrapy.spidermiddlewares.referer.RefererMiddleware',
 'scrapy.spidermiddlewares.urllength.UrlLengthMiddleware',
 'scrapy.spidermiddlewares.depth.DepthMiddleware']
2021-10-26 13:37:22 [scrapy.middleware] INFO: Enabled item pipelines:
['TextProcessorScrapy.pipelines.BaiduPipeline']
2021-10-26 13:37:22 [scrapy.core.engine] INFO: Spider opened
2021-10-26 13:37:22 [scrapy.extensions.logstats] INFO: Crawled 0 pages (at 0 pages/min), scraped 0 items (at 0 items/min)
2021-10-26 13:37:22 [baidu] INFO: Spider opened: baidu
2021-10-26 13:37:22 [twisted] CRITICAL: Unhandled error in Deferred:
2021-10-26 13:37:22 [twisted] CRITICAL: 
Traceback (most recent call last):
  File "D:\Anaconda\envs\HS\lib\site-packages\twisted\internet\defer.py", line 191, in maybeDeferred
    result = f(*args, **kwargs)
  File "E:\workspace\TextProcessor\TextProcessorScrapy\middlewares.py", line 138, in collect
    @app.route('/{}'.format(str(COUNT)))
  File "D:\Anaconda\envs\HS\lib\site-packages\flask\app.py", line 1315, in decorator
    self.add_url_rule(rule, endpoint, f, **options)
  File "D:\Anaconda\envs\HS\lib\site-packages\flask\app.py", line 98, in wrapper_func
    return f(self, *args, **kwargs)
  File "D:\Anaconda\envs\HS\lib\site-packages\flask\app.py", line 1284, in add_url_rule
    "existing endpoint function: %s" % endpoint
AssertionError: View function mapping is overwriting an existing endpoint function: pushData
2021-10-26 13:37:22 [scrapy.extensions.telnet] INFO: Telnet console listening on 127.0.0.1:6030
2021-10-26 13:37:22 [scrapy.crawler] INFO: Overridden settings:
{'BOT_NAME': 'TextProcessorScrapy',
 'COMMANDS_MODULE': 'TextProcessorScrapy.commands',
 'CONCURRENT_REQUESTS': 8,
 'CONCURRENT_REQUESTS_PER_DOMAIN': 32,
 'CONCURRENT_REQUESTS_PER_IP': 128,
 'LOG_FILE': 'log/scrapy_2021_10_26_7.log',
 'NEWSPIDER_MODULE': 'TextProcessorScrapy.spiders',
 'REACTOR_THREADPOOL_MAXSIZE': 20,
 'SPIDER_MODULES': ['TextProcessorScrapy.spiders']}
2021-10-26 13:37:22 [scrapy.extensions.telnet] INFO: Telnet Password: 391036102d2068e3
2021-10-26 13:37:22 [scrapy.middleware] INFO: Enabled extensions:
['scrapy.extensions.corestats.CoreStats',
 'scrapy.extensions.telnet.TelnetConsole',
 'scrapy.extensions.logstats.LogStats']
2021-10-26 13:37:22 [scrapy.middleware] INFO: Enabled downloader middlewares:
['scrapy.downloadermiddlewares.httpauth.HttpAuthMiddleware',
 'scrapy.downloadermiddlewares.downloadtimeout.DownloadTimeoutMiddleware',
 'scrapy.downloadermiddlewares.defaultheaders.DefaultHeadersMiddleware',
 'scrapy.downloadermiddlewares.useragent.UserAgentMiddleware',
 'TextProcessorScrapy.middlewares.RandomUserAgentMiddleware',
 'TextProcessorScrapy.middlewares.TextCrawlDownloaderMiddleware',
 'scrapy.downloadermiddlewares.retry.RetryMiddleware',
 'scrapy.downloadermiddlewares.redirect.MetaRefreshMiddleware',
 'scrapy.downloadermiddlewares.httpcompression.HttpCompressionMiddleware',
 'scrapy.downloadermiddlewares.redirect.RedirectMiddleware',
 'scrapy.downloadermiddlewares.cookies.CookiesMiddleware',
 'scrapy.downloadermiddlewares.httpproxy.HttpProxyMiddleware',
 'scrapy.downloadermiddlewares.stats.DownloaderStats']
2021-10-26 13:37:22 [scrapy.middleware] INFO: Enabled spider middlewares:
['scrapy.spidermiddlewares.httperror.HttpErrorMiddleware',
 'scrapy.spidermiddlewares.offsite.OffsiteMiddleware',
 'scrapy.spidermiddlewares.referer.RefererMiddleware',
 'scrapy.spidermiddlewares.urllength.UrlLengthMiddleware',
 'scrapy.spidermiddlewares.depth.DepthMiddleware']
2021-10-26 13:37:22 [scrapy.middleware] INFO: Enabled item pipelines:
['TextProcessorScrapy.pipelines.TiexuePipeline']
2021-10-26 13:37:22 [scrapy.core.engine] INFO: Spider opened
2021-10-26 13:37:22 [scrapy.extensions.logstats] INFO: Crawled 0 pages (at 0 pages/min), scraped 0 items (at 0 items/min)
2021-10-26 13:37:22 [tiexue] INFO: Spider opened: tiexue
2021-10-26 13:37:22 [twisted] CRITICAL: Unhandled error in Deferred:
2021-10-26 13:37:22 [twisted] CRITICAL: 
Traceback (most recent call last):
  File "D:\Anaconda\envs\HS\lib\site-packages\twisted\internet\defer.py", line 191, in maybeDeferred
    result = f(*args, **kwargs)
  File "E:\workspace\TextProcessor\TextProcessorScrapy\middlewares.py", line 138, in collect
    @app.route('/{}'.format(str(COUNT)))
  File "D:\Anaconda\envs\HS\lib\site-packages\flask\app.py", line 1315, in decorator
    self.add_url_rule(rule, endpoint, f, **options)
  File "D:\Anaconda\envs\HS\lib\site-packages\flask\app.py", line 98, in wrapper_func
    return f(self, *args, **kwargs)
  File "D:\Anaconda\envs\HS\lib\site-packages\flask\app.py", line 1284, in add_url_rule
    "existing endpoint function: %s" % endpoint
AssertionError: View function mapping is overwriting an existing endpoint function: pushData
2021-10-26 13:37:22 [scrapy.extensions.telnet] INFO: Telnet console listening on 127.0.0.1:6031
2021-10-26 13:37:22 [scrapy.crawler] INFO: Overridden settings:
{'BOT_NAME': 'TextProcessorScrapy',
 'COMMANDS_MODULE': 'TextProcessorScrapy.commands',
 'CONCURRENT_REQUESTS': 8,
 'CONCURRENT_REQUESTS_PER_DOMAIN': 32,
 'CONCURRENT_REQUESTS_PER_IP': 128,
 'LOG_FILE': 'log/scrapy_2021_10_26_7.log',
 'NEWSPIDER_MODULE': 'TextProcessorScrapy.spiders',
 'REACTOR_THREADPOOL_MAXSIZE': 20,
 'SPIDER_MODULES': ['TextProcessorScrapy.spiders']}
2021-10-26 13:37:22 [scrapy.extensions.telnet] INFO: Telnet Password: d45da5673d557797
2021-10-26 13:37:22 [scrapy.middleware] INFO: Enabled extensions:
['scrapy.extensions.corestats.CoreStats',
 'scrapy.extensions.telnet.TelnetConsole',
 'scrapy.extensions.logstats.LogStats']
2021-10-26 13:37:22 [scrapy.middleware] INFO: Enabled downloader middlewares:
['scrapy.downloadermiddlewares.httpauth.HttpAuthMiddleware',
 'scrapy.downloadermiddlewares.downloadtimeout.DownloadTimeoutMiddleware',
 'scrapy.downloadermiddlewares.defaultheaders.DefaultHeadersMiddleware',
 'scrapy.downloadermiddlewares.useragent.UserAgentMiddleware',
 'TextProcessorScrapy.middlewares.RandomUserAgentMiddleware',
 'TextProcessorScrapy.middlewares.TextCrawlDownloaderMiddleware',
 'scrapy.downloadermiddlewares.retry.RetryMiddleware',
 'scrapy.downloadermiddlewares.redirect.MetaRefreshMiddleware',
 'scrapy.downloadermiddlewares.httpcompression.HttpCompressionMiddleware',
 'scrapy.downloadermiddlewares.redirect.RedirectMiddleware',
 'scrapy.downloadermiddlewares.cookies.CookiesMiddleware',
 'scrapy.downloadermiddlewares.httpproxy.HttpProxyMiddleware',
 'scrapy.downloadermiddlewares.stats.DownloaderStats']
2021-10-26 13:37:22 [scrapy.middleware] INFO: Enabled spider middlewares:
['scrapy.spidermiddlewares.httperror.HttpErrorMiddleware',
 'scrapy.spidermiddlewares.offsite.OffsiteMiddleware',
 'scrapy.spidermiddlewares.referer.RefererMiddleware',
 'scrapy.spidermiddlewares.urllength.UrlLengthMiddleware',
 'scrapy.spidermiddlewares.depth.DepthMiddleware']
2021-10-26 13:37:22 [scrapy.middleware] INFO: Enabled item pipelines:
['TextProcessorScrapy.pipelines.AiaaPipeline']
2021-10-26 13:37:22 [scrapy.core.engine] INFO: Spider opened
2021-10-26 13:37:22 [scrapy.extensions.logstats] INFO: Crawled 0 pages (at 0 pages/min), scraped 0 items (at 0 items/min)
2021-10-26 13:37:22 [aiaa] INFO: Spider opened: aiaa
2021-10-26 13:37:22 [twisted] CRITICAL: Unhandled error in Deferred:
2021-10-26 13:37:22 [twisted] CRITICAL: 
Traceback (most recent call last):
  File "D:\Anaconda\envs\HS\lib\site-packages\twisted\internet\defer.py", line 191, in maybeDeferred
    result = f(*args, **kwargs)
  File "E:\workspace\TextProcessor\TextProcessorScrapy\middlewares.py", line 138, in collect
    @app.route('/{}'.format(str(COUNT)))
  File "D:\Anaconda\envs\HS\lib\site-packages\flask\app.py", line 1315, in decorator
    self.add_url_rule(rule, endpoint, f, **options)
  File "D:\Anaconda\envs\HS\lib\site-packages\flask\app.py", line 98, in wrapper_func
    return f(self, *args, **kwargs)
  File "D:\Anaconda\envs\HS\lib\site-packages\flask\app.py", line 1284, in add_url_rule
    "existing endpoint function: %s" % endpoint
AssertionError: View function mapping is overwriting an existing endpoint function: pushData
2021-10-26 13:37:22 [scrapy.extensions.telnet] INFO: Telnet console listening on 127.0.0.1:6032
2021-10-26 13:37:22 [TextProcessorScrapy.spiders.Aiaa] INFO: Aiaa Spider Starting!
2021-10-26 13:37:22 [TextProcessorScrapy.spiders.Aiaa] INFO: Aiaa Spider Starting!
