2021-10-13 16:36:44 [scrapy.extensions.telnet] INFO: Telnet Password: b581f110f6d9d8b1
2021-10-13 16:36:44 [scrapy.middleware] INFO: Enabled extensions:
['scrapy.extensions.corestats.CoreStats',
 'scrapy.extensions.telnet.TelnetConsole',
 'scrapy.extensions.logstats.LogStats']
2021-10-13 16:36:44 [scrapy.middleware] INFO: Enabled downloader middlewares:
['scrapy.downloadermiddlewares.httpauth.HttpAuthMiddleware',
 'scrapy.downloadermiddlewares.downloadtimeout.DownloadTimeoutMiddleware',
 'scrapy.downloadermiddlewares.defaultheaders.DefaultHeadersMiddleware',
 'scrapy.downloadermiddlewares.useragent.UserAgentMiddleware',
 'TextProcessorScrapy.middlewares.RandomUserAgentMiddleware',
 'TextProcessorScrapy.middlewares.TextCrawlDownloaderMiddleware',
 'scrapy.downloadermiddlewares.retry.RetryMiddleware',
 'scrapy.downloadermiddlewares.redirect.MetaRefreshMiddleware',
 'scrapy.downloadermiddlewares.httpcompression.HttpCompressionMiddleware',
 'scrapy.downloadermiddlewares.redirect.RedirectMiddleware',
 'scrapy.downloadermiddlewares.cookies.CookiesMiddleware',
 'scrapy.downloadermiddlewares.httpproxy.HttpProxyMiddleware',
 'scrapy.downloadermiddlewares.stats.DownloaderStats']
2021-10-13 16:36:44 [scrapy.middleware] INFO: Enabled spider middlewares:
['scrapy.spidermiddlewares.httperror.HttpErrorMiddleware',
 'scrapy.spidermiddlewares.offsite.OffsiteMiddleware',
 'scrapy.spidermiddlewares.referer.RefererMiddleware',
 'scrapy.spidermiddlewares.urllength.UrlLengthMiddleware',
 'scrapy.spidermiddlewares.depth.DepthMiddleware']
2021-10-13 16:36:44 [scrapy.middleware] INFO: Enabled item pipelines:
['TextProcessorScrapy.pipelines.HsNasaPipeline']
2021-10-13 16:36:44 [scrapy.core.engine] INFO: Spider opened
2021-10-13 16:36:44 [scrapy.extensions.logstats] INFO: Crawled 0 pages (at 0 pages/min), scraped 0 items (at 0 items/min)
2021-10-13 16:36:44 [nasa] INFO: Spider opened: nasa
2021-10-13 16:36:44 [scrapy.extensions.telnet] INFO: Telnet console listening on 127.0.0.1:6023
2021-10-13 16:36:44 [scrapy.crawler] INFO: Overridden settings:
{'BOT_NAME': 'TextProcessorScrapy',
 'COMMANDS_MODULE': 'TextProcessorScrapy.commands',
 'CONCURRENT_REQUESTS': 8,
 'CONCURRENT_REQUESTS_PER_DOMAIN': 32,
 'CONCURRENT_REQUESTS_PER_IP': 128,
 'LOG_FILE': 'log/scrapy_2021_10_13_0.log',
 'NEWSPIDER_MODULE': 'TextProcessorScrapy.spiders',
 'REACTOR_THREADPOOL_MAXSIZE': 20,
 'SPIDER_MODULES': ['TextProcessorScrapy.spiders']}
2021-10-13 16:36:44 [scrapy.extensions.telnet] INFO: Telnet Password: b7cc90b32b922dc9
2021-10-13 16:36:44 [scrapy.middleware] INFO: Enabled extensions:
['scrapy.extensions.corestats.CoreStats',
 'scrapy.extensions.telnet.TelnetConsole',
 'scrapy.extensions.logstats.LogStats']
2021-10-13 16:36:44 [scrapy.middleware] INFO: Enabled downloader middlewares:
['scrapy.downloadermiddlewares.httpauth.HttpAuthMiddleware',
 'scrapy.downloadermiddlewares.downloadtimeout.DownloadTimeoutMiddleware',
 'scrapy.downloadermiddlewares.defaultheaders.DefaultHeadersMiddleware',
 'scrapy.downloadermiddlewares.useragent.UserAgentMiddleware',
 'TextProcessorScrapy.middlewares.RandomUserAgentMiddleware',
 'TextProcessorScrapy.middlewares.TextCrawlDownloaderMiddleware',
 'scrapy.downloadermiddlewares.retry.RetryMiddleware',
 'scrapy.downloadermiddlewares.redirect.MetaRefreshMiddleware',
 'scrapy.downloadermiddlewares.httpcompression.HttpCompressionMiddleware',
 'scrapy.downloadermiddlewares.redirect.RedirectMiddleware',
 'scrapy.downloadermiddlewares.cookies.CookiesMiddleware',
 'scrapy.downloadermiddlewares.httpproxy.HttpProxyMiddleware',
 'scrapy.downloadermiddlewares.stats.DownloaderStats']
2021-10-13 16:36:44 [scrapy.middleware] INFO: Enabled spider middlewares:
['scrapy.spidermiddlewares.httperror.HttpErrorMiddleware',
 'scrapy.spidermiddlewares.offsite.OffsiteMiddleware',
 'scrapy.spidermiddlewares.referer.RefererMiddleware',
 'scrapy.spidermiddlewares.urllength.UrlLengthMiddleware',
 'scrapy.spidermiddlewares.depth.DepthMiddleware']
2021-10-13 16:36:44 [scrapy.middleware] INFO: Enabled item pipelines:
['TextProcessorScrapy.pipelines.WikiPipeline']
2021-10-13 16:36:44 [scrapy.core.engine] INFO: Spider opened
2021-10-13 16:36:44 [scrapy.extensions.logstats] INFO: Crawled 0 pages (at 0 pages/min), scraped 0 items (at 0 items/min)
2021-10-13 16:36:44 [wiki] INFO: Spider opened: wiki
2021-10-13 16:36:44 [scrapy.extensions.telnet] INFO: Telnet console listening on 127.0.0.1:6024
2021-10-13 16:36:44 [scrapy.crawler] INFO: Overridden settings:
{'BOT_NAME': 'TextProcessorScrapy',
 'COMMANDS_MODULE': 'TextProcessorScrapy.commands',
 'CONCURRENT_REQUESTS': 8,
 'CONCURRENT_REQUESTS_PER_DOMAIN': 32,
 'CONCURRENT_REQUESTS_PER_IP': 128,
 'LOG_FILE': 'log/scrapy_2021_10_13_0.log',
 'NEWSPIDER_MODULE': 'TextProcessorScrapy.spiders',
 'REACTOR_THREADPOOL_MAXSIZE': 20,
 'SPIDER_MODULES': ['TextProcessorScrapy.spiders']}
2021-10-13 16:36:44 [scrapy.extensions.telnet] INFO: Telnet Password: 3d6ba1d06ce3e036
2021-10-13 16:36:44 [scrapy.middleware] INFO: Enabled extensions:
['scrapy.extensions.corestats.CoreStats',
 'scrapy.extensions.telnet.TelnetConsole',
 'scrapy.extensions.logstats.LogStats']
2021-10-13 16:36:45 [selenium.webdriver.remote.remote_connection] DEBUG: POST http://127.0.0.1:4865/session {"capabilities": {"firstMatch": [{}], "alwaysMatch": {"browserName": "chrome", "platformName": "any", "goog:chromeOptions": {"prefs": {"profile.default_content_setting_values": {"notifications": 2, "images": 2}}, "extensions": [], "args": ["--headless"]}}}, "desiredCapabilities": {"browserName": "chrome", "version": "", "platform": "ANY", "goog:chromeOptions": {"prefs": {"profile.default_content_setting_values": {"notifications": 2, "images": 2}}, "extensions": [], "args": ["--headless"]}}}
2021-10-13 16:36:45 [urllib3.connectionpool] DEBUG: Starting new HTTP connection (1): 127.0.0.1
2021-10-13 16:36:46 [urllib3.connectionpool] DEBUG: http://127.0.0.1:4865 "POST /session HTTP/1.1" 200 783
2021-10-13 16:36:46 [selenium.webdriver.remote.remote_connection] DEBUG: Finished Request
2021-10-13 16:36:46 [selenium.webdriver.remote.remote_connection] DEBUG: POST http://127.0.0.1:4865/session/623864b75c7f254cc93e6ebfc80953c0/timeouts {"implicit": 1000}
2021-10-13 16:36:46 [urllib3.connectionpool] DEBUG: http://127.0.0.1:4865 "POST /session/623864b75c7f254cc93e6ebfc80953c0/timeouts HTTP/1.1" 200 14
2021-10-13 16:36:46 [selenium.webdriver.remote.remote_connection] DEBUG: Finished Request
2021-10-13 16:36:46 [scrapy.middleware] INFO: Enabled downloader middlewares:
['scrapy.downloadermiddlewares.httpauth.HttpAuthMiddleware',
 'scrapy.downloadermiddlewares.downloadtimeout.DownloadTimeoutMiddleware',
 'scrapy.downloadermiddlewares.defaultheaders.DefaultHeadersMiddleware',
 'scrapy.downloadermiddlewares.useragent.UserAgentMiddleware',
 'TextProcessorScrapy.middlewares.RandomUserAgentMiddleware',
 'TextProcessorScrapy.middlewares.TextCrawlDownloaderMiddleware',
 'scrapy.downloadermiddlewares.retry.RetryMiddleware',
 'scrapy.downloadermiddlewares.redirect.MetaRefreshMiddleware',
 'scrapy.downloadermiddlewares.httpcompression.HttpCompressionMiddleware',
 'scrapy.downloadermiddlewares.redirect.RedirectMiddleware',
 'scrapy.downloadermiddlewares.cookies.CookiesMiddleware',
 'scrapy.downloadermiddlewares.httpproxy.HttpProxyMiddleware',
 'scrapy.downloadermiddlewares.stats.DownloaderStats']
2021-10-13 16:36:46 [scrapy.middleware] INFO: Enabled spider middlewares:
['scrapy.spidermiddlewares.httperror.HttpErrorMiddleware',
 'scrapy.spidermiddlewares.offsite.OffsiteMiddleware',
 'scrapy.spidermiddlewares.referer.RefererMiddleware',
 'scrapy.spidermiddlewares.urllength.UrlLengthMiddleware',
 'scrapy.spidermiddlewares.depth.DepthMiddleware']
2021-10-13 16:36:46 [scrapy.middleware] INFO: Enabled item pipelines:
['TextProcessorScrapy.pipelines.BaiduPipeline']
2021-10-13 16:36:46 [scrapy.core.engine] INFO: Spider opened
2021-10-13 16:36:46 [scrapy.extensions.logstats] INFO: Crawled 0 pages (at 0 pages/min), scraped 0 items (at 0 items/min)
2021-10-13 16:36:46 [baidu] INFO: Spider opened: baidu
2021-10-13 16:36:48 [root] INFO: crawler1 ten seconds http interact :7
2021-10-13 16:36:48 [scrapy.extensions.telnet] INFO: Telnet console listening on 127.0.0.1:6025
2021-10-13 16:36:48 [scrapy.crawler] INFO: Overridden settings:
{'BOT_NAME': 'TextProcessorScrapy',
 'COMMANDS_MODULE': 'TextProcessorScrapy.commands',
 'CONCURRENT_REQUESTS': 1,
 'CONCURRENT_REQUESTS_PER_DOMAIN': 32,
 'CONCURRENT_REQUESTS_PER_IP': 128,
 'LOG_FILE': 'log/scrapy_2021_10_13_0.log',
 'NEWSPIDER_MODULE': 'TextProcessorScrapy.spiders',
 'REACTOR_THREADPOOL_MAXSIZE': 20,
 'SPIDER_MODULES': ['TextProcessorScrapy.spiders']}
2021-10-13 16:36:48 [scrapy.extensions.telnet] INFO: Telnet Password: 83b660dcc67f9262
2021-10-13 16:36:48 [scrapy.middleware] INFO: Enabled extensions:
['scrapy.extensions.corestats.CoreStats',
 'scrapy.extensions.telnet.TelnetConsole',
 'scrapy.extensions.logstats.LogStats']
2021-10-13 16:36:48 [scrapy.middleware] INFO: Enabled downloader middlewares:
['scrapy.downloadermiddlewares.httpauth.HttpAuthMiddleware',
 'scrapy.downloadermiddlewares.downloadtimeout.DownloadTimeoutMiddleware',
 'scrapy.downloadermiddlewares.defaultheaders.DefaultHeadersMiddleware',
 'scrapy.downloadermiddlewares.useragent.UserAgentMiddleware',
 'TextProcessorScrapy.middlewares.RandomUserAgentMiddleware',
 'TextProcessorScrapy.middlewares.TextCrawlDownloaderMiddleware',
 'scrapy.downloadermiddlewares.retry.RetryMiddleware',
 'scrapy.downloadermiddlewares.redirect.MetaRefreshMiddleware',
 'scrapy.downloadermiddlewares.httpcompression.HttpCompressionMiddleware',
 'scrapy.downloadermiddlewares.redirect.RedirectMiddleware',
 'scrapy.downloadermiddlewares.cookies.CookiesMiddleware',
 'scrapy.downloadermiddlewares.httpproxy.HttpProxyMiddleware',
 'scrapy.downloadermiddlewares.stats.DownloaderStats']
2021-10-13 16:36:48 [scrapy.middleware] INFO: Enabled spider middlewares:
['scrapy.spidermiddlewares.httperror.HttpErrorMiddleware',
 'scrapy.spidermiddlewares.offsite.OffsiteMiddleware',
 'scrapy.spidermiddlewares.referer.RefererMiddleware',
 'scrapy.spidermiddlewares.urllength.UrlLengthMiddleware',
 'scrapy.spidermiddlewares.depth.DepthMiddleware']
2021-10-13 16:36:48 [scrapy.middleware] INFO: Enabled item pipelines:
['TextProcessorScrapy.pipelines.TwitterPipeline']
2021-10-13 16:36:48 [scrapy.core.engine] INFO: Spider opened
2021-10-13 16:36:48 [scrapy.extensions.logstats] INFO: Crawled 0 pages (at 0 pages/min), scraped 0 items (at 0 items/min)
2021-10-13 16:36:48 [twitter] INFO: Spider opened: twitter
2021-10-13 16:36:48 [scrapy.extensions.telnet] INFO: Telnet console listening on 127.0.0.1:6026
2021-10-13 16:36:48 [scrapy.crawler] INFO: Overridden settings:
{'BOT_NAME': 'TextProcessorScrapy',
 'COMMANDS_MODULE': 'TextProcessorScrapy.commands',
 'CONCURRENT_REQUESTS': 8,
 'CONCURRENT_REQUESTS_PER_DOMAIN': 32,
 'CONCURRENT_REQUESTS_PER_IP': 128,
 'LOG_FILE': 'log/scrapy_2021_10_13_0.log',
 'NEWSPIDER_MODULE': 'TextProcessorScrapy.spiders',
 'REACTOR_THREADPOOL_MAXSIZE': 20,
 'SPIDER_MODULES': ['TextProcessorScrapy.spiders']}
2021-10-13 16:36:48 [scrapy.extensions.telnet] INFO: Telnet Password: 4dd79026fa5746d9
2021-10-13 16:36:48 [scrapy.middleware] INFO: Enabled extensions:
['scrapy.extensions.corestats.CoreStats',
 'scrapy.extensions.telnet.TelnetConsole',
 'scrapy.extensions.logstats.LogStats']
2021-10-13 16:36:48 [scrapy.middleware] INFO: Enabled downloader middlewares:
['scrapy.downloadermiddlewares.httpauth.HttpAuthMiddleware',
 'scrapy.downloadermiddlewares.downloadtimeout.DownloadTimeoutMiddleware',
 'scrapy.downloadermiddlewares.defaultheaders.DefaultHeadersMiddleware',
 'scrapy.downloadermiddlewares.useragent.UserAgentMiddleware',
 'TextProcessorScrapy.middlewares.RandomUserAgentMiddleware',
 'TextProcessorScrapy.middlewares.TextCrawlDownloaderMiddleware',
 'scrapy.downloadermiddlewares.retry.RetryMiddleware',
 'scrapy.downloadermiddlewares.redirect.MetaRefreshMiddleware',
 'scrapy.downloadermiddlewares.httpcompression.HttpCompressionMiddleware',
 'scrapy.downloadermiddlewares.redirect.RedirectMiddleware',
 'scrapy.downloadermiddlewares.cookies.CookiesMiddleware',
 'scrapy.downloadermiddlewares.httpproxy.HttpProxyMiddleware',
 'scrapy.downloadermiddlewares.stats.DownloaderStats']
2021-10-13 16:36:48 [scrapy.middleware] INFO: Enabled spider middlewares:
['scrapy.spidermiddlewares.httperror.HttpErrorMiddleware',
 'scrapy.spidermiddlewares.offsite.OffsiteMiddleware',
 'scrapy.spidermiddlewares.referer.RefererMiddleware',
 'scrapy.spidermiddlewares.urllength.UrlLengthMiddleware',
 'scrapy.spidermiddlewares.depth.DepthMiddleware']
2021-10-13 16:36:48 [scrapy.middleware] INFO: Enabled item pipelines:
['TextProcessorScrapy.pipelines.TiexuePipeline']
2021-10-13 16:36:48 [scrapy.core.engine] INFO: Spider opened
2021-10-13 16:36:48 [scrapy.extensions.logstats] INFO: Crawled 0 pages (at 0 pages/min), scraped 0 items (at 0 items/min)
2021-10-13 16:36:48 [tiexue] INFO: Spider opened: tiexue
2021-10-13 16:36:48 [scrapy.extensions.telnet] INFO: Telnet console listening on 127.0.0.1:6027
2021-10-13 16:36:48 [scrapy.crawler] INFO: Overridden settings:
{'BOT_NAME': 'TextProcessorScrapy',
 'COMMANDS_MODULE': 'TextProcessorScrapy.commands',
 'CONCURRENT_REQUESTS': 8,
 'CONCURRENT_REQUESTS_PER_DOMAIN': 32,
 'CONCURRENT_REQUESTS_PER_IP': 128,
 'LOG_FILE': 'log/scrapy_2021_10_13_0.log',
 'NEWSPIDER_MODULE': 'TextProcessorScrapy.spiders',
 'REACTOR_THREADPOOL_MAXSIZE': 20,
 'SPIDER_MODULES': ['TextProcessorScrapy.spiders']}
2021-10-13 16:36:48 [scrapy.extensions.telnet] INFO: Telnet Password: 1734746c200b2854
2021-10-13 16:36:48 [scrapy.middleware] INFO: Enabled extensions:
['scrapy.extensions.corestats.CoreStats',
 'scrapy.extensions.telnet.TelnetConsole',
 'scrapy.extensions.logstats.LogStats']
2021-10-13 16:36:48 [scrapy.middleware] INFO: Enabled downloader middlewares:
['scrapy.downloadermiddlewares.httpauth.HttpAuthMiddleware',
 'scrapy.downloadermiddlewares.downloadtimeout.DownloadTimeoutMiddleware',
 'scrapy.downloadermiddlewares.defaultheaders.DefaultHeadersMiddleware',
 'scrapy.downloadermiddlewares.useragent.UserAgentMiddleware',
 'TextProcessorScrapy.middlewares.RandomUserAgentMiddleware',
 'TextProcessorScrapy.middlewares.TextCrawlDownloaderMiddleware',
 'scrapy.downloadermiddlewares.retry.RetryMiddleware',
 'scrapy.downloadermiddlewares.redirect.MetaRefreshMiddleware',
 'scrapy.downloadermiddlewares.httpcompression.HttpCompressionMiddleware',
 'scrapy.downloadermiddlewares.redirect.RedirectMiddleware',
 'scrapy.downloadermiddlewares.cookies.CookiesMiddleware',
 'scrapy.downloadermiddlewares.httpproxy.HttpProxyMiddleware',
 'scrapy.downloadermiddlewares.stats.DownloaderStats']
2021-10-13 16:36:48 [scrapy.middleware] INFO: Enabled spider middlewares:
['scrapy.spidermiddlewares.httperror.HttpErrorMiddleware',
 'scrapy.spidermiddlewares.offsite.OffsiteMiddleware',
 'scrapy.spidermiddlewares.referer.RefererMiddleware',
 'scrapy.spidermiddlewares.urllength.UrlLengthMiddleware',
 'scrapy.spidermiddlewares.depth.DepthMiddleware']
2021-10-13 16:36:48 [scrapy.middleware] INFO: Enabled item pipelines:
['TextProcessorScrapy.pipelines.AiaaPipeline']
2021-10-13 16:36:48 [scrapy.core.engine] INFO: Spider opened
2021-10-13 16:36:48 [scrapy.extensions.logstats] INFO: Crawled 0 pages (at 0 pages/min), scraped 0 items (at 0 items/min)
2021-10-13 16:36:48 [aiaa] INFO: Spider opened: aiaa
2021-10-13 16:36:48 [scrapy.extensions.telnet] INFO: Telnet console listening on 127.0.0.1:6028
2021-10-13 16:36:48 [scrapy.crawler] INFO: Overridden settings:
{'BOT_NAME': 'TextProcessorScrapy',
 'COMMANDS_MODULE': 'TextProcessorScrapy.commands',
 'CONCURRENT_REQUESTS': 8,
 'CONCURRENT_REQUESTS_PER_DOMAIN': 32,
 'CONCURRENT_REQUESTS_PER_IP': 128,
 'LOG_FILE': 'log/scrapy_2021_10_13_0.log',
 'NEWSPIDER_MODULE': 'TextProcessorScrapy.spiders',
 'REACTOR_THREADPOOL_MAXSIZE': 20,
 'REDIRECT_ENABLED': False,
 'SPIDER_MODULES': ['TextProcessorScrapy.spiders']}
2021-10-13 16:36:48 [scrapy.extensions.telnet] INFO: Telnet Password: 14a89fbee89181a3
2021-10-13 16:36:48 [scrapy.middleware] INFO: Enabled extensions:
['scrapy.extensions.corestats.CoreStats',
 'scrapy.extensions.telnet.TelnetConsole',
 'scrapy.extensions.logstats.LogStats']
2021-10-13 16:36:49 [selenium.webdriver.remote.remote_connection] DEBUG: POST http://127.0.0.1:1760/session {"capabilities": {"firstMatch": [{}], "alwaysMatch": {"browserName": "chrome", "platformName": "any", "goog:chromeOptions": {"prefs": {"profile.default_content_setting_values": {"notifications": 2, "images": 2}}, "extensions": [], "args": ["--headless"]}}}, "desiredCapabilities": {"browserName": "chrome", "version": "", "platform": "ANY", "goog:chromeOptions": {"prefs": {"profile.default_content_setting_values": {"notifications": 2, "images": 2}}, "extensions": [], "args": ["--headless"]}}}
2021-10-13 16:36:49 [urllib3.connectionpool] DEBUG: Starting new HTTP connection (1): 127.0.0.1
2021-10-13 16:36:50 [urllib3.connectionpool] DEBUG: http://127.0.0.1:1760 "POST /session HTTP/1.1" 200 783
2021-10-13 16:36:50 [selenium.webdriver.remote.remote_connection] DEBUG: Finished Request
2021-10-13 16:36:50 [selenium.webdriver.remote.remote_connection] DEBUG: POST http://127.0.0.1:1760/session/2e06661d25c85659acfa5d6f299cd6e3/timeouts {"implicit": 3000}
2021-10-13 16:36:50 [urllib3.connectionpool] DEBUG: http://127.0.0.1:1760 "POST /session/2e06661d25c85659acfa5d6f299cd6e3/timeouts HTTP/1.1" 200 14
2021-10-13 16:36:50 [selenium.webdriver.remote.remote_connection] DEBUG: Finished Request
2021-10-13 16:36:50 [scrapy.middleware] INFO: Enabled downloader middlewares:
['scrapy.downloadermiddlewares.httpauth.HttpAuthMiddleware',
 'scrapy.downloadermiddlewares.downloadtimeout.DownloadTimeoutMiddleware',
 'scrapy.downloadermiddlewares.defaultheaders.DefaultHeadersMiddleware',
 'scrapy.downloadermiddlewares.useragent.UserAgentMiddleware',
 'TextProcessorScrapy.middlewares.RandomUserAgentMiddleware',
 'TextProcessorScrapy.middlewares.TextCrawlDownloaderMiddleware',
 'scrapy.downloadermiddlewares.retry.RetryMiddleware',
 'scrapy.downloadermiddlewares.redirect.MetaRefreshMiddleware',
 'scrapy.downloadermiddlewares.httpcompression.HttpCompressionMiddleware',
 'scrapy.downloadermiddlewares.cookies.CookiesMiddleware',
 'scrapy.downloadermiddlewares.httpproxy.HttpProxyMiddleware',
 'scrapy.downloadermiddlewares.stats.DownloaderStats']
2021-10-13 16:36:50 [scrapy.middleware] INFO: Enabled spider middlewares:
['scrapy.spidermiddlewares.httperror.HttpErrorMiddleware',
 'scrapy.spidermiddlewares.offsite.OffsiteMiddleware',
 'scrapy.spidermiddlewares.referer.RefererMiddleware',
 'scrapy.spidermiddlewares.urllength.UrlLengthMiddleware',
 'scrapy.spidermiddlewares.depth.DepthMiddleware']
2021-10-13 16:36:50 [scrapy.middleware] INFO: Enabled item pipelines:
['TextProcessorScrapy.pipelines.FacebookPipeline']
2021-10-13 16:36:50 [scrapy.core.engine] INFO: Spider opened
2021-10-13 16:36:50 [scrapy.extensions.logstats] INFO: Crawled 0 pages (at 0 pages/min), scraped 0 items (at 0 items/min)
2021-10-13 16:36:50 [facebook] INFO: Spider opened: facebook
2021-10-13 16:36:52 [root] INFO: crawler1 ten seconds http interact :7
2021-10-13 16:36:52 [scrapy.extensions.telnet] INFO: Telnet console listening on 127.0.0.1:6029
2021-10-13 16:36:52 [scrapy.crawler] INFO: Overridden settings:
{'BOT_NAME': 'TextProcessorScrapy',
 'COMMANDS_MODULE': 'TextProcessorScrapy.commands',
 'CONCURRENT_REQUESTS': 8,
 'CONCURRENT_REQUESTS_PER_DOMAIN': 32,
 'CONCURRENT_REQUESTS_PER_IP': 128,
 'LOG_FILE': 'log/scrapy_2021_10_13_0.log',
 'NEWSPIDER_MODULE': 'TextProcessorScrapy.spiders',
 'REACTOR_THREADPOOL_MAXSIZE': 20,
 'SPIDER_MODULES': ['TextProcessorScrapy.spiders']}
2021-10-13 16:36:52 [scrapy.extensions.telnet] INFO: Telnet Password: 2755d10a7354a536
2021-10-13 16:36:52 [scrapy.middleware] INFO: Enabled extensions:
['scrapy.extensions.corestats.CoreStats',
 'scrapy.extensions.telnet.TelnetConsole',
 'scrapy.extensions.logstats.LogStats']
2021-10-13 16:36:52 [scrapy.middleware] INFO: Enabled downloader middlewares:
['scrapy.downloadermiddlewares.httpauth.HttpAuthMiddleware',
 'scrapy.downloadermiddlewares.downloadtimeout.DownloadTimeoutMiddleware',
 'scrapy.downloadermiddlewares.defaultheaders.DefaultHeadersMiddleware',
 'scrapy.downloadermiddlewares.useragent.UserAgentMiddleware',
 'TextProcessorScrapy.middlewares.RandomUserAgentMiddleware',
 'TextProcessorScrapy.middlewares.TextCrawlDownloaderMiddleware',
 'scrapy.downloadermiddlewares.retry.RetryMiddleware',
 'scrapy.downloadermiddlewares.redirect.MetaRefreshMiddleware',
 'scrapy.downloadermiddlewares.httpcompression.HttpCompressionMiddleware',
 'scrapy.downloadermiddlewares.redirect.RedirectMiddleware',
 'scrapy.downloadermiddlewares.cookies.CookiesMiddleware',
 'scrapy.downloadermiddlewares.httpproxy.HttpProxyMiddleware',
 'scrapy.downloadermiddlewares.stats.DownloaderStats']
2021-10-13 16:36:52 [scrapy.middleware] INFO: Enabled spider middlewares:
['scrapy.spidermiddlewares.httperror.HttpErrorMiddleware',
 'scrapy.spidermiddlewares.offsite.OffsiteMiddleware',
 'scrapy.spidermiddlewares.referer.RefererMiddleware',
 'scrapy.spidermiddlewares.urllength.UrlLengthMiddleware',
 'scrapy.spidermiddlewares.depth.DepthMiddleware']
2021-10-13 16:36:52 [scrapy.middleware] INFO: Enabled item pipelines:
['TextProcessorScrapy.pipelines.HsNasaPipeline']
2021-10-13 16:36:52 [scrapy.core.engine] INFO: Spider opened
2021-10-13 16:36:52 [scrapy.extensions.logstats] INFO: Crawled 0 pages (at 0 pages/min), scraped 0 items (at 0 items/min)
2021-10-13 16:36:52 [nasa] INFO: Spider opened: nasa
2021-10-13 16:36:52 [scrapy.extensions.telnet] INFO: Telnet console listening on 127.0.0.1:6030
2021-10-13 16:36:52 [scrapy.crawler] INFO: Overridden settings:
{'BOT_NAME': 'TextProcessorScrapy',
 'COMMANDS_MODULE': 'TextProcessorScrapy.commands',
 'CONCURRENT_REQUESTS': 8,
 'CONCURRENT_REQUESTS_PER_DOMAIN': 32,
 'CONCURRENT_REQUESTS_PER_IP': 128,
 'LOG_FILE': 'log/scrapy_2021_10_13_0.log',
 'NEWSPIDER_MODULE': 'TextProcessorScrapy.spiders',
 'REACTOR_THREADPOOL_MAXSIZE': 20,
 'SPIDER_MODULES': ['TextProcessorScrapy.spiders']}
2021-10-13 16:36:52 [scrapy.extensions.telnet] INFO: Telnet Password: 5f8418823be592be
2021-10-13 16:36:52 [scrapy.middleware] INFO: Enabled extensions:
['scrapy.extensions.corestats.CoreStats',
 'scrapy.extensions.telnet.TelnetConsole',
 'scrapy.extensions.logstats.LogStats']
2021-10-13 16:36:52 [scrapy.middleware] INFO: Enabled downloader middlewares:
['scrapy.downloadermiddlewares.httpauth.HttpAuthMiddleware',
 'scrapy.downloadermiddlewares.downloadtimeout.DownloadTimeoutMiddleware',
 'scrapy.downloadermiddlewares.defaultheaders.DefaultHeadersMiddleware',
 'scrapy.downloadermiddlewares.useragent.UserAgentMiddleware',
 'TextProcessorScrapy.middlewares.RandomUserAgentMiddleware',
 'TextProcessorScrapy.middlewares.TextCrawlDownloaderMiddleware',
 'scrapy.downloadermiddlewares.retry.RetryMiddleware',
 'scrapy.downloadermiddlewares.redirect.MetaRefreshMiddleware',
 'scrapy.downloadermiddlewares.httpcompression.HttpCompressionMiddleware',
 'scrapy.downloadermiddlewares.redirect.RedirectMiddleware',
 'scrapy.downloadermiddlewares.cookies.CookiesMiddleware',
 'scrapy.downloadermiddlewares.httpproxy.HttpProxyMiddleware',
 'scrapy.downloadermiddlewares.stats.DownloaderStats']
2021-10-13 16:36:52 [scrapy.middleware] INFO: Enabled spider middlewares:
['scrapy.spidermiddlewares.httperror.HttpErrorMiddleware',
 'scrapy.spidermiddlewares.offsite.OffsiteMiddleware',
 'scrapy.spidermiddlewares.referer.RefererMiddleware',
 'scrapy.spidermiddlewares.urllength.UrlLengthMiddleware',
 'scrapy.spidermiddlewares.depth.DepthMiddleware']
2021-10-13 16:36:52 [scrapy.middleware] INFO: Enabled item pipelines:
['TextProcessorScrapy.pipelines.WikiPipeline']
2021-10-13 16:36:52 [scrapy.core.engine] INFO: Spider opened
2021-10-13 16:36:52 [scrapy.extensions.logstats] INFO: Crawled 0 pages (at 0 pages/min), scraped 0 items (at 0 items/min)
2021-10-13 16:36:52 [wiki] INFO: Spider opened: wiki
2021-10-13 16:36:52 [scrapy.extensions.telnet] INFO: Telnet console listening on 127.0.0.1:6031
2021-10-13 16:36:52 [scrapy.crawler] INFO: Overridden settings:
{'BOT_NAME': 'TextProcessorScrapy',
 'COMMANDS_MODULE': 'TextProcessorScrapy.commands',
 'CONCURRENT_REQUESTS': 8,
 'CONCURRENT_REQUESTS_PER_DOMAIN': 32,
 'CONCURRENT_REQUESTS_PER_IP': 128,
 'LOG_FILE': 'log/scrapy_2021_10_13_0.log',
 'NEWSPIDER_MODULE': 'TextProcessorScrapy.spiders',
 'REACTOR_THREADPOOL_MAXSIZE': 20,
 'SPIDER_MODULES': ['TextProcessorScrapy.spiders']}
2021-10-13 16:36:52 [scrapy.extensions.telnet] INFO: Telnet Password: 6b3263f153da921e
2021-10-13 16:36:52 [scrapy.middleware] INFO: Enabled extensions:
['scrapy.extensions.corestats.CoreStats',
 'scrapy.extensions.telnet.TelnetConsole',
 'scrapy.extensions.logstats.LogStats']
2021-10-13 16:36:53 [selenium.webdriver.remote.remote_connection] DEBUG: POST http://127.0.0.1:9287/session {"capabilities": {"firstMatch": [{}], "alwaysMatch": {"browserName": "chrome", "platformName": "any", "goog:chromeOptions": {"prefs": {"profile.default_content_setting_values": {"notifications": 2, "images": 2}}, "extensions": [], "args": ["--headless"]}}}, "desiredCapabilities": {"browserName": "chrome", "version": "", "platform": "ANY", "goog:chromeOptions": {"prefs": {"profile.default_content_setting_values": {"notifications": 2, "images": 2}}, "extensions": [], "args": ["--headless"]}}}
2021-10-13 16:36:53 [urllib3.connectionpool] DEBUG: Starting new HTTP connection (1): 127.0.0.1
2021-10-13 16:36:53 [urllib3.connectionpool] DEBUG: http://127.0.0.1:9287 "POST /session HTTP/1.1" 200 784
2021-10-13 16:36:53 [selenium.webdriver.remote.remote_connection] DEBUG: Finished Request
2021-10-13 16:36:53 [selenium.webdriver.remote.remote_connection] DEBUG: POST http://127.0.0.1:9287/session/2948bb1d31348d3a7e28d5b118dda8ef/timeouts {"implicit": 1000}
2021-10-13 16:36:53 [urllib3.connectionpool] DEBUG: http://127.0.0.1:9287 "POST /session/2948bb1d31348d3a7e28d5b118dda8ef/timeouts HTTP/1.1" 200 14
2021-10-13 16:36:53 [selenium.webdriver.remote.remote_connection] DEBUG: Finished Request
2021-10-13 16:36:53 [scrapy.middleware] INFO: Enabled downloader middlewares:
['scrapy.downloadermiddlewares.httpauth.HttpAuthMiddleware',
 'scrapy.downloadermiddlewares.downloadtimeout.DownloadTimeoutMiddleware',
 'scrapy.downloadermiddlewares.defaultheaders.DefaultHeadersMiddleware',
 'scrapy.downloadermiddlewares.useragent.UserAgentMiddleware',
 'TextProcessorScrapy.middlewares.RandomUserAgentMiddleware',
 'TextProcessorScrapy.middlewares.TextCrawlDownloaderMiddleware',
 'scrapy.downloadermiddlewares.retry.RetryMiddleware',
 'scrapy.downloadermiddlewares.redirect.MetaRefreshMiddleware',
 'scrapy.downloadermiddlewares.httpcompression.HttpCompressionMiddleware',
 'scrapy.downloadermiddlewares.redirect.RedirectMiddleware',
 'scrapy.downloadermiddlewares.cookies.CookiesMiddleware',
 'scrapy.downloadermiddlewares.httpproxy.HttpProxyMiddleware',
 'scrapy.downloadermiddlewares.stats.DownloaderStats']
2021-10-13 16:36:53 [scrapy.middleware] INFO: Enabled spider middlewares:
['scrapy.spidermiddlewares.httperror.HttpErrorMiddleware',
 'scrapy.spidermiddlewares.offsite.OffsiteMiddleware',
 'scrapy.spidermiddlewares.referer.RefererMiddleware',
 'scrapy.spidermiddlewares.urllength.UrlLengthMiddleware',
 'scrapy.spidermiddlewares.depth.DepthMiddleware']
2021-10-13 16:36:53 [scrapy.middleware] INFO: Enabled item pipelines:
['TextProcessorScrapy.pipelines.BaiduPipeline']
2021-10-13 16:36:53 [scrapy.core.engine] INFO: Spider opened
2021-10-13 16:36:53 [scrapy.extensions.logstats] INFO: Crawled 0 pages (at 0 pages/min), scraped 0 items (at 0 items/min)
2021-10-13 16:36:53 [baidu] INFO: Spider opened: baidu
2021-10-13 16:36:55 [root] INFO: crawler1 ten seconds http interact :7
2021-10-13 16:36:55 [scrapy.extensions.telnet] INFO: Telnet console listening on 127.0.0.1:6032
2021-10-13 16:36:55 [scrapy.crawler] INFO: Overridden settings:
{'BOT_NAME': 'TextProcessorScrapy',
 'COMMANDS_MODULE': 'TextProcessorScrapy.commands',
 'CONCURRENT_REQUESTS': 1,
 'CONCURRENT_REQUESTS_PER_DOMAIN': 32,
 'CONCURRENT_REQUESTS_PER_IP': 128,
 'LOG_FILE': 'log/scrapy_2021_10_13_0.log',
 'NEWSPIDER_MODULE': 'TextProcessorScrapy.spiders',
 'REACTOR_THREADPOOL_MAXSIZE': 20,
 'SPIDER_MODULES': ['TextProcessorScrapy.spiders']}
2021-10-13 16:36:55 [scrapy.extensions.telnet] INFO: Telnet Password: 4077fbb009f50ef3
2021-10-13 16:36:55 [scrapy.middleware] INFO: Enabled extensions:
['scrapy.extensions.corestats.CoreStats',
 'scrapy.extensions.telnet.TelnetConsole',
 'scrapy.extensions.logstats.LogStats']
2021-10-13 16:36:55 [scrapy.middleware] INFO: Enabled downloader middlewares:
['scrapy.downloadermiddlewares.httpauth.HttpAuthMiddleware',
 'scrapy.downloadermiddlewares.downloadtimeout.DownloadTimeoutMiddleware',
 'scrapy.downloadermiddlewares.defaultheaders.DefaultHeadersMiddleware',
 'scrapy.downloadermiddlewares.useragent.UserAgentMiddleware',
 'TextProcessorScrapy.middlewares.RandomUserAgentMiddleware',
 'TextProcessorScrapy.middlewares.TextCrawlDownloaderMiddleware',
 'scrapy.downloadermiddlewares.retry.RetryMiddleware',
 'scrapy.downloadermiddlewares.redirect.MetaRefreshMiddleware',
 'scrapy.downloadermiddlewares.httpcompression.HttpCompressionMiddleware',
 'scrapy.downloadermiddlewares.redirect.RedirectMiddleware',
 'scrapy.downloadermiddlewares.cookies.CookiesMiddleware',
 'scrapy.downloadermiddlewares.httpproxy.HttpProxyMiddleware',
 'scrapy.downloadermiddlewares.stats.DownloaderStats']
2021-10-13 16:36:55 [scrapy.middleware] INFO: Enabled spider middlewares:
['scrapy.spidermiddlewares.httperror.HttpErrorMiddleware',
 'scrapy.spidermiddlewares.offsite.OffsiteMiddleware',
 'scrapy.spidermiddlewares.referer.RefererMiddleware',
 'scrapy.spidermiddlewares.urllength.UrlLengthMiddleware',
 'scrapy.spidermiddlewares.depth.DepthMiddleware']
2021-10-13 16:36:55 [scrapy.middleware] INFO: Enabled item pipelines:
['TextProcessorScrapy.pipelines.TwitterPipeline']
2021-10-13 16:36:55 [scrapy.core.engine] INFO: Spider opened
2021-10-13 16:36:55 [scrapy.extensions.logstats] INFO: Crawled 0 pages (at 0 pages/min), scraped 0 items (at 0 items/min)
2021-10-13 16:36:55 [twitter] INFO: Spider opened: twitter
2021-10-13 16:36:55 [scrapy.extensions.telnet] INFO: Telnet console listening on 127.0.0.1:6033
2021-10-13 16:36:55 [scrapy.crawler] INFO: Overridden settings:
{'BOT_NAME': 'TextProcessorScrapy',
 'COMMANDS_MODULE': 'TextProcessorScrapy.commands',
 'CONCURRENT_REQUESTS': 8,
 'CONCURRENT_REQUESTS_PER_DOMAIN': 32,
 'CONCURRENT_REQUESTS_PER_IP': 128,
 'LOG_FILE': 'log/scrapy_2021_10_13_0.log',
 'NEWSPIDER_MODULE': 'TextProcessorScrapy.spiders',
 'REACTOR_THREADPOOL_MAXSIZE': 20,
 'SPIDER_MODULES': ['TextProcessorScrapy.spiders']}
2021-10-13 16:36:55 [scrapy.extensions.telnet] INFO: Telnet Password: fb9b378dc1ca4aca
2021-10-13 16:36:55 [scrapy.middleware] INFO: Enabled extensions:
['scrapy.extensions.corestats.CoreStats',
 'scrapy.extensions.telnet.TelnetConsole',
 'scrapy.extensions.logstats.LogStats']
2021-10-13 16:36:55 [scrapy.middleware] INFO: Enabled downloader middlewares:
['scrapy.downloadermiddlewares.httpauth.HttpAuthMiddleware',
 'scrapy.downloadermiddlewares.downloadtimeout.DownloadTimeoutMiddleware',
 'scrapy.downloadermiddlewares.defaultheaders.DefaultHeadersMiddleware',
 'scrapy.downloadermiddlewares.useragent.UserAgentMiddleware',
 'TextProcessorScrapy.middlewares.RandomUserAgentMiddleware',
 'TextProcessorScrapy.middlewares.TextCrawlDownloaderMiddleware',
 'scrapy.downloadermiddlewares.retry.RetryMiddleware',
 'scrapy.downloadermiddlewares.redirect.MetaRefreshMiddleware',
 'scrapy.downloadermiddlewares.httpcompression.HttpCompressionMiddleware',
 'scrapy.downloadermiddlewares.redirect.RedirectMiddleware',
 'scrapy.downloadermiddlewares.cookies.CookiesMiddleware',
 'scrapy.downloadermiddlewares.httpproxy.HttpProxyMiddleware',
 'scrapy.downloadermiddlewares.stats.DownloaderStats']
2021-10-13 16:36:55 [scrapy.middleware] INFO: Enabled spider middlewares:
['scrapy.spidermiddlewares.httperror.HttpErrorMiddleware',
 'scrapy.spidermiddlewares.offsite.OffsiteMiddleware',
 'scrapy.spidermiddlewares.referer.RefererMiddleware',
 'scrapy.spidermiddlewares.urllength.UrlLengthMiddleware',
 'scrapy.spidermiddlewares.depth.DepthMiddleware']
2021-10-13 16:36:55 [scrapy.middleware] INFO: Enabled item pipelines:
['TextProcessorScrapy.pipelines.TiexuePipeline']
2021-10-13 16:36:55 [scrapy.core.engine] INFO: Spider opened
2021-10-13 16:36:55 [scrapy.extensions.logstats] INFO: Crawled 0 pages (at 0 pages/min), scraped 0 items (at 0 items/min)
2021-10-13 16:36:55 [tiexue] INFO: Spider opened: tiexue
2021-10-13 16:36:55 [scrapy.extensions.telnet] INFO: Telnet console listening on 127.0.0.1:6034
2021-10-13 16:36:55 [scrapy.crawler] INFO: Overridden settings:
{'BOT_NAME': 'TextProcessorScrapy',
 'COMMANDS_MODULE': 'TextProcessorScrapy.commands',
 'CONCURRENT_REQUESTS': 8,
 'CONCURRENT_REQUESTS_PER_DOMAIN': 32,
 'CONCURRENT_REQUESTS_PER_IP': 128,
 'LOG_FILE': 'log/scrapy_2021_10_13_0.log',
 'NEWSPIDER_MODULE': 'TextProcessorScrapy.spiders',
 'REACTOR_THREADPOOL_MAXSIZE': 20,
 'SPIDER_MODULES': ['TextProcessorScrapy.spiders']}
2021-10-13 16:36:55 [scrapy.extensions.telnet] INFO: Telnet Password: e5ff79d9ec5c4db5
2021-10-13 16:36:55 [scrapy.middleware] INFO: Enabled extensions:
['scrapy.extensions.corestats.CoreStats',
 'scrapy.extensions.telnet.TelnetConsole',
 'scrapy.extensions.logstats.LogStats']
2021-10-13 16:36:55 [scrapy.middleware] INFO: Enabled downloader middlewares:
['scrapy.downloadermiddlewares.httpauth.HttpAuthMiddleware',
 'scrapy.downloadermiddlewares.downloadtimeout.DownloadTimeoutMiddleware',
 'scrapy.downloadermiddlewares.defaultheaders.DefaultHeadersMiddleware',
 'scrapy.downloadermiddlewares.useragent.UserAgentMiddleware',
 'TextProcessorScrapy.middlewares.RandomUserAgentMiddleware',
 'TextProcessorScrapy.middlewares.TextCrawlDownloaderMiddleware',
 'scrapy.downloadermiddlewares.retry.RetryMiddleware',
 'scrapy.downloadermiddlewares.redirect.MetaRefreshMiddleware',
 'scrapy.downloadermiddlewares.httpcompression.HttpCompressionMiddleware',
 'scrapy.downloadermiddlewares.redirect.RedirectMiddleware',
 'scrapy.downloadermiddlewares.cookies.CookiesMiddleware',
 'scrapy.downloadermiddlewares.httpproxy.HttpProxyMiddleware',
 'scrapy.downloadermiddlewares.stats.DownloaderStats']
2021-10-13 16:36:55 [scrapy.middleware] INFO: Enabled spider middlewares:
['scrapy.spidermiddlewares.httperror.HttpErrorMiddleware',
 'scrapy.spidermiddlewares.offsite.OffsiteMiddleware',
 'scrapy.spidermiddlewares.referer.RefererMiddleware',
 'scrapy.spidermiddlewares.urllength.UrlLengthMiddleware',
 'scrapy.spidermiddlewares.depth.DepthMiddleware']
2021-10-13 16:36:55 [scrapy.middleware] INFO: Enabled item pipelines:
['TextProcessorScrapy.pipelines.AiaaPipeline']
2021-10-13 16:36:55 [scrapy.core.engine] INFO: Spider opened
2021-10-13 16:36:55 [scrapy.extensions.logstats] INFO: Crawled 0 pages (at 0 pages/min), scraped 0 items (at 0 items/min)
2021-10-13 16:36:55 [aiaa] INFO: Spider opened: aiaa
2021-10-13 16:36:55 [scrapy.extensions.telnet] INFO: Telnet console listening on 127.0.0.1:6035
2021-10-13 16:36:55 [scrapy.crawler] INFO: Overridden settings:
{'BOT_NAME': 'TextProcessorScrapy',
 'COMMANDS_MODULE': 'TextProcessorScrapy.commands',
 'CONCURRENT_REQUESTS': 8,
 'CONCURRENT_REQUESTS_PER_DOMAIN': 32,
 'CONCURRENT_REQUESTS_PER_IP': 128,
 'LOG_FILE': 'log/scrapy_2021_10_13_0.log',
 'NEWSPIDER_MODULE': 'TextProcessorScrapy.spiders',
 'REACTOR_THREADPOOL_MAXSIZE': 20,
 'REDIRECT_ENABLED': False,
 'SPIDER_MODULES': ['TextProcessorScrapy.spiders']}
2021-10-13 16:36:55 [scrapy.extensions.telnet] INFO: Telnet Password: 6984134171ca1290
2021-10-13 16:36:55 [scrapy.middleware] INFO: Enabled extensions:
['scrapy.extensions.corestats.CoreStats',
 'scrapy.extensions.telnet.TelnetConsole',
 'scrapy.extensions.logstats.LogStats']
2021-10-13 16:36:55 [selenium.webdriver.remote.remote_connection] DEBUG: POST http://127.0.0.1:14077/session {"capabilities": {"firstMatch": [{}], "alwaysMatch": {"browserName": "chrome", "platformName": "any", "goog:chromeOptions": {"prefs": {"profile.default_content_setting_values": {"notifications": 2, "images": 2}}, "extensions": [], "args": ["--headless"]}}}, "desiredCapabilities": {"browserName": "chrome", "version": "", "platform": "ANY", "goog:chromeOptions": {"prefs": {"profile.default_content_setting_values": {"notifications": 2, "images": 2}}, "extensions": [], "args": ["--headless"]}}}
2021-10-13 16:36:55 [urllib3.connectionpool] DEBUG: Starting new HTTP connection (1): 127.0.0.1
2021-10-13 16:36:56 [urllib3.connectionpool] DEBUG: http://127.0.0.1:14077 "POST /session HTTP/1.1" 200 786
2021-10-13 16:36:56 [selenium.webdriver.remote.remote_connection] DEBUG: Finished Request
2021-10-13 16:36:56 [selenium.webdriver.remote.remote_connection] DEBUG: POST http://127.0.0.1:14077/session/b0623839ad6e6bfd39f917a8c20138ed/timeouts {"implicit": 3000}
2021-10-13 16:36:56 [urllib3.connectionpool] DEBUG: http://127.0.0.1:14077 "POST /session/b0623839ad6e6bfd39f917a8c20138ed/timeouts HTTP/1.1" 200 14
2021-10-13 16:36:56 [selenium.webdriver.remote.remote_connection] DEBUG: Finished Request
2021-10-13 16:36:56 [scrapy.middleware] INFO: Enabled downloader middlewares:
['scrapy.downloadermiddlewares.httpauth.HttpAuthMiddleware',
 'scrapy.downloadermiddlewares.downloadtimeout.DownloadTimeoutMiddleware',
 'scrapy.downloadermiddlewares.defaultheaders.DefaultHeadersMiddleware',
 'scrapy.downloadermiddlewares.useragent.UserAgentMiddleware',
 'TextProcessorScrapy.middlewares.RandomUserAgentMiddleware',
 'TextProcessorScrapy.middlewares.TextCrawlDownloaderMiddleware',
 'scrapy.downloadermiddlewares.retry.RetryMiddleware',
 'scrapy.downloadermiddlewares.redirect.MetaRefreshMiddleware',
 'scrapy.downloadermiddlewares.httpcompression.HttpCompressionMiddleware',
 'scrapy.downloadermiddlewares.cookies.CookiesMiddleware',
 'scrapy.downloadermiddlewares.httpproxy.HttpProxyMiddleware',
 'scrapy.downloadermiddlewares.stats.DownloaderStats']
2021-10-13 16:36:56 [scrapy.middleware] INFO: Enabled spider middlewares:
['scrapy.spidermiddlewares.httperror.HttpErrorMiddleware',
 'scrapy.spidermiddlewares.offsite.OffsiteMiddleware',
 'scrapy.spidermiddlewares.referer.RefererMiddleware',
 'scrapy.spidermiddlewares.urllength.UrlLengthMiddleware',
 'scrapy.spidermiddlewares.depth.DepthMiddleware']
2021-10-13 16:36:56 [scrapy.middleware] INFO: Enabled item pipelines:
['TextProcessorScrapy.pipelines.FacebookPipeline']
2021-10-13 16:36:56 [scrapy.core.engine] INFO: Spider opened
2021-10-13 16:36:56 [scrapy.extensions.logstats] INFO: Crawled 0 pages (at 0 pages/min), scraped 0 items (at 0 items/min)
2021-10-13 16:36:56 [facebook] INFO: Spider opened: facebook
2021-10-13 16:36:58 [root] INFO: crawler1 ten seconds http interact :7
2021-10-13 16:36:58 [scrapy.extensions.telnet] INFO: Telnet console listening on 127.0.0.1:6036
2021-10-13 16:36:58 [TextProcessorScrapy.spiders.Aiaa] INFO: Aiaa Spider Starting!
2021-10-13 16:36:58 [selenium.webdriver.remote.remote_connection] DEBUG: POST http://127.0.0.1:1760/session/2e06661d25c85659acfa5d6f299cd6e3/url {"url": "https://facebook.com/?stype=lo&jlou=AfcFaK2ov8XLonPVvzBvlW-hIShxrA1nbAwDVg1CPMo5TSXJNtdG7Xb_KE6SOxa2sv2Gnk4o43Lvgt9NoSXSq-tsR0H1-eUxIGf-rgp1P5hTAg&smuh=47658&lh=Ac8jNUuHrt8XoyfC-hU"}
2021-10-13 16:37:00 [urllib3.connectionpool] DEBUG: http://127.0.0.1:1760 "POST /session/2e06661d25c85659acfa5d6f299cd6e3/url HTTP/1.1" 200 14
2021-10-13 16:37:00 [selenium.webdriver.remote.remote_connection] DEBUG: Finished Request
2021-10-13 16:37:00 [selenium.webdriver.remote.remote_connection] DEBUG: POST http://127.0.0.1:1760/session/2e06661d25c85659acfa5d6f299cd6e3/element {"using": "css selector", "value": "[id=\"email\"]"}
2021-10-13 16:37:00 [urllib3.connectionpool] DEBUG: http://127.0.0.1:1760 "POST /session/2e06661d25c85659acfa5d6f299cd6e3/element HTTP/1.1" 200 88
2021-10-13 16:37:00 [selenium.webdriver.remote.remote_connection] DEBUG: Finished Request
2021-10-13 16:37:00 [selenium.webdriver.remote.remote_connection] DEBUG: POST http://127.0.0.1:1760/session/2e06661d25c85659acfa5d6f299cd6e3/element/4de712ea-2f32-46a5-a379-1ad01cfeccfd/clear {"id": "4de712ea-2f32-46a5-a379-1ad01cfeccfd"}
2021-10-13 16:37:00 [urllib3.connectionpool] DEBUG: http://127.0.0.1:1760 "POST /session/2e06661d25c85659acfa5d6f299cd6e3/element/4de712ea-2f32-46a5-a379-1ad01cfeccfd/clear HTTP/1.1" 200 14
2021-10-13 16:37:00 [selenium.webdriver.remote.remote_connection] DEBUG: Finished Request
2021-10-13 16:37:00 [selenium.webdriver.remote.remote_connection] DEBUG: POST http://127.0.0.1:1760/session/2e06661d25c85659acfa5d6f299cd6e3/element {"using": "css selector", "value": "[id=\"email\"]"}
2021-10-13 16:37:00 [urllib3.connectionpool] DEBUG: http://127.0.0.1:1760 "POST /session/2e06661d25c85659acfa5d6f299cd6e3/element HTTP/1.1" 200 88
2021-10-13 16:37:00 [selenium.webdriver.remote.remote_connection] DEBUG: Finished Request
2021-10-13 16:37:00 [selenium.webdriver.remote.remote_connection] DEBUG: POST http://127.0.0.1:1760/session/2e06661d25c85659acfa5d6f299cd6e3/element/4de712ea-2f32-46a5-a379-1ad01cfeccfd/value {"text": "liuleyuan0114@qq.com", "value": ["l", "i", "u", "l", "e", "y", "u", "a", "n", "0", "1", "1", "4", "@", "q", "q", ".", "c", "o", "m"], "id": "4de712ea-2f32-46a5-a379-1ad01cfeccfd"}
2021-10-13 16:37:00 [urllib3.connectionpool] DEBUG: http://127.0.0.1:1760 "POST /session/2e06661d25c85659acfa5d6f299cd6e3/element/4de712ea-2f32-46a5-a379-1ad01cfeccfd/value HTTP/1.1" 200 14
2021-10-13 16:37:00 [selenium.webdriver.remote.remote_connection] DEBUG: Finished Request
2021-10-13 16:37:00 [selenium.webdriver.remote.remote_connection] DEBUG: POST http://127.0.0.1:1760/session/2e06661d25c85659acfa5d6f299cd6e3/element {"using": "css selector", "value": "[id=\"pass\"]"}
2021-10-13 16:37:00 [urllib3.connectionpool] DEBUG: http://127.0.0.1:1760 "POST /session/2e06661d25c85659acfa5d6f299cd6e3/element HTTP/1.1" 200 88
2021-10-13 16:37:00 [selenium.webdriver.remote.remote_connection] DEBUG: Finished Request
2021-10-13 16:37:00 [selenium.webdriver.remote.remote_connection] DEBUG: POST http://127.0.0.1:1760/session/2e06661d25c85659acfa5d6f299cd6e3/element/57d2ac4d-bf0e-4d02-98c4-0560cbd166ce/clear {"id": "57d2ac4d-bf0e-4d02-98c4-0560cbd166ce"}
2021-10-13 16:37:00 [urllib3.connectionpool] DEBUG: http://127.0.0.1:1760 "POST /session/2e06661d25c85659acfa5d6f299cd6e3/element/57d2ac4d-bf0e-4d02-98c4-0560cbd166ce/clear HTTP/1.1" 200 14
2021-10-13 16:37:00 [selenium.webdriver.remote.remote_connection] DEBUG: Finished Request
2021-10-13 16:37:00 [selenium.webdriver.remote.remote_connection] DEBUG: POST http://127.0.0.1:1760/session/2e06661d25c85659acfa5d6f299cd6e3/element {"using": "css selector", "value": "[id=\"pass\"]"}
2021-10-13 16:37:00 [urllib3.connectionpool] DEBUG: http://127.0.0.1:1760 "POST /session/2e06661d25c85659acfa5d6f299cd6e3/element HTTP/1.1" 200 88
2021-10-13 16:37:00 [selenium.webdriver.remote.remote_connection] DEBUG: Finished Request
2021-10-13 16:37:00 [selenium.webdriver.remote.remote_connection] DEBUG: POST http://127.0.0.1:1760/session/2e06661d25c85659acfa5d6f299cd6e3/element/57d2ac4d-bf0e-4d02-98c4-0560cbd166ce/value {"text": "zxcvbnm1234", "value": ["z", "x", "c", "v", "b", "n", "m", "1", "2", "3", "4"], "id": "57d2ac4d-bf0e-4d02-98c4-0560cbd166ce"}
2021-10-13 16:37:00 [urllib3.connectionpool] DEBUG: http://127.0.0.1:1760 "POST /session/2e06661d25c85659acfa5d6f299cd6e3/element/57d2ac4d-bf0e-4d02-98c4-0560cbd166ce/value HTTP/1.1" 200 14
2021-10-13 16:37:00 [selenium.webdriver.remote.remote_connection] DEBUG: Finished Request
2021-10-13 16:37:00 [selenium.webdriver.remote.remote_connection] DEBUG: POST http://127.0.0.1:1760/session/2e06661d25c85659acfa5d6f299cd6e3/element {"using": "xpath", "value": "//button[contains(@id,'u_0_d_')]"}
2021-10-13 16:37:00 [urllib3.connectionpool] DEBUG: http://127.0.0.1:1760 "POST /session/2e06661d25c85659acfa5d6f299cd6e3/element HTTP/1.1" 200 88
2021-10-13 16:37:00 [selenium.webdriver.remote.remote_connection] DEBUG: Finished Request
2021-10-13 16:37:00 [selenium.webdriver.remote.remote_connection] DEBUG: POST http://127.0.0.1:1760/session/2e06661d25c85659acfa5d6f299cd6e3/element/dd908d48-33c6-46bb-bee4-51223156c1f4/value {"text": "\ue007", "value": ["\ue007"], "id": "dd908d48-33c6-46bb-bee4-51223156c1f4"}
2021-10-13 16:37:00 [urllib3.connectionpool] DEBUG: http://127.0.0.1:1760 "POST /session/2e06661d25c85659acfa5d6f299cd6e3/element/dd908d48-33c6-46bb-bee4-51223156c1f4/value HTTP/1.1" 200 14
2021-10-13 16:37:00 [selenium.webdriver.remote.remote_connection] DEBUG: Finished Request
2021-10-13 16:37:04 [root] INFO: crawler1 ten seconds http interact :61
2021-10-13 16:37:06 [root] INFO: crawler1 ten seconds http interact :61
2021-10-13 16:37:06 [TextProcessorScrapy.spiders.Aiaa] INFO: Aiaa Spider Starting!
2021-10-13 16:37:08 [root] INFO: crawler1 ten seconds http interact :54
2021-10-13 16:37:08 [selenium.webdriver.remote.remote_connection] DEBUG: POST http://127.0.0.1:14077/session/b0623839ad6e6bfd39f917a8c20138ed/url {"url": "https://facebook.com/?stype=lo&jlou=AfcFaK2ov8XLonPVvzBvlW-hIShxrA1nbAwDVg1CPMo5TSXJNtdG7Xb_KE6SOxa2sv2Gnk4o43Lvgt9NoSXSq-tsR0H1-eUxIGf-rgp1P5hTAg&smuh=47658&lh=Ac8jNUuHrt8XoyfC-hU"}
2021-10-13 16:37:10 [urllib3.connectionpool] DEBUG: http://127.0.0.1:14077 "POST /session/b0623839ad6e6bfd39f917a8c20138ed/url HTTP/1.1" 200 14
2021-10-13 16:37:10 [selenium.webdriver.remote.remote_connection] DEBUG: Finished Request
2021-10-13 16:37:10 [selenium.webdriver.remote.remote_connection] DEBUG: POST http://127.0.0.1:14077/session/b0623839ad6e6bfd39f917a8c20138ed/element {"using": "css selector", "value": "[id=\"email\"]"}
2021-10-13 16:37:10 [urllib3.connectionpool] DEBUG: http://127.0.0.1:14077 "POST /session/b0623839ad6e6bfd39f917a8c20138ed/element HTTP/1.1" 200 88
2021-10-13 16:37:10 [selenium.webdriver.remote.remote_connection] DEBUG: Finished Request
2021-10-13 16:37:10 [selenium.webdriver.remote.remote_connection] DEBUG: POST http://127.0.0.1:14077/session/b0623839ad6e6bfd39f917a8c20138ed/element/153eda7b-f5b7-4189-be45-1a70c022c52f/clear {"id": "153eda7b-f5b7-4189-be45-1a70c022c52f"}
2021-10-13 16:37:10 [urllib3.connectionpool] DEBUG: http://127.0.0.1:14077 "POST /session/b0623839ad6e6bfd39f917a8c20138ed/element/153eda7b-f5b7-4189-be45-1a70c022c52f/clear HTTP/1.1" 200 14
2021-10-13 16:37:10 [selenium.webdriver.remote.remote_connection] DEBUG: Finished Request
2021-10-13 16:37:10 [selenium.webdriver.remote.remote_connection] DEBUG: POST http://127.0.0.1:14077/session/b0623839ad6e6bfd39f917a8c20138ed/element {"using": "css selector", "value": "[id=\"email\"]"}
2021-10-13 16:37:10 [urllib3.connectionpool] DEBUG: http://127.0.0.1:14077 "POST /session/b0623839ad6e6bfd39f917a8c20138ed/element HTTP/1.1" 200 88
2021-10-13 16:37:10 [selenium.webdriver.remote.remote_connection] DEBUG: Finished Request
2021-10-13 16:37:10 [selenium.webdriver.remote.remote_connection] DEBUG: POST http://127.0.0.1:14077/session/b0623839ad6e6bfd39f917a8c20138ed/element/153eda7b-f5b7-4189-be45-1a70c022c52f/value {"text": "liuleyuan0114@qq.com", "value": ["l", "i", "u", "l", "e", "y", "u", "a", "n", "0", "1", "1", "4", "@", "q", "q", ".", "c", "o", "m"], "id": "153eda7b-f5b7-4189-be45-1a70c022c52f"}
2021-10-13 16:37:10 [urllib3.connectionpool] DEBUG: http://127.0.0.1:14077 "POST /session/b0623839ad6e6bfd39f917a8c20138ed/element/153eda7b-f5b7-4189-be45-1a70c022c52f/value HTTP/1.1" 200 14
2021-10-13 16:37:10 [selenium.webdriver.remote.remote_connection] DEBUG: Finished Request
2021-10-13 16:37:10 [selenium.webdriver.remote.remote_connection] DEBUG: POST http://127.0.0.1:14077/session/b0623839ad6e6bfd39f917a8c20138ed/element {"using": "css selector", "value": "[id=\"pass\"]"}
2021-10-13 16:37:10 [urllib3.connectionpool] DEBUG: http://127.0.0.1:14077 "POST /session/b0623839ad6e6bfd39f917a8c20138ed/element HTTP/1.1" 200 88
2021-10-13 16:37:10 [selenium.webdriver.remote.remote_connection] DEBUG: Finished Request
2021-10-13 16:37:10 [selenium.webdriver.remote.remote_connection] DEBUG: POST http://127.0.0.1:14077/session/b0623839ad6e6bfd39f917a8c20138ed/element/3def5219-5427-49fa-89a2-71eda55849c6/clear {"id": "3def5219-5427-49fa-89a2-71eda55849c6"}
2021-10-13 16:37:10 [urllib3.connectionpool] DEBUG: http://127.0.0.1:14077 "POST /session/b0623839ad6e6bfd39f917a8c20138ed/element/3def5219-5427-49fa-89a2-71eda55849c6/clear HTTP/1.1" 200 14
2021-10-13 16:37:10 [selenium.webdriver.remote.remote_connection] DEBUG: Finished Request
2021-10-13 16:37:10 [selenium.webdriver.remote.remote_connection] DEBUG: POST http://127.0.0.1:14077/session/b0623839ad6e6bfd39f917a8c20138ed/element {"using": "css selector", "value": "[id=\"pass\"]"}
2021-10-13 16:37:10 [urllib3.connectionpool] DEBUG: http://127.0.0.1:14077 "POST /session/b0623839ad6e6bfd39f917a8c20138ed/element HTTP/1.1" 200 88
2021-10-13 16:37:10 [selenium.webdriver.remote.remote_connection] DEBUG: Finished Request
2021-10-13 16:37:10 [selenium.webdriver.remote.remote_connection] DEBUG: POST http://127.0.0.1:14077/session/b0623839ad6e6bfd39f917a8c20138ed/element/3def5219-5427-49fa-89a2-71eda55849c6/value {"text": "zxcvbnm1234", "value": ["z", "x", "c", "v", "b", "n", "m", "1", "2", "3", "4"], "id": "3def5219-5427-49fa-89a2-71eda55849c6"}
2021-10-13 16:37:10 [urllib3.connectionpool] DEBUG: http://127.0.0.1:14077 "POST /session/b0623839ad6e6bfd39f917a8c20138ed/element/3def5219-5427-49fa-89a2-71eda55849c6/value HTTP/1.1" 200 14
2021-10-13 16:37:10 [selenium.webdriver.remote.remote_connection] DEBUG: Finished Request
2021-10-13 16:37:10 [selenium.webdriver.remote.remote_connection] DEBUG: POST http://127.0.0.1:14077/session/b0623839ad6e6bfd39f917a8c20138ed/element {"using": "xpath", "value": "//button[contains(@id,'u_0_d_')]"}
2021-10-13 16:37:10 [urllib3.connectionpool] DEBUG: http://127.0.0.1:14077 "POST /session/b0623839ad6e6bfd39f917a8c20138ed/element HTTP/1.1" 200 88
2021-10-13 16:37:10 [selenium.webdriver.remote.remote_connection] DEBUG: Finished Request
2021-10-13 16:37:10 [selenium.webdriver.remote.remote_connection] DEBUG: POST http://127.0.0.1:14077/session/b0623839ad6e6bfd39f917a8c20138ed/element/62e217b2-0b42-43cb-9f54-2abf246a64bf/value {"text": "\ue007", "value": ["\ue007"], "id": "62e217b2-0b42-43cb-9f54-2abf246a64bf"}
2021-10-13 16:37:10 [urllib3.connectionpool] DEBUG: http://127.0.0.1:14077 "POST /session/b0623839ad6e6bfd39f917a8c20138ed/element/62e217b2-0b42-43cb-9f54-2abf246a64bf/value HTTP/1.1" 200 14
2021-10-13 16:37:10 [selenium.webdriver.remote.remote_connection] DEBUG: Finished Request
