2021-07-23 09:43:10 [scrapy.utils.log] INFO: Scrapy 2.5.0 started (bot: TextProcessorScrapy)
2021-07-23 09:43:10 [scrapy.utils.log] INFO: Versions: lxml 4.6.3.0, libxml2 2.9.5, cssselect 1.1.0, parsel 1.6.0, w3lib 1.22.0, Twisted 21.2.0, Python 3.7.9 (default, Aug 31 2020, 17:10:11) [MSC v.1916 64 bit (AMD64)], pyOpenSSL 20.0.1 (OpenSSL 1.1.1k  25 Mar 2021), cryptography 3.4.7, Platform Windows-10-10.0.19041-SP0
2021-07-23 09:43:10 [scrapy.utils.log] DEBUG: Using reactor: twisted.internet.selectreactor.SelectReactor
2021-07-23 09:43:10 [scrapy.crawler] INFO: Overridden settings:
{'BOT_NAME': 'TextProcessorScrapy',
 'CONCURRENT_REQUESTS': 32,
 'CONCURRENT_REQUESTS_PER_DOMAIN': 32,
 'CONCURRENT_REQUESTS_PER_IP': 128,
 'COOKIES_ENABLED': False,
 'DOWNLOAD_DELAY': 2,
 'LOG_FILE': '../log/scrapy_2021_7_23_4.log',
 'NEWSPIDER_MODULE': 'TextProcessorScrapy.spiders',
 'REACTOR_THREADPOOL_MAXSIZE': 20,
 'SPIDER_MODULES': ['TextProcessorScrapy.spiders']}
2021-07-23 09:43:10 [scrapy.extensions.telnet] INFO: Telnet Password: 403d012949310a47
2021-07-23 09:43:10 [scrapy.middleware] INFO: Enabled extensions:
['scrapy.extensions.corestats.CoreStats',
 'scrapy.extensions.telnet.TelnetConsole',
 'scrapy.extensions.logstats.LogStats']
2021-07-23 09:43:11 [scrapy.middleware] INFO: Enabled downloader middlewares:
['scrapy.downloadermiddlewares.httpauth.HttpAuthMiddleware',
 'scrapy.downloadermiddlewares.downloadtimeout.DownloadTimeoutMiddleware',
 'scrapy.downloadermiddlewares.defaultheaders.DefaultHeadersMiddleware',
 'scrapy.downloadermiddlewares.useragent.UserAgentMiddleware',
 'TextProcessorScrapy.middlewares.HsNasaDownloaderMiddleware',
 'scrapy.downloadermiddlewares.retry.RetryMiddleware',
 'scrapy.downloadermiddlewares.redirect.MetaRefreshMiddleware',
 'scrapy.downloadermiddlewares.httpcompression.HttpCompressionMiddleware',
 'scrapy.downloadermiddlewares.redirect.RedirectMiddleware',
 'scrapy.downloadermiddlewares.httpproxy.HttpProxyMiddleware',
 'scrapy.downloadermiddlewares.stats.DownloaderStats']
2021-07-23 09:43:11 [scrapy.middleware] INFO: Enabled spider middlewares:
['scrapy.spidermiddlewares.httperror.HttpErrorMiddleware',
 'scrapy.spidermiddlewares.offsite.OffsiteMiddleware',
 'TextProcessorScrapy.middlewares.RandomUserAgentMiddleware',
 'TextProcessorScrapy.middlewares.HsNasaSpiderMiddleware',
 'scrapy.spidermiddlewares.referer.RefererMiddleware',
 'scrapy.spidermiddlewares.urllength.UrlLengthMiddleware',
 'scrapy.spidermiddlewares.depth.DepthMiddleware']
2021-07-23 09:43:11 [scrapy.middleware] INFO: Enabled item pipelines:
['TextProcessorScrapy.pipelines.AiaaPipeline']
2021-07-23 09:43:11 [scrapy.core.engine] INFO: Spider opened
2021-07-23 09:43:11 [scrapy.extensions.logstats] INFO: Crawled 0 pages (at 0 pages/min), scraped 0 items (at 0 items/min)
2021-07-23 09:43:11 [aiaa] INFO: Spider opened: aiaa
2021-07-23 09:43:11 [aiaa] INFO: Spider opened: aiaa
2021-07-23 09:43:11 [scrapy.extensions.telnet] INFO: Telnet console listening on 127.0.0.1:6023
2021-07-23 09:43:11 [scrapy.core.engine] ERROR: Error while obtaining start requests
Traceback (most recent call last):
  File "d:\anaconda\envs\hs\lib\site-packages\scrapy\core\engine.py", line 129, in _next_request
    request = next(slot.start_requests)
  File "E:\workspace\TextProcessor\TextProcessorScrapy\middlewares.py", line 61, in process_start_requests
    for r in start_requests:
  File "E:\workspace\TextProcessor\TextProcessorScrapy\spiders\Aiaa.py", line 27, in start_requests
    yield scrapy.Request(self.start_urls, callback=self.parse, meta={'dont_redirect': True, 'handle_httpstatus_list': [302]})
  File "d:\anaconda\envs\hs\lib\site-packages\scrapy\http\request\__init__.py", line 25, in __init__
    self._set_url(url)
  File "d:\anaconda\envs\hs\lib\site-packages\scrapy\http\request\__init__.py", line 63, in _set_url
    raise TypeError(f'Request url must be str or unicode, got {type(url).__name__}')
TypeError: Request url must be str or unicode, got list
2021-07-23 09:43:11 [scrapy.core.engine] INFO: Closing spider (finished)
2021-07-23 09:43:11 [scrapy.statscollectors] INFO: Dumping Scrapy stats:
{'elapsed_time_seconds': 0.026,
 'finish_reason': 'finished',
 'finish_time': datetime.datetime(2021, 7, 23, 1, 43, 11, 287453),
 'log_count/ERROR': 1,
 'log_count/INFO': 12,
 'start_time': datetime.datetime(2021, 7, 23, 1, 43, 11, 261453)}
2021-07-23 09:43:11 [scrapy.core.engine] INFO: Spider closed (finished)
