2021-07-23 16:54:16 [scrapy.extensions.telnet] INFO: Telnet Password: 9a31d36a5c514a36
2021-07-23 16:54:16 [scrapy.extensions.telnet] INFO: Telnet Password: 9a31d36a5c514a36
2021-07-23 16:54:16 [scrapy.extensions.telnet] INFO: Telnet Password: fb9dab0c2bd79919
2021-07-23 16:54:16 [scrapy.extensions.telnet] INFO: Telnet Password: fb9dab0c2bd79919
2021-07-23 16:54:16 [scrapy.middleware] INFO: Enabled extensions:
['scrapy.extensions.corestats.CoreStats',
 'scrapy.extensions.telnet.TelnetConsole',
 'scrapy.extensions.logstats.LogStats']
2021-07-23 16:54:16 [scrapy.middleware] INFO: Enabled extensions:
['scrapy.extensions.corestats.CoreStats',
 'scrapy.extensions.telnet.TelnetConsole',
 'scrapy.extensions.logstats.LogStats']
2021-07-23 16:54:16 [scrapy.middleware] INFO: Enabled extensions:
['scrapy.extensions.corestats.CoreStats',
 'scrapy.extensions.telnet.TelnetConsole',
 'scrapy.extensions.logstats.LogStats']
2021-07-23 16:54:16 [scrapy.middleware] INFO: Enabled extensions:
['scrapy.extensions.corestats.CoreStats',
 'scrapy.extensions.telnet.TelnetConsole',
 'scrapy.extensions.logstats.LogStats']
2021-07-23 16:54:17 [scrapy.middleware] INFO: Enabled downloader middlewares:
['scrapy.downloadermiddlewares.httpauth.HttpAuthMiddleware',
 'scrapy.downloadermiddlewares.downloadtimeout.DownloadTimeoutMiddleware',
 'scrapy.downloadermiddlewares.defaultheaders.DefaultHeadersMiddleware',
 'scrapy.downloadermiddlewares.useragent.UserAgentMiddleware',
 'TextProcessorScrapy.middlewares.RandomUserAgentMiddleware',
 'TextProcessorScrapy.middlewares.HsNasaDownloaderMiddleware',
 'scrapy.downloadermiddlewares.retry.RetryMiddleware',
 'scrapy.downloadermiddlewares.redirect.MetaRefreshMiddleware',
 'scrapy.downloadermiddlewares.httpcompression.HttpCompressionMiddleware',
 'scrapy.downloadermiddlewares.httpproxy.HttpProxyMiddleware',
 'scrapy.downloadermiddlewares.stats.DownloaderStats']
2021-07-23 16:54:17 [scrapy.middleware] INFO: Enabled downloader middlewares:
['scrapy.downloadermiddlewares.httpauth.HttpAuthMiddleware',
 'scrapy.downloadermiddlewares.downloadtimeout.DownloadTimeoutMiddleware',
 'scrapy.downloadermiddlewares.defaultheaders.DefaultHeadersMiddleware',
 'scrapy.downloadermiddlewares.useragent.UserAgentMiddleware',
 'TextProcessorScrapy.middlewares.RandomUserAgentMiddleware',
 'TextProcessorScrapy.middlewares.HsNasaDownloaderMiddleware',
 'scrapy.downloadermiddlewares.retry.RetryMiddleware',
 'scrapy.downloadermiddlewares.redirect.MetaRefreshMiddleware',
 'scrapy.downloadermiddlewares.httpcompression.HttpCompressionMiddleware',
 'scrapy.downloadermiddlewares.httpproxy.HttpProxyMiddleware',
 'scrapy.downloadermiddlewares.stats.DownloaderStats']
2021-07-23 16:54:17 [scrapy.middleware] INFO: Enabled downloader middlewares:
['scrapy.downloadermiddlewares.httpauth.HttpAuthMiddleware',
 'scrapy.downloadermiddlewares.downloadtimeout.DownloadTimeoutMiddleware',
 'scrapy.downloadermiddlewares.defaultheaders.DefaultHeadersMiddleware',
 'scrapy.downloadermiddlewares.useragent.UserAgentMiddleware',
 'TextProcessorScrapy.middlewares.RandomUserAgentMiddleware',
 'TextProcessorScrapy.middlewares.HsNasaDownloaderMiddleware',
 'scrapy.downloadermiddlewares.retry.RetryMiddleware',
 'scrapy.downloadermiddlewares.redirect.MetaRefreshMiddleware',
 'scrapy.downloadermiddlewares.httpcompression.HttpCompressionMiddleware',
 'scrapy.downloadermiddlewares.httpproxy.HttpProxyMiddleware',
 'scrapy.downloadermiddlewares.stats.DownloaderStats']
2021-07-23 16:54:17 [scrapy.middleware] INFO: Enabled downloader middlewares:
['scrapy.downloadermiddlewares.httpauth.HttpAuthMiddleware',
 'scrapy.downloadermiddlewares.downloadtimeout.DownloadTimeoutMiddleware',
 'scrapy.downloadermiddlewares.defaultheaders.DefaultHeadersMiddleware',
 'scrapy.downloadermiddlewares.useragent.UserAgentMiddleware',
 'TextProcessorScrapy.middlewares.RandomUserAgentMiddleware',
 'TextProcessorScrapy.middlewares.HsNasaDownloaderMiddleware',
 'scrapy.downloadermiddlewares.retry.RetryMiddleware',
 'scrapy.downloadermiddlewares.redirect.MetaRefreshMiddleware',
 'scrapy.downloadermiddlewares.httpcompression.HttpCompressionMiddleware',
 'scrapy.downloadermiddlewares.httpproxy.HttpProxyMiddleware',
 'scrapy.downloadermiddlewares.stats.DownloaderStats']
2021-07-23 16:54:17 [scrapy.middleware] INFO: Enabled spider middlewares:
['scrapy.spidermiddlewares.httperror.HttpErrorMiddleware',
 'scrapy.spidermiddlewares.offsite.OffsiteMiddleware',
 'scrapy.spidermiddlewares.referer.RefererMiddleware',
 'scrapy.spidermiddlewares.urllength.UrlLengthMiddleware',
 'scrapy.spidermiddlewares.depth.DepthMiddleware']
2021-07-23 16:54:17 [scrapy.middleware] INFO: Enabled spider middlewares:
['scrapy.spidermiddlewares.httperror.HttpErrorMiddleware',
 'scrapy.spidermiddlewares.offsite.OffsiteMiddleware',
 'scrapy.spidermiddlewares.referer.RefererMiddleware',
 'scrapy.spidermiddlewares.urllength.UrlLengthMiddleware',
 'scrapy.spidermiddlewares.depth.DepthMiddleware']
2021-07-23 16:54:17 [scrapy.middleware] INFO: Enabled spider middlewares:
['scrapy.spidermiddlewares.httperror.HttpErrorMiddleware',
 'scrapy.spidermiddlewares.offsite.OffsiteMiddleware',
 'scrapy.spidermiddlewares.referer.RefererMiddleware',
 'scrapy.spidermiddlewares.urllength.UrlLengthMiddleware',
 'scrapy.spidermiddlewares.depth.DepthMiddleware']
2021-07-23 16:54:17 [scrapy.middleware] INFO: Enabled spider middlewares:
['scrapy.spidermiddlewares.httperror.HttpErrorMiddleware',
 'scrapy.spidermiddlewares.offsite.OffsiteMiddleware',
 'scrapy.spidermiddlewares.referer.RefererMiddleware',
 'scrapy.spidermiddlewares.urllength.UrlLengthMiddleware',
 'scrapy.spidermiddlewares.depth.DepthMiddleware']
2021-07-23 16:54:17 [scrapy.middleware] INFO: Enabled item pipelines:
['TextProcessorScrapy.pipelines.TwitterPipeline']
2021-07-23 16:54:17 [scrapy.middleware] INFO: Enabled item pipelines:
['TextProcessorScrapy.pipelines.TwitterPipeline']
2021-07-23 16:54:17 [scrapy.core.engine] INFO: Spider opened
2021-07-23 16:54:17 [scrapy.core.engine] INFO: Spider opened
2021-07-23 16:54:17 [TextProcessorScrapy.utils.utils] WARNING: Table data_nasa existed!
2021-07-23 16:54:17 [TextProcessorScrapy.utils.utils] WARNING: Table data_nasa existed!
2021-07-23 16:54:17 [scrapy.middleware] INFO: Enabled item pipelines:
['TextProcessorScrapy.pipelines.HsNasaPipeline']
2021-07-23 16:54:17 [scrapy.middleware] INFO: Enabled item pipelines:
['TextProcessorScrapy.pipelines.HsNasaPipeline']
2021-07-23 16:54:17 [scrapy.core.engine] INFO: Spider opened
2021-07-23 16:54:17 [scrapy.core.engine] INFO: Spider opened
2021-07-23 16:54:17 [scrapy.extensions.logstats] INFO: Crawled 0 pages (at 0 pages/min), scraped 0 items (at 0 items/min)
2021-07-23 16:54:17 [scrapy.extensions.logstats] INFO: Crawled 0 pages (at 0 pages/min), scraped 0 items (at 0 items/min)
2021-07-23 16:54:17 [scrapy.extensions.logstats] INFO: Crawled 0 pages (at 0 pages/min), scraped 0 items (at 0 items/min)
2021-07-23 16:54:17 [scrapy.extensions.logstats] INFO: Crawled 0 pages (at 0 pages/min), scraped 0 items (at 0 items/min)
2021-07-23 16:54:17 [twitter] INFO: Spider opened: twitter
2021-07-23 16:54:17 [twitter] INFO: Spider opened: twitter
2021-07-23 16:54:17 [NASA] INFO: Spider opened: NASA
2021-07-23 16:54:17 [NASA] INFO: Spider opened: NASA
2021-07-23 16:54:17 [scrapy.extensions.telnet] INFO: Telnet console listening on 127.0.0.1:6023
2021-07-23 16:54:17 [scrapy.extensions.telnet] INFO: Telnet console listening on 127.0.0.1:6023
2021-07-23 16:54:17 [twisted] CRITICAL: Unhandled Error
Traceback (most recent call last):
  File "D:\Anaconda\envs\HS\lib\site-packages\twisted\internet\base.py", line 503, in fireEvent
    DeferredList(beforeResults).addCallback(self._continueFiring)
  File "D:\Anaconda\envs\HS\lib\site-packages\twisted\internet\defer.py", line 339, in addCallback
    return self.addCallbacks(callback, callbackArgs=args, callbackKeywords=kw)
  File "D:\Anaconda\envs\HS\lib\site-packages\twisted\internet\defer.py", line 330, in addCallbacks
    self._runCallbacks()
  File "D:\Anaconda\envs\HS\lib\site-packages\twisted\internet\defer.py", line 662, in _runCallbacks
    current.result = callback(current.result, *args, **kw)
--- <exception caught here> ---
  File "D:\Anaconda\envs\HS\lib\site-packages\twisted\internet\base.py", line 515, in _continueFiring
    callable(*args, **kwargs)
  File "D:\Anaconda\envs\HS\lib\site-packages\twisted\internet\base.py", line 1419, in _reallyStartRunning
    self._handleSignals()
  File "D:\Anaconda\envs\HS\lib\site-packages\twisted\internet\posixbase.py", line 341, in _handleSignals
    _SignalReactorMixin._handleSignals(self)
  File "D:\Anaconda\envs\HS\lib\site-packages\twisted\internet\base.py", line 1386, in _handleSignals
    signal.signal(signal.SIGINT, reactorBaseSelf.sigInt)
  File "D:\Anaconda\envs\HS\lib\signal.py", line 47, in signal
    handler = _signal.signal(_enum_to_int(signalnum), _enum_to_int(handler))
builtins.ValueError: signal only works in main thread

2021-07-23 16:54:17 [twisted] CRITICAL: Unhandled Error
Traceback (most recent call last):
  File "D:\Anaconda\envs\HS\lib\site-packages\twisted\internet\base.py", line 503, in fireEvent
    DeferredList(beforeResults).addCallback(self._continueFiring)
  File "D:\Anaconda\envs\HS\lib\site-packages\twisted\internet\defer.py", line 339, in addCallback
    return self.addCallbacks(callback, callbackArgs=args, callbackKeywords=kw)
  File "D:\Anaconda\envs\HS\lib\site-packages\twisted\internet\defer.py", line 330, in addCallbacks
    self._runCallbacks()
  File "D:\Anaconda\envs\HS\lib\site-packages\twisted\internet\defer.py", line 662, in _runCallbacks
    current.result = callback(current.result, *args, **kw)
--- <exception caught here> ---
  File "D:\Anaconda\envs\HS\lib\site-packages\twisted\internet\base.py", line 515, in _continueFiring
    callable(*args, **kwargs)
  File "D:\Anaconda\envs\HS\lib\site-packages\twisted\internet\base.py", line 1419, in _reallyStartRunning
    self._handleSignals()
  File "D:\Anaconda\envs\HS\lib\site-packages\twisted\internet\posixbase.py", line 341, in _handleSignals
    _SignalReactorMixin._handleSignals(self)
  File "D:\Anaconda\envs\HS\lib\site-packages\twisted\internet\base.py", line 1386, in _handleSignals
    signal.signal(signal.SIGINT, reactorBaseSelf.sigInt)
  File "D:\Anaconda\envs\HS\lib\signal.py", line 47, in signal
    handler = _signal.signal(_enum_to_int(signalnum), _enum_to_int(handler))
builtins.ValueError: signal only works in main thread

2021-07-23 16:54:17 [twisted] CRITICAL: Unhandled Error
Traceback (most recent call last):
  File "D:\Anaconda\envs\HS\lib\site-packages\twisted\internet\base.py", line 503, in fireEvent
    DeferredList(beforeResults).addCallback(self._continueFiring)
  File "D:\Anaconda\envs\HS\lib\site-packages\twisted\internet\defer.py", line 339, in addCallback
    return self.addCallbacks(callback, callbackArgs=args, callbackKeywords=kw)
  File "D:\Anaconda\envs\HS\lib\site-packages\twisted\internet\defer.py", line 330, in addCallbacks
    self._runCallbacks()
  File "D:\Anaconda\envs\HS\lib\site-packages\twisted\internet\defer.py", line 662, in _runCallbacks
    current.result = callback(current.result, *args, **kw)
--- <exception caught here> ---
  File "D:\Anaconda\envs\HS\lib\site-packages\twisted\internet\base.py", line 515, in _continueFiring
    callable(*args, **kwargs)
  File "D:\Anaconda\envs\HS\lib\site-packages\twisted\internet\base.py", line 1419, in _reallyStartRunning
    self._handleSignals()
  File "D:\Anaconda\envs\HS\lib\site-packages\twisted\internet\posixbase.py", line 341, in _handleSignals
    _SignalReactorMixin._handleSignals(self)
  File "D:\Anaconda\envs\HS\lib\site-packages\twisted\internet\base.py", line 1386, in _handleSignals
    signal.signal(signal.SIGINT, reactorBaseSelf.sigInt)
  File "D:\Anaconda\envs\HS\lib\signal.py", line 47, in signal
    handler = _signal.signal(_enum_to_int(signalnum), _enum_to_int(handler))
builtins.ValueError: signal only works in main thread

2021-07-23 16:54:17 [twisted] CRITICAL: Unhandled Error
Traceback (most recent call last):
  File "D:\Anaconda\envs\HS\lib\site-packages\twisted\internet\base.py", line 503, in fireEvent
    DeferredList(beforeResults).addCallback(self._continueFiring)
  File "D:\Anaconda\envs\HS\lib\site-packages\twisted\internet\defer.py", line 339, in addCallback
    return self.addCallbacks(callback, callbackArgs=args, callbackKeywords=kw)
  File "D:\Anaconda\envs\HS\lib\site-packages\twisted\internet\defer.py", line 330, in addCallbacks
    self._runCallbacks()
  File "D:\Anaconda\envs\HS\lib\site-packages\twisted\internet\defer.py", line 662, in _runCallbacks
    current.result = callback(current.result, *args, **kw)
--- <exception caught here> ---
  File "D:\Anaconda\envs\HS\lib\site-packages\twisted\internet\base.py", line 515, in _continueFiring
    callable(*args, **kwargs)
  File "D:\Anaconda\envs\HS\lib\site-packages\twisted\internet\base.py", line 1419, in _reallyStartRunning
    self._handleSignals()
  File "D:\Anaconda\envs\HS\lib\site-packages\twisted\internet\posixbase.py", line 341, in _handleSignals
    _SignalReactorMixin._handleSignals(self)
  File "D:\Anaconda\envs\HS\lib\site-packages\twisted\internet\base.py", line 1386, in _handleSignals
    signal.signal(signal.SIGINT, reactorBaseSelf.sigInt)
  File "D:\Anaconda\envs\HS\lib\signal.py", line 47, in signal
    handler = _signal.signal(_enum_to_int(signalnum), _enum_to_int(handler))
builtins.ValueError: signal only works in main thread

2021-07-23 16:54:17 [scrapy.extensions.telnet] INFO: Telnet console listening on 127.0.0.1:6024
2021-07-23 16:54:17 [scrapy.extensions.telnet] INFO: Telnet console listening on 127.0.0.1:6024
2021-07-23 16:54:18 [scrapy.core.engine] DEBUG: Crawled (302) <GET https://twitter.com/explore> (referer: None)
2021-07-23 16:54:18 [scrapy.core.engine] DEBUG: Crawled (302) <GET https://twitter.com/explore> (referer: None)
2021-07-23 16:54:18 [tweepy.binder] DEBUG: PARAMS: {'q': b'target', 'tweet_mode': b'extended', 'show_user': b'True'}
2021-07-23 16:54:18 [tweepy.binder] DEBUG: PARAMS: {'q': b'target', 'tweet_mode': b'extended', 'show_user': b'True'}
2021-07-23 16:54:18 [requests_oauthlib.oauth1_auth] DEBUG: Signing request <PreparedRequest [GET]> using client <Client client_key=ioTGfhxK3Fylub82QJmLMB6mB, client_secret=****, resource_owner_key=1372722615991738368-bQ4nwuK0vKY95zAIoIAaeqP44DYg56, resource_owner_secret=****, signature_method=HMAC-SHA1, signature_type=AUTH_HEADER, callback_uri=None, rsa_key=None, verifier=None, realm=None, encoding=utf-8, decoding=None, nonce=None, timestamp=None>
2021-07-23 16:54:18 [requests_oauthlib.oauth1_auth] DEBUG: Signing request <PreparedRequest [GET]> using client <Client client_key=ioTGfhxK3Fylub82QJmLMB6mB, client_secret=****, resource_owner_key=1372722615991738368-bQ4nwuK0vKY95zAIoIAaeqP44DYg56, resource_owner_secret=****, signature_method=HMAC-SHA1, signature_type=AUTH_HEADER, callback_uri=None, rsa_key=None, verifier=None, realm=None, encoding=utf-8, decoding=None, nonce=None, timestamp=None>
2021-07-23 16:54:18 [requests_oauthlib.oauth1_auth] DEBUG: Including body in call to sign: False
2021-07-23 16:54:18 [requests_oauthlib.oauth1_auth] DEBUG: Including body in call to sign: False
2021-07-23 16:54:18 [oauthlib.oauth1.rfc5849] DEBUG: Collected params: [('q', 'target'), ('tweet_mode', 'extended'), ('show_user', 'True'), ('oauth_nonce', '163225714715711396041627030458'), ('oauth_timestamp', '1627030458'), ('oauth_version', '1.0'), ('oauth_signature_method', 'HMAC-SHA1'), ('oauth_consumer_key', 'ioTGfhxK3Fylub82QJmLMB6mB'), ('oauth_token', '1372722615991738368-bQ4nwuK0vKY95zAIoIAaeqP44DYg56')]
2021-07-23 16:54:18 [oauthlib.oauth1.rfc5849] DEBUG: Collected params: [('q', 'target'), ('tweet_mode', 'extended'), ('show_user', 'True'), ('oauth_nonce', '163225714715711396041627030458'), ('oauth_timestamp', '1627030458'), ('oauth_version', '1.0'), ('oauth_signature_method', 'HMAC-SHA1'), ('oauth_consumer_key', 'ioTGfhxK3Fylub82QJmLMB6mB'), ('oauth_token', '1372722615991738368-bQ4nwuK0vKY95zAIoIAaeqP44DYg56')]
2021-07-23 16:54:18 [oauthlib.oauth1.rfc5849] DEBUG: Normalized params: oauth_consumer_key=ioTGfhxK3Fylub82QJmLMB6mB&oauth_nonce=163225714715711396041627030458&oauth_signature_method=HMAC-SHA1&oauth_timestamp=1627030458&oauth_token=1372722615991738368-bQ4nwuK0vKY95zAIoIAaeqP44DYg56&oauth_version=1.0&q=target&show_user=True&tweet_mode=extended
2021-07-23 16:54:18 [oauthlib.oauth1.rfc5849] DEBUG: Normalized params: oauth_consumer_key=ioTGfhxK3Fylub82QJmLMB6mB&oauth_nonce=163225714715711396041627030458&oauth_signature_method=HMAC-SHA1&oauth_timestamp=1627030458&oauth_token=1372722615991738368-bQ4nwuK0vKY95zAIoIAaeqP44DYg56&oauth_version=1.0&q=target&show_user=True&tweet_mode=extended
2021-07-23 16:54:18 [oauthlib.oauth1.rfc5849] DEBUG: Normalized URI: https://api.twitter.com/1.1/search/tweets.json
2021-07-23 16:54:18 [oauthlib.oauth1.rfc5849] DEBUG: Normalized URI: https://api.twitter.com/1.1/search/tweets.json
2021-07-23 16:54:18 [oauthlib.oauth1.rfc5849] DEBUG: Signing: signature base string: GET&https%3A%2F%2Fapi.twitter.com%2F1.1%2Fsearch%2Ftweets.json&oauth_consumer_key%3DioTGfhxK3Fylub82QJmLMB6mB%26oauth_nonce%3D163225714715711396041627030458%26oauth_signature_method%3DHMAC-SHA1%26oauth_timestamp%3D1627030458%26oauth_token%3D1372722615991738368-bQ4nwuK0vKY95zAIoIAaeqP44DYg56%26oauth_version%3D1.0%26q%3Dtarget%26show_user%3DTrue%26tweet_mode%3Dextended
2021-07-23 16:54:18 [oauthlib.oauth1.rfc5849] DEBUG: Signing: signature base string: GET&https%3A%2F%2Fapi.twitter.com%2F1.1%2Fsearch%2Ftweets.json&oauth_consumer_key%3DioTGfhxK3Fylub82QJmLMB6mB%26oauth_nonce%3D163225714715711396041627030458%26oauth_signature_method%3DHMAC-SHA1%26oauth_timestamp%3D1627030458%26oauth_token%3D1372722615991738368-bQ4nwuK0vKY95zAIoIAaeqP44DYg56%26oauth_version%3D1.0%26q%3Dtarget%26show_user%3DTrue%26tweet_mode%3Dextended
2021-07-23 16:54:18 [oauthlib.oauth1.rfc5849] DEBUG: Signature: F9TLPnAYKrtmChm0xDNR0/vR5Qo=
2021-07-23 16:54:18 [oauthlib.oauth1.rfc5849] DEBUG: Signature: F9TLPnAYKrtmChm0xDNR0/vR5Qo=
2021-07-23 16:54:18 [requests_oauthlib.oauth1_auth] DEBUG: Updated url: https://api.twitter.com/1.1/search/tweets.json?q=target&tweet_mode=extended&show_user=True
2021-07-23 16:54:18 [requests_oauthlib.oauth1_auth] DEBUG: Updated url: https://api.twitter.com/1.1/search/tweets.json?q=target&tweet_mode=extended&show_user=True
2021-07-23 16:54:18 [requests_oauthlib.oauth1_auth] DEBUG: Updated headers: {'Host': 'api.twitter.com', 'Authorization': 'OAuth oauth_nonce="163225714715711396041627030458", oauth_timestamp="1627030458", oauth_version="1.0", oauth_signature_method="HMAC-SHA1", oauth_consumer_key="ioTGfhxK3Fylub82QJmLMB6mB", oauth_token="1372722615991738368-bQ4nwuK0vKY95zAIoIAaeqP44DYg56", oauth_signature="F9TLPnAYKrtmChm0xDNR0%2FvR5Qo%3D"'}
2021-07-23 16:54:18 [requests_oauthlib.oauth1_auth] DEBUG: Updated headers: {'Host': 'api.twitter.com', 'Authorization': 'OAuth oauth_nonce="163225714715711396041627030458", oauth_timestamp="1627030458", oauth_version="1.0", oauth_signature_method="HMAC-SHA1", oauth_consumer_key="ioTGfhxK3Fylub82QJmLMB6mB", oauth_token="1372722615991738368-bQ4nwuK0vKY95zAIoIAaeqP44DYg56", oauth_signature="F9TLPnAYKrtmChm0xDNR0%2FvR5Qo%3D"'}
2021-07-23 16:54:18 [requests_oauthlib.oauth1_auth] DEBUG: Updated body: None
2021-07-23 16:54:18 [requests_oauthlib.oauth1_auth] DEBUG: Updated body: None
2021-07-23 16:54:18 [urllib3.connectionpool] DEBUG: Starting new HTTPS connection (1): api.twitter.com:443
2021-07-23 16:54:18 [urllib3.connectionpool] DEBUG: Starting new HTTPS connection (1): api.twitter.com:443
2021-07-23 16:54:19 [urllib3.connectionpool] DEBUG: https://api.twitter.com:443 "GET /1.1/search/tweets.json?q=target&tweet_mode=extended&show_user=True HTTP/1.1" 200 42928
2021-07-23 16:54:19 [urllib3.connectionpool] DEBUG: https://api.twitter.com:443 "GET /1.1/search/tweets.json?q=target&tweet_mode=extended&show_user=True HTTP/1.1" 200 42928
2021-07-23 16:54:19 [tweepy.binder] DEBUG: PARAMS: {'create': b'True'}
2021-07-23 16:54:19 [tweepy.binder] DEBUG: PARAMS: {'create': b'True'}
2021-07-23 16:54:19 [tweepy.binder] DEBUG: PARAMS: {'q': b'target', 'max_id': b'1418494634897014785', 'tweet_mode': b'extended', 'show_user': b'True'}
2021-07-23 16:54:19 [tweepy.binder] DEBUG: PARAMS: {'q': b'target', 'max_id': b'1418494634897014785', 'tweet_mode': b'extended', 'show_user': b'True'}
2021-07-23 16:54:19 [requests_oauthlib.oauth1_auth] DEBUG: Signing request <PreparedRequest [GET]> using client <Client client_key=ioTGfhxK3Fylub82QJmLMB6mB, client_secret=****, resource_owner_key=1372722615991738368-bQ4nwuK0vKY95zAIoIAaeqP44DYg56, resource_owner_secret=****, signature_method=HMAC-SHA1, signature_type=AUTH_HEADER, callback_uri=None, rsa_key=None, verifier=None, realm=None, encoding=utf-8, decoding=None, nonce=None, timestamp=None>
2021-07-23 16:54:19 [requests_oauthlib.oauth1_auth] DEBUG: Signing request <PreparedRequest [GET]> using client <Client client_key=ioTGfhxK3Fylub82QJmLMB6mB, client_secret=****, resource_owner_key=1372722615991738368-bQ4nwuK0vKY95zAIoIAaeqP44DYg56, resource_owner_secret=****, signature_method=HMAC-SHA1, signature_type=AUTH_HEADER, callback_uri=None, rsa_key=None, verifier=None, realm=None, encoding=utf-8, decoding=None, nonce=None, timestamp=None>
2021-07-23 16:54:19 [requests_oauthlib.oauth1_auth] DEBUG: Including body in call to sign: False
2021-07-23 16:54:19 [requests_oauthlib.oauth1_auth] DEBUG: Including body in call to sign: False
2021-07-23 16:54:19 [oauthlib.oauth1.rfc5849] DEBUG: Collected params: [('q', 'target'), ('max_id', '1418494634897014785'), ('tweet_mode', 'extended'), ('show_user', 'True'), ('oauth_nonce', '86435735083453748091627030459'), ('oauth_timestamp', '1627030459'), ('oauth_version', '1.0'), ('oauth_signature_method', 'HMAC-SHA1'), ('oauth_consumer_key', 'ioTGfhxK3Fylub82QJmLMB6mB'), ('oauth_token', '1372722615991738368-bQ4nwuK0vKY95zAIoIAaeqP44DYg56')]
2021-07-23 16:54:19 [oauthlib.oauth1.rfc5849] DEBUG: Collected params: [('q', 'target'), ('max_id', '1418494634897014785'), ('tweet_mode', 'extended'), ('show_user', 'True'), ('oauth_nonce', '86435735083453748091627030459'), ('oauth_timestamp', '1627030459'), ('oauth_version', '1.0'), ('oauth_signature_method', 'HMAC-SHA1'), ('oauth_consumer_key', 'ioTGfhxK3Fylub82QJmLMB6mB'), ('oauth_token', '1372722615991738368-bQ4nwuK0vKY95zAIoIAaeqP44DYg56')]
2021-07-23 16:54:19 [oauthlib.oauth1.rfc5849] DEBUG: Normalized params: max_id=1418494634897014785&oauth_consumer_key=ioTGfhxK3Fylub82QJmLMB6mB&oauth_nonce=86435735083453748091627030459&oauth_signature_method=HMAC-SHA1&oauth_timestamp=1627030459&oauth_token=1372722615991738368-bQ4nwuK0vKY95zAIoIAaeqP44DYg56&oauth_version=1.0&q=target&show_user=True&tweet_mode=extended
2021-07-23 16:54:19 [oauthlib.oauth1.rfc5849] DEBUG: Normalized params: max_id=1418494634897014785&oauth_consumer_key=ioTGfhxK3Fylub82QJmLMB6mB&oauth_nonce=86435735083453748091627030459&oauth_signature_method=HMAC-SHA1&oauth_timestamp=1627030459&oauth_token=1372722615991738368-bQ4nwuK0vKY95zAIoIAaeqP44DYg56&oauth_version=1.0&q=target&show_user=True&tweet_mode=extended
2021-07-23 16:54:19 [oauthlib.oauth1.rfc5849] DEBUG: Normalized URI: https://api.twitter.com/1.1/search/tweets.json
2021-07-23 16:54:19 [oauthlib.oauth1.rfc5849] DEBUG: Normalized URI: https://api.twitter.com/1.1/search/tweets.json
2021-07-23 16:54:19 [oauthlib.oauth1.rfc5849] DEBUG: Signing: signature base string: GET&https%3A%2F%2Fapi.twitter.com%2F1.1%2Fsearch%2Ftweets.json&max_id%3D1418494634897014785%26oauth_consumer_key%3DioTGfhxK3Fylub82QJmLMB6mB%26oauth_nonce%3D86435735083453748091627030459%26oauth_signature_method%3DHMAC-SHA1%26oauth_timestamp%3D1627030459%26oauth_token%3D1372722615991738368-bQ4nwuK0vKY95zAIoIAaeqP44DYg56%26oauth_version%3D1.0%26q%3Dtarget%26show_user%3DTrue%26tweet_mode%3Dextended
2021-07-23 16:54:19 [oauthlib.oauth1.rfc5849] DEBUG: Signing: signature base string: GET&https%3A%2F%2Fapi.twitter.com%2F1.1%2Fsearch%2Ftweets.json&max_id%3D1418494634897014785%26oauth_consumer_key%3DioTGfhxK3Fylub82QJmLMB6mB%26oauth_nonce%3D86435735083453748091627030459%26oauth_signature_method%3DHMAC-SHA1%26oauth_timestamp%3D1627030459%26oauth_token%3D1372722615991738368-bQ4nwuK0vKY95zAIoIAaeqP44DYg56%26oauth_version%3D1.0%26q%3Dtarget%26show_user%3DTrue%26tweet_mode%3Dextended
2021-07-23 16:54:19 [oauthlib.oauth1.rfc5849] DEBUG: Signature: nxk8HmIJ5C0dvt9gkf/S3Cc8TAQ=
2021-07-23 16:54:19 [oauthlib.oauth1.rfc5849] DEBUG: Signature: nxk8HmIJ5C0dvt9gkf/S3Cc8TAQ=
2021-07-23 16:54:19 [requests_oauthlib.oauth1_auth] DEBUG: Updated url: https://api.twitter.com/1.1/search/tweets.json?q=target&max_id=1418494634897014785&tweet_mode=extended&show_user=True
2021-07-23 16:54:19 [requests_oauthlib.oauth1_auth] DEBUG: Updated url: https://api.twitter.com/1.1/search/tweets.json?q=target&max_id=1418494634897014785&tweet_mode=extended&show_user=True
2021-07-23 16:54:19 [requests_oauthlib.oauth1_auth] DEBUG: Updated headers: {'Host': 'api.twitter.com', 'Cookie': 'guest_id=v1%3A162703045885935782; personalization_id="v1_yj3v0QEJoATPh7G1n1Oawg=="; lang=zh-cn', 'Authorization': 'OAuth oauth_nonce="86435735083453748091627030459", oauth_timestamp="1627030459", oauth_version="1.0", oauth_signature_method="HMAC-SHA1", oauth_consumer_key="ioTGfhxK3Fylub82QJmLMB6mB", oauth_token="1372722615991738368-bQ4nwuK0vKY95zAIoIAaeqP44DYg56", oauth_signature="nxk8HmIJ5C0dvt9gkf%2FS3Cc8TAQ%3D"'}
2021-07-23 16:54:19 [requests_oauthlib.oauth1_auth] DEBUG: Updated headers: {'Host': 'api.twitter.com', 'Cookie': 'guest_id=v1%3A162703045885935782; personalization_id="v1_yj3v0QEJoATPh7G1n1Oawg=="; lang=zh-cn', 'Authorization': 'OAuth oauth_nonce="86435735083453748091627030459", oauth_timestamp="1627030459", oauth_version="1.0", oauth_signature_method="HMAC-SHA1", oauth_consumer_key="ioTGfhxK3Fylub82QJmLMB6mB", oauth_token="1372722615991738368-bQ4nwuK0vKY95zAIoIAaeqP44DYg56", oauth_signature="nxk8HmIJ5C0dvt9gkf%2FS3Cc8TAQ%3D"'}
2021-07-23 16:54:19 [requests_oauthlib.oauth1_auth] DEBUG: Updated body: None
2021-07-23 16:54:19 [requests_oauthlib.oauth1_auth] DEBUG: Updated body: None
2021-07-23 16:54:19 [urllib3.connectionpool] DEBUG: Starting new HTTPS connection (1): api.twitter.com:443
2021-07-23 16:54:19 [urllib3.connectionpool] DEBUG: Starting new HTTPS connection (1): api.twitter.com:443
2021-07-23 16:54:20 [urllib3.connectionpool] DEBUG: https://api.twitter.com:443 "GET /1.1/search/tweets.json?q=target&max_id=1418494634897014785&tweet_mode=extended&show_user=True HTTP/1.1" 200 46856
2021-07-23 16:54:20 [urllib3.connectionpool] DEBUG: https://api.twitter.com:443 "GET /1.1/search/tweets.json?q=target&max_id=1418494634897014785&tweet_mode=extended&show_user=True HTTP/1.1" 200 46856
2021-07-23 16:54:21 [tweepy.binder] DEBUG: PARAMS: {'create': b'True'}
2021-07-23 16:54:21 [tweepy.binder] DEBUG: PARAMS: {'create': b'True'}
2021-07-23 16:54:21 [tweepy.binder] DEBUG: PARAMS: {'q': b'target', 'max_id': b'1418494604576501764', 'tweet_mode': b'extended', 'show_user': b'True'}
2021-07-23 16:54:21 [tweepy.binder] DEBUG: PARAMS: {'q': b'target', 'max_id': b'1418494604576501764', 'tweet_mode': b'extended', 'show_user': b'True'}
2021-07-23 16:54:21 [requests_oauthlib.oauth1_auth] DEBUG: Signing request <PreparedRequest [GET]> using client <Client client_key=ioTGfhxK3Fylub82QJmLMB6mB, client_secret=****, resource_owner_key=1372722615991738368-bQ4nwuK0vKY95zAIoIAaeqP44DYg56, resource_owner_secret=****, signature_method=HMAC-SHA1, signature_type=AUTH_HEADER, callback_uri=None, rsa_key=None, verifier=None, realm=None, encoding=utf-8, decoding=None, nonce=None, timestamp=None>
2021-07-23 16:54:21 [requests_oauthlib.oauth1_auth] DEBUG: Signing request <PreparedRequest [GET]> using client <Client client_key=ioTGfhxK3Fylub82QJmLMB6mB, client_secret=****, resource_owner_key=1372722615991738368-bQ4nwuK0vKY95zAIoIAaeqP44DYg56, resource_owner_secret=****, signature_method=HMAC-SHA1, signature_type=AUTH_HEADER, callback_uri=None, rsa_key=None, verifier=None, realm=None, encoding=utf-8, decoding=None, nonce=None, timestamp=None>
2021-07-23 16:54:21 [requests_oauthlib.oauth1_auth] DEBUG: Including body in call to sign: False
2021-07-23 16:54:21 [requests_oauthlib.oauth1_auth] DEBUG: Including body in call to sign: False
2021-07-23 16:54:21 [oauthlib.oauth1.rfc5849] DEBUG: Collected params: [('q', 'target'), ('max_id', '1418494604576501764'), ('tweet_mode', 'extended'), ('show_user', 'True'), ('oauth_nonce', '135663981301201079941627030461'), ('oauth_timestamp', '1627030461'), ('oauth_version', '1.0'), ('oauth_signature_method', 'HMAC-SHA1'), ('oauth_consumer_key', 'ioTGfhxK3Fylub82QJmLMB6mB'), ('oauth_token', '1372722615991738368-bQ4nwuK0vKY95zAIoIAaeqP44DYg56')]
2021-07-23 16:54:21 [oauthlib.oauth1.rfc5849] DEBUG: Collected params: [('q', 'target'), ('max_id', '1418494604576501764'), ('tweet_mode', 'extended'), ('show_user', 'True'), ('oauth_nonce', '135663981301201079941627030461'), ('oauth_timestamp', '1627030461'), ('oauth_version', '1.0'), ('oauth_signature_method', 'HMAC-SHA1'), ('oauth_consumer_key', 'ioTGfhxK3Fylub82QJmLMB6mB'), ('oauth_token', '1372722615991738368-bQ4nwuK0vKY95zAIoIAaeqP44DYg56')]
2021-07-23 16:54:21 [oauthlib.oauth1.rfc5849] DEBUG: Normalized params: max_id=1418494604576501764&oauth_consumer_key=ioTGfhxK3Fylub82QJmLMB6mB&oauth_nonce=135663981301201079941627030461&oauth_signature_method=HMAC-SHA1&oauth_timestamp=1627030461&oauth_token=1372722615991738368-bQ4nwuK0vKY95zAIoIAaeqP44DYg56&oauth_version=1.0&q=target&show_user=True&tweet_mode=extended
2021-07-23 16:54:21 [oauthlib.oauth1.rfc5849] DEBUG: Normalized params: max_id=1418494604576501764&oauth_consumer_key=ioTGfhxK3Fylub82QJmLMB6mB&oauth_nonce=135663981301201079941627030461&oauth_signature_method=HMAC-SHA1&oauth_timestamp=1627030461&oauth_token=1372722615991738368-bQ4nwuK0vKY95zAIoIAaeqP44DYg56&oauth_version=1.0&q=target&show_user=True&tweet_mode=extended
2021-07-23 16:54:21 [oauthlib.oauth1.rfc5849] DEBUG: Normalized URI: https://api.twitter.com/1.1/search/tweets.json
2021-07-23 16:54:21 [oauthlib.oauth1.rfc5849] DEBUG: Normalized URI: https://api.twitter.com/1.1/search/tweets.json
2021-07-23 16:54:21 [oauthlib.oauth1.rfc5849] DEBUG: Signing: signature base string: GET&https%3A%2F%2Fapi.twitter.com%2F1.1%2Fsearch%2Ftweets.json&max_id%3D1418494604576501764%26oauth_consumer_key%3DioTGfhxK3Fylub82QJmLMB6mB%26oauth_nonce%3D135663981301201079941627030461%26oauth_signature_method%3DHMAC-SHA1%26oauth_timestamp%3D1627030461%26oauth_token%3D1372722615991738368-bQ4nwuK0vKY95zAIoIAaeqP44DYg56%26oauth_version%3D1.0%26q%3Dtarget%26show_user%3DTrue%26tweet_mode%3Dextended
2021-07-23 16:54:21 [oauthlib.oauth1.rfc5849] DEBUG: Signing: signature base string: GET&https%3A%2F%2Fapi.twitter.com%2F1.1%2Fsearch%2Ftweets.json&max_id%3D1418494604576501764%26oauth_consumer_key%3DioTGfhxK3Fylub82QJmLMB6mB%26oauth_nonce%3D135663981301201079941627030461%26oauth_signature_method%3DHMAC-SHA1%26oauth_timestamp%3D1627030461%26oauth_token%3D1372722615991738368-bQ4nwuK0vKY95zAIoIAaeqP44DYg56%26oauth_version%3D1.0%26q%3Dtarget%26show_user%3DTrue%26tweet_mode%3Dextended
2021-07-23 16:54:21 [oauthlib.oauth1.rfc5849] DEBUG: Signature: MGJ68tLryszz/krVWnD5WloV5ng=
2021-07-23 16:54:21 [oauthlib.oauth1.rfc5849] DEBUG: Signature: MGJ68tLryszz/krVWnD5WloV5ng=
2021-07-23 16:54:21 [requests_oauthlib.oauth1_auth] DEBUG: Updated url: https://api.twitter.com/1.1/search/tweets.json?q=target&max_id=1418494604576501764&tweet_mode=extended&show_user=True
2021-07-23 16:54:21 [requests_oauthlib.oauth1_auth] DEBUG: Updated url: https://api.twitter.com/1.1/search/tweets.json?q=target&max_id=1418494604576501764&tweet_mode=extended&show_user=True
2021-07-23 16:54:21 [requests_oauthlib.oauth1_auth] DEBUG: Updated headers: {'Host': 'api.twitter.com', 'Cookie': 'guest_id=v1%3A162703045885935782; personalization_id="v1_yj3v0QEJoATPh7G1n1Oawg=="; lang=zh-cn', 'Authorization': 'OAuth oauth_nonce="135663981301201079941627030461", oauth_timestamp="1627030461", oauth_version="1.0", oauth_signature_method="HMAC-SHA1", oauth_consumer_key="ioTGfhxK3Fylub82QJmLMB6mB", oauth_token="1372722615991738368-bQ4nwuK0vKY95zAIoIAaeqP44DYg56", oauth_signature="MGJ68tLryszz%2FkrVWnD5WloV5ng%3D"'}
2021-07-23 16:54:21 [requests_oauthlib.oauth1_auth] DEBUG: Updated headers: {'Host': 'api.twitter.com', 'Cookie': 'guest_id=v1%3A162703045885935782; personalization_id="v1_yj3v0QEJoATPh7G1n1Oawg=="; lang=zh-cn', 'Authorization': 'OAuth oauth_nonce="135663981301201079941627030461", oauth_timestamp="1627030461", oauth_version="1.0", oauth_signature_method="HMAC-SHA1", oauth_consumer_key="ioTGfhxK3Fylub82QJmLMB6mB", oauth_token="1372722615991738368-bQ4nwuK0vKY95zAIoIAaeqP44DYg56", oauth_signature="MGJ68tLryszz%2FkrVWnD5WloV5ng%3D"'}
2021-07-23 16:54:21 [requests_oauthlib.oauth1_auth] DEBUG: Updated body: None
2021-07-23 16:54:21 [requests_oauthlib.oauth1_auth] DEBUG: Updated body: None
2021-07-23 16:54:21 [urllib3.connectionpool] DEBUG: Starting new HTTPS connection (1): api.twitter.com:443
2021-07-23 16:54:21 [urllib3.connectionpool] DEBUG: Starting new HTTPS connection (1): api.twitter.com:443
2021-07-23 16:54:22 [urllib3.connectionpool] DEBUG: https://api.twitter.com:443 "GET /1.1/search/tweets.json?q=target&max_id=1418494604576501764&tweet_mode=extended&show_user=True HTTP/1.1" 200 54217
2021-07-23 16:54:22 [urllib3.connectionpool] DEBUG: https://api.twitter.com:443 "GET /1.1/search/tweets.json?q=target&max_id=1418494604576501764&tweet_mode=extended&show_user=True HTTP/1.1" 200 54217
2021-07-23 16:54:22 [tweepy.binder] DEBUG: PARAMS: {'create': b'True'}
2021-07-23 16:54:22 [tweepy.binder] DEBUG: PARAMS: {'create': b'True'}
2021-07-23 16:54:22 [tweepy.binder] DEBUG: PARAMS: {'q': b'target', 'max_id': b'1418494571122622472', 'tweet_mode': b'extended', 'show_user': b'True'}
2021-07-23 16:54:22 [tweepy.binder] DEBUG: PARAMS: {'q': b'target', 'max_id': b'1418494571122622472', 'tweet_mode': b'extended', 'show_user': b'True'}
2021-07-23 16:54:22 [requests_oauthlib.oauth1_auth] DEBUG: Signing request <PreparedRequest [GET]> using client <Client client_key=ioTGfhxK3Fylub82QJmLMB6mB, client_secret=****, resource_owner_key=1372722615991738368-bQ4nwuK0vKY95zAIoIAaeqP44DYg56, resource_owner_secret=****, signature_method=HMAC-SHA1, signature_type=AUTH_HEADER, callback_uri=None, rsa_key=None, verifier=None, realm=None, encoding=utf-8, decoding=None, nonce=None, timestamp=None>
2021-07-23 16:54:22 [requests_oauthlib.oauth1_auth] DEBUG: Signing request <PreparedRequest [GET]> using client <Client client_key=ioTGfhxK3Fylub82QJmLMB6mB, client_secret=****, resource_owner_key=1372722615991738368-bQ4nwuK0vKY95zAIoIAaeqP44DYg56, resource_owner_secret=****, signature_method=HMAC-SHA1, signature_type=AUTH_HEADER, callback_uri=None, rsa_key=None, verifier=None, realm=None, encoding=utf-8, decoding=None, nonce=None, timestamp=None>
2021-07-23 16:54:22 [requests_oauthlib.oauth1_auth] DEBUG: Including body in call to sign: False
2021-07-23 16:54:22 [requests_oauthlib.oauth1_auth] DEBUG: Including body in call to sign: False
2021-07-23 16:54:22 [oauthlib.oauth1.rfc5849] DEBUG: Collected params: [('q', 'target'), ('max_id', '1418494571122622472'), ('tweet_mode', 'extended'), ('show_user', 'True'), ('oauth_nonce', '101648534197101973721627030462'), ('oauth_timestamp', '1627030462'), ('oauth_version', '1.0'), ('oauth_signature_method', 'HMAC-SHA1'), ('oauth_consumer_key', 'ioTGfhxK3Fylub82QJmLMB6mB'), ('oauth_token', '1372722615991738368-bQ4nwuK0vKY95zAIoIAaeqP44DYg56')]
2021-07-23 16:54:22 [oauthlib.oauth1.rfc5849] DEBUG: Collected params: [('q', 'target'), ('max_id', '1418494571122622472'), ('tweet_mode', 'extended'), ('show_user', 'True'), ('oauth_nonce', '101648534197101973721627030462'), ('oauth_timestamp', '1627030462'), ('oauth_version', '1.0'), ('oauth_signature_method', 'HMAC-SHA1'), ('oauth_consumer_key', 'ioTGfhxK3Fylub82QJmLMB6mB'), ('oauth_token', '1372722615991738368-bQ4nwuK0vKY95zAIoIAaeqP44DYg56')]
2021-07-23 16:54:22 [oauthlib.oauth1.rfc5849] DEBUG: Normalized params: max_id=1418494571122622472&oauth_consumer_key=ioTGfhxK3Fylub82QJmLMB6mB&oauth_nonce=101648534197101973721627030462&oauth_signature_method=HMAC-SHA1&oauth_timestamp=1627030462&oauth_token=1372722615991738368-bQ4nwuK0vKY95zAIoIAaeqP44DYg56&oauth_version=1.0&q=target&show_user=True&tweet_mode=extended
2021-07-23 16:54:22 [oauthlib.oauth1.rfc5849] DEBUG: Normalized params: max_id=1418494571122622472&oauth_consumer_key=ioTGfhxK3Fylub82QJmLMB6mB&oauth_nonce=101648534197101973721627030462&oauth_signature_method=HMAC-SHA1&oauth_timestamp=1627030462&oauth_token=1372722615991738368-bQ4nwuK0vKY95zAIoIAaeqP44DYg56&oauth_version=1.0&q=target&show_user=True&tweet_mode=extended
2021-07-23 16:54:22 [oauthlib.oauth1.rfc5849] DEBUG: Normalized URI: https://api.twitter.com/1.1/search/tweets.json
2021-07-23 16:54:22 [oauthlib.oauth1.rfc5849] DEBUG: Normalized URI: https://api.twitter.com/1.1/search/tweets.json
2021-07-23 16:54:22 [oauthlib.oauth1.rfc5849] DEBUG: Signing: signature base string: GET&https%3A%2F%2Fapi.twitter.com%2F1.1%2Fsearch%2Ftweets.json&max_id%3D1418494571122622472%26oauth_consumer_key%3DioTGfhxK3Fylub82QJmLMB6mB%26oauth_nonce%3D101648534197101973721627030462%26oauth_signature_method%3DHMAC-SHA1%26oauth_timestamp%3D1627030462%26oauth_token%3D1372722615991738368-bQ4nwuK0vKY95zAIoIAaeqP44DYg56%26oauth_version%3D1.0%26q%3Dtarget%26show_user%3DTrue%26tweet_mode%3Dextended
2021-07-23 16:54:22 [oauthlib.oauth1.rfc5849] DEBUG: Signing: signature base string: GET&https%3A%2F%2Fapi.twitter.com%2F1.1%2Fsearch%2Ftweets.json&max_id%3D1418494571122622472%26oauth_consumer_key%3DioTGfhxK3Fylub82QJmLMB6mB%26oauth_nonce%3D101648534197101973721627030462%26oauth_signature_method%3DHMAC-SHA1%26oauth_timestamp%3D1627030462%26oauth_token%3D1372722615991738368-bQ4nwuK0vKY95zAIoIAaeqP44DYg56%26oauth_version%3D1.0%26q%3Dtarget%26show_user%3DTrue%26tweet_mode%3Dextended
2021-07-23 16:54:22 [oauthlib.oauth1.rfc5849] DEBUG: Signature: voFq/0FuBdQfIFXFN7uUvgGhb3M=
2021-07-23 16:54:22 [oauthlib.oauth1.rfc5849] DEBUG: Signature: voFq/0FuBdQfIFXFN7uUvgGhb3M=
2021-07-23 16:54:22 [requests_oauthlib.oauth1_auth] DEBUG: Updated url: https://api.twitter.com/1.1/search/tweets.json?q=target&max_id=1418494571122622472&tweet_mode=extended&show_user=True
2021-07-23 16:54:22 [requests_oauthlib.oauth1_auth] DEBUG: Updated url: https://api.twitter.com/1.1/search/tweets.json?q=target&max_id=1418494571122622472&tweet_mode=extended&show_user=True
2021-07-23 16:54:22 [requests_oauthlib.oauth1_auth] DEBUG: Updated headers: {'Host': 'api.twitter.com', 'Cookie': 'guest_id=v1%3A162703045885935782; personalization_id="v1_yj3v0QEJoATPh7G1n1Oawg=="; lang=zh-cn', 'Authorization': 'OAuth oauth_nonce="101648534197101973721627030462", oauth_timestamp="1627030462", oauth_version="1.0", oauth_signature_method="HMAC-SHA1", oauth_consumer_key="ioTGfhxK3Fylub82QJmLMB6mB", oauth_token="1372722615991738368-bQ4nwuK0vKY95zAIoIAaeqP44DYg56", oauth_signature="voFq%2F0FuBdQfIFXFN7uUvgGhb3M%3D"'}
2021-07-23 16:54:22 [requests_oauthlib.oauth1_auth] DEBUG: Updated headers: {'Host': 'api.twitter.com', 'Cookie': 'guest_id=v1%3A162703045885935782; personalization_id="v1_yj3v0QEJoATPh7G1n1Oawg=="; lang=zh-cn', 'Authorization': 'OAuth oauth_nonce="101648534197101973721627030462", oauth_timestamp="1627030462", oauth_version="1.0", oauth_signature_method="HMAC-SHA1", oauth_consumer_key="ioTGfhxK3Fylub82QJmLMB6mB", oauth_token="1372722615991738368-bQ4nwuK0vKY95zAIoIAaeqP44DYg56", oauth_signature="voFq%2F0FuBdQfIFXFN7uUvgGhb3M%3D"'}
2021-07-23 16:54:22 [requests_oauthlib.oauth1_auth] DEBUG: Updated body: None
2021-07-23 16:54:22 [requests_oauthlib.oauth1_auth] DEBUG: Updated body: None
2021-07-23 16:54:22 [urllib3.connectionpool] DEBUG: Starting new HTTPS connection (1): api.twitter.com:443
2021-07-23 16:54:22 [urllib3.connectionpool] DEBUG: Starting new HTTPS connection (1): api.twitter.com:443
2021-07-23 16:54:23 [urllib3.connectionpool] DEBUG: https://api.twitter.com:443 "GET /1.1/search/tweets.json?q=target&max_id=1418494571122622472&tweet_mode=extended&show_user=True HTTP/1.1" 200 54275
2021-07-23 16:54:23 [urllib3.connectionpool] DEBUG: https://api.twitter.com:443 "GET /1.1/search/tweets.json?q=target&max_id=1418494571122622472&tweet_mode=extended&show_user=True HTTP/1.1" 200 54275
2021-07-23 16:54:23 [tweepy.binder] DEBUG: PARAMS: {'create': b'True'}
2021-07-23 16:54:23 [tweepy.binder] DEBUG: PARAMS: {'create': b'True'}
2021-07-23 16:54:23 [tweepy.binder] DEBUG: PARAMS: {'q': b'target', 'max_id': b'1418494531817910278', 'tweet_mode': b'extended', 'show_user': b'True'}
2021-07-23 16:54:23 [tweepy.binder] DEBUG: PARAMS: {'q': b'target', 'max_id': b'1418494531817910278', 'tweet_mode': b'extended', 'show_user': b'True'}
2021-07-23 16:54:23 [requests_oauthlib.oauth1_auth] DEBUG: Signing request <PreparedRequest [GET]> using client <Client client_key=ioTGfhxK3Fylub82QJmLMB6mB, client_secret=****, resource_owner_key=1372722615991738368-bQ4nwuK0vKY95zAIoIAaeqP44DYg56, resource_owner_secret=****, signature_method=HMAC-SHA1, signature_type=AUTH_HEADER, callback_uri=None, rsa_key=None, verifier=None, realm=None, encoding=utf-8, decoding=None, nonce=None, timestamp=None>
2021-07-23 16:54:23 [requests_oauthlib.oauth1_auth] DEBUG: Signing request <PreparedRequest [GET]> using client <Client client_key=ioTGfhxK3Fylub82QJmLMB6mB, client_secret=****, resource_owner_key=1372722615991738368-bQ4nwuK0vKY95zAIoIAaeqP44DYg56, resource_owner_secret=****, signature_method=HMAC-SHA1, signature_type=AUTH_HEADER, callback_uri=None, rsa_key=None, verifier=None, realm=None, encoding=utf-8, decoding=None, nonce=None, timestamp=None>
2021-07-23 16:54:23 [requests_oauthlib.oauth1_auth] DEBUG: Including body in call to sign: False
2021-07-23 16:54:23 [requests_oauthlib.oauth1_auth] DEBUG: Including body in call to sign: False
2021-07-23 16:54:23 [oauthlib.oauth1.rfc5849] DEBUG: Collected params: [('q', 'target'), ('max_id', '1418494531817910278'), ('tweet_mode', 'extended'), ('show_user', 'True'), ('oauth_nonce', '119308206241541227811627030463'), ('oauth_timestamp', '1627030463'), ('oauth_version', '1.0'), ('oauth_signature_method', 'HMAC-SHA1'), ('oauth_consumer_key', 'ioTGfhxK3Fylub82QJmLMB6mB'), ('oauth_token', '1372722615991738368-bQ4nwuK0vKY95zAIoIAaeqP44DYg56')]
2021-07-23 16:54:23 [oauthlib.oauth1.rfc5849] DEBUG: Collected params: [('q', 'target'), ('max_id', '1418494531817910278'), ('tweet_mode', 'extended'), ('show_user', 'True'), ('oauth_nonce', '119308206241541227811627030463'), ('oauth_timestamp', '1627030463'), ('oauth_version', '1.0'), ('oauth_signature_method', 'HMAC-SHA1'), ('oauth_consumer_key', 'ioTGfhxK3Fylub82QJmLMB6mB'), ('oauth_token', '1372722615991738368-bQ4nwuK0vKY95zAIoIAaeqP44DYg56')]
2021-07-23 16:54:23 [oauthlib.oauth1.rfc5849] DEBUG: Normalized params: max_id=1418494531817910278&oauth_consumer_key=ioTGfhxK3Fylub82QJmLMB6mB&oauth_nonce=119308206241541227811627030463&oauth_signature_method=HMAC-SHA1&oauth_timestamp=1627030463&oauth_token=1372722615991738368-bQ4nwuK0vKY95zAIoIAaeqP44DYg56&oauth_version=1.0&q=target&show_user=True&tweet_mode=extended
2021-07-23 16:54:23 [oauthlib.oauth1.rfc5849] DEBUG: Normalized params: max_id=1418494531817910278&oauth_consumer_key=ioTGfhxK3Fylub82QJmLMB6mB&oauth_nonce=119308206241541227811627030463&oauth_signature_method=HMAC-SHA1&oauth_timestamp=1627030463&oauth_token=1372722615991738368-bQ4nwuK0vKY95zAIoIAaeqP44DYg56&oauth_version=1.0&q=target&show_user=True&tweet_mode=extended
2021-07-23 16:54:23 [oauthlib.oauth1.rfc5849] DEBUG: Normalized URI: https://api.twitter.com/1.1/search/tweets.json
2021-07-23 16:54:23 [oauthlib.oauth1.rfc5849] DEBUG: Normalized URI: https://api.twitter.com/1.1/search/tweets.json
2021-07-23 16:54:23 [oauthlib.oauth1.rfc5849] DEBUG: Signing: signature base string: GET&https%3A%2F%2Fapi.twitter.com%2F1.1%2Fsearch%2Ftweets.json&max_id%3D1418494531817910278%26oauth_consumer_key%3DioTGfhxK3Fylub82QJmLMB6mB%26oauth_nonce%3D119308206241541227811627030463%26oauth_signature_method%3DHMAC-SHA1%26oauth_timestamp%3D1627030463%26oauth_token%3D1372722615991738368-bQ4nwuK0vKY95zAIoIAaeqP44DYg56%26oauth_version%3D1.0%26q%3Dtarget%26show_user%3DTrue%26tweet_mode%3Dextended
2021-07-23 16:54:23 [oauthlib.oauth1.rfc5849] DEBUG: Signing: signature base string: GET&https%3A%2F%2Fapi.twitter.com%2F1.1%2Fsearch%2Ftweets.json&max_id%3D1418494531817910278%26oauth_consumer_key%3DioTGfhxK3Fylub82QJmLMB6mB%26oauth_nonce%3D119308206241541227811627030463%26oauth_signature_method%3DHMAC-SHA1%26oauth_timestamp%3D1627030463%26oauth_token%3D1372722615991738368-bQ4nwuK0vKY95zAIoIAaeqP44DYg56%26oauth_version%3D1.0%26q%3Dtarget%26show_user%3DTrue%26tweet_mode%3Dextended
2021-07-23 16:54:23 [oauthlib.oauth1.rfc5849] DEBUG: Signature: jYClWoYVhCFKVut5EARDV5AiIzY=
2021-07-23 16:54:23 [oauthlib.oauth1.rfc5849] DEBUG: Signature: jYClWoYVhCFKVut5EARDV5AiIzY=
2021-07-23 16:54:23 [requests_oauthlib.oauth1_auth] DEBUG: Updated url: https://api.twitter.com/1.1/search/tweets.json?q=target&max_id=1418494531817910278&tweet_mode=extended&show_user=True
2021-07-23 16:54:23 [requests_oauthlib.oauth1_auth] DEBUG: Updated url: https://api.twitter.com/1.1/search/tweets.json?q=target&max_id=1418494531817910278&tweet_mode=extended&show_user=True
2021-07-23 16:54:23 [requests_oauthlib.oauth1_auth] DEBUG: Updated headers: {'Host': 'api.twitter.com', 'Cookie': 'guest_id=v1%3A162703045885935782; personalization_id="v1_yj3v0QEJoATPh7G1n1Oawg=="; lang=zh-cn', 'Authorization': 'OAuth oauth_nonce="119308206241541227811627030463", oauth_timestamp="1627030463", oauth_version="1.0", oauth_signature_method="HMAC-SHA1", oauth_consumer_key="ioTGfhxK3Fylub82QJmLMB6mB", oauth_token="1372722615991738368-bQ4nwuK0vKY95zAIoIAaeqP44DYg56", oauth_signature="jYClWoYVhCFKVut5EARDV5AiIzY%3D"'}
2021-07-23 16:54:23 [requests_oauthlib.oauth1_auth] DEBUG: Updated headers: {'Host': 'api.twitter.com', 'Cookie': 'guest_id=v1%3A162703045885935782; personalization_id="v1_yj3v0QEJoATPh7G1n1Oawg=="; lang=zh-cn', 'Authorization': 'OAuth oauth_nonce="119308206241541227811627030463", oauth_timestamp="1627030463", oauth_version="1.0", oauth_signature_method="HMAC-SHA1", oauth_consumer_key="ioTGfhxK3Fylub82QJmLMB6mB", oauth_token="1372722615991738368-bQ4nwuK0vKY95zAIoIAaeqP44DYg56", oauth_signature="jYClWoYVhCFKVut5EARDV5AiIzY%3D"'}
2021-07-23 16:54:23 [requests_oauthlib.oauth1_auth] DEBUG: Updated body: None
2021-07-23 16:54:23 [requests_oauthlib.oauth1_auth] DEBUG: Updated body: None
2021-07-23 16:54:23 [urllib3.connectionpool] DEBUG: Starting new HTTPS connection (1): api.twitter.com:443
2021-07-23 16:54:23 [urllib3.connectionpool] DEBUG: Starting new HTTPS connection (1): api.twitter.com:443
2021-07-23 16:54:24 [urllib3.connectionpool] DEBUG: https://api.twitter.com:443 "GET /1.1/search/tweets.json?q=target&max_id=1418494531817910278&tweet_mode=extended&show_user=True HTTP/1.1" 200 45568
2021-07-23 16:54:24 [urllib3.connectionpool] DEBUG: https://api.twitter.com:443 "GET /1.1/search/tweets.json?q=target&max_id=1418494531817910278&tweet_mode=extended&show_user=True HTTP/1.1" 200 45568
2021-07-23 16:54:25 [tweepy.binder] DEBUG: PARAMS: {'create': b'True'}
2021-07-23 16:54:25 [tweepy.binder] DEBUG: PARAMS: {'create': b'True'}
2021-07-23 16:54:25 [tweepy.binder] DEBUG: PARAMS: {'q': b'target', 'max_id': b'1418494499505033220', 'tweet_mode': b'extended', 'show_user': b'True'}
2021-07-23 16:54:25 [tweepy.binder] DEBUG: PARAMS: {'q': b'target', 'max_id': b'1418494499505033220', 'tweet_mode': b'extended', 'show_user': b'True'}
2021-07-23 16:54:25 [requests_oauthlib.oauth1_auth] DEBUG: Signing request <PreparedRequest [GET]> using client <Client client_key=ioTGfhxK3Fylub82QJmLMB6mB, client_secret=****, resource_owner_key=1372722615991738368-bQ4nwuK0vKY95zAIoIAaeqP44DYg56, resource_owner_secret=****, signature_method=HMAC-SHA1, signature_type=AUTH_HEADER, callback_uri=None, rsa_key=None, verifier=None, realm=None, encoding=utf-8, decoding=None, nonce=None, timestamp=None>
2021-07-23 16:54:25 [requests_oauthlib.oauth1_auth] DEBUG: Signing request <PreparedRequest [GET]> using client <Client client_key=ioTGfhxK3Fylub82QJmLMB6mB, client_secret=****, resource_owner_key=1372722615991738368-bQ4nwuK0vKY95zAIoIAaeqP44DYg56, resource_owner_secret=****, signature_method=HMAC-SHA1, signature_type=AUTH_HEADER, callback_uri=None, rsa_key=None, verifier=None, realm=None, encoding=utf-8, decoding=None, nonce=None, timestamp=None>
2021-07-23 16:54:25 [requests_oauthlib.oauth1_auth] DEBUG: Including body in call to sign: False
2021-07-23 16:54:25 [requests_oauthlib.oauth1_auth] DEBUG: Including body in call to sign: False
2021-07-23 16:54:25 [oauthlib.oauth1.rfc5849] DEBUG: Collected params: [('q', 'target'), ('max_id', '1418494499505033220'), ('tweet_mode', 'extended'), ('show_user', 'True'), ('oauth_nonce', '181685315637000872871627030465'), ('oauth_timestamp', '1627030465'), ('oauth_version', '1.0'), ('oauth_signature_method', 'HMAC-SHA1'), ('oauth_consumer_key', 'ioTGfhxK3Fylub82QJmLMB6mB'), ('oauth_token', '1372722615991738368-bQ4nwuK0vKY95zAIoIAaeqP44DYg56')]
2021-07-23 16:54:25 [oauthlib.oauth1.rfc5849] DEBUG: Collected params: [('q', 'target'), ('max_id', '1418494499505033220'), ('tweet_mode', 'extended'), ('show_user', 'True'), ('oauth_nonce', '181685315637000872871627030465'), ('oauth_timestamp', '1627030465'), ('oauth_version', '1.0'), ('oauth_signature_method', 'HMAC-SHA1'), ('oauth_consumer_key', 'ioTGfhxK3Fylub82QJmLMB6mB'), ('oauth_token', '1372722615991738368-bQ4nwuK0vKY95zAIoIAaeqP44DYg56')]
2021-07-23 16:54:25 [oauthlib.oauth1.rfc5849] DEBUG: Normalized params: max_id=1418494499505033220&oauth_consumer_key=ioTGfhxK3Fylub82QJmLMB6mB&oauth_nonce=181685315637000872871627030465&oauth_signature_method=HMAC-SHA1&oauth_timestamp=1627030465&oauth_token=1372722615991738368-bQ4nwuK0vKY95zAIoIAaeqP44DYg56&oauth_version=1.0&q=target&show_user=True&tweet_mode=extended
2021-07-23 16:54:25 [oauthlib.oauth1.rfc5849] DEBUG: Normalized params: max_id=1418494499505033220&oauth_consumer_key=ioTGfhxK3Fylub82QJmLMB6mB&oauth_nonce=181685315637000872871627030465&oauth_signature_method=HMAC-SHA1&oauth_timestamp=1627030465&oauth_token=1372722615991738368-bQ4nwuK0vKY95zAIoIAaeqP44DYg56&oauth_version=1.0&q=target&show_user=True&tweet_mode=extended
2021-07-23 16:54:25 [oauthlib.oauth1.rfc5849] DEBUG: Normalized URI: https://api.twitter.com/1.1/search/tweets.json
2021-07-23 16:54:25 [oauthlib.oauth1.rfc5849] DEBUG: Normalized URI: https://api.twitter.com/1.1/search/tweets.json
2021-07-23 16:54:25 [oauthlib.oauth1.rfc5849] DEBUG: Signing: signature base string: GET&https%3A%2F%2Fapi.twitter.com%2F1.1%2Fsearch%2Ftweets.json&max_id%3D1418494499505033220%26oauth_consumer_key%3DioTGfhxK3Fylub82QJmLMB6mB%26oauth_nonce%3D181685315637000872871627030465%26oauth_signature_method%3DHMAC-SHA1%26oauth_timestamp%3D1627030465%26oauth_token%3D1372722615991738368-bQ4nwuK0vKY95zAIoIAaeqP44DYg56%26oauth_version%3D1.0%26q%3Dtarget%26show_user%3DTrue%26tweet_mode%3Dextended
2021-07-23 16:54:25 [oauthlib.oauth1.rfc5849] DEBUG: Signing: signature base string: GET&https%3A%2F%2Fapi.twitter.com%2F1.1%2Fsearch%2Ftweets.json&max_id%3D1418494499505033220%26oauth_consumer_key%3DioTGfhxK3Fylub82QJmLMB6mB%26oauth_nonce%3D181685315637000872871627030465%26oauth_signature_method%3DHMAC-SHA1%26oauth_timestamp%3D1627030465%26oauth_token%3D1372722615991738368-bQ4nwuK0vKY95zAIoIAaeqP44DYg56%26oauth_version%3D1.0%26q%3Dtarget%26show_user%3DTrue%26tweet_mode%3Dextended
2021-07-23 16:54:25 [oauthlib.oauth1.rfc5849] DEBUG: Signature: DAkZdDeyOqRH4ZrqPbaIJFbATfU=
2021-07-23 16:54:25 [oauthlib.oauth1.rfc5849] DEBUG: Signature: DAkZdDeyOqRH4ZrqPbaIJFbATfU=
2021-07-23 16:54:25 [requests_oauthlib.oauth1_auth] DEBUG: Updated url: https://api.twitter.com/1.1/search/tweets.json?q=target&max_id=1418494499505033220&tweet_mode=extended&show_user=True
2021-07-23 16:54:25 [requests_oauthlib.oauth1_auth] DEBUG: Updated url: https://api.twitter.com/1.1/search/tweets.json?q=target&max_id=1418494499505033220&tweet_mode=extended&show_user=True
2021-07-23 16:54:25 [requests_oauthlib.oauth1_auth] DEBUG: Updated headers: {'Host': 'api.twitter.com', 'Cookie': 'guest_id=v1%3A162703045885935782; personalization_id="v1_yj3v0QEJoATPh7G1n1Oawg=="; lang=zh-cn', 'Authorization': 'OAuth oauth_nonce="181685315637000872871627030465", oauth_timestamp="1627030465", oauth_version="1.0", oauth_signature_method="HMAC-SHA1", oauth_consumer_key="ioTGfhxK3Fylub82QJmLMB6mB", oauth_token="1372722615991738368-bQ4nwuK0vKY95zAIoIAaeqP44DYg56", oauth_signature="DAkZdDeyOqRH4ZrqPbaIJFbATfU%3D"'}
2021-07-23 16:54:25 [requests_oauthlib.oauth1_auth] DEBUG: Updated headers: {'Host': 'api.twitter.com', 'Cookie': 'guest_id=v1%3A162703045885935782; personalization_id="v1_yj3v0QEJoATPh7G1n1Oawg=="; lang=zh-cn', 'Authorization': 'OAuth oauth_nonce="181685315637000872871627030465", oauth_timestamp="1627030465", oauth_version="1.0", oauth_signature_method="HMAC-SHA1", oauth_consumer_key="ioTGfhxK3Fylub82QJmLMB6mB", oauth_token="1372722615991738368-bQ4nwuK0vKY95zAIoIAaeqP44DYg56", oauth_signature="DAkZdDeyOqRH4ZrqPbaIJFbATfU%3D"'}
2021-07-23 16:54:25 [requests_oauthlib.oauth1_auth] DEBUG: Updated body: None
2021-07-23 16:54:25 [requests_oauthlib.oauth1_auth] DEBUG: Updated body: None
2021-07-23 16:54:25 [urllib3.connectionpool] DEBUG: Starting new HTTPS connection (1): api.twitter.com:443
2021-07-23 16:54:25 [urllib3.connectionpool] DEBUG: Starting new HTTPS connection (1): api.twitter.com:443
2021-07-23 16:54:26 [urllib3.connectionpool] DEBUG: https://api.twitter.com:443 "GET /1.1/search/tweets.json?q=target&max_id=1418494499505033220&tweet_mode=extended&show_user=True HTTP/1.1" 200 43767
2021-07-23 16:54:26 [urllib3.connectionpool] DEBUG: https://api.twitter.com:443 "GET /1.1/search/tweets.json?q=target&max_id=1418494499505033220&tweet_mode=extended&show_user=True HTTP/1.1" 200 43767
2021-07-23 16:54:26 [tweepy.binder] DEBUG: PARAMS: {'create': b'True'}
2021-07-23 16:54:26 [tweepy.binder] DEBUG: PARAMS: {'create': b'True'}
2021-07-23 16:54:26 [tweepy.binder] DEBUG: PARAMS: {'q': b'target', 'max_id': b'1418494472774692865', 'tweet_mode': b'extended', 'show_user': b'True'}
2021-07-23 16:54:26 [tweepy.binder] DEBUG: PARAMS: {'q': b'target', 'max_id': b'1418494472774692865', 'tweet_mode': b'extended', 'show_user': b'True'}
2021-07-23 16:54:26 [requests_oauthlib.oauth1_auth] DEBUG: Signing request <PreparedRequest [GET]> using client <Client client_key=ioTGfhxK3Fylub82QJmLMB6mB, client_secret=****, resource_owner_key=1372722615991738368-bQ4nwuK0vKY95zAIoIAaeqP44DYg56, resource_owner_secret=****, signature_method=HMAC-SHA1, signature_type=AUTH_HEADER, callback_uri=None, rsa_key=None, verifier=None, realm=None, encoding=utf-8, decoding=None, nonce=None, timestamp=None>
2021-07-23 16:54:26 [requests_oauthlib.oauth1_auth] DEBUG: Signing request <PreparedRequest [GET]> using client <Client client_key=ioTGfhxK3Fylub82QJmLMB6mB, client_secret=****, resource_owner_key=1372722615991738368-bQ4nwuK0vKY95zAIoIAaeqP44DYg56, resource_owner_secret=****, signature_method=HMAC-SHA1, signature_type=AUTH_HEADER, callback_uri=None, rsa_key=None, verifier=None, realm=None, encoding=utf-8, decoding=None, nonce=None, timestamp=None>
2021-07-23 16:54:26 [requests_oauthlib.oauth1_auth] DEBUG: Including body in call to sign: False
2021-07-23 16:54:26 [requests_oauthlib.oauth1_auth] DEBUG: Including body in call to sign: False
2021-07-23 16:54:26 [oauthlib.oauth1.rfc5849] DEBUG: Collected params: [('q', 'target'), ('max_id', '1418494472774692865'), ('tweet_mode', 'extended'), ('show_user', 'True'), ('oauth_nonce', '149609823108698738281627030466'), ('oauth_timestamp', '1627030466'), ('oauth_version', '1.0'), ('oauth_signature_method', 'HMAC-SHA1'), ('oauth_consumer_key', 'ioTGfhxK3Fylub82QJmLMB6mB'), ('oauth_token', '1372722615991738368-bQ4nwuK0vKY95zAIoIAaeqP44DYg56')]
2021-07-23 16:54:26 [oauthlib.oauth1.rfc5849] DEBUG: Collected params: [('q', 'target'), ('max_id', '1418494472774692865'), ('tweet_mode', 'extended'), ('show_user', 'True'), ('oauth_nonce', '149609823108698738281627030466'), ('oauth_timestamp', '1627030466'), ('oauth_version', '1.0'), ('oauth_signature_method', 'HMAC-SHA1'), ('oauth_consumer_key', 'ioTGfhxK3Fylub82QJmLMB6mB'), ('oauth_token', '1372722615991738368-bQ4nwuK0vKY95zAIoIAaeqP44DYg56')]
2021-07-23 16:54:26 [oauthlib.oauth1.rfc5849] DEBUG: Normalized params: max_id=1418494472774692865&oauth_consumer_key=ioTGfhxK3Fylub82QJmLMB6mB&oauth_nonce=149609823108698738281627030466&oauth_signature_method=HMAC-SHA1&oauth_timestamp=1627030466&oauth_token=1372722615991738368-bQ4nwuK0vKY95zAIoIAaeqP44DYg56&oauth_version=1.0&q=target&show_user=True&tweet_mode=extended
2021-07-23 16:54:26 [oauthlib.oauth1.rfc5849] DEBUG: Normalized params: max_id=1418494472774692865&oauth_consumer_key=ioTGfhxK3Fylub82QJmLMB6mB&oauth_nonce=149609823108698738281627030466&oauth_signature_method=HMAC-SHA1&oauth_timestamp=1627030466&oauth_token=1372722615991738368-bQ4nwuK0vKY95zAIoIAaeqP44DYg56&oauth_version=1.0&q=target&show_user=True&tweet_mode=extended
2021-07-23 16:54:26 [oauthlib.oauth1.rfc5849] DEBUG: Normalized URI: https://api.twitter.com/1.1/search/tweets.json
2021-07-23 16:54:26 [oauthlib.oauth1.rfc5849] DEBUG: Normalized URI: https://api.twitter.com/1.1/search/tweets.json
2021-07-23 16:54:26 [oauthlib.oauth1.rfc5849] DEBUG: Signing: signature base string: GET&https%3A%2F%2Fapi.twitter.com%2F1.1%2Fsearch%2Ftweets.json&max_id%3D1418494472774692865%26oauth_consumer_key%3DioTGfhxK3Fylub82QJmLMB6mB%26oauth_nonce%3D149609823108698738281627030466%26oauth_signature_method%3DHMAC-SHA1%26oauth_timestamp%3D1627030466%26oauth_token%3D1372722615991738368-bQ4nwuK0vKY95zAIoIAaeqP44DYg56%26oauth_version%3D1.0%26q%3Dtarget%26show_user%3DTrue%26tweet_mode%3Dextended
2021-07-23 16:54:26 [oauthlib.oauth1.rfc5849] DEBUG: Signing: signature base string: GET&https%3A%2F%2Fapi.twitter.com%2F1.1%2Fsearch%2Ftweets.json&max_id%3D1418494472774692865%26oauth_consumer_key%3DioTGfhxK3Fylub82QJmLMB6mB%26oauth_nonce%3D149609823108698738281627030466%26oauth_signature_method%3DHMAC-SHA1%26oauth_timestamp%3D1627030466%26oauth_token%3D1372722615991738368-bQ4nwuK0vKY95zAIoIAaeqP44DYg56%26oauth_version%3D1.0%26q%3Dtarget%26show_user%3DTrue%26tweet_mode%3Dextended
2021-07-23 16:54:26 [oauthlib.oauth1.rfc5849] DEBUG: Signature: +Az/PrU9loYmeWxsqzW/+T1+t0s=
2021-07-23 16:54:26 [oauthlib.oauth1.rfc5849] DEBUG: Signature: +Az/PrU9loYmeWxsqzW/+T1+t0s=
2021-07-23 16:54:26 [requests_oauthlib.oauth1_auth] DEBUG: Updated url: https://api.twitter.com/1.1/search/tweets.json?q=target&max_id=1418494472774692865&tweet_mode=extended&show_user=True
2021-07-23 16:54:26 [requests_oauthlib.oauth1_auth] DEBUG: Updated url: https://api.twitter.com/1.1/search/tweets.json?q=target&max_id=1418494472774692865&tweet_mode=extended&show_user=True
2021-07-23 16:54:26 [requests_oauthlib.oauth1_auth] DEBUG: Updated headers: {'Host': 'api.twitter.com', 'Cookie': 'guest_id=v1%3A162703045885935782; personalization_id="v1_yj3v0QEJoATPh7G1n1Oawg=="; lang=zh-cn', 'Authorization': 'OAuth oauth_nonce="149609823108698738281627030466", oauth_timestamp="1627030466", oauth_version="1.0", oauth_signature_method="HMAC-SHA1", oauth_consumer_key="ioTGfhxK3Fylub82QJmLMB6mB", oauth_token="1372722615991738368-bQ4nwuK0vKY95zAIoIAaeqP44DYg56", oauth_signature="%2BAz%2FPrU9loYmeWxsqzW%2F%2BT1%2Bt0s%3D"'}
2021-07-23 16:54:26 [requests_oauthlib.oauth1_auth] DEBUG: Updated headers: {'Host': 'api.twitter.com', 'Cookie': 'guest_id=v1%3A162703045885935782; personalization_id="v1_yj3v0QEJoATPh7G1n1Oawg=="; lang=zh-cn', 'Authorization': 'OAuth oauth_nonce="149609823108698738281627030466", oauth_timestamp="1627030466", oauth_version="1.0", oauth_signature_method="HMAC-SHA1", oauth_consumer_key="ioTGfhxK3Fylub82QJmLMB6mB", oauth_token="1372722615991738368-bQ4nwuK0vKY95zAIoIAaeqP44DYg56", oauth_signature="%2BAz%2FPrU9loYmeWxsqzW%2F%2BT1%2Bt0s%3D"'}
2021-07-23 16:54:26 [requests_oauthlib.oauth1_auth] DEBUG: Updated body: None
2021-07-23 16:54:26 [requests_oauthlib.oauth1_auth] DEBUG: Updated body: None
2021-07-23 16:54:26 [urllib3.connectionpool] DEBUG: Starting new HTTPS connection (1): api.twitter.com:443
2021-07-23 16:54:26 [urllib3.connectionpool] DEBUG: Starting new HTTPS connection (1): api.twitter.com:443
2021-07-23 16:54:27 [urllib3.connectionpool] DEBUG: https://api.twitter.com:443 "GET /1.1/search/tweets.json?q=target&max_id=1418494472774692865&tweet_mode=extended&show_user=True HTTP/1.1" 200 55809
2021-07-23 16:54:27 [urllib3.connectionpool] DEBUG: https://api.twitter.com:443 "GET /1.1/search/tweets.json?q=target&max_id=1418494472774692865&tweet_mode=extended&show_user=True HTTP/1.1" 200 55809
2021-07-23 16:54:27 [tweepy.binder] DEBUG: PARAMS: {'create': b'True'}
2021-07-23 16:54:27 [tweepy.binder] DEBUG: PARAMS: {'create': b'True'}
2021-07-23 16:54:27 [tweepy.binder] DEBUG: PARAMS: {'q': b'target', 'max_id': b'1418494417472606207', 'tweet_mode': b'extended', 'show_user': b'True'}
2021-07-23 16:54:27 [tweepy.binder] DEBUG: PARAMS: {'q': b'target', 'max_id': b'1418494417472606207', 'tweet_mode': b'extended', 'show_user': b'True'}
2021-07-23 16:54:27 [requests_oauthlib.oauth1_auth] DEBUG: Signing request <PreparedRequest [GET]> using client <Client client_key=ioTGfhxK3Fylub82QJmLMB6mB, client_secret=****, resource_owner_key=1372722615991738368-bQ4nwuK0vKY95zAIoIAaeqP44DYg56, resource_owner_secret=****, signature_method=HMAC-SHA1, signature_type=AUTH_HEADER, callback_uri=None, rsa_key=None, verifier=None, realm=None, encoding=utf-8, decoding=None, nonce=None, timestamp=None>
2021-07-23 16:54:27 [requests_oauthlib.oauth1_auth] DEBUG: Signing request <PreparedRequest [GET]> using client <Client client_key=ioTGfhxK3Fylub82QJmLMB6mB, client_secret=****, resource_owner_key=1372722615991738368-bQ4nwuK0vKY95zAIoIAaeqP44DYg56, resource_owner_secret=****, signature_method=HMAC-SHA1, signature_type=AUTH_HEADER, callback_uri=None, rsa_key=None, verifier=None, realm=None, encoding=utf-8, decoding=None, nonce=None, timestamp=None>
2021-07-23 16:54:27 [requests_oauthlib.oauth1_auth] DEBUG: Including body in call to sign: False
2021-07-23 16:54:27 [requests_oauthlib.oauth1_auth] DEBUG: Including body in call to sign: False
2021-07-23 16:54:27 [oauthlib.oauth1.rfc5849] DEBUG: Collected params: [('q', 'target'), ('max_id', '1418494417472606207'), ('tweet_mode', 'extended'), ('show_user', 'True'), ('oauth_nonce', '147257372554686742341627030467'), ('oauth_timestamp', '1627030467'), ('oauth_version', '1.0'), ('oauth_signature_method', 'HMAC-SHA1'), ('oauth_consumer_key', 'ioTGfhxK3Fylub82QJmLMB6mB'), ('oauth_token', '1372722615991738368-bQ4nwuK0vKY95zAIoIAaeqP44DYg56')]
2021-07-23 16:54:27 [oauthlib.oauth1.rfc5849] DEBUG: Collected params: [('q', 'target'), ('max_id', '1418494417472606207'), ('tweet_mode', 'extended'), ('show_user', 'True'), ('oauth_nonce', '147257372554686742341627030467'), ('oauth_timestamp', '1627030467'), ('oauth_version', '1.0'), ('oauth_signature_method', 'HMAC-SHA1'), ('oauth_consumer_key', 'ioTGfhxK3Fylub82QJmLMB6mB'), ('oauth_token', '1372722615991738368-bQ4nwuK0vKY95zAIoIAaeqP44DYg56')]
2021-07-23 16:54:27 [oauthlib.oauth1.rfc5849] DEBUG: Normalized params: max_id=1418494417472606207&oauth_consumer_key=ioTGfhxK3Fylub82QJmLMB6mB&oauth_nonce=147257372554686742341627030467&oauth_signature_method=HMAC-SHA1&oauth_timestamp=1627030467&oauth_token=1372722615991738368-bQ4nwuK0vKY95zAIoIAaeqP44DYg56&oauth_version=1.0&q=target&show_user=True&tweet_mode=extended
2021-07-23 16:54:27 [oauthlib.oauth1.rfc5849] DEBUG: Normalized params: max_id=1418494417472606207&oauth_consumer_key=ioTGfhxK3Fylub82QJmLMB6mB&oauth_nonce=147257372554686742341627030467&oauth_signature_method=HMAC-SHA1&oauth_timestamp=1627030467&oauth_token=1372722615991738368-bQ4nwuK0vKY95zAIoIAaeqP44DYg56&oauth_version=1.0&q=target&show_user=True&tweet_mode=extended
2021-07-23 16:54:27 [oauthlib.oauth1.rfc5849] DEBUG: Normalized URI: https://api.twitter.com/1.1/search/tweets.json
2021-07-23 16:54:27 [oauthlib.oauth1.rfc5849] DEBUG: Normalized URI: https://api.twitter.com/1.1/search/tweets.json
2021-07-23 16:54:27 [oauthlib.oauth1.rfc5849] DEBUG: Signing: signature base string: GET&https%3A%2F%2Fapi.twitter.com%2F1.1%2Fsearch%2Ftweets.json&max_id%3D1418494417472606207%26oauth_consumer_key%3DioTGfhxK3Fylub82QJmLMB6mB%26oauth_nonce%3D147257372554686742341627030467%26oauth_signature_method%3DHMAC-SHA1%26oauth_timestamp%3D1627030467%26oauth_token%3D1372722615991738368-bQ4nwuK0vKY95zAIoIAaeqP44DYg56%26oauth_version%3D1.0%26q%3Dtarget%26show_user%3DTrue%26tweet_mode%3Dextended
2021-07-23 16:54:27 [oauthlib.oauth1.rfc5849] DEBUG: Signing: signature base string: GET&https%3A%2F%2Fapi.twitter.com%2F1.1%2Fsearch%2Ftweets.json&max_id%3D1418494417472606207%26oauth_consumer_key%3DioTGfhxK3Fylub82QJmLMB6mB%26oauth_nonce%3D147257372554686742341627030467%26oauth_signature_method%3DHMAC-SHA1%26oauth_timestamp%3D1627030467%26oauth_token%3D1372722615991738368-bQ4nwuK0vKY95zAIoIAaeqP44DYg56%26oauth_version%3D1.0%26q%3Dtarget%26show_user%3DTrue%26tweet_mode%3Dextended
2021-07-23 16:54:27 [oauthlib.oauth1.rfc5849] DEBUG: Signature: XRgynI4AJry4gWYK2omfEZbwieg=
2021-07-23 16:54:27 [oauthlib.oauth1.rfc5849] DEBUG: Signature: XRgynI4AJry4gWYK2omfEZbwieg=
2021-07-23 16:54:27 [requests_oauthlib.oauth1_auth] DEBUG: Updated url: https://api.twitter.com/1.1/search/tweets.json?q=target&max_id=1418494417472606207&tweet_mode=extended&show_user=True
2021-07-23 16:54:27 [requests_oauthlib.oauth1_auth] DEBUG: Updated url: https://api.twitter.com/1.1/search/tweets.json?q=target&max_id=1418494417472606207&tweet_mode=extended&show_user=True
2021-07-23 16:54:27 [requests_oauthlib.oauth1_auth] DEBUG: Updated headers: {'Host': 'api.twitter.com', 'Cookie': 'guest_id=v1%3A162703045885935782; personalization_id="v1_yj3v0QEJoATPh7G1n1Oawg=="; lang=zh-cn', 'Authorization': 'OAuth oauth_nonce="147257372554686742341627030467", oauth_timestamp="1627030467", oauth_version="1.0", oauth_signature_method="HMAC-SHA1", oauth_consumer_key="ioTGfhxK3Fylub82QJmLMB6mB", oauth_token="1372722615991738368-bQ4nwuK0vKY95zAIoIAaeqP44DYg56", oauth_signature="XRgynI4AJry4gWYK2omfEZbwieg%3D"'}
2021-07-23 16:54:27 [requests_oauthlib.oauth1_auth] DEBUG: Updated headers: {'Host': 'api.twitter.com', 'Cookie': 'guest_id=v1%3A162703045885935782; personalization_id="v1_yj3v0QEJoATPh7G1n1Oawg=="; lang=zh-cn', 'Authorization': 'OAuth oauth_nonce="147257372554686742341627030467", oauth_timestamp="1627030467", oauth_version="1.0", oauth_signature_method="HMAC-SHA1", oauth_consumer_key="ioTGfhxK3Fylub82QJmLMB6mB", oauth_token="1372722615991738368-bQ4nwuK0vKY95zAIoIAaeqP44DYg56", oauth_signature="XRgynI4AJry4gWYK2omfEZbwieg%3D"'}
2021-07-23 16:54:27 [requests_oauthlib.oauth1_auth] DEBUG: Updated body: None
2021-07-23 16:54:27 [requests_oauthlib.oauth1_auth] DEBUG: Updated body: None
2021-07-23 16:54:27 [urllib3.connectionpool] DEBUG: Starting new HTTPS connection (1): api.twitter.com:443
2021-07-23 16:54:27 [urllib3.connectionpool] DEBUG: Starting new HTTPS connection (1): api.twitter.com:443
2021-07-23 16:54:28 [urllib3.connectionpool] DEBUG: https://api.twitter.com:443 "GET /1.1/search/tweets.json?q=target&max_id=1418494417472606207&tweet_mode=extended&show_user=True HTTP/1.1" 200 45518
2021-07-23 16:54:28 [urllib3.connectionpool] DEBUG: https://api.twitter.com:443 "GET /1.1/search/tweets.json?q=target&max_id=1418494417472606207&tweet_mode=extended&show_user=True HTTP/1.1" 200 45518
2021-07-23 16:54:29 [tweepy.binder] DEBUG: PARAMS: {'create': b'True'}
2021-07-23 16:54:29 [tweepy.binder] DEBUG: PARAMS: {'create': b'True'}
2021-07-23 16:54:29 [tweepy.binder] DEBUG: PARAMS: {'q': b'target', 'max_id': b'1418494367698849791', 'tweet_mode': b'extended', 'show_user': b'True'}
2021-07-23 16:54:29 [tweepy.binder] DEBUG: PARAMS: {'q': b'target', 'max_id': b'1418494367698849791', 'tweet_mode': b'extended', 'show_user': b'True'}
2021-07-23 16:54:29 [requests_oauthlib.oauth1_auth] DEBUG: Signing request <PreparedRequest [GET]> using client <Client client_key=ioTGfhxK3Fylub82QJmLMB6mB, client_secret=****, resource_owner_key=1372722615991738368-bQ4nwuK0vKY95zAIoIAaeqP44DYg56, resource_owner_secret=****, signature_method=HMAC-SHA1, signature_type=AUTH_HEADER, callback_uri=None, rsa_key=None, verifier=None, realm=None, encoding=utf-8, decoding=None, nonce=None, timestamp=None>
2021-07-23 16:54:29 [requests_oauthlib.oauth1_auth] DEBUG: Signing request <PreparedRequest [GET]> using client <Client client_key=ioTGfhxK3Fylub82QJmLMB6mB, client_secret=****, resource_owner_key=1372722615991738368-bQ4nwuK0vKY95zAIoIAaeqP44DYg56, resource_owner_secret=****, signature_method=HMAC-SHA1, signature_type=AUTH_HEADER, callback_uri=None, rsa_key=None, verifier=None, realm=None, encoding=utf-8, decoding=None, nonce=None, timestamp=None>
2021-07-23 16:54:29 [requests_oauthlib.oauth1_auth] DEBUG: Including body in call to sign: False
2021-07-23 16:54:29 [requests_oauthlib.oauth1_auth] DEBUG: Including body in call to sign: False
2021-07-23 16:54:29 [oauthlib.oauth1.rfc5849] DEBUG: Collected params: [('q', 'target'), ('max_id', '1418494367698849791'), ('tweet_mode', 'extended'), ('show_user', 'True'), ('oauth_nonce', '160106827515805367981627030469'), ('oauth_timestamp', '1627030469'), ('oauth_version', '1.0'), ('oauth_signature_method', 'HMAC-SHA1'), ('oauth_consumer_key', 'ioTGfhxK3Fylub82QJmLMB6mB'), ('oauth_token', '1372722615991738368-bQ4nwuK0vKY95zAIoIAaeqP44DYg56')]
2021-07-23 16:54:29 [oauthlib.oauth1.rfc5849] DEBUG: Collected params: [('q', 'target'), ('max_id', '1418494367698849791'), ('tweet_mode', 'extended'), ('show_user', 'True'), ('oauth_nonce', '160106827515805367981627030469'), ('oauth_timestamp', '1627030469'), ('oauth_version', '1.0'), ('oauth_signature_method', 'HMAC-SHA1'), ('oauth_consumer_key', 'ioTGfhxK3Fylub82QJmLMB6mB'), ('oauth_token', '1372722615991738368-bQ4nwuK0vKY95zAIoIAaeqP44DYg56')]
2021-07-23 16:54:29 [oauthlib.oauth1.rfc5849] DEBUG: Normalized params: max_id=1418494367698849791&oauth_consumer_key=ioTGfhxK3Fylub82QJmLMB6mB&oauth_nonce=160106827515805367981627030469&oauth_signature_method=HMAC-SHA1&oauth_timestamp=1627030469&oauth_token=1372722615991738368-bQ4nwuK0vKY95zAIoIAaeqP44DYg56&oauth_version=1.0&q=target&show_user=True&tweet_mode=extended
2021-07-23 16:54:29 [oauthlib.oauth1.rfc5849] DEBUG: Normalized params: max_id=1418494367698849791&oauth_consumer_key=ioTGfhxK3Fylub82QJmLMB6mB&oauth_nonce=160106827515805367981627030469&oauth_signature_method=HMAC-SHA1&oauth_timestamp=1627030469&oauth_token=1372722615991738368-bQ4nwuK0vKY95zAIoIAaeqP44DYg56&oauth_version=1.0&q=target&show_user=True&tweet_mode=extended
2021-07-23 16:54:29 [oauthlib.oauth1.rfc5849] DEBUG: Normalized URI: https://api.twitter.com/1.1/search/tweets.json
2021-07-23 16:54:29 [oauthlib.oauth1.rfc5849] DEBUG: Normalized URI: https://api.twitter.com/1.1/search/tweets.json
2021-07-23 16:54:29 [oauthlib.oauth1.rfc5849] DEBUG: Signing: signature base string: GET&https%3A%2F%2Fapi.twitter.com%2F1.1%2Fsearch%2Ftweets.json&max_id%3D1418494367698849791%26oauth_consumer_key%3DioTGfhxK3Fylub82QJmLMB6mB%26oauth_nonce%3D160106827515805367981627030469%26oauth_signature_method%3DHMAC-SHA1%26oauth_timestamp%3D1627030469%26oauth_token%3D1372722615991738368-bQ4nwuK0vKY95zAIoIAaeqP44DYg56%26oauth_version%3D1.0%26q%3Dtarget%26show_user%3DTrue%26tweet_mode%3Dextended
2021-07-23 16:54:29 [oauthlib.oauth1.rfc5849] DEBUG: Signing: signature base string: GET&https%3A%2F%2Fapi.twitter.com%2F1.1%2Fsearch%2Ftweets.json&max_id%3D1418494367698849791%26oauth_consumer_key%3DioTGfhxK3Fylub82QJmLMB6mB%26oauth_nonce%3D160106827515805367981627030469%26oauth_signature_method%3DHMAC-SHA1%26oauth_timestamp%3D1627030469%26oauth_token%3D1372722615991738368-bQ4nwuK0vKY95zAIoIAaeqP44DYg56%26oauth_version%3D1.0%26q%3Dtarget%26show_user%3DTrue%26tweet_mode%3Dextended
2021-07-23 16:54:29 [oauthlib.oauth1.rfc5849] DEBUG: Signature: uefA//MuRcnXQQs5+4LSHVmttJo=
2021-07-23 16:54:29 [oauthlib.oauth1.rfc5849] DEBUG: Signature: uefA//MuRcnXQQs5+4LSHVmttJo=
2021-07-23 16:54:29 [requests_oauthlib.oauth1_auth] DEBUG: Updated url: https://api.twitter.com/1.1/search/tweets.json?q=target&max_id=1418494367698849791&tweet_mode=extended&show_user=True
2021-07-23 16:54:29 [requests_oauthlib.oauth1_auth] DEBUG: Updated url: https://api.twitter.com/1.1/search/tweets.json?q=target&max_id=1418494367698849791&tweet_mode=extended&show_user=True
2021-07-23 16:54:29 [requests_oauthlib.oauth1_auth] DEBUG: Updated headers: {'Host': 'api.twitter.com', 'Cookie': 'guest_id=v1%3A162703045885935782; personalization_id="v1_yj3v0QEJoATPh7G1n1Oawg=="; lang=zh-cn', 'Authorization': 'OAuth oauth_nonce="160106827515805367981627030469", oauth_timestamp="1627030469", oauth_version="1.0", oauth_signature_method="HMAC-SHA1", oauth_consumer_key="ioTGfhxK3Fylub82QJmLMB6mB", oauth_token="1372722615991738368-bQ4nwuK0vKY95zAIoIAaeqP44DYg56", oauth_signature="uefA%2F%2FMuRcnXQQs5%2B4LSHVmttJo%3D"'}
2021-07-23 16:54:29 [requests_oauthlib.oauth1_auth] DEBUG: Updated headers: {'Host': 'api.twitter.com', 'Cookie': 'guest_id=v1%3A162703045885935782; personalization_id="v1_yj3v0QEJoATPh7G1n1Oawg=="; lang=zh-cn', 'Authorization': 'OAuth oauth_nonce="160106827515805367981627030469", oauth_timestamp="1627030469", oauth_version="1.0", oauth_signature_method="HMAC-SHA1", oauth_consumer_key="ioTGfhxK3Fylub82QJmLMB6mB", oauth_token="1372722615991738368-bQ4nwuK0vKY95zAIoIAaeqP44DYg56", oauth_signature="uefA%2F%2FMuRcnXQQs5%2B4LSHVmttJo%3D"'}
2021-07-23 16:54:29 [requests_oauthlib.oauth1_auth] DEBUG: Updated body: None
2021-07-23 16:54:29 [requests_oauthlib.oauth1_auth] DEBUG: Updated body: None
2021-07-23 16:54:29 [urllib3.connectionpool] DEBUG: Starting new HTTPS connection (1): api.twitter.com:443
2021-07-23 16:54:29 [urllib3.connectionpool] DEBUG: Starting new HTTPS connection (1): api.twitter.com:443
2021-07-23 16:54:30 [urllib3.connectionpool] DEBUG: https://api.twitter.com:443 "GET /1.1/search/tweets.json?q=target&max_id=1418494367698849791&tweet_mode=extended&show_user=True HTTP/1.1" 200 47658
2021-07-23 16:54:30 [urllib3.connectionpool] DEBUG: https://api.twitter.com:443 "GET /1.1/search/tweets.json?q=target&max_id=1418494367698849791&tweet_mode=extended&show_user=True HTTP/1.1" 200 47658
2021-07-23 16:54:30 [tweepy.binder] DEBUG: PARAMS: {'create': b'True'}
2021-07-23 16:54:30 [tweepy.binder] DEBUG: PARAMS: {'create': b'True'}
2021-07-23 16:54:30 [tweepy.binder] DEBUG: PARAMS: {'q': b'target', 'max_id': b'1418494313869234176', 'tweet_mode': b'extended', 'show_user': b'True'}
2021-07-23 16:54:30 [tweepy.binder] DEBUG: PARAMS: {'q': b'target', 'max_id': b'1418494313869234176', 'tweet_mode': b'extended', 'show_user': b'True'}
2021-07-23 16:54:30 [requests_oauthlib.oauth1_auth] DEBUG: Signing request <PreparedRequest [GET]> using client <Client client_key=ioTGfhxK3Fylub82QJmLMB6mB, client_secret=****, resource_owner_key=1372722615991738368-bQ4nwuK0vKY95zAIoIAaeqP44DYg56, resource_owner_secret=****, signature_method=HMAC-SHA1, signature_type=AUTH_HEADER, callback_uri=None, rsa_key=None, verifier=None, realm=None, encoding=utf-8, decoding=None, nonce=None, timestamp=None>
2021-07-23 16:54:30 [requests_oauthlib.oauth1_auth] DEBUG: Signing request <PreparedRequest [GET]> using client <Client client_key=ioTGfhxK3Fylub82QJmLMB6mB, client_secret=****, resource_owner_key=1372722615991738368-bQ4nwuK0vKY95zAIoIAaeqP44DYg56, resource_owner_secret=****, signature_method=HMAC-SHA1, signature_type=AUTH_HEADER, callback_uri=None, rsa_key=None, verifier=None, realm=None, encoding=utf-8, decoding=None, nonce=None, timestamp=None>
2021-07-23 16:54:30 [requests_oauthlib.oauth1_auth] DEBUG: Including body in call to sign: False
2021-07-23 16:54:30 [requests_oauthlib.oauth1_auth] DEBUG: Including body in call to sign: False
2021-07-23 16:54:30 [oauthlib.oauth1.rfc5849] DEBUG: Collected params: [('q', 'target'), ('max_id', '1418494313869234176'), ('tweet_mode', 'extended'), ('show_user', 'True'), ('oauth_nonce', '71089227145065570821627030470'), ('oauth_timestamp', '1627030470'), ('oauth_version', '1.0'), ('oauth_signature_method', 'HMAC-SHA1'), ('oauth_consumer_key', 'ioTGfhxK3Fylub82QJmLMB6mB'), ('oauth_token', '1372722615991738368-bQ4nwuK0vKY95zAIoIAaeqP44DYg56')]
2021-07-23 16:54:30 [oauthlib.oauth1.rfc5849] DEBUG: Collected params: [('q', 'target'), ('max_id', '1418494313869234176'), ('tweet_mode', 'extended'), ('show_user', 'True'), ('oauth_nonce', '71089227145065570821627030470'), ('oauth_timestamp', '1627030470'), ('oauth_version', '1.0'), ('oauth_signature_method', 'HMAC-SHA1'), ('oauth_consumer_key', 'ioTGfhxK3Fylub82QJmLMB6mB'), ('oauth_token', '1372722615991738368-bQ4nwuK0vKY95zAIoIAaeqP44DYg56')]
2021-07-23 16:54:30 [oauthlib.oauth1.rfc5849] DEBUG: Normalized params: max_id=1418494313869234176&oauth_consumer_key=ioTGfhxK3Fylub82QJmLMB6mB&oauth_nonce=71089227145065570821627030470&oauth_signature_method=HMAC-SHA1&oauth_timestamp=1627030470&oauth_token=1372722615991738368-bQ4nwuK0vKY95zAIoIAaeqP44DYg56&oauth_version=1.0&q=target&show_user=True&tweet_mode=extended
2021-07-23 16:54:30 [oauthlib.oauth1.rfc5849] DEBUG: Normalized params: max_id=1418494313869234176&oauth_consumer_key=ioTGfhxK3Fylub82QJmLMB6mB&oauth_nonce=71089227145065570821627030470&oauth_signature_method=HMAC-SHA1&oauth_timestamp=1627030470&oauth_token=1372722615991738368-bQ4nwuK0vKY95zAIoIAaeqP44DYg56&oauth_version=1.0&q=target&show_user=True&tweet_mode=extended
2021-07-23 16:54:30 [oauthlib.oauth1.rfc5849] DEBUG: Normalized URI: https://api.twitter.com/1.1/search/tweets.json
2021-07-23 16:54:30 [oauthlib.oauth1.rfc5849] DEBUG: Normalized URI: https://api.twitter.com/1.1/search/tweets.json
2021-07-23 16:54:30 [oauthlib.oauth1.rfc5849] DEBUG: Signing: signature base string: GET&https%3A%2F%2Fapi.twitter.com%2F1.1%2Fsearch%2Ftweets.json&max_id%3D1418494313869234176%26oauth_consumer_key%3DioTGfhxK3Fylub82QJmLMB6mB%26oauth_nonce%3D71089227145065570821627030470%26oauth_signature_method%3DHMAC-SHA1%26oauth_timestamp%3D1627030470%26oauth_token%3D1372722615991738368-bQ4nwuK0vKY95zAIoIAaeqP44DYg56%26oauth_version%3D1.0%26q%3Dtarget%26show_user%3DTrue%26tweet_mode%3Dextended
2021-07-23 16:54:30 [oauthlib.oauth1.rfc5849] DEBUG: Signing: signature base string: GET&https%3A%2F%2Fapi.twitter.com%2F1.1%2Fsearch%2Ftweets.json&max_id%3D1418494313869234176%26oauth_consumer_key%3DioTGfhxK3Fylub82QJmLMB6mB%26oauth_nonce%3D71089227145065570821627030470%26oauth_signature_method%3DHMAC-SHA1%26oauth_timestamp%3D1627030470%26oauth_token%3D1372722615991738368-bQ4nwuK0vKY95zAIoIAaeqP44DYg56%26oauth_version%3D1.0%26q%3Dtarget%26show_user%3DTrue%26tweet_mode%3Dextended
2021-07-23 16:54:30 [oauthlib.oauth1.rfc5849] DEBUG: Signature: tHWQPat4GlB5zufU//4fWrQMHg4=
2021-07-23 16:54:30 [oauthlib.oauth1.rfc5849] DEBUG: Signature: tHWQPat4GlB5zufU//4fWrQMHg4=
2021-07-23 16:54:30 [requests_oauthlib.oauth1_auth] DEBUG: Updated url: https://api.twitter.com/1.1/search/tweets.json?q=target&max_id=1418494313869234176&tweet_mode=extended&show_user=True
2021-07-23 16:54:30 [requests_oauthlib.oauth1_auth] DEBUG: Updated url: https://api.twitter.com/1.1/search/tweets.json?q=target&max_id=1418494313869234176&tweet_mode=extended&show_user=True
2021-07-23 16:54:30 [requests_oauthlib.oauth1_auth] DEBUG: Updated headers: {'Host': 'api.twitter.com', 'Cookie': 'guest_id=v1%3A162703045885935782; personalization_id="v1_yj3v0QEJoATPh7G1n1Oawg=="; lang=zh-cn', 'Authorization': 'OAuth oauth_nonce="71089227145065570821627030470", oauth_timestamp="1627030470", oauth_version="1.0", oauth_signature_method="HMAC-SHA1", oauth_consumer_key="ioTGfhxK3Fylub82QJmLMB6mB", oauth_token="1372722615991738368-bQ4nwuK0vKY95zAIoIAaeqP44DYg56", oauth_signature="tHWQPat4GlB5zufU%2F%2F4fWrQMHg4%3D"'}
2021-07-23 16:54:30 [requests_oauthlib.oauth1_auth] DEBUG: Updated headers: {'Host': 'api.twitter.com', 'Cookie': 'guest_id=v1%3A162703045885935782; personalization_id="v1_yj3v0QEJoATPh7G1n1Oawg=="; lang=zh-cn', 'Authorization': 'OAuth oauth_nonce="71089227145065570821627030470", oauth_timestamp="1627030470", oauth_version="1.0", oauth_signature_method="HMAC-SHA1", oauth_consumer_key="ioTGfhxK3Fylub82QJmLMB6mB", oauth_token="1372722615991738368-bQ4nwuK0vKY95zAIoIAaeqP44DYg56", oauth_signature="tHWQPat4GlB5zufU%2F%2F4fWrQMHg4%3D"'}
2021-07-23 16:54:30 [requests_oauthlib.oauth1_auth] DEBUG: Updated body: None
2021-07-23 16:54:30 [requests_oauthlib.oauth1_auth] DEBUG: Updated body: None
2021-07-23 16:54:30 [urllib3.connectionpool] DEBUG: Starting new HTTPS connection (1): api.twitter.com:443
2021-07-23 16:54:30 [urllib3.connectionpool] DEBUG: Starting new HTTPS connection (1): api.twitter.com:443
2021-07-23 16:54:31 [urllib3.connectionpool] DEBUG: https://api.twitter.com:443 "GET /1.1/search/tweets.json?q=target&max_id=1418494313869234176&tweet_mode=extended&show_user=True HTTP/1.1" 200 67400
2021-07-23 16:54:31 [urllib3.connectionpool] DEBUG: https://api.twitter.com:443 "GET /1.1/search/tweets.json?q=target&max_id=1418494313869234176&tweet_mode=extended&show_user=True HTTP/1.1" 200 67400
2021-07-23 16:54:31 [tweepy.binder] DEBUG: PARAMS: {'create': b'True'}
2021-07-23 16:54:31 [tweepy.binder] DEBUG: PARAMS: {'create': b'True'}
2021-07-23 16:54:31 [tweepy.binder] DEBUG: PARAMS: {'q': b'target', 'max_id': b'1418494273478070272', 'tweet_mode': b'extended', 'show_user': b'True'}
2021-07-23 16:54:31 [tweepy.binder] DEBUG: PARAMS: {'q': b'target', 'max_id': b'1418494273478070272', 'tweet_mode': b'extended', 'show_user': b'True'}
2021-07-23 16:54:31 [requests_oauthlib.oauth1_auth] DEBUG: Signing request <PreparedRequest [GET]> using client <Client client_key=ioTGfhxK3Fylub82QJmLMB6mB, client_secret=****, resource_owner_key=1372722615991738368-bQ4nwuK0vKY95zAIoIAaeqP44DYg56, resource_owner_secret=****, signature_method=HMAC-SHA1, signature_type=AUTH_HEADER, callback_uri=None, rsa_key=None, verifier=None, realm=None, encoding=utf-8, decoding=None, nonce=None, timestamp=None>
2021-07-23 16:54:31 [requests_oauthlib.oauth1_auth] DEBUG: Signing request <PreparedRequest [GET]> using client <Client client_key=ioTGfhxK3Fylub82QJmLMB6mB, client_secret=****, resource_owner_key=1372722615991738368-bQ4nwuK0vKY95zAIoIAaeqP44DYg56, resource_owner_secret=****, signature_method=HMAC-SHA1, signature_type=AUTH_HEADER, callback_uri=None, rsa_key=None, verifier=None, realm=None, encoding=utf-8, decoding=None, nonce=None, timestamp=None>
2021-07-23 16:54:31 [requests_oauthlib.oauth1_auth] DEBUG: Including body in call to sign: False
2021-07-23 16:54:31 [requests_oauthlib.oauth1_auth] DEBUG: Including body in call to sign: False
2021-07-23 16:54:31 [oauthlib.oauth1.rfc5849] DEBUG: Collected params: [('q', 'target'), ('max_id', '1418494273478070272'), ('tweet_mode', 'extended'), ('show_user', 'True'), ('oauth_nonce', '16993246612338716751627030471'), ('oauth_timestamp', '1627030471'), ('oauth_version', '1.0'), ('oauth_signature_method', 'HMAC-SHA1'), ('oauth_consumer_key', 'ioTGfhxK3Fylub82QJmLMB6mB'), ('oauth_token', '1372722615991738368-bQ4nwuK0vKY95zAIoIAaeqP44DYg56')]
2021-07-23 16:54:31 [oauthlib.oauth1.rfc5849] DEBUG: Collected params: [('q', 'target'), ('max_id', '1418494273478070272'), ('tweet_mode', 'extended'), ('show_user', 'True'), ('oauth_nonce', '16993246612338716751627030471'), ('oauth_timestamp', '1627030471'), ('oauth_version', '1.0'), ('oauth_signature_method', 'HMAC-SHA1'), ('oauth_consumer_key', 'ioTGfhxK3Fylub82QJmLMB6mB'), ('oauth_token', '1372722615991738368-bQ4nwuK0vKY95zAIoIAaeqP44DYg56')]
2021-07-23 16:54:31 [oauthlib.oauth1.rfc5849] DEBUG: Normalized params: max_id=1418494273478070272&oauth_consumer_key=ioTGfhxK3Fylub82QJmLMB6mB&oauth_nonce=16993246612338716751627030471&oauth_signature_method=HMAC-SHA1&oauth_timestamp=1627030471&oauth_token=1372722615991738368-bQ4nwuK0vKY95zAIoIAaeqP44DYg56&oauth_version=1.0&q=target&show_user=True&tweet_mode=extended
2021-07-23 16:54:31 [oauthlib.oauth1.rfc5849] DEBUG: Normalized params: max_id=1418494273478070272&oauth_consumer_key=ioTGfhxK3Fylub82QJmLMB6mB&oauth_nonce=16993246612338716751627030471&oauth_signature_method=HMAC-SHA1&oauth_timestamp=1627030471&oauth_token=1372722615991738368-bQ4nwuK0vKY95zAIoIAaeqP44DYg56&oauth_version=1.0&q=target&show_user=True&tweet_mode=extended
2021-07-23 16:54:31 [oauthlib.oauth1.rfc5849] DEBUG: Normalized URI: https://api.twitter.com/1.1/search/tweets.json
2021-07-23 16:54:31 [oauthlib.oauth1.rfc5849] DEBUG: Normalized URI: https://api.twitter.com/1.1/search/tweets.json
2021-07-23 16:54:31 [oauthlib.oauth1.rfc5849] DEBUG: Signing: signature base string: GET&https%3A%2F%2Fapi.twitter.com%2F1.1%2Fsearch%2Ftweets.json&max_id%3D1418494273478070272%26oauth_consumer_key%3DioTGfhxK3Fylub82QJmLMB6mB%26oauth_nonce%3D16993246612338716751627030471%26oauth_signature_method%3DHMAC-SHA1%26oauth_timestamp%3D1627030471%26oauth_token%3D1372722615991738368-bQ4nwuK0vKY95zAIoIAaeqP44DYg56%26oauth_version%3D1.0%26q%3Dtarget%26show_user%3DTrue%26tweet_mode%3Dextended
2021-07-23 16:54:31 [oauthlib.oauth1.rfc5849] DEBUG: Signing: signature base string: GET&https%3A%2F%2Fapi.twitter.com%2F1.1%2Fsearch%2Ftweets.json&max_id%3D1418494273478070272%26oauth_consumer_key%3DioTGfhxK3Fylub82QJmLMB6mB%26oauth_nonce%3D16993246612338716751627030471%26oauth_signature_method%3DHMAC-SHA1%26oauth_timestamp%3D1627030471%26oauth_token%3D1372722615991738368-bQ4nwuK0vKY95zAIoIAaeqP44DYg56%26oauth_version%3D1.0%26q%3Dtarget%26show_user%3DTrue%26tweet_mode%3Dextended
2021-07-23 16:54:31 [oauthlib.oauth1.rfc5849] DEBUG: Signature: L5xWaJuWfmNmGoCmeNKBx9B0dio=
2021-07-23 16:54:31 [oauthlib.oauth1.rfc5849] DEBUG: Signature: L5xWaJuWfmNmGoCmeNKBx9B0dio=
2021-07-23 16:54:31 [requests_oauthlib.oauth1_auth] DEBUG: Updated url: https://api.twitter.com/1.1/search/tweets.json?q=target&max_id=1418494273478070272&tweet_mode=extended&show_user=True
2021-07-23 16:54:31 [requests_oauthlib.oauth1_auth] DEBUG: Updated url: https://api.twitter.com/1.1/search/tweets.json?q=target&max_id=1418494273478070272&tweet_mode=extended&show_user=True
2021-07-23 16:54:31 [requests_oauthlib.oauth1_auth] DEBUG: Updated headers: {'Host': 'api.twitter.com', 'Cookie': 'guest_id=v1%3A162703045885935782; personalization_id="v1_yj3v0QEJoATPh7G1n1Oawg=="; lang=zh-cn', 'Authorization': 'OAuth oauth_nonce="16993246612338716751627030471", oauth_timestamp="1627030471", oauth_version="1.0", oauth_signature_method="HMAC-SHA1", oauth_consumer_key="ioTGfhxK3Fylub82QJmLMB6mB", oauth_token="1372722615991738368-bQ4nwuK0vKY95zAIoIAaeqP44DYg56", oauth_signature="L5xWaJuWfmNmGoCmeNKBx9B0dio%3D"'}
2021-07-23 16:54:31 [requests_oauthlib.oauth1_auth] DEBUG: Updated headers: {'Host': 'api.twitter.com', 'Cookie': 'guest_id=v1%3A162703045885935782; personalization_id="v1_yj3v0QEJoATPh7G1n1Oawg=="; lang=zh-cn', 'Authorization': 'OAuth oauth_nonce="16993246612338716751627030471", oauth_timestamp="1627030471", oauth_version="1.0", oauth_signature_method="HMAC-SHA1", oauth_consumer_key="ioTGfhxK3Fylub82QJmLMB6mB", oauth_token="1372722615991738368-bQ4nwuK0vKY95zAIoIAaeqP44DYg56", oauth_signature="L5xWaJuWfmNmGoCmeNKBx9B0dio%3D"'}
2021-07-23 16:54:31 [requests_oauthlib.oauth1_auth] DEBUG: Updated body: None
2021-07-23 16:54:31 [requests_oauthlib.oauth1_auth] DEBUG: Updated body: None
2021-07-23 16:54:31 [urllib3.connectionpool] DEBUG: Starting new HTTPS connection (1): api.twitter.com:443
2021-07-23 16:54:31 [urllib3.connectionpool] DEBUG: Starting new HTTPS connection (1): api.twitter.com:443
2021-07-23 16:54:32 [urllib3.connectionpool] DEBUG: https://api.twitter.com:443 "GET /1.1/search/tweets.json?q=target&max_id=1418494273478070272&tweet_mode=extended&show_user=True HTTP/1.1" 200 44203
2021-07-23 16:54:32 [urllib3.connectionpool] DEBUG: https://api.twitter.com:443 "GET /1.1/search/tweets.json?q=target&max_id=1418494273478070272&tweet_mode=extended&show_user=True HTTP/1.1" 200 44203
2021-07-23 16:54:33 [tweepy.binder] DEBUG: PARAMS: {'create': b'True'}
2021-07-23 16:54:33 [tweepy.binder] DEBUG: PARAMS: {'create': b'True'}
2021-07-23 16:54:33 [scrapy.core.scraper] DEBUG: Scraped from <302 https://twitter.com/explore>
{'keyword': 'target'}
2021-07-23 16:54:33 [scrapy.core.scraper] DEBUG: Scraped from <302 https://twitter.com/explore>
{'keyword': 'target'}
2021-07-23 16:54:33 [scrapy.core.engine] INFO: Closing spider (finished)
2021-07-23 16:54:33 [scrapy.core.engine] INFO: Closing spider (finished)
2021-07-23 16:54:33 [scrapy.statscollectors] INFO: Dumping Scrapy stats:
{'downloader/request_bytes': 390,
 'downloader/request_count': 1,
 'downloader/request_method_count/GET': 1,
 'downloader/response_bytes': 642,
 'downloader/response_count': 1,
 'downloader/response_status_count/302': 1,
 'elapsed_time_seconds': 15.748216,
 'finish_reason': 'finished',
 'finish_time': datetime.datetime(2021, 7, 23, 8, 54, 33, 21667),
 'item_scraped_count': 1,
 'log_count/CRITICAL': 2,
 'log_count/DEBUG': 156,
 'log_count/INFO': 21,
 'log_count/WARNING': 1,
 'response_received_count': 1,
 'scheduler/dequeued': 1,
 'scheduler/dequeued/memory': 1,
 'scheduler/enqueued': 1,
 'scheduler/enqueued/memory': 1,
 'start_time': datetime.datetime(2021, 7, 23, 8, 54, 17, 273451)}
2021-07-23 16:54:33 [scrapy.statscollectors] INFO: Dumping Scrapy stats:
{'downloader/request_bytes': 390,
 'downloader/request_count': 1,
 'downloader/request_method_count/GET': 1,
 'downloader/response_bytes': 642,
 'downloader/response_count': 1,
 'downloader/response_status_count/302': 1,
 'elapsed_time_seconds': 15.748216,
 'finish_reason': 'finished',
 'finish_time': datetime.datetime(2021, 7, 23, 8, 54, 33, 21667),
 'item_scraped_count': 1,
 'log_count/CRITICAL': 2,
 'log_count/DEBUG': 156,
 'log_count/INFO': 21,
 'log_count/WARNING': 1,
 'response_received_count': 1,
 'scheduler/dequeued': 1,
 'scheduler/dequeued/memory': 1,
 'scheduler/enqueued': 1,
 'scheduler/enqueued/memory': 1,
 'start_time': datetime.datetime(2021, 7, 23, 8, 54, 17, 273451)}
2021-07-23 16:54:33 [scrapy.core.engine] INFO: Spider closed (finished)
2021-07-23 16:54:33 [scrapy.core.engine] INFO: Spider closed (finished)
2021-07-23 16:54:33 [scrapy.downloadermiddlewares.retry] DEBUG: Retrying <GET https://nasasearch.nasa.gov/search?query=target&affiliate=nasa&utf8=%E2%9C%93> (failed 1 times): [<twisted.python.failure.Failure twisted.internet.error.ConnectionLost: Connection to the other side was lost in a non-clean fashion: Connection lost.>]
2021-07-23 16:54:33 [scrapy.downloadermiddlewares.retry] DEBUG: Retrying <GET https://nasasearch.nasa.gov/search?query=target&affiliate=nasa&utf8=%E2%9C%93> (failed 1 times): [<twisted.python.failure.Failure twisted.internet.error.ConnectionLost: Connection to the other side was lost in a non-clean fashion: Connection lost.>]
