2021-07-23 20:01:21 [scrapy.utils.log] INFO: Scrapy 2.5.0 started (bot: TextProcessorScrapy)
2021-07-23 20:01:21 [scrapy.utils.log] INFO: Versions: lxml 4.6.3.0, libxml2 2.9.5, cssselect 1.1.0, parsel 1.6.0, w3lib 1.22.0, Twisted 21.2.0, Python 3.7.9 (default, Aug 31 2020, 17:10:11) [MSC v.1916 64 bit (AMD64)], pyOpenSSL 20.0.1 (OpenSSL 1.1.1k  25 Mar 2021), cryptography 3.4.7, Platform Windows-10-10.0.19041-SP0
2021-07-23 20:01:21 [scrapy.utils.log] DEBUG: Using reactor: twisted.internet.selectreactor.SelectReactor
2021-07-23 20:01:21 [scrapy.crawler] INFO: Overridden settings:
{'BOT_NAME': 'TextProcessorScrapy',
 'CONCURRENT_REQUESTS': 1,
 'CONCURRENT_REQUESTS_PER_DOMAIN': 32,
 'CONCURRENT_REQUESTS_PER_IP': 128,
 'COOKIES_ENABLED': False,
 'DOWNLOAD_DELAY': 2,
 'LOG_FILE': '../log/scrapy_2021_7_23_56.log',
 'NEWSPIDER_MODULE': 'TextProcessorScrapy.spiders',
 'REACTOR_THREADPOOL_MAXSIZE': 20,
 'REDIRECT_ENABLED': False,
 'SPIDER_MODULES': ['TextProcessorScrapy.spiders']}
2021-07-23 20:01:21 [scrapy.extensions.telnet] INFO: Telnet Password: 6b33fffadddfcc84
2021-07-23 20:01:21 [scrapy.middleware] INFO: Enabled extensions:
['scrapy.extensions.corestats.CoreStats',
 'scrapy.extensions.telnet.TelnetConsole',
 'scrapy.extensions.logstats.LogStats']
2021-07-23 20:01:22 [scrapy.middleware] INFO: Enabled downloader middlewares:
['scrapy.downloadermiddlewares.httpauth.HttpAuthMiddleware',
 'scrapy.downloadermiddlewares.downloadtimeout.DownloadTimeoutMiddleware',
 'scrapy.downloadermiddlewares.defaultheaders.DefaultHeadersMiddleware',
 'scrapy.downloadermiddlewares.useragent.UserAgentMiddleware',
 'TextProcessorScrapy.middlewares.RandomUserAgentMiddleware',
 'TextProcessorScrapy.middlewares.HsNasaDownloaderMiddleware',
 'scrapy.downloadermiddlewares.retry.RetryMiddleware',
 'scrapy.downloadermiddlewares.redirect.MetaRefreshMiddleware',
 'scrapy.downloadermiddlewares.httpcompression.HttpCompressionMiddleware',
 'scrapy.downloadermiddlewares.httpproxy.HttpProxyMiddleware',
 'scrapy.downloadermiddlewares.stats.DownloaderStats']
2021-07-23 20:01:22 [scrapy.middleware] INFO: Enabled spider middlewares:
['scrapy.spidermiddlewares.httperror.HttpErrorMiddleware',
 'scrapy.spidermiddlewares.offsite.OffsiteMiddleware',
 'scrapy.spidermiddlewares.referer.RefererMiddleware',
 'scrapy.spidermiddlewares.urllength.UrlLengthMiddleware',
 'scrapy.spidermiddlewares.depth.DepthMiddleware']
2021-07-23 20:01:22 [TextProcessorScrapy.utils.utils] WARNING: Table data_nasa existed!
2021-07-23 20:01:22 [scrapy.middleware] INFO: Enabled item pipelines:
['TextProcessorScrapy.pipelines.HsNasaPipeline']
2021-07-23 20:01:22 [scrapy.core.engine] INFO: Spider opened
2021-07-23 20:01:22 [scrapy.extensions.logstats] INFO: Crawled 0 pages (at 0 pages/min), scraped 0 items (at 0 items/min)
2021-07-23 20:01:22 [NASA] INFO: Spider opened: NASA
2021-07-23 20:01:22 [scrapy.extensions.telnet] INFO: Telnet console listening on 127.0.0.1:6023
2021-07-23 20:01:22 [scrapy.crawler] INFO: Overridden settings:
{'BOT_NAME': 'TextProcessorScrapy',
 'CONCURRENT_REQUESTS': 2,
 'CONCURRENT_REQUESTS_PER_DOMAIN': 32,
 'CONCURRENT_REQUESTS_PER_IP': 128,
 'COOKIES_ENABLED': False,
 'DOWNLOAD_DELAY': 2,
 'LOG_FILE': '../log/scrapy_2021_7_23_56.log',
 'NEWSPIDER_MODULE': 'TextProcessorScrapy.spiders',
 'REACTOR_THREADPOOL_MAXSIZE': 20,
 'REDIRECT_ENABLED': False,
 'SPIDER_MODULES': ['TextProcessorScrapy.spiders']}
2021-07-23 20:01:22 [scrapy.extensions.telnet] INFO: Telnet Password: d46d221852df5e9e
2021-07-23 20:01:22 [scrapy.middleware] INFO: Enabled extensions:
['scrapy.extensions.corestats.CoreStats',
 'scrapy.extensions.telnet.TelnetConsole',
 'scrapy.extensions.logstats.LogStats']
2021-07-23 20:01:22 [scrapy.middleware] INFO: Enabled downloader middlewares:
['scrapy.downloadermiddlewares.httpauth.HttpAuthMiddleware',
 'scrapy.downloadermiddlewares.downloadtimeout.DownloadTimeoutMiddleware',
 'scrapy.downloadermiddlewares.defaultheaders.DefaultHeadersMiddleware',
 'scrapy.downloadermiddlewares.useragent.UserAgentMiddleware',
 'TextProcessorScrapy.middlewares.RandomUserAgentMiddleware',
 'TextProcessorScrapy.middlewares.HsNasaDownloaderMiddleware',
 'scrapy.downloadermiddlewares.retry.RetryMiddleware',
 'scrapy.downloadermiddlewares.redirect.MetaRefreshMiddleware',
 'scrapy.downloadermiddlewares.httpcompression.HttpCompressionMiddleware',
 'scrapy.downloadermiddlewares.httpproxy.HttpProxyMiddleware',
 'scrapy.downloadermiddlewares.stats.DownloaderStats']
2021-07-23 20:01:22 [scrapy.middleware] INFO: Enabled spider middlewares:
['scrapy.spidermiddlewares.httperror.HttpErrorMiddleware',
 'scrapy.spidermiddlewares.offsite.OffsiteMiddleware',
 'scrapy.spidermiddlewares.referer.RefererMiddleware',
 'scrapy.spidermiddlewares.urllength.UrlLengthMiddleware',
 'scrapy.spidermiddlewares.depth.DepthMiddleware']
2021-07-23 20:01:22 [scrapy.middleware] INFO: Enabled item pipelines:
['TextProcessorScrapy.pipelines.TwitterPipeline']
2021-07-23 20:01:22 [scrapy.core.engine] INFO: Spider opened
2021-07-23 20:01:22 [scrapy.extensions.logstats] INFO: Crawled 0 pages (at 0 pages/min), scraped 0 items (at 0 items/min)
2021-07-23 20:01:22 [twitter] INFO: Spider opened: twitter
2021-07-23 20:01:22 [scrapy.extensions.telnet] INFO: Telnet console listening on 127.0.0.1:6024
2021-07-23 20:01:22 [scrapy.crawler] INFO: Overridden settings:
{'BOT_NAME': 'TextProcessorScrapy',
 'CONCURRENT_REQUESTS': 1,
 'CONCURRENT_REQUESTS_PER_DOMAIN': 32,
 'CONCURRENT_REQUESTS_PER_IP': 128,
 'COOKIES_ENABLED': False,
 'DOWNLOAD_DELAY': 2,
 'LOG_FILE': '../log/scrapy_2021_7_23_56.log',
 'NEWSPIDER_MODULE': 'TextProcessorScrapy.spiders',
 'REACTOR_THREADPOOL_MAXSIZE': 20,
 'REDIRECT_ENABLED': False,
 'SPIDER_MODULES': ['TextProcessorScrapy.spiders']}
2021-07-23 20:01:22 [scrapy.extensions.telnet] INFO: Telnet Password: 19368099b6c42748
2021-07-23 20:01:22 [scrapy.middleware] INFO: Enabled extensions:
['scrapy.extensions.corestats.CoreStats',
 'scrapy.extensions.telnet.TelnetConsole',
 'scrapy.extensions.logstats.LogStats']
2021-07-23 20:01:22 [selenium.webdriver.remote.remote_connection] DEBUG: POST http://127.0.0.1:1419/session {"capabilities": {"firstMatch": [{}], "alwaysMatch": {"browserName": "chrome", "platformName": "any", "goog:chromeOptions": {"prefs": {"profile.default_content_setting_values": {"notifications": 2, "images": 2}}, "extensions": [], "args": ["--headless"]}}}, "desiredCapabilities": {"browserName": "chrome", "version": "", "platform": "ANY", "goog:chromeOptions": {"prefs": {"profile.default_content_setting_values": {"notifications": 2, "images": 2}}, "extensions": [], "args": ["--headless"]}}}
2021-07-23 20:01:22 [urllib3.connectionpool] DEBUG: Starting new HTTP connection (1): 127.0.0.1:1419
2021-07-23 20:01:23 [urllib3.connectionpool] DEBUG: http://127.0.0.1:1419 "POST /session HTTP/1.1" 200 751
2021-07-23 20:01:23 [selenium.webdriver.remote.remote_connection] DEBUG: Finished Request
2021-07-23 20:01:23 [selenium.webdriver.remote.remote_connection] DEBUG: POST http://127.0.0.1:1419/session/c3b06d799413a88c2704e4b32ea844f2/timeouts {"implicit": 10000}
2021-07-23 20:01:23 [urllib3.connectionpool] DEBUG: http://127.0.0.1:1419 "POST /session/c3b06d799413a88c2704e4b32ea844f2/timeouts HTTP/1.1" 200 14
2021-07-23 20:01:23 [selenium.webdriver.remote.remote_connection] DEBUG: Finished Request
2021-07-23 20:01:23 [scrapy.crawler] INFO: Overridden settings:
{'BOT_NAME': 'TextProcessorScrapy',
 'CONCURRENT_REQUESTS': 1,
 'CONCURRENT_REQUESTS_PER_DOMAIN': 32,
 'CONCURRENT_REQUESTS_PER_IP': 128,
 'COOKIES_ENABLED': False,
 'DOWNLOAD_DELAY': 2,
 'LOG_FILE': '../log/scrapy_2021_7_23_56.log',
 'NEWSPIDER_MODULE': 'TextProcessorScrapy.spiders',
 'REACTOR_THREADPOOL_MAXSIZE': 20,
 'REDIRECT_ENABLED': False,
 'SPIDER_MODULES': ['TextProcessorScrapy.spiders']}
2021-07-23 20:01:23 [scrapy.extensions.telnet] INFO: Telnet Password: 7e4d9e3b98ea6405
2021-07-23 20:01:23 [scrapy.middleware] INFO: Enabled extensions:
['scrapy.extensions.corestats.CoreStats',
 'scrapy.extensions.telnet.TelnetConsole',
 'scrapy.extensions.logstats.LogStats']
2021-07-23 20:01:23 [twisted] CRITICAL: Unhandled error in Deferred:
2021-07-23 20:01:23 [twisted] CRITICAL: 
Traceback (most recent call last):
  File "D:\Anaconda\envs\HS\lib\site-packages\twisted\internet\defer.py", line 1445, in _inlineCallbacks
    result = current_context.run(g.send, result)
  File "D:\Anaconda\envs\HS\lib\site-packages\scrapy\crawler.py", line 86, in crawl
    self.spider = self._create_spider(*args, **kwargs)
  File "D:\Anaconda\envs\HS\lib\site-packages\scrapy\crawler.py", line 98, in _create_spider
    return self.spidercls.from_crawler(self, *args, **kwargs)
  File "D:\Anaconda\envs\HS\lib\site-packages\scrapy\spiders\__init__.py", line 50, in from_crawler
    spider = cls(*args, **kwargs)
  File "E:\workspace\TextProcessor\TextProcessorScrapy\spiders\Aiaa.py", line 23, in __init__
    self.start_urls.append(url_head + self.keyword + url_end)
AttributeError: 'AiaaSpider' object has no attribute 'keyword'
2021-07-23 20:01:24 [scrapy.core.engine] DEBUG: Crawled (302) <GET https://twitter.com/explore> (referer: None)
2021-07-23 20:01:24 [twisted] CRITICAL: Unhandled error in Deferred:
2021-07-23 20:01:24 [twisted] CRITICAL: 
Traceback (most recent call last):
  File "D:\Anaconda\envs\HS\lib\site-packages\twisted\internet\defer.py", line 1445, in _inlineCallbacks
    result = current_context.run(g.send, result)
  File "D:\Anaconda\envs\HS\lib\site-packages\scrapy\crawler.py", line 86, in crawl
    self.spider = self._create_spider(*args, **kwargs)
  File "D:\Anaconda\envs\HS\lib\site-packages\scrapy\crawler.py", line 98, in _create_spider
    return self.spidercls.from_crawler(self, *args, **kwargs)
  File "D:\Anaconda\envs\HS\lib\site-packages\scrapy\spiders\__init__.py", line 50, in from_crawler
    spider = cls(*args, **kwargs)
  File "E:\workspace\TextProcessor\TextProcessorScrapy\spiders\Facebook.py", line 29, in __init__
    self.start_urls.append(head_url + self.keyword)
AttributeError: 'FacebookSpider' object has no attribute 'keyword'
2021-07-23 20:01:24 [utils.utils] INFO: Twitter Spider starting!
2021-07-23 20:01:24 [tweepy.binder] DEBUG: PARAMS: {'q': b't', 'tweet_mode': b'extended', 'show_user': b'True'}
2021-07-23 20:01:24 [requests_oauthlib.oauth1_auth] DEBUG: Signing request <PreparedRequest [GET]> using client <Client client_key=ioTGfhxK3Fylub82QJmLMB6mB, client_secret=****, resource_owner_key=1372722615991738368-bQ4nwuK0vKY95zAIoIAaeqP44DYg56, resource_owner_secret=****, signature_method=HMAC-SHA1, signature_type=AUTH_HEADER, callback_uri=None, rsa_key=None, verifier=None, realm=None, encoding=utf-8, decoding=None, nonce=None, timestamp=None>
2021-07-23 20:01:24 [requests_oauthlib.oauth1_auth] DEBUG: Including body in call to sign: False
2021-07-23 20:01:24 [oauthlib.oauth1.rfc5849] DEBUG: Collected params: [('q', 't'), ('tweet_mode', 'extended'), ('show_user', 'True'), ('oauth_nonce', '129208074348347400221627041684'), ('oauth_timestamp', '1627041684'), ('oauth_version', '1.0'), ('oauth_signature_method', 'HMAC-SHA1'), ('oauth_consumer_key', 'ioTGfhxK3Fylub82QJmLMB6mB'), ('oauth_token', '1372722615991738368-bQ4nwuK0vKY95zAIoIAaeqP44DYg56')]
2021-07-23 20:01:24 [oauthlib.oauth1.rfc5849] DEBUG: Normalized params: oauth_consumer_key=ioTGfhxK3Fylub82QJmLMB6mB&oauth_nonce=129208074348347400221627041684&oauth_signature_method=HMAC-SHA1&oauth_timestamp=1627041684&oauth_token=1372722615991738368-bQ4nwuK0vKY95zAIoIAaeqP44DYg56&oauth_version=1.0&q=t&show_user=True&tweet_mode=extended
2021-07-23 20:01:24 [oauthlib.oauth1.rfc5849] DEBUG: Normalized URI: https://api.twitter.com/1.1/search/tweets.json
2021-07-23 20:01:24 [oauthlib.oauth1.rfc5849] DEBUG: Signing: signature base string: GET&https%3A%2F%2Fapi.twitter.com%2F1.1%2Fsearch%2Ftweets.json&oauth_consumer_key%3DioTGfhxK3Fylub82QJmLMB6mB%26oauth_nonce%3D129208074348347400221627041684%26oauth_signature_method%3DHMAC-SHA1%26oauth_timestamp%3D1627041684%26oauth_token%3D1372722615991738368-bQ4nwuK0vKY95zAIoIAaeqP44DYg56%26oauth_version%3D1.0%26q%3Dt%26show_user%3DTrue%26tweet_mode%3Dextended
2021-07-23 20:01:24 [oauthlib.oauth1.rfc5849] DEBUG: Signature: 0TtfGawU2NyoJyftitP/stKi5f4=
2021-07-23 20:01:24 [requests_oauthlib.oauth1_auth] DEBUG: Updated url: https://api.twitter.com/1.1/search/tweets.json?q=t&tweet_mode=extended&show_user=True
2021-07-23 20:01:24 [requests_oauthlib.oauth1_auth] DEBUG: Updated headers: {'Host': 'api.twitter.com', 'Authorization': 'OAuth oauth_nonce="129208074348347400221627041684", oauth_timestamp="1627041684", oauth_version="1.0", oauth_signature_method="HMAC-SHA1", oauth_consumer_key="ioTGfhxK3Fylub82QJmLMB6mB", oauth_token="1372722615991738368-bQ4nwuK0vKY95zAIoIAaeqP44DYg56", oauth_signature="0TtfGawU2NyoJyftitP%2FstKi5f4%3D"'}
2021-07-23 20:01:24 [requests_oauthlib.oauth1_auth] DEBUG: Updated body: None
2021-07-23 20:01:24 [urllib3.connectionpool] DEBUG: Starting new HTTPS connection (1): api.twitter.com:443
2021-07-23 20:01:25 [urllib3.connectionpool] DEBUG: https://api.twitter.com:443 "GET /1.1/search/tweets.json?q=t&tweet_mode=extended&show_user=True HTTP/1.1" 200 81691
2021-07-23 20:01:26 [tweepy.binder] DEBUG: PARAMS: {'create': b'True'}
2021-07-23 20:01:26 [tweepy.binder] DEBUG: PARAMS: {'q': b't', 'max_id': b'1418541756535087113', 'tweet_mode': b'extended', 'show_user': b'True'}
2021-07-23 20:01:26 [requests_oauthlib.oauth1_auth] DEBUG: Signing request <PreparedRequest [GET]> using client <Client client_key=ioTGfhxK3Fylub82QJmLMB6mB, client_secret=****, resource_owner_key=1372722615991738368-bQ4nwuK0vKY95zAIoIAaeqP44DYg56, resource_owner_secret=****, signature_method=HMAC-SHA1, signature_type=AUTH_HEADER, callback_uri=None, rsa_key=None, verifier=None, realm=None, encoding=utf-8, decoding=None, nonce=None, timestamp=None>
2021-07-23 20:01:26 [requests_oauthlib.oauth1_auth] DEBUG: Including body in call to sign: False
2021-07-23 20:01:26 [oauthlib.oauth1.rfc5849] DEBUG: Collected params: [('q', 't'), ('max_id', '1418541756535087113'), ('tweet_mode', 'extended'), ('show_user', 'True'), ('oauth_nonce', '38183002252534985021627041686'), ('oauth_timestamp', '1627041686'), ('oauth_version', '1.0'), ('oauth_signature_method', 'HMAC-SHA1'), ('oauth_consumer_key', 'ioTGfhxK3Fylub82QJmLMB6mB'), ('oauth_token', '1372722615991738368-bQ4nwuK0vKY95zAIoIAaeqP44DYg56')]
2021-07-23 20:01:26 [oauthlib.oauth1.rfc5849] DEBUG: Normalized params: max_id=1418541756535087113&oauth_consumer_key=ioTGfhxK3Fylub82QJmLMB6mB&oauth_nonce=38183002252534985021627041686&oauth_signature_method=HMAC-SHA1&oauth_timestamp=1627041686&oauth_token=1372722615991738368-bQ4nwuK0vKY95zAIoIAaeqP44DYg56&oauth_version=1.0&q=t&show_user=True&tweet_mode=extended
2021-07-23 20:01:26 [oauthlib.oauth1.rfc5849] DEBUG: Normalized URI: https://api.twitter.com/1.1/search/tweets.json
2021-07-23 20:01:26 [oauthlib.oauth1.rfc5849] DEBUG: Signing: signature base string: GET&https%3A%2F%2Fapi.twitter.com%2F1.1%2Fsearch%2Ftweets.json&max_id%3D1418541756535087113%26oauth_consumer_key%3DioTGfhxK3Fylub82QJmLMB6mB%26oauth_nonce%3D38183002252534985021627041686%26oauth_signature_method%3DHMAC-SHA1%26oauth_timestamp%3D1627041686%26oauth_token%3D1372722615991738368-bQ4nwuK0vKY95zAIoIAaeqP44DYg56%26oauth_version%3D1.0%26q%3Dt%26show_user%3DTrue%26tweet_mode%3Dextended
2021-07-23 20:01:26 [oauthlib.oauth1.rfc5849] DEBUG: Signature: 3GnyzJr+kkPMKG5jHDIfT8Z3G30=
2021-07-23 20:01:26 [requests_oauthlib.oauth1_auth] DEBUG: Updated url: https://api.twitter.com/1.1/search/tweets.json?q=t&max_id=1418541756535087113&tweet_mode=extended&show_user=True
2021-07-23 20:01:26 [requests_oauthlib.oauth1_auth] DEBUG: Updated headers: {'Host': 'api.twitter.com', 'Cookie': 'guest_id=v1%3A162704168517151979; personalization_id="v1_kov7ocD7hotyFtVKHkeeFQ=="; lang=zh-cn', 'Authorization': 'OAuth oauth_nonce="38183002252534985021627041686", oauth_timestamp="1627041686", oauth_version="1.0", oauth_signature_method="HMAC-SHA1", oauth_consumer_key="ioTGfhxK3Fylub82QJmLMB6mB", oauth_token="1372722615991738368-bQ4nwuK0vKY95zAIoIAaeqP44DYg56", oauth_signature="3GnyzJr%2BkkPMKG5jHDIfT8Z3G30%3D"'}
2021-07-23 20:01:26 [requests_oauthlib.oauth1_auth] DEBUG: Updated body: None
2021-07-23 20:01:26 [urllib3.connectionpool] DEBUG: Starting new HTTPS connection (1): api.twitter.com:443
2021-07-23 20:01:27 [urllib3.connectionpool] DEBUG: https://api.twitter.com:443 "GET /1.1/search/tweets.json?q=t&max_id=1418541756535087113&tweet_mode=extended&show_user=True HTTP/1.1" 200 83069
2021-07-23 20:01:27 [tweepy.binder] DEBUG: PARAMS: {'create': b'True'}
2021-07-23 20:01:27 [tweepy.binder] DEBUG: PARAMS: {'q': b't', 'max_id': b'1418541755993968639', 'tweet_mode': b'extended', 'show_user': b'True'}
2021-07-23 20:01:27 [requests_oauthlib.oauth1_auth] DEBUG: Signing request <PreparedRequest [GET]> using client <Client client_key=ioTGfhxK3Fylub82QJmLMB6mB, client_secret=****, resource_owner_key=1372722615991738368-bQ4nwuK0vKY95zAIoIAaeqP44DYg56, resource_owner_secret=****, signature_method=HMAC-SHA1, signature_type=AUTH_HEADER, callback_uri=None, rsa_key=None, verifier=None, realm=None, encoding=utf-8, decoding=None, nonce=None, timestamp=None>
2021-07-23 20:01:27 [requests_oauthlib.oauth1_auth] DEBUG: Including body in call to sign: False
2021-07-23 20:01:27 [oauthlib.oauth1.rfc5849] DEBUG: Collected params: [('q', 't'), ('max_id', '1418541755993968639'), ('tweet_mode', 'extended'), ('show_user', 'True'), ('oauth_nonce', '133689007888779261651627041687'), ('oauth_timestamp', '1627041687'), ('oauth_version', '1.0'), ('oauth_signature_method', 'HMAC-SHA1'), ('oauth_consumer_key', 'ioTGfhxK3Fylub82QJmLMB6mB'), ('oauth_token', '1372722615991738368-bQ4nwuK0vKY95zAIoIAaeqP44DYg56')]
2021-07-23 20:01:27 [oauthlib.oauth1.rfc5849] DEBUG: Normalized params: max_id=1418541755993968639&oauth_consumer_key=ioTGfhxK3Fylub82QJmLMB6mB&oauth_nonce=133689007888779261651627041687&oauth_signature_method=HMAC-SHA1&oauth_timestamp=1627041687&oauth_token=1372722615991738368-bQ4nwuK0vKY95zAIoIAaeqP44DYg56&oauth_version=1.0&q=t&show_user=True&tweet_mode=extended
2021-07-23 20:01:27 [oauthlib.oauth1.rfc5849] DEBUG: Normalized URI: https://api.twitter.com/1.1/search/tweets.json
2021-07-23 20:01:27 [oauthlib.oauth1.rfc5849] DEBUG: Signing: signature base string: GET&https%3A%2F%2Fapi.twitter.com%2F1.1%2Fsearch%2Ftweets.json&max_id%3D1418541755993968639%26oauth_consumer_key%3DioTGfhxK3Fylub82QJmLMB6mB%26oauth_nonce%3D133689007888779261651627041687%26oauth_signature_method%3DHMAC-SHA1%26oauth_timestamp%3D1627041687%26oauth_token%3D1372722615991738368-bQ4nwuK0vKY95zAIoIAaeqP44DYg56%26oauth_version%3D1.0%26q%3Dt%26show_user%3DTrue%26tweet_mode%3Dextended
2021-07-23 20:01:27 [oauthlib.oauth1.rfc5849] DEBUG: Signature: Y6LsS1Bh3KzWaDdhe1xprwsVEG0=
2021-07-23 20:01:27 [requests_oauthlib.oauth1_auth] DEBUG: Updated url: https://api.twitter.com/1.1/search/tweets.json?q=t&max_id=1418541755993968639&tweet_mode=extended&show_user=True
2021-07-23 20:01:27 [requests_oauthlib.oauth1_auth] DEBUG: Updated headers: {'Host': 'api.twitter.com', 'Cookie': 'guest_id=v1%3A162704168517151979; personalization_id="v1_kov7ocD7hotyFtVKHkeeFQ=="; lang=zh-cn', 'Authorization': 'OAuth oauth_nonce="133689007888779261651627041687", oauth_timestamp="1627041687", oauth_version="1.0", oauth_signature_method="HMAC-SHA1", oauth_consumer_key="ioTGfhxK3Fylub82QJmLMB6mB", oauth_token="1372722615991738368-bQ4nwuK0vKY95zAIoIAaeqP44DYg56", oauth_signature="Y6LsS1Bh3KzWaDdhe1xprwsVEG0%3D"'}
2021-07-23 20:01:27 [requests_oauthlib.oauth1_auth] DEBUG: Updated body: None
2021-07-23 20:01:27 [urllib3.connectionpool] DEBUG: Starting new HTTPS connection (1): api.twitter.com:443
2021-07-23 20:01:28 [urllib3.connectionpool] DEBUG: https://api.twitter.com:443 "GET /1.1/search/tweets.json?q=t&max_id=1418541755993968639&tweet_mode=extended&show_user=True HTTP/1.1" 200 77693
2021-07-23 20:01:28 [tweepy.binder] DEBUG: PARAMS: {'create': b'True'}
2021-07-23 20:01:29 [tweepy.binder] DEBUG: PARAMS: {'q': b't', 'max_id': b'1418541755738345472', 'tweet_mode': b'extended', 'show_user': b'True'}
2021-07-23 20:01:29 [requests_oauthlib.oauth1_auth] DEBUG: Signing request <PreparedRequest [GET]> using client <Client client_key=ioTGfhxK3Fylub82QJmLMB6mB, client_secret=****, resource_owner_key=1372722615991738368-bQ4nwuK0vKY95zAIoIAaeqP44DYg56, resource_owner_secret=****, signature_method=HMAC-SHA1, signature_type=AUTH_HEADER, callback_uri=None, rsa_key=None, verifier=None, realm=None, encoding=utf-8, decoding=None, nonce=None, timestamp=None>
2021-07-23 20:01:29 [requests_oauthlib.oauth1_auth] DEBUG: Including body in call to sign: False
2021-07-23 20:01:29 [oauthlib.oauth1.rfc5849] DEBUG: Collected params: [('q', 't'), ('max_id', '1418541755738345472'), ('tweet_mode', 'extended'), ('show_user', 'True'), ('oauth_nonce', '102955734701211632371627041689'), ('oauth_timestamp', '1627041689'), ('oauth_version', '1.0'), ('oauth_signature_method', 'HMAC-SHA1'), ('oauth_consumer_key', 'ioTGfhxK3Fylub82QJmLMB6mB'), ('oauth_token', '1372722615991738368-bQ4nwuK0vKY95zAIoIAaeqP44DYg56')]
2021-07-23 20:01:29 [oauthlib.oauth1.rfc5849] DEBUG: Normalized params: max_id=1418541755738345472&oauth_consumer_key=ioTGfhxK3Fylub82QJmLMB6mB&oauth_nonce=102955734701211632371627041689&oauth_signature_method=HMAC-SHA1&oauth_timestamp=1627041689&oauth_token=1372722615991738368-bQ4nwuK0vKY95zAIoIAaeqP44DYg56&oauth_version=1.0&q=t&show_user=True&tweet_mode=extended
2021-07-23 20:01:29 [oauthlib.oauth1.rfc5849] DEBUG: Normalized URI: https://api.twitter.com/1.1/search/tweets.json
2021-07-23 20:01:29 [oauthlib.oauth1.rfc5849] DEBUG: Signing: signature base string: GET&https%3A%2F%2Fapi.twitter.com%2F1.1%2Fsearch%2Ftweets.json&max_id%3D1418541755738345472%26oauth_consumer_key%3DioTGfhxK3Fylub82QJmLMB6mB%26oauth_nonce%3D102955734701211632371627041689%26oauth_signature_method%3DHMAC-SHA1%26oauth_timestamp%3D1627041689%26oauth_token%3D1372722615991738368-bQ4nwuK0vKY95zAIoIAaeqP44DYg56%26oauth_version%3D1.0%26q%3Dt%26show_user%3DTrue%26tweet_mode%3Dextended
2021-07-23 20:01:29 [oauthlib.oauth1.rfc5849] DEBUG: Signature: tN3mpnGI66WOjV4D5UsoaIL1PPc=
2021-07-23 20:01:29 [requests_oauthlib.oauth1_auth] DEBUG: Updated url: https://api.twitter.com/1.1/search/tweets.json?q=t&max_id=1418541755738345472&tweet_mode=extended&show_user=True
2021-07-23 20:01:29 [requests_oauthlib.oauth1_auth] DEBUG: Updated headers: {'Host': 'api.twitter.com', 'Cookie': 'guest_id=v1%3A162704168517151979; personalization_id="v1_kov7ocD7hotyFtVKHkeeFQ=="; lang=zh-cn', 'Authorization': 'OAuth oauth_nonce="102955734701211632371627041689", oauth_timestamp="1627041689", oauth_version="1.0", oauth_signature_method="HMAC-SHA1", oauth_consumer_key="ioTGfhxK3Fylub82QJmLMB6mB", oauth_token="1372722615991738368-bQ4nwuK0vKY95zAIoIAaeqP44DYg56", oauth_signature="tN3mpnGI66WOjV4D5UsoaIL1PPc%3D"'}
2021-07-23 20:01:29 [requests_oauthlib.oauth1_auth] DEBUG: Updated body: None
2021-07-23 20:01:29 [urllib3.connectionpool] DEBUG: Starting new HTTPS connection (1): api.twitter.com:443
2021-07-23 20:01:30 [urllib3.connectionpool] DEBUG: https://api.twitter.com:443 "GET /1.1/search/tweets.json?q=t&max_id=1418541755738345472&tweet_mode=extended&show_user=True HTTP/1.1" 200 83550
2021-07-23 20:01:30 [tweepy.binder] DEBUG: PARAMS: {'create': b'True'}
2021-07-23 20:01:30 [tweepy.binder] DEBUG: PARAMS: {'q': b't', 'max_id': b'1418541755113168899', 'tweet_mode': b'extended', 'show_user': b'True'}
2021-07-23 20:01:30 [requests_oauthlib.oauth1_auth] DEBUG: Signing request <PreparedRequest [GET]> using client <Client client_key=ioTGfhxK3Fylub82QJmLMB6mB, client_secret=****, resource_owner_key=1372722615991738368-bQ4nwuK0vKY95zAIoIAaeqP44DYg56, resource_owner_secret=****, signature_method=HMAC-SHA1, signature_type=AUTH_HEADER, callback_uri=None, rsa_key=None, verifier=None, realm=None, encoding=utf-8, decoding=None, nonce=None, timestamp=None>
2021-07-23 20:01:30 [requests_oauthlib.oauth1_auth] DEBUG: Including body in call to sign: False
2021-07-23 20:01:30 [oauthlib.oauth1.rfc5849] DEBUG: Collected params: [('q', 't'), ('max_id', '1418541755113168899'), ('tweet_mode', 'extended'), ('show_user', 'True'), ('oauth_nonce', '104694455090033348971627041690'), ('oauth_timestamp', '1627041690'), ('oauth_version', '1.0'), ('oauth_signature_method', 'HMAC-SHA1'), ('oauth_consumer_key', 'ioTGfhxK3Fylub82QJmLMB6mB'), ('oauth_token', '1372722615991738368-bQ4nwuK0vKY95zAIoIAaeqP44DYg56')]
2021-07-23 20:01:30 [oauthlib.oauth1.rfc5849] DEBUG: Normalized params: max_id=1418541755113168899&oauth_consumer_key=ioTGfhxK3Fylub82QJmLMB6mB&oauth_nonce=104694455090033348971627041690&oauth_signature_method=HMAC-SHA1&oauth_timestamp=1627041690&oauth_token=1372722615991738368-bQ4nwuK0vKY95zAIoIAaeqP44DYg56&oauth_version=1.0&q=t&show_user=True&tweet_mode=extended
2021-07-23 20:01:30 [oauthlib.oauth1.rfc5849] DEBUG: Normalized URI: https://api.twitter.com/1.1/search/tweets.json
2021-07-23 20:01:30 [oauthlib.oauth1.rfc5849] DEBUG: Signing: signature base string: GET&https%3A%2F%2Fapi.twitter.com%2F1.1%2Fsearch%2Ftweets.json&max_id%3D1418541755113168899%26oauth_consumer_key%3DioTGfhxK3Fylub82QJmLMB6mB%26oauth_nonce%3D104694455090033348971627041690%26oauth_signature_method%3DHMAC-SHA1%26oauth_timestamp%3D1627041690%26oauth_token%3D1372722615991738368-bQ4nwuK0vKY95zAIoIAaeqP44DYg56%26oauth_version%3D1.0%26q%3Dt%26show_user%3DTrue%26tweet_mode%3Dextended
2021-07-23 20:01:30 [oauthlib.oauth1.rfc5849] DEBUG: Signature: MRZs6Km/koQM3g+QVH04S9C8efs=
2021-07-23 20:01:30 [requests_oauthlib.oauth1_auth] DEBUG: Updated url: https://api.twitter.com/1.1/search/tweets.json?q=t&max_id=1418541755113168899&tweet_mode=extended&show_user=True
2021-07-23 20:01:30 [requests_oauthlib.oauth1_auth] DEBUG: Updated headers: {'Host': 'api.twitter.com', 'Cookie': 'guest_id=v1%3A162704168517151979; personalization_id="v1_kov7ocD7hotyFtVKHkeeFQ=="; lang=zh-cn', 'Authorization': 'OAuth oauth_nonce="104694455090033348971627041690", oauth_timestamp="1627041690", oauth_version="1.0", oauth_signature_method="HMAC-SHA1", oauth_consumer_key="ioTGfhxK3Fylub82QJmLMB6mB", oauth_token="1372722615991738368-bQ4nwuK0vKY95zAIoIAaeqP44DYg56", oauth_signature="MRZs6Km%2FkoQM3g%2BQVH04S9C8efs%3D"'}
2021-07-23 20:01:30 [requests_oauthlib.oauth1_auth] DEBUG: Updated body: None
2021-07-23 20:01:30 [urllib3.connectionpool] DEBUG: Starting new HTTPS connection (1): api.twitter.com:443
2021-07-23 20:01:31 [urllib3.connectionpool] DEBUG: https://api.twitter.com:443 "GET /1.1/search/tweets.json?q=t&max_id=1418541755113168899&tweet_mode=extended&show_user=True HTTP/1.1" 200 74206
2021-07-23 20:01:31 [tweepy.binder] DEBUG: PARAMS: {'create': b'True'}
2021-07-23 20:01:31 [tweepy.binder] DEBUG: PARAMS: {'q': b't', 'max_id': b'1418541754664427527', 'tweet_mode': b'extended', 'show_user': b'True'}
2021-07-23 20:01:31 [requests_oauthlib.oauth1_auth] DEBUG: Signing request <PreparedRequest [GET]> using client <Client client_key=ioTGfhxK3Fylub82QJmLMB6mB, client_secret=****, resource_owner_key=1372722615991738368-bQ4nwuK0vKY95zAIoIAaeqP44DYg56, resource_owner_secret=****, signature_method=HMAC-SHA1, signature_type=AUTH_HEADER, callback_uri=None, rsa_key=None, verifier=None, realm=None, encoding=utf-8, decoding=None, nonce=None, timestamp=None>
2021-07-23 20:01:31 [requests_oauthlib.oauth1_auth] DEBUG: Including body in call to sign: False
2021-07-23 20:01:31 [oauthlib.oauth1.rfc5849] DEBUG: Collected params: [('q', 't'), ('max_id', '1418541754664427527'), ('tweet_mode', 'extended'), ('show_user', 'True'), ('oauth_nonce', '41195857973833951911627041691'), ('oauth_timestamp', '1627041691'), ('oauth_version', '1.0'), ('oauth_signature_method', 'HMAC-SHA1'), ('oauth_consumer_key', 'ioTGfhxK3Fylub82QJmLMB6mB'), ('oauth_token', '1372722615991738368-bQ4nwuK0vKY95zAIoIAaeqP44DYg56')]
2021-07-23 20:01:31 [oauthlib.oauth1.rfc5849] DEBUG: Normalized params: max_id=1418541754664427527&oauth_consumer_key=ioTGfhxK3Fylub82QJmLMB6mB&oauth_nonce=41195857973833951911627041691&oauth_signature_method=HMAC-SHA1&oauth_timestamp=1627041691&oauth_token=1372722615991738368-bQ4nwuK0vKY95zAIoIAaeqP44DYg56&oauth_version=1.0&q=t&show_user=True&tweet_mode=extended
2021-07-23 20:01:31 [oauthlib.oauth1.rfc5849] DEBUG: Normalized URI: https://api.twitter.com/1.1/search/tweets.json
2021-07-23 20:01:31 [oauthlib.oauth1.rfc5849] DEBUG: Signing: signature base string: GET&https%3A%2F%2Fapi.twitter.com%2F1.1%2Fsearch%2Ftweets.json&max_id%3D1418541754664427527%26oauth_consumer_key%3DioTGfhxK3Fylub82QJmLMB6mB%26oauth_nonce%3D41195857973833951911627041691%26oauth_signature_method%3DHMAC-SHA1%26oauth_timestamp%3D1627041691%26oauth_token%3D1372722615991738368-bQ4nwuK0vKY95zAIoIAaeqP44DYg56%26oauth_version%3D1.0%26q%3Dt%26show_user%3DTrue%26tweet_mode%3Dextended
2021-07-23 20:01:31 [oauthlib.oauth1.rfc5849] DEBUG: Signature: mlz9QF6iM9nzl2Abr3Dt4kQ8FU8=
2021-07-23 20:01:31 [requests_oauthlib.oauth1_auth] DEBUG: Updated url: https://api.twitter.com/1.1/search/tweets.json?q=t&max_id=1418541754664427527&tweet_mode=extended&show_user=True
2021-07-23 20:01:31 [requests_oauthlib.oauth1_auth] DEBUG: Updated headers: {'Host': 'api.twitter.com', 'Cookie': 'guest_id=v1%3A162704168517151979; personalization_id="v1_kov7ocD7hotyFtVKHkeeFQ=="; lang=zh-cn', 'Authorization': 'OAuth oauth_nonce="41195857973833951911627041691", oauth_timestamp="1627041691", oauth_version="1.0", oauth_signature_method="HMAC-SHA1", oauth_consumer_key="ioTGfhxK3Fylub82QJmLMB6mB", oauth_token="1372722615991738368-bQ4nwuK0vKY95zAIoIAaeqP44DYg56", oauth_signature="mlz9QF6iM9nzl2Abr3Dt4kQ8FU8%3D"'}
2021-07-23 20:01:31 [requests_oauthlib.oauth1_auth] DEBUG: Updated body: None
2021-07-23 20:01:31 [urllib3.connectionpool] DEBUG: Starting new HTTPS connection (1): api.twitter.com:443
2021-07-23 20:01:32 [urllib3.connectionpool] DEBUG: https://api.twitter.com:443 "GET /1.1/search/tweets.json?q=t&max_id=1418541754664427527&tweet_mode=extended&show_user=True HTTP/1.1" 200 75853
2021-07-23 20:01:33 [tweepy.binder] DEBUG: PARAMS: {'create': b'True'}
2021-07-23 20:01:33 [tweepy.binder] DEBUG: PARAMS: {'q': b't', 'max_id': b'1418541754203230207', 'tweet_mode': b'extended', 'show_user': b'True'}
2021-07-23 20:01:33 [requests_oauthlib.oauth1_auth] DEBUG: Signing request <PreparedRequest [GET]> using client <Client client_key=ioTGfhxK3Fylub82QJmLMB6mB, client_secret=****, resource_owner_key=1372722615991738368-bQ4nwuK0vKY95zAIoIAaeqP44DYg56, resource_owner_secret=****, signature_method=HMAC-SHA1, signature_type=AUTH_HEADER, callback_uri=None, rsa_key=None, verifier=None, realm=None, encoding=utf-8, decoding=None, nonce=None, timestamp=None>
2021-07-23 20:01:33 [requests_oauthlib.oauth1_auth] DEBUG: Including body in call to sign: False
2021-07-23 20:01:33 [oauthlib.oauth1.rfc5849] DEBUG: Collected params: [('q', 't'), ('max_id', '1418541754203230207'), ('tweet_mode', 'extended'), ('show_user', 'True'), ('oauth_nonce', '109038140122631205491627041693'), ('oauth_timestamp', '1627041693'), ('oauth_version', '1.0'), ('oauth_signature_method', 'HMAC-SHA1'), ('oauth_consumer_key', 'ioTGfhxK3Fylub82QJmLMB6mB'), ('oauth_token', '1372722615991738368-bQ4nwuK0vKY95zAIoIAaeqP44DYg56')]
2021-07-23 20:01:33 [oauthlib.oauth1.rfc5849] DEBUG: Normalized params: max_id=1418541754203230207&oauth_consumer_key=ioTGfhxK3Fylub82QJmLMB6mB&oauth_nonce=109038140122631205491627041693&oauth_signature_method=HMAC-SHA1&oauth_timestamp=1627041693&oauth_token=1372722615991738368-bQ4nwuK0vKY95zAIoIAaeqP44DYg56&oauth_version=1.0&q=t&show_user=True&tweet_mode=extended
2021-07-23 20:01:33 [oauthlib.oauth1.rfc5849] DEBUG: Normalized URI: https://api.twitter.com/1.1/search/tweets.json
2021-07-23 20:01:33 [oauthlib.oauth1.rfc5849] DEBUG: Signing: signature base string: GET&https%3A%2F%2Fapi.twitter.com%2F1.1%2Fsearch%2Ftweets.json&max_id%3D1418541754203230207%26oauth_consumer_key%3DioTGfhxK3Fylub82QJmLMB6mB%26oauth_nonce%3D109038140122631205491627041693%26oauth_signature_method%3DHMAC-SHA1%26oauth_timestamp%3D1627041693%26oauth_token%3D1372722615991738368-bQ4nwuK0vKY95zAIoIAaeqP44DYg56%26oauth_version%3D1.0%26q%3Dt%26show_user%3DTrue%26tweet_mode%3Dextended
2021-07-23 20:01:33 [oauthlib.oauth1.rfc5849] DEBUG: Signature: 81hC85XhbZmCTJqqqaM8qEj9vHM=
2021-07-23 20:01:33 [requests_oauthlib.oauth1_auth] DEBUG: Updated url: https://api.twitter.com/1.1/search/tweets.json?q=t&max_id=1418541754203230207&tweet_mode=extended&show_user=True
2021-07-23 20:01:33 [requests_oauthlib.oauth1_auth] DEBUG: Updated headers: {'Host': 'api.twitter.com', 'Cookie': 'guest_id=v1%3A162704168517151979; personalization_id="v1_kov7ocD7hotyFtVKHkeeFQ=="; lang=zh-cn', 'Authorization': 'OAuth oauth_nonce="109038140122631205491627041693", oauth_timestamp="1627041693", oauth_version="1.0", oauth_signature_method="HMAC-SHA1", oauth_consumer_key="ioTGfhxK3Fylub82QJmLMB6mB", oauth_token="1372722615991738368-bQ4nwuK0vKY95zAIoIAaeqP44DYg56", oauth_signature="81hC85XhbZmCTJqqqaM8qEj9vHM%3D"'}
2021-07-23 20:01:33 [requests_oauthlib.oauth1_auth] DEBUG: Updated body: None
2021-07-23 20:01:33 [urllib3.connectionpool] DEBUG: Starting new HTTPS connection (1): api.twitter.com:443
2021-07-23 20:01:34 [urllib3.connectionpool] DEBUG: https://api.twitter.com:443 "GET /1.1/search/tweets.json?q=t&max_id=1418541754203230207&tweet_mode=extended&show_user=True HTTP/1.1" 200 70486
2021-07-23 20:01:34 [tweepy.binder] DEBUG: PARAMS: {'create': b'True'}
2021-07-23 20:01:34 [scrapy.core.scraper] DEBUG: Scraped from <302 https://twitter.com/explore>
{'keyword': 't'}
2021-07-23 20:01:34 [scrapy.core.engine] INFO: Closing spider (finished)
2021-07-23 20:01:34 [scrapy.statscollectors] INFO: Dumping Scrapy stats:
{'downloader/request_bytes': 384,
 'downloader/request_count': 1,
 'downloader/request_method_count/GET': 1,
 'downloader/response_bytes': 642,
 'downloader/response_count': 1,
 'downloader/response_status_count/302': 1,
 'elapsed_time_seconds': 12.309086,
 'finish_reason': 'finished',
 'finish_time': datetime.datetime(2021, 7, 23, 12, 1, 34, 434943),
 'item_scraped_count': 1,
 'log_count/CRITICAL': 4,
 'log_count/DEBUG': 107,
 'log_count/INFO': 18,
 'response_received_count': 1,
 'scheduler/dequeued': 1,
 'scheduler/dequeued/memory': 1,
 'scheduler/enqueued': 1,
 'scheduler/enqueued/memory': 1,
 'start_time': datetime.datetime(2021, 7, 23, 12, 1, 22, 125857)}
2021-07-23 20:01:34 [scrapy.core.engine] INFO: Spider closed (finished)
2021-07-23 20:01:35 [scrapy.core.engine] DEBUG: Crawled (200) <GET https://nasasearch.nasa.gov/search?query=t&affiliate=nasa&utf8=%E2%9C%93> (referer: None)
2021-07-23 20:01:35 [utils.utils] INFO: NASA Spider starting!
2021-07-23 20:01:37 [scrapy.core.engine] DEBUG: Crawled (200) <GET https://www.nasa.gov/feature/john-t-sims-human-health-and-performance-director/> (referer: https://nasasearch.nasa.gov/)
2021-07-23 20:01:37 [scrapy.core.scraper] DEBUG: Scraped from <200 https://www.nasa.gov/feature/john-t-sims-human-health-and-performance-director/>
None
2021-07-23 20:01:39 [scrapy.core.engine] DEBUG: Crawled (200) <GET https://www.nasa.gov/feature/john-t-sims-director-of-human-health-and-performance/> (referer: https://nasasearch.nasa.gov/)
2021-07-23 20:01:39 [scrapy.core.scraper] DEBUG: Scraped from <200 https://www.nasa.gov/feature/john-t-sims-director-of-human-health-and-performance/>
None
2021-07-23 20:01:40 [scrapy.core.engine] DEBUG: Crawled (200) <GET https://www.jpl.nasa.gov/edu/news/2015/8/17/bringing-earths-cousin-into-the-classroom/> (referer: https://nasasearch.nasa.gov/)
2021-07-23 20:01:40 [scrapy.core.scraper] DEBUG: Scraped from <200 https://www.jpl.nasa.gov/edu/news/2015/8/17/bringing-earths-cousin-into-the-classroom/>
None
2021-07-23 20:01:42 [scrapy.core.engine] DEBUG: Crawled (200) <GET https://www.nasa.gov/feature/john-t-sims-hhp-director-acting/> (referer: https://nasasearch.nasa.gov/)
2021-07-23 20:01:42 [scrapy.core.scraper] DEBUG: Scraped from <200 https://www.nasa.gov/feature/john-t-sims-hhp-director-acting/>
None
2021-07-23 20:01:43 [scrapy.core.engine] DEBUG: Crawled (200) <GET https://history.nasa.gov/presrep95/dptdefns.htm> (referer: https://nasasearch.nasa.gov/)
2021-07-23 20:01:43 [scrapy.core.scraper] DEBUG: Scraped from <200 https://history.nasa.gov/presrep95/dptdefns.htm>
None
2021-07-23 20:01:46 [scrapy.core.engine] DEBUG: Crawled (200) <GET https://history.nasa.gov/afj/ap11fj/01launch.html> (referer: https://nasasearch.nasa.gov/)
2021-07-23 20:01:47 [scrapy.core.scraper] DEBUG: Scraped from <200 https://history.nasa.gov/afj/ap11fj/01launch.html>
None
2021-07-23 20:01:48 [scrapy.core.engine] DEBUG: Crawled (200) <GET https://earthobservatory.nasa.gov/images/87237/the-alphabet-from-orbit-letter-t> (referer: https://nasasearch.nasa.gov/)
2021-07-23 20:01:49 [scrapy.core.scraper] DEBUG: Scraped from <200 https://earthobservatory.nasa.gov/images/87237/the-alphabet-from-orbit-letter-t>
None
2021-07-23 20:01:49 [scrapy.core.engine] DEBUG: Crawled (200) <GET https://history.nasa.gov/women.html> (referer: https://nasasearch.nasa.gov/)
2021-07-23 20:01:49 [scrapy.core.scraper] DEBUG: Scraped from <200 https://history.nasa.gov/women.html>
None
2021-07-23 20:01:52 [scrapy.core.engine] DEBUG: Crawled (200) <GET https://history.nasa.gov/sts51l.html> (referer: https://nasasearch.nasa.gov/)
2021-07-23 20:01:52 [scrapy.core.scraper] DEBUG: Scraped from <200 https://history.nasa.gov/sts51l.html>
None
2021-07-23 20:01:52 [scrapy.core.engine] DEBUG: Crawled (200) <GET https://www.jpl.nasa.gov/blog/2020/7/remembering-dr-peter-t-lyman> (referer: https://nasasearch.nasa.gov/)
2021-07-23 20:01:52 [scrapy.core.scraper] DEBUG: Scraped from <200 https://www.jpl.nasa.gov/blog/2020/7/remembering-dr-peter-t-lyman>
None
2021-07-23 20:01:53 [scrapy.core.engine] DEBUG: Crawled (200) <GET https://blogs.nasa.gov/Rocketology/tag/nasa-rocket/> (referer: https://nasasearch.nasa.gov/)
2021-07-23 20:01:53 [scrapy.core.scraper] DEBUG: Scraped from <200 https://blogs.nasa.gov/Rocketology/tag/nasa-rocket/>
None
2021-07-23 20:01:54 [scrapy.core.engine] DEBUG: Crawled (200) <GET https://apod.nasa.gov/apod/ap140503.html> (referer: https://nasasearch.nasa.gov/)
2021-07-23 20:01:55 [scrapy.core.scraper] DEBUG: Scraped from <200 https://apod.nasa.gov/apod/ap140503.html>
None
2021-07-23 20:01:55 [scrapy.core.engine] DEBUG: Crawled (200) <GET https://history.nasa.gov/Biographies/glennan.html> (referer: https://nasasearch.nasa.gov/)
2021-07-23 20:01:55 [scrapy.core.scraper] DEBUG: Scraped from <200 https://history.nasa.gov/Biographies/glennan.html>
None
2021-07-23 20:01:56 [scrapy.core.engine] DEBUG: Crawled (200) <GET https://apod.nasa.gov/apod/ap110326.html> (referer: https://nasasearch.nasa.gov/)
2021-07-23 20:01:56 [scrapy.core.scraper] DEBUG: Scraped from <200 https://apod.nasa.gov/apod/ap110326.html>
None
2021-07-23 20:01:58 [scrapy.core.engine] DEBUG: Crawled (200) <GET https://apod.nasa.gov/apod/ap010604.html> (referer: https://nasasearch.nasa.gov/)
2021-07-23 20:01:58 [scrapy.core.scraper] DEBUG: Scraped from <200 https://apod.nasa.gov/apod/ap010604.html>
None
2021-07-23 20:02:00 [scrapy.core.engine] DEBUG: Crawled (200) <GET https://apod.nasa.gov/apod/ap071213.html> (referer: https://nasasearch.nasa.gov/)
2021-07-23 20:02:01 [scrapy.core.scraper] DEBUG: Scraped from <200 https://apod.nasa.gov/apod/ap071213.html>
None
2021-07-23 20:02:02 [scrapy.core.engine] DEBUG: Crawled (200) <GET https://www.nasa.gov/home/hqnews/2011/jul/HQ_11-226_Threadless_T-Shirt_Contest.html> (referer: https://nasasearch.nasa.gov/)
2021-07-23 20:02:02 [scrapy.core.scraper] DEBUG: Scraped from <200 https://www.nasa.gov/home/hqnews/2011/jul/HQ_11-226_Threadless_T-Shirt_Contest.html>
None
2021-07-23 20:02:03 [scrapy.core.engine] DEBUG: Crawled (200) <GET https://apod.nasa.gov/apod/ap090803.html> (referer: https://nasasearch.nasa.gov/)
2021-07-23 20:02:04 [scrapy.core.scraper] DEBUG: Scraped from <200 https://apod.nasa.gov/apod/ap090803.html>
None
2021-07-23 20:02:04 [scrapy.core.engine] DEBUG: Crawled (200) <GET https://history.nasa.gov/biost-z.html> (referer: https://nasasearch.nasa.gov/)
2021-07-23 20:02:04 [scrapy.core.scraper] DEBUG: Scraped from <200 https://history.nasa.gov/biost-z.html>
None
2021-07-23 20:02:06 [scrapy.core.engine] DEBUG: Crawled (200) <GET https://history.nasa.gov/alsj/alsj-Tapemeters.html> (referer: https://nasasearch.nasa.gov/)
2021-07-23 20:02:06 [scrapy.core.scraper] DEBUG: Scraped from <200 https://history.nasa.gov/alsj/alsj-Tapemeters.html>
None
2021-07-23 20:02:06 [scrapy.core.engine] INFO: Closing spider (finished)
2021-07-23 20:02:06 [scrapy.statscollectors] INFO: Dumping Scrapy stats:
{'downloader/request_bytes': 9563,
 'downloader/request_count': 21,
 'downloader/request_method_count/GET': 21,
 'downloader/response_bytes': 634779,
 'downloader/response_count': 21,
 'downloader/response_status_count/200': 21,
 'elapsed_time_seconds': 44.328427,
 'finish_reason': 'finished',
 'finish_time': datetime.datetime(2021, 7, 23, 12, 2, 6, 427068),
 'httpcompression/response_bytes': 220273,
 'httpcompression/response_count': 2,
 'item_scraped_count': 20,
 'log_count/CRITICAL': 4,
 'log_count/DEBUG': 148,
 'log_count/INFO': 32,
 'log_count/WARNING': 1,
 'request_depth_max': 1,
 'response_received_count': 21,
 'scheduler/dequeued': 21,
 'scheduler/dequeued/memory': 21,
 'scheduler/enqueued': 21,
 'scheduler/enqueued/memory': 21,
 'start_time': datetime.datetime(2021, 7, 23, 12, 1, 22, 98641)}
2021-07-23 20:02:06 [scrapy.core.engine] INFO: Spider closed (finished)
2021-07-23 20:02:06 [scrapy.utils.log] INFO: Scrapy 2.5.0 started (bot: TextProcessorScrapy)
2021-07-23 20:02:06 [scrapy.utils.log] INFO: Versions: lxml 4.6.3.0, libxml2 2.9.5, cssselect 1.1.0, parsel 1.6.0, w3lib 1.22.0, Twisted 21.2.0, Python 3.7.9 (default, Aug 31 2020, 17:10:11) [MSC v.1916 64 bit (AMD64)], pyOpenSSL 20.0.1 (OpenSSL 1.1.1k  25 Mar 2021), cryptography 3.4.7, Platform Windows-10-10.0.19041-SP0
2021-07-23 20:02:06 [scrapy.utils.log] DEBUG: Using reactor: twisted.internet.selectreactor.SelectReactor
2021-07-23 20:02:06 [scrapy.crawler] INFO: Overridden settings:
{'BOT_NAME': 'TextProcessorScrapy',
 'CONCURRENT_REQUESTS': 1,
 'CONCURRENT_REQUESTS_PER_DOMAIN': 32,
 'CONCURRENT_REQUESTS_PER_IP': 128,
 'COOKIES_ENABLED': False,
 'DOWNLOAD_DELAY': 2,
 'LOG_FILE': '../log/scrapy_2021_7_23_56.log',
 'NEWSPIDER_MODULE': 'TextProcessorScrapy.spiders',
 'REACTOR_THREADPOOL_MAXSIZE': 20,
 'REDIRECT_ENABLED': False,
 'SPIDER_MODULES': ['TextProcessorScrapy.spiders']}
2021-07-23 20:02:06 [scrapy.extensions.telnet] INFO: Telnet Password: 71c8b9817d26b869
2021-07-23 20:02:06 [scrapy.middleware] INFO: Enabled extensions:
['scrapy.extensions.corestats.CoreStats',
 'scrapy.extensions.telnet.TelnetConsole',
 'scrapy.extensions.logstats.LogStats']
2021-07-23 20:02:06 [scrapy.middleware] INFO: Enabled downloader middlewares:
['scrapy.downloadermiddlewares.httpauth.HttpAuthMiddleware',
 'scrapy.downloadermiddlewares.downloadtimeout.DownloadTimeoutMiddleware',
 'scrapy.downloadermiddlewares.defaultheaders.DefaultHeadersMiddleware',
 'scrapy.downloadermiddlewares.useragent.UserAgentMiddleware',
 'TextProcessorScrapy.middlewares.RandomUserAgentMiddleware',
 'TextProcessorScrapy.middlewares.HsNasaDownloaderMiddleware',
 'scrapy.downloadermiddlewares.retry.RetryMiddleware',
 'scrapy.downloadermiddlewares.redirect.MetaRefreshMiddleware',
 'scrapy.downloadermiddlewares.httpcompression.HttpCompressionMiddleware',
 'scrapy.downloadermiddlewares.httpproxy.HttpProxyMiddleware',
 'scrapy.downloadermiddlewares.stats.DownloaderStats']
2021-07-23 20:02:06 [scrapy.middleware] INFO: Enabled spider middlewares:
['scrapy.spidermiddlewares.httperror.HttpErrorMiddleware',
 'scrapy.spidermiddlewares.offsite.OffsiteMiddleware',
 'scrapy.spidermiddlewares.referer.RefererMiddleware',
 'scrapy.spidermiddlewares.urllength.UrlLengthMiddleware',
 'scrapy.spidermiddlewares.depth.DepthMiddleware']
2021-07-23 20:02:06 [TextProcessorScrapy.utils.utils] WARNING: Table data_nasa existed!
2021-07-23 20:02:06 [scrapy.middleware] INFO: Enabled item pipelines:
['TextProcessorScrapy.pipelines.HsNasaPipeline']
2021-07-23 20:02:06 [scrapy.core.engine] INFO: Spider opened
2021-07-23 20:02:06 [scrapy.extensions.logstats] INFO: Crawled 0 pages (at 0 pages/min), scraped 0 items (at 0 items/min)
2021-07-23 20:02:06 [NASA] INFO: Spider opened: NASA
2021-07-23 20:02:06 [scrapy.extensions.telnet] INFO: Telnet console listening on 127.0.0.1:6023
2021-07-23 20:02:06 [scrapy.crawler] INFO: Overridden settings:
{'BOT_NAME': 'TextProcessorScrapy',
 'CONCURRENT_REQUESTS': 2,
 'CONCURRENT_REQUESTS_PER_DOMAIN': 32,
 'CONCURRENT_REQUESTS_PER_IP': 128,
 'COOKIES_ENABLED': False,
 'DOWNLOAD_DELAY': 2,
 'LOG_FILE': '../log/scrapy_2021_7_23_56.log',
 'NEWSPIDER_MODULE': 'TextProcessorScrapy.spiders',
 'REACTOR_THREADPOOL_MAXSIZE': 20,
 'REDIRECT_ENABLED': False,
 'SPIDER_MODULES': ['TextProcessorScrapy.spiders']}
2021-07-23 20:02:06 [scrapy.extensions.telnet] INFO: Telnet Password: d9b0cb8fcd1e89b2
2021-07-23 20:02:06 [scrapy.middleware] INFO: Enabled extensions:
['scrapy.extensions.corestats.CoreStats',
 'scrapy.extensions.telnet.TelnetConsole',
 'scrapy.extensions.logstats.LogStats']
2021-07-23 20:02:06 [scrapy.middleware] INFO: Enabled downloader middlewares:
['scrapy.downloadermiddlewares.httpauth.HttpAuthMiddleware',
 'scrapy.downloadermiddlewares.downloadtimeout.DownloadTimeoutMiddleware',
 'scrapy.downloadermiddlewares.defaultheaders.DefaultHeadersMiddleware',
 'scrapy.downloadermiddlewares.useragent.UserAgentMiddleware',
 'TextProcessorScrapy.middlewares.RandomUserAgentMiddleware',
 'TextProcessorScrapy.middlewares.HsNasaDownloaderMiddleware',
 'scrapy.downloadermiddlewares.retry.RetryMiddleware',
 'scrapy.downloadermiddlewares.redirect.MetaRefreshMiddleware',
 'scrapy.downloadermiddlewares.httpcompression.HttpCompressionMiddleware',
 'scrapy.downloadermiddlewares.httpproxy.HttpProxyMiddleware',
 'scrapy.downloadermiddlewares.stats.DownloaderStats']
2021-07-23 20:02:06 [scrapy.middleware] INFO: Enabled spider middlewares:
['scrapy.spidermiddlewares.httperror.HttpErrorMiddleware',
 'scrapy.spidermiddlewares.offsite.OffsiteMiddleware',
 'scrapy.spidermiddlewares.referer.RefererMiddleware',
 'scrapy.spidermiddlewares.urllength.UrlLengthMiddleware',
 'scrapy.spidermiddlewares.depth.DepthMiddleware']
2021-07-23 20:02:06 [scrapy.middleware] INFO: Enabled item pipelines:
['TextProcessorScrapy.pipelines.TwitterPipeline']
2021-07-23 20:02:06 [scrapy.core.engine] INFO: Spider opened
2021-07-23 20:02:06 [scrapy.extensions.logstats] INFO: Crawled 0 pages (at 0 pages/min), scraped 0 items (at 0 items/min)
2021-07-23 20:02:06 [twitter] INFO: Spider opened: twitter
2021-07-23 20:02:06 [scrapy.extensions.telnet] INFO: Telnet console listening on 127.0.0.1:6024
2021-07-23 20:02:06 [scrapy.crawler] INFO: Overridden settings:
{'BOT_NAME': 'TextProcessorScrapy',
 'CONCURRENT_REQUESTS': 1,
 'CONCURRENT_REQUESTS_PER_DOMAIN': 32,
 'CONCURRENT_REQUESTS_PER_IP': 128,
 'COOKIES_ENABLED': False,
 'DOWNLOAD_DELAY': 2,
 'LOG_FILE': '../log/scrapy_2021_7_23_56.log',
 'NEWSPIDER_MODULE': 'TextProcessorScrapy.spiders',
 'REACTOR_THREADPOOL_MAXSIZE': 20,
 'REDIRECT_ENABLED': False,
 'SPIDER_MODULES': ['TextProcessorScrapy.spiders']}
2021-07-23 20:02:06 [scrapy.extensions.telnet] INFO: Telnet Password: b3bec3317f8eee3e
2021-07-23 20:02:06 [scrapy.middleware] INFO: Enabled extensions:
['scrapy.extensions.corestats.CoreStats',
 'scrapy.extensions.telnet.TelnetConsole',
 'scrapy.extensions.logstats.LogStats']
2021-07-23 20:02:07 [selenium.webdriver.remote.remote_connection] DEBUG: POST http://127.0.0.1:11136/session {"capabilities": {"firstMatch": [{}], "alwaysMatch": {"browserName": "chrome", "platformName": "any", "goog:chromeOptions": {"prefs": {"profile.default_content_setting_values": {"notifications": 2, "images": 2}}, "extensions": [], "args": ["--headless"]}}}, "desiredCapabilities": {"browserName": "chrome", "version": "", "platform": "ANY", "goog:chromeOptions": {"prefs": {"profile.default_content_setting_values": {"notifications": 2, "images": 2}}, "extensions": [], "args": ["--headless"]}}}
2021-07-23 20:02:07 [urllib3.connectionpool] DEBUG: Starting new HTTP connection (1): 127.0.0.1:11136
2021-07-23 20:02:07 [urllib3.connectionpool] DEBUG: http://127.0.0.1:11136 "POST /session HTTP/1.1" 200 753
2021-07-23 20:02:07 [selenium.webdriver.remote.remote_connection] DEBUG: Finished Request
2021-07-23 20:02:07 [selenium.webdriver.remote.remote_connection] DEBUG: POST http://127.0.0.1:11136/session/3d30056f9f1ab3a483eaba4a8cb4d7c0/timeouts {"implicit": 10000}
2021-07-23 20:02:07 [urllib3.connectionpool] DEBUG: http://127.0.0.1:11136 "POST /session/3d30056f9f1ab3a483eaba4a8cb4d7c0/timeouts HTTP/1.1" 200 14
2021-07-23 20:02:07 [selenium.webdriver.remote.remote_connection] DEBUG: Finished Request
2021-07-23 20:02:07 [twisted] CRITICAL: Unhandled error in Deferred:
2021-07-23 20:02:07 [twisted] CRITICAL: Unhandled error in Deferred:
2021-07-23 20:02:07 [twisted] CRITICAL: 
Traceback (most recent call last):
  File "D:\Anaconda\envs\HS\lib\site-packages\twisted\internet\defer.py", line 1445, in _inlineCallbacks
    result = current_context.run(g.send, result)
  File "D:\Anaconda\envs\HS\lib\site-packages\scrapy\crawler.py", line 86, in crawl
    self.spider = self._create_spider(*args, **kwargs)
  File "D:\Anaconda\envs\HS\lib\site-packages\scrapy\crawler.py", line 98, in _create_spider
    return self.spidercls.from_crawler(self, *args, **kwargs)
  File "D:\Anaconda\envs\HS\lib\site-packages\scrapy\spiders\__init__.py", line 50, in from_crawler
    spider = cls(*args, **kwargs)
  File "E:\workspace\TextProcessor\TextProcessorScrapy\spiders\Facebook.py", line 29, in __init__
    self.start_urls.append(head_url + self.keyword)
AttributeError: 'FacebookSpider' object has no attribute 'keyword'
2021-07-23 20:02:07 [twisted] CRITICAL: 
Traceback (most recent call last):
  File "D:\Anaconda\envs\HS\lib\site-packages\twisted\internet\defer.py", line 1445, in _inlineCallbacks
    result = current_context.run(g.send, result)
  File "D:\Anaconda\envs\HS\lib\site-packages\scrapy\crawler.py", line 86, in crawl
    self.spider = self._create_spider(*args, **kwargs)
  File "D:\Anaconda\envs\HS\lib\site-packages\scrapy\crawler.py", line 98, in _create_spider
    return self.spidercls.from_crawler(self, *args, **kwargs)
  File "D:\Anaconda\envs\HS\lib\site-packages\scrapy\spiders\__init__.py", line 50, in from_crawler
    spider = cls(*args, **kwargs)
  File "E:\workspace\TextProcessor\TextProcessorScrapy\spiders\Facebook.py", line 29, in __init__
    self.start_urls.append(head_url + self.keyword)
AttributeError: 'FacebookSpider' object has no attribute 'keyword'
2021-07-23 20:02:07 [scrapy.crawler] INFO: Overridden settings:
{'BOT_NAME': 'TextProcessorScrapy',
 'CONCURRENT_REQUESTS': 1,
 'CONCURRENT_REQUESTS_PER_DOMAIN': 32,
 'CONCURRENT_REQUESTS_PER_IP': 128,
 'COOKIES_ENABLED': False,
 'DOWNLOAD_DELAY': 2,
 'LOG_FILE': '../log/scrapy_2021_7_23_56.log',
 'NEWSPIDER_MODULE': 'TextProcessorScrapy.spiders',
 'REACTOR_THREADPOOL_MAXSIZE': 20,
 'REDIRECT_ENABLED': False,
 'SPIDER_MODULES': ['TextProcessorScrapy.spiders']}
2021-07-23 20:02:07 [scrapy.extensions.telnet] INFO: Telnet Password: 176ce0cb58a67648
2021-07-23 20:02:07 [scrapy.middleware] INFO: Enabled extensions:
['scrapy.extensions.corestats.CoreStats',
 'scrapy.extensions.telnet.TelnetConsole',
 'scrapy.extensions.logstats.LogStats']
2021-07-23 20:02:07 [twisted] CRITICAL: Unhandled error in Deferred:
2021-07-23 20:02:07 [twisted] CRITICAL: Unhandled error in Deferred:
2021-07-23 20:02:07 [twisted] CRITICAL: 
Traceback (most recent call last):
  File "D:\Anaconda\envs\HS\lib\site-packages\twisted\internet\defer.py", line 1445, in _inlineCallbacks
    result = current_context.run(g.send, result)
  File "D:\Anaconda\envs\HS\lib\site-packages\scrapy\crawler.py", line 86, in crawl
    self.spider = self._create_spider(*args, **kwargs)
  File "D:\Anaconda\envs\HS\lib\site-packages\scrapy\crawler.py", line 98, in _create_spider
    return self.spidercls.from_crawler(self, *args, **kwargs)
  File "D:\Anaconda\envs\HS\lib\site-packages\scrapy\spiders\__init__.py", line 50, in from_crawler
    spider = cls(*args, **kwargs)
  File "E:\workspace\TextProcessor\TextProcessorScrapy\spiders\Aiaa.py", line 23, in __init__
    self.start_urls.append(url_head + self.keyword + url_end)
AttributeError: 'AiaaSpider' object has no attribute 'keyword'
2021-07-23 20:02:07 [twisted] CRITICAL: 
Traceback (most recent call last):
  File "D:\Anaconda\envs\HS\lib\site-packages\twisted\internet\defer.py", line 1445, in _inlineCallbacks
    result = current_context.run(g.send, result)
  File "D:\Anaconda\envs\HS\lib\site-packages\scrapy\crawler.py", line 86, in crawl
    self.spider = self._create_spider(*args, **kwargs)
  File "D:\Anaconda\envs\HS\lib\site-packages\scrapy\crawler.py", line 98, in _create_spider
    return self.spidercls.from_crawler(self, *args, **kwargs)
  File "D:\Anaconda\envs\HS\lib\site-packages\scrapy\spiders\__init__.py", line 50, in from_crawler
    spider = cls(*args, **kwargs)
  File "E:\workspace\TextProcessor\TextProcessorScrapy\spiders\Aiaa.py", line 23, in __init__
    self.start_urls.append(url_head + self.keyword + url_end)
AttributeError: 'AiaaSpider' object has no attribute 'keyword'
