2021-07-23 11:24:31 [scrapy.utils.log] INFO: Scrapy 2.5.0 started (bot: TextProcessorScrapy)
2021-07-23 11:24:31 [scrapy.utils.log] INFO: Versions: lxml 4.6.3.0, libxml2 2.9.5, cssselect 1.1.0, parsel 1.6.0, w3lib 1.22.0, Twisted 21.2.0, Python 3.7.9 (default, Aug 31 2020, 17:10:11) [MSC v.1916 64 bit (AMD64)], pyOpenSSL 20.0.1 (OpenSSL 1.1.1k  25 Mar 2021), cryptography 3.4.7, Platform Windows-10-10.0.19041-SP0
2021-07-23 11:24:31 [scrapy.utils.log] DEBUG: Using reactor: twisted.internet.selectreactor.SelectReactor
2021-07-23 11:24:31 [scrapy.crawler] INFO: Overridden settings:
{'BOT_NAME': 'TextProcessorScrapy',
 'CONCURRENT_REQUESTS': 32,
 'CONCURRENT_REQUESTS_PER_DOMAIN': 32,
 'CONCURRENT_REQUESTS_PER_IP': 128,
 'COOKIES_ENABLED': False,
 'DOWNLOAD_DELAY': 2,
 'LOG_FILE': '../log/scrapy_2021_7_23_32.log',
 'NEWSPIDER_MODULE': 'TextProcessorScrapy.spiders',
 'REACTOR_THREADPOOL_MAXSIZE': 20,
 'SPIDER_MODULES': ['TextProcessorScrapy.spiders']}
2021-07-23 11:24:31 [scrapy.extensions.telnet] INFO: Telnet Password: ad66f4440cdc3cff
2021-07-23 11:24:31 [scrapy.middleware] INFO: Enabled extensions:
['scrapy.extensions.corestats.CoreStats',
 'scrapy.extensions.telnet.TelnetConsole',
 'scrapy.extensions.logstats.LogStats']
2021-07-23 11:24:32 [scrapy.middleware] INFO: Enabled downloader middlewares:
['scrapy.downloadermiddlewares.httpauth.HttpAuthMiddleware',
 'scrapy.downloadermiddlewares.downloadtimeout.DownloadTimeoutMiddleware',
 'scrapy.downloadermiddlewares.defaultheaders.DefaultHeadersMiddleware',
 'scrapy.downloadermiddlewares.useragent.UserAgentMiddleware',
 'TextProcessorScrapy.middlewares.RandomUserAgentMiddleware',
 'TextProcessorScrapy.middlewares.HsNasaDownloaderMiddleware',
 'scrapy.downloadermiddlewares.retry.RetryMiddleware',
 'scrapy.downloadermiddlewares.redirect.MetaRefreshMiddleware',
 'scrapy.downloadermiddlewares.httpcompression.HttpCompressionMiddleware',
 'scrapy.downloadermiddlewares.redirect.RedirectMiddleware',
 'scrapy.downloadermiddlewares.httpproxy.HttpProxyMiddleware',
 'scrapy.downloadermiddlewares.stats.DownloaderStats']
2021-07-23 11:24:32 [scrapy.middleware] INFO: Enabled spider middlewares:
['scrapy.spidermiddlewares.httperror.HttpErrorMiddleware',
 'scrapy.spidermiddlewares.offsite.OffsiteMiddleware',
 'scrapy.spidermiddlewares.referer.RefererMiddleware',
 'scrapy.spidermiddlewares.urllength.UrlLengthMiddleware',
 'scrapy.spidermiddlewares.depth.DepthMiddleware']
2021-07-23 11:24:32 [scrapy.middleware] INFO: Enabled item pipelines:
['TextProcessorScrapy.pipelines.HsNasaPipeline']
2021-07-23 11:24:32 [scrapy.core.engine] INFO: Spider opened
2021-07-23 11:24:32 [scrapy.extensions.logstats] INFO: Crawled 0 pages (at 0 pages/min), scraped 0 items (at 0 items/min)
2021-07-23 11:24:32 [NASA] INFO: Spider opened: NASA
2021-07-23 11:24:32 [scrapy.extensions.telnet] INFO: Telnet console listening on 127.0.0.1:6023
2021-07-23 11:24:36 [scrapy.core.engine] DEBUG: Crawled (200) <GET https://nasasearch.nasa.gov/search?query=target&affiliate=nasa&utf8=%E2%9C%93> (referer: None)
2021-07-23 11:24:37 [scrapy.core.engine] DEBUG: Crawled (200) <GET https://nasasearch.nasa.gov/search?query=ground+target&affiliate=nasa&utf8=%E2%9C%93> (referer: None)
2021-07-23 11:24:37 [scrapy.dupefilters] DEBUG: Filtered duplicate request: <GET https://www.jpl.nasa.gov/edu/learn/project/code-a-mars-helicopter-video-game/> - no more duplicates will be shown (see DUPEFILTER_DEBUG to show all duplicates)
2021-07-23 11:24:38 [scrapy.core.engine] DEBUG: Crawled (200) <GET https://nasasearch.nasa.gov/search?query=half-underground+target&affiliate=nasa&utf8=%E2%9C%93> (referer: None)
2021-07-23 11:24:40 [scrapy.core.engine] DEBUG: Crawled (200) <GET https://nasasearch.nasa.gov/search?query=underground+target&affiliate=nasa&utf8=%E2%9C%93> (referer: None)
2021-07-23 11:24:42 [scrapy.crawler] INFO: Received SIGINT, shutting down gracefully. Send again to force 
2021-07-23 11:24:42 [scrapy.core.engine] INFO: Closing spider (shutdown)
2021-07-23 11:24:43 [scrapy.core.engine] DEBUG: Crawled (200) <GET https://nasasearch.nasa.gov/search?query=water+surface+target&affiliate=nasa&utf8=%E2%9C%93> (referer: None)
2021-07-23 11:24:45 [scrapy.crawler] INFO: Received SIGINT twice, forcing unclean shutdown
