2021-07-23 16:53:19 [scrapy.extensions.telnet] INFO: Telnet Password: 1d762acbe6596079
2021-07-23 16:53:19 [scrapy.extensions.telnet] INFO: Telnet Password: 1d762acbe6596079
2021-07-23 16:53:19 [scrapy.extensions.telnet] INFO: Telnet Password: 93a09245037124f7
2021-07-23 16:53:19 [scrapy.extensions.telnet] INFO: Telnet Password: 93a09245037124f7
2021-07-23 16:53:19 [scrapy.middleware] INFO: Enabled extensions:
['scrapy.extensions.corestats.CoreStats',
 'scrapy.extensions.telnet.TelnetConsole',
 'scrapy.extensions.logstats.LogStats']
2021-07-23 16:53:19 [scrapy.middleware] INFO: Enabled extensions:
['scrapy.extensions.corestats.CoreStats',
 'scrapy.extensions.telnet.TelnetConsole',
 'scrapy.extensions.logstats.LogStats']
2021-07-23 16:53:19 [scrapy.middleware] INFO: Enabled extensions:
['scrapy.extensions.corestats.CoreStats',
 'scrapy.extensions.telnet.TelnetConsole',
 'scrapy.extensions.logstats.LogStats']
2021-07-23 16:53:19 [scrapy.middleware] INFO: Enabled extensions:
['scrapy.extensions.corestats.CoreStats',
 'scrapy.extensions.telnet.TelnetConsole',
 'scrapy.extensions.logstats.LogStats']
2021-07-23 16:53:19 [scrapy.middleware] INFO: Enabled downloader middlewares:
['scrapy.downloadermiddlewares.httpauth.HttpAuthMiddleware',
 'scrapy.downloadermiddlewares.downloadtimeout.DownloadTimeoutMiddleware',
 'scrapy.downloadermiddlewares.defaultheaders.DefaultHeadersMiddleware',
 'scrapy.downloadermiddlewares.useragent.UserAgentMiddleware',
 'TextProcessorScrapy.middlewares.RandomUserAgentMiddleware',
 'TextProcessorScrapy.middlewares.HsNasaDownloaderMiddleware',
 'scrapy.downloadermiddlewares.retry.RetryMiddleware',
 'scrapy.downloadermiddlewares.redirect.MetaRefreshMiddleware',
 'scrapy.downloadermiddlewares.httpcompression.HttpCompressionMiddleware',
 'scrapy.downloadermiddlewares.httpproxy.HttpProxyMiddleware',
 'scrapy.downloadermiddlewares.stats.DownloaderStats']
2021-07-23 16:53:19 [scrapy.middleware] INFO: Enabled downloader middlewares:
['scrapy.downloadermiddlewares.httpauth.HttpAuthMiddleware',
 'scrapy.downloadermiddlewares.downloadtimeout.DownloadTimeoutMiddleware',
 'scrapy.downloadermiddlewares.defaultheaders.DefaultHeadersMiddleware',
 'scrapy.downloadermiddlewares.useragent.UserAgentMiddleware',
 'TextProcessorScrapy.middlewares.RandomUserAgentMiddleware',
 'TextProcessorScrapy.middlewares.HsNasaDownloaderMiddleware',
 'scrapy.downloadermiddlewares.retry.RetryMiddleware',
 'scrapy.downloadermiddlewares.redirect.MetaRefreshMiddleware',
 'scrapy.downloadermiddlewares.httpcompression.HttpCompressionMiddleware',
 'scrapy.downloadermiddlewares.httpproxy.HttpProxyMiddleware',
 'scrapy.downloadermiddlewares.stats.DownloaderStats']
2021-07-23 16:53:19 [scrapy.middleware] INFO: Enabled downloader middlewares:
['scrapy.downloadermiddlewares.httpauth.HttpAuthMiddleware',
 'scrapy.downloadermiddlewares.downloadtimeout.DownloadTimeoutMiddleware',
 'scrapy.downloadermiddlewares.defaultheaders.DefaultHeadersMiddleware',
 'scrapy.downloadermiddlewares.useragent.UserAgentMiddleware',
 'TextProcessorScrapy.middlewares.RandomUserAgentMiddleware',
 'TextProcessorScrapy.middlewares.HsNasaDownloaderMiddleware',
 'scrapy.downloadermiddlewares.retry.RetryMiddleware',
 'scrapy.downloadermiddlewares.redirect.MetaRefreshMiddleware',
 'scrapy.downloadermiddlewares.httpcompression.HttpCompressionMiddleware',
 'scrapy.downloadermiddlewares.httpproxy.HttpProxyMiddleware',
 'scrapy.downloadermiddlewares.stats.DownloaderStats']
2021-07-23 16:53:19 [scrapy.middleware] INFO: Enabled downloader middlewares:
['scrapy.downloadermiddlewares.httpauth.HttpAuthMiddleware',
 'scrapy.downloadermiddlewares.downloadtimeout.DownloadTimeoutMiddleware',
 'scrapy.downloadermiddlewares.defaultheaders.DefaultHeadersMiddleware',
 'scrapy.downloadermiddlewares.useragent.UserAgentMiddleware',
 'TextProcessorScrapy.middlewares.RandomUserAgentMiddleware',
 'TextProcessorScrapy.middlewares.HsNasaDownloaderMiddleware',
 'scrapy.downloadermiddlewares.retry.RetryMiddleware',
 'scrapy.downloadermiddlewares.redirect.MetaRefreshMiddleware',
 'scrapy.downloadermiddlewares.httpcompression.HttpCompressionMiddleware',
 'scrapy.downloadermiddlewares.httpproxy.HttpProxyMiddleware',
 'scrapy.downloadermiddlewares.stats.DownloaderStats']
2021-07-23 16:53:19 [scrapy.middleware] INFO: Enabled spider middlewares:
['scrapy.spidermiddlewares.httperror.HttpErrorMiddleware',
 'scrapy.spidermiddlewares.offsite.OffsiteMiddleware',
 'scrapy.spidermiddlewares.referer.RefererMiddleware',
 'scrapy.spidermiddlewares.urllength.UrlLengthMiddleware',
 'scrapy.spidermiddlewares.depth.DepthMiddleware']
2021-07-23 16:53:19 [scrapy.middleware] INFO: Enabled spider middlewares:
['scrapy.spidermiddlewares.httperror.HttpErrorMiddleware',
 'scrapy.spidermiddlewares.offsite.OffsiteMiddleware',
 'scrapy.spidermiddlewares.referer.RefererMiddleware',
 'scrapy.spidermiddlewares.urllength.UrlLengthMiddleware',
 'scrapy.spidermiddlewares.depth.DepthMiddleware']
2021-07-23 16:53:19 [scrapy.middleware] INFO: Enabled spider middlewares:
['scrapy.spidermiddlewares.httperror.HttpErrorMiddleware',
 'scrapy.spidermiddlewares.offsite.OffsiteMiddleware',
 'scrapy.spidermiddlewares.referer.RefererMiddleware',
 'scrapy.spidermiddlewares.urllength.UrlLengthMiddleware',
 'scrapy.spidermiddlewares.depth.DepthMiddleware']
2021-07-23 16:53:19 [scrapy.middleware] INFO: Enabled spider middlewares:
['scrapy.spidermiddlewares.httperror.HttpErrorMiddleware',
 'scrapy.spidermiddlewares.offsite.OffsiteMiddleware',
 'scrapy.spidermiddlewares.referer.RefererMiddleware',
 'scrapy.spidermiddlewares.urllength.UrlLengthMiddleware',
 'scrapy.spidermiddlewares.depth.DepthMiddleware']
2021-07-23 16:53:19 [scrapy.middleware] INFO: Enabled item pipelines:
['TextProcessorScrapy.pipelines.TwitterPipeline']
2021-07-23 16:53:19 [scrapy.middleware] INFO: Enabled item pipelines:
['TextProcessorScrapy.pipelines.TwitterPipeline']
2021-07-23 16:53:19 [scrapy.core.engine] INFO: Spider opened
2021-07-23 16:53:19 [scrapy.core.engine] INFO: Spider opened
2021-07-23 16:53:19 [TextProcessorScrapy.utils.utils] WARNING: Table data_nasa existed!
2021-07-23 16:53:19 [TextProcessorScrapy.utils.utils] WARNING: Table data_nasa existed!
2021-07-23 16:53:19 [scrapy.middleware] INFO: Enabled item pipelines:
['TextProcessorScrapy.pipelines.HsNasaPipeline']
2021-07-23 16:53:19 [scrapy.middleware] INFO: Enabled item pipelines:
['TextProcessorScrapy.pipelines.HsNasaPipeline']
2021-07-23 16:53:19 [scrapy.core.engine] INFO: Spider opened
2021-07-23 16:53:19 [scrapy.core.engine] INFO: Spider opened
2021-07-23 16:53:19 [scrapy.extensions.logstats] INFO: Crawled 0 pages (at 0 pages/min), scraped 0 items (at 0 items/min)
2021-07-23 16:53:19 [scrapy.extensions.logstats] INFO: Crawled 0 pages (at 0 pages/min), scraped 0 items (at 0 items/min)
2021-07-23 16:53:19 [scrapy.extensions.logstats] INFO: Crawled 0 pages (at 0 pages/min), scraped 0 items (at 0 items/min)
2021-07-23 16:53:19 [scrapy.extensions.logstats] INFO: Crawled 0 pages (at 0 pages/min), scraped 0 items (at 0 items/min)
2021-07-23 16:53:19 [twitter] INFO: Spider opened: twitter
2021-07-23 16:53:19 [twitter] INFO: Spider opened: twitter
2021-07-23 16:53:19 [NASA] INFO: Spider opened: NASA
2021-07-23 16:53:19 [NASA] INFO: Spider opened: NASA
2021-07-23 16:53:19 [scrapy.extensions.telnet] INFO: Telnet console listening on 127.0.0.1:6023
2021-07-23 16:53:19 [scrapy.extensions.telnet] INFO: Telnet console listening on 127.0.0.1:6023
2021-07-23 16:53:19 [twisted] CRITICAL: Unhandled Error
Traceback (most recent call last):
  File "D:\Anaconda\envs\HS\lib\site-packages\twisted\internet\base.py", line 503, in fireEvent
    DeferredList(beforeResults).addCallback(self._continueFiring)
  File "D:\Anaconda\envs\HS\lib\site-packages\twisted\internet\defer.py", line 339, in addCallback
    return self.addCallbacks(callback, callbackArgs=args, callbackKeywords=kw)
  File "D:\Anaconda\envs\HS\lib\site-packages\twisted\internet\defer.py", line 330, in addCallbacks
    self._runCallbacks()
  File "D:\Anaconda\envs\HS\lib\site-packages\twisted\internet\defer.py", line 662, in _runCallbacks
    current.result = callback(current.result, *args, **kw)
--- <exception caught here> ---
  File "D:\Anaconda\envs\HS\lib\site-packages\twisted\internet\base.py", line 515, in _continueFiring
    callable(*args, **kwargs)
  File "D:\Anaconda\envs\HS\lib\site-packages\twisted\internet\base.py", line 1419, in _reallyStartRunning
    self._handleSignals()
  File "D:\Anaconda\envs\HS\lib\site-packages\twisted\internet\posixbase.py", line 341, in _handleSignals
    _SignalReactorMixin._handleSignals(self)
  File "D:\Anaconda\envs\HS\lib\site-packages\twisted\internet\base.py", line 1386, in _handleSignals
    signal.signal(signal.SIGINT, reactorBaseSelf.sigInt)
  File "D:\Anaconda\envs\HS\lib\signal.py", line 47, in signal
    handler = _signal.signal(_enum_to_int(signalnum), _enum_to_int(handler))
builtins.ValueError: signal only works in main thread

2021-07-23 16:53:19 [twisted] CRITICAL: Unhandled Error
Traceback (most recent call last):
  File "D:\Anaconda\envs\HS\lib\site-packages\twisted\internet\base.py", line 503, in fireEvent
    DeferredList(beforeResults).addCallback(self._continueFiring)
  File "D:\Anaconda\envs\HS\lib\site-packages\twisted\internet\defer.py", line 339, in addCallback
    return self.addCallbacks(callback, callbackArgs=args, callbackKeywords=kw)
  File "D:\Anaconda\envs\HS\lib\site-packages\twisted\internet\defer.py", line 330, in addCallbacks
    self._runCallbacks()
  File "D:\Anaconda\envs\HS\lib\site-packages\twisted\internet\defer.py", line 662, in _runCallbacks
    current.result = callback(current.result, *args, **kw)
--- <exception caught here> ---
  File "D:\Anaconda\envs\HS\lib\site-packages\twisted\internet\base.py", line 515, in _continueFiring
    callable(*args, **kwargs)
  File "D:\Anaconda\envs\HS\lib\site-packages\twisted\internet\base.py", line 1419, in _reallyStartRunning
    self._handleSignals()
  File "D:\Anaconda\envs\HS\lib\site-packages\twisted\internet\posixbase.py", line 341, in _handleSignals
    _SignalReactorMixin._handleSignals(self)
  File "D:\Anaconda\envs\HS\lib\site-packages\twisted\internet\base.py", line 1386, in _handleSignals
    signal.signal(signal.SIGINT, reactorBaseSelf.sigInt)
  File "D:\Anaconda\envs\HS\lib\signal.py", line 47, in signal
    handler = _signal.signal(_enum_to_int(signalnum), _enum_to_int(handler))
builtins.ValueError: signal only works in main thread

2021-07-23 16:53:19 [twisted] CRITICAL: Unhandled Error
Traceback (most recent call last):
  File "D:\Anaconda\envs\HS\lib\site-packages\twisted\internet\base.py", line 503, in fireEvent
    DeferredList(beforeResults).addCallback(self._continueFiring)
  File "D:\Anaconda\envs\HS\lib\site-packages\twisted\internet\defer.py", line 339, in addCallback
    return self.addCallbacks(callback, callbackArgs=args, callbackKeywords=kw)
  File "D:\Anaconda\envs\HS\lib\site-packages\twisted\internet\defer.py", line 330, in addCallbacks
    self._runCallbacks()
  File "D:\Anaconda\envs\HS\lib\site-packages\twisted\internet\defer.py", line 662, in _runCallbacks
    current.result = callback(current.result, *args, **kw)
--- <exception caught here> ---
  File "D:\Anaconda\envs\HS\lib\site-packages\twisted\internet\base.py", line 515, in _continueFiring
    callable(*args, **kwargs)
  File "D:\Anaconda\envs\HS\lib\site-packages\twisted\internet\base.py", line 1419, in _reallyStartRunning
    self._handleSignals()
  File "D:\Anaconda\envs\HS\lib\site-packages\twisted\internet\posixbase.py", line 341, in _handleSignals
    _SignalReactorMixin._handleSignals(self)
  File "D:\Anaconda\envs\HS\lib\site-packages\twisted\internet\base.py", line 1386, in _handleSignals
    signal.signal(signal.SIGINT, reactorBaseSelf.sigInt)
  File "D:\Anaconda\envs\HS\lib\signal.py", line 47, in signal
    handler = _signal.signal(_enum_to_int(signalnum), _enum_to_int(handler))
builtins.ValueError: signal only works in main thread

2021-07-23 16:53:19 [twisted] CRITICAL: Unhandled Error
Traceback (most recent call last):
  File "D:\Anaconda\envs\HS\lib\site-packages\twisted\internet\base.py", line 503, in fireEvent
    DeferredList(beforeResults).addCallback(self._continueFiring)
  File "D:\Anaconda\envs\HS\lib\site-packages\twisted\internet\defer.py", line 339, in addCallback
    return self.addCallbacks(callback, callbackArgs=args, callbackKeywords=kw)
  File "D:\Anaconda\envs\HS\lib\site-packages\twisted\internet\defer.py", line 330, in addCallbacks
    self._runCallbacks()
  File "D:\Anaconda\envs\HS\lib\site-packages\twisted\internet\defer.py", line 662, in _runCallbacks
    current.result = callback(current.result, *args, **kw)
--- <exception caught here> ---
  File "D:\Anaconda\envs\HS\lib\site-packages\twisted\internet\base.py", line 515, in _continueFiring
    callable(*args, **kwargs)
  File "D:\Anaconda\envs\HS\lib\site-packages\twisted\internet\base.py", line 1419, in _reallyStartRunning
    self._handleSignals()
  File "D:\Anaconda\envs\HS\lib\site-packages\twisted\internet\posixbase.py", line 341, in _handleSignals
    _SignalReactorMixin._handleSignals(self)
  File "D:\Anaconda\envs\HS\lib\site-packages\twisted\internet\base.py", line 1386, in _handleSignals
    signal.signal(signal.SIGINT, reactorBaseSelf.sigInt)
  File "D:\Anaconda\envs\HS\lib\signal.py", line 47, in signal
    handler = _signal.signal(_enum_to_int(signalnum), _enum_to_int(handler))
builtins.ValueError: signal only works in main thread

2021-07-23 16:53:19 [scrapy.extensions.telnet] INFO: Telnet console listening on 127.0.0.1:6024
2021-07-23 16:53:19 [scrapy.extensions.telnet] INFO: Telnet console listening on 127.0.0.1:6024
2021-07-23 16:53:20 [scrapy.core.engine] DEBUG: Crawled (302) <GET https://twitter.com/explore> (referer: None)
2021-07-23 16:53:20 [scrapy.core.engine] DEBUG: Crawled (302) <GET https://twitter.com/explore> (referer: None)
2021-07-23 16:53:20 [tweepy.binder] DEBUG: PARAMS: {'q': b'target', 'tweet_mode': b'extended', 'show_user': b'True'}
2021-07-23 16:53:20 [tweepy.binder] DEBUG: PARAMS: {'q': b'target', 'tweet_mode': b'extended', 'show_user': b'True'}
2021-07-23 16:53:20 [requests_oauthlib.oauth1_auth] DEBUG: Signing request <PreparedRequest [GET]> using client <Client client_key=ioTGfhxK3Fylub82QJmLMB6mB, client_secret=****, resource_owner_key=1372722615991738368-bQ4nwuK0vKY95zAIoIAaeqP44DYg56, resource_owner_secret=****, signature_method=HMAC-SHA1, signature_type=AUTH_HEADER, callback_uri=None, rsa_key=None, verifier=None, realm=None, encoding=utf-8, decoding=None, nonce=None, timestamp=None>
2021-07-23 16:53:20 [requests_oauthlib.oauth1_auth] DEBUG: Signing request <PreparedRequest [GET]> using client <Client client_key=ioTGfhxK3Fylub82QJmLMB6mB, client_secret=****, resource_owner_key=1372722615991738368-bQ4nwuK0vKY95zAIoIAaeqP44DYg56, resource_owner_secret=****, signature_method=HMAC-SHA1, signature_type=AUTH_HEADER, callback_uri=None, rsa_key=None, verifier=None, realm=None, encoding=utf-8, decoding=None, nonce=None, timestamp=None>
2021-07-23 16:53:20 [requests_oauthlib.oauth1_auth] DEBUG: Including body in call to sign: False
2021-07-23 16:53:20 [requests_oauthlib.oauth1_auth] DEBUG: Including body in call to sign: False
2021-07-23 16:53:20 [oauthlib.oauth1.rfc5849] DEBUG: Collected params: [('q', 'target'), ('tweet_mode', 'extended'), ('show_user', 'True'), ('oauth_nonce', '57719884378193590451627030400'), ('oauth_timestamp', '1627030400'), ('oauth_version', '1.0'), ('oauth_signature_method', 'HMAC-SHA1'), ('oauth_consumer_key', 'ioTGfhxK3Fylub82QJmLMB6mB'), ('oauth_token', '1372722615991738368-bQ4nwuK0vKY95zAIoIAaeqP44DYg56')]
2021-07-23 16:53:20 [oauthlib.oauth1.rfc5849] DEBUG: Collected params: [('q', 'target'), ('tweet_mode', 'extended'), ('show_user', 'True'), ('oauth_nonce', '57719884378193590451627030400'), ('oauth_timestamp', '1627030400'), ('oauth_version', '1.0'), ('oauth_signature_method', 'HMAC-SHA1'), ('oauth_consumer_key', 'ioTGfhxK3Fylub82QJmLMB6mB'), ('oauth_token', '1372722615991738368-bQ4nwuK0vKY95zAIoIAaeqP44DYg56')]
2021-07-23 16:53:20 [oauthlib.oauth1.rfc5849] DEBUG: Normalized params: oauth_consumer_key=ioTGfhxK3Fylub82QJmLMB6mB&oauth_nonce=57719884378193590451627030400&oauth_signature_method=HMAC-SHA1&oauth_timestamp=1627030400&oauth_token=1372722615991738368-bQ4nwuK0vKY95zAIoIAaeqP44DYg56&oauth_version=1.0&q=target&show_user=True&tweet_mode=extended
2021-07-23 16:53:20 [oauthlib.oauth1.rfc5849] DEBUG: Normalized params: oauth_consumer_key=ioTGfhxK3Fylub82QJmLMB6mB&oauth_nonce=57719884378193590451627030400&oauth_signature_method=HMAC-SHA1&oauth_timestamp=1627030400&oauth_token=1372722615991738368-bQ4nwuK0vKY95zAIoIAaeqP44DYg56&oauth_version=1.0&q=target&show_user=True&tweet_mode=extended
2021-07-23 16:53:20 [oauthlib.oauth1.rfc5849] DEBUG: Normalized URI: https://api.twitter.com/1.1/search/tweets.json
2021-07-23 16:53:20 [oauthlib.oauth1.rfc5849] DEBUG: Normalized URI: https://api.twitter.com/1.1/search/tweets.json
2021-07-23 16:53:20 [oauthlib.oauth1.rfc5849] DEBUG: Signing: signature base string: GET&https%3A%2F%2Fapi.twitter.com%2F1.1%2Fsearch%2Ftweets.json&oauth_consumer_key%3DioTGfhxK3Fylub82QJmLMB6mB%26oauth_nonce%3D57719884378193590451627030400%26oauth_signature_method%3DHMAC-SHA1%26oauth_timestamp%3D1627030400%26oauth_token%3D1372722615991738368-bQ4nwuK0vKY95zAIoIAaeqP44DYg56%26oauth_version%3D1.0%26q%3Dtarget%26show_user%3DTrue%26tweet_mode%3Dextended
2021-07-23 16:53:20 [oauthlib.oauth1.rfc5849] DEBUG: Signing: signature base string: GET&https%3A%2F%2Fapi.twitter.com%2F1.1%2Fsearch%2Ftweets.json&oauth_consumer_key%3DioTGfhxK3Fylub82QJmLMB6mB%26oauth_nonce%3D57719884378193590451627030400%26oauth_signature_method%3DHMAC-SHA1%26oauth_timestamp%3D1627030400%26oauth_token%3D1372722615991738368-bQ4nwuK0vKY95zAIoIAaeqP44DYg56%26oauth_version%3D1.0%26q%3Dtarget%26show_user%3DTrue%26tweet_mode%3Dextended
2021-07-23 16:53:20 [oauthlib.oauth1.rfc5849] DEBUG: Signature: TQAn9AFjhcwoLJfiaxrUSlD9HqI=
2021-07-23 16:53:20 [oauthlib.oauth1.rfc5849] DEBUG: Signature: TQAn9AFjhcwoLJfiaxrUSlD9HqI=
2021-07-23 16:53:20 [requests_oauthlib.oauth1_auth] DEBUG: Updated url: https://api.twitter.com/1.1/search/tweets.json?q=target&tweet_mode=extended&show_user=True
2021-07-23 16:53:20 [requests_oauthlib.oauth1_auth] DEBUG: Updated url: https://api.twitter.com/1.1/search/tweets.json?q=target&tweet_mode=extended&show_user=True
2021-07-23 16:53:20 [requests_oauthlib.oauth1_auth] DEBUG: Updated headers: {'Host': 'api.twitter.com', 'Authorization': 'OAuth oauth_nonce="57719884378193590451627030400", oauth_timestamp="1627030400", oauth_version="1.0", oauth_signature_method="HMAC-SHA1", oauth_consumer_key="ioTGfhxK3Fylub82QJmLMB6mB", oauth_token="1372722615991738368-bQ4nwuK0vKY95zAIoIAaeqP44DYg56", oauth_signature="TQAn9AFjhcwoLJfiaxrUSlD9HqI%3D"'}
2021-07-23 16:53:20 [requests_oauthlib.oauth1_auth] DEBUG: Updated headers: {'Host': 'api.twitter.com', 'Authorization': 'OAuth oauth_nonce="57719884378193590451627030400", oauth_timestamp="1627030400", oauth_version="1.0", oauth_signature_method="HMAC-SHA1", oauth_consumer_key="ioTGfhxK3Fylub82QJmLMB6mB", oauth_token="1372722615991738368-bQ4nwuK0vKY95zAIoIAaeqP44DYg56", oauth_signature="TQAn9AFjhcwoLJfiaxrUSlD9HqI%3D"'}
2021-07-23 16:53:20 [requests_oauthlib.oauth1_auth] DEBUG: Updated body: None
2021-07-23 16:53:20 [requests_oauthlib.oauth1_auth] DEBUG: Updated body: None
2021-07-23 16:53:20 [urllib3.connectionpool] DEBUG: Starting new HTTPS connection (1): api.twitter.com:443
2021-07-23 16:53:20 [urllib3.connectionpool] DEBUG: Starting new HTTPS connection (1): api.twitter.com:443
2021-07-23 16:53:21 [urllib3.connectionpool] DEBUG: https://api.twitter.com:443 "GET /1.1/search/tweets.json?q=target&tweet_mode=extended&show_user=True HTTP/1.1" 200 47803
2021-07-23 16:53:21 [urllib3.connectionpool] DEBUG: https://api.twitter.com:443 "GET /1.1/search/tweets.json?q=target&tweet_mode=extended&show_user=True HTTP/1.1" 200 47803
2021-07-23 16:53:21 [tweepy.binder] DEBUG: PARAMS: {'create': b'True'}
2021-07-23 16:53:21 [tweepy.binder] DEBUG: PARAMS: {'create': b'True'}
2021-07-23 16:53:21 [tweepy.binder] DEBUG: PARAMS: {'q': b'target', 'max_id': b'1418494370882465792', 'tweet_mode': b'extended', 'show_user': b'True'}
2021-07-23 16:53:21 [tweepy.binder] DEBUG: PARAMS: {'q': b'target', 'max_id': b'1418494370882465792', 'tweet_mode': b'extended', 'show_user': b'True'}
2021-07-23 16:53:21 [requests_oauthlib.oauth1_auth] DEBUG: Signing request <PreparedRequest [GET]> using client <Client client_key=ioTGfhxK3Fylub82QJmLMB6mB, client_secret=****, resource_owner_key=1372722615991738368-bQ4nwuK0vKY95zAIoIAaeqP44DYg56, resource_owner_secret=****, signature_method=HMAC-SHA1, signature_type=AUTH_HEADER, callback_uri=None, rsa_key=None, verifier=None, realm=None, encoding=utf-8, decoding=None, nonce=None, timestamp=None>
2021-07-23 16:53:21 [requests_oauthlib.oauth1_auth] DEBUG: Signing request <PreparedRequest [GET]> using client <Client client_key=ioTGfhxK3Fylub82QJmLMB6mB, client_secret=****, resource_owner_key=1372722615991738368-bQ4nwuK0vKY95zAIoIAaeqP44DYg56, resource_owner_secret=****, signature_method=HMAC-SHA1, signature_type=AUTH_HEADER, callback_uri=None, rsa_key=None, verifier=None, realm=None, encoding=utf-8, decoding=None, nonce=None, timestamp=None>
2021-07-23 16:53:21 [requests_oauthlib.oauth1_auth] DEBUG: Including body in call to sign: False
2021-07-23 16:53:21 [requests_oauthlib.oauth1_auth] DEBUG: Including body in call to sign: False
2021-07-23 16:53:21 [oauthlib.oauth1.rfc5849] DEBUG: Collected params: [('q', 'target'), ('max_id', '1418494370882465792'), ('tweet_mode', 'extended'), ('show_user', 'True'), ('oauth_nonce', '139809793427463910431627030401'), ('oauth_timestamp', '1627030401'), ('oauth_version', '1.0'), ('oauth_signature_method', 'HMAC-SHA1'), ('oauth_consumer_key', 'ioTGfhxK3Fylub82QJmLMB6mB'), ('oauth_token', '1372722615991738368-bQ4nwuK0vKY95zAIoIAaeqP44DYg56')]
2021-07-23 16:53:21 [oauthlib.oauth1.rfc5849] DEBUG: Collected params: [('q', 'target'), ('max_id', '1418494370882465792'), ('tweet_mode', 'extended'), ('show_user', 'True'), ('oauth_nonce', '139809793427463910431627030401'), ('oauth_timestamp', '1627030401'), ('oauth_version', '1.0'), ('oauth_signature_method', 'HMAC-SHA1'), ('oauth_consumer_key', 'ioTGfhxK3Fylub82QJmLMB6mB'), ('oauth_token', '1372722615991738368-bQ4nwuK0vKY95zAIoIAaeqP44DYg56')]
2021-07-23 16:53:21 [oauthlib.oauth1.rfc5849] DEBUG: Normalized params: max_id=1418494370882465792&oauth_consumer_key=ioTGfhxK3Fylub82QJmLMB6mB&oauth_nonce=139809793427463910431627030401&oauth_signature_method=HMAC-SHA1&oauth_timestamp=1627030401&oauth_token=1372722615991738368-bQ4nwuK0vKY95zAIoIAaeqP44DYg56&oauth_version=1.0&q=target&show_user=True&tweet_mode=extended
2021-07-23 16:53:21 [oauthlib.oauth1.rfc5849] DEBUG: Normalized params: max_id=1418494370882465792&oauth_consumer_key=ioTGfhxK3Fylub82QJmLMB6mB&oauth_nonce=139809793427463910431627030401&oauth_signature_method=HMAC-SHA1&oauth_timestamp=1627030401&oauth_token=1372722615991738368-bQ4nwuK0vKY95zAIoIAaeqP44DYg56&oauth_version=1.0&q=target&show_user=True&tweet_mode=extended
2021-07-23 16:53:21 [oauthlib.oauth1.rfc5849] DEBUG: Normalized URI: https://api.twitter.com/1.1/search/tweets.json
2021-07-23 16:53:21 [oauthlib.oauth1.rfc5849] DEBUG: Normalized URI: https://api.twitter.com/1.1/search/tweets.json
2021-07-23 16:53:21 [oauthlib.oauth1.rfc5849] DEBUG: Signing: signature base string: GET&https%3A%2F%2Fapi.twitter.com%2F1.1%2Fsearch%2Ftweets.json&max_id%3D1418494370882465792%26oauth_consumer_key%3DioTGfhxK3Fylub82QJmLMB6mB%26oauth_nonce%3D139809793427463910431627030401%26oauth_signature_method%3DHMAC-SHA1%26oauth_timestamp%3D1627030401%26oauth_token%3D1372722615991738368-bQ4nwuK0vKY95zAIoIAaeqP44DYg56%26oauth_version%3D1.0%26q%3Dtarget%26show_user%3DTrue%26tweet_mode%3Dextended
2021-07-23 16:53:21 [oauthlib.oauth1.rfc5849] DEBUG: Signing: signature base string: GET&https%3A%2F%2Fapi.twitter.com%2F1.1%2Fsearch%2Ftweets.json&max_id%3D1418494370882465792%26oauth_consumer_key%3DioTGfhxK3Fylub82QJmLMB6mB%26oauth_nonce%3D139809793427463910431627030401%26oauth_signature_method%3DHMAC-SHA1%26oauth_timestamp%3D1627030401%26oauth_token%3D1372722615991738368-bQ4nwuK0vKY95zAIoIAaeqP44DYg56%26oauth_version%3D1.0%26q%3Dtarget%26show_user%3DTrue%26tweet_mode%3Dextended
2021-07-23 16:53:21 [oauthlib.oauth1.rfc5849] DEBUG: Signature: Drsu6F2m3/v7loU/3yxJV1k0O3A=
2021-07-23 16:53:21 [oauthlib.oauth1.rfc5849] DEBUG: Signature: Drsu6F2m3/v7loU/3yxJV1k0O3A=
2021-07-23 16:53:21 [requests_oauthlib.oauth1_auth] DEBUG: Updated url: https://api.twitter.com/1.1/search/tweets.json?q=target&max_id=1418494370882465792&tweet_mode=extended&show_user=True
2021-07-23 16:53:21 [requests_oauthlib.oauth1_auth] DEBUG: Updated url: https://api.twitter.com/1.1/search/tweets.json?q=target&max_id=1418494370882465792&tweet_mode=extended&show_user=True
2021-07-23 16:53:21 [requests_oauthlib.oauth1_auth] DEBUG: Updated headers: {'Host': 'api.twitter.com', 'Cookie': 'guest_id=v1%3A162703040088156716; personalization_id="v1_cV6cqBllr70rqyIDBnNBIw=="; lang=zh-cn', 'Authorization': 'OAuth oauth_nonce="139809793427463910431627030401", oauth_timestamp="1627030401", oauth_version="1.0", oauth_signature_method="HMAC-SHA1", oauth_consumer_key="ioTGfhxK3Fylub82QJmLMB6mB", oauth_token="1372722615991738368-bQ4nwuK0vKY95zAIoIAaeqP44DYg56", oauth_signature="Drsu6F2m3%2Fv7loU%2F3yxJV1k0O3A%3D"'}
2021-07-23 16:53:21 [requests_oauthlib.oauth1_auth] DEBUG: Updated headers: {'Host': 'api.twitter.com', 'Cookie': 'guest_id=v1%3A162703040088156716; personalization_id="v1_cV6cqBllr70rqyIDBnNBIw=="; lang=zh-cn', 'Authorization': 'OAuth oauth_nonce="139809793427463910431627030401", oauth_timestamp="1627030401", oauth_version="1.0", oauth_signature_method="HMAC-SHA1", oauth_consumer_key="ioTGfhxK3Fylub82QJmLMB6mB", oauth_token="1372722615991738368-bQ4nwuK0vKY95zAIoIAaeqP44DYg56", oauth_signature="Drsu6F2m3%2Fv7loU%2F3yxJV1k0O3A%3D"'}
2021-07-23 16:53:21 [requests_oauthlib.oauth1_auth] DEBUG: Updated body: None
2021-07-23 16:53:21 [requests_oauthlib.oauth1_auth] DEBUG: Updated body: None
2021-07-23 16:53:21 [urllib3.connectionpool] DEBUG: Starting new HTTPS connection (1): api.twitter.com:443
2021-07-23 16:53:21 [urllib3.connectionpool] DEBUG: Starting new HTTPS connection (1): api.twitter.com:443
2021-07-23 16:53:22 [urllib3.connectionpool] DEBUG: https://api.twitter.com:443 "GET /1.1/search/tweets.json?q=target&max_id=1418494370882465792&tweet_mode=extended&show_user=True HTTP/1.1" 200 48081
2021-07-23 16:53:22 [urllib3.connectionpool] DEBUG: https://api.twitter.com:443 "GET /1.1/search/tweets.json?q=target&max_id=1418494370882465792&tweet_mode=extended&show_user=True HTTP/1.1" 200 48081
2021-07-23 16:53:23 [tweepy.binder] DEBUG: PARAMS: {'create': b'True'}
2021-07-23 16:53:23 [tweepy.binder] DEBUG: PARAMS: {'create': b'True'}
2021-07-23 16:53:23 [tweepy.binder] DEBUG: PARAMS: {'q': b'target', 'max_id': b'1418494319716184063', 'tweet_mode': b'extended', 'show_user': b'True'}
2021-07-23 16:53:23 [tweepy.binder] DEBUG: PARAMS: {'q': b'target', 'max_id': b'1418494319716184063', 'tweet_mode': b'extended', 'show_user': b'True'}
2021-07-23 16:53:23 [requests_oauthlib.oauth1_auth] DEBUG: Signing request <PreparedRequest [GET]> using client <Client client_key=ioTGfhxK3Fylub82QJmLMB6mB, client_secret=****, resource_owner_key=1372722615991738368-bQ4nwuK0vKY95zAIoIAaeqP44DYg56, resource_owner_secret=****, signature_method=HMAC-SHA1, signature_type=AUTH_HEADER, callback_uri=None, rsa_key=None, verifier=None, realm=None, encoding=utf-8, decoding=None, nonce=None, timestamp=None>
2021-07-23 16:53:23 [requests_oauthlib.oauth1_auth] DEBUG: Signing request <PreparedRequest [GET]> using client <Client client_key=ioTGfhxK3Fylub82QJmLMB6mB, client_secret=****, resource_owner_key=1372722615991738368-bQ4nwuK0vKY95zAIoIAaeqP44DYg56, resource_owner_secret=****, signature_method=HMAC-SHA1, signature_type=AUTH_HEADER, callback_uri=None, rsa_key=None, verifier=None, realm=None, encoding=utf-8, decoding=None, nonce=None, timestamp=None>
2021-07-23 16:53:23 [requests_oauthlib.oauth1_auth] DEBUG: Including body in call to sign: False
2021-07-23 16:53:23 [requests_oauthlib.oauth1_auth] DEBUG: Including body in call to sign: False
2021-07-23 16:53:23 [oauthlib.oauth1.rfc5849] DEBUG: Collected params: [('q', 'target'), ('max_id', '1418494319716184063'), ('tweet_mode', 'extended'), ('show_user', 'True'), ('oauth_nonce', '26595513258375699321627030403'), ('oauth_timestamp', '1627030403'), ('oauth_version', '1.0'), ('oauth_signature_method', 'HMAC-SHA1'), ('oauth_consumer_key', 'ioTGfhxK3Fylub82QJmLMB6mB'), ('oauth_token', '1372722615991738368-bQ4nwuK0vKY95zAIoIAaeqP44DYg56')]
2021-07-23 16:53:23 [oauthlib.oauth1.rfc5849] DEBUG: Collected params: [('q', 'target'), ('max_id', '1418494319716184063'), ('tweet_mode', 'extended'), ('show_user', 'True'), ('oauth_nonce', '26595513258375699321627030403'), ('oauth_timestamp', '1627030403'), ('oauth_version', '1.0'), ('oauth_signature_method', 'HMAC-SHA1'), ('oauth_consumer_key', 'ioTGfhxK3Fylub82QJmLMB6mB'), ('oauth_token', '1372722615991738368-bQ4nwuK0vKY95zAIoIAaeqP44DYg56')]
2021-07-23 16:53:23 [oauthlib.oauth1.rfc5849] DEBUG: Normalized params: max_id=1418494319716184063&oauth_consumer_key=ioTGfhxK3Fylub82QJmLMB6mB&oauth_nonce=26595513258375699321627030403&oauth_signature_method=HMAC-SHA1&oauth_timestamp=1627030403&oauth_token=1372722615991738368-bQ4nwuK0vKY95zAIoIAaeqP44DYg56&oauth_version=1.0&q=target&show_user=True&tweet_mode=extended
2021-07-23 16:53:23 [oauthlib.oauth1.rfc5849] DEBUG: Normalized params: max_id=1418494319716184063&oauth_consumer_key=ioTGfhxK3Fylub82QJmLMB6mB&oauth_nonce=26595513258375699321627030403&oauth_signature_method=HMAC-SHA1&oauth_timestamp=1627030403&oauth_token=1372722615991738368-bQ4nwuK0vKY95zAIoIAaeqP44DYg56&oauth_version=1.0&q=target&show_user=True&tweet_mode=extended
2021-07-23 16:53:23 [oauthlib.oauth1.rfc5849] DEBUG: Normalized URI: https://api.twitter.com/1.1/search/tweets.json
2021-07-23 16:53:23 [oauthlib.oauth1.rfc5849] DEBUG: Normalized URI: https://api.twitter.com/1.1/search/tweets.json
2021-07-23 16:53:23 [oauthlib.oauth1.rfc5849] DEBUG: Signing: signature base string: GET&https%3A%2F%2Fapi.twitter.com%2F1.1%2Fsearch%2Ftweets.json&max_id%3D1418494319716184063%26oauth_consumer_key%3DioTGfhxK3Fylub82QJmLMB6mB%26oauth_nonce%3D26595513258375699321627030403%26oauth_signature_method%3DHMAC-SHA1%26oauth_timestamp%3D1627030403%26oauth_token%3D1372722615991738368-bQ4nwuK0vKY95zAIoIAaeqP44DYg56%26oauth_version%3D1.0%26q%3Dtarget%26show_user%3DTrue%26tweet_mode%3Dextended
2021-07-23 16:53:23 [oauthlib.oauth1.rfc5849] DEBUG: Signing: signature base string: GET&https%3A%2F%2Fapi.twitter.com%2F1.1%2Fsearch%2Ftweets.json&max_id%3D1418494319716184063%26oauth_consumer_key%3DioTGfhxK3Fylub82QJmLMB6mB%26oauth_nonce%3D26595513258375699321627030403%26oauth_signature_method%3DHMAC-SHA1%26oauth_timestamp%3D1627030403%26oauth_token%3D1372722615991738368-bQ4nwuK0vKY95zAIoIAaeqP44DYg56%26oauth_version%3D1.0%26q%3Dtarget%26show_user%3DTrue%26tweet_mode%3Dextended
2021-07-23 16:53:23 [oauthlib.oauth1.rfc5849] DEBUG: Signature: eiwKeEobCmUePtCDTjk6rw4GGpE=
2021-07-23 16:53:23 [oauthlib.oauth1.rfc5849] DEBUG: Signature: eiwKeEobCmUePtCDTjk6rw4GGpE=
2021-07-23 16:53:23 [requests_oauthlib.oauth1_auth] DEBUG: Updated url: https://api.twitter.com/1.1/search/tweets.json?q=target&max_id=1418494319716184063&tweet_mode=extended&show_user=True
2021-07-23 16:53:23 [requests_oauthlib.oauth1_auth] DEBUG: Updated url: https://api.twitter.com/1.1/search/tweets.json?q=target&max_id=1418494319716184063&tweet_mode=extended&show_user=True
2021-07-23 16:53:23 [requests_oauthlib.oauth1_auth] DEBUG: Updated headers: {'Host': 'api.twitter.com', 'Cookie': 'guest_id=v1%3A162703040088156716; personalization_id="v1_cV6cqBllr70rqyIDBnNBIw=="; lang=zh-cn', 'Authorization': 'OAuth oauth_nonce="26595513258375699321627030403", oauth_timestamp="1627030403", oauth_version="1.0", oauth_signature_method="HMAC-SHA1", oauth_consumer_key="ioTGfhxK3Fylub82QJmLMB6mB", oauth_token="1372722615991738368-bQ4nwuK0vKY95zAIoIAaeqP44DYg56", oauth_signature="eiwKeEobCmUePtCDTjk6rw4GGpE%3D"'}
2021-07-23 16:53:23 [requests_oauthlib.oauth1_auth] DEBUG: Updated headers: {'Host': 'api.twitter.com', 'Cookie': 'guest_id=v1%3A162703040088156716; personalization_id="v1_cV6cqBllr70rqyIDBnNBIw=="; lang=zh-cn', 'Authorization': 'OAuth oauth_nonce="26595513258375699321627030403", oauth_timestamp="1627030403", oauth_version="1.0", oauth_signature_method="HMAC-SHA1", oauth_consumer_key="ioTGfhxK3Fylub82QJmLMB6mB", oauth_token="1372722615991738368-bQ4nwuK0vKY95zAIoIAaeqP44DYg56", oauth_signature="eiwKeEobCmUePtCDTjk6rw4GGpE%3D"'}
2021-07-23 16:53:23 [requests_oauthlib.oauth1_auth] DEBUG: Updated body: None
2021-07-23 16:53:23 [requests_oauthlib.oauth1_auth] DEBUG: Updated body: None
2021-07-23 16:53:23 [urllib3.connectionpool] DEBUG: Starting new HTTPS connection (1): api.twitter.com:443
2021-07-23 16:53:23 [urllib3.connectionpool] DEBUG: Starting new HTTPS connection (1): api.twitter.com:443
2021-07-23 16:53:24 [urllib3.connectionpool] DEBUG: https://api.twitter.com:443 "GET /1.1/search/tweets.json?q=target&max_id=1418494319716184063&tweet_mode=extended&show_user=True HTTP/1.1" 200 69962
2021-07-23 16:53:24 [urllib3.connectionpool] DEBUG: https://api.twitter.com:443 "GET /1.1/search/tweets.json?q=target&max_id=1418494319716184063&tweet_mode=extended&show_user=True HTTP/1.1" 200 69962
2021-07-23 16:53:24 [tweepy.binder] DEBUG: PARAMS: {'create': b'True'}
2021-07-23 16:53:24 [tweepy.binder] DEBUG: PARAMS: {'create': b'True'}
2021-07-23 16:53:24 [tweepy.binder] DEBUG: PARAMS: {'q': b'target', 'max_id': b'1418494273478070272', 'tweet_mode': b'extended', 'show_user': b'True'}
2021-07-23 16:53:24 [tweepy.binder] DEBUG: PARAMS: {'q': b'target', 'max_id': b'1418494273478070272', 'tweet_mode': b'extended', 'show_user': b'True'}
2021-07-23 16:53:24 [requests_oauthlib.oauth1_auth] DEBUG: Signing request <PreparedRequest [GET]> using client <Client client_key=ioTGfhxK3Fylub82QJmLMB6mB, client_secret=****, resource_owner_key=1372722615991738368-bQ4nwuK0vKY95zAIoIAaeqP44DYg56, resource_owner_secret=****, signature_method=HMAC-SHA1, signature_type=AUTH_HEADER, callback_uri=None, rsa_key=None, verifier=None, realm=None, encoding=utf-8, decoding=None, nonce=None, timestamp=None>
2021-07-23 16:53:24 [requests_oauthlib.oauth1_auth] DEBUG: Signing request <PreparedRequest [GET]> using client <Client client_key=ioTGfhxK3Fylub82QJmLMB6mB, client_secret=****, resource_owner_key=1372722615991738368-bQ4nwuK0vKY95zAIoIAaeqP44DYg56, resource_owner_secret=****, signature_method=HMAC-SHA1, signature_type=AUTH_HEADER, callback_uri=None, rsa_key=None, verifier=None, realm=None, encoding=utf-8, decoding=None, nonce=None, timestamp=None>
2021-07-23 16:53:24 [requests_oauthlib.oauth1_auth] DEBUG: Including body in call to sign: False
2021-07-23 16:53:24 [requests_oauthlib.oauth1_auth] DEBUG: Including body in call to sign: False
2021-07-23 16:53:24 [oauthlib.oauth1.rfc5849] DEBUG: Collected params: [('q', 'target'), ('max_id', '1418494273478070272'), ('tweet_mode', 'extended'), ('show_user', 'True'), ('oauth_nonce', '117287438201647546611627030404'), ('oauth_timestamp', '1627030404'), ('oauth_version', '1.0'), ('oauth_signature_method', 'HMAC-SHA1'), ('oauth_consumer_key', 'ioTGfhxK3Fylub82QJmLMB6mB'), ('oauth_token', '1372722615991738368-bQ4nwuK0vKY95zAIoIAaeqP44DYg56')]
2021-07-23 16:53:24 [oauthlib.oauth1.rfc5849] DEBUG: Collected params: [('q', 'target'), ('max_id', '1418494273478070272'), ('tweet_mode', 'extended'), ('show_user', 'True'), ('oauth_nonce', '117287438201647546611627030404'), ('oauth_timestamp', '1627030404'), ('oauth_version', '1.0'), ('oauth_signature_method', 'HMAC-SHA1'), ('oauth_consumer_key', 'ioTGfhxK3Fylub82QJmLMB6mB'), ('oauth_token', '1372722615991738368-bQ4nwuK0vKY95zAIoIAaeqP44DYg56')]
2021-07-23 16:53:24 [oauthlib.oauth1.rfc5849] DEBUG: Normalized params: max_id=1418494273478070272&oauth_consumer_key=ioTGfhxK3Fylub82QJmLMB6mB&oauth_nonce=117287438201647546611627030404&oauth_signature_method=HMAC-SHA1&oauth_timestamp=1627030404&oauth_token=1372722615991738368-bQ4nwuK0vKY95zAIoIAaeqP44DYg56&oauth_version=1.0&q=target&show_user=True&tweet_mode=extended
2021-07-23 16:53:24 [oauthlib.oauth1.rfc5849] DEBUG: Normalized params: max_id=1418494273478070272&oauth_consumer_key=ioTGfhxK3Fylub82QJmLMB6mB&oauth_nonce=117287438201647546611627030404&oauth_signature_method=HMAC-SHA1&oauth_timestamp=1627030404&oauth_token=1372722615991738368-bQ4nwuK0vKY95zAIoIAaeqP44DYg56&oauth_version=1.0&q=target&show_user=True&tweet_mode=extended
2021-07-23 16:53:24 [oauthlib.oauth1.rfc5849] DEBUG: Normalized URI: https://api.twitter.com/1.1/search/tweets.json
2021-07-23 16:53:24 [oauthlib.oauth1.rfc5849] DEBUG: Normalized URI: https://api.twitter.com/1.1/search/tweets.json
2021-07-23 16:53:24 [oauthlib.oauth1.rfc5849] DEBUG: Signing: signature base string: GET&https%3A%2F%2Fapi.twitter.com%2F1.1%2Fsearch%2Ftweets.json&max_id%3D1418494273478070272%26oauth_consumer_key%3DioTGfhxK3Fylub82QJmLMB6mB%26oauth_nonce%3D117287438201647546611627030404%26oauth_signature_method%3DHMAC-SHA1%26oauth_timestamp%3D1627030404%26oauth_token%3D1372722615991738368-bQ4nwuK0vKY95zAIoIAaeqP44DYg56%26oauth_version%3D1.0%26q%3Dtarget%26show_user%3DTrue%26tweet_mode%3Dextended
2021-07-23 16:53:24 [oauthlib.oauth1.rfc5849] DEBUG: Signing: signature base string: GET&https%3A%2F%2Fapi.twitter.com%2F1.1%2Fsearch%2Ftweets.json&max_id%3D1418494273478070272%26oauth_consumer_key%3DioTGfhxK3Fylub82QJmLMB6mB%26oauth_nonce%3D117287438201647546611627030404%26oauth_signature_method%3DHMAC-SHA1%26oauth_timestamp%3D1627030404%26oauth_token%3D1372722615991738368-bQ4nwuK0vKY95zAIoIAaeqP44DYg56%26oauth_version%3D1.0%26q%3Dtarget%26show_user%3DTrue%26tweet_mode%3Dextended
2021-07-23 16:53:24 [oauthlib.oauth1.rfc5849] DEBUG: Signature: DqSg0cq+XOysFzwBjCkoLiMYjPM=
2021-07-23 16:53:24 [oauthlib.oauth1.rfc5849] DEBUG: Signature: DqSg0cq+XOysFzwBjCkoLiMYjPM=
2021-07-23 16:53:24 [requests_oauthlib.oauth1_auth] DEBUG: Updated url: https://api.twitter.com/1.1/search/tweets.json?q=target&max_id=1418494273478070272&tweet_mode=extended&show_user=True
2021-07-23 16:53:24 [requests_oauthlib.oauth1_auth] DEBUG: Updated url: https://api.twitter.com/1.1/search/tweets.json?q=target&max_id=1418494273478070272&tweet_mode=extended&show_user=True
2021-07-23 16:53:24 [requests_oauthlib.oauth1_auth] DEBUG: Updated headers: {'Host': 'api.twitter.com', 'Cookie': 'guest_id=v1%3A162703040088156716; personalization_id="v1_cV6cqBllr70rqyIDBnNBIw=="; lang=zh-cn', 'Authorization': 'OAuth oauth_nonce="117287438201647546611627030404", oauth_timestamp="1627030404", oauth_version="1.0", oauth_signature_method="HMAC-SHA1", oauth_consumer_key="ioTGfhxK3Fylub82QJmLMB6mB", oauth_token="1372722615991738368-bQ4nwuK0vKY95zAIoIAaeqP44DYg56", oauth_signature="DqSg0cq%2BXOysFzwBjCkoLiMYjPM%3D"'}
2021-07-23 16:53:24 [requests_oauthlib.oauth1_auth] DEBUG: Updated headers: {'Host': 'api.twitter.com', 'Cookie': 'guest_id=v1%3A162703040088156716; personalization_id="v1_cV6cqBllr70rqyIDBnNBIw=="; lang=zh-cn', 'Authorization': 'OAuth oauth_nonce="117287438201647546611627030404", oauth_timestamp="1627030404", oauth_version="1.0", oauth_signature_method="HMAC-SHA1", oauth_consumer_key="ioTGfhxK3Fylub82QJmLMB6mB", oauth_token="1372722615991738368-bQ4nwuK0vKY95zAIoIAaeqP44DYg56", oauth_signature="DqSg0cq%2BXOysFzwBjCkoLiMYjPM%3D"'}
2021-07-23 16:53:24 [requests_oauthlib.oauth1_auth] DEBUG: Updated body: None
2021-07-23 16:53:24 [requests_oauthlib.oauth1_auth] DEBUG: Updated body: None
2021-07-23 16:53:24 [urllib3.connectionpool] DEBUG: Starting new HTTPS connection (1): api.twitter.com:443
2021-07-23 16:53:24 [urllib3.connectionpool] DEBUG: Starting new HTTPS connection (1): api.twitter.com:443
2021-07-23 16:53:26 [urllib3.connectionpool] DEBUG: https://api.twitter.com:443 "GET /1.1/search/tweets.json?q=target&max_id=1418494273478070272&tweet_mode=extended&show_user=True HTTP/1.1" 200 44202
2021-07-23 16:53:26 [urllib3.connectionpool] DEBUG: https://api.twitter.com:443 "GET /1.1/search/tweets.json?q=target&max_id=1418494273478070272&tweet_mode=extended&show_user=True HTTP/1.1" 200 44202
2021-07-23 16:53:26 [tweepy.binder] DEBUG: PARAMS: {'create': b'True'}
2021-07-23 16:53:26 [tweepy.binder] DEBUG: PARAMS: {'create': b'True'}
2021-07-23 16:53:26 [tweepy.binder] DEBUG: PARAMS: {'q': b'target', 'max_id': b'1418494246433169411', 'tweet_mode': b'extended', 'show_user': b'True'}
2021-07-23 16:53:26 [tweepy.binder] DEBUG: PARAMS: {'q': b'target', 'max_id': b'1418494246433169411', 'tweet_mode': b'extended', 'show_user': b'True'}
2021-07-23 16:53:26 [requests_oauthlib.oauth1_auth] DEBUG: Signing request <PreparedRequest [GET]> using client <Client client_key=ioTGfhxK3Fylub82QJmLMB6mB, client_secret=****, resource_owner_key=1372722615991738368-bQ4nwuK0vKY95zAIoIAaeqP44DYg56, resource_owner_secret=****, signature_method=HMAC-SHA1, signature_type=AUTH_HEADER, callback_uri=None, rsa_key=None, verifier=None, realm=None, encoding=utf-8, decoding=None, nonce=None, timestamp=None>
2021-07-23 16:53:26 [requests_oauthlib.oauth1_auth] DEBUG: Signing request <PreparedRequest [GET]> using client <Client client_key=ioTGfhxK3Fylub82QJmLMB6mB, client_secret=****, resource_owner_key=1372722615991738368-bQ4nwuK0vKY95zAIoIAaeqP44DYg56, resource_owner_secret=****, signature_method=HMAC-SHA1, signature_type=AUTH_HEADER, callback_uri=None, rsa_key=None, verifier=None, realm=None, encoding=utf-8, decoding=None, nonce=None, timestamp=None>
2021-07-23 16:53:26 [requests_oauthlib.oauth1_auth] DEBUG: Including body in call to sign: False
2021-07-23 16:53:26 [requests_oauthlib.oauth1_auth] DEBUG: Including body in call to sign: False
2021-07-23 16:53:26 [oauthlib.oauth1.rfc5849] DEBUG: Collected params: [('q', 'target'), ('max_id', '1418494246433169411'), ('tweet_mode', 'extended'), ('show_user', 'True'), ('oauth_nonce', '97446251655683652091627030406'), ('oauth_timestamp', '1627030406'), ('oauth_version', '1.0'), ('oauth_signature_method', 'HMAC-SHA1'), ('oauth_consumer_key', 'ioTGfhxK3Fylub82QJmLMB6mB'), ('oauth_token', '1372722615991738368-bQ4nwuK0vKY95zAIoIAaeqP44DYg56')]
2021-07-23 16:53:26 [oauthlib.oauth1.rfc5849] DEBUG: Collected params: [('q', 'target'), ('max_id', '1418494246433169411'), ('tweet_mode', 'extended'), ('show_user', 'True'), ('oauth_nonce', '97446251655683652091627030406'), ('oauth_timestamp', '1627030406'), ('oauth_version', '1.0'), ('oauth_signature_method', 'HMAC-SHA1'), ('oauth_consumer_key', 'ioTGfhxK3Fylub82QJmLMB6mB'), ('oauth_token', '1372722615991738368-bQ4nwuK0vKY95zAIoIAaeqP44DYg56')]
2021-07-23 16:53:26 [oauthlib.oauth1.rfc5849] DEBUG: Normalized params: max_id=1418494246433169411&oauth_consumer_key=ioTGfhxK3Fylub82QJmLMB6mB&oauth_nonce=97446251655683652091627030406&oauth_signature_method=HMAC-SHA1&oauth_timestamp=1627030406&oauth_token=1372722615991738368-bQ4nwuK0vKY95zAIoIAaeqP44DYg56&oauth_version=1.0&q=target&show_user=True&tweet_mode=extended
2021-07-23 16:53:26 [oauthlib.oauth1.rfc5849] DEBUG: Normalized params: max_id=1418494246433169411&oauth_consumer_key=ioTGfhxK3Fylub82QJmLMB6mB&oauth_nonce=97446251655683652091627030406&oauth_signature_method=HMAC-SHA1&oauth_timestamp=1627030406&oauth_token=1372722615991738368-bQ4nwuK0vKY95zAIoIAaeqP44DYg56&oauth_version=1.0&q=target&show_user=True&tweet_mode=extended
2021-07-23 16:53:26 [oauthlib.oauth1.rfc5849] DEBUG: Normalized URI: https://api.twitter.com/1.1/search/tweets.json
2021-07-23 16:53:26 [oauthlib.oauth1.rfc5849] DEBUG: Normalized URI: https://api.twitter.com/1.1/search/tweets.json
2021-07-23 16:53:26 [oauthlib.oauth1.rfc5849] DEBUG: Signing: signature base string: GET&https%3A%2F%2Fapi.twitter.com%2F1.1%2Fsearch%2Ftweets.json&max_id%3D1418494246433169411%26oauth_consumer_key%3DioTGfhxK3Fylub82QJmLMB6mB%26oauth_nonce%3D97446251655683652091627030406%26oauth_signature_method%3DHMAC-SHA1%26oauth_timestamp%3D1627030406%26oauth_token%3D1372722615991738368-bQ4nwuK0vKY95zAIoIAaeqP44DYg56%26oauth_version%3D1.0%26q%3Dtarget%26show_user%3DTrue%26tweet_mode%3Dextended
2021-07-23 16:53:26 [oauthlib.oauth1.rfc5849] DEBUG: Signing: signature base string: GET&https%3A%2F%2Fapi.twitter.com%2F1.1%2Fsearch%2Ftweets.json&max_id%3D1418494246433169411%26oauth_consumer_key%3DioTGfhxK3Fylub82QJmLMB6mB%26oauth_nonce%3D97446251655683652091627030406%26oauth_signature_method%3DHMAC-SHA1%26oauth_timestamp%3D1627030406%26oauth_token%3D1372722615991738368-bQ4nwuK0vKY95zAIoIAaeqP44DYg56%26oauth_version%3D1.0%26q%3Dtarget%26show_user%3DTrue%26tweet_mode%3Dextended
2021-07-23 16:53:26 [oauthlib.oauth1.rfc5849] DEBUG: Signature: kyzgyV56UmO9DVHd/MazaM2tukQ=
2021-07-23 16:53:26 [oauthlib.oauth1.rfc5849] DEBUG: Signature: kyzgyV56UmO9DVHd/MazaM2tukQ=
2021-07-23 16:53:26 [requests_oauthlib.oauth1_auth] DEBUG: Updated url: https://api.twitter.com/1.1/search/tweets.json?q=target&max_id=1418494246433169411&tweet_mode=extended&show_user=True
2021-07-23 16:53:26 [requests_oauthlib.oauth1_auth] DEBUG: Updated url: https://api.twitter.com/1.1/search/tweets.json?q=target&max_id=1418494246433169411&tweet_mode=extended&show_user=True
2021-07-23 16:53:26 [requests_oauthlib.oauth1_auth] DEBUG: Updated headers: {'Host': 'api.twitter.com', 'Cookie': 'guest_id=v1%3A162703040088156716; personalization_id="v1_cV6cqBllr70rqyIDBnNBIw=="; lang=zh-cn', 'Authorization': 'OAuth oauth_nonce="97446251655683652091627030406", oauth_timestamp="1627030406", oauth_version="1.0", oauth_signature_method="HMAC-SHA1", oauth_consumer_key="ioTGfhxK3Fylub82QJmLMB6mB", oauth_token="1372722615991738368-bQ4nwuK0vKY95zAIoIAaeqP44DYg56", oauth_signature="kyzgyV56UmO9DVHd%2FMazaM2tukQ%3D"'}
2021-07-23 16:53:26 [requests_oauthlib.oauth1_auth] DEBUG: Updated headers: {'Host': 'api.twitter.com', 'Cookie': 'guest_id=v1%3A162703040088156716; personalization_id="v1_cV6cqBllr70rqyIDBnNBIw=="; lang=zh-cn', 'Authorization': 'OAuth oauth_nonce="97446251655683652091627030406", oauth_timestamp="1627030406", oauth_version="1.0", oauth_signature_method="HMAC-SHA1", oauth_consumer_key="ioTGfhxK3Fylub82QJmLMB6mB", oauth_token="1372722615991738368-bQ4nwuK0vKY95zAIoIAaeqP44DYg56", oauth_signature="kyzgyV56UmO9DVHd%2FMazaM2tukQ%3D"'}
2021-07-23 16:53:26 [requests_oauthlib.oauth1_auth] DEBUG: Updated body: None
2021-07-23 16:53:26 [requests_oauthlib.oauth1_auth] DEBUG: Updated body: None
2021-07-23 16:53:26 [urllib3.connectionpool] DEBUG: Starting new HTTPS connection (1): api.twitter.com:443
2021-07-23 16:53:26 [urllib3.connectionpool] DEBUG: Starting new HTTPS connection (1): api.twitter.com:443
2021-07-23 16:53:27 [urllib3.connectionpool] DEBUG: https://api.twitter.com:443 "GET /1.1/search/tweets.json?q=target&max_id=1418494246433169411&tweet_mode=extended&show_user=True HTTP/1.1" 200 58293
2021-07-23 16:53:27 [urllib3.connectionpool] DEBUG: https://api.twitter.com:443 "GET /1.1/search/tweets.json?q=target&max_id=1418494246433169411&tweet_mode=extended&show_user=True HTTP/1.1" 200 58293
2021-07-23 16:53:27 [tweepy.binder] DEBUG: PARAMS: {'create': b'True'}
2021-07-23 16:53:27 [tweepy.binder] DEBUG: PARAMS: {'create': b'True'}
2021-07-23 16:53:27 [tweepy.binder] DEBUG: PARAMS: {'q': b'target', 'max_id': b'1418494219862355967', 'tweet_mode': b'extended', 'show_user': b'True'}
2021-07-23 16:53:27 [tweepy.binder] DEBUG: PARAMS: {'q': b'target', 'max_id': b'1418494219862355967', 'tweet_mode': b'extended', 'show_user': b'True'}
2021-07-23 16:53:27 [requests_oauthlib.oauth1_auth] DEBUG: Signing request <PreparedRequest [GET]> using client <Client client_key=ioTGfhxK3Fylub82QJmLMB6mB, client_secret=****, resource_owner_key=1372722615991738368-bQ4nwuK0vKY95zAIoIAaeqP44DYg56, resource_owner_secret=****, signature_method=HMAC-SHA1, signature_type=AUTH_HEADER, callback_uri=None, rsa_key=None, verifier=None, realm=None, encoding=utf-8, decoding=None, nonce=None, timestamp=None>
2021-07-23 16:53:27 [requests_oauthlib.oauth1_auth] DEBUG: Signing request <PreparedRequest [GET]> using client <Client client_key=ioTGfhxK3Fylub82QJmLMB6mB, client_secret=****, resource_owner_key=1372722615991738368-bQ4nwuK0vKY95zAIoIAaeqP44DYg56, resource_owner_secret=****, signature_method=HMAC-SHA1, signature_type=AUTH_HEADER, callback_uri=None, rsa_key=None, verifier=None, realm=None, encoding=utf-8, decoding=None, nonce=None, timestamp=None>
2021-07-23 16:53:27 [requests_oauthlib.oauth1_auth] DEBUG: Including body in call to sign: False
2021-07-23 16:53:27 [requests_oauthlib.oauth1_auth] DEBUG: Including body in call to sign: False
2021-07-23 16:53:27 [oauthlib.oauth1.rfc5849] DEBUG: Collected params: [('q', 'target'), ('max_id', '1418494219862355967'), ('tweet_mode', 'extended'), ('show_user', 'True'), ('oauth_nonce', '54013486912996951211627030407'), ('oauth_timestamp', '1627030407'), ('oauth_version', '1.0'), ('oauth_signature_method', 'HMAC-SHA1'), ('oauth_consumer_key', 'ioTGfhxK3Fylub82QJmLMB6mB'), ('oauth_token', '1372722615991738368-bQ4nwuK0vKY95zAIoIAaeqP44DYg56')]
2021-07-23 16:53:27 [oauthlib.oauth1.rfc5849] DEBUG: Collected params: [('q', 'target'), ('max_id', '1418494219862355967'), ('tweet_mode', 'extended'), ('show_user', 'True'), ('oauth_nonce', '54013486912996951211627030407'), ('oauth_timestamp', '1627030407'), ('oauth_version', '1.0'), ('oauth_signature_method', 'HMAC-SHA1'), ('oauth_consumer_key', 'ioTGfhxK3Fylub82QJmLMB6mB'), ('oauth_token', '1372722615991738368-bQ4nwuK0vKY95zAIoIAaeqP44DYg56')]
2021-07-23 16:53:27 [oauthlib.oauth1.rfc5849] DEBUG: Normalized params: max_id=1418494219862355967&oauth_consumer_key=ioTGfhxK3Fylub82QJmLMB6mB&oauth_nonce=54013486912996951211627030407&oauth_signature_method=HMAC-SHA1&oauth_timestamp=1627030407&oauth_token=1372722615991738368-bQ4nwuK0vKY95zAIoIAaeqP44DYg56&oauth_version=1.0&q=target&show_user=True&tweet_mode=extended
2021-07-23 16:53:27 [oauthlib.oauth1.rfc5849] DEBUG: Normalized params: max_id=1418494219862355967&oauth_consumer_key=ioTGfhxK3Fylub82QJmLMB6mB&oauth_nonce=54013486912996951211627030407&oauth_signature_method=HMAC-SHA1&oauth_timestamp=1627030407&oauth_token=1372722615991738368-bQ4nwuK0vKY95zAIoIAaeqP44DYg56&oauth_version=1.0&q=target&show_user=True&tweet_mode=extended
2021-07-23 16:53:27 [oauthlib.oauth1.rfc5849] DEBUG: Normalized URI: https://api.twitter.com/1.1/search/tweets.json
2021-07-23 16:53:27 [oauthlib.oauth1.rfc5849] DEBUG: Normalized URI: https://api.twitter.com/1.1/search/tweets.json
2021-07-23 16:53:27 [oauthlib.oauth1.rfc5849] DEBUG: Signing: signature base string: GET&https%3A%2F%2Fapi.twitter.com%2F1.1%2Fsearch%2Ftweets.json&max_id%3D1418494219862355967%26oauth_consumer_key%3DioTGfhxK3Fylub82QJmLMB6mB%26oauth_nonce%3D54013486912996951211627030407%26oauth_signature_method%3DHMAC-SHA1%26oauth_timestamp%3D1627030407%26oauth_token%3D1372722615991738368-bQ4nwuK0vKY95zAIoIAaeqP44DYg56%26oauth_version%3D1.0%26q%3Dtarget%26show_user%3DTrue%26tweet_mode%3Dextended
2021-07-23 16:53:27 [oauthlib.oauth1.rfc5849] DEBUG: Signing: signature base string: GET&https%3A%2F%2Fapi.twitter.com%2F1.1%2Fsearch%2Ftweets.json&max_id%3D1418494219862355967%26oauth_consumer_key%3DioTGfhxK3Fylub82QJmLMB6mB%26oauth_nonce%3D54013486912996951211627030407%26oauth_signature_method%3DHMAC-SHA1%26oauth_timestamp%3D1627030407%26oauth_token%3D1372722615991738368-bQ4nwuK0vKY95zAIoIAaeqP44DYg56%26oauth_version%3D1.0%26q%3Dtarget%26show_user%3DTrue%26tweet_mode%3Dextended
2021-07-23 16:53:27 [oauthlib.oauth1.rfc5849] DEBUG: Signature: AFBPrsQsR+dKvDOXAwQdKdiy7zo=
2021-07-23 16:53:27 [oauthlib.oauth1.rfc5849] DEBUG: Signature: AFBPrsQsR+dKvDOXAwQdKdiy7zo=
2021-07-23 16:53:27 [requests_oauthlib.oauth1_auth] DEBUG: Updated url: https://api.twitter.com/1.1/search/tweets.json?q=target&max_id=1418494219862355967&tweet_mode=extended&show_user=True
2021-07-23 16:53:27 [requests_oauthlib.oauth1_auth] DEBUG: Updated url: https://api.twitter.com/1.1/search/tweets.json?q=target&max_id=1418494219862355967&tweet_mode=extended&show_user=True
2021-07-23 16:53:27 [requests_oauthlib.oauth1_auth] DEBUG: Updated headers: {'Host': 'api.twitter.com', 'Cookie': 'guest_id=v1%3A162703040088156716; personalization_id="v1_cV6cqBllr70rqyIDBnNBIw=="; lang=zh-cn', 'Authorization': 'OAuth oauth_nonce="54013486912996951211627030407", oauth_timestamp="1627030407", oauth_version="1.0", oauth_signature_method="HMAC-SHA1", oauth_consumer_key="ioTGfhxK3Fylub82QJmLMB6mB", oauth_token="1372722615991738368-bQ4nwuK0vKY95zAIoIAaeqP44DYg56", oauth_signature="AFBPrsQsR%2BdKvDOXAwQdKdiy7zo%3D"'}
2021-07-23 16:53:27 [requests_oauthlib.oauth1_auth] DEBUG: Updated headers: {'Host': 'api.twitter.com', 'Cookie': 'guest_id=v1%3A162703040088156716; personalization_id="v1_cV6cqBllr70rqyIDBnNBIw=="; lang=zh-cn', 'Authorization': 'OAuth oauth_nonce="54013486912996951211627030407", oauth_timestamp="1627030407", oauth_version="1.0", oauth_signature_method="HMAC-SHA1", oauth_consumer_key="ioTGfhxK3Fylub82QJmLMB6mB", oauth_token="1372722615991738368-bQ4nwuK0vKY95zAIoIAaeqP44DYg56", oauth_signature="AFBPrsQsR%2BdKvDOXAwQdKdiy7zo%3D"'}
2021-07-23 16:53:27 [requests_oauthlib.oauth1_auth] DEBUG: Updated body: None
2021-07-23 16:53:27 [requests_oauthlib.oauth1_auth] DEBUG: Updated body: None
2021-07-23 16:53:27 [urllib3.connectionpool] DEBUG: Starting new HTTPS connection (1): api.twitter.com:443
2021-07-23 16:53:27 [urllib3.connectionpool] DEBUG: Starting new HTTPS connection (1): api.twitter.com:443
2021-07-23 16:53:28 [urllib3.connectionpool] DEBUG: https://api.twitter.com:443 "GET /1.1/search/tweets.json?q=target&max_id=1418494219862355967&tweet_mode=extended&show_user=True HTTP/1.1" 200 80755
2021-07-23 16:53:28 [urllib3.connectionpool] DEBUG: https://api.twitter.com:443 "GET /1.1/search/tweets.json?q=target&max_id=1418494219862355967&tweet_mode=extended&show_user=True HTTP/1.1" 200 80755
2021-07-23 16:53:28 [tweepy.binder] DEBUG: PARAMS: {'create': b'True'}
2021-07-23 16:53:28 [tweepy.binder] DEBUG: PARAMS: {'create': b'True'}
2021-07-23 16:53:28 [tweepy.binder] DEBUG: PARAMS: {'q': b'target', 'max_id': b'1418494149058351103', 'tweet_mode': b'extended', 'show_user': b'True'}
2021-07-23 16:53:28 [tweepy.binder] DEBUG: PARAMS: {'q': b'target', 'max_id': b'1418494149058351103', 'tweet_mode': b'extended', 'show_user': b'True'}
2021-07-23 16:53:28 [requests_oauthlib.oauth1_auth] DEBUG: Signing request <PreparedRequest [GET]> using client <Client client_key=ioTGfhxK3Fylub82QJmLMB6mB, client_secret=****, resource_owner_key=1372722615991738368-bQ4nwuK0vKY95zAIoIAaeqP44DYg56, resource_owner_secret=****, signature_method=HMAC-SHA1, signature_type=AUTH_HEADER, callback_uri=None, rsa_key=None, verifier=None, realm=None, encoding=utf-8, decoding=None, nonce=None, timestamp=None>
2021-07-23 16:53:28 [requests_oauthlib.oauth1_auth] DEBUG: Signing request <PreparedRequest [GET]> using client <Client client_key=ioTGfhxK3Fylub82QJmLMB6mB, client_secret=****, resource_owner_key=1372722615991738368-bQ4nwuK0vKY95zAIoIAaeqP44DYg56, resource_owner_secret=****, signature_method=HMAC-SHA1, signature_type=AUTH_HEADER, callback_uri=None, rsa_key=None, verifier=None, realm=None, encoding=utf-8, decoding=None, nonce=None, timestamp=None>
2021-07-23 16:53:28 [requests_oauthlib.oauth1_auth] DEBUG: Including body in call to sign: False
2021-07-23 16:53:28 [requests_oauthlib.oauth1_auth] DEBUG: Including body in call to sign: False
2021-07-23 16:53:28 [oauthlib.oauth1.rfc5849] DEBUG: Collected params: [('q', 'target'), ('max_id', '1418494149058351103'), ('tweet_mode', 'extended'), ('show_user', 'True'), ('oauth_nonce', '103963682128569221131627030408'), ('oauth_timestamp', '1627030408'), ('oauth_version', '1.0'), ('oauth_signature_method', 'HMAC-SHA1'), ('oauth_consumer_key', 'ioTGfhxK3Fylub82QJmLMB6mB'), ('oauth_token', '1372722615991738368-bQ4nwuK0vKY95zAIoIAaeqP44DYg56')]
2021-07-23 16:53:28 [oauthlib.oauth1.rfc5849] DEBUG: Collected params: [('q', 'target'), ('max_id', '1418494149058351103'), ('tweet_mode', 'extended'), ('show_user', 'True'), ('oauth_nonce', '103963682128569221131627030408'), ('oauth_timestamp', '1627030408'), ('oauth_version', '1.0'), ('oauth_signature_method', 'HMAC-SHA1'), ('oauth_consumer_key', 'ioTGfhxK3Fylub82QJmLMB6mB'), ('oauth_token', '1372722615991738368-bQ4nwuK0vKY95zAIoIAaeqP44DYg56')]
2021-07-23 16:53:28 [oauthlib.oauth1.rfc5849] DEBUG: Normalized params: max_id=1418494149058351103&oauth_consumer_key=ioTGfhxK3Fylub82QJmLMB6mB&oauth_nonce=103963682128569221131627030408&oauth_signature_method=HMAC-SHA1&oauth_timestamp=1627030408&oauth_token=1372722615991738368-bQ4nwuK0vKY95zAIoIAaeqP44DYg56&oauth_version=1.0&q=target&show_user=True&tweet_mode=extended
2021-07-23 16:53:28 [oauthlib.oauth1.rfc5849] DEBUG: Normalized params: max_id=1418494149058351103&oauth_consumer_key=ioTGfhxK3Fylub82QJmLMB6mB&oauth_nonce=103963682128569221131627030408&oauth_signature_method=HMAC-SHA1&oauth_timestamp=1627030408&oauth_token=1372722615991738368-bQ4nwuK0vKY95zAIoIAaeqP44DYg56&oauth_version=1.0&q=target&show_user=True&tweet_mode=extended
2021-07-23 16:53:28 [oauthlib.oauth1.rfc5849] DEBUG: Normalized URI: https://api.twitter.com/1.1/search/tweets.json
2021-07-23 16:53:28 [oauthlib.oauth1.rfc5849] DEBUG: Normalized URI: https://api.twitter.com/1.1/search/tweets.json
2021-07-23 16:53:28 [oauthlib.oauth1.rfc5849] DEBUG: Signing: signature base string: GET&https%3A%2F%2Fapi.twitter.com%2F1.1%2Fsearch%2Ftweets.json&max_id%3D1418494149058351103%26oauth_consumer_key%3DioTGfhxK3Fylub82QJmLMB6mB%26oauth_nonce%3D103963682128569221131627030408%26oauth_signature_method%3DHMAC-SHA1%26oauth_timestamp%3D1627030408%26oauth_token%3D1372722615991738368-bQ4nwuK0vKY95zAIoIAaeqP44DYg56%26oauth_version%3D1.0%26q%3Dtarget%26show_user%3DTrue%26tweet_mode%3Dextended
2021-07-23 16:53:28 [oauthlib.oauth1.rfc5849] DEBUG: Signing: signature base string: GET&https%3A%2F%2Fapi.twitter.com%2F1.1%2Fsearch%2Ftweets.json&max_id%3D1418494149058351103%26oauth_consumer_key%3DioTGfhxK3Fylub82QJmLMB6mB%26oauth_nonce%3D103963682128569221131627030408%26oauth_signature_method%3DHMAC-SHA1%26oauth_timestamp%3D1627030408%26oauth_token%3D1372722615991738368-bQ4nwuK0vKY95zAIoIAaeqP44DYg56%26oauth_version%3D1.0%26q%3Dtarget%26show_user%3DTrue%26tweet_mode%3Dextended
2021-07-23 16:53:28 [oauthlib.oauth1.rfc5849] DEBUG: Signature: sgLYFSwlGN2ejWJa8OFnubJRfgQ=
2021-07-23 16:53:28 [oauthlib.oauth1.rfc5849] DEBUG: Signature: sgLYFSwlGN2ejWJa8OFnubJRfgQ=
2021-07-23 16:53:28 [requests_oauthlib.oauth1_auth] DEBUG: Updated url: https://api.twitter.com/1.1/search/tweets.json?q=target&max_id=1418494149058351103&tweet_mode=extended&show_user=True
2021-07-23 16:53:28 [requests_oauthlib.oauth1_auth] DEBUG: Updated url: https://api.twitter.com/1.1/search/tweets.json?q=target&max_id=1418494149058351103&tweet_mode=extended&show_user=True
2021-07-23 16:53:28 [requests_oauthlib.oauth1_auth] DEBUG: Updated headers: {'Host': 'api.twitter.com', 'Cookie': 'guest_id=v1%3A162703040088156716; personalization_id="v1_cV6cqBllr70rqyIDBnNBIw=="; lang=zh-cn', 'Authorization': 'OAuth oauth_nonce="103963682128569221131627030408", oauth_timestamp="1627030408", oauth_version="1.0", oauth_signature_method="HMAC-SHA1", oauth_consumer_key="ioTGfhxK3Fylub82QJmLMB6mB", oauth_token="1372722615991738368-bQ4nwuK0vKY95zAIoIAaeqP44DYg56", oauth_signature="sgLYFSwlGN2ejWJa8OFnubJRfgQ%3D"'}
2021-07-23 16:53:28 [requests_oauthlib.oauth1_auth] DEBUG: Updated headers: {'Host': 'api.twitter.com', 'Cookie': 'guest_id=v1%3A162703040088156716; personalization_id="v1_cV6cqBllr70rqyIDBnNBIw=="; lang=zh-cn', 'Authorization': 'OAuth oauth_nonce="103963682128569221131627030408", oauth_timestamp="1627030408", oauth_version="1.0", oauth_signature_method="HMAC-SHA1", oauth_consumer_key="ioTGfhxK3Fylub82QJmLMB6mB", oauth_token="1372722615991738368-bQ4nwuK0vKY95zAIoIAaeqP44DYg56", oauth_signature="sgLYFSwlGN2ejWJa8OFnubJRfgQ%3D"'}
2021-07-23 16:53:28 [requests_oauthlib.oauth1_auth] DEBUG: Updated body: None
2021-07-23 16:53:28 [requests_oauthlib.oauth1_auth] DEBUG: Updated body: None
2021-07-23 16:53:28 [urllib3.connectionpool] DEBUG: Starting new HTTPS connection (1): api.twitter.com:443
2021-07-23 16:53:28 [urllib3.connectionpool] DEBUG: Starting new HTTPS connection (1): api.twitter.com:443
2021-07-23 16:53:30 [urllib3.connectionpool] DEBUG: https://api.twitter.com:443 "GET /1.1/search/tweets.json?q=target&max_id=1418494149058351103&tweet_mode=extended&show_user=True HTTP/1.1" 200 91726
2021-07-23 16:53:30 [urllib3.connectionpool] DEBUG: https://api.twitter.com:443 "GET /1.1/search/tweets.json?q=target&max_id=1418494149058351103&tweet_mode=extended&show_user=True HTTP/1.1" 200 91726
2021-07-23 16:53:30 [tweepy.binder] DEBUG: PARAMS: {'create': b'True'}
2021-07-23 16:53:30 [tweepy.binder] DEBUG: PARAMS: {'create': b'True'}
2021-07-23 16:53:30 [tweepy.binder] DEBUG: PARAMS: {'q': b'target', 'max_id': b'1418494091105603583', 'tweet_mode': b'extended', 'show_user': b'True'}
2021-07-23 16:53:30 [tweepy.binder] DEBUG: PARAMS: {'q': b'target', 'max_id': b'1418494091105603583', 'tweet_mode': b'extended', 'show_user': b'True'}
2021-07-23 16:53:30 [requests_oauthlib.oauth1_auth] DEBUG: Signing request <PreparedRequest [GET]> using client <Client client_key=ioTGfhxK3Fylub82QJmLMB6mB, client_secret=****, resource_owner_key=1372722615991738368-bQ4nwuK0vKY95zAIoIAaeqP44DYg56, resource_owner_secret=****, signature_method=HMAC-SHA1, signature_type=AUTH_HEADER, callback_uri=None, rsa_key=None, verifier=None, realm=None, encoding=utf-8, decoding=None, nonce=None, timestamp=None>
2021-07-23 16:53:30 [requests_oauthlib.oauth1_auth] DEBUG: Signing request <PreparedRequest [GET]> using client <Client client_key=ioTGfhxK3Fylub82QJmLMB6mB, client_secret=****, resource_owner_key=1372722615991738368-bQ4nwuK0vKY95zAIoIAaeqP44DYg56, resource_owner_secret=****, signature_method=HMAC-SHA1, signature_type=AUTH_HEADER, callback_uri=None, rsa_key=None, verifier=None, realm=None, encoding=utf-8, decoding=None, nonce=None, timestamp=None>
2021-07-23 16:53:30 [requests_oauthlib.oauth1_auth] DEBUG: Including body in call to sign: False
2021-07-23 16:53:30 [requests_oauthlib.oauth1_auth] DEBUG: Including body in call to sign: False
2021-07-23 16:53:30 [oauthlib.oauth1.rfc5849] DEBUG: Collected params: [('q', 'target'), ('max_id', '1418494091105603583'), ('tweet_mode', 'extended'), ('show_user', 'True'), ('oauth_nonce', '27321614088804124941627030410'), ('oauth_timestamp', '1627030410'), ('oauth_version', '1.0'), ('oauth_signature_method', 'HMAC-SHA1'), ('oauth_consumer_key', 'ioTGfhxK3Fylub82QJmLMB6mB'), ('oauth_token', '1372722615991738368-bQ4nwuK0vKY95zAIoIAaeqP44DYg56')]
2021-07-23 16:53:30 [oauthlib.oauth1.rfc5849] DEBUG: Collected params: [('q', 'target'), ('max_id', '1418494091105603583'), ('tweet_mode', 'extended'), ('show_user', 'True'), ('oauth_nonce', '27321614088804124941627030410'), ('oauth_timestamp', '1627030410'), ('oauth_version', '1.0'), ('oauth_signature_method', 'HMAC-SHA1'), ('oauth_consumer_key', 'ioTGfhxK3Fylub82QJmLMB6mB'), ('oauth_token', '1372722615991738368-bQ4nwuK0vKY95zAIoIAaeqP44DYg56')]
2021-07-23 16:53:30 [oauthlib.oauth1.rfc5849] DEBUG: Normalized params: max_id=1418494091105603583&oauth_consumer_key=ioTGfhxK3Fylub82QJmLMB6mB&oauth_nonce=27321614088804124941627030410&oauth_signature_method=HMAC-SHA1&oauth_timestamp=1627030410&oauth_token=1372722615991738368-bQ4nwuK0vKY95zAIoIAaeqP44DYg56&oauth_version=1.0&q=target&show_user=True&tweet_mode=extended
2021-07-23 16:53:30 [oauthlib.oauth1.rfc5849] DEBUG: Normalized params: max_id=1418494091105603583&oauth_consumer_key=ioTGfhxK3Fylub82QJmLMB6mB&oauth_nonce=27321614088804124941627030410&oauth_signature_method=HMAC-SHA1&oauth_timestamp=1627030410&oauth_token=1372722615991738368-bQ4nwuK0vKY95zAIoIAaeqP44DYg56&oauth_version=1.0&q=target&show_user=True&tweet_mode=extended
2021-07-23 16:53:30 [oauthlib.oauth1.rfc5849] DEBUG: Normalized URI: https://api.twitter.com/1.1/search/tweets.json
2021-07-23 16:53:30 [oauthlib.oauth1.rfc5849] DEBUG: Normalized URI: https://api.twitter.com/1.1/search/tweets.json
2021-07-23 16:53:30 [oauthlib.oauth1.rfc5849] DEBUG: Signing: signature base string: GET&https%3A%2F%2Fapi.twitter.com%2F1.1%2Fsearch%2Ftweets.json&max_id%3D1418494091105603583%26oauth_consumer_key%3DioTGfhxK3Fylub82QJmLMB6mB%26oauth_nonce%3D27321614088804124941627030410%26oauth_signature_method%3DHMAC-SHA1%26oauth_timestamp%3D1627030410%26oauth_token%3D1372722615991738368-bQ4nwuK0vKY95zAIoIAaeqP44DYg56%26oauth_version%3D1.0%26q%3Dtarget%26show_user%3DTrue%26tweet_mode%3Dextended
2021-07-23 16:53:30 [oauthlib.oauth1.rfc5849] DEBUG: Signing: signature base string: GET&https%3A%2F%2Fapi.twitter.com%2F1.1%2Fsearch%2Ftweets.json&max_id%3D1418494091105603583%26oauth_consumer_key%3DioTGfhxK3Fylub82QJmLMB6mB%26oauth_nonce%3D27321614088804124941627030410%26oauth_signature_method%3DHMAC-SHA1%26oauth_timestamp%3D1627030410%26oauth_token%3D1372722615991738368-bQ4nwuK0vKY95zAIoIAaeqP44DYg56%26oauth_version%3D1.0%26q%3Dtarget%26show_user%3DTrue%26tweet_mode%3Dextended
2021-07-23 16:53:30 [oauthlib.oauth1.rfc5849] DEBUG: Signature: +Vb7BZWcXr/NtsRW40fQNoQ3efQ=
2021-07-23 16:53:30 [oauthlib.oauth1.rfc5849] DEBUG: Signature: +Vb7BZWcXr/NtsRW40fQNoQ3efQ=
2021-07-23 16:53:30 [requests_oauthlib.oauth1_auth] DEBUG: Updated url: https://api.twitter.com/1.1/search/tweets.json?q=target&max_id=1418494091105603583&tweet_mode=extended&show_user=True
2021-07-23 16:53:30 [requests_oauthlib.oauth1_auth] DEBUG: Updated url: https://api.twitter.com/1.1/search/tweets.json?q=target&max_id=1418494091105603583&tweet_mode=extended&show_user=True
2021-07-23 16:53:30 [requests_oauthlib.oauth1_auth] DEBUG: Updated headers: {'Host': 'api.twitter.com', 'Cookie': 'guest_id=v1%3A162703040088156716; personalization_id="v1_cV6cqBllr70rqyIDBnNBIw=="; lang=zh-cn', 'Authorization': 'OAuth oauth_nonce="27321614088804124941627030410", oauth_timestamp="1627030410", oauth_version="1.0", oauth_signature_method="HMAC-SHA1", oauth_consumer_key="ioTGfhxK3Fylub82QJmLMB6mB", oauth_token="1372722615991738368-bQ4nwuK0vKY95zAIoIAaeqP44DYg56", oauth_signature="%2BVb7BZWcXr%2FNtsRW40fQNoQ3efQ%3D"'}
2021-07-23 16:53:30 [requests_oauthlib.oauth1_auth] DEBUG: Updated headers: {'Host': 'api.twitter.com', 'Cookie': 'guest_id=v1%3A162703040088156716; personalization_id="v1_cV6cqBllr70rqyIDBnNBIw=="; lang=zh-cn', 'Authorization': 'OAuth oauth_nonce="27321614088804124941627030410", oauth_timestamp="1627030410", oauth_version="1.0", oauth_signature_method="HMAC-SHA1", oauth_consumer_key="ioTGfhxK3Fylub82QJmLMB6mB", oauth_token="1372722615991738368-bQ4nwuK0vKY95zAIoIAaeqP44DYg56", oauth_signature="%2BVb7BZWcXr%2FNtsRW40fQNoQ3efQ%3D"'}
2021-07-23 16:53:30 [requests_oauthlib.oauth1_auth] DEBUG: Updated body: None
2021-07-23 16:53:30 [requests_oauthlib.oauth1_auth] DEBUG: Updated body: None
2021-07-23 16:53:30 [urllib3.connectionpool] DEBUG: Starting new HTTPS connection (1): api.twitter.com:443
2021-07-23 16:53:30 [urllib3.connectionpool] DEBUG: Starting new HTTPS connection (1): api.twitter.com:443
2021-07-23 16:53:31 [urllib3.connectionpool] DEBUG: https://api.twitter.com:443 "GET /1.1/search/tweets.json?q=target&max_id=1418494091105603583&tweet_mode=extended&show_user=True HTTP/1.1" 200 91362
2021-07-23 16:53:31 [urllib3.connectionpool] DEBUG: https://api.twitter.com:443 "GET /1.1/search/tweets.json?q=target&max_id=1418494091105603583&tweet_mode=extended&show_user=True HTTP/1.1" 200 91362
2021-07-23 16:53:31 [tweepy.binder] DEBUG: PARAMS: {'create': b'True'}
2021-07-23 16:53:31 [tweepy.binder] DEBUG: PARAMS: {'create': b'True'}
2021-07-23 16:53:31 [tweepy.binder] DEBUG: PARAMS: {'q': b'target', 'max_id': b'1418494043428818945', 'tweet_mode': b'extended', 'show_user': b'True'}
2021-07-23 16:53:31 [tweepy.binder] DEBUG: PARAMS: {'q': b'target', 'max_id': b'1418494043428818945', 'tweet_mode': b'extended', 'show_user': b'True'}
2021-07-23 16:53:31 [requests_oauthlib.oauth1_auth] DEBUG: Signing request <PreparedRequest [GET]> using client <Client client_key=ioTGfhxK3Fylub82QJmLMB6mB, client_secret=****, resource_owner_key=1372722615991738368-bQ4nwuK0vKY95zAIoIAaeqP44DYg56, resource_owner_secret=****, signature_method=HMAC-SHA1, signature_type=AUTH_HEADER, callback_uri=None, rsa_key=None, verifier=None, realm=None, encoding=utf-8, decoding=None, nonce=None, timestamp=None>
2021-07-23 16:53:31 [requests_oauthlib.oauth1_auth] DEBUG: Signing request <PreparedRequest [GET]> using client <Client client_key=ioTGfhxK3Fylub82QJmLMB6mB, client_secret=****, resource_owner_key=1372722615991738368-bQ4nwuK0vKY95zAIoIAaeqP44DYg56, resource_owner_secret=****, signature_method=HMAC-SHA1, signature_type=AUTH_HEADER, callback_uri=None, rsa_key=None, verifier=None, realm=None, encoding=utf-8, decoding=None, nonce=None, timestamp=None>
2021-07-23 16:53:31 [requests_oauthlib.oauth1_auth] DEBUG: Including body in call to sign: False
2021-07-23 16:53:31 [requests_oauthlib.oauth1_auth] DEBUG: Including body in call to sign: False
2021-07-23 16:53:31 [oauthlib.oauth1.rfc5849] DEBUG: Collected params: [('q', 'target'), ('max_id', '1418494043428818945'), ('tweet_mode', 'extended'), ('show_user', 'True'), ('oauth_nonce', '109258555719878986281627030411'), ('oauth_timestamp', '1627030411'), ('oauth_version', '1.0'), ('oauth_signature_method', 'HMAC-SHA1'), ('oauth_consumer_key', 'ioTGfhxK3Fylub82QJmLMB6mB'), ('oauth_token', '1372722615991738368-bQ4nwuK0vKY95zAIoIAaeqP44DYg56')]
2021-07-23 16:53:31 [oauthlib.oauth1.rfc5849] DEBUG: Collected params: [('q', 'target'), ('max_id', '1418494043428818945'), ('tweet_mode', 'extended'), ('show_user', 'True'), ('oauth_nonce', '109258555719878986281627030411'), ('oauth_timestamp', '1627030411'), ('oauth_version', '1.0'), ('oauth_signature_method', 'HMAC-SHA1'), ('oauth_consumer_key', 'ioTGfhxK3Fylub82QJmLMB6mB'), ('oauth_token', '1372722615991738368-bQ4nwuK0vKY95zAIoIAaeqP44DYg56')]
2021-07-23 16:53:31 [oauthlib.oauth1.rfc5849] DEBUG: Normalized params: max_id=1418494043428818945&oauth_consumer_key=ioTGfhxK3Fylub82QJmLMB6mB&oauth_nonce=109258555719878986281627030411&oauth_signature_method=HMAC-SHA1&oauth_timestamp=1627030411&oauth_token=1372722615991738368-bQ4nwuK0vKY95zAIoIAaeqP44DYg56&oauth_version=1.0&q=target&show_user=True&tweet_mode=extended
2021-07-23 16:53:31 [oauthlib.oauth1.rfc5849] DEBUG: Normalized params: max_id=1418494043428818945&oauth_consumer_key=ioTGfhxK3Fylub82QJmLMB6mB&oauth_nonce=109258555719878986281627030411&oauth_signature_method=HMAC-SHA1&oauth_timestamp=1627030411&oauth_token=1372722615991738368-bQ4nwuK0vKY95zAIoIAaeqP44DYg56&oauth_version=1.0&q=target&show_user=True&tweet_mode=extended
2021-07-23 16:53:31 [oauthlib.oauth1.rfc5849] DEBUG: Normalized URI: https://api.twitter.com/1.1/search/tweets.json
2021-07-23 16:53:31 [oauthlib.oauth1.rfc5849] DEBUG: Normalized URI: https://api.twitter.com/1.1/search/tweets.json
2021-07-23 16:53:31 [oauthlib.oauth1.rfc5849] DEBUG: Signing: signature base string: GET&https%3A%2F%2Fapi.twitter.com%2F1.1%2Fsearch%2Ftweets.json&max_id%3D1418494043428818945%26oauth_consumer_key%3DioTGfhxK3Fylub82QJmLMB6mB%26oauth_nonce%3D109258555719878986281627030411%26oauth_signature_method%3DHMAC-SHA1%26oauth_timestamp%3D1627030411%26oauth_token%3D1372722615991738368-bQ4nwuK0vKY95zAIoIAaeqP44DYg56%26oauth_version%3D1.0%26q%3Dtarget%26show_user%3DTrue%26tweet_mode%3Dextended
2021-07-23 16:53:31 [oauthlib.oauth1.rfc5849] DEBUG: Signing: signature base string: GET&https%3A%2F%2Fapi.twitter.com%2F1.1%2Fsearch%2Ftweets.json&max_id%3D1418494043428818945%26oauth_consumer_key%3DioTGfhxK3Fylub82QJmLMB6mB%26oauth_nonce%3D109258555719878986281627030411%26oauth_signature_method%3DHMAC-SHA1%26oauth_timestamp%3D1627030411%26oauth_token%3D1372722615991738368-bQ4nwuK0vKY95zAIoIAaeqP44DYg56%26oauth_version%3D1.0%26q%3Dtarget%26show_user%3DTrue%26tweet_mode%3Dextended
2021-07-23 16:53:31 [oauthlib.oauth1.rfc5849] DEBUG: Signature: Z5z2YXAzlRqTH1eM3qeN1li2OnI=
2021-07-23 16:53:31 [oauthlib.oauth1.rfc5849] DEBUG: Signature: Z5z2YXAzlRqTH1eM3qeN1li2OnI=
2021-07-23 16:53:31 [requests_oauthlib.oauth1_auth] DEBUG: Updated url: https://api.twitter.com/1.1/search/tweets.json?q=target&max_id=1418494043428818945&tweet_mode=extended&show_user=True
2021-07-23 16:53:31 [requests_oauthlib.oauth1_auth] DEBUG: Updated url: https://api.twitter.com/1.1/search/tweets.json?q=target&max_id=1418494043428818945&tweet_mode=extended&show_user=True
2021-07-23 16:53:31 [requests_oauthlib.oauth1_auth] DEBUG: Updated headers: {'Host': 'api.twitter.com', 'Cookie': 'guest_id=v1%3A162703040088156716; personalization_id="v1_cV6cqBllr70rqyIDBnNBIw=="; lang=zh-cn', 'Authorization': 'OAuth oauth_nonce="109258555719878986281627030411", oauth_timestamp="1627030411", oauth_version="1.0", oauth_signature_method="HMAC-SHA1", oauth_consumer_key="ioTGfhxK3Fylub82QJmLMB6mB", oauth_token="1372722615991738368-bQ4nwuK0vKY95zAIoIAaeqP44DYg56", oauth_signature="Z5z2YXAzlRqTH1eM3qeN1li2OnI%3D"'}
2021-07-23 16:53:31 [requests_oauthlib.oauth1_auth] DEBUG: Updated headers: {'Host': 'api.twitter.com', 'Cookie': 'guest_id=v1%3A162703040088156716; personalization_id="v1_cV6cqBllr70rqyIDBnNBIw=="; lang=zh-cn', 'Authorization': 'OAuth oauth_nonce="109258555719878986281627030411", oauth_timestamp="1627030411", oauth_version="1.0", oauth_signature_method="HMAC-SHA1", oauth_consumer_key="ioTGfhxK3Fylub82QJmLMB6mB", oauth_token="1372722615991738368-bQ4nwuK0vKY95zAIoIAaeqP44DYg56", oauth_signature="Z5z2YXAzlRqTH1eM3qeN1li2OnI%3D"'}
2021-07-23 16:53:31 [requests_oauthlib.oauth1_auth] DEBUG: Updated body: None
2021-07-23 16:53:31 [requests_oauthlib.oauth1_auth] DEBUG: Updated body: None
2021-07-23 16:53:31 [urllib3.connectionpool] DEBUG: Starting new HTTPS connection (1): api.twitter.com:443
2021-07-23 16:53:31 [urllib3.connectionpool] DEBUG: Starting new HTTPS connection (1): api.twitter.com:443
2021-07-23 16:53:33 [urllib3.connectionpool] DEBUG: https://api.twitter.com:443 "GET /1.1/search/tweets.json?q=target&max_id=1418494043428818945&tweet_mode=extended&show_user=True HTTP/1.1" 200 69212
2021-07-23 16:53:33 [urllib3.connectionpool] DEBUG: https://api.twitter.com:443 "GET /1.1/search/tweets.json?q=target&max_id=1418494043428818945&tweet_mode=extended&show_user=True HTTP/1.1" 200 69212
2021-07-23 16:53:33 [tweepy.binder] DEBUG: PARAMS: {'create': b'True'}
2021-07-23 16:53:33 [tweepy.binder] DEBUG: PARAMS: {'create': b'True'}
2021-07-23 16:53:33 [scrapy.core.scraper] DEBUG: Scraped from <302 https://twitter.com/explore>
{'keyword': 'target'}
2021-07-23 16:53:33 [scrapy.core.scraper] DEBUG: Scraped from <302 https://twitter.com/explore>
{'keyword': 'target'}
2021-07-23 16:53:33 [scrapy.core.engine] INFO: Closing spider (finished)
2021-07-23 16:53:33 [scrapy.core.engine] INFO: Closing spider (finished)
2021-07-23 16:53:33 [scrapy.statscollectors] INFO: Dumping Scrapy stats:
{'downloader/request_bytes': 384,
 'downloader/request_count': 1,
 'downloader/request_method_count/GET': 1,
 'downloader/response_bytes': 642,
 'downloader/response_count': 1,
 'downloader/response_status_count/302': 1,
 'elapsed_time_seconds': 13.859035,
 'finish_reason': 'finished',
 'finish_time': datetime.datetime(2021, 7, 23, 8, 53, 33, 262414),
 'item_scraped_count': 1,
 'log_count/CRITICAL': 2,
 'log_count/DEBUG': 128,
 'log_count/INFO': 20,
 'log_count/WARNING': 1,
 'response_received_count': 1,
 'scheduler/dequeued': 1,
 'scheduler/dequeued/memory': 1,
 'scheduler/enqueued': 1,
 'scheduler/enqueued/memory': 1,
 'start_time': datetime.datetime(2021, 7, 23, 8, 53, 19, 403379)}
2021-07-23 16:53:33 [scrapy.statscollectors] INFO: Dumping Scrapy stats:
{'downloader/request_bytes': 384,
 'downloader/request_count': 1,
 'downloader/request_method_count/GET': 1,
 'downloader/response_bytes': 642,
 'downloader/response_count': 1,
 'downloader/response_status_count/302': 1,
 'elapsed_time_seconds': 13.859035,
 'finish_reason': 'finished',
 'finish_time': datetime.datetime(2021, 7, 23, 8, 53, 33, 262414),
 'item_scraped_count': 1,
 'log_count/CRITICAL': 2,
 'log_count/DEBUG': 128,
 'log_count/INFO': 20,
 'log_count/WARNING': 1,
 'response_received_count': 1,
 'scheduler/dequeued': 1,
 'scheduler/dequeued/memory': 1,
 'scheduler/enqueued': 1,
 'scheduler/enqueued/memory': 1,
 'start_time': datetime.datetime(2021, 7, 23, 8, 53, 19, 403379)}
2021-07-23 16:53:33 [scrapy.core.engine] INFO: Spider closed (finished)
2021-07-23 16:53:33 [scrapy.core.engine] INFO: Spider closed (finished)
