2021-07-22 18:56:16 [scrapy.utils.log] INFO: Scrapy 2.5.0 started (bot: TextProcessorScrapy)
2021-07-22 18:56:16 [scrapy.utils.log] INFO: Versions: lxml 4.6.3.0, libxml2 2.9.5, cssselect 1.1.0, parsel 1.6.0, w3lib 1.22.0, Twisted 21.2.0, Python 3.7.9 (default, Aug 31 2020, 17:10:11) [MSC v.1916 64 bit (AMD64)], pyOpenSSL 20.0.1 (OpenSSL 1.1.1k  25 Mar 2021), cryptography 3.4.7, Platform Windows-10-10.0.19041-SP0
2021-07-22 18:56:16 [scrapy.utils.log] DEBUG: Using reactor: twisted.internet.selectreactor.SelectReactor
2021-07-22 18:56:16 [scrapy.crawler] INFO: Overridden settings:
{'BOT_NAME': 'TextProcessorScrapy',
 'CONCURRENT_REQUESTS': 32,
 'CONCURRENT_REQUESTS_PER_DOMAIN': 32,
 'CONCURRENT_REQUESTS_PER_IP': 128,
 'COOKIES_ENABLED': False,
 'DOWNLOAD_DELAY': 2,
 'LOG_FILE': '../log/scrapy_2021_7_22_7.log',
 'NEWSPIDER_MODULE': 'TextProcessorScrapy.spiders',
 'REACTOR_THREADPOOL_MAXSIZE': 20,
 'SPIDER_MODULES': ['TextProcessorScrapy.spiders']}
2021-07-22 18:56:16 [scrapy.extensions.telnet] INFO: Telnet Password: 9402101987723df9
2021-07-22 18:56:17 [scrapy.middleware] INFO: Enabled extensions:
['scrapy.extensions.corestats.CoreStats',
 'scrapy.extensions.telnet.TelnetConsole',
 'scrapy.extensions.logstats.LogStats']
2021-07-22 18:56:17 [scrapy.middleware] INFO: Enabled downloader middlewares:
['scrapy.downloadermiddlewares.httpauth.HttpAuthMiddleware',
 'scrapy.downloadermiddlewares.downloadtimeout.DownloadTimeoutMiddleware',
 'scrapy.downloadermiddlewares.defaultheaders.DefaultHeadersMiddleware',
 'scrapy.downloadermiddlewares.useragent.UserAgentMiddleware',
 'TextProcessorScrapy.middlewares.HsNasaDownloaderMiddleware',
 'scrapy.downloadermiddlewares.retry.RetryMiddleware',
 'scrapy.downloadermiddlewares.redirect.MetaRefreshMiddleware',
 'scrapy.downloadermiddlewares.httpcompression.HttpCompressionMiddleware',
 'scrapy.downloadermiddlewares.redirect.RedirectMiddleware',
 'scrapy.downloadermiddlewares.httpproxy.HttpProxyMiddleware',
 'scrapy.downloadermiddlewares.stats.DownloaderStats']
2021-07-22 18:56:17 [scrapy.middleware] INFO: Enabled spider middlewares:
['scrapy.spidermiddlewares.httperror.HttpErrorMiddleware',
 'scrapy.spidermiddlewares.offsite.OffsiteMiddleware',
 'TextProcessorScrapy.middlewares.RandomUserAgentMiddleware',
 'TextProcessorScrapy.middlewares.HsNasaSpiderMiddleware',
 'scrapy.spidermiddlewares.referer.RefererMiddleware',
 'scrapy.spidermiddlewares.urllength.UrlLengthMiddleware',
 'scrapy.spidermiddlewares.depth.DepthMiddleware']
2021-07-22 18:56:17 [scrapy.middleware] INFO: Enabled item pipelines:
['TextProcessorScrapy.pipelines.TwitterPipeline']
2021-07-22 18:56:17 [scrapy.core.engine] INFO: Spider opened
2021-07-22 18:56:17 [scrapy.extensions.logstats] INFO: Crawled 0 pages (at 0 pages/min), scraped 0 items (at 0 items/min)
2021-07-22 18:56:17 [twitter] INFO: Spider opened: twitter
2021-07-22 18:56:17 [twitter] INFO: Spider opened: twitter
2021-07-22 18:56:17 [scrapy.extensions.telnet] INFO: Telnet console listening on 127.0.0.1:6023
2021-07-22 18:56:37 [scrapy.core.engine] DEBUG: Crawled (200) <GET https://twitter.com/explore> (referer: None)
2021-07-22 18:56:37 [tweepy.binder] DEBUG: PARAMS: {'q': b'target', 'tweet_mode': b'extended', 'show_user': b'True'}
2021-07-22 18:56:37 [requests_oauthlib.oauth1_auth] DEBUG: Signing request <PreparedRequest [GET]> using client <Client client_key=ioTGfhxK3Fylub82QJmLMB6mB, client_secret=****, resource_owner_key=1372722615991738368-bQ4nwuK0vKY95zAIoIAaeqP44DYg56, resource_owner_secret=****, signature_method=HMAC-SHA1, signature_type=AUTH_HEADER, callback_uri=None, rsa_key=None, verifier=None, realm=None, encoding=utf-8, decoding=None, nonce=None, timestamp=None>
2021-07-22 18:56:37 [requests_oauthlib.oauth1_auth] DEBUG: Including body in call to sign: False
2021-07-22 18:56:37 [oauthlib.oauth1.rfc5849] DEBUG: Collected params: [('q', 'target'), ('tweet_mode', 'extended'), ('show_user', 'True'), ('oauth_nonce', '183727783290696769021626951397'), ('oauth_timestamp', '1626951397'), ('oauth_version', '1.0'), ('oauth_signature_method', 'HMAC-SHA1'), ('oauth_consumer_key', 'ioTGfhxK3Fylub82QJmLMB6mB'), ('oauth_token', '1372722615991738368-bQ4nwuK0vKY95zAIoIAaeqP44DYg56')]
2021-07-22 18:56:37 [oauthlib.oauth1.rfc5849] DEBUG: Normalized params: oauth_consumer_key=ioTGfhxK3Fylub82QJmLMB6mB&oauth_nonce=183727783290696769021626951397&oauth_signature_method=HMAC-SHA1&oauth_timestamp=1626951397&oauth_token=1372722615991738368-bQ4nwuK0vKY95zAIoIAaeqP44DYg56&oauth_version=1.0&q=target&show_user=True&tweet_mode=extended
2021-07-22 18:56:37 [oauthlib.oauth1.rfc5849] DEBUG: Normalized URI: https://api.twitter.com/1.1/search/tweets.json
2021-07-22 18:56:37 [oauthlib.oauth1.rfc5849] DEBUG: Signing: signature base string: GET&https%3A%2F%2Fapi.twitter.com%2F1.1%2Fsearch%2Ftweets.json&oauth_consumer_key%3DioTGfhxK3Fylub82QJmLMB6mB%26oauth_nonce%3D183727783290696769021626951397%26oauth_signature_method%3DHMAC-SHA1%26oauth_timestamp%3D1626951397%26oauth_token%3D1372722615991738368-bQ4nwuK0vKY95zAIoIAaeqP44DYg56%26oauth_version%3D1.0%26q%3Dtarget%26show_user%3DTrue%26tweet_mode%3Dextended
2021-07-22 18:56:37 [oauthlib.oauth1.rfc5849] DEBUG: Signature: H4MNKe9QlC9lZhQIGvotoIMaVg0=
2021-07-22 18:56:37 [requests_oauthlib.oauth1_auth] DEBUG: Updated url: https://api.twitter.com/1.1/search/tweets.json?q=target&tweet_mode=extended&show_user=True
2021-07-22 18:56:37 [requests_oauthlib.oauth1_auth] DEBUG: Updated headers: {'Host': 'api.twitter.com', 'Authorization': 'OAuth oauth_nonce="183727783290696769021626951397", oauth_timestamp="1626951397", oauth_version="1.0", oauth_signature_method="HMAC-SHA1", oauth_consumer_key="ioTGfhxK3Fylub82QJmLMB6mB", oauth_token="1372722615991738368-bQ4nwuK0vKY95zAIoIAaeqP44DYg56", oauth_signature="H4MNKe9QlC9lZhQIGvotoIMaVg0%3D"'}
2021-07-22 18:56:37 [requests_oauthlib.oauth1_auth] DEBUG: Updated body: None
2021-07-22 18:56:37 [urllib3.connectionpool] DEBUG: Starting new HTTPS connection (1): api.twitter.com:443
2021-07-22 18:56:38 [urllib3.connectionpool] DEBUG: https://api.twitter.com:443 "GET /1.1/search/tweets.json?q=target&tweet_mode=extended&show_user=True HTTP/1.1" 200 72467
2021-07-22 18:56:39 [tweepy.binder] DEBUG: PARAMS: {'create': b'True'}
2021-07-22 18:56:39 [tweepy.binder] DEBUG: PARAMS: {'q': b'target', 'max_id': b'1418163027984064511', 'tweet_mode': b'extended', 'show_user': b'True'}
2021-07-22 18:56:39 [requests_oauthlib.oauth1_auth] DEBUG: Signing request <PreparedRequest [GET]> using client <Client client_key=ioTGfhxK3Fylub82QJmLMB6mB, client_secret=****, resource_owner_key=1372722615991738368-bQ4nwuK0vKY95zAIoIAaeqP44DYg56, resource_owner_secret=****, signature_method=HMAC-SHA1, signature_type=AUTH_HEADER, callback_uri=None, rsa_key=None, verifier=None, realm=None, encoding=utf-8, decoding=None, nonce=None, timestamp=None>
2021-07-22 18:56:39 [requests_oauthlib.oauth1_auth] DEBUG: Including body in call to sign: False
2021-07-22 18:56:39 [oauthlib.oauth1.rfc5849] DEBUG: Collected params: [('q', 'target'), ('max_id', '1418163027984064511'), ('tweet_mode', 'extended'), ('show_user', 'True'), ('oauth_nonce', '174816385761824861431626951399'), ('oauth_timestamp', '1626951399'), ('oauth_version', '1.0'), ('oauth_signature_method', 'HMAC-SHA1'), ('oauth_consumer_key', 'ioTGfhxK3Fylub82QJmLMB6mB'), ('oauth_token', '1372722615991738368-bQ4nwuK0vKY95zAIoIAaeqP44DYg56')]
2021-07-22 18:56:39 [oauthlib.oauth1.rfc5849] DEBUG: Normalized params: max_id=1418163027984064511&oauth_consumer_key=ioTGfhxK3Fylub82QJmLMB6mB&oauth_nonce=174816385761824861431626951399&oauth_signature_method=HMAC-SHA1&oauth_timestamp=1626951399&oauth_token=1372722615991738368-bQ4nwuK0vKY95zAIoIAaeqP44DYg56&oauth_version=1.0&q=target&show_user=True&tweet_mode=extended
2021-07-22 18:56:39 [oauthlib.oauth1.rfc5849] DEBUG: Normalized URI: https://api.twitter.com/1.1/search/tweets.json
2021-07-22 18:56:39 [oauthlib.oauth1.rfc5849] DEBUG: Signing: signature base string: GET&https%3A%2F%2Fapi.twitter.com%2F1.1%2Fsearch%2Ftweets.json&max_id%3D1418163027984064511%26oauth_consumer_key%3DioTGfhxK3Fylub82QJmLMB6mB%26oauth_nonce%3D174816385761824861431626951399%26oauth_signature_method%3DHMAC-SHA1%26oauth_timestamp%3D1626951399%26oauth_token%3D1372722615991738368-bQ4nwuK0vKY95zAIoIAaeqP44DYg56%26oauth_version%3D1.0%26q%3Dtarget%26show_user%3DTrue%26tweet_mode%3Dextended
2021-07-22 18:56:39 [oauthlib.oauth1.rfc5849] DEBUG: Signature: DQEpLTHU8/OBcz/I3YwHkL0i8QY=
2021-07-22 18:56:39 [requests_oauthlib.oauth1_auth] DEBUG: Updated url: https://api.twitter.com/1.1/search/tweets.json?q=target&max_id=1418163027984064511&tweet_mode=extended&show_user=True
2021-07-22 18:56:39 [requests_oauthlib.oauth1_auth] DEBUG: Updated headers: {'Host': 'api.twitter.com', 'Cookie': 'guest_id=v1%3A162695139998272224; personalization_id="v1_5YShg8YU5fcyff2bgOVBVg=="; lang=zh-cn', 'Authorization': 'OAuth oauth_nonce="174816385761824861431626951399", oauth_timestamp="1626951399", oauth_version="1.0", oauth_signature_method="HMAC-SHA1", oauth_consumer_key="ioTGfhxK3Fylub82QJmLMB6mB", oauth_token="1372722615991738368-bQ4nwuK0vKY95zAIoIAaeqP44DYg56", oauth_signature="DQEpLTHU8%2FOBcz%2FI3YwHkL0i8QY%3D"'}
2021-07-22 18:56:39 [requests_oauthlib.oauth1_auth] DEBUG: Updated body: None
2021-07-22 18:56:39 [urllib3.connectionpool] DEBUG: Starting new HTTPS connection (1): api.twitter.com:443
2021-07-22 18:56:40 [urllib3.connectionpool] DEBUG: https://api.twitter.com:443 "GET /1.1/search/tweets.json?q=target&max_id=1418163027984064511&tweet_mode=extended&show_user=True HTTP/1.1" 200 73994
2021-07-22 18:56:40 [tweepy.binder] DEBUG: PARAMS: {'create': b'True'}
2021-07-22 18:56:40 [tweepy.binder] DEBUG: PARAMS: {'q': b'target', 'max_id': b'1418162976645914623', 'tweet_mode': b'extended', 'show_user': b'True'}
2021-07-22 18:56:40 [requests_oauthlib.oauth1_auth] DEBUG: Signing request <PreparedRequest [GET]> using client <Client client_key=ioTGfhxK3Fylub82QJmLMB6mB, client_secret=****, resource_owner_key=1372722615991738368-bQ4nwuK0vKY95zAIoIAaeqP44DYg56, resource_owner_secret=****, signature_method=HMAC-SHA1, signature_type=AUTH_HEADER, callback_uri=None, rsa_key=None, verifier=None, realm=None, encoding=utf-8, decoding=None, nonce=None, timestamp=None>
2021-07-22 18:56:40 [requests_oauthlib.oauth1_auth] DEBUG: Including body in call to sign: False
2021-07-22 18:56:40 [oauthlib.oauth1.rfc5849] DEBUG: Collected params: [('q', 'target'), ('max_id', '1418162976645914623'), ('tweet_mode', 'extended'), ('show_user', 'True'), ('oauth_nonce', '56559637010370191901626951400'), ('oauth_timestamp', '1626951400'), ('oauth_version', '1.0'), ('oauth_signature_method', 'HMAC-SHA1'), ('oauth_consumer_key', 'ioTGfhxK3Fylub82QJmLMB6mB'), ('oauth_token', '1372722615991738368-bQ4nwuK0vKY95zAIoIAaeqP44DYg56')]
2021-07-22 18:56:40 [oauthlib.oauth1.rfc5849] DEBUG: Normalized params: max_id=1418162976645914623&oauth_consumer_key=ioTGfhxK3Fylub82QJmLMB6mB&oauth_nonce=56559637010370191901626951400&oauth_signature_method=HMAC-SHA1&oauth_timestamp=1626951400&oauth_token=1372722615991738368-bQ4nwuK0vKY95zAIoIAaeqP44DYg56&oauth_version=1.0&q=target&show_user=True&tweet_mode=extended
2021-07-22 18:56:40 [oauthlib.oauth1.rfc5849] DEBUG: Normalized URI: https://api.twitter.com/1.1/search/tweets.json
2021-07-22 18:56:40 [oauthlib.oauth1.rfc5849] DEBUG: Signing: signature base string: GET&https%3A%2F%2Fapi.twitter.com%2F1.1%2Fsearch%2Ftweets.json&max_id%3D1418162976645914623%26oauth_consumer_key%3DioTGfhxK3Fylub82QJmLMB6mB%26oauth_nonce%3D56559637010370191901626951400%26oauth_signature_method%3DHMAC-SHA1%26oauth_timestamp%3D1626951400%26oauth_token%3D1372722615991738368-bQ4nwuK0vKY95zAIoIAaeqP44DYg56%26oauth_version%3D1.0%26q%3Dtarget%26show_user%3DTrue%26tweet_mode%3Dextended
2021-07-22 18:56:40 [oauthlib.oauth1.rfc5849] DEBUG: Signature: Jp/xbUxF3FS/xIlkIBMCwS4d8W4=
2021-07-22 18:56:40 [requests_oauthlib.oauth1_auth] DEBUG: Updated url: https://api.twitter.com/1.1/search/tweets.json?q=target&max_id=1418162976645914623&tweet_mode=extended&show_user=True
2021-07-22 18:56:40 [requests_oauthlib.oauth1_auth] DEBUG: Updated headers: {'Host': 'api.twitter.com', 'Cookie': 'guest_id=v1%3A162695139998272224; personalization_id="v1_5YShg8YU5fcyff2bgOVBVg=="; lang=zh-cn', 'Authorization': 'OAuth oauth_nonce="56559637010370191901626951400", oauth_timestamp="1626951400", oauth_version="1.0", oauth_signature_method="HMAC-SHA1", oauth_consumer_key="ioTGfhxK3Fylub82QJmLMB6mB", oauth_token="1372722615991738368-bQ4nwuK0vKY95zAIoIAaeqP44DYg56", oauth_signature="Jp%2FxbUxF3FS%2FxIlkIBMCwS4d8W4%3D"'}
2021-07-22 18:56:40 [requests_oauthlib.oauth1_auth] DEBUG: Updated body: None
2021-07-22 18:56:40 [urllib3.connectionpool] DEBUG: Starting new HTTPS connection (1): api.twitter.com:443
2021-07-22 18:56:41 [urllib3.connectionpool] DEBUG: https://api.twitter.com:443 "GET /1.1/search/tweets.json?q=target&max_id=1418162976645914623&tweet_mode=extended&show_user=True HTTP/1.1" 200 82073
2021-07-22 18:56:42 [tweepy.binder] DEBUG: PARAMS: {'create': b'True'}
2021-07-22 18:56:42 [tweepy.binder] DEBUG: PARAMS: {'q': b'target', 'max_id': b'1418162927018811392', 'tweet_mode': b'extended', 'show_user': b'True'}
2021-07-22 18:56:42 [requests_oauthlib.oauth1_auth] DEBUG: Signing request <PreparedRequest [GET]> using client <Client client_key=ioTGfhxK3Fylub82QJmLMB6mB, client_secret=****, resource_owner_key=1372722615991738368-bQ4nwuK0vKY95zAIoIAaeqP44DYg56, resource_owner_secret=****, signature_method=HMAC-SHA1, signature_type=AUTH_HEADER, callback_uri=None, rsa_key=None, verifier=None, realm=None, encoding=utf-8, decoding=None, nonce=None, timestamp=None>
2021-07-22 18:56:42 [requests_oauthlib.oauth1_auth] DEBUG: Including body in call to sign: False
2021-07-22 18:56:42 [oauthlib.oauth1.rfc5849] DEBUG: Collected params: [('q', 'target'), ('max_id', '1418162927018811392'), ('tweet_mode', 'extended'), ('show_user', 'True'), ('oauth_nonce', '152619370699141354821626951402'), ('oauth_timestamp', '1626951402'), ('oauth_version', '1.0'), ('oauth_signature_method', 'HMAC-SHA1'), ('oauth_consumer_key', 'ioTGfhxK3Fylub82QJmLMB6mB'), ('oauth_token', '1372722615991738368-bQ4nwuK0vKY95zAIoIAaeqP44DYg56')]
2021-07-22 18:56:42 [oauthlib.oauth1.rfc5849] DEBUG: Normalized params: max_id=1418162927018811392&oauth_consumer_key=ioTGfhxK3Fylub82QJmLMB6mB&oauth_nonce=152619370699141354821626951402&oauth_signature_method=HMAC-SHA1&oauth_timestamp=1626951402&oauth_token=1372722615991738368-bQ4nwuK0vKY95zAIoIAaeqP44DYg56&oauth_version=1.0&q=target&show_user=True&tweet_mode=extended
2021-07-22 18:56:42 [oauthlib.oauth1.rfc5849] DEBUG: Normalized URI: https://api.twitter.com/1.1/search/tweets.json
2021-07-22 18:56:42 [oauthlib.oauth1.rfc5849] DEBUG: Signing: signature base string: GET&https%3A%2F%2Fapi.twitter.com%2F1.1%2Fsearch%2Ftweets.json&max_id%3D1418162927018811392%26oauth_consumer_key%3DioTGfhxK3Fylub82QJmLMB6mB%26oauth_nonce%3D152619370699141354821626951402%26oauth_signature_method%3DHMAC-SHA1%26oauth_timestamp%3D1626951402%26oauth_token%3D1372722615991738368-bQ4nwuK0vKY95zAIoIAaeqP44DYg56%26oauth_version%3D1.0%26q%3Dtarget%26show_user%3DTrue%26tweet_mode%3Dextended
2021-07-22 18:56:42 [oauthlib.oauth1.rfc5849] DEBUG: Signature: EZE4TufuYQ7bWD9dmycOcU5q480=
2021-07-22 18:56:42 [requests_oauthlib.oauth1_auth] DEBUG: Updated url: https://api.twitter.com/1.1/search/tweets.json?q=target&max_id=1418162927018811392&tweet_mode=extended&show_user=True
2021-07-22 18:56:42 [requests_oauthlib.oauth1_auth] DEBUG: Updated headers: {'Host': 'api.twitter.com', 'Cookie': 'guest_id=v1%3A162695139998272224; personalization_id="v1_5YShg8YU5fcyff2bgOVBVg=="; lang=zh-cn', 'Authorization': 'OAuth oauth_nonce="152619370699141354821626951402", oauth_timestamp="1626951402", oauth_version="1.0", oauth_signature_method="HMAC-SHA1", oauth_consumer_key="ioTGfhxK3Fylub82QJmLMB6mB", oauth_token="1372722615991738368-bQ4nwuK0vKY95zAIoIAaeqP44DYg56", oauth_signature="EZE4TufuYQ7bWD9dmycOcU5q480%3D"'}
2021-07-22 18:56:42 [requests_oauthlib.oauth1_auth] DEBUG: Updated body: None
2021-07-22 18:56:42 [urllib3.connectionpool] DEBUG: Starting new HTTPS connection (1): api.twitter.com:443
2021-07-22 18:56:45 [urllib3.connectionpool] DEBUG: https://api.twitter.com:443 "GET /1.1/search/tweets.json?q=target&max_id=1418162927018811392&tweet_mode=extended&show_user=True HTTP/1.1" 200 67443
2021-07-22 18:56:45 [tweepy.binder] DEBUG: PARAMS: {'create': b'True'}
2021-07-22 18:56:45 [tweepy.binder] DEBUG: PARAMS: {'q': b'target', 'max_id': b'1418162876603265023', 'tweet_mode': b'extended', 'show_user': b'True'}
2021-07-22 18:56:45 [requests_oauthlib.oauth1_auth] DEBUG: Signing request <PreparedRequest [GET]> using client <Client client_key=ioTGfhxK3Fylub82QJmLMB6mB, client_secret=****, resource_owner_key=1372722615991738368-bQ4nwuK0vKY95zAIoIAaeqP44DYg56, resource_owner_secret=****, signature_method=HMAC-SHA1, signature_type=AUTH_HEADER, callback_uri=None, rsa_key=None, verifier=None, realm=None, encoding=utf-8, decoding=None, nonce=None, timestamp=None>
2021-07-22 18:56:45 [requests_oauthlib.oauth1_auth] DEBUG: Including body in call to sign: False
2021-07-22 18:56:45 [oauthlib.oauth1.rfc5849] DEBUG: Collected params: [('q', 'target'), ('max_id', '1418162876603265023'), ('tweet_mode', 'extended'), ('show_user', 'True'), ('oauth_nonce', '33318884705445253991626951405'), ('oauth_timestamp', '1626951405'), ('oauth_version', '1.0'), ('oauth_signature_method', 'HMAC-SHA1'), ('oauth_consumer_key', 'ioTGfhxK3Fylub82QJmLMB6mB'), ('oauth_token', '1372722615991738368-bQ4nwuK0vKY95zAIoIAaeqP44DYg56')]
2021-07-22 18:56:45 [oauthlib.oauth1.rfc5849] DEBUG: Normalized params: max_id=1418162876603265023&oauth_consumer_key=ioTGfhxK3Fylub82QJmLMB6mB&oauth_nonce=33318884705445253991626951405&oauth_signature_method=HMAC-SHA1&oauth_timestamp=1626951405&oauth_token=1372722615991738368-bQ4nwuK0vKY95zAIoIAaeqP44DYg56&oauth_version=1.0&q=target&show_user=True&tweet_mode=extended
2021-07-22 18:56:45 [oauthlib.oauth1.rfc5849] DEBUG: Normalized URI: https://api.twitter.com/1.1/search/tweets.json
2021-07-22 18:56:45 [oauthlib.oauth1.rfc5849] DEBUG: Signing: signature base string: GET&https%3A%2F%2Fapi.twitter.com%2F1.1%2Fsearch%2Ftweets.json&max_id%3D1418162876603265023%26oauth_consumer_key%3DioTGfhxK3Fylub82QJmLMB6mB%26oauth_nonce%3D33318884705445253991626951405%26oauth_signature_method%3DHMAC-SHA1%26oauth_timestamp%3D1626951405%26oauth_token%3D1372722615991738368-bQ4nwuK0vKY95zAIoIAaeqP44DYg56%26oauth_version%3D1.0%26q%3Dtarget%26show_user%3DTrue%26tweet_mode%3Dextended
2021-07-22 18:56:45 [oauthlib.oauth1.rfc5849] DEBUG: Signature: vWUzuvdgf3oYeBtgQRzwxgQnpEQ=
2021-07-22 18:56:45 [requests_oauthlib.oauth1_auth] DEBUG: Updated url: https://api.twitter.com/1.1/search/tweets.json?q=target&max_id=1418162876603265023&tweet_mode=extended&show_user=True
2021-07-22 18:56:45 [requests_oauthlib.oauth1_auth] DEBUG: Updated headers: {'Host': 'api.twitter.com', 'Cookie': 'guest_id=v1%3A162695139998272224; personalization_id="v1_5YShg8YU5fcyff2bgOVBVg=="; lang=zh-cn', 'Authorization': 'OAuth oauth_nonce="33318884705445253991626951405", oauth_timestamp="1626951405", oauth_version="1.0", oauth_signature_method="HMAC-SHA1", oauth_consumer_key="ioTGfhxK3Fylub82QJmLMB6mB", oauth_token="1372722615991738368-bQ4nwuK0vKY95zAIoIAaeqP44DYg56", oauth_signature="vWUzuvdgf3oYeBtgQRzwxgQnpEQ%3D"'}
2021-07-22 18:56:45 [requests_oauthlib.oauth1_auth] DEBUG: Updated body: None
2021-07-22 18:56:45 [urllib3.connectionpool] DEBUG: Starting new HTTPS connection (1): api.twitter.com:443
2021-07-22 18:56:46 [urllib3.connectionpool] DEBUG: https://api.twitter.com:443 "GET /1.1/search/tweets.json?q=target&max_id=1418162876603265023&tweet_mode=extended&show_user=True HTTP/1.1" 200 74972
2021-07-22 18:56:46 [tweepy.binder] DEBUG: PARAMS: {'create': b'True'}
2021-07-22 18:56:46 [tweepy.binder] DEBUG: PARAMS: {'q': b'target', 'max_id': b'1418162824459784198', 'tweet_mode': b'extended', 'show_user': b'True'}
2021-07-22 18:56:46 [requests_oauthlib.oauth1_auth] DEBUG: Signing request <PreparedRequest [GET]> using client <Client client_key=ioTGfhxK3Fylub82QJmLMB6mB, client_secret=****, resource_owner_key=1372722615991738368-bQ4nwuK0vKY95zAIoIAaeqP44DYg56, resource_owner_secret=****, signature_method=HMAC-SHA1, signature_type=AUTH_HEADER, callback_uri=None, rsa_key=None, verifier=None, realm=None, encoding=utf-8, decoding=None, nonce=None, timestamp=None>
2021-07-22 18:56:46 [requests_oauthlib.oauth1_auth] DEBUG: Including body in call to sign: False
2021-07-22 18:56:46 [oauthlib.oauth1.rfc5849] DEBUG: Collected params: [('q', 'target'), ('max_id', '1418162824459784198'), ('tweet_mode', 'extended'), ('show_user', 'True'), ('oauth_nonce', '172308146387360204391626951406'), ('oauth_timestamp', '1626951406'), ('oauth_version', '1.0'), ('oauth_signature_method', 'HMAC-SHA1'), ('oauth_consumer_key', 'ioTGfhxK3Fylub82QJmLMB6mB'), ('oauth_token', '1372722615991738368-bQ4nwuK0vKY95zAIoIAaeqP44DYg56')]
2021-07-22 18:56:46 [oauthlib.oauth1.rfc5849] DEBUG: Normalized params: max_id=1418162824459784198&oauth_consumer_key=ioTGfhxK3Fylub82QJmLMB6mB&oauth_nonce=172308146387360204391626951406&oauth_signature_method=HMAC-SHA1&oauth_timestamp=1626951406&oauth_token=1372722615991738368-bQ4nwuK0vKY95zAIoIAaeqP44DYg56&oauth_version=1.0&q=target&show_user=True&tweet_mode=extended
2021-07-22 18:56:46 [oauthlib.oauth1.rfc5849] DEBUG: Normalized URI: https://api.twitter.com/1.1/search/tweets.json
2021-07-22 18:56:46 [oauthlib.oauth1.rfc5849] DEBUG: Signing: signature base string: GET&https%3A%2F%2Fapi.twitter.com%2F1.1%2Fsearch%2Ftweets.json&max_id%3D1418162824459784198%26oauth_consumer_key%3DioTGfhxK3Fylub82QJmLMB6mB%26oauth_nonce%3D172308146387360204391626951406%26oauth_signature_method%3DHMAC-SHA1%26oauth_timestamp%3D1626951406%26oauth_token%3D1372722615991738368-bQ4nwuK0vKY95zAIoIAaeqP44DYg56%26oauth_version%3D1.0%26q%3Dtarget%26show_user%3DTrue%26tweet_mode%3Dextended
2021-07-22 18:56:46 [oauthlib.oauth1.rfc5849] DEBUG: Signature: z4K/E1agNrmVg8lFVE9rj9gFrLE=
2021-07-22 18:56:46 [requests_oauthlib.oauth1_auth] DEBUG: Updated url: https://api.twitter.com/1.1/search/tweets.json?q=target&max_id=1418162824459784198&tweet_mode=extended&show_user=True
2021-07-22 18:56:46 [requests_oauthlib.oauth1_auth] DEBUG: Updated headers: {'Host': 'api.twitter.com', 'Cookie': 'guest_id=v1%3A162695139998272224; personalization_id="v1_5YShg8YU5fcyff2bgOVBVg=="; lang=zh-cn', 'Authorization': 'OAuth oauth_nonce="172308146387360204391626951406", oauth_timestamp="1626951406", oauth_version="1.0", oauth_signature_method="HMAC-SHA1", oauth_consumer_key="ioTGfhxK3Fylub82QJmLMB6mB", oauth_token="1372722615991738368-bQ4nwuK0vKY95zAIoIAaeqP44DYg56", oauth_signature="z4K%2FE1agNrmVg8lFVE9rj9gFrLE%3D"'}
2021-07-22 18:56:46 [requests_oauthlib.oauth1_auth] DEBUG: Updated body: None
2021-07-22 18:56:46 [urllib3.connectionpool] DEBUG: Starting new HTTPS connection (1): api.twitter.com:443
2021-07-22 18:56:47 [urllib3.connectionpool] DEBUG: https://api.twitter.com:443 "GET /1.1/search/tweets.json?q=target&max_id=1418162824459784198&tweet_mode=extended&show_user=True HTTP/1.1" 200 66606
2021-07-22 18:56:48 [tweepy.binder] DEBUG: PARAMS: {'create': b'True'}
2021-07-22 18:56:48 [tweepy.binder] DEBUG: PARAMS: {'q': b'target', 'max_id': b'1418162758583947266', 'tweet_mode': b'extended', 'show_user': b'True'}
2021-07-22 18:56:48 [requests_oauthlib.oauth1_auth] DEBUG: Signing request <PreparedRequest [GET]> using client <Client client_key=ioTGfhxK3Fylub82QJmLMB6mB, client_secret=****, resource_owner_key=1372722615991738368-bQ4nwuK0vKY95zAIoIAaeqP44DYg56, resource_owner_secret=****, signature_method=HMAC-SHA1, signature_type=AUTH_HEADER, callback_uri=None, rsa_key=None, verifier=None, realm=None, encoding=utf-8, decoding=None, nonce=None, timestamp=None>
2021-07-22 18:56:48 [requests_oauthlib.oauth1_auth] DEBUG: Including body in call to sign: False
2021-07-22 18:56:48 [oauthlib.oauth1.rfc5849] DEBUG: Collected params: [('q', 'target'), ('max_id', '1418162758583947266'), ('tweet_mode', 'extended'), ('show_user', 'True'), ('oauth_nonce', '155665396005085728391626951408'), ('oauth_timestamp', '1626951408'), ('oauth_version', '1.0'), ('oauth_signature_method', 'HMAC-SHA1'), ('oauth_consumer_key', 'ioTGfhxK3Fylub82QJmLMB6mB'), ('oauth_token', '1372722615991738368-bQ4nwuK0vKY95zAIoIAaeqP44DYg56')]
2021-07-22 18:56:48 [oauthlib.oauth1.rfc5849] DEBUG: Normalized params: max_id=1418162758583947266&oauth_consumer_key=ioTGfhxK3Fylub82QJmLMB6mB&oauth_nonce=155665396005085728391626951408&oauth_signature_method=HMAC-SHA1&oauth_timestamp=1626951408&oauth_token=1372722615991738368-bQ4nwuK0vKY95zAIoIAaeqP44DYg56&oauth_version=1.0&q=target&show_user=True&tweet_mode=extended
2021-07-22 18:56:48 [oauthlib.oauth1.rfc5849] DEBUG: Normalized URI: https://api.twitter.com/1.1/search/tweets.json
2021-07-22 18:56:48 [oauthlib.oauth1.rfc5849] DEBUG: Signing: signature base string: GET&https%3A%2F%2Fapi.twitter.com%2F1.1%2Fsearch%2Ftweets.json&max_id%3D1418162758583947266%26oauth_consumer_key%3DioTGfhxK3Fylub82QJmLMB6mB%26oauth_nonce%3D155665396005085728391626951408%26oauth_signature_method%3DHMAC-SHA1%26oauth_timestamp%3D1626951408%26oauth_token%3D1372722615991738368-bQ4nwuK0vKY95zAIoIAaeqP44DYg56%26oauth_version%3D1.0%26q%3Dtarget%26show_user%3DTrue%26tweet_mode%3Dextended
2021-07-22 18:56:48 [oauthlib.oauth1.rfc5849] DEBUG: Signature: 5zA2jQxLfbvV7HvEnMDxPQUX0XA=
2021-07-22 18:56:48 [requests_oauthlib.oauth1_auth] DEBUG: Updated url: https://api.twitter.com/1.1/search/tweets.json?q=target&max_id=1418162758583947266&tweet_mode=extended&show_user=True
2021-07-22 18:56:48 [requests_oauthlib.oauth1_auth] DEBUG: Updated headers: {'Host': 'api.twitter.com', 'Cookie': 'guest_id=v1%3A162695139998272224; personalization_id="v1_5YShg8YU5fcyff2bgOVBVg=="; lang=zh-cn', 'Authorization': 'OAuth oauth_nonce="155665396005085728391626951408", oauth_timestamp="1626951408", oauth_version="1.0", oauth_signature_method="HMAC-SHA1", oauth_consumer_key="ioTGfhxK3Fylub82QJmLMB6mB", oauth_token="1372722615991738368-bQ4nwuK0vKY95zAIoIAaeqP44DYg56", oauth_signature="5zA2jQxLfbvV7HvEnMDxPQUX0XA%3D"'}
2021-07-22 18:56:48 [requests_oauthlib.oauth1_auth] DEBUG: Updated body: None
2021-07-22 18:56:48 [urllib3.connectionpool] DEBUG: Starting new HTTPS connection (1): api.twitter.com:443
2021-07-22 18:56:49 [urllib3.connectionpool] DEBUG: https://api.twitter.com:443 "GET /1.1/search/tweets.json?q=target&max_id=1418162758583947266&tweet_mode=extended&show_user=True HTTP/1.1" 200 71088
2021-07-22 18:56:49 [tweepy.binder] DEBUG: PARAMS: {'create': b'True'}
2021-07-22 18:56:49 [tweepy.binder] DEBUG: PARAMS: {'q': b'target', 'max_id': b'1418162702359355392', 'tweet_mode': b'extended', 'show_user': b'True'}
2021-07-22 18:56:49 [requests_oauthlib.oauth1_auth] DEBUG: Signing request <PreparedRequest [GET]> using client <Client client_key=ioTGfhxK3Fylub82QJmLMB6mB, client_secret=****, resource_owner_key=1372722615991738368-bQ4nwuK0vKY95zAIoIAaeqP44DYg56, resource_owner_secret=****, signature_method=HMAC-SHA1, signature_type=AUTH_HEADER, callback_uri=None, rsa_key=None, verifier=None, realm=None, encoding=utf-8, decoding=None, nonce=None, timestamp=None>
2021-07-22 18:56:49 [requests_oauthlib.oauth1_auth] DEBUG: Including body in call to sign: False
2021-07-22 18:56:49 [oauthlib.oauth1.rfc5849] DEBUG: Collected params: [('q', 'target'), ('max_id', '1418162702359355392'), ('tweet_mode', 'extended'), ('show_user', 'True'), ('oauth_nonce', '64520394762903938031626951409'), ('oauth_timestamp', '1626951409'), ('oauth_version', '1.0'), ('oauth_signature_method', 'HMAC-SHA1'), ('oauth_consumer_key', 'ioTGfhxK3Fylub82QJmLMB6mB'), ('oauth_token', '1372722615991738368-bQ4nwuK0vKY95zAIoIAaeqP44DYg56')]
2021-07-22 18:56:49 [oauthlib.oauth1.rfc5849] DEBUG: Normalized params: max_id=1418162702359355392&oauth_consumer_key=ioTGfhxK3Fylub82QJmLMB6mB&oauth_nonce=64520394762903938031626951409&oauth_signature_method=HMAC-SHA1&oauth_timestamp=1626951409&oauth_token=1372722615991738368-bQ4nwuK0vKY95zAIoIAaeqP44DYg56&oauth_version=1.0&q=target&show_user=True&tweet_mode=extended
2021-07-22 18:56:49 [oauthlib.oauth1.rfc5849] DEBUG: Normalized URI: https://api.twitter.com/1.1/search/tweets.json
2021-07-22 18:56:49 [oauthlib.oauth1.rfc5849] DEBUG: Signing: signature base string: GET&https%3A%2F%2Fapi.twitter.com%2F1.1%2Fsearch%2Ftweets.json&max_id%3D1418162702359355392%26oauth_consumer_key%3DioTGfhxK3Fylub82QJmLMB6mB%26oauth_nonce%3D64520394762903938031626951409%26oauth_signature_method%3DHMAC-SHA1%26oauth_timestamp%3D1626951409%26oauth_token%3D1372722615991738368-bQ4nwuK0vKY95zAIoIAaeqP44DYg56%26oauth_version%3D1.0%26q%3Dtarget%26show_user%3DTrue%26tweet_mode%3Dextended
2021-07-22 18:56:49 [oauthlib.oauth1.rfc5849] DEBUG: Signature: m4rI9p8s4gj0tT2jvU442ykdCTI=
2021-07-22 18:56:49 [requests_oauthlib.oauth1_auth] DEBUG: Updated url: https://api.twitter.com/1.1/search/tweets.json?q=target&max_id=1418162702359355392&tweet_mode=extended&show_user=True
2021-07-22 18:56:49 [requests_oauthlib.oauth1_auth] DEBUG: Updated headers: {'Host': 'api.twitter.com', 'Cookie': 'guest_id=v1%3A162695139998272224; personalization_id="v1_5YShg8YU5fcyff2bgOVBVg=="; lang=zh-cn', 'Authorization': 'OAuth oauth_nonce="64520394762903938031626951409", oauth_timestamp="1626951409", oauth_version="1.0", oauth_signature_method="HMAC-SHA1", oauth_consumer_key="ioTGfhxK3Fylub82QJmLMB6mB", oauth_token="1372722615991738368-bQ4nwuK0vKY95zAIoIAaeqP44DYg56", oauth_signature="m4rI9p8s4gj0tT2jvU442ykdCTI%3D"'}
2021-07-22 18:56:49 [requests_oauthlib.oauth1_auth] DEBUG: Updated body: None
2021-07-22 18:56:49 [urllib3.connectionpool] DEBUG: Starting new HTTPS connection (1): api.twitter.com:443
2021-07-22 18:56:52 [urllib3.connectionpool] DEBUG: https://api.twitter.com:443 "GET /1.1/search/tweets.json?q=target&max_id=1418162702359355392&tweet_mode=extended&show_user=True HTTP/1.1" 200 72814
2021-07-22 18:56:52 [tweepy.binder] DEBUG: PARAMS: {'create': b'True'}
2021-07-22 18:56:52 [scrapy.core.scraper] DEBUG: Scraped from <200 https://twitter.com/explore>
{'keyword': 'target'}
2021-07-22 18:56:52 [scrapy.core.engine] INFO: Closing spider (finished)
2021-07-22 18:56:52 [scrapy.statscollectors] INFO: Dumping Scrapy stats:
{'downloader/request_bytes': 301,
 'downloader/request_count': 1,
 'downloader/request_method_count/GET': 1,
 'downloader/response_bytes': 20188,
 'downloader/response_count': 1,
 'downloader/response_status_count/200': 1,
 'elapsed_time_seconds': 35.360756,
 'finish_reason': 'finished',
 'finish_time': datetime.datetime(2021, 7, 22, 10, 56, 52, 784816),
 'httpcompression/response_bytes': 69320,
 'httpcompression/response_count': 1,
 'item_scraped_count': 1,
 'log_count/DEBUG': 114,
 'log_count/INFO': 12,
 'response_received_count': 1,
 'scheduler/dequeued': 1,
 'scheduler/dequeued/memory': 1,
 'scheduler/enqueued': 1,
 'scheduler/enqueued/memory': 1,
 'start_time': datetime.datetime(2021, 7, 22, 10, 56, 17, 424060)}
2021-07-22 18:56:52 [scrapy.core.engine] INFO: Spider closed (finished)
