2021-07-23 18:04:46 [scrapy.extensions.telnet] INFO: Telnet Password: 88a7ff4f01aa0ab8
2021-07-23 18:04:46 [scrapy.middleware] INFO: Enabled extensions:
['scrapy.extensions.corestats.CoreStats',
 'scrapy.extensions.telnet.TelnetConsole',
 'scrapy.extensions.logstats.LogStats']
2021-07-23 18:04:47 [scrapy.middleware] INFO: Enabled downloader middlewares:
['scrapy.downloadermiddlewares.httpauth.HttpAuthMiddleware',
 'scrapy.downloadermiddlewares.downloadtimeout.DownloadTimeoutMiddleware',
 'scrapy.downloadermiddlewares.defaultheaders.DefaultHeadersMiddleware',
 'scrapy.downloadermiddlewares.useragent.UserAgentMiddleware',
 'TextProcessorScrapy.middlewares.RandomUserAgentMiddleware',
 'TextProcessorScrapy.middlewares.HsNasaDownloaderMiddleware',
 'scrapy.downloadermiddlewares.retry.RetryMiddleware',
 'scrapy.downloadermiddlewares.redirect.MetaRefreshMiddleware',
 'scrapy.downloadermiddlewares.httpcompression.HttpCompressionMiddleware',
 'scrapy.downloadermiddlewares.httpproxy.HttpProxyMiddleware',
 'scrapy.downloadermiddlewares.stats.DownloaderStats']
2021-07-23 18:04:47 [scrapy.middleware] INFO: Enabled spider middlewares:
['scrapy.spidermiddlewares.httperror.HttpErrorMiddleware',
 'scrapy.spidermiddlewares.offsite.OffsiteMiddleware',
 'scrapy.spidermiddlewares.referer.RefererMiddleware',
 'scrapy.spidermiddlewares.urllength.UrlLengthMiddleware',
 'scrapy.spidermiddlewares.depth.DepthMiddleware']
2021-07-23 18:04:47 [TextProcessorScrapy.utils.utils] WARNING: Table data_nasa existed!
2021-07-23 18:04:47 [scrapy.middleware] INFO: Enabled item pipelines:
['TextProcessorScrapy.pipelines.HsNasaPipeline']
2021-07-23 18:04:47 [scrapy.core.engine] INFO: Spider opened
2021-07-23 18:04:47 [scrapy.extensions.logstats] INFO: Crawled 0 pages (at 0 pages/min), scraped 0 items (at 0 items/min)
2021-07-23 18:04:47 [NASA] INFO: Spider opened: NASA
2021-07-23 18:04:47 [scrapy.extensions.telnet] INFO: Telnet console listening on 127.0.0.1:6023
2021-07-23 18:04:47 [twisted] CRITICAL: Unhandled Error
Traceback (most recent call last):
  File "D:\Anaconda\envs\HS\lib\site-packages\twisted\internet\base.py", line 503, in fireEvent
    DeferredList(beforeResults).addCallback(self._continueFiring)
  File "D:\Anaconda\envs\HS\lib\site-packages\twisted\internet\defer.py", line 339, in addCallback
    return self.addCallbacks(callback, callbackArgs=args, callbackKeywords=kw)
  File "D:\Anaconda\envs\HS\lib\site-packages\twisted\internet\defer.py", line 330, in addCallbacks
    self._runCallbacks()
  File "D:\Anaconda\envs\HS\lib\site-packages\twisted\internet\defer.py", line 662, in _runCallbacks
    current.result = callback(current.result, *args, **kw)
--- <exception caught here> ---
  File "D:\Anaconda\envs\HS\lib\site-packages\twisted\internet\base.py", line 515, in _continueFiring
    callable(*args, **kwargs)
  File "D:\Anaconda\envs\HS\lib\site-packages\twisted\internet\base.py", line 1419, in _reallyStartRunning
    self._handleSignals()
  File "D:\Anaconda\envs\HS\lib\site-packages\twisted\internet\posixbase.py", line 341, in _handleSignals
    _SignalReactorMixin._handleSignals(self)
  File "D:\Anaconda\envs\HS\lib\site-packages\twisted\internet\base.py", line 1386, in _handleSignals
    signal.signal(signal.SIGINT, reactorBaseSelf.sigInt)
  File "D:\Anaconda\envs\HS\lib\signal.py", line 47, in signal
    handler = _signal.signal(_enum_to_int(signalnum), _enum_to_int(handler))
builtins.ValueError: signal only works in main thread

2021-07-23 18:04:47 [__main__] INFO: Spider <class 'spiders.Twitter.TwitterSpider'> is starting!
2021-07-23 18:04:47 [scrapy.extensions.telnet] INFO: Telnet Password: b2ba1044b8c7399b
2021-07-23 18:04:47 [scrapy.middleware] INFO: Enabled extensions:
['scrapy.extensions.corestats.CoreStats',
 'scrapy.extensions.telnet.TelnetConsole',
 'scrapy.extensions.logstats.LogStats']
2021-07-23 18:04:47 [scrapy.middleware] INFO: Enabled downloader middlewares:
['scrapy.downloadermiddlewares.httpauth.HttpAuthMiddleware',
 'scrapy.downloadermiddlewares.downloadtimeout.DownloadTimeoutMiddleware',
 'scrapy.downloadermiddlewares.defaultheaders.DefaultHeadersMiddleware',
 'scrapy.downloadermiddlewares.useragent.UserAgentMiddleware',
 'TextProcessorScrapy.middlewares.RandomUserAgentMiddleware',
 'TextProcessorScrapy.middlewares.HsNasaDownloaderMiddleware',
 'scrapy.downloadermiddlewares.retry.RetryMiddleware',
 'scrapy.downloadermiddlewares.redirect.MetaRefreshMiddleware',
 'scrapy.downloadermiddlewares.httpcompression.HttpCompressionMiddleware',
 'scrapy.downloadermiddlewares.httpproxy.HttpProxyMiddleware',
 'scrapy.downloadermiddlewares.stats.DownloaderStats']
2021-07-23 18:04:47 [scrapy.middleware] INFO: Enabled spider middlewares:
['scrapy.spidermiddlewares.httperror.HttpErrorMiddleware',
 'scrapy.spidermiddlewares.offsite.OffsiteMiddleware',
 'scrapy.spidermiddlewares.referer.RefererMiddleware',
 'scrapy.spidermiddlewares.urllength.UrlLengthMiddleware',
 'scrapy.spidermiddlewares.depth.DepthMiddleware']
2021-07-23 18:04:47 [scrapy.middleware] INFO: Enabled item pipelines:
['TextProcessorScrapy.pipelines.TwitterPipeline']
2021-07-23 18:04:47 [scrapy.core.engine] INFO: Spider opened
2021-07-23 18:04:47 [scrapy.extensions.logstats] INFO: Crawled 0 pages (at 0 pages/min), scraped 0 items (at 0 items/min)
2021-07-23 18:04:47 [twitter] INFO: Spider opened: twitter
2021-07-23 18:04:47 [scrapy.extensions.telnet] INFO: Telnet console listening on 127.0.0.1:6024
2021-07-23 18:04:57 [scrapy.core.engine] DEBUG: Crawled (200) <GET https://nasasearch.nasa.gov/search?query=target&affiliate=nasa&utf8=%E2%9C%93> (referer: None)
2021-07-23 18:04:57 [scrapy.core.engine] DEBUG: Crawled (200) <GET https://nasasearch.nasa.gov/search?query=ground+target&affiliate=nasa&utf8=%E2%9C%93> (referer: None)
2021-07-23 18:04:57 [scrapy.dupefilters] DEBUG: Filtered duplicate request: <GET https://www.jpl.nasa.gov/edu/learn/project/code-a-mars-helicopter-video-game/> - no more duplicates will be shown (see DUPEFILTER_DEBUG to show all duplicates)
2021-07-23 18:04:57 [scrapy.core.engine] DEBUG: Crawled (302) <GET https://twitter.com/explore> (referer: None)
2021-07-23 18:04:58 [tweepy.binder] DEBUG: PARAMS: {'q': b'target', 'tweet_mode': b'extended', 'show_user': b'True'}
2021-07-23 18:04:58 [requests_oauthlib.oauth1_auth] DEBUG: Signing request <PreparedRequest [GET]> using client <Client client_key=ioTGfhxK3Fylub82QJmLMB6mB, client_secret=****, resource_owner_key=1372722615991738368-bQ4nwuK0vKY95zAIoIAaeqP44DYg56, resource_owner_secret=****, signature_method=HMAC-SHA1, signature_type=AUTH_HEADER, callback_uri=None, rsa_key=None, verifier=None, realm=None, encoding=utf-8, decoding=None, nonce=None, timestamp=None>
2021-07-23 18:04:58 [requests_oauthlib.oauth1_auth] DEBUG: Including body in call to sign: False
2021-07-23 18:04:58 [oauthlib.oauth1.rfc5849] DEBUG: Collected params: [('q', 'target'), ('tweet_mode', 'extended'), ('show_user', 'True'), ('oauth_nonce', '98885993552020062551627034698'), ('oauth_timestamp', '1627034698'), ('oauth_version', '1.0'), ('oauth_signature_method', 'HMAC-SHA1'), ('oauth_consumer_key', 'ioTGfhxK3Fylub82QJmLMB6mB'), ('oauth_token', '1372722615991738368-bQ4nwuK0vKY95zAIoIAaeqP44DYg56')]
2021-07-23 18:04:58 [oauthlib.oauth1.rfc5849] DEBUG: Normalized params: oauth_consumer_key=ioTGfhxK3Fylub82QJmLMB6mB&oauth_nonce=98885993552020062551627034698&oauth_signature_method=HMAC-SHA1&oauth_timestamp=1627034698&oauth_token=1372722615991738368-bQ4nwuK0vKY95zAIoIAaeqP44DYg56&oauth_version=1.0&q=target&show_user=True&tweet_mode=extended
2021-07-23 18:04:58 [oauthlib.oauth1.rfc5849] DEBUG: Normalized URI: https://api.twitter.com/1.1/search/tweets.json
2021-07-23 18:04:58 [oauthlib.oauth1.rfc5849] DEBUG: Signing: signature base string: GET&https%3A%2F%2Fapi.twitter.com%2F1.1%2Fsearch%2Ftweets.json&oauth_consumer_key%3DioTGfhxK3Fylub82QJmLMB6mB%26oauth_nonce%3D98885993552020062551627034698%26oauth_signature_method%3DHMAC-SHA1%26oauth_timestamp%3D1627034698%26oauth_token%3D1372722615991738368-bQ4nwuK0vKY95zAIoIAaeqP44DYg56%26oauth_version%3D1.0%26q%3Dtarget%26show_user%3DTrue%26tweet_mode%3Dextended
2021-07-23 18:04:58 [oauthlib.oauth1.rfc5849] DEBUG: Signature: iNukWLouIGWWYFR5QoaweOjOmrM=
2021-07-23 18:04:58 [requests_oauthlib.oauth1_auth] DEBUG: Updated url: https://api.twitter.com/1.1/search/tweets.json?q=target&tweet_mode=extended&show_user=True
2021-07-23 18:04:58 [requests_oauthlib.oauth1_auth] DEBUG: Updated headers: {'Host': 'api.twitter.com', 'Authorization': 'OAuth oauth_nonce="98885993552020062551627034698", oauth_timestamp="1627034698", oauth_version="1.0", oauth_signature_method="HMAC-SHA1", oauth_consumer_key="ioTGfhxK3Fylub82QJmLMB6mB", oauth_token="1372722615991738368-bQ4nwuK0vKY95zAIoIAaeqP44DYg56", oauth_signature="iNukWLouIGWWYFR5QoaweOjOmrM%3D"'}
2021-07-23 18:04:58 [requests_oauthlib.oauth1_auth] DEBUG: Updated body: None
2021-07-23 18:04:58 [urllib3.connectionpool] DEBUG: Starting new HTTPS connection (1): api.twitter.com:443
2021-07-23 18:04:59 [urllib3.connectionpool] DEBUG: https://api.twitter.com:443 "GET /1.1/search/tweets.json?q=target&tweet_mode=extended&show_user=True HTTP/1.1" 200 91733
2021-07-23 18:04:59 [tweepy.binder] DEBUG: PARAMS: {'create': b'True'}
2021-07-23 18:04:59 [tweepy.binder] DEBUG: PARAMS: {'q': b'target', 'max_id': b'1418512358255644672', 'tweet_mode': b'extended', 'show_user': b'True'}
2021-07-23 18:04:59 [requests_oauthlib.oauth1_auth] DEBUG: Signing request <PreparedRequest [GET]> using client <Client client_key=ioTGfhxK3Fylub82QJmLMB6mB, client_secret=****, resource_owner_key=1372722615991738368-bQ4nwuK0vKY95zAIoIAaeqP44DYg56, resource_owner_secret=****, signature_method=HMAC-SHA1, signature_type=AUTH_HEADER, callback_uri=None, rsa_key=None, verifier=None, realm=None, encoding=utf-8, decoding=None, nonce=None, timestamp=None>
2021-07-23 18:04:59 [requests_oauthlib.oauth1_auth] DEBUG: Including body in call to sign: False
2021-07-23 18:04:59 [oauthlib.oauth1.rfc5849] DEBUG: Collected params: [('q', 'target'), ('max_id', '1418512358255644672'), ('tweet_mode', 'extended'), ('show_user', 'True'), ('oauth_nonce', '88612462614055200541627034699'), ('oauth_timestamp', '1627034699'), ('oauth_version', '1.0'), ('oauth_signature_method', 'HMAC-SHA1'), ('oauth_consumer_key', 'ioTGfhxK3Fylub82QJmLMB6mB'), ('oauth_token', '1372722615991738368-bQ4nwuK0vKY95zAIoIAaeqP44DYg56')]
2021-07-23 18:04:59 [oauthlib.oauth1.rfc5849] DEBUG: Normalized params: max_id=1418512358255644672&oauth_consumer_key=ioTGfhxK3Fylub82QJmLMB6mB&oauth_nonce=88612462614055200541627034699&oauth_signature_method=HMAC-SHA1&oauth_timestamp=1627034699&oauth_token=1372722615991738368-bQ4nwuK0vKY95zAIoIAaeqP44DYg56&oauth_version=1.0&q=target&show_user=True&tweet_mode=extended
2021-07-23 18:04:59 [oauthlib.oauth1.rfc5849] DEBUG: Normalized URI: https://api.twitter.com/1.1/search/tweets.json
2021-07-23 18:04:59 [oauthlib.oauth1.rfc5849] DEBUG: Signing: signature base string: GET&https%3A%2F%2Fapi.twitter.com%2F1.1%2Fsearch%2Ftweets.json&max_id%3D1418512358255644672%26oauth_consumer_key%3DioTGfhxK3Fylub82QJmLMB6mB%26oauth_nonce%3D88612462614055200541627034699%26oauth_signature_method%3DHMAC-SHA1%26oauth_timestamp%3D1627034699%26oauth_token%3D1372722615991738368-bQ4nwuK0vKY95zAIoIAaeqP44DYg56%26oauth_version%3D1.0%26q%3Dtarget%26show_user%3DTrue%26tweet_mode%3Dextended
2021-07-23 18:04:59 [oauthlib.oauth1.rfc5849] DEBUG: Signature: zgBIRVUtg/5eEQdintEd5+TtnE4=
2021-07-23 18:04:59 [requests_oauthlib.oauth1_auth] DEBUG: Updated url: https://api.twitter.com/1.1/search/tweets.json?q=target&max_id=1418512358255644672&tweet_mode=extended&show_user=True
2021-07-23 18:04:59 [requests_oauthlib.oauth1_auth] DEBUG: Updated headers: {'Host': 'api.twitter.com', 'Cookie': 'guest_id=v1%3A162703469838535163; personalization_id="v1_Wm2ZH3tYJMqZ0mhvq9bClg=="; lang=zh-cn', 'Authorization': 'OAuth oauth_nonce="88612462614055200541627034699", oauth_timestamp="1627034699", oauth_version="1.0", oauth_signature_method="HMAC-SHA1", oauth_consumer_key="ioTGfhxK3Fylub82QJmLMB6mB", oauth_token="1372722615991738368-bQ4nwuK0vKY95zAIoIAaeqP44DYg56", oauth_signature="zgBIRVUtg%2F5eEQdintEd5%2BTtnE4%3D"'}
2021-07-23 18:04:59 [requests_oauthlib.oauth1_auth] DEBUG: Updated body: None
2021-07-23 18:04:59 [urllib3.connectionpool] DEBUG: Starting new HTTPS connection (1): api.twitter.com:443
2021-07-23 18:05:00 [urllib3.connectionpool] DEBUG: https://api.twitter.com:443 "GET /1.1/search/tweets.json?q=target&max_id=1418512358255644672&tweet_mode=extended&show_user=True HTTP/1.1" 200 67797
2021-07-23 18:05:00 [tweepy.binder] DEBUG: PARAMS: {'create': b'True'}
2021-07-23 18:05:00 [tweepy.binder] DEBUG: PARAMS: {'q': b'target', 'max_id': b'1418512292568764415', 'tweet_mode': b'extended', 'show_user': b'True'}
2021-07-23 18:05:00 [requests_oauthlib.oauth1_auth] DEBUG: Signing request <PreparedRequest [GET]> using client <Client client_key=ioTGfhxK3Fylub82QJmLMB6mB, client_secret=****, resource_owner_key=1372722615991738368-bQ4nwuK0vKY95zAIoIAaeqP44DYg56, resource_owner_secret=****, signature_method=HMAC-SHA1, signature_type=AUTH_HEADER, callback_uri=None, rsa_key=None, verifier=None, realm=None, encoding=utf-8, decoding=None, nonce=None, timestamp=None>
2021-07-23 18:05:00 [requests_oauthlib.oauth1_auth] DEBUG: Including body in call to sign: False
2021-07-23 18:05:00 [oauthlib.oauth1.rfc5849] DEBUG: Collected params: [('q', 'target'), ('max_id', '1418512292568764415'), ('tweet_mode', 'extended'), ('show_user', 'True'), ('oauth_nonce', '129936395255414139251627034700'), ('oauth_timestamp', '1627034700'), ('oauth_version', '1.0'), ('oauth_signature_method', 'HMAC-SHA1'), ('oauth_consumer_key', 'ioTGfhxK3Fylub82QJmLMB6mB'), ('oauth_token', '1372722615991738368-bQ4nwuK0vKY95zAIoIAaeqP44DYg56')]
2021-07-23 18:05:00 [oauthlib.oauth1.rfc5849] DEBUG: Normalized params: max_id=1418512292568764415&oauth_consumer_key=ioTGfhxK3Fylub82QJmLMB6mB&oauth_nonce=129936395255414139251627034700&oauth_signature_method=HMAC-SHA1&oauth_timestamp=1627034700&oauth_token=1372722615991738368-bQ4nwuK0vKY95zAIoIAaeqP44DYg56&oauth_version=1.0&q=target&show_user=True&tweet_mode=extended
2021-07-23 18:05:00 [oauthlib.oauth1.rfc5849] DEBUG: Normalized URI: https://api.twitter.com/1.1/search/tweets.json
2021-07-23 18:05:00 [oauthlib.oauth1.rfc5849] DEBUG: Signing: signature base string: GET&https%3A%2F%2Fapi.twitter.com%2F1.1%2Fsearch%2Ftweets.json&max_id%3D1418512292568764415%26oauth_consumer_key%3DioTGfhxK3Fylub82QJmLMB6mB%26oauth_nonce%3D129936395255414139251627034700%26oauth_signature_method%3DHMAC-SHA1%26oauth_timestamp%3D1627034700%26oauth_token%3D1372722615991738368-bQ4nwuK0vKY95zAIoIAaeqP44DYg56%26oauth_version%3D1.0%26q%3Dtarget%26show_user%3DTrue%26tweet_mode%3Dextended
2021-07-23 18:05:00 [oauthlib.oauth1.rfc5849] DEBUG: Signature: /qI50xOEW8GNfrtRajG81yv6R7o=
2021-07-23 18:05:00 [requests_oauthlib.oauth1_auth] DEBUG: Updated url: https://api.twitter.com/1.1/search/tweets.json?q=target&max_id=1418512292568764415&tweet_mode=extended&show_user=True
2021-07-23 18:05:00 [requests_oauthlib.oauth1_auth] DEBUG: Updated headers: {'Host': 'api.twitter.com', 'Cookie': 'guest_id=v1%3A162703469838535163; personalization_id="v1_Wm2ZH3tYJMqZ0mhvq9bClg=="; lang=zh-cn', 'Authorization': 'OAuth oauth_nonce="129936395255414139251627034700", oauth_timestamp="1627034700", oauth_version="1.0", oauth_signature_method="HMAC-SHA1", oauth_consumer_key="ioTGfhxK3Fylub82QJmLMB6mB", oauth_token="1372722615991738368-bQ4nwuK0vKY95zAIoIAaeqP44DYg56", oauth_signature="%2FqI50xOEW8GNfrtRajG81yv6R7o%3D"'}
2021-07-23 18:05:00 [requests_oauthlib.oauth1_auth] DEBUG: Updated body: None
2021-07-23 18:05:00 [urllib3.connectionpool] DEBUG: Starting new HTTPS connection (1): api.twitter.com:443
2021-07-23 18:05:01 [urllib3.connectionpool] DEBUG: https://api.twitter.com:443 "GET /1.1/search/tweets.json?q=target&max_id=1418512292568764415&tweet_mode=extended&show_user=True HTTP/1.1" 200 84009
2021-07-23 18:05:02 [tweepy.binder] DEBUG: PARAMS: {'create': b'True'}
2021-07-23 18:05:02 [tweepy.binder] DEBUG: PARAMS: {'q': b'target', 'max_id': b'1418512227452162049', 'tweet_mode': b'extended', 'show_user': b'True'}
2021-07-23 18:05:02 [requests_oauthlib.oauth1_auth] DEBUG: Signing request <PreparedRequest [GET]> using client <Client client_key=ioTGfhxK3Fylub82QJmLMB6mB, client_secret=****, resource_owner_key=1372722615991738368-bQ4nwuK0vKY95zAIoIAaeqP44DYg56, resource_owner_secret=****, signature_method=HMAC-SHA1, signature_type=AUTH_HEADER, callback_uri=None, rsa_key=None, verifier=None, realm=None, encoding=utf-8, decoding=None, nonce=None, timestamp=None>
2021-07-23 18:05:02 [requests_oauthlib.oauth1_auth] DEBUG: Including body in call to sign: False
2021-07-23 18:05:02 [oauthlib.oauth1.rfc5849] DEBUG: Collected params: [('q', 'target'), ('max_id', '1418512227452162049'), ('tweet_mode', 'extended'), ('show_user', 'True'), ('oauth_nonce', '128896963911411388701627034702'), ('oauth_timestamp', '1627034702'), ('oauth_version', '1.0'), ('oauth_signature_method', 'HMAC-SHA1'), ('oauth_consumer_key', 'ioTGfhxK3Fylub82QJmLMB6mB'), ('oauth_token', '1372722615991738368-bQ4nwuK0vKY95zAIoIAaeqP44DYg56')]
2021-07-23 18:05:02 [oauthlib.oauth1.rfc5849] DEBUG: Normalized params: max_id=1418512227452162049&oauth_consumer_key=ioTGfhxK3Fylub82QJmLMB6mB&oauth_nonce=128896963911411388701627034702&oauth_signature_method=HMAC-SHA1&oauth_timestamp=1627034702&oauth_token=1372722615991738368-bQ4nwuK0vKY95zAIoIAaeqP44DYg56&oauth_version=1.0&q=target&show_user=True&tweet_mode=extended
2021-07-23 18:05:02 [oauthlib.oauth1.rfc5849] DEBUG: Normalized URI: https://api.twitter.com/1.1/search/tweets.json
2021-07-23 18:05:02 [oauthlib.oauth1.rfc5849] DEBUG: Signing: signature base string: GET&https%3A%2F%2Fapi.twitter.com%2F1.1%2Fsearch%2Ftweets.json&max_id%3D1418512227452162049%26oauth_consumer_key%3DioTGfhxK3Fylub82QJmLMB6mB%26oauth_nonce%3D128896963911411388701627034702%26oauth_signature_method%3DHMAC-SHA1%26oauth_timestamp%3D1627034702%26oauth_token%3D1372722615991738368-bQ4nwuK0vKY95zAIoIAaeqP44DYg56%26oauth_version%3D1.0%26q%3Dtarget%26show_user%3DTrue%26tweet_mode%3Dextended
2021-07-23 18:05:02 [oauthlib.oauth1.rfc5849] DEBUG: Signature: kHOWCRkmC7YSyhUv+HcNUu+n5J8=
2021-07-23 18:05:02 [requests_oauthlib.oauth1_auth] DEBUG: Updated url: https://api.twitter.com/1.1/search/tweets.json?q=target&max_id=1418512227452162049&tweet_mode=extended&show_user=True
2021-07-23 18:05:02 [requests_oauthlib.oauth1_auth] DEBUG: Updated headers: {'Host': 'api.twitter.com', 'Cookie': 'guest_id=v1%3A162703469838535163; personalization_id="v1_Wm2ZH3tYJMqZ0mhvq9bClg=="; lang=zh-cn', 'Authorization': 'OAuth oauth_nonce="128896963911411388701627034702", oauth_timestamp="1627034702", oauth_version="1.0", oauth_signature_method="HMAC-SHA1", oauth_consumer_key="ioTGfhxK3Fylub82QJmLMB6mB", oauth_token="1372722615991738368-bQ4nwuK0vKY95zAIoIAaeqP44DYg56", oauth_signature="kHOWCRkmC7YSyhUv%2BHcNUu%2Bn5J8%3D"'}
2021-07-23 18:05:02 [requests_oauthlib.oauth1_auth] DEBUG: Updated body: None
2021-07-23 18:05:02 [urllib3.connectionpool] DEBUG: Starting new HTTPS connection (1): api.twitter.com:443
2021-07-23 18:05:03 [urllib3.connectionpool] DEBUG: https://api.twitter.com:443 "GET /1.1/search/tweets.json?q=target&max_id=1418512227452162049&tweet_mode=extended&show_user=True HTTP/1.1" 200 76054
2021-07-23 18:05:03 [tweepy.binder] DEBUG: PARAMS: {'create': b'True'}
2021-07-23 18:05:03 [tweepy.binder] DEBUG: PARAMS: {'q': b'target', 'max_id': b'1418512164768210945', 'tweet_mode': b'extended', 'show_user': b'True'}
2021-07-23 18:05:03 [requests_oauthlib.oauth1_auth] DEBUG: Signing request <PreparedRequest [GET]> using client <Client client_key=ioTGfhxK3Fylub82QJmLMB6mB, client_secret=****, resource_owner_key=1372722615991738368-bQ4nwuK0vKY95zAIoIAaeqP44DYg56, resource_owner_secret=****, signature_method=HMAC-SHA1, signature_type=AUTH_HEADER, callback_uri=None, rsa_key=None, verifier=None, realm=None, encoding=utf-8, decoding=None, nonce=None, timestamp=None>
2021-07-23 18:05:03 [requests_oauthlib.oauth1_auth] DEBUG: Including body in call to sign: False
2021-07-23 18:05:03 [oauthlib.oauth1.rfc5849] DEBUG: Collected params: [('q', 'target'), ('max_id', '1418512164768210945'), ('tweet_mode', 'extended'), ('show_user', 'True'), ('oauth_nonce', '175798763400855825091627034703'), ('oauth_timestamp', '1627034703'), ('oauth_version', '1.0'), ('oauth_signature_method', 'HMAC-SHA1'), ('oauth_consumer_key', 'ioTGfhxK3Fylub82QJmLMB6mB'), ('oauth_token', '1372722615991738368-bQ4nwuK0vKY95zAIoIAaeqP44DYg56')]
2021-07-23 18:05:03 [oauthlib.oauth1.rfc5849] DEBUG: Normalized params: max_id=1418512164768210945&oauth_consumer_key=ioTGfhxK3Fylub82QJmLMB6mB&oauth_nonce=175798763400855825091627034703&oauth_signature_method=HMAC-SHA1&oauth_timestamp=1627034703&oauth_token=1372722615991738368-bQ4nwuK0vKY95zAIoIAaeqP44DYg56&oauth_version=1.0&q=target&show_user=True&tweet_mode=extended
2021-07-23 18:05:03 [oauthlib.oauth1.rfc5849] DEBUG: Normalized URI: https://api.twitter.com/1.1/search/tweets.json
2021-07-23 18:05:03 [oauthlib.oauth1.rfc5849] DEBUG: Signing: signature base string: GET&https%3A%2F%2Fapi.twitter.com%2F1.1%2Fsearch%2Ftweets.json&max_id%3D1418512164768210945%26oauth_consumer_key%3DioTGfhxK3Fylub82QJmLMB6mB%26oauth_nonce%3D175798763400855825091627034703%26oauth_signature_method%3DHMAC-SHA1%26oauth_timestamp%3D1627034703%26oauth_token%3D1372722615991738368-bQ4nwuK0vKY95zAIoIAaeqP44DYg56%26oauth_version%3D1.0%26q%3Dtarget%26show_user%3DTrue%26tweet_mode%3Dextended
2021-07-23 18:05:03 [oauthlib.oauth1.rfc5849] DEBUG: Signature: U8Ed3BdOxDspnD9fFUTnRY2WIiU=
2021-07-23 18:05:03 [requests_oauthlib.oauth1_auth] DEBUG: Updated url: https://api.twitter.com/1.1/search/tweets.json?q=target&max_id=1418512164768210945&tweet_mode=extended&show_user=True
2021-07-23 18:05:03 [requests_oauthlib.oauth1_auth] DEBUG: Updated headers: {'Host': 'api.twitter.com', 'Cookie': 'guest_id=v1%3A162703469838535163; personalization_id="v1_Wm2ZH3tYJMqZ0mhvq9bClg=="; lang=zh-cn', 'Authorization': 'OAuth oauth_nonce="175798763400855825091627034703", oauth_timestamp="1627034703", oauth_version="1.0", oauth_signature_method="HMAC-SHA1", oauth_consumer_key="ioTGfhxK3Fylub82QJmLMB6mB", oauth_token="1372722615991738368-bQ4nwuK0vKY95zAIoIAaeqP44DYg56", oauth_signature="U8Ed3BdOxDspnD9fFUTnRY2WIiU%3D"'}
2021-07-23 18:05:03 [requests_oauthlib.oauth1_auth] DEBUG: Updated body: None
2021-07-23 18:05:03 [urllib3.connectionpool] DEBUG: Starting new HTTPS connection (1): api.twitter.com:443
2021-07-23 18:05:04 [urllib3.connectionpool] DEBUG: https://api.twitter.com:443 "GET /1.1/search/tweets.json?q=target&max_id=1418512164768210945&tweet_mode=extended&show_user=True HTTP/1.1" 200 77124
2021-07-23 18:05:04 [tweepy.binder] DEBUG: PARAMS: {'create': b'True'}
2021-07-23 18:05:04 [tweepy.binder] DEBUG: PARAMS: {'q': b'target', 'max_id': b'1418512107327213567', 'tweet_mode': b'extended', 'show_user': b'True'}
2021-07-23 18:05:04 [requests_oauthlib.oauth1_auth] DEBUG: Signing request <PreparedRequest [GET]> using client <Client client_key=ioTGfhxK3Fylub82QJmLMB6mB, client_secret=****, resource_owner_key=1372722615991738368-bQ4nwuK0vKY95zAIoIAaeqP44DYg56, resource_owner_secret=****, signature_method=HMAC-SHA1, signature_type=AUTH_HEADER, callback_uri=None, rsa_key=None, verifier=None, realm=None, encoding=utf-8, decoding=None, nonce=None, timestamp=None>
2021-07-23 18:05:04 [requests_oauthlib.oauth1_auth] DEBUG: Including body in call to sign: False
2021-07-23 18:05:04 [oauthlib.oauth1.rfc5849] DEBUG: Collected params: [('q', 'target'), ('max_id', '1418512107327213567'), ('tweet_mode', 'extended'), ('show_user', 'True'), ('oauth_nonce', '103347099406036211511627034704'), ('oauth_timestamp', '1627034704'), ('oauth_version', '1.0'), ('oauth_signature_method', 'HMAC-SHA1'), ('oauth_consumer_key', 'ioTGfhxK3Fylub82QJmLMB6mB'), ('oauth_token', '1372722615991738368-bQ4nwuK0vKY95zAIoIAaeqP44DYg56')]
2021-07-23 18:05:04 [oauthlib.oauth1.rfc5849] DEBUG: Normalized params: max_id=1418512107327213567&oauth_consumer_key=ioTGfhxK3Fylub82QJmLMB6mB&oauth_nonce=103347099406036211511627034704&oauth_signature_method=HMAC-SHA1&oauth_timestamp=1627034704&oauth_token=1372722615991738368-bQ4nwuK0vKY95zAIoIAaeqP44DYg56&oauth_version=1.0&q=target&show_user=True&tweet_mode=extended
2021-07-23 18:05:04 [oauthlib.oauth1.rfc5849] DEBUG: Normalized URI: https://api.twitter.com/1.1/search/tweets.json
2021-07-23 18:05:04 [oauthlib.oauth1.rfc5849] DEBUG: Signing: signature base string: GET&https%3A%2F%2Fapi.twitter.com%2F1.1%2Fsearch%2Ftweets.json&max_id%3D1418512107327213567%26oauth_consumer_key%3DioTGfhxK3Fylub82QJmLMB6mB%26oauth_nonce%3D103347099406036211511627034704%26oauth_signature_method%3DHMAC-SHA1%26oauth_timestamp%3D1627034704%26oauth_token%3D1372722615991738368-bQ4nwuK0vKY95zAIoIAaeqP44DYg56%26oauth_version%3D1.0%26q%3Dtarget%26show_user%3DTrue%26tweet_mode%3Dextended
2021-07-23 18:05:04 [oauthlib.oauth1.rfc5849] DEBUG: Signature: HaFWdiLef3tdBicgU6ZAJofp350=
2021-07-23 18:05:04 [requests_oauthlib.oauth1_auth] DEBUG: Updated url: https://api.twitter.com/1.1/search/tweets.json?q=target&max_id=1418512107327213567&tweet_mode=extended&show_user=True
2021-07-23 18:05:04 [requests_oauthlib.oauth1_auth] DEBUG: Updated headers: {'Host': 'api.twitter.com', 'Cookie': 'guest_id=v1%3A162703469838535163; personalization_id="v1_Wm2ZH3tYJMqZ0mhvq9bClg=="; lang=zh-cn', 'Authorization': 'OAuth oauth_nonce="103347099406036211511627034704", oauth_timestamp="1627034704", oauth_version="1.0", oauth_signature_method="HMAC-SHA1", oauth_consumer_key="ioTGfhxK3Fylub82QJmLMB6mB", oauth_token="1372722615991738368-bQ4nwuK0vKY95zAIoIAaeqP44DYg56", oauth_signature="HaFWdiLef3tdBicgU6ZAJofp350%3D"'}
2021-07-23 18:05:04 [requests_oauthlib.oauth1_auth] DEBUG: Updated body: None
2021-07-23 18:05:04 [urllib3.connectionpool] DEBUG: Starting new HTTPS connection (1): api.twitter.com:443
2021-07-23 18:05:06 [urllib3.connectionpool] DEBUG: https://api.twitter.com:443 "GET /1.1/search/tweets.json?q=target&max_id=1418512107327213567&tweet_mode=extended&show_user=True HTTP/1.1" 200 64889
2021-07-23 18:05:06 [tweepy.binder] DEBUG: PARAMS: {'create': b'True'}
2021-07-23 18:05:06 [tweepy.binder] DEBUG: PARAMS: {'q': b'target', 'max_id': b'1418512037605302275', 'tweet_mode': b'extended', 'show_user': b'True'}
2021-07-23 18:05:06 [requests_oauthlib.oauth1_auth] DEBUG: Signing request <PreparedRequest [GET]> using client <Client client_key=ioTGfhxK3Fylub82QJmLMB6mB, client_secret=****, resource_owner_key=1372722615991738368-bQ4nwuK0vKY95zAIoIAaeqP44DYg56, resource_owner_secret=****, signature_method=HMAC-SHA1, signature_type=AUTH_HEADER, callback_uri=None, rsa_key=None, verifier=None, realm=None, encoding=utf-8, decoding=None, nonce=None, timestamp=None>
2021-07-23 18:05:06 [requests_oauthlib.oauth1_auth] DEBUG: Including body in call to sign: False
2021-07-23 18:05:06 [oauthlib.oauth1.rfc5849] DEBUG: Collected params: [('q', 'target'), ('max_id', '1418512037605302275'), ('tweet_mode', 'extended'), ('show_user', 'True'), ('oauth_nonce', '166280546013125607421627034706'), ('oauth_timestamp', '1627034706'), ('oauth_version', '1.0'), ('oauth_signature_method', 'HMAC-SHA1'), ('oauth_consumer_key', 'ioTGfhxK3Fylub82QJmLMB6mB'), ('oauth_token', '1372722615991738368-bQ4nwuK0vKY95zAIoIAaeqP44DYg56')]
2021-07-23 18:05:06 [oauthlib.oauth1.rfc5849] DEBUG: Normalized params: max_id=1418512037605302275&oauth_consumer_key=ioTGfhxK3Fylub82QJmLMB6mB&oauth_nonce=166280546013125607421627034706&oauth_signature_method=HMAC-SHA1&oauth_timestamp=1627034706&oauth_token=1372722615991738368-bQ4nwuK0vKY95zAIoIAaeqP44DYg56&oauth_version=1.0&q=target&show_user=True&tweet_mode=extended
2021-07-23 18:05:06 [oauthlib.oauth1.rfc5849] DEBUG: Normalized URI: https://api.twitter.com/1.1/search/tweets.json
2021-07-23 18:05:06 [oauthlib.oauth1.rfc5849] DEBUG: Signing: signature base string: GET&https%3A%2F%2Fapi.twitter.com%2F1.1%2Fsearch%2Ftweets.json&max_id%3D1418512037605302275%26oauth_consumer_key%3DioTGfhxK3Fylub82QJmLMB6mB%26oauth_nonce%3D166280546013125607421627034706%26oauth_signature_method%3DHMAC-SHA1%26oauth_timestamp%3D1627034706%26oauth_token%3D1372722615991738368-bQ4nwuK0vKY95zAIoIAaeqP44DYg56%26oauth_version%3D1.0%26q%3Dtarget%26show_user%3DTrue%26tweet_mode%3Dextended
2021-07-23 18:05:06 [oauthlib.oauth1.rfc5849] DEBUG: Signature: IqvRMJy34luewsUtDDaR2p+4oB8=
2021-07-23 18:05:06 [requests_oauthlib.oauth1_auth] DEBUG: Updated url: https://api.twitter.com/1.1/search/tweets.json?q=target&max_id=1418512037605302275&tweet_mode=extended&show_user=True
2021-07-23 18:05:06 [requests_oauthlib.oauth1_auth] DEBUG: Updated headers: {'Host': 'api.twitter.com', 'Cookie': 'guest_id=v1%3A162703469838535163; personalization_id="v1_Wm2ZH3tYJMqZ0mhvq9bClg=="; lang=zh-cn', 'Authorization': 'OAuth oauth_nonce="166280546013125607421627034706", oauth_timestamp="1627034706", oauth_version="1.0", oauth_signature_method="HMAC-SHA1", oauth_consumer_key="ioTGfhxK3Fylub82QJmLMB6mB", oauth_token="1372722615991738368-bQ4nwuK0vKY95zAIoIAaeqP44DYg56", oauth_signature="IqvRMJy34luewsUtDDaR2p%2B4oB8%3D"'}
2021-07-23 18:05:06 [requests_oauthlib.oauth1_auth] DEBUG: Updated body: None
2021-07-23 18:05:06 [urllib3.connectionpool] DEBUG: Starting new HTTPS connection (1): api.twitter.com:443
2021-07-23 18:05:07 [urllib3.connectionpool] DEBUG: https://api.twitter.com:443 "GET /1.1/search/tweets.json?q=target&max_id=1418512037605302275&tweet_mode=extended&show_user=True HTTP/1.1" 200 73517
2021-07-23 18:05:07 [tweepy.binder] DEBUG: PARAMS: {'create': b'True'}
2021-07-23 18:05:07 [scrapy.core.scraper] DEBUG: Scraped from <302 https://twitter.com/explore>
{'keyword': 'target'}
2021-07-23 18:05:07 [scrapy.core.engine] INFO: Closing spider (finished)
2021-07-23 18:05:07 [scrapy.statscollectors] INFO: Dumping Scrapy stats:
{'downloader/request_bytes': 391,
 'downloader/request_count': 1,
 'downloader/request_method_count/GET': 1,
 'downloader/response_bytes': 642,
 'downloader/response_count': 1,
 'downloader/response_status_count/302': 1,
 'elapsed_time_seconds': 19.787676,
 'finish_reason': 'finished',
 'finish_time': datetime.datetime(2021, 7, 23, 10, 5, 7, 544444),
 'item_scraped_count': 1,
 'log_count/DEBUG': 103,
 'log_count/INFO': 11,
 'response_received_count': 1,
 'scheduler/dequeued': 1,
 'scheduler/dequeued/memory': 1,
 'scheduler/enqueued': 1,
 'scheduler/enqueued/memory': 1,
 'start_time': datetime.datetime(2021, 7, 23, 10, 4, 47, 756768)}
2021-07-23 18:05:07 [scrapy.core.engine] INFO: Spider closed (finished)
