2021-07-23 11:26:10 [scrapy.utils.log] INFO: Scrapy 2.5.0 started (bot: TextProcessorScrapy)
2021-07-23 11:26:10 [scrapy.utils.log] INFO: Versions: lxml 4.6.3.0, libxml2 2.9.5, cssselect 1.1.0, parsel 1.6.0, w3lib 1.22.0, Twisted 21.2.0, Python 3.7.9 (default, Aug 31 2020, 17:10:11) [MSC v.1916 64 bit (AMD64)], pyOpenSSL 20.0.1 (OpenSSL 1.1.1k  25 Mar 2021), cryptography 3.4.7, Platform Windows-10-10.0.19041-SP0
2021-07-23 11:26:10 [scrapy.utils.log] DEBUG: Using reactor: twisted.internet.selectreactor.SelectReactor
2021-07-23 11:26:10 [scrapy.crawler] INFO: Overridden settings:
{'BOT_NAME': 'TextProcessorScrapy',
 'CONCURRENT_REQUESTS': 32,
 'CONCURRENT_REQUESTS_PER_DOMAIN': 32,
 'CONCURRENT_REQUESTS_PER_IP': 128,
 'COOKIES_ENABLED': False,
 'DOWNLOAD_DELAY': 2,
 'LOG_FILE': '../log/scrapy_2021_7_23_35.log',
 'NEWSPIDER_MODULE': 'TextProcessorScrapy.spiders',
 'REACTOR_THREADPOOL_MAXSIZE': 20,
 'SPIDER_MODULES': ['TextProcessorScrapy.spiders']}
2021-07-23 11:26:10 [scrapy.extensions.telnet] INFO: Telnet Password: 7138c298c667f764
2021-07-23 11:26:10 [scrapy.middleware] INFO: Enabled extensions:
['scrapy.extensions.corestats.CoreStats',
 'scrapy.extensions.telnet.TelnetConsole',
 'scrapy.extensions.logstats.LogStats']
2021-07-23 11:26:11 [selenium.webdriver.remote.remote_connection] DEBUG: POST http://127.0.0.1:2968/session {"capabilities": {"firstMatch": [{}], "alwaysMatch": {"browserName": "chrome", "platformName": "any", "goog:chromeOptions": {"prefs": {"profile.default_content_setting_values": {"notifications": 2, "images": 2}}, "extensions": [], "args": ["--headless"]}}}, "desiredCapabilities": {"browserName": "chrome", "version": "", "platform": "ANY", "goog:chromeOptions": {"prefs": {"profile.default_content_setting_values": {"notifications": 2, "images": 2}}, "extensions": [], "args": ["--headless"]}}}
2021-07-23 11:26:11 [urllib3.connectionpool] DEBUG: Starting new HTTP connection (1): 127.0.0.1:2968
2021-07-23 11:26:11 [urllib3.connectionpool] DEBUG: http://127.0.0.1:2968 "POST /session HTTP/1.1" 200 753
2021-07-23 11:26:11 [selenium.webdriver.remote.remote_connection] DEBUG: Finished Request
2021-07-23 11:26:11 [selenium.webdriver.remote.remote_connection] DEBUG: POST http://127.0.0.1:2968/session/bc1a58be565901fa6bef63a8dac79db8/timeouts {"implicit": 10000}
2021-07-23 11:26:11 [urllib3.connectionpool] DEBUG: http://127.0.0.1:2968 "POST /session/bc1a58be565901fa6bef63a8dac79db8/timeouts HTTP/1.1" 200 14
2021-07-23 11:26:11 [selenium.webdriver.remote.remote_connection] DEBUG: Finished Request
2021-07-23 11:26:11 [scrapy.middleware] INFO: Enabled downloader middlewares:
['scrapy.downloadermiddlewares.httpauth.HttpAuthMiddleware',
 'scrapy.downloadermiddlewares.downloadtimeout.DownloadTimeoutMiddleware',
 'scrapy.downloadermiddlewares.defaultheaders.DefaultHeadersMiddleware',
 'scrapy.downloadermiddlewares.useragent.UserAgentMiddleware',
 'TextProcessorScrapy.middlewares.RandomUserAgentMiddleware',
 'TextProcessorScrapy.middlewares.HsNasaDownloaderMiddleware',
 'scrapy.downloadermiddlewares.retry.RetryMiddleware',
 'scrapy.downloadermiddlewares.redirect.MetaRefreshMiddleware',
 'scrapy.downloadermiddlewares.httpcompression.HttpCompressionMiddleware',
 'scrapy.downloadermiddlewares.redirect.RedirectMiddleware',
 'scrapy.downloadermiddlewares.httpproxy.HttpProxyMiddleware',
 'scrapy.downloadermiddlewares.stats.DownloaderStats']
2021-07-23 11:26:11 [scrapy.middleware] INFO: Enabled spider middlewares:
['scrapy.spidermiddlewares.httperror.HttpErrorMiddleware',
 'scrapy.spidermiddlewares.offsite.OffsiteMiddleware',
 'scrapy.spidermiddlewares.referer.RefererMiddleware',
 'scrapy.spidermiddlewares.urllength.UrlLengthMiddleware',
 'scrapy.spidermiddlewares.depth.DepthMiddleware']
2021-07-23 11:26:11 [scrapy.middleware] INFO: Enabled item pipelines:
['TextProcessorScrapy.pipelines.FacebookPipeline']
2021-07-23 11:26:11 [scrapy.core.engine] INFO: Spider opened
2021-07-23 11:26:11 [scrapy.extensions.logstats] INFO: Crawled 0 pages (at 0 pages/min), scraped 0 items (at 0 items/min)
2021-07-23 11:26:11 [facebook] INFO: Spider opened: facebook
2021-07-23 11:26:11 [scrapy.extensions.telnet] INFO: Telnet console listening on 127.0.0.1:6023
2021-07-23 11:26:31 [scrapy.downloadermiddlewares.redirect] DEBUG: Redirecting (302) to <GET https://m.facebook.com/search/posts/?q=underwater> from <GET https://www.facebook.com/search/posts/?q=underwater>
2021-07-23 11:26:34 [scrapy.core.engine] DEBUG: Crawled (404) <GET https://m.facebook.com/search/posts/?q=underwater> (referer: None)
2021-07-23 11:26:34 [scrapy.spidermiddlewares.httperror] INFO: Ignoring response <404 https://m.facebook.com/search/posts/?q=underwater>: HTTP status code is not handled or not allowed
2021-07-23 11:26:34 [scrapy.core.engine] INFO: Closing spider (finished)
2021-07-23 11:26:34 [scrapy.statscollectors] INFO: Dumping Scrapy stats:
{'downloader/request_bytes': 846,
 'downloader/request_count': 2,
 'downloader/request_method_count/GET': 2,
 'downloader/response_bytes': 17279,
 'downloader/response_count': 2,
 'downloader/response_status_count/302': 1,
 'downloader/response_status_count/404': 1,
 'elapsed_time_seconds': 22.353309,
 'finish_reason': 'finished',
 'finish_time': datetime.datetime(2021, 7, 23, 3, 26, 34, 141519),
 'httpcompression/response_bytes': 15543,
 'httpcompression/response_count': 1,
 'httperror/response_ignored_count': 1,
 'httperror/response_ignored_status_count/404': 1,
 'log_count/DEBUG': 9,
 'log_count/INFO': 12,
 'response_received_count': 1,
 'scheduler/dequeued': 2,
 'scheduler/dequeued/memory': 2,
 'scheduler/enqueued': 2,
 'scheduler/enqueued/memory': 2,
 'start_time': datetime.datetime(2021, 7, 23, 3, 26, 11, 788210)}
2021-07-23 11:26:34 [scrapy.core.engine] INFO: Spider closed (finished)
