2021-07-23 18:01:21 [scrapy.utils.log] INFO: Scrapy 2.5.0 started (bot: TextProcessorScrapy)
2021-07-23 18:01:21 [scrapy.utils.log] INFO: Versions: lxml 4.6.3.0, libxml2 2.9.5, cssselect 1.1.0, parsel 1.6.0, w3lib 1.22.0, Twisted 21.2.0, Python 3.7.9 (default, Aug 31 2020, 17:10:11) [MSC v.1916 64 bit (AMD64)], pyOpenSSL 20.0.1 (OpenSSL 1.1.1k  25 Mar 2021), cryptography 3.4.7, Platform Windows-10-10.0.19041-SP0
2021-07-23 18:01:21 [scrapy.utils.log] DEBUG: Using reactor: twisted.internet.selectreactor.SelectReactor
2021-07-23 18:01:21 [scrapy.crawler] INFO: Overridden settings:
{'BOT_NAME': 'TextProcessorScrapy',
 'CONCURRENT_REQUESTS': 1,
 'CONCURRENT_REQUESTS_PER_DOMAIN': 32,
 'CONCURRENT_REQUESTS_PER_IP': 128,
 'COOKIES_ENABLED': False,
 'DOWNLOAD_DELAY': 2,
 'LOG_FILE': '../log/scrapy_2021_7_23_47.log',
 'NEWSPIDER_MODULE': 'TextProcessorScrapy.spiders',
 'REACTOR_THREADPOOL_MAXSIZE': 20,
 'REDIRECT_ENABLED': False,
 'SPIDER_MODULES': ['TextProcessorScrapy.spiders']}
2021-07-23 18:01:21 [scrapy.extensions.telnet] INFO: Telnet Password: fa00eca5d01fd61e
2021-07-23 18:01:21 [scrapy.middleware] INFO: Enabled extensions:
['scrapy.extensions.corestats.CoreStats',
 'scrapy.extensions.telnet.TelnetConsole',
 'scrapy.extensions.logstats.LogStats']
2021-07-23 18:01:21 [scrapy.middleware] INFO: Enabled downloader middlewares:
['scrapy.downloadermiddlewares.httpauth.HttpAuthMiddleware',
 'scrapy.downloadermiddlewares.downloadtimeout.DownloadTimeoutMiddleware',
 'scrapy.downloadermiddlewares.defaultheaders.DefaultHeadersMiddleware',
 'scrapy.downloadermiddlewares.useragent.UserAgentMiddleware',
 'TextProcessorScrapy.middlewares.RandomUserAgentMiddleware',
 'TextProcessorScrapy.middlewares.HsNasaDownloaderMiddleware',
 'scrapy.downloadermiddlewares.retry.RetryMiddleware',
 'scrapy.downloadermiddlewares.redirect.MetaRefreshMiddleware',
 'scrapy.downloadermiddlewares.httpcompression.HttpCompressionMiddleware',
 'scrapy.downloadermiddlewares.httpproxy.HttpProxyMiddleware',
 'scrapy.downloadermiddlewares.stats.DownloaderStats']
2021-07-23 18:01:21 [scrapy.middleware] INFO: Enabled spider middlewares:
['scrapy.spidermiddlewares.httperror.HttpErrorMiddleware',
 'scrapy.spidermiddlewares.offsite.OffsiteMiddleware',
 'scrapy.spidermiddlewares.referer.RefererMiddleware',
 'scrapy.spidermiddlewares.urllength.UrlLengthMiddleware',
 'scrapy.spidermiddlewares.depth.DepthMiddleware']
2021-07-23 18:01:21 [TextProcessorScrapy.utils.utils] WARNING: Table data_nasa existed!
2021-07-23 18:01:21 [scrapy.middleware] INFO: Enabled item pipelines:
['TextProcessorScrapy.pipelines.HsNasaPipeline']
2021-07-23 18:01:21 [scrapy.core.engine] INFO: Spider opened
2021-07-23 18:01:21 [scrapy.extensions.logstats] INFO: Crawled 0 pages (at 0 pages/min), scraped 0 items (at 0 items/min)
2021-07-23 18:01:21 [NASA] INFO: Spider opened: NASA
2021-07-23 18:01:21 [scrapy.extensions.telnet] INFO: Telnet console listening on 127.0.0.1:6023
2021-07-23 18:01:24 [scrapy.core.engine] DEBUG: Crawled (200) <GET https://nasasearch.nasa.gov/search?query=target&affiliate=nasa&utf8=%E2%9C%93> (referer: None)
2021-07-23 18:01:26 [scrapy.core.engine] DEBUG: Crawled (200) <GET https://nasasearch.nasa.gov/search?query=ground+target&affiliate=nasa&utf8=%E2%9C%93> (referer: None)
2021-07-23 18:01:26 [scrapy.dupefilters] DEBUG: Filtered duplicate request: <GET https://www.jpl.nasa.gov/edu/learn/project/code-a-mars-helicopter-video-game/> - no more duplicates will be shown (see DUPEFILTER_DEBUG to show all duplicates)
2021-07-23 18:01:27 [scrapy.core.engine] DEBUG: Crawled (200) <GET https://nasasearch.nasa.gov/search?affiliate=nasa&page=2&query=target&utf8=%E2%9C%93> (referer: https://nasasearch.nasa.gov/search?query=target&affiliate=nasa&utf8=%E2%9C%93)
2021-07-23 18:01:29 [scrapy.core.engine] DEBUG: Crawled (200) <GET https://nasasearch.nasa.gov/search?affiliate=nasa&page=2&query=ground+target&utf8=%E2%9C%93> (referer: https://nasasearch.nasa.gov/search?query=ground+target&affiliate=nasa&utf8=%E2%9C%93)
2021-07-23 18:01:32 [scrapy.core.engine] DEBUG: Crawled (200) <GET https://nasasearch.nasa.gov/search?affiliate=nasa&page=3&query=target&utf8=%E2%9C%93> (referer: https://nasasearch.nasa.gov/search?affiliate=nasa&page=2&query=target&utf8=%E2%9C%93)
2021-07-23 18:01:35 [scrapy.core.engine] DEBUG: Crawled (200) <GET https://nasasearch.nasa.gov/search?affiliate=nasa&page=3&query=ground+target&utf8=%E2%9C%93> (referer: https://nasasearch.nasa.gov/search?affiliate=nasa&page=2&query=ground+target&utf8=%E2%9C%93)
2021-07-23 18:01:37 [scrapy.core.engine] DEBUG: Crawled (200) <GET https://nasasearch.nasa.gov/search?affiliate=nasa&page=4&query=target&utf8=%E2%9C%93> (referer: https://nasasearch.nasa.gov/search?affiliate=nasa&page=3&query=target&utf8=%E2%9C%93)
2021-07-23 18:01:40 [scrapy.core.engine] DEBUG: Crawled (200) <GET https://nasasearch.nasa.gov/search?affiliate=nasa&page=4&query=ground+target&utf8=%E2%9C%93> (referer: https://nasasearch.nasa.gov/search?affiliate=nasa&page=3&query=ground+target&utf8=%E2%9C%93)
2021-07-23 18:01:42 [scrapy.core.engine] DEBUG: Crawled (200) <GET https://nasasearch.nasa.gov/search?affiliate=nasa&page=5&query=target&utf8=%E2%9C%93> (referer: https://nasasearch.nasa.gov/search?affiliate=nasa&page=4&query=target&utf8=%E2%9C%93)
2021-07-23 18:01:45 [scrapy.core.engine] DEBUG: Crawled (200) <GET https://nasasearch.nasa.gov/search?affiliate=nasa&page=5&query=ground+target&utf8=%E2%9C%93> (referer: https://nasasearch.nasa.gov/search?affiliate=nasa&page=4&query=ground+target&utf8=%E2%9C%93)
2021-07-23 18:01:47 [scrapy.core.engine] DEBUG: Crawled (200) <GET https://nasasearch.nasa.gov/search?affiliate=nasa&page=6&query=target&utf8=%E2%9C%93> (referer: https://nasasearch.nasa.gov/search?affiliate=nasa&page=5&query=target&utf8=%E2%9C%93)
2021-07-23 18:01:50 [scrapy.core.engine] DEBUG: Crawled (200) <GET https://nasasearch.nasa.gov/search?affiliate=nasa&page=6&query=ground+target&utf8=%E2%9C%93> (referer: https://nasasearch.nasa.gov/search?affiliate=nasa&page=5&query=ground+target&utf8=%E2%9C%93)
2021-07-23 18:01:53 [scrapy.core.engine] DEBUG: Crawled (200) <GET https://nasasearch.nasa.gov/search?affiliate=nasa&page=7&query=target&utf8=%E2%9C%93> (referer: https://nasasearch.nasa.gov/search?affiliate=nasa&page=6&query=target&utf8=%E2%9C%93)
2021-07-23 18:01:56 [scrapy.core.engine] DEBUG: Crawled (200) <GET https://nasasearch.nasa.gov/search?affiliate=nasa&page=7&query=ground+target&utf8=%E2%9C%93> (referer: https://nasasearch.nasa.gov/search?affiliate=nasa&page=6&query=ground+target&utf8=%E2%9C%93)
2021-07-23 18:01:59 [scrapy.core.engine] DEBUG: Crawled (200) <GET https://nasasearch.nasa.gov/search?affiliate=nasa&page=8&query=target&utf8=%E2%9C%93> (referer: https://nasasearch.nasa.gov/search?affiliate=nasa&page=7&query=target&utf8=%E2%9C%93)
2021-07-23 18:02:01 [scrapy.core.engine] DEBUG: Crawled (200) <GET https://nasasearch.nasa.gov/search?affiliate=nasa&page=8&query=ground+target&utf8=%E2%9C%93> (referer: https://nasasearch.nasa.gov/search?affiliate=nasa&page=7&query=ground+target&utf8=%E2%9C%93)
2021-07-23 18:02:04 [scrapy.core.engine] DEBUG: Crawled (200) <GET https://nasasearch.nasa.gov/search?affiliate=nasa&page=9&query=target&utf8=%E2%9C%93> (referer: https://nasasearch.nasa.gov/search?affiliate=nasa&page=8&query=target&utf8=%E2%9C%93)
2021-07-23 18:02:05 [scrapy.core.engine] DEBUG: Crawled (200) <GET https://nasasearch.nasa.gov/search?affiliate=nasa&page=9&query=ground+target&utf8=%E2%9C%93> (referer: https://nasasearch.nasa.gov/search?affiliate=nasa&page=8&query=ground+target&utf8=%E2%9C%93)
2021-07-23 18:02:08 [scrapy.core.engine] DEBUG: Crawled (200) <GET https://nasasearch.nasa.gov/search?affiliate=nasa&page=10&query=target&utf8=%E2%9C%93> (referer: https://nasasearch.nasa.gov/search?affiliate=nasa&page=9&query=target&utf8=%E2%9C%93)
2021-07-23 18:02:11 [scrapy.core.engine] DEBUG: Crawled (200) <GET https://nasasearch.nasa.gov/search?affiliate=nasa&page=10&query=ground+target&utf8=%E2%9C%93> (referer: https://nasasearch.nasa.gov/search?affiliate=nasa&page=9&query=ground+target&utf8=%E2%9C%93)
2021-07-23 18:02:13 [scrapy.core.engine] DEBUG: Crawled (200) <GET https://nasasearch.nasa.gov/search?affiliate=nasa&page=11&query=target&utf8=%E2%9C%93> (referer: https://nasasearch.nasa.gov/search?affiliate=nasa&page=10&query=target&utf8=%E2%9C%93)
2021-07-23 18:02:14 [scrapy.core.engine] DEBUG: Crawled (200) <GET https://nasasearch.nasa.gov/search?affiliate=nasa&page=11&query=ground+target&utf8=%E2%9C%93> (referer: https://nasasearch.nasa.gov/search?affiliate=nasa&page=10&query=ground+target&utf8=%E2%9C%93)
2021-07-23 18:02:17 [scrapy.core.engine] DEBUG: Crawled (200) <GET https://nasasearch.nasa.gov/search?affiliate=nasa&page=12&query=target&utf8=%E2%9C%93> (referer: https://nasasearch.nasa.gov/search?affiliate=nasa&page=11&query=target&utf8=%E2%9C%93)
2021-07-23 18:02:20 [scrapy.core.engine] DEBUG: Crawled (200) <GET https://nasasearch.nasa.gov/search?affiliate=nasa&page=12&query=ground+target&utf8=%E2%9C%93> (referer: https://nasasearch.nasa.gov/search?affiliate=nasa&page=11&query=ground+target&utf8=%E2%9C%93)
2021-07-23 18:02:21 [scrapy.extensions.logstats] INFO: Crawled 24 pages (at 24 pages/min), scraped 0 items (at 0 items/min)
2021-07-23 18:02:22 [scrapy.core.engine] DEBUG: Crawled (200) <GET https://nasasearch.nasa.gov/search?affiliate=nasa&page=13&query=target&utf8=%E2%9C%93> (referer: https://nasasearch.nasa.gov/search?affiliate=nasa&page=12&query=target&utf8=%E2%9C%93)
2021-07-23 18:02:25 [scrapy.core.engine] DEBUG: Crawled (200) <GET https://nasasearch.nasa.gov/search?affiliate=nasa&page=13&query=ground+target&utf8=%E2%9C%93> (referer: https://nasasearch.nasa.gov/search?affiliate=nasa&page=12&query=ground+target&utf8=%E2%9C%93)
2021-07-23 18:02:28 [scrapy.core.engine] DEBUG: Crawled (200) <GET https://nasasearch.nasa.gov/search?affiliate=nasa&page=14&query=target&utf8=%E2%9C%93> (referer: https://nasasearch.nasa.gov/search?affiliate=nasa&page=13&query=target&utf8=%E2%9C%93)
2021-07-23 18:02:30 [scrapy.core.engine] DEBUG: Crawled (200) <GET https://nasasearch.nasa.gov/search?affiliate=nasa&page=14&query=ground+target&utf8=%E2%9C%93> (referer: https://nasasearch.nasa.gov/search?affiliate=nasa&page=13&query=ground+target&utf8=%E2%9C%93)
2021-07-23 18:02:33 [scrapy.core.engine] DEBUG: Crawled (200) <GET https://nasasearch.nasa.gov/search?affiliate=nasa&page=15&query=target&utf8=%E2%9C%93> (referer: https://nasasearch.nasa.gov/search?affiliate=nasa&page=14&query=target&utf8=%E2%9C%93)
2021-07-23 18:02:36 [scrapy.core.engine] DEBUG: Crawled (200) <GET https://nasasearch.nasa.gov/search?affiliate=nasa&page=15&query=ground+target&utf8=%E2%9C%93> (referer: https://nasasearch.nasa.gov/search?affiliate=nasa&page=14&query=ground+target&utf8=%E2%9C%93)
2021-07-23 18:02:38 [scrapy.core.engine] DEBUG: Crawled (200) <GET https://nasasearch.nasa.gov/search?affiliate=nasa&page=16&query=target&utf8=%E2%9C%93> (referer: https://nasasearch.nasa.gov/search?affiliate=nasa&page=15&query=target&utf8=%E2%9C%93)
2021-07-23 18:02:41 [scrapy.core.engine] DEBUG: Crawled (200) <GET https://nasasearch.nasa.gov/search?affiliate=nasa&page=16&query=ground+target&utf8=%E2%9C%93> (referer: https://nasasearch.nasa.gov/search?affiliate=nasa&page=15&query=ground+target&utf8=%E2%9C%93)
2021-07-23 18:02:44 [scrapy.core.engine] DEBUG: Crawled (200) <GET https://nasasearch.nasa.gov/search?affiliate=nasa&page=17&query=target&utf8=%E2%9C%93> (referer: https://nasasearch.nasa.gov/search?affiliate=nasa&page=16&query=target&utf8=%E2%9C%93)
2021-07-23 18:02:45 [scrapy.core.engine] DEBUG: Crawled (200) <GET https://nasasearch.nasa.gov/search?affiliate=nasa&page=17&query=ground+target&utf8=%E2%9C%93> (referer: https://nasasearch.nasa.gov/search?affiliate=nasa&page=16&query=ground+target&utf8=%E2%9C%93)
2021-07-23 18:02:48 [scrapy.core.engine] DEBUG: Crawled (200) <GET https://nasasearch.nasa.gov/search?affiliate=nasa&page=18&query=target&utf8=%E2%9C%93> (referer: https://nasasearch.nasa.gov/search?affiliate=nasa&page=17&query=target&utf8=%E2%9C%93)
2021-07-23 18:02:50 [scrapy.core.engine] DEBUG: Crawled (200) <GET https://nasasearch.nasa.gov/search?affiliate=nasa&page=18&query=ground+target&utf8=%E2%9C%93> (referer: https://nasasearch.nasa.gov/search?affiliate=nasa&page=17&query=ground+target&utf8=%E2%9C%93)
2021-07-23 18:02:53 [scrapy.core.engine] DEBUG: Crawled (200) <GET https://nasasearch.nasa.gov/search?affiliate=nasa&page=19&query=target&utf8=%E2%9C%93> (referer: https://nasasearch.nasa.gov/search?affiliate=nasa&page=18&query=target&utf8=%E2%9C%93)
2021-07-23 18:02:56 [scrapy.core.engine] DEBUG: Crawled (200) <GET https://nasasearch.nasa.gov/search?affiliate=nasa&page=19&query=ground+target&utf8=%E2%9C%93> (referer: https://nasasearch.nasa.gov/search?affiliate=nasa&page=18&query=ground+target&utf8=%E2%9C%93)
2021-07-23 18:02:58 [scrapy.core.engine] DEBUG: Crawled (200) <GET https://nasasearch.nasa.gov/search?affiliate=nasa&page=20&query=target&utf8=%E2%9C%93> (referer: https://nasasearch.nasa.gov/search?affiliate=nasa&page=19&query=target&utf8=%E2%9C%93)
2021-07-23 18:03:01 [scrapy.core.engine] DEBUG: Crawled (200) <GET https://nasasearch.nasa.gov/search?affiliate=nasa&page=20&query=ground+target&utf8=%E2%9C%93> (referer: https://nasasearch.nasa.gov/search?affiliate=nasa&page=19&query=ground+target&utf8=%E2%9C%93)
2021-07-23 18:03:04 [scrapy.core.engine] DEBUG: Crawled (200) <GET https://nasasearch.nasa.gov/search?affiliate=nasa&page=21&query=target&utf8=%E2%9C%93> (referer: https://nasasearch.nasa.gov/search?affiliate=nasa&page=20&query=target&utf8=%E2%9C%93)
2021-07-23 18:03:06 [scrapy.crawler] INFO: Received SIGINT, shutting down gracefully. Send again to force 
2021-07-23 18:03:06 [scrapy.core.engine] INFO: Closing spider (shutdown)
2021-07-23 18:03:06 [scrapy.core.engine] DEBUG: Crawled (200) <GET https://nasasearch.nasa.gov/search?affiliate=nasa&page=21&query=ground+target&utf8=%E2%9C%93> (referer: https://nasasearch.nasa.gov/search?affiliate=nasa&page=20&query=ground+target&utf8=%E2%9C%93)
2021-07-23 18:03:07 [scrapy.statscollectors] INFO: Dumping Scrapy stats:
{'downloader/request_bytes': 22809,
 'downloader/request_count': 42,
 'downloader/request_method_count/GET': 42,
 'downloader/response_bytes': 675603,
 'downloader/response_count': 42,
 'downloader/response_status_count/200': 42,
 'dupefilter/filtered': 118,
 'elapsed_time_seconds': 105.592089,
 'finish_reason': 'shutdown',
 'finish_time': datetime.datetime(2021, 7, 23, 10, 3, 7, 28426),
 'httpcompression/response_bytes': 2122077,
 'httpcompression/response_count': 42,
 'log_count/DEBUG': 43,
 'log_count/INFO': 13,
 'log_count/WARNING': 1,
 'request_depth_max': 21,
 'response_received_count': 42,
 'scheduler/dequeued': 42,
 'scheduler/dequeued/memory': 42,
 'scheduler/enqueued': 762,
 'scheduler/enqueued/memory': 762,
 'start_time': datetime.datetime(2021, 7, 23, 10, 1, 21, 436337)}
2021-07-23 18:03:07 [scrapy.core.engine] INFO: Spider closed (shutdown)
