2021-07-22 20:48:27 [scrapy.utils.log] INFO: Scrapy 2.5.0 started (bot: TextProcessorScrapy)
2021-07-22 20:48:27 [scrapy.utils.log] INFO: Versions: lxml 4.6.3.0, libxml2 2.9.5, cssselect 1.1.0, parsel 1.6.0, w3lib 1.22.0, Twisted 21.2.0, Python 3.7.9 (default, Aug 31 2020, 17:10:11) [MSC v.1916 64 bit (AMD64)], pyOpenSSL 20.0.1 (OpenSSL 1.1.1k  25 Mar 2021), cryptography 3.4.7, Platform Windows-10-10.0.19041-SP0
2021-07-22 20:48:27 [scrapy.utils.log] DEBUG: Using reactor: twisted.internet.selectreactor.SelectReactor
2021-07-22 20:48:27 [scrapy.crawler] INFO: Overridden settings:
{'BOT_NAME': 'TextProcessorScrapy',
 'CONCURRENT_REQUESTS': 32,
 'CONCURRENT_REQUESTS_PER_DOMAIN': 32,
 'CONCURRENT_REQUESTS_PER_IP': 128,
 'COOKIES_ENABLED': False,
 'DOWNLOAD_DELAY': 2,
 'LOG_FILE': '../log/scrapy_2021_7_22_11.log',
 'NEWSPIDER_MODULE': 'TextProcessorScrapy.spiders',
 'REACTOR_THREADPOOL_MAXSIZE': 20,
 'SPIDER_MODULES': ['TextProcessorScrapy.spiders']}
2021-07-22 20:48:27 [scrapy.extensions.telnet] INFO: Telnet Password: 0538533c00fab38e
2021-07-22 20:48:27 [scrapy.middleware] INFO: Enabled extensions:
['scrapy.extensions.corestats.CoreStats',
 'scrapy.extensions.telnet.TelnetConsole',
 'scrapy.extensions.logstats.LogStats']
2021-07-22 20:48:27 [scrapy.middleware] INFO: Enabled downloader middlewares:
['scrapy.downloadermiddlewares.httpauth.HttpAuthMiddleware',
 'scrapy.downloadermiddlewares.downloadtimeout.DownloadTimeoutMiddleware',
 'scrapy.downloadermiddlewares.defaultheaders.DefaultHeadersMiddleware',
 'scrapy.downloadermiddlewares.useragent.UserAgentMiddleware',
 'TextProcessorScrapy.middlewares.HsNasaDownloaderMiddleware',
 'scrapy.downloadermiddlewares.retry.RetryMiddleware',
 'scrapy.downloadermiddlewares.redirect.MetaRefreshMiddleware',
 'scrapy.downloadermiddlewares.httpcompression.HttpCompressionMiddleware',
 'scrapy.downloadermiddlewares.redirect.RedirectMiddleware',
 'scrapy.downloadermiddlewares.httpproxy.HttpProxyMiddleware',
 'scrapy.downloadermiddlewares.stats.DownloaderStats']
2021-07-22 20:48:27 [scrapy.middleware] INFO: Enabled spider middlewares:
['scrapy.spidermiddlewares.httperror.HttpErrorMiddleware',
 'scrapy.spidermiddlewares.offsite.OffsiteMiddleware',
 'TextProcessorScrapy.middlewares.RandomUserAgentMiddleware',
 'TextProcessorScrapy.middlewares.HsNasaSpiderMiddleware',
 'scrapy.spidermiddlewares.referer.RefererMiddleware',
 'scrapy.spidermiddlewares.urllength.UrlLengthMiddleware',
 'scrapy.spidermiddlewares.depth.DepthMiddleware']
2021-07-22 20:48:28 [scrapy.middleware] INFO: Enabled item pipelines:
['TextProcessorScrapy.pipelines.AiaaPipeline']
2021-07-22 20:48:28 [scrapy.core.engine] INFO: Spider opened
2021-07-22 20:48:28 [scrapy.extensions.logstats] INFO: Crawled 0 pages (at 0 pages/min), scraped 0 items (at 0 items/min)
2021-07-22 20:48:28 [aiaa] INFO: Spider opened: aiaa
2021-07-22 20:48:28 [aiaa] INFO: Spider opened: aiaa
2021-07-22 20:48:28 [scrapy.extensions.telnet] INFO: Telnet console listening on 127.0.0.1:6023
2021-07-22 20:48:38 [scrapy.downloadermiddlewares.redirect] DEBUG: Redirecting (302) to <GET https://arc.aiaa.org/action/doSearch?AllField=gun&sortBy=Earliest&startPage=0&pageSize=20&cookieSet=1> from <GET https://arc.aiaa.org/action/doSearch?AllField=gun&sortBy=Earliest&startPage=0&pageSize=20>
2021-07-22 20:48:40 [scrapy.downloadermiddlewares.redirect] DEBUG: Redirecting (302) to <GET https://arc.aiaa.org/action/cookieAbsent> from <GET https://arc.aiaa.org/action/doSearch?AllField=gun&sortBy=Earliest&startPage=0&pageSize=20&cookieSet=1>
2021-07-22 20:48:42 [scrapy.core.engine] DEBUG: Crawled (200) <GET https://arc.aiaa.org/action/cookieAbsent> (referer: None)
2021-07-22 20:48:42 [scrapy.core.engine] INFO: Closing spider (finished)
2021-07-22 20:48:42 [scrapy.statscollectors] INFO: Dumping Scrapy stats:
{'downloader/request_bytes': 1052,
 'downloader/request_count': 3,
 'downloader/request_method_count/GET': 3,
 'downloader/response_bytes': 12196,
 'downloader/response_count': 3,
 'downloader/response_status_count/200': 1,
 'downloader/response_status_count/302': 2,
 'elapsed_time_seconds': 14.8247,
 'finish_reason': 'finished',
 'finish_time': datetime.datetime(2021, 7, 22, 12, 48, 42, 907491),
 'httpcompression/response_bytes': 33827,
 'httpcompression/response_count': 1,
 'log_count/DEBUG': 3,
 'log_count/INFO': 12,
 'response_received_count': 1,
 'scheduler/dequeued': 3,
 'scheduler/dequeued/memory': 3,
 'scheduler/enqueued': 3,
 'scheduler/enqueued/memory': 3,
 'start_time': datetime.datetime(2021, 7, 22, 12, 48, 28, 82791)}
2021-07-22 20:48:42 [scrapy.core.engine] INFO: Spider closed (finished)
