2022-03-10 01:27:38 [scrapy.middleware] INFO: Enabled extensions:
['scrapy.extensions.corestats.CoreStats',
 'scrapy.extensions.memusage.MemoryUsage',
 'scrapy.extensions.logstats.LogStats']
2022-03-10 01:27:39 [selenium.webdriver.remote.remote_connection] DEBUG: POST http://127.0.0.1:59633/session {"capabilities": {"firstMatch": [{}], "alwaysMatch": {"browserName": "chrome", "platformName": "any", "goog:chromeOptions": {"prefs": {"profile.default_content_setting_values": {"notifications": 2, "images": 2}}, "extensions": [], "args": ["--no-sandbox", "--disable-dev-shm-usage", "--headless"]}}}, "desiredCapabilities": {"browserName": "chrome", "version": "", "platform": "ANY", "goog:chromeOptions": {"prefs": {"profile.default_content_setting_values": {"notifications": 2, "images": 2}}, "extensions": [], "args": ["--no-sandbox", "--disable-dev-shm-usage", "--headless"]}}}
2022-03-10 01:27:39 [urllib3.connectionpool] DEBUG: Starting new HTTP connection (1): 127.0.0.1:59633
2022-03-10 01:27:39 [urllib3.connectionpool] DEBUG: http://127.0.0.1:59633 "POST /session HTTP/1.1" 200 753
2022-03-10 01:27:39 [selenium.webdriver.remote.remote_connection] DEBUG: Finished Request
2022-03-10 01:27:39 [selenium.webdriver.remote.remote_connection] DEBUG: POST http://127.0.0.1:59633/session/325043ca2f1649a9df01c0868b8b594e/timeouts {"implicit": 1000}
2022-03-10 01:27:39 [urllib3.connectionpool] DEBUG: http://127.0.0.1:59633 "POST /session/325043ca2f1649a9df01c0868b8b594e/timeouts HTTP/1.1" 200 14
2022-03-10 01:27:39 [selenium.webdriver.remote.remote_connection] DEBUG: Finished Request
2022-03-10 01:27:39 [scrapy.middleware] INFO: Enabled downloader middlewares:
['scrapy.downloadermiddlewares.httpauth.HttpAuthMiddleware',
 'scrapy.downloadermiddlewares.downloadtimeout.DownloadTimeoutMiddleware',
 'scrapy.downloadermiddlewares.defaultheaders.DefaultHeadersMiddleware',
 'scrapy.downloadermiddlewares.useragent.UserAgentMiddleware',
 'TextProcessorScrapy.middlewares.RandomUserAgentMiddleware',
 'TextProcessorScrapy.middlewares.TextCrawlDownloaderMiddleware',
 'scrapy.downloadermiddlewares.retry.RetryMiddleware',
 'scrapy.downloadermiddlewares.redirect.MetaRefreshMiddleware',
 'scrapy.downloadermiddlewares.httpcompression.HttpCompressionMiddleware',
 'scrapy.downloadermiddlewares.redirect.RedirectMiddleware',
 'scrapy.downloadermiddlewares.cookies.CookiesMiddleware',
 'scrapy.downloadermiddlewares.httpproxy.HttpProxyMiddleware',
 'scrapy.downloadermiddlewares.stats.DownloaderStats']
2022-03-10 01:27:39 [scrapy.middleware] INFO: Enabled spider middlewares:
['scrapy.spidermiddlewares.httperror.HttpErrorMiddleware',
 'scrapy.spidermiddlewares.offsite.OffsiteMiddleware',
 'scrapy.spidermiddlewares.referer.RefererMiddleware',
 'scrapy.spidermiddlewares.urllength.UrlLengthMiddleware',
 'scrapy.spidermiddlewares.depth.DepthMiddleware']
2022-03-10 01:27:39 [scrapy.middleware] INFO: Enabled item pipelines:
['TextProcessorScrapy.pipelines.ImagePipeline',
 'TextProcessorScrapy.pipelines.BaiduPipeline']
2022-03-10 01:27:39 [scrapy.core.engine] INFO: Spider opened
2022-03-10 01:27:39 [scrapy.extensions.logstats] INFO: Crawled 0 pages (at 0 pages/min), scraped 0 items (at 0 items/min)
2022-03-10 01:27:39 [baidu] INFO: Spider opened: baidu
2022-03-10 01:27:39 [scrapy.crawler] INFO: Overridden settings:
{'BOT_NAME': 'TextProcessorScrapy',
 'COMMANDS_MODULE': 'TextProcessorScrapy.commands',
 'CONCURRENT_REQUESTS_PER_DOMAIN': 32,
 'CONCURRENT_REQUESTS_PER_IP': 128,
 'LOG_FILE': 'log/scrapy_2022_3_10_4.log',
 'NEWSPIDER_MODULE': 'TextProcessorScrapy.spiders',
 'REACTOR_THREADPOOL_MAXSIZE': 20,
 'SPIDER_MODULES': ['TextProcessorScrapy.spiders'],
 'TELNETCONSOLE_ENABLED': False}
2022-03-10 01:27:39 [scrapy.middleware] INFO: Enabled extensions:
['scrapy.extensions.corestats.CoreStats',
 'scrapy.extensions.memusage.MemoryUsage',
 'scrapy.extensions.logstats.LogStats']
2022-03-10 01:27:40 [selenium.webdriver.remote.remote_connection] DEBUG: POST http://127.0.0.1:57357/session {"capabilities": {"firstMatch": [{}], "alwaysMatch": {"browserName": "chrome", "platformName": "any", "goog:chromeOptions": {"prefs": {"profile.default_content_setting_values": {"notifications": 2, "images": 2}}, "extensions": [], "args": ["--no-sandbox", "--disable-dev-shm-usage", "--headless"]}}}, "desiredCapabilities": {"browserName": "chrome", "version": "", "platform": "ANY", "goog:chromeOptions": {"prefs": {"profile.default_content_setting_values": {"notifications": 2, "images": 2}}, "extensions": [], "args": ["--no-sandbox", "--disable-dev-shm-usage", "--headless"]}}}
2022-03-10 01:27:40 [urllib3.connectionpool] DEBUG: Starting new HTTP connection (1): 127.0.0.1:57357
2022-03-10 01:27:41 [urllib3.connectionpool] DEBUG: http://127.0.0.1:57357 "POST /session HTTP/1.1" 200 753
2022-03-10 01:27:41 [selenium.webdriver.remote.remote_connection] DEBUG: Finished Request
2022-03-10 01:27:41 [selenium.webdriver.remote.remote_connection] DEBUG: POST http://127.0.0.1:57357/session/14095f5e5095a6989b101093f3faa822/timeouts {"implicit": 1000}
2022-03-10 01:27:41 [urllib3.connectionpool] DEBUG: http://127.0.0.1:57357 "POST /session/14095f5e5095a6989b101093f3faa822/timeouts HTTP/1.1" 200 14
2022-03-10 01:27:41 [selenium.webdriver.remote.remote_connection] DEBUG: Finished Request
2022-03-10 01:27:41 [scrapy.middleware] INFO: Enabled downloader middlewares:
['scrapy.downloadermiddlewares.httpauth.HttpAuthMiddleware',
 'scrapy.downloadermiddlewares.downloadtimeout.DownloadTimeoutMiddleware',
 'scrapy.downloadermiddlewares.defaultheaders.DefaultHeadersMiddleware',
 'scrapy.downloadermiddlewares.useragent.UserAgentMiddleware',
 'TextProcessorScrapy.middlewares.RandomUserAgentMiddleware',
 'TextProcessorScrapy.middlewares.TextCrawlDownloaderMiddleware',
 'scrapy.downloadermiddlewares.retry.RetryMiddleware',
 'scrapy.downloadermiddlewares.redirect.MetaRefreshMiddleware',
 'scrapy.downloadermiddlewares.httpcompression.HttpCompressionMiddleware',
 'scrapy.downloadermiddlewares.redirect.RedirectMiddleware',
 'scrapy.downloadermiddlewares.cookies.CookiesMiddleware',
 'scrapy.downloadermiddlewares.httpproxy.HttpProxyMiddleware',
 'scrapy.downloadermiddlewares.stats.DownloaderStats']
2022-03-10 01:27:41 [scrapy.middleware] INFO: Enabled spider middlewares:
['scrapy.spidermiddlewares.httperror.HttpErrorMiddleware',
 'scrapy.spidermiddlewares.offsite.OffsiteMiddleware',
 'scrapy.spidermiddlewares.referer.RefererMiddleware',
 'scrapy.spidermiddlewares.urllength.UrlLengthMiddleware',
 'scrapy.spidermiddlewares.depth.DepthMiddleware']
2022-03-10 01:27:41 [scrapy.middleware] INFO: Enabled item pipelines:
['TextProcessorScrapy.pipelines.ImagePipeline',
 'TextProcessorScrapy.pipelines.BaiduPipeline']
2022-03-10 01:27:41 [scrapy.core.engine] INFO: Spider opened
2022-03-10 01:27:41 [scrapy.extensions.logstats] INFO: Crawled 0 pages (at 0 pages/min), scraped 0 items (at 0 items/min)
2022-03-10 01:27:41 [baidu] INFO: Spider opened: baidu
2022-03-10 01:27:41 [scrapy.crawler] INFO: Overridden settings:
{'BOT_NAME': 'TextProcessorScrapy',
 'COMMANDS_MODULE': 'TextProcessorScrapy.commands',
 'CONCURRENT_REQUESTS_PER_DOMAIN': 32,
 'CONCURRENT_REQUESTS_PER_IP': 128,
 'LOG_FILE': 'log/scrapy_2022_3_10_4.log',
 'NEWSPIDER_MODULE': 'TextProcessorScrapy.spiders',
 'REACTOR_THREADPOOL_MAXSIZE': 20,
 'SPIDER_MODULES': ['TextProcessorScrapy.spiders'],
 'TELNETCONSOLE_ENABLED': False}
2022-03-10 01:27:41 [scrapy.middleware] INFO: Enabled extensions:
['scrapy.extensions.corestats.CoreStats',
 'scrapy.extensions.memusage.MemoryUsage',
 'scrapy.extensions.logstats.LogStats']
2022-03-10 01:27:42 [selenium.webdriver.remote.remote_connection] DEBUG: POST http://127.0.0.1:41095/session {"capabilities": {"firstMatch": [{}], "alwaysMatch": {"browserName": "chrome", "platformName": "any", "goog:chromeOptions": {"prefs": {"profile.default_content_setting_values": {"notifications": 2, "images": 2}}, "extensions": [], "args": ["--no-sandbox", "--disable-dev-shm-usage", "--headless"]}}}, "desiredCapabilities": {"browserName": "chrome", "version": "", "platform": "ANY", "goog:chromeOptions": {"prefs": {"profile.default_content_setting_values": {"notifications": 2, "images": 2}}, "extensions": [], "args": ["--no-sandbox", "--disable-dev-shm-usage", "--headless"]}}}
2022-03-10 01:27:42 [urllib3.connectionpool] DEBUG: Starting new HTTP connection (1): 127.0.0.1:41095
2022-03-10 01:27:42 [urllib3.connectionpool] DEBUG: http://127.0.0.1:41095 "POST /session HTTP/1.1" 200 753
2022-03-10 01:27:42 [selenium.webdriver.remote.remote_connection] DEBUG: Finished Request
2022-03-10 01:27:42 [selenium.webdriver.remote.remote_connection] DEBUG: POST http://127.0.0.1:41095/session/59673a1ad1413c53f820264a40b8bd40/timeouts {"implicit": 1000}
2022-03-10 01:27:42 [urllib3.connectionpool] DEBUG: http://127.0.0.1:41095 "POST /session/59673a1ad1413c53f820264a40b8bd40/timeouts HTTP/1.1" 200 14
2022-03-10 01:27:42 [selenium.webdriver.remote.remote_connection] DEBUG: Finished Request
2022-03-10 01:27:42 [scrapy.middleware] INFO: Enabled downloader middlewares:
['scrapy.downloadermiddlewares.httpauth.HttpAuthMiddleware',
 'scrapy.downloadermiddlewares.downloadtimeout.DownloadTimeoutMiddleware',
 'scrapy.downloadermiddlewares.defaultheaders.DefaultHeadersMiddleware',
 'scrapy.downloadermiddlewares.useragent.UserAgentMiddleware',
 'TextProcessorScrapy.middlewares.RandomUserAgentMiddleware',
 'TextProcessorScrapy.middlewares.TextCrawlDownloaderMiddleware',
 'scrapy.downloadermiddlewares.retry.RetryMiddleware',
 'scrapy.downloadermiddlewares.redirect.MetaRefreshMiddleware',
 'scrapy.downloadermiddlewares.httpcompression.HttpCompressionMiddleware',
 'scrapy.downloadermiddlewares.redirect.RedirectMiddleware',
 'scrapy.downloadermiddlewares.cookies.CookiesMiddleware',
 'scrapy.downloadermiddlewares.httpproxy.HttpProxyMiddleware',
 'scrapy.downloadermiddlewares.stats.DownloaderStats']
2022-03-10 01:27:42 [scrapy.middleware] INFO: Enabled spider middlewares:
['scrapy.spidermiddlewares.httperror.HttpErrorMiddleware',
 'scrapy.spidermiddlewares.offsite.OffsiteMiddleware',
 'scrapy.spidermiddlewares.referer.RefererMiddleware',
 'scrapy.spidermiddlewares.urllength.UrlLengthMiddleware',
 'scrapy.spidermiddlewares.depth.DepthMiddleware']
2022-03-10 01:27:42 [scrapy.middleware] INFO: Enabled item pipelines:
['TextProcessorScrapy.pipelines.ImagePipeline',
 'TextProcessorScrapy.pipelines.BaiduPipeline']
2022-03-10 01:27:42 [scrapy.core.engine] INFO: Spider opened
2022-03-10 01:27:42 [scrapy.extensions.logstats] INFO: Crawled 0 pages (at 0 pages/min), scraped 0 items (at 0 items/min)
2022-03-10 01:27:42 [baidu] INFO: Spider opened: baidu
2022-03-10 01:27:42 [scrapy.crawler] INFO: Overridden settings:
{'BOT_NAME': 'TextProcessorScrapy',
 'COMMANDS_MODULE': 'TextProcessorScrapy.commands',
 'CONCURRENT_REQUESTS_PER_DOMAIN': 32,
 'CONCURRENT_REQUESTS_PER_IP': 128,
 'LOG_FILE': 'log/scrapy_2022_3_10_4.log',
 'NEWSPIDER_MODULE': 'TextProcessorScrapy.spiders',
 'REACTOR_THREADPOOL_MAXSIZE': 20,
 'SPIDER_MODULES': ['TextProcessorScrapy.spiders'],
 'TELNETCONSOLE_ENABLED': False}
2022-03-10 01:27:42 [scrapy.middleware] INFO: Enabled extensions:
['scrapy.extensions.corestats.CoreStats',
 'scrapy.extensions.memusage.MemoryUsage',
 'scrapy.extensions.logstats.LogStats']
2022-03-10 01:27:43 [selenium.webdriver.remote.remote_connection] DEBUG: POST http://127.0.0.1:33125/session {"capabilities": {"firstMatch": [{}], "alwaysMatch": {"browserName": "chrome", "platformName": "any", "goog:chromeOptions": {"prefs": {"profile.default_content_setting_values": {"notifications": 2, "images": 2}}, "extensions": [], "args": ["--no-sandbox", "--disable-dev-shm-usage", "--headless"]}}}, "desiredCapabilities": {"browserName": "chrome", "version": "", "platform": "ANY", "goog:chromeOptions": {"prefs": {"profile.default_content_setting_values": {"notifications": 2, "images": 2}}, "extensions": [], "args": ["--no-sandbox", "--disable-dev-shm-usage", "--headless"]}}}
2022-03-10 01:27:43 [urllib3.connectionpool] DEBUG: Starting new HTTP connection (1): 127.0.0.1:33125
2022-03-10 01:27:43 [urllib3.connectionpool] DEBUG: http://127.0.0.1:33125 "POST /session HTTP/1.1" 200 753
2022-03-10 01:27:43 [selenium.webdriver.remote.remote_connection] DEBUG: Finished Request
2022-03-10 01:27:43 [selenium.webdriver.remote.remote_connection] DEBUG: POST http://127.0.0.1:33125/session/a7e9373275c01bc90d6eb8867038687a/timeouts {"implicit": 1000}
2022-03-10 01:27:43 [urllib3.connectionpool] DEBUG: http://127.0.0.1:33125 "POST /session/a7e9373275c01bc90d6eb8867038687a/timeouts HTTP/1.1" 200 14
2022-03-10 01:27:43 [selenium.webdriver.remote.remote_connection] DEBUG: Finished Request
2022-03-10 01:27:43 [scrapy.middleware] INFO: Enabled downloader middlewares:
['scrapy.downloadermiddlewares.httpauth.HttpAuthMiddleware',
 'scrapy.downloadermiddlewares.downloadtimeout.DownloadTimeoutMiddleware',
 'scrapy.downloadermiddlewares.defaultheaders.DefaultHeadersMiddleware',
 'scrapy.downloadermiddlewares.useragent.UserAgentMiddleware',
 'TextProcessorScrapy.middlewares.RandomUserAgentMiddleware',
 'TextProcessorScrapy.middlewares.TextCrawlDownloaderMiddleware',
 'scrapy.downloadermiddlewares.retry.RetryMiddleware',
 'scrapy.downloadermiddlewares.redirect.MetaRefreshMiddleware',
 'scrapy.downloadermiddlewares.httpcompression.HttpCompressionMiddleware',
 'scrapy.downloadermiddlewares.redirect.RedirectMiddleware',
 'scrapy.downloadermiddlewares.cookies.CookiesMiddleware',
 'scrapy.downloadermiddlewares.httpproxy.HttpProxyMiddleware',
 'scrapy.downloadermiddlewares.stats.DownloaderStats']
2022-03-10 01:27:43 [scrapy.middleware] INFO: Enabled spider middlewares:
['scrapy.spidermiddlewares.httperror.HttpErrorMiddleware',
 'scrapy.spidermiddlewares.offsite.OffsiteMiddleware',
 'scrapy.spidermiddlewares.referer.RefererMiddleware',
 'scrapy.spidermiddlewares.urllength.UrlLengthMiddleware',
 'scrapy.spidermiddlewares.depth.DepthMiddleware']
2022-03-10 01:27:43 [scrapy.middleware] INFO: Enabled item pipelines:
['TextProcessorScrapy.pipelines.ImagePipeline',
 'TextProcessorScrapy.pipelines.BaiduPipeline']
2022-03-10 01:27:43 [scrapy.core.engine] INFO: Spider opened
2022-03-10 01:27:43 [scrapy.extensions.logstats] INFO: Crawled 0 pages (at 0 pages/min), scraped 0 items (at 0 items/min)
2022-03-10 01:27:43 [baidu] INFO: Spider opened: baidu
2022-03-10 01:27:43 [scrapy.crawler] INFO: Overridden settings:
{'BOT_NAME': 'TextProcessorScrapy',
 'COMMANDS_MODULE': 'TextProcessorScrapy.commands',
 'CONCURRENT_REQUESTS_PER_DOMAIN': 32,
 'CONCURRENT_REQUESTS_PER_IP': 128,
 'LOG_FILE': 'log/scrapy_2022_3_10_4.log',
 'NEWSPIDER_MODULE': 'TextProcessorScrapy.spiders',
 'REACTOR_THREADPOOL_MAXSIZE': 20,
 'SPIDER_MODULES': ['TextProcessorScrapy.spiders'],
 'TELNETCONSOLE_ENABLED': False}
2022-03-10 01:27:43 [scrapy.middleware] INFO: Enabled extensions:
['scrapy.extensions.corestats.CoreStats',
 'scrapy.extensions.memusage.MemoryUsage',
 'scrapy.extensions.logstats.LogStats']
2022-03-10 01:27:44 [selenium.webdriver.remote.remote_connection] DEBUG: POST http://127.0.0.1:40229/session {"capabilities": {"firstMatch": [{}], "alwaysMatch": {"browserName": "chrome", "platformName": "any", "goog:chromeOptions": {"prefs": {"profile.default_content_setting_values": {"notifications": 2, "images": 2}}, "extensions": [], "args": ["--no-sandbox", "--disable-dev-shm-usage", "--headless"]}}}, "desiredCapabilities": {"browserName": "chrome", "version": "", "platform": "ANY", "goog:chromeOptions": {"prefs": {"profile.default_content_setting_values": {"notifications": 2, "images": 2}}, "extensions": [], "args": ["--no-sandbox", "--disable-dev-shm-usage", "--headless"]}}}
2022-03-10 01:27:44 [urllib3.connectionpool] DEBUG: Starting new HTTP connection (1): 127.0.0.1:40229
2022-03-10 01:27:44 [urllib3.connectionpool] DEBUG: http://127.0.0.1:40229 "POST /session HTTP/1.1" 200 753
2022-03-10 01:27:44 [selenium.webdriver.remote.remote_connection] DEBUG: Finished Request
2022-03-10 01:27:44 [selenium.webdriver.remote.remote_connection] DEBUG: POST http://127.0.0.1:40229/session/583b73e3d9b6462315fa5eff7b9245c5/timeouts {"implicit": 1000}
2022-03-10 01:27:44 [urllib3.connectionpool] DEBUG: http://127.0.0.1:40229 "POST /session/583b73e3d9b6462315fa5eff7b9245c5/timeouts HTTP/1.1" 200 14
2022-03-10 01:27:44 [selenium.webdriver.remote.remote_connection] DEBUG: Finished Request
2022-03-10 01:27:44 [scrapy.middleware] INFO: Enabled downloader middlewares:
['scrapy.downloadermiddlewares.httpauth.HttpAuthMiddleware',
 'scrapy.downloadermiddlewares.downloadtimeout.DownloadTimeoutMiddleware',
 'scrapy.downloadermiddlewares.defaultheaders.DefaultHeadersMiddleware',
 'scrapy.downloadermiddlewares.useragent.UserAgentMiddleware',
 'TextProcessorScrapy.middlewares.RandomUserAgentMiddleware',
 'TextProcessorScrapy.middlewares.TextCrawlDownloaderMiddleware',
 'scrapy.downloadermiddlewares.retry.RetryMiddleware',
 'scrapy.downloadermiddlewares.redirect.MetaRefreshMiddleware',
 'scrapy.downloadermiddlewares.httpcompression.HttpCompressionMiddleware',
 'scrapy.downloadermiddlewares.redirect.RedirectMiddleware',
 'scrapy.downloadermiddlewares.cookies.CookiesMiddleware',
 'scrapy.downloadermiddlewares.httpproxy.HttpProxyMiddleware',
 'scrapy.downloadermiddlewares.stats.DownloaderStats']
2022-03-10 01:27:44 [scrapy.middleware] INFO: Enabled spider middlewares:
['scrapy.spidermiddlewares.httperror.HttpErrorMiddleware',
 'scrapy.spidermiddlewares.offsite.OffsiteMiddleware',
 'scrapy.spidermiddlewares.referer.RefererMiddleware',
 'scrapy.spidermiddlewares.urllength.UrlLengthMiddleware',
 'scrapy.spidermiddlewares.depth.DepthMiddleware']
2022-03-10 01:27:44 [scrapy.middleware] INFO: Enabled item pipelines:
['TextProcessorScrapy.pipelines.ImagePipeline',
 'TextProcessorScrapy.pipelines.BaiduPipeline']
2022-03-10 01:27:44 [scrapy.core.engine] INFO: Spider opened
2022-03-10 01:27:44 [scrapy.extensions.logstats] INFO: Crawled 0 pages (at 0 pages/min), scraped 0 items (at 0 items/min)
2022-03-10 01:27:44 [baidu] INFO: Spider opened: baidu
2022-03-10 01:27:44 [scrapy.crawler] INFO: Overridden settings:
{'BOT_NAME': 'TextProcessorScrapy',
 'COMMANDS_MODULE': 'TextProcessorScrapy.commands',
 'CONCURRENT_REQUESTS_PER_DOMAIN': 32,
 'CONCURRENT_REQUESTS_PER_IP': 128,
 'LOG_FILE': 'log/scrapy_2022_3_10_4.log',
 'NEWSPIDER_MODULE': 'TextProcessorScrapy.spiders',
 'REACTOR_THREADPOOL_MAXSIZE': 20,
 'SPIDER_MODULES': ['TextProcessorScrapy.spiders'],
 'TELNETCONSOLE_ENABLED': False}
2022-03-10 01:27:44 [scrapy.middleware] INFO: Enabled extensions:
['scrapy.extensions.corestats.CoreStats',
 'scrapy.extensions.memusage.MemoryUsage',
 'scrapy.extensions.logstats.LogStats']
2022-03-10 01:27:45 [selenium.webdriver.remote.remote_connection] DEBUG: POST http://127.0.0.1:49405/session {"capabilities": {"firstMatch": [{}], "alwaysMatch": {"browserName": "chrome", "platformName": "any", "goog:chromeOptions": {"prefs": {"profile.default_content_setting_values": {"notifications": 2, "images": 2}}, "extensions": [], "args": ["--no-sandbox", "--disable-dev-shm-usage", "--headless"]}}}, "desiredCapabilities": {"browserName": "chrome", "version": "", "platform": "ANY", "goog:chromeOptions": {"prefs": {"profile.default_content_setting_values": {"notifications": 2, "images": 2}}, "extensions": [], "args": ["--no-sandbox", "--disable-dev-shm-usage", "--headless"]}}}
2022-03-10 01:27:45 [urllib3.connectionpool] DEBUG: Starting new HTTP connection (1): 127.0.0.1:49405
2022-03-10 01:27:45 [urllib3.connectionpool] DEBUG: http://127.0.0.1:49405 "POST /session HTTP/1.1" 200 753
2022-03-10 01:27:45 [selenium.webdriver.remote.remote_connection] DEBUG: Finished Request
2022-03-10 01:27:45 [selenium.webdriver.remote.remote_connection] DEBUG: POST http://127.0.0.1:49405/session/bb952723758520e6b848a07d575f43fa/timeouts {"implicit": 1000}
2022-03-10 01:27:45 [urllib3.connectionpool] DEBUG: http://127.0.0.1:49405 "POST /session/bb952723758520e6b848a07d575f43fa/timeouts HTTP/1.1" 200 14
2022-03-10 01:27:45 [selenium.webdriver.remote.remote_connection] DEBUG: Finished Request
2022-03-10 01:27:45 [scrapy.middleware] INFO: Enabled downloader middlewares:
['scrapy.downloadermiddlewares.httpauth.HttpAuthMiddleware',
 'scrapy.downloadermiddlewares.downloadtimeout.DownloadTimeoutMiddleware',
 'scrapy.downloadermiddlewares.defaultheaders.DefaultHeadersMiddleware',
 'scrapy.downloadermiddlewares.useragent.UserAgentMiddleware',
 'TextProcessorScrapy.middlewares.RandomUserAgentMiddleware',
 'TextProcessorScrapy.middlewares.TextCrawlDownloaderMiddleware',
 'scrapy.downloadermiddlewares.retry.RetryMiddleware',
 'scrapy.downloadermiddlewares.redirect.MetaRefreshMiddleware',
 'scrapy.downloadermiddlewares.httpcompression.HttpCompressionMiddleware',
 'scrapy.downloadermiddlewares.redirect.RedirectMiddleware',
 'scrapy.downloadermiddlewares.cookies.CookiesMiddleware',
 'scrapy.downloadermiddlewares.httpproxy.HttpProxyMiddleware',
 'scrapy.downloadermiddlewares.stats.DownloaderStats']
2022-03-10 01:27:45 [scrapy.middleware] INFO: Enabled spider middlewares:
['scrapy.spidermiddlewares.httperror.HttpErrorMiddleware',
 'scrapy.spidermiddlewares.offsite.OffsiteMiddleware',
 'scrapy.spidermiddlewares.referer.RefererMiddleware',
 'scrapy.spidermiddlewares.urllength.UrlLengthMiddleware',
 'scrapy.spidermiddlewares.depth.DepthMiddleware']
2022-03-10 01:27:45 [scrapy.middleware] INFO: Enabled item pipelines:
['TextProcessorScrapy.pipelines.ImagePipeline',
 'TextProcessorScrapy.pipelines.BaiduPipeline']
2022-03-10 01:27:45 [scrapy.core.engine] INFO: Spider opened
2022-03-10 01:27:45 [scrapy.extensions.logstats] INFO: Crawled 0 pages (at 0 pages/min), scraped 0 items (at 0 items/min)
2022-03-10 01:27:45 [baidu] INFO: Spider opened: baidu
2022-03-10 01:27:45 [scrapy.crawler] INFO: Overridden settings:
{'BOT_NAME': 'TextProcessorScrapy',
 'COMMANDS_MODULE': 'TextProcessorScrapy.commands',
 'CONCURRENT_REQUESTS_PER_DOMAIN': 32,
 'CONCURRENT_REQUESTS_PER_IP': 128,
 'LOG_FILE': 'log/scrapy_2022_3_10_4.log',
 'NEWSPIDER_MODULE': 'TextProcessorScrapy.spiders',
 'REACTOR_THREADPOOL_MAXSIZE': 20,
 'SPIDER_MODULES': ['TextProcessorScrapy.spiders'],
 'TELNETCONSOLE_ENABLED': False}
2022-03-10 01:27:45 [scrapy.middleware] INFO: Enabled extensions:
['scrapy.extensions.corestats.CoreStats',
 'scrapy.extensions.memusage.MemoryUsage',
 'scrapy.extensions.logstats.LogStats']
2022-03-10 01:27:46 [selenium.webdriver.remote.remote_connection] DEBUG: POST http://127.0.0.1:59211/session {"capabilities": {"firstMatch": [{}], "alwaysMatch": {"browserName": "chrome", "platformName": "any", "goog:chromeOptions": {"prefs": {"profile.default_content_setting_values": {"notifications": 2, "images": 2}}, "extensions": [], "args": ["--no-sandbox", "--disable-dev-shm-usage", "--headless"]}}}, "desiredCapabilities": {"browserName": "chrome", "version": "", "platform": "ANY", "goog:chromeOptions": {"prefs": {"profile.default_content_setting_values": {"notifications": 2, "images": 2}}, "extensions": [], "args": ["--no-sandbox", "--disable-dev-shm-usage", "--headless"]}}}
2022-03-10 01:27:46 [urllib3.connectionpool] DEBUG: Starting new HTTP connection (1): 127.0.0.1:59211
2022-03-10 01:27:46 [urllib3.connectionpool] DEBUG: http://127.0.0.1:59211 "POST /session HTTP/1.1" 200 753
2022-03-10 01:27:46 [selenium.webdriver.remote.remote_connection] DEBUG: Finished Request
2022-03-10 01:27:46 [selenium.webdriver.remote.remote_connection] DEBUG: POST http://127.0.0.1:59211/session/9ea70bc8d0df883fde2c154af41b4a8e/timeouts {"implicit": 1000}
2022-03-10 01:27:46 [urllib3.connectionpool] DEBUG: http://127.0.0.1:59211 "POST /session/9ea70bc8d0df883fde2c154af41b4a8e/timeouts HTTP/1.1" 200 14
2022-03-10 01:27:46 [selenium.webdriver.remote.remote_connection] DEBUG: Finished Request
2022-03-10 01:27:46 [scrapy.middleware] INFO: Enabled downloader middlewares:
['scrapy.downloadermiddlewares.httpauth.HttpAuthMiddleware',
 'scrapy.downloadermiddlewares.downloadtimeout.DownloadTimeoutMiddleware',
 'scrapy.downloadermiddlewares.defaultheaders.DefaultHeadersMiddleware',
 'scrapy.downloadermiddlewares.useragent.UserAgentMiddleware',
 'TextProcessorScrapy.middlewares.RandomUserAgentMiddleware',
 'TextProcessorScrapy.middlewares.TextCrawlDownloaderMiddleware',
 'scrapy.downloadermiddlewares.retry.RetryMiddleware',
 'scrapy.downloadermiddlewares.redirect.MetaRefreshMiddleware',
 'scrapy.downloadermiddlewares.httpcompression.HttpCompressionMiddleware',
 'scrapy.downloadermiddlewares.redirect.RedirectMiddleware',
 'scrapy.downloadermiddlewares.cookies.CookiesMiddleware',
 'scrapy.downloadermiddlewares.httpproxy.HttpProxyMiddleware',
 'scrapy.downloadermiddlewares.stats.DownloaderStats']
2022-03-10 01:27:46 [scrapy.middleware] INFO: Enabled spider middlewares:
['scrapy.spidermiddlewares.httperror.HttpErrorMiddleware',
 'scrapy.spidermiddlewares.offsite.OffsiteMiddleware',
 'scrapy.spidermiddlewares.referer.RefererMiddleware',
 'scrapy.spidermiddlewares.urllength.UrlLengthMiddleware',
 'scrapy.spidermiddlewares.depth.DepthMiddleware']
2022-03-10 01:27:46 [scrapy.middleware] INFO: Enabled item pipelines:
['TextProcessorScrapy.pipelines.ImagePipeline',
 'TextProcessorScrapy.pipelines.BaiduPipeline']
2022-03-10 01:27:46 [scrapy.core.engine] INFO: Spider opened
2022-03-10 01:27:46 [scrapy.extensions.logstats] INFO: Crawled 0 pages (at 0 pages/min), scraped 0 items (at 0 items/min)
2022-03-10 01:27:46 [baidu] INFO: Spider opened: baidu
2022-03-10 01:27:46 [scrapy.crawler] INFO: Overridden settings:
{'BOT_NAME': 'TextProcessorScrapy',
 'COMMANDS_MODULE': 'TextProcessorScrapy.commands',
 'CONCURRENT_REQUESTS_PER_DOMAIN': 32,
 'CONCURRENT_REQUESTS_PER_IP': 128,
 'LOG_FILE': 'log/scrapy_2022_3_10_4.log',
 'NEWSPIDER_MODULE': 'TextProcessorScrapy.spiders',
 'REACTOR_THREADPOOL_MAXSIZE': 20,
 'SPIDER_MODULES': ['TextProcessorScrapy.spiders'],
 'TELNETCONSOLE_ENABLED': False}
2022-03-10 01:27:46 [scrapy.middleware] INFO: Enabled extensions:
['scrapy.extensions.corestats.CoreStats',
 'scrapy.extensions.memusage.MemoryUsage',
 'scrapy.extensions.logstats.LogStats']
2022-03-10 01:27:47 [selenium.webdriver.remote.remote_connection] DEBUG: POST http://127.0.0.1:42979/session {"capabilities": {"firstMatch": [{}], "alwaysMatch": {"browserName": "chrome", "platformName": "any", "goog:chromeOptions": {"prefs": {"profile.default_content_setting_values": {"notifications": 2, "images": 2}}, "extensions": [], "args": ["--no-sandbox", "--disable-dev-shm-usage", "--headless"]}}}, "desiredCapabilities": {"browserName": "chrome", "version": "", "platform": "ANY", "goog:chromeOptions": {"prefs": {"profile.default_content_setting_values": {"notifications": 2, "images": 2}}, "extensions": [], "args": ["--no-sandbox", "--disable-dev-shm-usage", "--headless"]}}}
2022-03-10 01:27:47 [urllib3.connectionpool] DEBUG: Starting new HTTP connection (1): 127.0.0.1:42979
2022-03-10 01:27:47 [urllib3.connectionpool] DEBUG: http://127.0.0.1:42979 "POST /session HTTP/1.1" 200 753
2022-03-10 01:27:47 [selenium.webdriver.remote.remote_connection] DEBUG: Finished Request
2022-03-10 01:27:47 [selenium.webdriver.remote.remote_connection] DEBUG: POST http://127.0.0.1:42979/session/64df93f3ab9cdbd40deccb03ae6b91cc/timeouts {"implicit": 1000}
2022-03-10 01:27:47 [urllib3.connectionpool] DEBUG: http://127.0.0.1:42979 "POST /session/64df93f3ab9cdbd40deccb03ae6b91cc/timeouts HTTP/1.1" 200 14
2022-03-10 01:27:47 [selenium.webdriver.remote.remote_connection] DEBUG: Finished Request
2022-03-10 01:27:47 [scrapy.middleware] INFO: Enabled downloader middlewares:
['scrapy.downloadermiddlewares.httpauth.HttpAuthMiddleware',
 'scrapy.downloadermiddlewares.downloadtimeout.DownloadTimeoutMiddleware',
 'scrapy.downloadermiddlewares.defaultheaders.DefaultHeadersMiddleware',
 'scrapy.downloadermiddlewares.useragent.UserAgentMiddleware',
 'TextProcessorScrapy.middlewares.RandomUserAgentMiddleware',
 'TextProcessorScrapy.middlewares.TextCrawlDownloaderMiddleware',
 'scrapy.downloadermiddlewares.retry.RetryMiddleware',
 'scrapy.downloadermiddlewares.redirect.MetaRefreshMiddleware',
 'scrapy.downloadermiddlewares.httpcompression.HttpCompressionMiddleware',
 'scrapy.downloadermiddlewares.redirect.RedirectMiddleware',
 'scrapy.downloadermiddlewares.cookies.CookiesMiddleware',
 'scrapy.downloadermiddlewares.httpproxy.HttpProxyMiddleware',
 'scrapy.downloadermiddlewares.stats.DownloaderStats']
2022-03-10 01:27:47 [scrapy.middleware] INFO: Enabled spider middlewares:
['scrapy.spidermiddlewares.httperror.HttpErrorMiddleware',
 'scrapy.spidermiddlewares.offsite.OffsiteMiddleware',
 'scrapy.spidermiddlewares.referer.RefererMiddleware',
 'scrapy.spidermiddlewares.urllength.UrlLengthMiddleware',
 'scrapy.spidermiddlewares.depth.DepthMiddleware']
2022-03-10 01:27:47 [scrapy.middleware] INFO: Enabled item pipelines:
['TextProcessorScrapy.pipelines.ImagePipeline',
 'TextProcessorScrapy.pipelines.BaiduPipeline']
2022-03-10 01:27:47 [scrapy.core.engine] INFO: Spider opened
2022-03-10 01:27:47 [scrapy.extensions.logstats] INFO: Crawled 0 pages (at 0 pages/min), scraped 0 items (at 0 items/min)
2022-03-10 01:27:47 [baidu] INFO: Spider opened: baidu
2022-03-10 01:27:47 [scrapy.crawler] INFO: Overridden settings:
{'BOT_NAME': 'TextProcessorScrapy',
 'COMMANDS_MODULE': 'TextProcessorScrapy.commands',
 'CONCURRENT_REQUESTS_PER_DOMAIN': 32,
 'CONCURRENT_REQUESTS_PER_IP': 128,
 'LOG_FILE': 'log/scrapy_2022_3_10_4.log',
 'NEWSPIDER_MODULE': 'TextProcessorScrapy.spiders',
 'REACTOR_THREADPOOL_MAXSIZE': 20,
 'SPIDER_MODULES': ['TextProcessorScrapy.spiders'],
 'TELNETCONSOLE_ENABLED': False}
2022-03-10 01:27:47 [scrapy.middleware] INFO: Enabled extensions:
['scrapy.extensions.corestats.CoreStats',
 'scrapy.extensions.memusage.MemoryUsage',
 'scrapy.extensions.logstats.LogStats']
2022-03-10 01:27:48 [selenium.webdriver.remote.remote_connection] DEBUG: POST http://127.0.0.1:48047/session {"capabilities": {"firstMatch": [{}], "alwaysMatch": {"browserName": "chrome", "platformName": "any", "goog:chromeOptions": {"prefs": {"profile.default_content_setting_values": {"notifications": 2, "images": 2}}, "extensions": [], "args": ["--no-sandbox", "--disable-dev-shm-usage", "--headless"]}}}, "desiredCapabilities": {"browserName": "chrome", "version": "", "platform": "ANY", "goog:chromeOptions": {"prefs": {"profile.default_content_setting_values": {"notifications": 2, "images": 2}}, "extensions": [], "args": ["--no-sandbox", "--disable-dev-shm-usage", "--headless"]}}}
2022-03-10 01:27:48 [urllib3.connectionpool] DEBUG: Starting new HTTP connection (1): 127.0.0.1:48047
2022-03-10 01:27:48 [urllib3.connectionpool] DEBUG: http://127.0.0.1:48047 "POST /session HTTP/1.1" 200 753
2022-03-10 01:27:48 [selenium.webdriver.remote.remote_connection] DEBUG: Finished Request
2022-03-10 01:27:48 [selenium.webdriver.remote.remote_connection] DEBUG: POST http://127.0.0.1:48047/session/b7325dd04ae242d653b76085b059f8da/timeouts {"implicit": 1000}
2022-03-10 01:27:48 [urllib3.connectionpool] DEBUG: http://127.0.0.1:48047 "POST /session/b7325dd04ae242d653b76085b059f8da/timeouts HTTP/1.1" 200 14
2022-03-10 01:27:48 [selenium.webdriver.remote.remote_connection] DEBUG: Finished Request
2022-03-10 01:27:48 [scrapy.middleware] INFO: Enabled downloader middlewares:
['scrapy.downloadermiddlewares.httpauth.HttpAuthMiddleware',
 'scrapy.downloadermiddlewares.downloadtimeout.DownloadTimeoutMiddleware',
 'scrapy.downloadermiddlewares.defaultheaders.DefaultHeadersMiddleware',
 'scrapy.downloadermiddlewares.useragent.UserAgentMiddleware',
 'TextProcessorScrapy.middlewares.RandomUserAgentMiddleware',
 'TextProcessorScrapy.middlewares.TextCrawlDownloaderMiddleware',
 'scrapy.downloadermiddlewares.retry.RetryMiddleware',
 'scrapy.downloadermiddlewares.redirect.MetaRefreshMiddleware',
 'scrapy.downloadermiddlewares.httpcompression.HttpCompressionMiddleware',
 'scrapy.downloadermiddlewares.redirect.RedirectMiddleware',
 'scrapy.downloadermiddlewares.cookies.CookiesMiddleware',
 'scrapy.downloadermiddlewares.httpproxy.HttpProxyMiddleware',
 'scrapy.downloadermiddlewares.stats.DownloaderStats']
2022-03-10 01:27:48 [scrapy.middleware] INFO: Enabled spider middlewares:
['scrapy.spidermiddlewares.httperror.HttpErrorMiddleware',
 'scrapy.spidermiddlewares.offsite.OffsiteMiddleware',
 'scrapy.spidermiddlewares.referer.RefererMiddleware',
 'scrapy.spidermiddlewares.urllength.UrlLengthMiddleware',
 'scrapy.spidermiddlewares.depth.DepthMiddleware']
2022-03-10 01:27:48 [scrapy.middleware] INFO: Enabled item pipelines:
['TextProcessorScrapy.pipelines.ImagePipeline',
 'TextProcessorScrapy.pipelines.BaiduPipeline']
2022-03-10 01:27:48 [scrapy.core.engine] INFO: Spider opened
2022-03-10 01:27:48 [scrapy.extensions.logstats] INFO: Crawled 0 pages (at 0 pages/min), scraped 0 items (at 0 items/min)
2022-03-10 01:27:48 [baidu] INFO: Spider opened: baidu
2022-03-10 01:27:48 [scrapy.crawler] INFO: Overridden settings:
{'BOT_NAME': 'TextProcessorScrapy',
 'COMMANDS_MODULE': 'TextProcessorScrapy.commands',
 'CONCURRENT_REQUESTS_PER_DOMAIN': 32,
 'CONCURRENT_REQUESTS_PER_IP': 128,
 'LOG_FILE': 'log/scrapy_2022_3_10_4.log',
 'NEWSPIDER_MODULE': 'TextProcessorScrapy.spiders',
 'REACTOR_THREADPOOL_MAXSIZE': 20,
 'SPIDER_MODULES': ['TextProcessorScrapy.spiders'],
 'TELNETCONSOLE_ENABLED': False}
2022-03-10 01:27:48 [scrapy.middleware] INFO: Enabled extensions:
['scrapy.extensions.corestats.CoreStats',
 'scrapy.extensions.memusage.MemoryUsage',
 'scrapy.extensions.logstats.LogStats']
2022-03-10 01:27:49 [selenium.webdriver.remote.remote_connection] DEBUG: POST http://127.0.0.1:58953/session {"capabilities": {"firstMatch": [{}], "alwaysMatch": {"browserName": "chrome", "platformName": "any", "goog:chromeOptions": {"prefs": {"profile.default_content_setting_values": {"notifications": 2, "images": 2}}, "extensions": [], "args": ["--no-sandbox", "--disable-dev-shm-usage", "--headless"]}}}, "desiredCapabilities": {"browserName": "chrome", "version": "", "platform": "ANY", "goog:chromeOptions": {"prefs": {"profile.default_content_setting_values": {"notifications": 2, "images": 2}}, "extensions": [], "args": ["--no-sandbox", "--disable-dev-shm-usage", "--headless"]}}}
2022-03-10 01:27:49 [urllib3.connectionpool] DEBUG: Starting new HTTP connection (1): 127.0.0.1:58953
2022-03-10 01:27:50 [urllib3.connectionpool] DEBUG: http://127.0.0.1:58953 "POST /session HTTP/1.1" 200 753
2022-03-10 01:27:50 [selenium.webdriver.remote.remote_connection] DEBUG: Finished Request
2022-03-10 01:27:50 [selenium.webdriver.remote.remote_connection] DEBUG: POST http://127.0.0.1:58953/session/3136dbc30d22487c607ca49e74ddd8b6/timeouts {"implicit": 1000}
2022-03-10 01:27:50 [urllib3.connectionpool] DEBUG: http://127.0.0.1:58953 "POST /session/3136dbc30d22487c607ca49e74ddd8b6/timeouts HTTP/1.1" 200 14
2022-03-10 01:27:50 [selenium.webdriver.remote.remote_connection] DEBUG: Finished Request
2022-03-10 01:27:50 [scrapy.middleware] INFO: Enabled downloader middlewares:
['scrapy.downloadermiddlewares.httpauth.HttpAuthMiddleware',
 'scrapy.downloadermiddlewares.downloadtimeout.DownloadTimeoutMiddleware',
 'scrapy.downloadermiddlewares.defaultheaders.DefaultHeadersMiddleware',
 'scrapy.downloadermiddlewares.useragent.UserAgentMiddleware',
 'TextProcessorScrapy.middlewares.RandomUserAgentMiddleware',
 'TextProcessorScrapy.middlewares.TextCrawlDownloaderMiddleware',
 'scrapy.downloadermiddlewares.retry.RetryMiddleware',
 'scrapy.downloadermiddlewares.redirect.MetaRefreshMiddleware',
 'scrapy.downloadermiddlewares.httpcompression.HttpCompressionMiddleware',
 'scrapy.downloadermiddlewares.redirect.RedirectMiddleware',
 'scrapy.downloadermiddlewares.cookies.CookiesMiddleware',
 'scrapy.downloadermiddlewares.httpproxy.HttpProxyMiddleware',
 'scrapy.downloadermiddlewares.stats.DownloaderStats']
2022-03-10 01:27:50 [scrapy.middleware] INFO: Enabled spider middlewares:
['scrapy.spidermiddlewares.httperror.HttpErrorMiddleware',
 'scrapy.spidermiddlewares.offsite.OffsiteMiddleware',
 'scrapy.spidermiddlewares.referer.RefererMiddleware',
 'scrapy.spidermiddlewares.urllength.UrlLengthMiddleware',
 'scrapy.spidermiddlewares.depth.DepthMiddleware']
2022-03-10 01:27:50 [scrapy.middleware] INFO: Enabled item pipelines:
['TextProcessorScrapy.pipelines.ImagePipeline',
 'TextProcessorScrapy.pipelines.BaiduPipeline']
2022-03-10 01:27:50 [scrapy.core.engine] INFO: Spider opened
2022-03-10 01:27:50 [scrapy.extensions.logstats] INFO: Crawled 0 pages (at 0 pages/min), scraped 0 items (at 0 items/min)
2022-03-10 01:27:50 [baidu] INFO: Spider opened: baidu
2022-03-10 01:27:50 [scrapy.crawler] INFO: Overridden settings:
{'BOT_NAME': 'TextProcessorScrapy',
 'COMMANDS_MODULE': 'TextProcessorScrapy.commands',
 'CONCURRENT_REQUESTS_PER_DOMAIN': 32,
 'CONCURRENT_REQUESTS_PER_IP': 128,
 'LOG_FILE': 'log/scrapy_2022_3_10_4.log',
 'NEWSPIDER_MODULE': 'TextProcessorScrapy.spiders',
 'REACTOR_THREADPOOL_MAXSIZE': 20,
 'SPIDER_MODULES': ['TextProcessorScrapy.spiders'],
 'TELNETCONSOLE_ENABLED': False}
2022-03-10 01:27:50 [scrapy.middleware] INFO: Enabled extensions:
['scrapy.extensions.corestats.CoreStats',
 'scrapy.extensions.memusage.MemoryUsage',
 'scrapy.extensions.logstats.LogStats']
2022-03-10 01:27:51 [selenium.webdriver.remote.remote_connection] DEBUG: POST http://127.0.0.1:35885/session {"capabilities": {"firstMatch": [{}], "alwaysMatch": {"browserName": "chrome", "platformName": "any", "goog:chromeOptions": {"prefs": {"profile.default_content_setting_values": {"notifications": 2, "images": 2}}, "extensions": [], "args": ["--no-sandbox", "--disable-dev-shm-usage", "--headless"]}}}, "desiredCapabilities": {"browserName": "chrome", "version": "", "platform": "ANY", "goog:chromeOptions": {"prefs": {"profile.default_content_setting_values": {"notifications": 2, "images": 2}}, "extensions": [], "args": ["--no-sandbox", "--disable-dev-shm-usage", "--headless"]}}}
2022-03-10 01:27:51 [urllib3.connectionpool] DEBUG: Starting new HTTP connection (1): 127.0.0.1:35885
2022-03-10 01:27:51 [urllib3.connectionpool] DEBUG: http://127.0.0.1:35885 "POST /session HTTP/1.1" 200 753
2022-03-10 01:27:51 [selenium.webdriver.remote.remote_connection] DEBUG: Finished Request
2022-03-10 01:27:51 [selenium.webdriver.remote.remote_connection] DEBUG: POST http://127.0.0.1:35885/session/e8611690a24147f7269408c3a3efa7c2/timeouts {"implicit": 1000}
2022-03-10 01:27:51 [urllib3.connectionpool] DEBUG: http://127.0.0.1:35885 "POST /session/e8611690a24147f7269408c3a3efa7c2/timeouts HTTP/1.1" 200 14
2022-03-10 01:27:51 [selenium.webdriver.remote.remote_connection] DEBUG: Finished Request
2022-03-10 01:27:51 [scrapy.middleware] INFO: Enabled downloader middlewares:
['scrapy.downloadermiddlewares.httpauth.HttpAuthMiddleware',
 'scrapy.downloadermiddlewares.downloadtimeout.DownloadTimeoutMiddleware',
 'scrapy.downloadermiddlewares.defaultheaders.DefaultHeadersMiddleware',
 'scrapy.downloadermiddlewares.useragent.UserAgentMiddleware',
 'TextProcessorScrapy.middlewares.RandomUserAgentMiddleware',
 'TextProcessorScrapy.middlewares.TextCrawlDownloaderMiddleware',
 'scrapy.downloadermiddlewares.retry.RetryMiddleware',
 'scrapy.downloadermiddlewares.redirect.MetaRefreshMiddleware',
 'scrapy.downloadermiddlewares.httpcompression.HttpCompressionMiddleware',
 'scrapy.downloadermiddlewares.redirect.RedirectMiddleware',
 'scrapy.downloadermiddlewares.cookies.CookiesMiddleware',
 'scrapy.downloadermiddlewares.httpproxy.HttpProxyMiddleware',
 'scrapy.downloadermiddlewares.stats.DownloaderStats']
2022-03-10 01:27:51 [scrapy.middleware] INFO: Enabled spider middlewares:
['scrapy.spidermiddlewares.httperror.HttpErrorMiddleware',
 'scrapy.spidermiddlewares.offsite.OffsiteMiddleware',
 'scrapy.spidermiddlewares.referer.RefererMiddleware',
 'scrapy.spidermiddlewares.urllength.UrlLengthMiddleware',
 'scrapy.spidermiddlewares.depth.DepthMiddleware']
2022-03-10 01:27:51 [scrapy.middleware] INFO: Enabled item pipelines:
['TextProcessorScrapy.pipelines.ImagePipeline',
 'TextProcessorScrapy.pipelines.BaiduPipeline']
2022-03-10 01:27:51 [scrapy.core.engine] INFO: Spider opened
2022-03-10 01:27:51 [scrapy.extensions.logstats] INFO: Crawled 0 pages (at 0 pages/min), scraped 0 items (at 0 items/min)
2022-03-10 01:27:51 [baidu] INFO: Spider opened: baidu
2022-03-10 01:27:55 [scrapy.downloadermiddlewares.retry] DEBUG: Retrying <GET https://baike.baidu.com/item/%E6%BE%8E%E6%B9%96%E6%9C%BA%E5%9C%BA> (failed 1 times): DNS lookup failed: http_proxy.
2022-03-10 01:27:55 [scrapy.downloadermiddlewares.retry] DEBUG: Retrying <GET https://baike.baidu.com/item/%E8%A3%85%E7%94%B2%E8%BF%90%E8%BE%93%E8%BD%A6> (failed 1 times): DNS lookup failed: http_proxy.
2022-03-10 01:27:55 [scrapy.downloadermiddlewares.retry] DEBUG: Retrying <GET https://baike.baidu.com/item/earth%20fortification> (failed 1 times): DNS lookup failed: http_proxy.
2022-03-10 01:27:55 [scrapy.downloadermiddlewares.retry] DEBUG: Retrying <GET https://baike.baidu.com/item/%E8%A3%85%E7%94%B2%E6%95%91%E6%8A%A4%E8%BD%A6> (failed 1 times): DNS lookup failed: http_proxy.
2022-03-10 01:27:55 [scrapy.downloadermiddlewares.retry] DEBUG: Retrying <GET https://baike.baidu.com/item/%E8%A3%85%E7%94%B2%E6%89%AB%E9%9B%B7%E8%BD%A6> (failed 1 times): DNS lookup failed: http_proxy.
2022-03-10 01:27:59 [scrapy.downloadermiddlewares.retry] DEBUG: Retrying <GET https://baike.baidu.com/item/%E8%A3%85%E7%94%B2%E6%95%91%E6%8A%A4%E8%BD%A6> (failed 2 times): DNS lookup failed: http_proxy.
2022-03-10 01:28:00 [scrapy.downloadermiddlewares.retry] DEBUG: Retrying <GET https://baike.baidu.com/item/%E8%A3%85%E7%94%B2%E9%98%B2%E6%8A%A4%E8%BD%A6> (failed 1 times): DNS lookup failed: http_proxy.
2022-03-10 01:28:00 [scrapy.downloadermiddlewares.retry] DEBUG: Retrying <GET https://baike.baidu.com/item/%E8%A5%BF%E5%B1%BF%E9%9B%B7%E8%BE%BE%E7%AB%99> (failed 1 times): DNS lookup failed: http_proxy.
2022-03-10 01:28:00 [scrapy.downloadermiddlewares.retry] DEBUG: Retrying <GET https://baike.baidu.com/item/%E9%A9%AC%E5%85%AC%E6%9C%BA%E5%9C%BA> (failed 1 times): DNS lookup failed: http_proxy.
2022-03-10 01:28:00 [scrapy.downloadermiddlewares.retry] DEBUG: Retrying <GET https://baike.baidu.com/item/%E7%9B%B4%E5%8D%87%E6%9C%BA> (failed 1 times): DNS lookup failed: http_proxy.
2022-03-10 01:28:01 [scrapy.downloadermiddlewares.retry] DEBUG: Retrying <GET https://baike.baidu.com/item/%E8%8A%B1%E8%8E%B2%E6%9C%BA%E5%9C%BA> (failed 1 times): DNS lookup failed: http_proxy.
2022-03-10 01:28:04 [scrapy.downloadermiddlewares.retry] DEBUG: Retrying <GET https://baike.baidu.com/item/%E8%A5%BF%E5%B1%BF%E9%9B%B7%E8%BE%BE%E7%AB%99> (failed 2 times): DNS lookup failed: http_proxy.
2022-03-10 01:28:04 [scrapy.downloadermiddlewares.retry] DEBUG: Retrying <GET https://baike.baidu.com/item/%E8%A3%85%E7%94%B2%E4%BE%A6%E5%AF%9F%E8%BD%A6> (failed 1 times): DNS lookup failed: http_proxy.
2022-03-10 01:28:04 [scrapy.downloadermiddlewares.retry] DEBUG: Retrying <GET https://baike.baidu.com/item/earth%20fortification> (failed 2 times): DNS lookup failed: http_proxy.
2022-03-10 01:28:05 [scrapy.downloadermiddlewares.retry] DEBUG: Retrying <GET https://baike.baidu.com/item/%E6%BE%8E%E6%B9%96%E6%9C%BA%E5%9C%BA> (failed 2 times): DNS lookup failed: http_proxy.
2022-03-10 01:28:05 [scrapy.downloadermiddlewares.retry] DEBUG: Retrying <GET https://baike.baidu.com/item/%E8%A3%85%E7%94%B2%E8%BF%90%E8%BE%93%E8%BD%A6> (failed 2 times): DNS lookup failed: http_proxy.
2022-03-10 01:28:06 [scrapy.downloadermiddlewares.retry] DEBUG: Retrying <GET https://baike.baidu.com/item/%E7%9B%B4%E5%8D%87%E6%9C%BA> (failed 2 times): DNS lookup failed: http_proxy.
2022-03-10 01:28:09 [scrapy.downloadermiddlewares.retry] DEBUG: Retrying <GET https://baike.baidu.com/item/%E8%A3%85%E7%94%B2%E9%98%B2%E6%8A%A4%E8%BD%A6> (failed 2 times): DNS lookup failed: http_proxy.
2022-03-10 01:28:09 [scrapy.downloadermiddlewares.retry] DEBUG: Retrying <GET https://baike.baidu.com/item/%E9%A9%AC%E5%85%AC%E6%9C%BA%E5%9C%BA> (failed 2 times): DNS lookup failed: http_proxy.
2022-03-10 01:28:09 [scrapy.downloadermiddlewares.retry] ERROR: Gave up retrying <GET https://baike.baidu.com/item/earth%20fortification> (failed 3 times): DNS lookup failed: http_proxy.
2022-03-10 01:28:09 [scrapy.downloadermiddlewares.retry] DEBUG: Retrying <GET https://baike.baidu.com/item/%E8%A3%85%E7%94%B2%E6%89%AB%E9%9B%B7%E8%BD%A6> (failed 2 times): DNS lookup failed: http_proxy.
2022-03-10 01:28:09 [baidu] ERROR: <twisted.python.failure.Failure twisted.internet.error.DNSLookupError: DNS lookup failed: http_proxy.>
2022-03-10 01:28:09 [baidu] ERROR: DNSLookupError on https://baike.baidu.com/item/earth%20fortification
2022-03-10 01:28:09 [scrapy.core.engine] INFO: Closing spider (finished)
2022-03-10 01:28:09 [scrapy.statscollectors] INFO: Dumping Scrapy stats:
{'downloader/exception_count': 3,
 'downloader/exception_type_count/twisted.internet.error.DNSLookupError': 3,
 'downloader/request_bytes': 1178,
 'downloader/request_count': 3,
 'downloader/request_method_count/GET': 3,
 'elapsed_time_seconds': 29.303729,
 'finish_reason': 'finished',
 'finish_time': datetime.datetime(2022, 3, 10, 1, 28, 9, 266492),
 'log_count/DEBUG': 97,
 'log_count/ERROR': 3,
 'log_count/INFO': 89,
 'memusage/max': 66600960,
 'memusage/startup': 66600960,
 'retry/count': 2,
 'retry/max_reached': 1,
 'retry/reason_count/twisted.internet.error.DNSLookupError': 2,
 'scheduler/dequeued': 3,
 'scheduler/dequeued/memory': 3,
 'scheduler/enqueued': 3,
 'scheduler/enqueued/memory': 3,
 'start_time': datetime.datetime(2022, 3, 10, 1, 27, 39, 962763)}
2022-03-10 01:28:09 [scrapy.core.engine] INFO: Spider closed (finished)
2022-03-10 01:28:09 [scrapy.downloadermiddlewares.retry] DEBUG: Retrying <GET https://baike.baidu.com/item/%E8%8A%B1%E8%8E%B2%E6%9C%BA%E5%9C%BA> (failed 2 times): DNS lookup failed: http_proxy.
2022-03-10 01:28:09 [scrapy.downloadermiddlewares.retry] ERROR: Gave up retrying <GET https://baike.baidu.com/item/%E8%A5%BF%E5%B1%BF%E9%9B%B7%E8%BE%BE%E7%AB%99> (failed 3 times): DNS lookup failed: http_proxy.
2022-03-10 01:28:09 [scrapy.downloadermiddlewares.retry] DEBUG: Retrying <GET https://baike.baidu.com/item/%E8%A3%85%E7%94%B2%E4%BE%A6%E5%AF%9F%E8%BD%A6> (failed 2 times): DNS lookup failed: http_proxy.
2022-03-10 01:28:09 [baidu] ERROR: <twisted.python.failure.Failure twisted.internet.error.DNSLookupError: DNS lookup failed: http_proxy.>
2022-03-10 01:28:09 [baidu] ERROR: DNSLookupError on https://baike.baidu.com/item/%E8%A5%BF%E5%B1%BF%E9%9B%B7%E8%BE%BE%E7%AB%99
2022-03-10 01:28:09 [scrapy.core.engine] INFO: Closing spider (finished)
2022-03-10 01:28:09 [scrapy.statscollectors] INFO: Dumping Scrapy stats:
{'downloader/exception_count': 3,
 'downloader/exception_type_count/twisted.internet.error.DNSLookupError': 3,
 'downloader/request_bytes': 1257,
 'downloader/request_count': 3,
 'downloader/request_method_count/GET': 3,
 'elapsed_time_seconds': 26.237443,
 'finish_reason': 'finished',
 'finish_time': datetime.datetime(2022, 3, 10, 1, 28, 9, 558574),
 'log_count/DEBUG': 78,
 'log_count/ERROR': 6,
 'log_count/INFO': 68,
 'memusage/max': 67289088,
 'memusage/startup': 67289088,
 'retry/count': 2,
 'retry/max_reached': 1,
 'retry/reason_count/twisted.internet.error.DNSLookupError': 2,
 'scheduler/dequeued': 3,
 'scheduler/dequeued/memory': 3,
 'scheduler/enqueued': 3,
 'scheduler/enqueued/memory': 3,
 'start_time': datetime.datetime(2022, 3, 10, 1, 27, 43, 321131)}
2022-03-10 01:28:09 [scrapy.core.engine] INFO: Spider closed (finished)
2022-03-10 01:28:10 [scrapy.downloadermiddlewares.retry] ERROR: Gave up retrying <GET https://baike.baidu.com/item/%E8%A3%85%E7%94%B2%E6%95%91%E6%8A%A4%E8%BD%A6> (failed 3 times): DNS lookup failed: http_proxy.
2022-03-10 01:28:10 [baidu] ERROR: <twisted.python.failure.Failure twisted.internet.error.DNSLookupError: DNS lookup failed: http_proxy.>
2022-03-10 01:28:10 [baidu] ERROR: DNSLookupError on https://baike.baidu.com/item/%E8%A3%85%E7%94%B2%E6%95%91%E6%8A%A4%E8%BD%A6
2022-03-10 01:28:10 [scrapy.core.engine] INFO: Closing spider (finished)
2022-03-10 01:28:10 [scrapy.statscollectors] INFO: Dumping Scrapy stats:
{'downloader/exception_count': 3,
 'downloader/exception_type_count/twisted.internet.error.DNSLookupError': 3,
 'downloader/request_bytes': 1250,
 'downloader/request_count': 3,
 'downloader/request_method_count/GET': 3,
 'elapsed_time_seconds': 20.264047,
 'finish_reason': 'finished',
 'finish_time': datetime.datetime(2022, 3, 10, 1, 28, 10, 300949),
 'log_count/DEBUG': 36,
 'log_count/ERROR': 9,
 'log_count/INFO': 23,
 'memusage/max': 68489216,
 'memusage/startup': 68489216,
 'retry/count': 2,
 'retry/max_reached': 1,
 'retry/reason_count/twisted.internet.error.DNSLookupError': 2,
 'scheduler/dequeued': 3,
 'scheduler/dequeued/memory': 3,
 'scheduler/enqueued': 3,
 'scheduler/enqueued/memory': 3,
 'start_time': datetime.datetime(2022, 3, 10, 1, 27, 50, 36902)}
2022-03-10 01:28:10 [scrapy.core.engine] INFO: Spider closed (finished)
2022-03-10 01:28:10 [scrapy.downloadermiddlewares.retry] ERROR: Gave up retrying <GET https://baike.baidu.com/item/%E6%BE%8E%E6%B9%96%E6%9C%BA%E5%9C%BA> (failed 3 times): DNS lookup failed: http_proxy.
2022-03-10 01:28:10 [baidu] ERROR: <twisted.python.failure.Failure twisted.internet.error.DNSLookupError: DNS lookup failed: http_proxy.>
2022-03-10 01:28:10 [baidu] ERROR: DNSLookupError on https://baike.baidu.com/item/%E6%BE%8E%E6%B9%96%E6%9C%BA%E5%9C%BA
2022-03-10 01:28:10 [scrapy.core.engine] INFO: Closing spider (finished)
2022-03-10 01:28:10 [scrapy.statscollectors] INFO: Dumping Scrapy stats:
{'downloader/exception_count': 3,
 'downloader/exception_type_count/twisted.internet.error.DNSLookupError': 3,
 'downloader/request_bytes': 1223,
 'downloader/request_count': 3,
 'downloader/request_method_count/GET': 3,
 'elapsed_time_seconds': 28.495582,
 'finish_reason': 'finished',
 'finish_time': datetime.datetime(2022, 3, 10, 1, 28, 10, 701674),
 'log_count/DEBUG': 85,
 'log_count/ERROR': 12,
 'log_count/INFO': 82,
 'memusage/max': 67100672,
 'memusage/startup': 67100672,
 'retry/count': 2,
 'retry/max_reached': 1,
 'retry/reason_count/twisted.internet.error.DNSLookupError': 2,
 'scheduler/dequeued': 3,
 'scheduler/dequeued/memory': 3,
 'scheduler/enqueued': 3,
 'scheduler/enqueued/memory': 3,
 'start_time': datetime.datetime(2022, 3, 10, 1, 27, 42, 206092)}
2022-03-10 01:28:10 [scrapy.core.engine] INFO: Spider closed (finished)
2022-03-10 01:28:11 [scrapy.downloadermiddlewares.retry] ERROR: Gave up retrying <GET https://baike.baidu.com/item/%E8%A3%85%E7%94%B2%E8%BF%90%E8%BE%93%E8%BD%A6> (failed 3 times): DNS lookup failed: http_proxy.
2022-03-10 01:28:11 [baidu] ERROR: <twisted.python.failure.Failure twisted.internet.error.DNSLookupError: DNS lookup failed: http_proxy.>
2022-03-10 01:28:11 [baidu] ERROR: DNSLookupError on https://baike.baidu.com/item/%E8%A3%85%E7%94%B2%E8%BF%90%E8%BE%93%E8%BD%A6
2022-03-10 01:28:12 [scrapy.core.engine] INFO: Closing spider (finished)
2022-03-10 01:28:12 [scrapy.statscollectors] INFO: Dumping Scrapy stats:
{'downloader/exception_count': 3,
 'downloader/exception_type_count/twisted.internet.error.DNSLookupError': 3,
 'downloader/request_bytes': 1257,
 'downloader/request_count': 3,
 'downloader/request_method_count/GET': 3,
 'elapsed_time_seconds': 23.102842,
 'finish_reason': 'finished',
 'finish_time': datetime.datetime(2022, 3, 10, 1, 28, 12, 30342),
 'log_count/DEBUG': 43,
 'log_count/ERROR': 15,
 'log_count/INFO': 37,
 'memusage/max': 68296704,
 'memusage/startup': 68296704,
 'retry/count': 2,
 'retry/max_reached': 1,
 'retry/reason_count/twisted.internet.error.DNSLookupError': 2,
 'scheduler/dequeued': 3,
 'scheduler/dequeued/memory': 3,
 'scheduler/enqueued': 3,
 'scheduler/enqueued/memory': 3,
 'start_time': datetime.datetime(2022, 3, 10, 1, 27, 48, 927500)}
2022-03-10 01:28:12 [scrapy.core.engine] INFO: Spider closed (finished)
2022-03-10 01:28:14 [scrapy.downloadermiddlewares.retry] ERROR: Gave up retrying <GET https://baike.baidu.com/item/%E7%9B%B4%E5%8D%87%E6%9C%BA> (failed 3 times): DNS lookup failed: http_proxy.
2022-03-10 01:28:14 [scrapy.downloadermiddlewares.retry] ERROR: Gave up retrying <GET https://baike.baidu.com/item/%E8%A3%85%E7%94%B2%E9%98%B2%E6%8A%A4%E8%BD%A6> (failed 3 times): DNS lookup failed: http_proxy.
2022-03-10 01:28:14 [scrapy.downloadermiddlewares.retry] ERROR: Gave up retrying <GET https://baike.baidu.com/item/%E9%A9%AC%E5%85%AC%E6%9C%BA%E5%9C%BA> (failed 3 times): DNS lookup failed: http_proxy.
2022-03-10 01:28:14 [baidu] ERROR: <twisted.python.failure.Failure twisted.internet.error.DNSLookupError: DNS lookup failed: http_proxy.>
2022-03-10 01:28:14 [baidu] ERROR: DNSLookupError on https://baike.baidu.com/item/%E7%9B%B4%E5%8D%87%E6%9C%BA
2022-03-10 01:28:14 [scrapy.downloadermiddlewares.retry] ERROR: Gave up retrying <GET https://baike.baidu.com/item/%E8%A3%85%E7%94%B2%E6%89%AB%E9%9B%B7%E8%BD%A6> (failed 3 times): DNS lookup failed: http_proxy.
2022-03-10 01:28:14 [baidu] ERROR: <twisted.python.failure.Failure twisted.internet.error.DNSLookupError: DNS lookup failed: http_proxy.>
2022-03-10 01:28:14 [baidu] ERROR: DNSLookupError on https://baike.baidu.com/item/%E8%A3%85%E7%94%B2%E9%98%B2%E6%8A%A4%E8%BD%A6
2022-03-10 01:28:14 [baidu] ERROR: <twisted.python.failure.Failure twisted.internet.error.DNSLookupError: DNS lookup failed: http_proxy.>
2022-03-10 01:28:14 [baidu] ERROR: DNSLookupError on https://baike.baidu.com/item/%E9%A9%AC%E5%85%AC%E6%9C%BA%E5%9C%BA
2022-03-10 01:28:14 [scrapy.core.engine] INFO: Closing spider (finished)
2022-03-10 01:28:14 [scrapy.statscollectors] INFO: Dumping Scrapy stats:
{'downloader/exception_count': 3,
 'downloader/exception_type_count/twisted.internet.error.DNSLookupError': 3,
 'downloader/request_bytes': 1210,
 'downloader/request_count': 3,
 'downloader/request_method_count/GET': 3,
 'elapsed_time_seconds': 28.976108,
 'finish_reason': 'finished',
 'finish_time': datetime.datetime(2022, 3, 10, 1, 28, 14, 544940),
 'log_count/DEBUG': 64,
 'log_count/ERROR': 25,
 'log_count/INFO': 64,
 'memusage/max': 67706880,
 'memusage/startup': 67706880,
 'retry/count': 2,
 'retry/max_reached': 1,
 'retry/reason_count/twisted.internet.error.DNSLookupError': 2,
 'scheduler/dequeued': 3,
 'scheduler/dequeued/memory': 3,
 'scheduler/enqueued': 3,
 'scheduler/enqueued/memory': 3,
 'start_time': datetime.datetime(2022, 3, 10, 1, 27, 45, 568832)}
2022-03-10 01:28:14 [scrapy.core.engine] INFO: Spider closed (finished)
2022-03-10 01:28:14 [baidu] ERROR: <twisted.python.failure.Failure twisted.internet.error.DNSLookupError: DNS lookup failed: http_proxy.>
2022-03-10 01:28:14 [baidu] ERROR: DNSLookupError on https://baike.baidu.com/item/%E8%A3%85%E7%94%B2%E6%89%AB%E9%9B%B7%E8%BD%A6
2022-03-10 01:28:14 [scrapy.core.engine] INFO: Closing spider (finished)
2022-03-10 01:28:14 [scrapy.statscollectors] INFO: Dumping Scrapy stats:
{'downloader/exception_count': 3,
 'downloader/exception_type_count/twisted.internet.error.DNSLookupError': 3,
 'downloader/request_bytes': 1241,
 'downloader/request_count': 3,
 'downloader/request_method_count/GET': 3,
 'elapsed_time_seconds': 27.872438,
 'finish_reason': 'finished',
 'finish_time': datetime.datetime(2022, 3, 10, 1, 28, 14, 560024),
 'log_count/DEBUG': 57,
 'log_count/ERROR': 27,
 'log_count/INFO': 59,
 'memusage/max': 67899392,
 'memusage/startup': 67899392,
 'retry/count': 2,
 'retry/max_reached': 1,
 'retry/reason_count/twisted.internet.error.DNSLookupError': 2,
 'scheduler/dequeued': 3,
 'scheduler/dequeued/memory': 3,
 'scheduler/enqueued': 3,
 'scheduler/enqueued/memory': 3,
 'start_time': datetime.datetime(2022, 3, 10, 1, 27, 46, 687586)}
2022-03-10 01:28:14 [scrapy.core.engine] INFO: Spider closed (finished)
2022-03-10 01:28:14 [scrapy.core.engine] INFO: Closing spider (finished)
2022-03-10 01:28:14 [scrapy.statscollectors] INFO: Dumping Scrapy stats:
{'downloader/exception_count': 3,
 'downloader/exception_type_count/twisted.internet.error.DNSLookupError': 3,
 'downloader/request_bytes': 1232,
 'downloader/request_count': 3,
 'downloader/request_method_count/GET': 3,
 'elapsed_time_seconds': 33.535487,
 'finish_reason': 'finished',
 'finish_time': datetime.datetime(2022, 3, 10, 1, 28, 14, 605923),
 'log_count/DEBUG': 92,
 'log_count/ERROR': 27,
 'log_count/INFO': 102,
 'memusage/max': 66904064,
 'memusage/startup': 66904064,
 'retry/count': 2,
 'retry/max_reached': 1,
 'retry/reason_count/twisted.internet.error.DNSLookupError': 2,
 'scheduler/dequeued': 3,
 'scheduler/dequeued/memory': 3,
 'scheduler/enqueued': 3,
 'scheduler/enqueued/memory': 3,
 'start_time': datetime.datetime(2022, 3, 10, 1, 27, 41, 70436)}
2022-03-10 01:28:14 [scrapy.core.engine] INFO: Spider closed (finished)
2022-03-10 01:28:14 [scrapy.core.engine] INFO: Closing spider (finished)
2022-03-10 01:28:14 [scrapy.statscollectors] INFO: Dumping Scrapy stats:
{'downloader/exception_count': 3,
 'downloader/exception_type_count/twisted.internet.error.DNSLookupError': 3,
 'downloader/request_bytes': 1250,
 'downloader/request_count': 3,
 'downloader/request_method_count/GET': 3,
 'elapsed_time_seconds': 26.833196,
 'finish_reason': 'finished',
 'finish_time': datetime.datetime(2022, 3, 10, 1, 28, 14, 653010),
 'log_count/DEBUG': 50,
 'log_count/ERROR': 27,
 'log_count/INFO': 57,
 'memusage/max': 68108288,
 'memusage/startup': 68108288,
 'retry/count': 2,
 'retry/max_reached': 1,
 'retry/reason_count/twisted.internet.error.DNSLookupError': 2,
 'scheduler/dequeued': 3,
 'scheduler/dequeued/memory': 3,
 'scheduler/enqueued': 3,
 'scheduler/enqueued/memory': 3,
 'start_time': datetime.datetime(2022, 3, 10, 1, 27, 47, 819814)}
2022-03-10 01:28:14 [scrapy.core.engine] INFO: Spider closed (finished)
2022-03-10 01:28:14 [scrapy.downloadermiddlewares.retry] ERROR: Gave up retrying <GET https://baike.baidu.com/item/%E8%8A%B1%E8%8E%B2%E6%9C%BA%E5%9C%BA> (failed 3 times): DNS lookup failed: http_proxy.
2022-03-10 01:28:14 [scrapy.downloadermiddlewares.retry] ERROR: Gave up retrying <GET https://baike.baidu.com/item/%E8%A3%85%E7%94%B2%E4%BE%A6%E5%AF%9F%E8%BD%A6> (failed 3 times): DNS lookup failed: http_proxy.
2022-03-10 01:28:14 [baidu] ERROR: <twisted.python.failure.Failure twisted.internet.error.DNSLookupError: DNS lookup failed: http_proxy.>
2022-03-10 01:28:14 [baidu] ERROR: DNSLookupError on https://baike.baidu.com/item/%E8%8A%B1%E8%8E%B2%E6%9C%BA%E5%9C%BA
2022-03-10 01:28:14 [baidu] ERROR: <twisted.python.failure.Failure twisted.internet.error.DNSLookupError: DNS lookup failed: http_proxy.>
2022-03-10 01:28:14 [baidu] ERROR: DNSLookupError on https://baike.baidu.com/item/%E8%A3%85%E7%94%B2%E4%BE%A6%E5%AF%9F%E8%BD%A6
2022-03-10 01:28:14 [scrapy.core.engine] INFO: Closing spider (finished)
2022-03-10 01:28:14 [scrapy.statscollectors] INFO: Dumping Scrapy stats:
{'downloader/exception_count': 3,
 'downloader/exception_type_count/twisted.internet.error.DNSLookupError': 3,
 'downloader/request_bytes': 1222,
 'downloader/request_count': 3,
 'downloader/request_method_count/GET': 3,
 'elapsed_time_seconds': 30.449156,
 'finish_reason': 'finished',
 'finish_time': datetime.datetime(2022, 3, 10, 1, 28, 14, 904423),
 'log_count/DEBUG': 71,
 'log_count/ERROR': 33,
 'log_count/INFO': 84,
 'memusage/max': 67506176,
 'memusage/startup': 67506176,
 'retry/count': 2,
 'retry/max_reached': 1,
 'retry/reason_count/twisted.internet.error.DNSLookupError': 2,
 'scheduler/dequeued': 3,
 'scheduler/dequeued/memory': 3,
 'scheduler/enqueued': 3,
 'scheduler/enqueued/memory': 3,
 'start_time': datetime.datetime(2022, 3, 10, 1, 27, 44, 455267)}
2022-03-10 01:28:14 [scrapy.core.engine] INFO: Spider closed (finished)
2022-03-10 01:28:14 [scrapy.core.engine] INFO: Closing spider (finished)
2022-03-10 01:28:14 [scrapy.statscollectors] INFO: Dumping Scrapy stats:
{'downloader/exception_count': 3,
 'downloader/exception_type_count/twisted.internet.error.DNSLookupError': 3,
 'downloader/request_bytes': 1240,
 'downloader/request_count': 3,
 'downloader/request_method_count/GET': 3,
 'elapsed_time_seconds': 23.806296,
 'finish_reason': 'finished',
 'finish_time': datetime.datetime(2022, 3, 10, 1, 28, 14, 951751),
 'log_count/DEBUG': 29,
 'log_count/ERROR': 33,
 'log_count/INFO': 39,
 'memusage/max': 68681728,
 'memusage/startup': 68681728,
 'retry/count': 2,
 'retry/max_reached': 1,
 'retry/reason_count/twisted.internet.error.DNSLookupError': 2,
 'scheduler/dequeued': 3,
 'scheduler/dequeued/memory': 3,
 'scheduler/enqueued': 3,
 'scheduler/enqueued/memory': 3,
 'start_time': datetime.datetime(2022, 3, 10, 1, 27, 51, 145455)}
2022-03-10 01:28:14 [scrapy.core.engine] INFO: Spider closed (finished)
2022-03-10 01:28:14 [DataCleaning] INFO: 0:00:00.000062
2022-03-10 01:28:14 [__main__] INFO: upload crawl file success
2022-03-10 01:28:14 [__main__] ERROR: [Errno 2] No such file or directory: 'result/url'
Traceback (most recent call last):
  File "MultisiteSchedule.py", line 235, in upload_crawl_img_new
    img_file_list = os.listdir(file_index)
FileNotFoundError: [Errno 2] No such file or directory: 'result/url'
2022-03-10 01:28:14 [__main__] INFO: upload crawl file failure
2022-03-10 01:28:14 [__main__] INFO: scrapy finished
