2022-03-10 01:46:16 [scrapy.middleware] INFO: Enabled extensions:
['scrapy.extensions.corestats.CoreStats',
 'scrapy.extensions.memusage.MemoryUsage',
 'scrapy.extensions.logstats.LogStats']
2022-03-10 01:46:16 [scrapy.middleware] INFO: Enabled downloader middlewares:
['scrapy.downloadermiddlewares.httpauth.HttpAuthMiddleware',
 'scrapy.downloadermiddlewares.downloadtimeout.DownloadTimeoutMiddleware',
 'scrapy.downloadermiddlewares.defaultheaders.DefaultHeadersMiddleware',
 'scrapy.downloadermiddlewares.useragent.UserAgentMiddleware',
 'TextProcessorScrapy.middlewares.RandomUserAgentMiddleware',
 'TextProcessorScrapy.middlewares.TextCrawlDownloaderMiddleware',
 'scrapy.downloadermiddlewares.retry.RetryMiddleware',
 'scrapy.downloadermiddlewares.redirect.MetaRefreshMiddleware',
 'scrapy.downloadermiddlewares.httpcompression.HttpCompressionMiddleware',
 'scrapy.downloadermiddlewares.redirect.RedirectMiddleware',
 'scrapy.downloadermiddlewares.cookies.CookiesMiddleware',
 'scrapy.downloadermiddlewares.httpproxy.HttpProxyMiddleware',
 'scrapy.downloadermiddlewares.stats.DownloaderStats']
2022-03-10 01:46:16 [scrapy.middleware] INFO: Enabled spider middlewares:
['scrapy.spidermiddlewares.httperror.HttpErrorMiddleware',
 'scrapy.spidermiddlewares.offsite.OffsiteMiddleware',
 'scrapy.spidermiddlewares.referer.RefererMiddleware',
 'scrapy.spidermiddlewares.urllength.UrlLengthMiddleware',
 'scrapy.spidermiddlewares.depth.DepthMiddleware']
2022-03-10 01:46:16 [scrapy.middleware] INFO: Enabled item pipelines:
['TextProcessorScrapy.pipelines.ImagePipeline',
 'TextProcessorScrapy.pipelines.WikiPipeline']
2022-03-10 01:46:16 [scrapy.core.engine] INFO: Spider opened
2022-03-10 01:46:16 [scrapy.extensions.logstats] INFO: Crawled 0 pages (at 0 pages/min), scraped 0 items (at 0 items/min)
2022-03-10 01:46:16 [wiki] INFO: Spider opened: wiki
2022-03-10 01:46:16 [scrapy.crawler] INFO: Overridden settings:
{'BOT_NAME': 'TextProcessorScrapy',
 'COMMANDS_MODULE': 'TextProcessorScrapy.commands',
 'CONCURRENT_REQUESTS_PER_DOMAIN': 32,
 'CONCURRENT_REQUESTS_PER_IP': 128,
 'LOG_FILE': 'log/scrapy_2022_3_10_9.log',
 'NEWSPIDER_MODULE': 'TextProcessorScrapy.spiders',
 'REACTOR_THREADPOOL_MAXSIZE': 20,
 'SPIDER_MODULES': ['TextProcessorScrapy.spiders'],
 'TELNETCONSOLE_ENABLED': False}
2022-03-10 01:46:16 [scrapy.middleware] INFO: Enabled extensions:
['scrapy.extensions.corestats.CoreStats',
 'scrapy.extensions.memusage.MemoryUsage',
 'scrapy.extensions.logstats.LogStats']
2022-03-10 01:46:16 [scrapy.middleware] INFO: Enabled downloader middlewares:
['scrapy.downloadermiddlewares.httpauth.HttpAuthMiddleware',
 'scrapy.downloadermiddlewares.downloadtimeout.DownloadTimeoutMiddleware',
 'scrapy.downloadermiddlewares.defaultheaders.DefaultHeadersMiddleware',
 'scrapy.downloadermiddlewares.useragent.UserAgentMiddleware',
 'TextProcessorScrapy.middlewares.RandomUserAgentMiddleware',
 'TextProcessorScrapy.middlewares.TextCrawlDownloaderMiddleware',
 'scrapy.downloadermiddlewares.retry.RetryMiddleware',
 'scrapy.downloadermiddlewares.redirect.MetaRefreshMiddleware',
 'scrapy.downloadermiddlewares.httpcompression.HttpCompressionMiddleware',
 'scrapy.downloadermiddlewares.redirect.RedirectMiddleware',
 'scrapy.downloadermiddlewares.cookies.CookiesMiddleware',
 'scrapy.downloadermiddlewares.httpproxy.HttpProxyMiddleware',
 'scrapy.downloadermiddlewares.stats.DownloaderStats']
2022-03-10 01:46:16 [scrapy.middleware] INFO: Enabled spider middlewares:
['scrapy.spidermiddlewares.httperror.HttpErrorMiddleware',
 'scrapy.spidermiddlewares.offsite.OffsiteMiddleware',
 'scrapy.spidermiddlewares.referer.RefererMiddleware',
 'scrapy.spidermiddlewares.urllength.UrlLengthMiddleware',
 'scrapy.spidermiddlewares.depth.DepthMiddleware']
2022-03-10 01:46:16 [scrapy.middleware] INFO: Enabled item pipelines:
['TextProcessorScrapy.pipelines.ImagePipeline',
 'TextProcessorScrapy.pipelines.WikiPipeline']
2022-03-10 01:46:16 [scrapy.core.engine] INFO: Spider opened
2022-03-10 01:46:16 [scrapy.extensions.logstats] INFO: Crawled 0 pages (at 0 pages/min), scraped 0 items (at 0 items/min)
2022-03-10 01:46:16 [wiki_zh] INFO: Spider opened: wiki_zh
2022-03-10 01:46:16 [scrapy.crawler] INFO: Overridden settings:
{'BOT_NAME': 'TextProcessorScrapy',
 'COMMANDS_MODULE': 'TextProcessorScrapy.commands',
 'CONCURRENT_REQUESTS_PER_DOMAIN': 32,
 'CONCURRENT_REQUESTS_PER_IP': 128,
 'LOG_FILE': 'log/scrapy_2022_3_10_9.log',
 'NEWSPIDER_MODULE': 'TextProcessorScrapy.spiders',
 'REACTOR_THREADPOOL_MAXSIZE': 20,
 'SPIDER_MODULES': ['TextProcessorScrapy.spiders'],
 'TELNETCONSOLE_ENABLED': False}
2022-03-10 01:46:16 [scrapy.middleware] INFO: Enabled extensions:
['scrapy.extensions.corestats.CoreStats',
 'scrapy.extensions.memusage.MemoryUsage',
 'scrapy.extensions.logstats.LogStats']
2022-03-10 01:46:16 [scrapy.middleware] INFO: Enabled downloader middlewares:
['scrapy.downloadermiddlewares.httpauth.HttpAuthMiddleware',
 'scrapy.downloadermiddlewares.downloadtimeout.DownloadTimeoutMiddleware',
 'scrapy.downloadermiddlewares.defaultheaders.DefaultHeadersMiddleware',
 'scrapy.downloadermiddlewares.useragent.UserAgentMiddleware',
 'TextProcessorScrapy.middlewares.RandomUserAgentMiddleware',
 'TextProcessorScrapy.middlewares.TextCrawlDownloaderMiddleware',
 'scrapy.downloadermiddlewares.retry.RetryMiddleware',
 'scrapy.downloadermiddlewares.redirect.MetaRefreshMiddleware',
 'scrapy.downloadermiddlewares.httpcompression.HttpCompressionMiddleware',
 'scrapy.downloadermiddlewares.redirect.RedirectMiddleware',
 'scrapy.downloadermiddlewares.cookies.CookiesMiddleware',
 'scrapy.downloadermiddlewares.httpproxy.HttpProxyMiddleware',
 'scrapy.downloadermiddlewares.stats.DownloaderStats']
2022-03-10 01:46:16 [scrapy.middleware] INFO: Enabled spider middlewares:
['scrapy.spidermiddlewares.httperror.HttpErrorMiddleware',
 'scrapy.spidermiddlewares.offsite.OffsiteMiddleware',
 'scrapy.spidermiddlewares.referer.RefererMiddleware',
 'scrapy.spidermiddlewares.urllength.UrlLengthMiddleware',
 'scrapy.spidermiddlewares.depth.DepthMiddleware']
2022-03-10 01:46:16 [scrapy.middleware] INFO: Enabled item pipelines:
['TextProcessorScrapy.pipelines.ImagePipeline',
 'TextProcessorScrapy.pipelines.WikiPipeline']
2022-03-10 01:46:16 [scrapy.core.engine] INFO: Spider opened
2022-03-10 01:46:16 [scrapy.extensions.logstats] INFO: Crawled 0 pages (at 0 pages/min), scraped 0 items (at 0 items/min)
2022-03-10 01:46:16 [wiki_zh] INFO: Spider opened: wiki_zh
2022-03-10 01:46:16 [scrapy.crawler] INFO: Overridden settings:
{'BOT_NAME': 'TextProcessorScrapy',
 'COMMANDS_MODULE': 'TextProcessorScrapy.commands',
 'CONCURRENT_REQUESTS_PER_DOMAIN': 32,
 'CONCURRENT_REQUESTS_PER_IP': 128,
 'LOG_FILE': 'log/scrapy_2022_3_10_9.log',
 'NEWSPIDER_MODULE': 'TextProcessorScrapy.spiders',
 'REACTOR_THREADPOOL_MAXSIZE': 20,
 'SPIDER_MODULES': ['TextProcessorScrapy.spiders'],
 'TELNETCONSOLE_ENABLED': False}
2022-03-10 01:46:16 [scrapy.middleware] INFO: Enabled extensions:
['scrapy.extensions.corestats.CoreStats',
 'scrapy.extensions.memusage.MemoryUsage',
 'scrapy.extensions.logstats.LogStats']
2022-03-10 01:46:16 [scrapy.middleware] INFO: Enabled downloader middlewares:
['scrapy.downloadermiddlewares.httpauth.HttpAuthMiddleware',
 'scrapy.downloadermiddlewares.downloadtimeout.DownloadTimeoutMiddleware',
 'scrapy.downloadermiddlewares.defaultheaders.DefaultHeadersMiddleware',
 'scrapy.downloadermiddlewares.useragent.UserAgentMiddleware',
 'TextProcessorScrapy.middlewares.RandomUserAgentMiddleware',
 'TextProcessorScrapy.middlewares.TextCrawlDownloaderMiddleware',
 'scrapy.downloadermiddlewares.retry.RetryMiddleware',
 'scrapy.downloadermiddlewares.redirect.MetaRefreshMiddleware',
 'scrapy.downloadermiddlewares.httpcompression.HttpCompressionMiddleware',
 'scrapy.downloadermiddlewares.redirect.RedirectMiddleware',
 'scrapy.downloadermiddlewares.cookies.CookiesMiddleware',
 'scrapy.downloadermiddlewares.httpproxy.HttpProxyMiddleware',
 'scrapy.downloadermiddlewares.stats.DownloaderStats']
2022-03-10 01:46:16 [scrapy.middleware] INFO: Enabled spider middlewares:
['scrapy.spidermiddlewares.httperror.HttpErrorMiddleware',
 'scrapy.spidermiddlewares.offsite.OffsiteMiddleware',
 'scrapy.spidermiddlewares.referer.RefererMiddleware',
 'scrapy.spidermiddlewares.urllength.UrlLengthMiddleware',
 'scrapy.spidermiddlewares.depth.DepthMiddleware']
2022-03-10 01:46:16 [scrapy.middleware] INFO: Enabled item pipelines:
['TextProcessorScrapy.pipelines.ImagePipeline',
 'TextProcessorScrapy.pipelines.WikiPipeline']
2022-03-10 01:46:16 [scrapy.core.engine] INFO: Spider opened
2022-03-10 01:46:16 [scrapy.extensions.logstats] INFO: Crawled 0 pages (at 0 pages/min), scraped 0 items (at 0 items/min)
2022-03-10 01:46:16 [wiki_zh] INFO: Spider opened: wiki_zh
2022-03-10 01:46:16 [scrapy.crawler] INFO: Overridden settings:
{'BOT_NAME': 'TextProcessorScrapy',
 'COMMANDS_MODULE': 'TextProcessorScrapy.commands',
 'CONCURRENT_REQUESTS_PER_DOMAIN': 32,
 'CONCURRENT_REQUESTS_PER_IP': 128,
 'LOG_FILE': 'log/scrapy_2022_3_10_9.log',
 'NEWSPIDER_MODULE': 'TextProcessorScrapy.spiders',
 'REACTOR_THREADPOOL_MAXSIZE': 20,
 'SPIDER_MODULES': ['TextProcessorScrapy.spiders'],
 'TELNETCONSOLE_ENABLED': False}
2022-03-10 01:46:16 [scrapy.middleware] INFO: Enabled extensions:
['scrapy.extensions.corestats.CoreStats',
 'scrapy.extensions.memusage.MemoryUsage',
 'scrapy.extensions.logstats.LogStats']
2022-03-10 01:46:16 [scrapy.middleware] INFO: Enabled downloader middlewares:
['scrapy.downloadermiddlewares.httpauth.HttpAuthMiddleware',
 'scrapy.downloadermiddlewares.downloadtimeout.DownloadTimeoutMiddleware',
 'scrapy.downloadermiddlewares.defaultheaders.DefaultHeadersMiddleware',
 'scrapy.downloadermiddlewares.useragent.UserAgentMiddleware',
 'TextProcessorScrapy.middlewares.RandomUserAgentMiddleware',
 'TextProcessorScrapy.middlewares.TextCrawlDownloaderMiddleware',
 'scrapy.downloadermiddlewares.retry.RetryMiddleware',
 'scrapy.downloadermiddlewares.redirect.MetaRefreshMiddleware',
 'scrapy.downloadermiddlewares.httpcompression.HttpCompressionMiddleware',
 'scrapy.downloadermiddlewares.redirect.RedirectMiddleware',
 'scrapy.downloadermiddlewares.cookies.CookiesMiddleware',
 'scrapy.downloadermiddlewares.httpproxy.HttpProxyMiddleware',
 'scrapy.downloadermiddlewares.stats.DownloaderStats']
2022-03-10 01:46:16 [scrapy.middleware] INFO: Enabled spider middlewares:
['scrapy.spidermiddlewares.httperror.HttpErrorMiddleware',
 'scrapy.spidermiddlewares.offsite.OffsiteMiddleware',
 'scrapy.spidermiddlewares.referer.RefererMiddleware',
 'scrapy.spidermiddlewares.urllength.UrlLengthMiddleware',
 'scrapy.spidermiddlewares.depth.DepthMiddleware']
2022-03-10 01:46:16 [scrapy.middleware] INFO: Enabled item pipelines:
['TextProcessorScrapy.pipelines.ImagePipeline',
 'TextProcessorScrapy.pipelines.WikiPipeline']
2022-03-10 01:46:16 [scrapy.core.engine] INFO: Spider opened
2022-03-10 01:46:16 [scrapy.extensions.logstats] INFO: Crawled 0 pages (at 0 pages/min), scraped 0 items (at 0 items/min)
2022-03-10 01:46:16 [wiki_zh] INFO: Spider opened: wiki_zh
2022-03-10 01:46:16 [scrapy.crawler] INFO: Overridden settings:
{'BOT_NAME': 'TextProcessorScrapy',
 'COMMANDS_MODULE': 'TextProcessorScrapy.commands',
 'CONCURRENT_REQUESTS_PER_DOMAIN': 32,
 'CONCURRENT_REQUESTS_PER_IP': 128,
 'LOG_FILE': 'log/scrapy_2022_3_10_9.log',
 'NEWSPIDER_MODULE': 'TextProcessorScrapy.spiders',
 'REACTOR_THREADPOOL_MAXSIZE': 20,
 'SPIDER_MODULES': ['TextProcessorScrapy.spiders'],
 'TELNETCONSOLE_ENABLED': False}
2022-03-10 01:46:16 [scrapy.middleware] INFO: Enabled extensions:
['scrapy.extensions.corestats.CoreStats',
 'scrapy.extensions.memusage.MemoryUsage',
 'scrapy.extensions.logstats.LogStats']
2022-03-10 01:46:16 [scrapy.middleware] INFO: Enabled downloader middlewares:
['scrapy.downloadermiddlewares.httpauth.HttpAuthMiddleware',
 'scrapy.downloadermiddlewares.downloadtimeout.DownloadTimeoutMiddleware',
 'scrapy.downloadermiddlewares.defaultheaders.DefaultHeadersMiddleware',
 'scrapy.downloadermiddlewares.useragent.UserAgentMiddleware',
 'TextProcessorScrapy.middlewares.RandomUserAgentMiddleware',
 'TextProcessorScrapy.middlewares.TextCrawlDownloaderMiddleware',
 'scrapy.downloadermiddlewares.retry.RetryMiddleware',
 'scrapy.downloadermiddlewares.redirect.MetaRefreshMiddleware',
 'scrapy.downloadermiddlewares.httpcompression.HttpCompressionMiddleware',
 'scrapy.downloadermiddlewares.redirect.RedirectMiddleware',
 'scrapy.downloadermiddlewares.cookies.CookiesMiddleware',
 'scrapy.downloadermiddlewares.httpproxy.HttpProxyMiddleware',
 'scrapy.downloadermiddlewares.stats.DownloaderStats']
2022-03-10 01:46:16 [scrapy.middleware] INFO: Enabled spider middlewares:
['scrapy.spidermiddlewares.httperror.HttpErrorMiddleware',
 'scrapy.spidermiddlewares.offsite.OffsiteMiddleware',
 'scrapy.spidermiddlewares.referer.RefererMiddleware',
 'scrapy.spidermiddlewares.urllength.UrlLengthMiddleware',
 'scrapy.spidermiddlewares.depth.DepthMiddleware']
2022-03-10 01:46:16 [scrapy.middleware] INFO: Enabled item pipelines:
['TextProcessorScrapy.pipelines.ImagePipeline',
 'TextProcessorScrapy.pipelines.WikiPipeline']
2022-03-10 01:46:16 [scrapy.core.engine] INFO: Spider opened
2022-03-10 01:46:16 [scrapy.extensions.logstats] INFO: Crawled 0 pages (at 0 pages/min), scraped 0 items (at 0 items/min)
2022-03-10 01:46:16 [wiki_zh] INFO: Spider opened: wiki_zh
2022-03-10 01:46:16 [scrapy.crawler] INFO: Overridden settings:
{'BOT_NAME': 'TextProcessorScrapy',
 'COMMANDS_MODULE': 'TextProcessorScrapy.commands',
 'CONCURRENT_REQUESTS_PER_DOMAIN': 32,
 'CONCURRENT_REQUESTS_PER_IP': 128,
 'LOG_FILE': 'log/scrapy_2022_3_10_9.log',
 'NEWSPIDER_MODULE': 'TextProcessorScrapy.spiders',
 'REACTOR_THREADPOOL_MAXSIZE': 20,
 'SPIDER_MODULES': ['TextProcessorScrapy.spiders'],
 'TELNETCONSOLE_ENABLED': False}
2022-03-10 01:46:16 [scrapy.middleware] INFO: Enabled extensions:
['scrapy.extensions.corestats.CoreStats',
 'scrapy.extensions.memusage.MemoryUsage',
 'scrapy.extensions.logstats.LogStats']
2022-03-10 01:46:16 [scrapy.middleware] INFO: Enabled downloader middlewares:
['scrapy.downloadermiddlewares.httpauth.HttpAuthMiddleware',
 'scrapy.downloadermiddlewares.downloadtimeout.DownloadTimeoutMiddleware',
 'scrapy.downloadermiddlewares.defaultheaders.DefaultHeadersMiddleware',
 'scrapy.downloadermiddlewares.useragent.UserAgentMiddleware',
 'TextProcessorScrapy.middlewares.RandomUserAgentMiddleware',
 'TextProcessorScrapy.middlewares.TextCrawlDownloaderMiddleware',
 'scrapy.downloadermiddlewares.retry.RetryMiddleware',
 'scrapy.downloadermiddlewares.redirect.MetaRefreshMiddleware',
 'scrapy.downloadermiddlewares.httpcompression.HttpCompressionMiddleware',
 'scrapy.downloadermiddlewares.redirect.RedirectMiddleware',
 'scrapy.downloadermiddlewares.cookies.CookiesMiddleware',
 'scrapy.downloadermiddlewares.httpproxy.HttpProxyMiddleware',
 'scrapy.downloadermiddlewares.stats.DownloaderStats']
2022-03-10 01:46:16 [scrapy.middleware] INFO: Enabled spider middlewares:
['scrapy.spidermiddlewares.httperror.HttpErrorMiddleware',
 'scrapy.spidermiddlewares.offsite.OffsiteMiddleware',
 'scrapy.spidermiddlewares.referer.RefererMiddleware',
 'scrapy.spidermiddlewares.urllength.UrlLengthMiddleware',
 'scrapy.spidermiddlewares.depth.DepthMiddleware']
2022-03-10 01:46:16 [scrapy.middleware] INFO: Enabled item pipelines:
['TextProcessorScrapy.pipelines.ImagePipeline',
 'TextProcessorScrapy.pipelines.WikiPipeline']
2022-03-10 01:46:16 [scrapy.core.engine] INFO: Spider opened
2022-03-10 01:46:16 [scrapy.extensions.logstats] INFO: Crawled 0 pages (at 0 pages/min), scraped 0 items (at 0 items/min)
2022-03-10 01:46:16 [wiki_zh] INFO: Spider opened: wiki_zh
2022-03-10 01:46:16 [scrapy.crawler] INFO: Overridden settings:
{'BOT_NAME': 'TextProcessorScrapy',
 'COMMANDS_MODULE': 'TextProcessorScrapy.commands',
 'CONCURRENT_REQUESTS_PER_DOMAIN': 32,
 'CONCURRENT_REQUESTS_PER_IP': 128,
 'LOG_FILE': 'log/scrapy_2022_3_10_9.log',
 'NEWSPIDER_MODULE': 'TextProcessorScrapy.spiders',
 'REACTOR_THREADPOOL_MAXSIZE': 20,
 'SPIDER_MODULES': ['TextProcessorScrapy.spiders'],
 'TELNETCONSOLE_ENABLED': False}
2022-03-10 01:46:16 [scrapy.middleware] INFO: Enabled extensions:
['scrapy.extensions.corestats.CoreStats',
 'scrapy.extensions.memusage.MemoryUsage',
 'scrapy.extensions.logstats.LogStats']
2022-03-10 01:46:16 [scrapy.middleware] INFO: Enabled downloader middlewares:
['scrapy.downloadermiddlewares.httpauth.HttpAuthMiddleware',
 'scrapy.downloadermiddlewares.downloadtimeout.DownloadTimeoutMiddleware',
 'scrapy.downloadermiddlewares.defaultheaders.DefaultHeadersMiddleware',
 'scrapy.downloadermiddlewares.useragent.UserAgentMiddleware',
 'TextProcessorScrapy.middlewares.RandomUserAgentMiddleware',
 'TextProcessorScrapy.middlewares.TextCrawlDownloaderMiddleware',
 'scrapy.downloadermiddlewares.retry.RetryMiddleware',
 'scrapy.downloadermiddlewares.redirect.MetaRefreshMiddleware',
 'scrapy.downloadermiddlewares.httpcompression.HttpCompressionMiddleware',
 'scrapy.downloadermiddlewares.redirect.RedirectMiddleware',
 'scrapy.downloadermiddlewares.cookies.CookiesMiddleware',
 'scrapy.downloadermiddlewares.httpproxy.HttpProxyMiddleware',
 'scrapy.downloadermiddlewares.stats.DownloaderStats']
2022-03-10 01:46:16 [scrapy.middleware] INFO: Enabled spider middlewares:
['scrapy.spidermiddlewares.httperror.HttpErrorMiddleware',
 'scrapy.spidermiddlewares.offsite.OffsiteMiddleware',
 'scrapy.spidermiddlewares.referer.RefererMiddleware',
 'scrapy.spidermiddlewares.urllength.UrlLengthMiddleware',
 'scrapy.spidermiddlewares.depth.DepthMiddleware']
2022-03-10 01:46:16 [scrapy.middleware] INFO: Enabled item pipelines:
['TextProcessorScrapy.pipelines.ImagePipeline',
 'TextProcessorScrapy.pipelines.WikiPipeline']
2022-03-10 01:46:16 [scrapy.core.engine] INFO: Spider opened
2022-03-10 01:46:16 [scrapy.extensions.logstats] INFO: Crawled 0 pages (at 0 pages/min), scraped 0 items (at 0 items/min)
2022-03-10 01:46:16 [wiki_zh] INFO: Spider opened: wiki_zh
2022-03-10 01:46:16 [scrapy.crawler] INFO: Overridden settings:
{'BOT_NAME': 'TextProcessorScrapy',
 'COMMANDS_MODULE': 'TextProcessorScrapy.commands',
 'CONCURRENT_REQUESTS_PER_DOMAIN': 32,
 'CONCURRENT_REQUESTS_PER_IP': 128,
 'LOG_FILE': 'log/scrapy_2022_3_10_9.log',
 'NEWSPIDER_MODULE': 'TextProcessorScrapy.spiders',
 'REACTOR_THREADPOOL_MAXSIZE': 20,
 'SPIDER_MODULES': ['TextProcessorScrapy.spiders'],
 'TELNETCONSOLE_ENABLED': False}
2022-03-10 01:46:16 [scrapy.middleware] INFO: Enabled extensions:
['scrapy.extensions.corestats.CoreStats',
 'scrapy.extensions.memusage.MemoryUsage',
 'scrapy.extensions.logstats.LogStats']
2022-03-10 01:46:16 [scrapy.middleware] INFO: Enabled downloader middlewares:
['scrapy.downloadermiddlewares.httpauth.HttpAuthMiddleware',
 'scrapy.downloadermiddlewares.downloadtimeout.DownloadTimeoutMiddleware',
 'scrapy.downloadermiddlewares.defaultheaders.DefaultHeadersMiddleware',
 'scrapy.downloadermiddlewares.useragent.UserAgentMiddleware',
 'TextProcessorScrapy.middlewares.RandomUserAgentMiddleware',
 'TextProcessorScrapy.middlewares.TextCrawlDownloaderMiddleware',
 'scrapy.downloadermiddlewares.retry.RetryMiddleware',
 'scrapy.downloadermiddlewares.redirect.MetaRefreshMiddleware',
 'scrapy.downloadermiddlewares.httpcompression.HttpCompressionMiddleware',
 'scrapy.downloadermiddlewares.redirect.RedirectMiddleware',
 'scrapy.downloadermiddlewares.cookies.CookiesMiddleware',
 'scrapy.downloadermiddlewares.httpproxy.HttpProxyMiddleware',
 'scrapy.downloadermiddlewares.stats.DownloaderStats']
2022-03-10 01:46:16 [scrapy.middleware] INFO: Enabled spider middlewares:
['scrapy.spidermiddlewares.httperror.HttpErrorMiddleware',
 'scrapy.spidermiddlewares.offsite.OffsiteMiddleware',
 'scrapy.spidermiddlewares.referer.RefererMiddleware',
 'scrapy.spidermiddlewares.urllength.UrlLengthMiddleware',
 'scrapy.spidermiddlewares.depth.DepthMiddleware']
2022-03-10 01:46:16 [scrapy.middleware] INFO: Enabled item pipelines:
['TextProcessorScrapy.pipelines.ImagePipeline',
 'TextProcessorScrapy.pipelines.WikiPipeline']
2022-03-10 01:46:16 [scrapy.core.engine] INFO: Spider opened
2022-03-10 01:46:16 [scrapy.extensions.logstats] INFO: Crawled 0 pages (at 0 pages/min), scraped 0 items (at 0 items/min)
2022-03-10 01:46:16 [wiki_zh] INFO: Spider opened: wiki_zh
2022-03-10 01:46:16 [scrapy.crawler] INFO: Overridden settings:
{'BOT_NAME': 'TextProcessorScrapy',
 'COMMANDS_MODULE': 'TextProcessorScrapy.commands',
 'CONCURRENT_REQUESTS_PER_DOMAIN': 32,
 'CONCURRENT_REQUESTS_PER_IP': 128,
 'LOG_FILE': 'log/scrapy_2022_3_10_9.log',
 'NEWSPIDER_MODULE': 'TextProcessorScrapy.spiders',
 'REACTOR_THREADPOOL_MAXSIZE': 20,
 'SPIDER_MODULES': ['TextProcessorScrapy.spiders'],
 'TELNETCONSOLE_ENABLED': False}
2022-03-10 01:46:16 [scrapy.middleware] INFO: Enabled extensions:
['scrapy.extensions.corestats.CoreStats',
 'scrapy.extensions.memusage.MemoryUsage',
 'scrapy.extensions.logstats.LogStats']
2022-03-10 01:46:16 [scrapy.middleware] INFO: Enabled downloader middlewares:
['scrapy.downloadermiddlewares.httpauth.HttpAuthMiddleware',
 'scrapy.downloadermiddlewares.downloadtimeout.DownloadTimeoutMiddleware',
 'scrapy.downloadermiddlewares.defaultheaders.DefaultHeadersMiddleware',
 'scrapy.downloadermiddlewares.useragent.UserAgentMiddleware',
 'TextProcessorScrapy.middlewares.RandomUserAgentMiddleware',
 'TextProcessorScrapy.middlewares.TextCrawlDownloaderMiddleware',
 'scrapy.downloadermiddlewares.retry.RetryMiddleware',
 'scrapy.downloadermiddlewares.redirect.MetaRefreshMiddleware',
 'scrapy.downloadermiddlewares.httpcompression.HttpCompressionMiddleware',
 'scrapy.downloadermiddlewares.redirect.RedirectMiddleware',
 'scrapy.downloadermiddlewares.cookies.CookiesMiddleware',
 'scrapy.downloadermiddlewares.httpproxy.HttpProxyMiddleware',
 'scrapy.downloadermiddlewares.stats.DownloaderStats']
2022-03-10 01:46:16 [scrapy.middleware] INFO: Enabled spider middlewares:
['scrapy.spidermiddlewares.httperror.HttpErrorMiddleware',
 'scrapy.spidermiddlewares.offsite.OffsiteMiddleware',
 'scrapy.spidermiddlewares.referer.RefererMiddleware',
 'scrapy.spidermiddlewares.urllength.UrlLengthMiddleware',
 'scrapy.spidermiddlewares.depth.DepthMiddleware']
2022-03-10 01:46:16 [scrapy.middleware] INFO: Enabled item pipelines:
['TextProcessorScrapy.pipelines.ImagePipeline',
 'TextProcessorScrapy.pipelines.WikiPipeline']
2022-03-10 01:46:16 [scrapy.core.engine] INFO: Spider opened
2022-03-10 01:46:16 [scrapy.extensions.logstats] INFO: Crawled 0 pages (at 0 pages/min), scraped 0 items (at 0 items/min)
2022-03-10 01:46:16 [wiki_zh] INFO: Spider opened: wiki_zh
2022-03-10 01:46:16 [scrapy.crawler] INFO: Overridden settings:
{'BOT_NAME': 'TextProcessorScrapy',
 'COMMANDS_MODULE': 'TextProcessorScrapy.commands',
 'CONCURRENT_REQUESTS_PER_DOMAIN': 32,
 'CONCURRENT_REQUESTS_PER_IP': 128,
 'LOG_FILE': 'log/scrapy_2022_3_10_9.log',
 'NEWSPIDER_MODULE': 'TextProcessorScrapy.spiders',
 'REACTOR_THREADPOOL_MAXSIZE': 20,
 'SPIDER_MODULES': ['TextProcessorScrapy.spiders'],
 'TELNETCONSOLE_ENABLED': False}
2022-03-10 01:46:16 [scrapy.middleware] INFO: Enabled extensions:
['scrapy.extensions.corestats.CoreStats',
 'scrapy.extensions.memusage.MemoryUsage',
 'scrapy.extensions.logstats.LogStats']
2022-03-10 01:46:16 [scrapy.middleware] INFO: Enabled downloader middlewares:
['scrapy.downloadermiddlewares.httpauth.HttpAuthMiddleware',
 'scrapy.downloadermiddlewares.downloadtimeout.DownloadTimeoutMiddleware',
 'scrapy.downloadermiddlewares.defaultheaders.DefaultHeadersMiddleware',
 'scrapy.downloadermiddlewares.useragent.UserAgentMiddleware',
 'TextProcessorScrapy.middlewares.RandomUserAgentMiddleware',
 'TextProcessorScrapy.middlewares.TextCrawlDownloaderMiddleware',
 'scrapy.downloadermiddlewares.retry.RetryMiddleware',
 'scrapy.downloadermiddlewares.redirect.MetaRefreshMiddleware',
 'scrapy.downloadermiddlewares.httpcompression.HttpCompressionMiddleware',
 'scrapy.downloadermiddlewares.redirect.RedirectMiddleware',
 'scrapy.downloadermiddlewares.cookies.CookiesMiddleware',
 'scrapy.downloadermiddlewares.httpproxy.HttpProxyMiddleware',
 'scrapy.downloadermiddlewares.stats.DownloaderStats']
2022-03-10 01:46:16 [scrapy.middleware] INFO: Enabled spider middlewares:
['scrapy.spidermiddlewares.httperror.HttpErrorMiddleware',
 'scrapy.spidermiddlewares.offsite.OffsiteMiddleware',
 'scrapy.spidermiddlewares.referer.RefererMiddleware',
 'scrapy.spidermiddlewares.urllength.UrlLengthMiddleware',
 'scrapy.spidermiddlewares.depth.DepthMiddleware']
2022-03-10 01:46:16 [scrapy.middleware] INFO: Enabled item pipelines:
['TextProcessorScrapy.pipelines.ImagePipeline',
 'TextProcessorScrapy.pipelines.WikiPipeline']
2022-03-10 01:46:16 [scrapy.core.engine] INFO: Spider opened
2022-03-10 01:46:16 [scrapy.extensions.logstats] INFO: Crawled 0 pages (at 0 pages/min), scraped 0 items (at 0 items/min)
2022-03-10 01:46:16 [wiki_zh] INFO: Spider opened: wiki_zh
2022-03-10 01:46:37 [scrapy.downloadermiddlewares.retry] DEBUG: Retrying <GET https://zh.wikipedia.org/w/index.php?title=Special:Search&limit=20&offset=0&profile=default&search=%E7%9B%B4%E5%8D%87%E6%9C%BA&ns0=1> (failed 1 times): Connection was refused by other side: 111: Connection refused.
2022-03-10 01:46:37 [scrapy.downloadermiddlewares.retry] DEBUG: Retrying <GET https://zh.wikipedia.org/w/index.php?title=Special:Search&limit=20&offset=0&profile=default&search=%E8%8A%B1%E8%8E%B2%E6%9C%BA%E5%9C%BA&ns0=1> (failed 1 times): Connection was refused by other side: 111: Connection refused.
2022-03-10 01:46:37 [scrapy.downloadermiddlewares.retry] DEBUG: Retrying <GET https://zh.wikipedia.org/w/index.php?title=Special:Search&limit=20&offset=0&profile=default&search=%E6%BE%8E%E6%B9%96%E6%9C%BA%E5%9C%BA&ns0=1> (failed 1 times): Connection was refused by other side: 111: Connection refused.
2022-03-10 01:46:37 [scrapy.downloadermiddlewares.retry] DEBUG: Retrying <GET https://zh.wikipedia.org/w/index.php?title=Special:Search&limit=20&offset=0&profile=default&search=%E9%A9%AC%E5%85%AC%E6%9C%BA%E5%9C%BA&ns0=1> (failed 1 times): Connection was refused by other side: 111: Connection refused.
2022-03-10 01:46:37 [scrapy.downloadermiddlewares.retry] DEBUG: Retrying <GET https://zh.wikipedia.org/w/index.php?title=Special:Search&limit=20&offset=0&profile=default&search=%E8%A5%BF%E5%B1%BF%E9%9B%B7%E8%BE%BE%E7%AB%99&ns0=1> (failed 1 times): Connection was refused by other side: 111: Connection refused.
2022-03-10 01:46:37 [scrapy.downloadermiddlewares.retry] DEBUG: Retrying <GET https://zh.wikipedia.org/w/index.php?title=Special:Search&limit=20&offset=0&profile=default&search=%E8%A3%85%E7%94%B2%E9%98%B2%E6%8A%A4%E8%BD%A6&ns0=1> (failed 1 times): Connection was refused by other side: 111: Connection refused.
2022-03-10 01:46:37 [scrapy.downloadermiddlewares.retry] DEBUG: Retrying <GET https://zh.wikipedia.org/w/index.php?title=Special:Search&limit=20&offset=0&profile=default&search=%E8%A3%85%E7%94%B2%E8%BF%90%E8%BE%93%E8%BD%A6&ns0=1> (failed 1 times): Connection was refused by other side: 111: Connection refused.
2022-03-10 01:46:37 [scrapy.downloadermiddlewares.retry] DEBUG: Retrying <GET https://en.wikipedia.org/w/index.php?title=Special:Search&limit=20&offset=0&profile=default&search=earth%20fortification&ns0=1> (failed 1 times): Connection was refused by other side: 111: Connection refused.
2022-03-10 01:46:37 [scrapy.downloadermiddlewares.retry] DEBUG: Retrying <GET https://zh.wikipedia.org/w/index.php?title=Special:Search&limit=20&offset=0&profile=default&search=%E8%A3%85%E7%94%B2%E4%BE%A6%E5%AF%9F%E8%BD%A6&ns0=1> (failed 1 times): Connection was refused by other side: 111: Connection refused.
2022-03-10 01:46:37 [scrapy.downloadermiddlewares.retry] DEBUG: Retrying <GET https://zh.wikipedia.org/w/index.php?title=Special:Search&limit=20&offset=0&profile=default&search=%E8%A3%85%E7%94%B2%E6%95%91%E6%8A%A4%E8%BD%A6&ns0=1> (failed 1 times): Connection was refused by other side: 111: Connection refused.
2022-03-10 01:46:37 [scrapy.downloadermiddlewares.retry] DEBUG: Retrying <GET https://zh.wikipedia.org/w/index.php?title=Special:Search&limit=20&offset=0&profile=default&search=%E8%A3%85%E7%94%B2%E6%89%AB%E9%9B%B7%E8%BD%A6&ns0=1> (failed 1 times): Connection was refused by other side: 111: Connection refused.
2022-03-10 01:46:58 [scrapy.downloadermiddlewares.retry] DEBUG: Retrying <GET https://zh.wikipedia.org/w/index.php?title=Special:Search&limit=20&offset=0&profile=default&search=%E8%A3%85%E7%94%B2%E4%BE%A6%E5%AF%9F%E8%BD%A6&ns0=1> (failed 2 times): Connection was refused by other side: 111: Connection refused.
2022-03-10 01:46:58 [scrapy.downloadermiddlewares.retry] DEBUG: Retrying <GET https://zh.wikipedia.org/w/index.php?title=Special:Search&limit=20&offset=0&profile=default&search=%E8%A5%BF%E5%B1%BF%E9%9B%B7%E8%BE%BE%E7%AB%99&ns0=1> (failed 2 times): Connection was refused by other side: 111: Connection refused.
2022-03-10 01:46:58 [scrapy.downloadermiddlewares.retry] DEBUG: Retrying <GET https://zh.wikipedia.org/w/index.php?title=Special:Search&limit=20&offset=0&profile=default&search=%E9%A9%AC%E5%85%AC%E6%9C%BA%E5%9C%BA&ns0=1> (failed 2 times): Connection was refused by other side: 111: Connection refused.
2022-03-10 01:46:58 [scrapy.downloadermiddlewares.retry] DEBUG: Retrying <GET https://zh.wikipedia.org/w/index.php?title=Special:Search&limit=20&offset=0&profile=default&search=%E7%9B%B4%E5%8D%87%E6%9C%BA&ns0=1> (failed 2 times): Connection was refused by other side: 111: Connection refused.
2022-03-10 01:46:58 [scrapy.downloadermiddlewares.retry] DEBUG: Retrying <GET https://zh.wikipedia.org/w/index.php?title=Special:Search&limit=20&offset=0&profile=default&search=%E8%A3%85%E7%94%B2%E6%95%91%E6%8A%A4%E8%BD%A6&ns0=1> (failed 2 times): Connection was refused by other side: 111: Connection refused.
2022-03-10 01:46:58 [scrapy.downloadermiddlewares.retry] DEBUG: Retrying <GET https://zh.wikipedia.org/w/index.php?title=Special:Search&limit=20&offset=0&profile=default&search=%E8%A3%85%E7%94%B2%E9%98%B2%E6%8A%A4%E8%BD%A6&ns0=1> (failed 2 times): Connection was refused by other side: 111: Connection refused.
2022-03-10 01:46:58 [scrapy.downloadermiddlewares.retry] DEBUG: Retrying <GET https://zh.wikipedia.org/w/index.php?title=Special:Search&limit=20&offset=0&profile=default&search=%E8%8A%B1%E8%8E%B2%E6%9C%BA%E5%9C%BA&ns0=1> (failed 2 times): Connection was refused by other side: 111: Connection refused.
2022-03-10 01:46:58 [scrapy.downloadermiddlewares.retry] DEBUG: Retrying <GET https://en.wikipedia.org/w/index.php?title=Special:Search&limit=20&offset=0&profile=default&search=earth%20fortification&ns0=1> (failed 2 times): Connection was refused by other side: 111: Connection refused.
2022-03-10 01:46:58 [scrapy.downloadermiddlewares.retry] DEBUG: Retrying <GET https://zh.wikipedia.org/w/index.php?title=Special:Search&limit=20&offset=0&profile=default&search=%E6%BE%8E%E6%B9%96%E6%9C%BA%E5%9C%BA&ns0=1> (failed 2 times): Connection was refused by other side: 111: Connection refused.
2022-03-10 01:46:58 [scrapy.downloadermiddlewares.retry] DEBUG: Retrying <GET https://zh.wikipedia.org/w/index.php?title=Special:Search&limit=20&offset=0&profile=default&search=%E8%A3%85%E7%94%B2%E6%89%AB%E9%9B%B7%E8%BD%A6&ns0=1> (failed 2 times): Connection was refused by other side: 111: Connection refused.
2022-03-10 01:46:58 [scrapy.downloadermiddlewares.retry] DEBUG: Retrying <GET https://zh.wikipedia.org/w/index.php?title=Special:Search&limit=20&offset=0&profile=default&search=%E8%A3%85%E7%94%B2%E8%BF%90%E8%BE%93%E8%BD%A6&ns0=1> (failed 2 times): Connection was refused by other side: 111: Connection refused.
2022-03-10 01:47:16 [scrapy.extensions.logstats] INFO: Crawled 0 pages (at 0 pages/min), scraped 0 items (at 0 items/min)
2022-03-10 01:47:16 [scrapy.extensions.logstats] INFO: Crawled 0 pages (at 0 pages/min), scraped 0 items (at 0 items/min)
2022-03-10 01:47:16 [scrapy.extensions.logstats] INFO: Crawled 0 pages (at 0 pages/min), scraped 0 items (at 0 items/min)
2022-03-10 01:47:16 [scrapy.extensions.logstats] INFO: Crawled 0 pages (at 0 pages/min), scraped 0 items (at 0 items/min)
2022-03-10 01:47:16 [scrapy.extensions.logstats] INFO: Crawled 0 pages (at 0 pages/min), scraped 0 items (at 0 items/min)
2022-03-10 01:47:16 [scrapy.extensions.logstats] INFO: Crawled 0 pages (at 0 pages/min), scraped 0 items (at 0 items/min)
2022-03-10 01:47:16 [scrapy.extensions.logstats] INFO: Crawled 0 pages (at 0 pages/min), scraped 0 items (at 0 items/min)
2022-03-10 01:47:16 [scrapy.extensions.logstats] INFO: Crawled 0 pages (at 0 pages/min), scraped 0 items (at 0 items/min)
2022-03-10 01:47:16 [scrapy.extensions.logstats] INFO: Crawled 0 pages (at 0 pages/min), scraped 0 items (at 0 items/min)
2022-03-10 01:47:16 [scrapy.extensions.logstats] INFO: Crawled 0 pages (at 0 pages/min), scraped 0 items (at 0 items/min)
2022-03-10 01:47:16 [scrapy.extensions.logstats] INFO: Crawled 0 pages (at 0 pages/min), scraped 0 items (at 0 items/min)
2022-03-10 01:47:19 [scrapy.downloadermiddlewares.retry] ERROR: Gave up retrying <GET https://zh.wikipedia.org/w/index.php?title=Special:Search&limit=20&offset=0&profile=default&search=%E9%A9%AC%E5%85%AC%E6%9C%BA%E5%9C%BA&ns0=1> (failed 3 times): Connection was refused by other side: 111: Connection refused.
2022-03-10 01:47:19 [scrapy.downloadermiddlewares.retry] ERROR: Gave up retrying <GET https://zh.wikipedia.org/w/index.php?title=Special:Search&limit=20&offset=0&profile=default&search=%E8%A3%85%E7%94%B2%E4%BE%A6%E5%AF%9F%E8%BD%A6&ns0=1> (failed 3 times): Connection was refused by other side: 111: Connection refused.
2022-03-10 01:47:19 [scrapy.downloadermiddlewares.retry] ERROR: Gave up retrying <GET https://zh.wikipedia.org/w/index.php?title=Special:Search&limit=20&offset=0&profile=default&search=%E7%9B%B4%E5%8D%87%E6%9C%BA&ns0=1> (failed 3 times): Connection was refused by other side: 111: Connection refused.
2022-03-10 01:47:19 [scrapy.downloadermiddlewares.retry] ERROR: Gave up retrying <GET https://zh.wikipedia.org/w/index.php?title=Special:Search&limit=20&offset=0&profile=default&search=%E8%A5%BF%E5%B1%BF%E9%9B%B7%E8%BE%BE%E7%AB%99&ns0=1> (failed 3 times): Connection was refused by other side: 111: Connection refused.
2022-03-10 01:47:19 [scrapy.downloadermiddlewares.retry] ERROR: Gave up retrying <GET https://zh.wikipedia.org/w/index.php?title=Special:Search&limit=20&offset=0&profile=default&search=%E8%A3%85%E7%94%B2%E6%95%91%E6%8A%A4%E8%BD%A6&ns0=1> (failed 3 times): Connection was refused by other side: 111: Connection refused.
2022-03-10 01:47:19 [scrapy.downloadermiddlewares.retry] ERROR: Gave up retrying <GET https://zh.wikipedia.org/w/index.php?title=Special:Search&limit=20&offset=0&profile=default&search=%E8%8A%B1%E8%8E%B2%E6%9C%BA%E5%9C%BA&ns0=1> (failed 3 times): Connection was refused by other side: 111: Connection refused.
2022-03-10 01:47:19 [scrapy.downloadermiddlewares.retry] ERROR: Gave up retrying <GET https://zh.wikipedia.org/w/index.php?title=Special:Search&limit=20&offset=0&profile=default&search=%E8%A3%85%E7%94%B2%E9%98%B2%E6%8A%A4%E8%BD%A6&ns0=1> (failed 3 times): Connection was refused by other side: 111: Connection refused.
2022-03-10 01:47:19 [scrapy.core.scraper] ERROR: Error downloading <GET https://zh.wikipedia.org/w/index.php?title=Special:Search&limit=20&offset=0&profile=default&search=%E9%A9%AC%E5%85%AC%E6%9C%BA%E5%9C%BA&ns0=1>
Traceback (most recent call last):
  File "/usr/local/lib/python3.7/site-packages/scrapy/core/downloader/middleware.py", line 44, in process_request
    return (yield download_func(request=request, spider=spider))
twisted.internet.error.ConnectionRefusedError: Connection was refused by other side: 111: Connection refused.
2022-03-10 01:47:19 [scrapy.core.scraper] ERROR: Error downloading <GET https://zh.wikipedia.org/w/index.php?title=Special:Search&limit=20&offset=0&profile=default&search=%E8%A3%85%E7%94%B2%E4%BE%A6%E5%AF%9F%E8%BD%A6&ns0=1>
Traceback (most recent call last):
  File "/usr/local/lib/python3.7/site-packages/scrapy/core/downloader/middleware.py", line 44, in process_request
    return (yield download_func(request=request, spider=spider))
twisted.internet.error.ConnectionRefusedError: Connection was refused by other side: 111: Connection refused.
2022-03-10 01:47:19 [scrapy.core.scraper] ERROR: Error downloading <GET https://zh.wikipedia.org/w/index.php?title=Special:Search&limit=20&offset=0&profile=default&search=%E7%9B%B4%E5%8D%87%E6%9C%BA&ns0=1>
Traceback (most recent call last):
  File "/usr/local/lib/python3.7/site-packages/scrapy/core/downloader/middleware.py", line 44, in process_request
    return (yield download_func(request=request, spider=spider))
twisted.internet.error.ConnectionRefusedError: Connection was refused by other side: 111: Connection refused.
2022-03-10 01:47:19 [scrapy.core.scraper] ERROR: Error downloading <GET https://zh.wikipedia.org/w/index.php?title=Special:Search&limit=20&offset=0&profile=default&search=%E8%A5%BF%E5%B1%BF%E9%9B%B7%E8%BE%BE%E7%AB%99&ns0=1>
Traceback (most recent call last):
  File "/usr/local/lib/python3.7/site-packages/scrapy/core/downloader/middleware.py", line 44, in process_request
    return (yield download_func(request=request, spider=spider))
twisted.internet.error.ConnectionRefusedError: Connection was refused by other side: 111: Connection refused.
2022-03-10 01:47:19 [scrapy.core.scraper] ERROR: Error downloading <GET https://zh.wikipedia.org/w/index.php?title=Special:Search&limit=20&offset=0&profile=default&search=%E8%A3%85%E7%94%B2%E6%95%91%E6%8A%A4%E8%BD%A6&ns0=1>
Traceback (most recent call last):
  File "/usr/local/lib/python3.7/site-packages/scrapy/core/downloader/middleware.py", line 44, in process_request
    return (yield download_func(request=request, spider=spider))
twisted.internet.error.ConnectionRefusedError: Connection was refused by other side: 111: Connection refused.
2022-03-10 01:47:19 [scrapy.core.scraper] ERROR: Error downloading <GET https://zh.wikipedia.org/w/index.php?title=Special:Search&limit=20&offset=0&profile=default&search=%E8%8A%B1%E8%8E%B2%E6%9C%BA%E5%9C%BA&ns0=1>
Traceback (most recent call last):
  File "/usr/local/lib/python3.7/site-packages/scrapy/core/downloader/middleware.py", line 44, in process_request
    return (yield download_func(request=request, spider=spider))
twisted.internet.error.ConnectionRefusedError: Connection was refused by other side: 111: Connection refused.
2022-03-10 01:47:19 [scrapy.core.scraper] ERROR: Error downloading <GET https://zh.wikipedia.org/w/index.php?title=Special:Search&limit=20&offset=0&profile=default&search=%E8%A3%85%E7%94%B2%E9%98%B2%E6%8A%A4%E8%BD%A6&ns0=1>
Traceback (most recent call last):
  File "/usr/local/lib/python3.7/site-packages/scrapy/core/downloader/middleware.py", line 44, in process_request
    return (yield download_func(request=request, spider=spider))
twisted.internet.error.ConnectionRefusedError: Connection was refused by other side: 111: Connection refused.
2022-03-10 01:47:19 [scrapy.downloadermiddlewares.retry] ERROR: Gave up retrying <GET https://zh.wikipedia.org/w/index.php?title=Special:Search&limit=20&offset=0&profile=default&search=%E8%A3%85%E7%94%B2%E8%BF%90%E8%BE%93%E8%BD%A6&ns0=1> (failed 3 times): Connection was refused by other side: 111: Connection refused.
2022-03-10 01:47:19 [scrapy.downloadermiddlewares.retry] ERROR: Gave up retrying <GET https://en.wikipedia.org/w/index.php?title=Special:Search&limit=20&offset=0&profile=default&search=earth%20fortification&ns0=1> (failed 3 times): Connection was refused by other side: 111: Connection refused.
2022-03-10 01:47:19 [scrapy.downloadermiddlewares.retry] ERROR: Gave up retrying <GET https://zh.wikipedia.org/w/index.php?title=Special:Search&limit=20&offset=0&profile=default&search=%E8%A3%85%E7%94%B2%E6%89%AB%E9%9B%B7%E8%BD%A6&ns0=1> (failed 3 times): Connection was refused by other side: 111: Connection refused.
2022-03-10 01:47:19 [scrapy.downloadermiddlewares.retry] ERROR: Gave up retrying <GET https://zh.wikipedia.org/w/index.php?title=Special:Search&limit=20&offset=0&profile=default&search=%E6%BE%8E%E6%B9%96%E6%9C%BA%E5%9C%BA&ns0=1> (failed 3 times): Connection was refused by other side: 111: Connection refused.
2022-03-10 01:47:19 [scrapy.core.engine] INFO: Closing spider (finished)
2022-03-10 01:47:19 [scrapy.statscollectors] INFO: Dumping Scrapy stats:
{'downloader/exception_count': 3,
 'downloader/exception_type_count/twisted.internet.error.ConnectionRefusedError': 3,
 'downloader/request_bytes': 1437,
 'downloader/request_count': 3,
 'downloader/request_method_count/GET': 3,
 'elapsed_time_seconds': 63.563129,
 'finish_reason': 'finished',
 'finish_time': datetime.datetime(2022, 3, 10, 1, 47, 19, 823352),
 'log_count/DEBUG': 22,
 'log_count/ERROR': 18,
 'log_count/INFO': 92,
 'memusage/max': 69709824,
 'memusage/startup': 66662400,
 'retry/count': 2,
 'retry/max_reached': 1,
 'retry/reason_count/twisted.internet.error.ConnectionRefusedError': 2,
 'scheduler/dequeued': 3,
 'scheduler/dequeued/memory': 3,
 'scheduler/enqueued': 3,
 'scheduler/enqueued/memory': 3,
 'start_time': datetime.datetime(2022, 3, 10, 1, 46, 16, 260223)}
2022-03-10 01:47:19 [scrapy.core.engine] INFO: Spider closed (finished)
2022-03-10 01:47:19 [scrapy.core.engine] INFO: Closing spider (finished)
2022-03-10 01:47:19 [scrapy.statscollectors] INFO: Dumping Scrapy stats:
{'downloader/exception_count': 3,
 'downloader/exception_type_count/twisted.internet.error.ConnectionRefusedError': 3,
 'downloader/request_bytes': 1507,
 'downloader/request_count': 3,
 'downloader/request_method_count/GET': 3,
 'elapsed_time_seconds': 63.475977,
 'finish_reason': 'finished',
 'finish_time': datetime.datetime(2022, 3, 10, 1, 47, 19, 825408),
 'log_count/DEBUG': 22,
 'log_count/ERROR': 18,
 'log_count/INFO': 23,
 'memusage/max': 69709824,
 'memusage/startup': 68161536,
 'retry/count': 2,
 'retry/max_reached': 1,
 'retry/reason_count/twisted.internet.error.ConnectionRefusedError': 2,
 'scheduler/dequeued': 3,
 'scheduler/dequeued/memory': 3,
 'scheduler/enqueued': 3,
 'scheduler/enqueued/memory': 3,
 'start_time': datetime.datetime(2022, 3, 10, 1, 46, 16, 349431)}
2022-03-10 01:47:19 [scrapy.core.engine] INFO: Spider closed (finished)
2022-03-10 01:47:19 [scrapy.core.engine] INFO: Closing spider (finished)
2022-03-10 01:47:19 [scrapy.statscollectors] INFO: Dumping Scrapy stats:
{'downloader/exception_count': 3,
 'downloader/exception_type_count/twisted.internet.error.ConnectionRefusedError': 3,
 'downloader/request_bytes': 1424,
 'downloader/request_count': 3,
 'downloader/request_method_count/GET': 3,
 'elapsed_time_seconds': 63.530318,
 'finish_reason': 'finished',
 'finish_time': datetime.datetime(2022, 3, 10, 1, 47, 19, 831872),
 'log_count/DEBUG': 22,
 'log_count/ERROR': 18,
 'log_count/INFO': 66,
 'memusage/max': 69709824,
 'memusage/startup': 67325952,
 'retry/count': 2,
 'retry/max_reached': 1,
 'retry/reason_count/twisted.internet.error.ConnectionRefusedError': 2,
 'scheduler/dequeued': 3,
 'scheduler/dequeued/memory': 3,
 'scheduler/enqueued': 3,
 'scheduler/enqueued/memory': 3,
 'start_time': datetime.datetime(2022, 3, 10, 1, 46, 16, 301554)}
2022-03-10 01:47:19 [scrapy.core.engine] INFO: Spider closed (finished)
2022-03-10 01:47:19 [scrapy.core.engine] INFO: Closing spider (finished)
2022-03-10 01:47:19 [scrapy.statscollectors] INFO: Dumping Scrapy stats:
{'downloader/exception_count': 3,
 'downloader/exception_type_count/twisted.internet.error.ConnectionRefusedError': 3,
 'downloader/request_bytes': 1499,
 'downloader/request_count': 3,
 'downloader/request_method_count/GET': 3,
 'elapsed_time_seconds': 63.555354,
 'finish_reason': 'finished',
 'finish_time': datetime.datetime(2022, 3, 10, 1, 47, 19, 833759),
 'log_count/DEBUG': 22,
 'log_count/ERROR': 18,
 'log_count/INFO': 85,
 'memusage/max': 69709824,
 'memusage/startup': 66932736,
 'retry/count': 2,
 'retry/max_reached': 1,
 'retry/reason_count/twisted.internet.error.ConnectionRefusedError': 2,
 'scheduler/dequeued': 3,
 'scheduler/dequeued/memory': 3,
 'scheduler/enqueued': 3,
 'scheduler/enqueued/memory': 3,
 'start_time': datetime.datetime(2022, 3, 10, 1, 46, 16, 278405)}
2022-03-10 01:47:19 [scrapy.core.engine] INFO: Spider closed (finished)
2022-03-10 01:47:19 [scrapy.core.engine] INFO: Closing spider (finished)
2022-03-10 01:47:19 [scrapy.statscollectors] INFO: Dumping Scrapy stats:
{'downloader/exception_count': 3,
 'downloader/exception_type_count/twisted.internet.error.ConnectionRefusedError': 3,
 'downloader/request_bytes': 1484,
 'downloader/request_count': 3,
 'downloader/request_method_count/GET': 3,
 'elapsed_time_seconds': 63.530245,
 'finish_reason': 'finished',
 'finish_time': datetime.datetime(2022, 3, 10, 1, 47, 19, 869355),
 'log_count/DEBUG': 22,
 'log_count/ERROR': 18,
 'log_count/INFO': 40,
 'memusage/max': 69709824,
 'memusage/startup': 67891200,
 'retry/count': 2,
 'retry/max_reached': 1,
 'retry/reason_count/twisted.internet.error.ConnectionRefusedError': 2,
 'scheduler/dequeued': 3,
 'scheduler/dequeued/memory': 3,
 'scheduler/enqueued': 3,
 'scheduler/enqueued/memory': 3,
 'start_time': datetime.datetime(2022, 3, 10, 1, 46, 16, 339110)}
2022-03-10 01:47:19 [scrapy.core.engine] INFO: Spider closed (finished)
2022-03-10 01:47:19 [scrapy.core.engine] INFO: Closing spider (finished)
2022-03-10 01:47:19 [scrapy.statscollectors] INFO: Dumping Scrapy stats:
{'downloader/exception_count': 3,
 'downloader/exception_type_count/twisted.internet.error.ConnectionRefusedError': 3,
 'downloader/request_bytes': 1458,
 'downloader/request_count': 3,
 'downloader/request_method_count/GET': 3,
 'elapsed_time_seconds': 63.580961,
 'finish_reason': 'finished',
 'finish_time': datetime.datetime(2022, 3, 10, 1, 47, 19, 870817),
 'log_count/DEBUG': 22,
 'log_count/ERROR': 18,
 'log_count/INFO': 83,
 'memusage/max': 69709824,
 'memusage/startup': 67026944,
 'retry/count': 2,
 'retry/max_reached': 1,
 'retry/reason_count/twisted.internet.error.ConnectionRefusedError': 2,
 'scheduler/dequeued': 3,
 'scheduler/dequeued/memory': 3,
 'scheduler/enqueued': 3,
 'scheduler/enqueued/memory': 3,
 'start_time': datetime.datetime(2022, 3, 10, 1, 46, 16, 289856)}
2022-03-10 01:47:19 [scrapy.core.engine] INFO: Spider closed (finished)
2022-03-10 01:47:19 [scrapy.core.engine] INFO: Closing spider (finished)
2022-03-10 01:47:19 [scrapy.statscollectors] INFO: Dumping Scrapy stats:
{'downloader/exception_count': 3,
 'downloader/exception_type_count/twisted.internet.error.ConnectionRefusedError': 3,
 'downloader/request_bytes': 1494,
 'downloader/request_count': 3,
 'downloader/request_method_count/GET': 3,
 'elapsed_time_seconds': 63.563152,
 'finish_reason': 'finished',
 'finish_time': datetime.datetime(2022, 3, 10, 1, 47, 19, 872281),
 'log_count/DEBUG': 22,
 'log_count/ERROR': 18,
 'log_count/INFO': 70,
 'memusage/max': 69709824,
 'memusage/startup': 67325952,
 'retry/count': 2,
 'retry/max_reached': 1,
 'retry/reason_count/twisted.internet.error.ConnectionRefusedError': 2,
 'scheduler/dequeued': 3,
 'scheduler/dequeued/memory': 3,
 'scheduler/enqueued': 3,
 'scheduler/enqueued/memory': 3,
 'start_time': datetime.datetime(2022, 3, 10, 1, 46, 16, 309129)}
2022-03-10 01:47:19 [scrapy.core.engine] INFO: Spider closed (finished)
2022-03-10 01:47:19 [scrapy.core.scraper] ERROR: Error downloading <GET https://zh.wikipedia.org/w/index.php?title=Special:Search&limit=20&offset=0&profile=default&search=%E8%A3%85%E7%94%B2%E8%BF%90%E8%BE%93%E8%BD%A6&ns0=1>
Traceback (most recent call last):
  File "/usr/local/lib/python3.7/site-packages/scrapy/core/downloader/middleware.py", line 44, in process_request
    return (yield download_func(request=request, spider=spider))
twisted.internet.error.ConnectionRefusedError: Connection was refused by other side: 111: Connection refused.
2022-03-10 01:47:19 [scrapy.core.scraper] ERROR: Error downloading <GET https://en.wikipedia.org/w/index.php?title=Special:Search&limit=20&offset=0&profile=default&search=earth%20fortification&ns0=1>
Traceback (most recent call last):
  File "/usr/local/lib/python3.7/site-packages/scrapy/core/downloader/middleware.py", line 44, in process_request
    return (yield download_func(request=request, spider=spider))
twisted.internet.error.ConnectionRefusedError: Connection was refused by other side: 111: Connection refused.
2022-03-10 01:47:19 [scrapy.core.scraper] ERROR: Error downloading <GET https://zh.wikipedia.org/w/index.php?title=Special:Search&limit=20&offset=0&profile=default&search=%E8%A3%85%E7%94%B2%E6%89%AB%E9%9B%B7%E8%BD%A6&ns0=1>
Traceback (most recent call last):
  File "/usr/local/lib/python3.7/site-packages/scrapy/core/downloader/middleware.py", line 44, in process_request
    return (yield download_func(request=request, spider=spider))
twisted.internet.error.ConnectionRefusedError: Connection was refused by other side: 111: Connection refused.
2022-03-10 01:47:19 [scrapy.core.scraper] ERROR: Error downloading <GET https://zh.wikipedia.org/w/index.php?title=Special:Search&limit=20&offset=0&profile=default&search=%E6%BE%8E%E6%B9%96%E6%9C%BA%E5%9C%BA&ns0=1>
Traceback (most recent call last):
  File "/usr/local/lib/python3.7/site-packages/scrapy/core/downloader/middleware.py", line 44, in process_request
    return (yield download_func(request=request, spider=spider))
twisted.internet.error.ConnectionRefusedError: Connection was refused by other side: 111: Connection refused.
2022-03-10 01:47:19 [scrapy.core.engine] INFO: Closing spider (finished)
2022-03-10 01:47:19 [scrapy.statscollectors] INFO: Dumping Scrapy stats:
{'downloader/exception_count': 3,
 'downloader/exception_type_count/twisted.internet.error.ConnectionRefusedError': 3,
 'downloader/request_bytes': 1478,
 'downloader/request_count': 3,
 'downloader/request_method_count/GET': 3,
 'elapsed_time_seconds': 63.646515,
 'finish_reason': 'finished',
 'finish_time': datetime.datetime(2022, 3, 10, 1, 47, 19, 975489),
 'log_count/DEBUG': 22,
 'log_count/ERROR': 22,
 'log_count/INFO': 57,
 'memusage/max': 69709824,
 'memusage/startup': 67624960,
 'retry/count': 2,
 'retry/max_reached': 1,
 'retry/reason_count/twisted.internet.error.ConnectionRefusedError': 2,
 'scheduler/dequeued': 3,
 'scheduler/dequeued/memory': 3,
 'scheduler/enqueued': 3,
 'scheduler/enqueued/memory': 3,
 'start_time': datetime.datetime(2022, 3, 10, 1, 46, 16, 328974)}
2022-03-10 01:47:19 [scrapy.core.engine] INFO: Spider closed (finished)
2022-03-10 01:47:19 [scrapy.core.engine] INFO: Closing spider (finished)
2022-03-10 01:47:19 [scrapy.statscollectors] INFO: Dumping Scrapy stats:
{'downloader/exception_count': 3,
 'downloader/exception_type_count/twisted.internet.error.ConnectionRefusedError': 3,
 'downloader/request_bytes': 1408,
 'downloader/request_count': 3,
 'downloader/request_method_count/GET': 3,
 'elapsed_time_seconds': 63.72954,
 'finish_reason': 'finished',
 'finish_time': datetime.datetime(2022, 3, 10, 1, 47, 19, 981569),
 'log_count/DEBUG': 22,
 'log_count/ERROR': 22,
 'log_count/INFO': 124,
 'memusage/max': 69709824,
 'memusage/startup': 66396160,
 'retry/count': 2,
 'retry/max_reached': 1,
 'retry/reason_count/twisted.internet.error.ConnectionRefusedError': 2,
 'scheduler/dequeued': 3,
 'scheduler/dequeued/memory': 3,
 'scheduler/enqueued': 3,
 'scheduler/enqueued/memory': 3,
 'start_time': datetime.datetime(2022, 3, 10, 1, 46, 16, 252029)}
2022-03-10 01:47:19 [scrapy.core.engine] INFO: Spider closed (finished)
2022-03-10 01:47:19 [scrapy.core.engine] INFO: Closing spider (finished)
2022-03-10 01:47:19 [scrapy.statscollectors] INFO: Dumping Scrapy stats:
{'downloader/exception_count': 3,
 'downloader/exception_type_count/twisted.internet.error.ConnectionRefusedError': 3,
 'downloader/request_bytes': 1485,
 'downloader/request_count': 3,
 'downloader/request_method_count/GET': 3,
 'elapsed_time_seconds': 63.670807,
 'finish_reason': 'finished',
 'finish_time': datetime.datetime(2022, 3, 10, 1, 47, 19, 991247),
 'log_count/DEBUG': 22,
 'log_count/ERROR': 22,
 'log_count/INFO': 71,
 'memusage/max': 69709824,
 'memusage/startup': 67624960,
 'retry/count': 2,
 'retry/max_reached': 1,
 'retry/reason_count/twisted.internet.error.ConnectionRefusedError': 2,
 'scheduler/dequeued': 3,
 'scheduler/dequeued/memory': 3,
 'scheduler/enqueued': 3,
 'scheduler/enqueued/memory': 3,
 'start_time': datetime.datetime(2022, 3, 10, 1, 46, 16, 320440)}
2022-03-10 01:47:19 [scrapy.core.engine] INFO: Spider closed (finished)
2022-03-10 01:47:19 [scrapy.core.engine] INFO: Closing spider (finished)
2022-03-10 01:47:19 [scrapy.statscollectors] INFO: Dumping Scrapy stats:
{'downloader/exception_count': 3,
 'downloader/exception_type_count/twisted.internet.error.ConnectionRefusedError': 3,
 'downloader/request_bytes': 1443,
 'downloader/request_count': 3,
 'downloader/request_method_count/GET': 3,
 'elapsed_time_seconds': 63.723959,
 'finish_reason': 'finished',
 'finish_time': datetime.datetime(2022, 3, 10, 1, 47, 19, 994807),
 'log_count/DEBUG': 22,
 'log_count/ERROR': 22,
 'log_count/INFO': 114,
 'memusage/max': 69709824,
 'memusage/startup': 66662400,
 'retry/count': 2,
 'retry/max_reached': 1,
 'retry/reason_count/twisted.internet.error.ConnectionRefusedError': 2,
 'scheduler/dequeued': 3,
 'scheduler/dequeued/memory': 3,
 'scheduler/enqueued': 3,
 'scheduler/enqueued/memory': 3,
 'start_time': datetime.datetime(2022, 3, 10, 1, 46, 16, 270848)}
2022-03-10 01:47:19 [scrapy.core.engine] INFO: Spider closed (finished)
2022-03-10 01:47:20 [DataCleaning] INFO: 0:00:00.001930
2022-03-10 01:47:20 [__main__] INFO: /code/./result/baidu/baidu___20220310014228755279.json
2022-03-10 01:47:20 [__main__] ERROR: 'NoneType' object has no attribute 'upload_file'
Traceback (most recent call last):
  File "MultisiteSchedule.py", line 277, in upload_crawl_file
    connect.upload_file(file, "/text_crawl_file/")
AttributeError: 'NoneType' object has no attribute 'upload_file'
2022-03-10 01:47:20 [__main__] INFO: upload crawl file failure
2022-03-10 01:47:20 [__main__] INFO: result/Images/_1.jpg
2022-03-10 01:47:20 [__main__] ERROR: 'NoneType' object has no attribute 'upload_file'
Traceback (most recent call last):
  File "MultisiteSchedule.py", line 246, in upload_crawl_img_new
    connect.upload_file(file_path, "/imageSearch")
AttributeError: 'NoneType' object has no attribute 'upload_file'
2022-03-10 01:47:20 [__main__] INFO: upload crawl file failure
2022-03-10 01:47:20 [__main__] INFO: scrapy finished
