2022-03-10 01:23:38 [scrapy.middleware] INFO: Enabled extensions:
['scrapy.extensions.corestats.CoreStats',
 'scrapy.extensions.memusage.MemoryUsage',
 'scrapy.extensions.logstats.LogStats']
2022-03-10 01:23:39 [selenium.webdriver.remote.remote_connection] DEBUG: POST http://127.0.0.1:39989/session {"capabilities": {"firstMatch": [{}], "alwaysMatch": {"browserName": "chrome", "platformName": "any", "goog:chromeOptions": {"prefs": {"profile.default_content_setting_values": {"notifications": 2, "images": 2}}, "extensions": [], "args": ["--no-sandbox", "--disable-dev-shm-usage", "--headless"]}}}, "desiredCapabilities": {"browserName": "chrome", "version": "", "platform": "ANY", "goog:chromeOptions": {"prefs": {"profile.default_content_setting_values": {"notifications": 2, "images": 2}}, "extensions": [], "args": ["--no-sandbox", "--disable-dev-shm-usage", "--headless"]}}}
2022-03-10 01:23:39 [urllib3.connectionpool] DEBUG: Starting new HTTP connection (1): 127.0.0.1:39989
2022-03-10 01:23:39 [urllib3.connectionpool] DEBUG: http://127.0.0.1:39989 "POST /session HTTP/1.1" 200 753
2022-03-10 01:23:39 [selenium.webdriver.remote.remote_connection] DEBUG: Finished Request
2022-03-10 01:23:39 [selenium.webdriver.remote.remote_connection] DEBUG: POST http://127.0.0.1:39989/session/bf6c7ad2490bc41f180b93e91d335ed9/timeouts {"implicit": 1000}
2022-03-10 01:23:39 [urllib3.connectionpool] DEBUG: http://127.0.0.1:39989 "POST /session/bf6c7ad2490bc41f180b93e91d335ed9/timeouts HTTP/1.1" 200 14
2022-03-10 01:23:39 [selenium.webdriver.remote.remote_connection] DEBUG: Finished Request
2022-03-10 01:23:39 [scrapy.middleware] INFO: Enabled downloader middlewares:
['scrapy.downloadermiddlewares.httpauth.HttpAuthMiddleware',
 'scrapy.downloadermiddlewares.downloadtimeout.DownloadTimeoutMiddleware',
 'scrapy.downloadermiddlewares.defaultheaders.DefaultHeadersMiddleware',
 'scrapy.downloadermiddlewares.useragent.UserAgentMiddleware',
 'TextProcessorScrapy.middlewares.RandomUserAgentMiddleware',
 'TextProcessorScrapy.middlewares.TextCrawlDownloaderMiddleware',
 'scrapy.downloadermiddlewares.retry.RetryMiddleware',
 'scrapy.downloadermiddlewares.redirect.MetaRefreshMiddleware',
 'scrapy.downloadermiddlewares.httpcompression.HttpCompressionMiddleware',
 'scrapy.downloadermiddlewares.redirect.RedirectMiddleware',
 'scrapy.downloadermiddlewares.cookies.CookiesMiddleware',
 'scrapy.downloadermiddlewares.httpproxy.HttpProxyMiddleware',
 'scrapy.downloadermiddlewares.stats.DownloaderStats']
2022-03-10 01:23:39 [scrapy.middleware] INFO: Enabled spider middlewares:
['scrapy.spidermiddlewares.httperror.HttpErrorMiddleware',
 'scrapy.spidermiddlewares.offsite.OffsiteMiddleware',
 'scrapy.spidermiddlewares.referer.RefererMiddleware',
 'scrapy.spidermiddlewares.urllength.UrlLengthMiddleware',
 'scrapy.spidermiddlewares.depth.DepthMiddleware']
2022-03-10 01:23:39 [scrapy.middleware] INFO: Enabled item pipelines:
['TextProcessorScrapy.pipelines.ImagePipeline',
 'TextProcessorScrapy.pipelines.BaiduPipeline']
2022-03-10 01:23:39 [scrapy.core.engine] INFO: Spider opened
2022-03-10 01:23:39 [scrapy.extensions.logstats] INFO: Crawled 0 pages (at 0 pages/min), scraped 0 items (at 0 items/min)
2022-03-10 01:23:39 [baidu] INFO: Spider opened: baidu
2022-03-10 01:23:39 [scrapy.crawler] INFO: Overridden settings:
{'BOT_NAME': 'TextProcessorScrapy',
 'COMMANDS_MODULE': 'TextProcessorScrapy.commands',
 'CONCURRENT_REQUESTS_PER_DOMAIN': 32,
 'CONCURRENT_REQUESTS_PER_IP': 128,
 'LOG_FILE': 'log/scrapy_2022_3_10_2.log',
 'NEWSPIDER_MODULE': 'TextProcessorScrapy.spiders',
 'REACTOR_THREADPOOL_MAXSIZE': 20,
 'SPIDER_MODULES': ['TextProcessorScrapy.spiders'],
 'TELNETCONSOLE_ENABLED': False}
2022-03-10 01:23:39 [scrapy.middleware] INFO: Enabled extensions:
['scrapy.extensions.corestats.CoreStats',
 'scrapy.extensions.memusage.MemoryUsage',
 'scrapy.extensions.logstats.LogStats']
2022-03-10 01:23:40 [selenium.webdriver.remote.remote_connection] DEBUG: POST http://127.0.0.1:56233/session {"capabilities": {"firstMatch": [{}], "alwaysMatch": {"browserName": "chrome", "platformName": "any", "goog:chromeOptions": {"prefs": {"profile.default_content_setting_values": {"notifications": 2, "images": 2}}, "extensions": [], "args": ["--no-sandbox", "--disable-dev-shm-usage", "--headless"]}}}, "desiredCapabilities": {"browserName": "chrome", "version": "", "platform": "ANY", "goog:chromeOptions": {"prefs": {"profile.default_content_setting_values": {"notifications": 2, "images": 2}}, "extensions": [], "args": ["--no-sandbox", "--disable-dev-shm-usage", "--headless"]}}}
2022-03-10 01:23:40 [urllib3.connectionpool] DEBUG: Starting new HTTP connection (1): 127.0.0.1:56233
2022-03-10 01:23:41 [urllib3.connectionpool] DEBUG: http://127.0.0.1:56233 "POST /session HTTP/1.1" 200 753
2022-03-10 01:23:41 [selenium.webdriver.remote.remote_connection] DEBUG: Finished Request
2022-03-10 01:23:41 [selenium.webdriver.remote.remote_connection] DEBUG: POST http://127.0.0.1:56233/session/85e5e709fbdf0910eeac3fda143e542d/timeouts {"implicit": 1000}
2022-03-10 01:23:41 [urllib3.connectionpool] DEBUG: http://127.0.0.1:56233 "POST /session/85e5e709fbdf0910eeac3fda143e542d/timeouts HTTP/1.1" 200 14
2022-03-10 01:23:41 [selenium.webdriver.remote.remote_connection] DEBUG: Finished Request
2022-03-10 01:23:41 [scrapy.middleware] INFO: Enabled downloader middlewares:
['scrapy.downloadermiddlewares.httpauth.HttpAuthMiddleware',
 'scrapy.downloadermiddlewares.downloadtimeout.DownloadTimeoutMiddleware',
 'scrapy.downloadermiddlewares.defaultheaders.DefaultHeadersMiddleware',
 'scrapy.downloadermiddlewares.useragent.UserAgentMiddleware',
 'TextProcessorScrapy.middlewares.RandomUserAgentMiddleware',
 'TextProcessorScrapy.middlewares.TextCrawlDownloaderMiddleware',
 'scrapy.downloadermiddlewares.retry.RetryMiddleware',
 'scrapy.downloadermiddlewares.redirect.MetaRefreshMiddleware',
 'scrapy.downloadermiddlewares.httpcompression.HttpCompressionMiddleware',
 'scrapy.downloadermiddlewares.redirect.RedirectMiddleware',
 'scrapy.downloadermiddlewares.cookies.CookiesMiddleware',
 'scrapy.downloadermiddlewares.httpproxy.HttpProxyMiddleware',
 'scrapy.downloadermiddlewares.stats.DownloaderStats']
2022-03-10 01:23:41 [scrapy.middleware] INFO: Enabled spider middlewares:
['scrapy.spidermiddlewares.httperror.HttpErrorMiddleware',
 'scrapy.spidermiddlewares.offsite.OffsiteMiddleware',
 'scrapy.spidermiddlewares.referer.RefererMiddleware',
 'scrapy.spidermiddlewares.urllength.UrlLengthMiddleware',
 'scrapy.spidermiddlewares.depth.DepthMiddleware']
2022-03-10 01:23:41 [scrapy.middleware] INFO: Enabled item pipelines:
['TextProcessorScrapy.pipelines.ImagePipeline',
 'TextProcessorScrapy.pipelines.BaiduPipeline']
2022-03-10 01:23:41 [scrapy.core.engine] INFO: Spider opened
2022-03-10 01:23:41 [scrapy.extensions.logstats] INFO: Crawled 0 pages (at 0 pages/min), scraped 0 items (at 0 items/min)
2022-03-10 01:23:41 [baidu] INFO: Spider opened: baidu
2022-03-10 01:23:41 [scrapy.crawler] INFO: Overridden settings:
{'BOT_NAME': 'TextProcessorScrapy',
 'COMMANDS_MODULE': 'TextProcessorScrapy.commands',
 'CONCURRENT_REQUESTS_PER_DOMAIN': 32,
 'CONCURRENT_REQUESTS_PER_IP': 128,
 'LOG_FILE': 'log/scrapy_2022_3_10_2.log',
 'NEWSPIDER_MODULE': 'TextProcessorScrapy.spiders',
 'REACTOR_THREADPOOL_MAXSIZE': 20,
 'SPIDER_MODULES': ['TextProcessorScrapy.spiders'],
 'TELNETCONSOLE_ENABLED': False}
2022-03-10 01:23:41 [scrapy.middleware] INFO: Enabled extensions:
['scrapy.extensions.corestats.CoreStats',
 'scrapy.extensions.memusage.MemoryUsage',
 'scrapy.extensions.logstats.LogStats']
2022-03-10 01:23:42 [selenium.webdriver.remote.remote_connection] DEBUG: POST http://127.0.0.1:35145/session {"capabilities": {"firstMatch": [{}], "alwaysMatch": {"browserName": "chrome", "platformName": "any", "goog:chromeOptions": {"prefs": {"profile.default_content_setting_values": {"notifications": 2, "images": 2}}, "extensions": [], "args": ["--no-sandbox", "--disable-dev-shm-usage", "--headless"]}}}, "desiredCapabilities": {"browserName": "chrome", "version": "", "platform": "ANY", "goog:chromeOptions": {"prefs": {"profile.default_content_setting_values": {"notifications": 2, "images": 2}}, "extensions": [], "args": ["--no-sandbox", "--disable-dev-shm-usage", "--headless"]}}}
2022-03-10 01:23:42 [urllib3.connectionpool] DEBUG: Starting new HTTP connection (1): 127.0.0.1:35145
2022-03-10 01:23:42 [urllib3.connectionpool] DEBUG: http://127.0.0.1:35145 "POST /session HTTP/1.1" 200 753
2022-03-10 01:23:42 [selenium.webdriver.remote.remote_connection] DEBUG: Finished Request
2022-03-10 01:23:42 [selenium.webdriver.remote.remote_connection] DEBUG: POST http://127.0.0.1:35145/session/cc92ca7e82679260eb0908b6b8462bae/timeouts {"implicit": 1000}
2022-03-10 01:23:42 [urllib3.connectionpool] DEBUG: http://127.0.0.1:35145 "POST /session/cc92ca7e82679260eb0908b6b8462bae/timeouts HTTP/1.1" 200 14
2022-03-10 01:23:42 [selenium.webdriver.remote.remote_connection] DEBUG: Finished Request
2022-03-10 01:23:42 [scrapy.middleware] INFO: Enabled downloader middlewares:
['scrapy.downloadermiddlewares.httpauth.HttpAuthMiddleware',
 'scrapy.downloadermiddlewares.downloadtimeout.DownloadTimeoutMiddleware',
 'scrapy.downloadermiddlewares.defaultheaders.DefaultHeadersMiddleware',
 'scrapy.downloadermiddlewares.useragent.UserAgentMiddleware',
 'TextProcessorScrapy.middlewares.RandomUserAgentMiddleware',
 'TextProcessorScrapy.middlewares.TextCrawlDownloaderMiddleware',
 'scrapy.downloadermiddlewares.retry.RetryMiddleware',
 'scrapy.downloadermiddlewares.redirect.MetaRefreshMiddleware',
 'scrapy.downloadermiddlewares.httpcompression.HttpCompressionMiddleware',
 'scrapy.downloadermiddlewares.redirect.RedirectMiddleware',
 'scrapy.downloadermiddlewares.cookies.CookiesMiddleware',
 'scrapy.downloadermiddlewares.httpproxy.HttpProxyMiddleware',
 'scrapy.downloadermiddlewares.stats.DownloaderStats']
2022-03-10 01:23:42 [scrapy.middleware] INFO: Enabled spider middlewares:
['scrapy.spidermiddlewares.httperror.HttpErrorMiddleware',
 'scrapy.spidermiddlewares.offsite.OffsiteMiddleware',
 'scrapy.spidermiddlewares.referer.RefererMiddleware',
 'scrapy.spidermiddlewares.urllength.UrlLengthMiddleware',
 'scrapy.spidermiddlewares.depth.DepthMiddleware']
2022-03-10 01:23:42 [scrapy.middleware] INFO: Enabled item pipelines:
['TextProcessorScrapy.pipelines.ImagePipeline',
 'TextProcessorScrapy.pipelines.BaiduPipeline']
2022-03-10 01:23:42 [scrapy.core.engine] INFO: Spider opened
2022-03-10 01:23:42 [scrapy.extensions.logstats] INFO: Crawled 0 pages (at 0 pages/min), scraped 0 items (at 0 items/min)
2022-03-10 01:23:42 [baidu] INFO: Spider opened: baidu
2022-03-10 01:23:42 [scrapy.crawler] INFO: Overridden settings:
{'BOT_NAME': 'TextProcessorScrapy',
 'COMMANDS_MODULE': 'TextProcessorScrapy.commands',
 'CONCURRENT_REQUESTS_PER_DOMAIN': 32,
 'CONCURRENT_REQUESTS_PER_IP': 128,
 'LOG_FILE': 'log/scrapy_2022_3_10_2.log',
 'NEWSPIDER_MODULE': 'TextProcessorScrapy.spiders',
 'REACTOR_THREADPOOL_MAXSIZE': 20,
 'SPIDER_MODULES': ['TextProcessorScrapy.spiders'],
 'TELNETCONSOLE_ENABLED': False}
2022-03-10 01:23:42 [scrapy.middleware] INFO: Enabled extensions:
['scrapy.extensions.corestats.CoreStats',
 'scrapy.extensions.memusage.MemoryUsage',
 'scrapy.extensions.logstats.LogStats']
2022-03-10 01:23:43 [selenium.webdriver.remote.remote_connection] DEBUG: POST http://127.0.0.1:38219/session {"capabilities": {"firstMatch": [{}], "alwaysMatch": {"browserName": "chrome", "platformName": "any", "goog:chromeOptions": {"prefs": {"profile.default_content_setting_values": {"notifications": 2, "images": 2}}, "extensions": [], "args": ["--no-sandbox", "--disable-dev-shm-usage", "--headless"]}}}, "desiredCapabilities": {"browserName": "chrome", "version": "", "platform": "ANY", "goog:chromeOptions": {"prefs": {"profile.default_content_setting_values": {"notifications": 2, "images": 2}}, "extensions": [], "args": ["--no-sandbox", "--disable-dev-shm-usage", "--headless"]}}}
2022-03-10 01:23:43 [urllib3.connectionpool] DEBUG: Starting new HTTP connection (1): 127.0.0.1:38219
2022-03-10 01:23:43 [urllib3.connectionpool] DEBUG: http://127.0.0.1:38219 "POST /session HTTP/1.1" 200 753
2022-03-10 01:23:43 [selenium.webdriver.remote.remote_connection] DEBUG: Finished Request
2022-03-10 01:23:43 [selenium.webdriver.remote.remote_connection] DEBUG: POST http://127.0.0.1:38219/session/a6f2b47e15ce61dd538c3fb5e2f421f2/timeouts {"implicit": 1000}
2022-03-10 01:23:43 [urllib3.connectionpool] DEBUG: http://127.0.0.1:38219 "POST /session/a6f2b47e15ce61dd538c3fb5e2f421f2/timeouts HTTP/1.1" 200 14
2022-03-10 01:23:43 [selenium.webdriver.remote.remote_connection] DEBUG: Finished Request
2022-03-10 01:23:43 [scrapy.middleware] INFO: Enabled downloader middlewares:
['scrapy.downloadermiddlewares.httpauth.HttpAuthMiddleware',
 'scrapy.downloadermiddlewares.downloadtimeout.DownloadTimeoutMiddleware',
 'scrapy.downloadermiddlewares.defaultheaders.DefaultHeadersMiddleware',
 'scrapy.downloadermiddlewares.useragent.UserAgentMiddleware',
 'TextProcessorScrapy.middlewares.RandomUserAgentMiddleware',
 'TextProcessorScrapy.middlewares.TextCrawlDownloaderMiddleware',
 'scrapy.downloadermiddlewares.retry.RetryMiddleware',
 'scrapy.downloadermiddlewares.redirect.MetaRefreshMiddleware',
 'scrapy.downloadermiddlewares.httpcompression.HttpCompressionMiddleware',
 'scrapy.downloadermiddlewares.redirect.RedirectMiddleware',
 'scrapy.downloadermiddlewares.cookies.CookiesMiddleware',
 'scrapy.downloadermiddlewares.httpproxy.HttpProxyMiddleware',
 'scrapy.downloadermiddlewares.stats.DownloaderStats']
2022-03-10 01:23:43 [scrapy.middleware] INFO: Enabled spider middlewares:
['scrapy.spidermiddlewares.httperror.HttpErrorMiddleware',
 'scrapy.spidermiddlewares.offsite.OffsiteMiddleware',
 'scrapy.spidermiddlewares.referer.RefererMiddleware',
 'scrapy.spidermiddlewares.urllength.UrlLengthMiddleware',
 'scrapy.spidermiddlewares.depth.DepthMiddleware']
2022-03-10 01:23:43 [scrapy.middleware] INFO: Enabled item pipelines:
['TextProcessorScrapy.pipelines.ImagePipeline',
 'TextProcessorScrapy.pipelines.BaiduPipeline']
2022-03-10 01:23:43 [scrapy.core.engine] INFO: Spider opened
2022-03-10 01:23:43 [scrapy.extensions.logstats] INFO: Crawled 0 pages (at 0 pages/min), scraped 0 items (at 0 items/min)
2022-03-10 01:23:43 [baidu] INFO: Spider opened: baidu
2022-03-10 01:23:43 [scrapy.crawler] INFO: Overridden settings:
{'BOT_NAME': 'TextProcessorScrapy',
 'COMMANDS_MODULE': 'TextProcessorScrapy.commands',
 'CONCURRENT_REQUESTS_PER_DOMAIN': 32,
 'CONCURRENT_REQUESTS_PER_IP': 128,
 'LOG_FILE': 'log/scrapy_2022_3_10_2.log',
 'NEWSPIDER_MODULE': 'TextProcessorScrapy.spiders',
 'REACTOR_THREADPOOL_MAXSIZE': 20,
 'SPIDER_MODULES': ['TextProcessorScrapy.spiders'],
 'TELNETCONSOLE_ENABLED': False}
2022-03-10 01:23:43 [scrapy.middleware] INFO: Enabled extensions:
['scrapy.extensions.corestats.CoreStats',
 'scrapy.extensions.memusage.MemoryUsage',
 'scrapy.extensions.logstats.LogStats']
2022-03-10 01:23:44 [selenium.webdriver.remote.remote_connection] DEBUG: POST http://127.0.0.1:55891/session {"capabilities": {"firstMatch": [{}], "alwaysMatch": {"browserName": "chrome", "platformName": "any", "goog:chromeOptions": {"prefs": {"profile.default_content_setting_values": {"notifications": 2, "images": 2}}, "extensions": [], "args": ["--no-sandbox", "--disable-dev-shm-usage", "--headless"]}}}, "desiredCapabilities": {"browserName": "chrome", "version": "", "platform": "ANY", "goog:chromeOptions": {"prefs": {"profile.default_content_setting_values": {"notifications": 2, "images": 2}}, "extensions": [], "args": ["--no-sandbox", "--disable-dev-shm-usage", "--headless"]}}}
2022-03-10 01:23:44 [urllib3.connectionpool] DEBUG: Starting new HTTP connection (1): 127.0.0.1:55891
2022-03-10 01:23:44 [urllib3.connectionpool] DEBUG: http://127.0.0.1:55891 "POST /session HTTP/1.1" 200 753
2022-03-10 01:23:44 [selenium.webdriver.remote.remote_connection] DEBUG: Finished Request
2022-03-10 01:23:44 [selenium.webdriver.remote.remote_connection] DEBUG: POST http://127.0.0.1:55891/session/cc3cbc34b71895edcb55023cbc416628/timeouts {"implicit": 1000}
2022-03-10 01:23:44 [urllib3.connectionpool] DEBUG: http://127.0.0.1:55891 "POST /session/cc3cbc34b71895edcb55023cbc416628/timeouts HTTP/1.1" 200 14
2022-03-10 01:23:44 [selenium.webdriver.remote.remote_connection] DEBUG: Finished Request
2022-03-10 01:23:44 [scrapy.middleware] INFO: Enabled downloader middlewares:
['scrapy.downloadermiddlewares.httpauth.HttpAuthMiddleware',
 'scrapy.downloadermiddlewares.downloadtimeout.DownloadTimeoutMiddleware',
 'scrapy.downloadermiddlewares.defaultheaders.DefaultHeadersMiddleware',
 'scrapy.downloadermiddlewares.useragent.UserAgentMiddleware',
 'TextProcessorScrapy.middlewares.RandomUserAgentMiddleware',
 'TextProcessorScrapy.middlewares.TextCrawlDownloaderMiddleware',
 'scrapy.downloadermiddlewares.retry.RetryMiddleware',
 'scrapy.downloadermiddlewares.redirect.MetaRefreshMiddleware',
 'scrapy.downloadermiddlewares.httpcompression.HttpCompressionMiddleware',
 'scrapy.downloadermiddlewares.redirect.RedirectMiddleware',
 'scrapy.downloadermiddlewares.cookies.CookiesMiddleware',
 'scrapy.downloadermiddlewares.httpproxy.HttpProxyMiddleware',
 'scrapy.downloadermiddlewares.stats.DownloaderStats']
2022-03-10 01:23:44 [scrapy.middleware] INFO: Enabled spider middlewares:
['scrapy.spidermiddlewares.httperror.HttpErrorMiddleware',
 'scrapy.spidermiddlewares.offsite.OffsiteMiddleware',
 'scrapy.spidermiddlewares.referer.RefererMiddleware',
 'scrapy.spidermiddlewares.urllength.UrlLengthMiddleware',
 'scrapy.spidermiddlewares.depth.DepthMiddleware']
2022-03-10 01:23:44 [scrapy.middleware] INFO: Enabled item pipelines:
['TextProcessorScrapy.pipelines.ImagePipeline',
 'TextProcessorScrapy.pipelines.BaiduPipeline']
2022-03-10 01:23:44 [scrapy.core.engine] INFO: Spider opened
2022-03-10 01:23:44 [scrapy.extensions.logstats] INFO: Crawled 0 pages (at 0 pages/min), scraped 0 items (at 0 items/min)
2022-03-10 01:23:44 [baidu] INFO: Spider opened: baidu
2022-03-10 01:23:44 [scrapy.crawler] INFO: Overridden settings:
{'BOT_NAME': 'TextProcessorScrapy',
 'COMMANDS_MODULE': 'TextProcessorScrapy.commands',
 'CONCURRENT_REQUESTS_PER_DOMAIN': 32,
 'CONCURRENT_REQUESTS_PER_IP': 128,
 'LOG_FILE': 'log/scrapy_2022_3_10_2.log',
 'NEWSPIDER_MODULE': 'TextProcessorScrapy.spiders',
 'REACTOR_THREADPOOL_MAXSIZE': 20,
 'SPIDER_MODULES': ['TextProcessorScrapy.spiders'],
 'TELNETCONSOLE_ENABLED': False}
2022-03-10 01:23:44 [scrapy.middleware] INFO: Enabled extensions:
['scrapy.extensions.corestats.CoreStats',
 'scrapy.extensions.memusage.MemoryUsage',
 'scrapy.extensions.logstats.LogStats']
2022-03-10 01:23:45 [selenium.webdriver.remote.remote_connection] DEBUG: POST http://127.0.0.1:53173/session {"capabilities": {"firstMatch": [{}], "alwaysMatch": {"browserName": "chrome", "platformName": "any", "goog:chromeOptions": {"prefs": {"profile.default_content_setting_values": {"notifications": 2, "images": 2}}, "extensions": [], "args": ["--no-sandbox", "--disable-dev-shm-usage", "--headless"]}}}, "desiredCapabilities": {"browserName": "chrome", "version": "", "platform": "ANY", "goog:chromeOptions": {"prefs": {"profile.default_content_setting_values": {"notifications": 2, "images": 2}}, "extensions": [], "args": ["--no-sandbox", "--disable-dev-shm-usage", "--headless"]}}}
2022-03-10 01:23:45 [urllib3.connectionpool] DEBUG: Starting new HTTP connection (1): 127.0.0.1:53173
2022-03-10 01:23:45 [urllib3.connectionpool] DEBUG: http://127.0.0.1:53173 "POST /session HTTP/1.1" 200 753
2022-03-10 01:23:45 [selenium.webdriver.remote.remote_connection] DEBUG: Finished Request
2022-03-10 01:23:45 [selenium.webdriver.remote.remote_connection] DEBUG: POST http://127.0.0.1:53173/session/55ba520cd8c8fcea869489d6f22d38e0/timeouts {"implicit": 1000}
2022-03-10 01:23:45 [urllib3.connectionpool] DEBUG: http://127.0.0.1:53173 "POST /session/55ba520cd8c8fcea869489d6f22d38e0/timeouts HTTP/1.1" 200 14
2022-03-10 01:23:45 [selenium.webdriver.remote.remote_connection] DEBUG: Finished Request
2022-03-10 01:23:45 [scrapy.middleware] INFO: Enabled downloader middlewares:
['scrapy.downloadermiddlewares.httpauth.HttpAuthMiddleware',
 'scrapy.downloadermiddlewares.downloadtimeout.DownloadTimeoutMiddleware',
 'scrapy.downloadermiddlewares.defaultheaders.DefaultHeadersMiddleware',
 'scrapy.downloadermiddlewares.useragent.UserAgentMiddleware',
 'TextProcessorScrapy.middlewares.RandomUserAgentMiddleware',
 'TextProcessorScrapy.middlewares.TextCrawlDownloaderMiddleware',
 'scrapy.downloadermiddlewares.retry.RetryMiddleware',
 'scrapy.downloadermiddlewares.redirect.MetaRefreshMiddleware',
 'scrapy.downloadermiddlewares.httpcompression.HttpCompressionMiddleware',
 'scrapy.downloadermiddlewares.redirect.RedirectMiddleware',
 'scrapy.downloadermiddlewares.cookies.CookiesMiddleware',
 'scrapy.downloadermiddlewares.httpproxy.HttpProxyMiddleware',
 'scrapy.downloadermiddlewares.stats.DownloaderStats']
2022-03-10 01:23:45 [scrapy.middleware] INFO: Enabled spider middlewares:
['scrapy.spidermiddlewares.httperror.HttpErrorMiddleware',
 'scrapy.spidermiddlewares.offsite.OffsiteMiddleware',
 'scrapy.spidermiddlewares.referer.RefererMiddleware',
 'scrapy.spidermiddlewares.urllength.UrlLengthMiddleware',
 'scrapy.spidermiddlewares.depth.DepthMiddleware']
2022-03-10 01:23:45 [scrapy.middleware] INFO: Enabled item pipelines:
['TextProcessorScrapy.pipelines.ImagePipeline',
 'TextProcessorScrapy.pipelines.BaiduPipeline']
2022-03-10 01:23:45 [scrapy.core.engine] INFO: Spider opened
2022-03-10 01:23:45 [scrapy.extensions.logstats] INFO: Crawled 0 pages (at 0 pages/min), scraped 0 items (at 0 items/min)
2022-03-10 01:23:45 [baidu] INFO: Spider opened: baidu
2022-03-10 01:23:45 [scrapy.crawler] INFO: Overridden settings:
{'BOT_NAME': 'TextProcessorScrapy',
 'COMMANDS_MODULE': 'TextProcessorScrapy.commands',
 'CONCURRENT_REQUESTS_PER_DOMAIN': 32,
 'CONCURRENT_REQUESTS_PER_IP': 128,
 'LOG_FILE': 'log/scrapy_2022_3_10_2.log',
 'NEWSPIDER_MODULE': 'TextProcessorScrapy.spiders',
 'REACTOR_THREADPOOL_MAXSIZE': 20,
 'SPIDER_MODULES': ['TextProcessorScrapy.spiders'],
 'TELNETCONSOLE_ENABLED': False}
2022-03-10 01:23:45 [scrapy.middleware] INFO: Enabled extensions:
['scrapy.extensions.corestats.CoreStats',
 'scrapy.extensions.memusage.MemoryUsage',
 'scrapy.extensions.logstats.LogStats']
2022-03-10 01:23:46 [selenium.webdriver.remote.remote_connection] DEBUG: POST http://127.0.0.1:46123/session {"capabilities": {"firstMatch": [{}], "alwaysMatch": {"browserName": "chrome", "platformName": "any", "goog:chromeOptions": {"prefs": {"profile.default_content_setting_values": {"notifications": 2, "images": 2}}, "extensions": [], "args": ["--no-sandbox", "--disable-dev-shm-usage", "--headless"]}}}, "desiredCapabilities": {"browserName": "chrome", "version": "", "platform": "ANY", "goog:chromeOptions": {"prefs": {"profile.default_content_setting_values": {"notifications": 2, "images": 2}}, "extensions": [], "args": ["--no-sandbox", "--disable-dev-shm-usage", "--headless"]}}}
2022-03-10 01:23:46 [urllib3.connectionpool] DEBUG: Starting new HTTP connection (1): 127.0.0.1:46123
2022-03-10 01:23:46 [urllib3.connectionpool] DEBUG: http://127.0.0.1:46123 "POST /session HTTP/1.1" 200 753
2022-03-10 01:23:46 [selenium.webdriver.remote.remote_connection] DEBUG: Finished Request
2022-03-10 01:23:46 [selenium.webdriver.remote.remote_connection] DEBUG: POST http://127.0.0.1:46123/session/cbd8508725e955ad46c67e43e67e668d/timeouts {"implicit": 1000}
2022-03-10 01:23:46 [urllib3.connectionpool] DEBUG: http://127.0.0.1:46123 "POST /session/cbd8508725e955ad46c67e43e67e668d/timeouts HTTP/1.1" 200 14
2022-03-10 01:23:46 [selenium.webdriver.remote.remote_connection] DEBUG: Finished Request
2022-03-10 01:23:46 [scrapy.middleware] INFO: Enabled downloader middlewares:
['scrapy.downloadermiddlewares.httpauth.HttpAuthMiddleware',
 'scrapy.downloadermiddlewares.downloadtimeout.DownloadTimeoutMiddleware',
 'scrapy.downloadermiddlewares.defaultheaders.DefaultHeadersMiddleware',
 'scrapy.downloadermiddlewares.useragent.UserAgentMiddleware',
 'TextProcessorScrapy.middlewares.RandomUserAgentMiddleware',
 'TextProcessorScrapy.middlewares.TextCrawlDownloaderMiddleware',
 'scrapy.downloadermiddlewares.retry.RetryMiddleware',
 'scrapy.downloadermiddlewares.redirect.MetaRefreshMiddleware',
 'scrapy.downloadermiddlewares.httpcompression.HttpCompressionMiddleware',
 'scrapy.downloadermiddlewares.redirect.RedirectMiddleware',
 'scrapy.downloadermiddlewares.cookies.CookiesMiddleware',
 'scrapy.downloadermiddlewares.httpproxy.HttpProxyMiddleware',
 'scrapy.downloadermiddlewares.stats.DownloaderStats']
2022-03-10 01:23:46 [scrapy.middleware] INFO: Enabled spider middlewares:
['scrapy.spidermiddlewares.httperror.HttpErrorMiddleware',
 'scrapy.spidermiddlewares.offsite.OffsiteMiddleware',
 'scrapy.spidermiddlewares.referer.RefererMiddleware',
 'scrapy.spidermiddlewares.urllength.UrlLengthMiddleware',
 'scrapy.spidermiddlewares.depth.DepthMiddleware']
2022-03-10 01:23:46 [scrapy.middleware] INFO: Enabled item pipelines:
['TextProcessorScrapy.pipelines.ImagePipeline',
 'TextProcessorScrapy.pipelines.BaiduPipeline']
2022-03-10 01:23:46 [scrapy.core.engine] INFO: Spider opened
2022-03-10 01:23:46 [scrapy.extensions.logstats] INFO: Crawled 0 pages (at 0 pages/min), scraped 0 items (at 0 items/min)
2022-03-10 01:23:46 [baidu] INFO: Spider opened: baidu
2022-03-10 01:23:46 [scrapy.crawler] INFO: Overridden settings:
{'BOT_NAME': 'TextProcessorScrapy',
 'COMMANDS_MODULE': 'TextProcessorScrapy.commands',
 'CONCURRENT_REQUESTS_PER_DOMAIN': 32,
 'CONCURRENT_REQUESTS_PER_IP': 128,
 'LOG_FILE': 'log/scrapy_2022_3_10_2.log',
 'NEWSPIDER_MODULE': 'TextProcessorScrapy.spiders',
 'REACTOR_THREADPOOL_MAXSIZE': 20,
 'SPIDER_MODULES': ['TextProcessorScrapy.spiders'],
 'TELNETCONSOLE_ENABLED': False}
2022-03-10 01:23:46 [scrapy.middleware] INFO: Enabled extensions:
['scrapy.extensions.corestats.CoreStats',
 'scrapy.extensions.memusage.MemoryUsage',
 'scrapy.extensions.logstats.LogStats']
2022-03-10 01:23:47 [selenium.webdriver.remote.remote_connection] DEBUG: POST http://127.0.0.1:48323/session {"capabilities": {"firstMatch": [{}], "alwaysMatch": {"browserName": "chrome", "platformName": "any", "goog:chromeOptions": {"prefs": {"profile.default_content_setting_values": {"notifications": 2, "images": 2}}, "extensions": [], "args": ["--no-sandbox", "--disable-dev-shm-usage", "--headless"]}}}, "desiredCapabilities": {"browserName": "chrome", "version": "", "platform": "ANY", "goog:chromeOptions": {"prefs": {"profile.default_content_setting_values": {"notifications": 2, "images": 2}}, "extensions": [], "args": ["--no-sandbox", "--disable-dev-shm-usage", "--headless"]}}}
2022-03-10 01:23:47 [urllib3.connectionpool] DEBUG: Starting new HTTP connection (1): 127.0.0.1:48323
2022-03-10 01:23:47 [urllib3.connectionpool] DEBUG: http://127.0.0.1:48323 "POST /session HTTP/1.1" 200 753
2022-03-10 01:23:47 [selenium.webdriver.remote.remote_connection] DEBUG: Finished Request
2022-03-10 01:23:47 [selenium.webdriver.remote.remote_connection] DEBUG: POST http://127.0.0.1:48323/session/539ee63be9e1ddda0cb8aab4963dc53f/timeouts {"implicit": 1000}
2022-03-10 01:23:47 [urllib3.connectionpool] DEBUG: http://127.0.0.1:48323 "POST /session/539ee63be9e1ddda0cb8aab4963dc53f/timeouts HTTP/1.1" 200 14
2022-03-10 01:23:47 [selenium.webdriver.remote.remote_connection] DEBUG: Finished Request
2022-03-10 01:23:47 [scrapy.middleware] INFO: Enabled downloader middlewares:
['scrapy.downloadermiddlewares.httpauth.HttpAuthMiddleware',
 'scrapy.downloadermiddlewares.downloadtimeout.DownloadTimeoutMiddleware',
 'scrapy.downloadermiddlewares.defaultheaders.DefaultHeadersMiddleware',
 'scrapy.downloadermiddlewares.useragent.UserAgentMiddleware',
 'TextProcessorScrapy.middlewares.RandomUserAgentMiddleware',
 'TextProcessorScrapy.middlewares.TextCrawlDownloaderMiddleware',
 'scrapy.downloadermiddlewares.retry.RetryMiddleware',
 'scrapy.downloadermiddlewares.redirect.MetaRefreshMiddleware',
 'scrapy.downloadermiddlewares.httpcompression.HttpCompressionMiddleware',
 'scrapy.downloadermiddlewares.redirect.RedirectMiddleware',
 'scrapy.downloadermiddlewares.cookies.CookiesMiddleware',
 'scrapy.downloadermiddlewares.httpproxy.HttpProxyMiddleware',
 'scrapy.downloadermiddlewares.stats.DownloaderStats']
2022-03-10 01:23:47 [scrapy.middleware] INFO: Enabled spider middlewares:
['scrapy.spidermiddlewares.httperror.HttpErrorMiddleware',
 'scrapy.spidermiddlewares.offsite.OffsiteMiddleware',
 'scrapy.spidermiddlewares.referer.RefererMiddleware',
 'scrapy.spidermiddlewares.urllength.UrlLengthMiddleware',
 'scrapy.spidermiddlewares.depth.DepthMiddleware']
2022-03-10 01:23:47 [scrapy.middleware] INFO: Enabled item pipelines:
['TextProcessorScrapy.pipelines.ImagePipeline',
 'TextProcessorScrapy.pipelines.BaiduPipeline']
2022-03-10 01:23:47 [scrapy.core.engine] INFO: Spider opened
2022-03-10 01:23:47 [scrapy.extensions.logstats] INFO: Crawled 0 pages (at 0 pages/min), scraped 0 items (at 0 items/min)
2022-03-10 01:23:47 [baidu] INFO: Spider opened: baidu
2022-03-10 01:23:47 [scrapy.crawler] INFO: Overridden settings:
{'BOT_NAME': 'TextProcessorScrapy',
 'COMMANDS_MODULE': 'TextProcessorScrapy.commands',
 'CONCURRENT_REQUESTS_PER_DOMAIN': 32,
 'CONCURRENT_REQUESTS_PER_IP': 128,
 'LOG_FILE': 'log/scrapy_2022_3_10_2.log',
 'NEWSPIDER_MODULE': 'TextProcessorScrapy.spiders',
 'REACTOR_THREADPOOL_MAXSIZE': 20,
 'SPIDER_MODULES': ['TextProcessorScrapy.spiders'],
 'TELNETCONSOLE_ENABLED': False}
2022-03-10 01:23:47 [scrapy.middleware] INFO: Enabled extensions:
['scrapy.extensions.corestats.CoreStats',
 'scrapy.extensions.memusage.MemoryUsage',
 'scrapy.extensions.logstats.LogStats']
2022-03-10 01:23:48 [selenium.webdriver.remote.remote_connection] DEBUG: POST http://127.0.0.1:56041/session {"capabilities": {"firstMatch": [{}], "alwaysMatch": {"browserName": "chrome", "platformName": "any", "goog:chromeOptions": {"prefs": {"profile.default_content_setting_values": {"notifications": 2, "images": 2}}, "extensions": [], "args": ["--no-sandbox", "--disable-dev-shm-usage", "--headless"]}}}, "desiredCapabilities": {"browserName": "chrome", "version": "", "platform": "ANY", "goog:chromeOptions": {"prefs": {"profile.default_content_setting_values": {"notifications": 2, "images": 2}}, "extensions": [], "args": ["--no-sandbox", "--disable-dev-shm-usage", "--headless"]}}}
2022-03-10 01:23:48 [urllib3.connectionpool] DEBUG: Starting new HTTP connection (1): 127.0.0.1:56041
2022-03-10 01:23:49 [urllib3.connectionpool] DEBUG: http://127.0.0.1:56041 "POST /session HTTP/1.1" 200 753
2022-03-10 01:23:49 [selenium.webdriver.remote.remote_connection] DEBUG: Finished Request
2022-03-10 01:23:49 [selenium.webdriver.remote.remote_connection] DEBUG: POST http://127.0.0.1:56041/session/d9b7f485dbbb336e63da99a0430048e8/timeouts {"implicit": 1000}
2022-03-10 01:23:49 [urllib3.connectionpool] DEBUG: http://127.0.0.1:56041 "POST /session/d9b7f485dbbb336e63da99a0430048e8/timeouts HTTP/1.1" 200 14
2022-03-10 01:23:49 [selenium.webdriver.remote.remote_connection] DEBUG: Finished Request
2022-03-10 01:23:49 [scrapy.middleware] INFO: Enabled downloader middlewares:
['scrapy.downloadermiddlewares.httpauth.HttpAuthMiddleware',
 'scrapy.downloadermiddlewares.downloadtimeout.DownloadTimeoutMiddleware',
 'scrapy.downloadermiddlewares.defaultheaders.DefaultHeadersMiddleware',
 'scrapy.downloadermiddlewares.useragent.UserAgentMiddleware',
 'TextProcessorScrapy.middlewares.RandomUserAgentMiddleware',
 'TextProcessorScrapy.middlewares.TextCrawlDownloaderMiddleware',
 'scrapy.downloadermiddlewares.retry.RetryMiddleware',
 'scrapy.downloadermiddlewares.redirect.MetaRefreshMiddleware',
 'scrapy.downloadermiddlewares.httpcompression.HttpCompressionMiddleware',
 'scrapy.downloadermiddlewares.redirect.RedirectMiddleware',
 'scrapy.downloadermiddlewares.cookies.CookiesMiddleware',
 'scrapy.downloadermiddlewares.httpproxy.HttpProxyMiddleware',
 'scrapy.downloadermiddlewares.stats.DownloaderStats']
2022-03-10 01:23:49 [scrapy.middleware] INFO: Enabled spider middlewares:
['scrapy.spidermiddlewares.httperror.HttpErrorMiddleware',
 'scrapy.spidermiddlewares.offsite.OffsiteMiddleware',
 'scrapy.spidermiddlewares.referer.RefererMiddleware',
 'scrapy.spidermiddlewares.urllength.UrlLengthMiddleware',
 'scrapy.spidermiddlewares.depth.DepthMiddleware']
2022-03-10 01:23:49 [scrapy.middleware] INFO: Enabled item pipelines:
['TextProcessorScrapy.pipelines.ImagePipeline',
 'TextProcessorScrapy.pipelines.BaiduPipeline']
2022-03-10 01:23:49 [scrapy.core.engine] INFO: Spider opened
2022-03-10 01:23:49 [scrapy.extensions.logstats] INFO: Crawled 0 pages (at 0 pages/min), scraped 0 items (at 0 items/min)
2022-03-10 01:23:49 [baidu] INFO: Spider opened: baidu
2022-03-10 01:23:49 [scrapy.crawler] INFO: Overridden settings:
{'BOT_NAME': 'TextProcessorScrapy',
 'COMMANDS_MODULE': 'TextProcessorScrapy.commands',
 'CONCURRENT_REQUESTS_PER_DOMAIN': 32,
 'CONCURRENT_REQUESTS_PER_IP': 128,
 'LOG_FILE': 'log/scrapy_2022_3_10_2.log',
 'NEWSPIDER_MODULE': 'TextProcessorScrapy.spiders',
 'REACTOR_THREADPOOL_MAXSIZE': 20,
 'SPIDER_MODULES': ['TextProcessorScrapy.spiders'],
 'TELNETCONSOLE_ENABLED': False}
2022-03-10 01:23:49 [scrapy.middleware] INFO: Enabled extensions:
['scrapy.extensions.corestats.CoreStats',
 'scrapy.extensions.memusage.MemoryUsage',
 'scrapy.extensions.logstats.LogStats']
2022-03-10 01:23:50 [selenium.webdriver.remote.remote_connection] DEBUG: POST http://127.0.0.1:59963/session {"capabilities": {"firstMatch": [{}], "alwaysMatch": {"browserName": "chrome", "platformName": "any", "goog:chromeOptions": {"prefs": {"profile.default_content_setting_values": {"notifications": 2, "images": 2}}, "extensions": [], "args": ["--no-sandbox", "--disable-dev-shm-usage", "--headless"]}}}, "desiredCapabilities": {"browserName": "chrome", "version": "", "platform": "ANY", "goog:chromeOptions": {"prefs": {"profile.default_content_setting_values": {"notifications": 2, "images": 2}}, "extensions": [], "args": ["--no-sandbox", "--disable-dev-shm-usage", "--headless"]}}}
2022-03-10 01:23:50 [urllib3.connectionpool] DEBUG: Starting new HTTP connection (1): 127.0.0.1:59963
2022-03-10 01:23:50 [urllib3.connectionpool] DEBUG: http://127.0.0.1:59963 "POST /session HTTP/1.1" 200 753
2022-03-10 01:23:50 [selenium.webdriver.remote.remote_connection] DEBUG: Finished Request
2022-03-10 01:23:50 [selenium.webdriver.remote.remote_connection] DEBUG: POST http://127.0.0.1:59963/session/01187af33153098c87dad0673385b745/timeouts {"implicit": 1000}
2022-03-10 01:23:50 [urllib3.connectionpool] DEBUG: http://127.0.0.1:59963 "POST /session/01187af33153098c87dad0673385b745/timeouts HTTP/1.1" 200 14
2022-03-10 01:23:50 [selenium.webdriver.remote.remote_connection] DEBUG: Finished Request
2022-03-10 01:23:50 [scrapy.middleware] INFO: Enabled downloader middlewares:
['scrapy.downloadermiddlewares.httpauth.HttpAuthMiddleware',
 'scrapy.downloadermiddlewares.downloadtimeout.DownloadTimeoutMiddleware',
 'scrapy.downloadermiddlewares.defaultheaders.DefaultHeadersMiddleware',
 'scrapy.downloadermiddlewares.useragent.UserAgentMiddleware',
 'TextProcessorScrapy.middlewares.RandomUserAgentMiddleware',
 'TextProcessorScrapy.middlewares.TextCrawlDownloaderMiddleware',
 'scrapy.downloadermiddlewares.retry.RetryMiddleware',
 'scrapy.downloadermiddlewares.redirect.MetaRefreshMiddleware',
 'scrapy.downloadermiddlewares.httpcompression.HttpCompressionMiddleware',
 'scrapy.downloadermiddlewares.redirect.RedirectMiddleware',
 'scrapy.downloadermiddlewares.cookies.CookiesMiddleware',
 'scrapy.downloadermiddlewares.httpproxy.HttpProxyMiddleware',
 'scrapy.downloadermiddlewares.stats.DownloaderStats']
2022-03-10 01:23:50 [scrapy.middleware] INFO: Enabled spider middlewares:
['scrapy.spidermiddlewares.httperror.HttpErrorMiddleware',
 'scrapy.spidermiddlewares.offsite.OffsiteMiddleware',
 'scrapy.spidermiddlewares.referer.RefererMiddleware',
 'scrapy.spidermiddlewares.urllength.UrlLengthMiddleware',
 'scrapy.spidermiddlewares.depth.DepthMiddleware']
2022-03-10 01:23:50 [scrapy.middleware] INFO: Enabled item pipelines:
['TextProcessorScrapy.pipelines.ImagePipeline',
 'TextProcessorScrapy.pipelines.BaiduPipeline']
2022-03-10 01:23:50 [scrapy.core.engine] INFO: Spider opened
2022-03-10 01:23:50 [scrapy.extensions.logstats] INFO: Crawled 0 pages (at 0 pages/min), scraped 0 items (at 0 items/min)
2022-03-10 01:23:50 [baidu] INFO: Spider opened: baidu
2022-03-10 01:23:50 [scrapy.crawler] INFO: Overridden settings:
{'BOT_NAME': 'TextProcessorScrapy',
 'COMMANDS_MODULE': 'TextProcessorScrapy.commands',
 'CONCURRENT_REQUESTS_PER_DOMAIN': 32,
 'CONCURRENT_REQUESTS_PER_IP': 128,
 'LOG_FILE': 'log/scrapy_2022_3_10_2.log',
 'NEWSPIDER_MODULE': 'TextProcessorScrapy.spiders',
 'REACTOR_THREADPOOL_MAXSIZE': 20,
 'SPIDER_MODULES': ['TextProcessorScrapy.spiders'],
 'TELNETCONSOLE_ENABLED': False}
2022-03-10 01:23:50 [scrapy.middleware] INFO: Enabled extensions:
['scrapy.extensions.corestats.CoreStats',
 'scrapy.extensions.memusage.MemoryUsage',
 'scrapy.extensions.logstats.LogStats']
2022-03-10 01:23:51 [selenium.webdriver.remote.remote_connection] DEBUG: POST http://127.0.0.1:50099/session {"capabilities": {"firstMatch": [{}], "alwaysMatch": {"browserName": "chrome", "platformName": "any", "goog:chromeOptions": {"prefs": {"profile.default_content_setting_values": {"notifications": 2, "images": 2}}, "extensions": [], "args": ["--no-sandbox", "--disable-dev-shm-usage", "--headless"]}}}, "desiredCapabilities": {"browserName": "chrome", "version": "", "platform": "ANY", "goog:chromeOptions": {"prefs": {"profile.default_content_setting_values": {"notifications": 2, "images": 2}}, "extensions": [], "args": ["--no-sandbox", "--disable-dev-shm-usage", "--headless"]}}}
2022-03-10 01:23:51 [urllib3.connectionpool] DEBUG: Starting new HTTP connection (1): 127.0.0.1:50099
2022-03-10 01:23:51 [urllib3.connectionpool] DEBUG: http://127.0.0.1:50099 "POST /session HTTP/1.1" 200 753
2022-03-10 01:23:51 [selenium.webdriver.remote.remote_connection] DEBUG: Finished Request
2022-03-10 01:23:51 [selenium.webdriver.remote.remote_connection] DEBUG: POST http://127.0.0.1:50099/session/aa7d6aa782ef21a1482633c584bd237a/timeouts {"implicit": 1000}
2022-03-10 01:23:51 [urllib3.connectionpool] DEBUG: http://127.0.0.1:50099 "POST /session/aa7d6aa782ef21a1482633c584bd237a/timeouts HTTP/1.1" 200 14
2022-03-10 01:23:51 [selenium.webdriver.remote.remote_connection] DEBUG: Finished Request
2022-03-10 01:23:51 [scrapy.middleware] INFO: Enabled downloader middlewares:
['scrapy.downloadermiddlewares.httpauth.HttpAuthMiddleware',
 'scrapy.downloadermiddlewares.downloadtimeout.DownloadTimeoutMiddleware',
 'scrapy.downloadermiddlewares.defaultheaders.DefaultHeadersMiddleware',
 'scrapy.downloadermiddlewares.useragent.UserAgentMiddleware',
 'TextProcessorScrapy.middlewares.RandomUserAgentMiddleware',
 'TextProcessorScrapy.middlewares.TextCrawlDownloaderMiddleware',
 'scrapy.downloadermiddlewares.retry.RetryMiddleware',
 'scrapy.downloadermiddlewares.redirect.MetaRefreshMiddleware',
 'scrapy.downloadermiddlewares.httpcompression.HttpCompressionMiddleware',
 'scrapy.downloadermiddlewares.redirect.RedirectMiddleware',
 'scrapy.downloadermiddlewares.cookies.CookiesMiddleware',
 'scrapy.downloadermiddlewares.httpproxy.HttpProxyMiddleware',
 'scrapy.downloadermiddlewares.stats.DownloaderStats']
2022-03-10 01:23:51 [scrapy.middleware] INFO: Enabled spider middlewares:
['scrapy.spidermiddlewares.httperror.HttpErrorMiddleware',
 'scrapy.spidermiddlewares.offsite.OffsiteMiddleware',
 'scrapy.spidermiddlewares.referer.RefererMiddleware',
 'scrapy.spidermiddlewares.urllength.UrlLengthMiddleware',
 'scrapy.spidermiddlewares.depth.DepthMiddleware']
2022-03-10 01:23:51 [scrapy.middleware] INFO: Enabled item pipelines:
['TextProcessorScrapy.pipelines.ImagePipeline',
 'TextProcessorScrapy.pipelines.BaiduPipeline']
2022-03-10 01:23:51 [scrapy.core.engine] INFO: Spider opened
2022-03-10 01:23:51 [scrapy.extensions.logstats] INFO: Crawled 0 pages (at 0 pages/min), scraped 0 items (at 0 items/min)
2022-03-10 01:23:51 [baidu] INFO: Spider opened: baidu
2022-03-10 01:23:55 [scrapy.downloadermiddlewares.retry] DEBUG: Retrying <GET https://baike.baidu.com/item/%E8%A3%85%E7%94%B2%E9%98%B2%E6%8A%A4%E8%BD%A6> (failed 1 times): DNS lookup failed: http_proxy.
2022-03-10 01:23:55 [scrapy.downloadermiddlewares.retry] DEBUG: Retrying <GET https://baike.baidu.com/item/earth%20fortification> (failed 1 times): DNS lookup failed: http_proxy.
2022-03-10 01:23:55 [scrapy.downloadermiddlewares.retry] DEBUG: Retrying <GET https://baike.baidu.com/item/%E8%A5%BF%E5%B1%BF%E9%9B%B7%E8%BE%BE%E7%AB%99> (failed 1 times): DNS lookup failed: http_proxy.
2022-03-10 01:23:55 [scrapy.downloadermiddlewares.retry] DEBUG: Retrying <GET https://baike.baidu.com/item/%E9%A9%AC%E5%85%AC%E6%9C%BA%E5%9C%BA> (failed 1 times): DNS lookup failed: http_proxy.
2022-03-10 01:23:55 [scrapy.downloadermiddlewares.retry] DEBUG: Retrying <GET https://baike.baidu.com/item/%E8%A3%85%E7%94%B2%E6%95%91%E6%8A%A4%E8%BD%A6> (failed 1 times): DNS lookup failed: http_proxy.
2022-03-10 01:23:55 [scrapy.downloadermiddlewares.retry] DEBUG: Retrying <GET https://baike.baidu.com/item/%E8%A3%85%E7%94%B2%E6%89%AB%E9%9B%B7%E8%BD%A6> (failed 1 times): DNS lookup failed: http_proxy.
2022-03-10 01:23:59 [scrapy.downloadermiddlewares.retry] DEBUG: Retrying <GET https://baike.baidu.com/item/%E8%A3%85%E7%94%B2%E9%98%B2%E6%8A%A4%E8%BD%A6> (failed 2 times): DNS lookup failed: http_proxy.
2022-03-10 01:23:59 [scrapy.downloadermiddlewares.retry] DEBUG: Retrying <GET https://baike.baidu.com/item/%E9%A9%AC%E5%85%AC%E6%9C%BA%E5%9C%BA> (failed 2 times): DNS lookup failed: http_proxy.
2022-03-10 01:24:00 [scrapy.downloadermiddlewares.retry] DEBUG: Retrying <GET https://baike.baidu.com/item/%E6%BE%8E%E6%B9%96%E6%9C%BA%E5%9C%BA> (failed 1 times): DNS lookup failed: http_proxy.
2022-03-10 01:24:00 [scrapy.downloadermiddlewares.retry] DEBUG: Retrying <GET https://baike.baidu.com/item/%E8%A3%85%E7%94%B2%E8%BF%90%E8%BE%93%E8%BD%A6> (failed 1 times): DNS lookup failed: http_proxy.
2022-03-10 01:24:01 [scrapy.downloadermiddlewares.retry] DEBUG: Retrying <GET https://baike.baidu.com/item/%E7%9B%B4%E5%8D%87%E6%9C%BA> (failed 1 times): DNS lookup failed: http_proxy.
2022-03-10 01:24:01 [scrapy.downloadermiddlewares.retry] DEBUG: Retrying <GET https://baike.baidu.com/item/%E8%8A%B1%E8%8E%B2%E6%9C%BA%E5%9C%BA> (failed 1 times): DNS lookup failed: http_proxy.
2022-03-10 01:24:04 [scrapy.downloadermiddlewares.retry] DEBUG: Retrying <GET https://baike.baidu.com/item/%E6%BE%8E%E6%B9%96%E6%9C%BA%E5%9C%BA> (failed 2 times): DNS lookup failed: http_proxy.
2022-03-10 01:24:04 [scrapy.downloadermiddlewares.retry] DEBUG: Retrying <GET https://baike.baidu.com/item/%E8%A3%85%E7%94%B2%E6%95%91%E6%8A%A4%E8%BD%A6> (failed 2 times): DNS lookup failed: http_proxy.
2022-03-10 01:24:04 [scrapy.downloadermiddlewares.retry] DEBUG: Retrying <GET https://baike.baidu.com/item/%E8%A5%BF%E5%B1%BF%E9%9B%B7%E8%BE%BE%E7%AB%99> (failed 2 times): DNS lookup failed: http_proxy.
2022-03-10 01:24:04 [scrapy.downloadermiddlewares.retry] ERROR: Gave up retrying <GET https://baike.baidu.com/item/%E9%A9%AC%E5%85%AC%E6%9C%BA%E5%9C%BA> (failed 3 times): DNS lookup failed: http_proxy.
2022-03-10 01:24:04 [baidu] ERROR: <twisted.python.failure.Failure twisted.internet.error.DNSLookupError: DNS lookup failed: http_proxy.>
2022-03-10 01:24:04 [baidu] ERROR: DNSLookupError on https://baike.baidu.com/item/%E9%A9%AC%E5%85%AC%E6%9C%BA%E5%9C%BA
2022-03-10 01:24:04 [scrapy.core.engine] INFO: Closing spider (finished)
2022-03-10 01:24:04 [scrapy.statscollectors] INFO: Dumping Scrapy stats:
{'downloader/exception_count': 3,
 'downloader/exception_type_count/twisted.internet.error.DNSLookupError': 3,
 'downloader/request_bytes': 1212,
 'downloader/request_count': 3,
 'downloader/request_method_count/GET': 3,
 'elapsed_time_seconds': 23.404384,
 'finish_reason': 'finished',
 'finish_time': datetime.datetime(2022, 3, 10, 1, 24, 4, 493335),
 'log_count/DEBUG': 85,
 'log_count/ERROR': 3,
 'log_count/INFO': 81,
 'memusage/max': 66994176,
 'memusage/startup': 66994176,
 'retry/count': 2,
 'retry/max_reached': 1,
 'retry/reason_count/twisted.internet.error.DNSLookupError': 2,
 'scheduler/dequeued': 3,
 'scheduler/dequeued/memory': 3,
 'scheduler/enqueued': 3,
 'scheduler/enqueued/memory': 3,
 'start_time': datetime.datetime(2022, 3, 10, 1, 23, 41, 88951)}
2022-03-10 01:24:04 [scrapy.core.engine] INFO: Spider closed (finished)
2022-03-10 01:24:05 [scrapy.downloadermiddlewares.retry] DEBUG: Retrying <GET https://baike.baidu.com/item/%E8%A3%85%E7%94%B2%E8%BF%90%E8%BE%93%E8%BD%A6> (failed 2 times): DNS lookup failed: http_proxy.
2022-03-10 01:24:05 [scrapy.downloadermiddlewares.retry] DEBUG: Retrying <GET https://baike.baidu.com/item/%E8%A3%85%E7%94%B2%E4%BE%A6%E5%AF%9F%E8%BD%A6> (failed 1 times): DNS lookup failed: http_proxy.
2022-03-10 01:24:05 [scrapy.downloadermiddlewares.retry] DEBUG: Retrying <GET https://baike.baidu.com/item/earth%20fortification> (failed 2 times): DNS lookup failed: http_proxy.
2022-03-10 01:24:06 [scrapy.downloadermiddlewares.retry] DEBUG: Retrying <GET https://baike.baidu.com/item/%E7%9B%B4%E5%8D%87%E6%9C%BA> (failed 2 times): DNS lookup failed: http_proxy.
2022-03-10 01:24:08 [scrapy.downloadermiddlewares.retry] ERROR: Gave up retrying <GET https://baike.baidu.com/item/%E8%A5%BF%E5%B1%BF%E9%9B%B7%E8%BE%BE%E7%AB%99> (failed 3 times): DNS lookup failed: http_proxy.
2022-03-10 01:24:08 [scrapy.downloadermiddlewares.retry] ERROR: Gave up retrying <GET https://baike.baidu.com/item/%E6%BE%8E%E6%B9%96%E6%9C%BA%E5%9C%BA> (failed 3 times): DNS lookup failed: http_proxy.
2022-03-10 01:24:08 [scrapy.downloadermiddlewares.retry] ERROR: Gave up retrying <GET https://baike.baidu.com/item/%E8%A3%85%E7%94%B2%E9%98%B2%E6%8A%A4%E8%BD%A6> (failed 3 times): DNS lookup failed: http_proxy.
2022-03-10 01:24:08 [baidu] ERROR: <twisted.python.failure.Failure twisted.internet.error.DNSLookupError: DNS lookup failed: http_proxy.>
2022-03-10 01:24:08 [baidu] ERROR: DNSLookupError on https://baike.baidu.com/item/%E8%A5%BF%E5%B1%BF%E9%9B%B7%E8%BE%BE%E7%AB%99
2022-03-10 01:24:08 [baidu] ERROR: <twisted.python.failure.Failure twisted.internet.error.DNSLookupError: DNS lookup failed: http_proxy.>
2022-03-10 01:24:08 [baidu] ERROR: DNSLookupError on https://baike.baidu.com/item/%E6%BE%8E%E6%B9%96%E6%9C%BA%E5%9C%BA
2022-03-10 01:24:08 [baidu] ERROR: <twisted.python.failure.Failure twisted.internet.error.DNSLookupError: DNS lookup failed: http_proxy.>
2022-03-10 01:24:08 [baidu] ERROR: DNSLookupError on https://baike.baidu.com/item/%E8%A3%85%E7%94%B2%E9%98%B2%E6%8A%A4%E8%BD%A6
2022-03-10 01:24:08 [scrapy.core.engine] INFO: Closing spider (finished)
2022-03-10 01:24:08 [scrapy.statscollectors] INFO: Dumping Scrapy stats:
{'downloader/exception_count': 3,
 'downloader/exception_type_count/twisted.internet.error.DNSLookupError': 3,
 'downloader/request_bytes': 1273,
 'downloader/request_count': 3,
 'downloader/request_method_count/GET': 3,
 'elapsed_time_seconds': 25.07345,
 'finish_reason': 'finished',
 'finish_time': datetime.datetime(2022, 3, 10, 1, 24, 8, 427952),
 'log_count/DEBUG': 75,
 'log_count/ERROR': 12,
 'log_count/INFO': 68,
 'memusage/max': 67399680,
 'memusage/startup': 67391488,
 'retry/count': 2,
 'retry/max_reached': 1,
 'retry/reason_count/twisted.internet.error.DNSLookupError': 2,
 'scheduler/dequeued': 3,
 'scheduler/dequeued/memory': 3,
 'scheduler/enqueued': 3,
 'scheduler/enqueued/memory': 3,
 'start_time': datetime.datetime(2022, 3, 10, 1, 23, 43, 354502)}
2022-03-10 01:24:08 [scrapy.core.engine] INFO: Spider closed (finished)
2022-03-10 01:24:08 [scrapy.core.engine] INFO: Closing spider (finished)
2022-03-10 01:24:08 [scrapy.statscollectors] INFO: Dumping Scrapy stats:
{'downloader/exception_count': 3,
 'downloader/exception_type_count/twisted.internet.error.DNSLookupError': 3,
 'downloader/request_bytes': 1210,
 'downloader/request_count': 3,
 'downloader/request_method_count/GET': 3,
 'elapsed_time_seconds': 26.233714,
 'finish_reason': 'finished',
 'finish_time': datetime.datetime(2022, 3, 10, 1, 24, 8, 430555),
 'log_count/DEBUG': 82,
 'log_count/ERROR': 12,
 'log_count/INFO': 79,
 'memusage/max': 67198976,
 'memusage/startup': 67198976,
 'retry/count': 2,
 'retry/max_reached': 1,
 'retry/reason_count/twisted.internet.error.DNSLookupError': 2,
 'scheduler/dequeued': 3,
 'scheduler/dequeued/memory': 3,
 'scheduler/enqueued': 3,
 'scheduler/enqueued/memory': 3,
 'start_time': datetime.datetime(2022, 3, 10, 1, 23, 42, 196841)}
2022-03-10 01:24:08 [scrapy.core.engine] INFO: Spider closed (finished)
2022-03-10 01:24:08 [scrapy.core.engine] INFO: Closing spider (finished)
2022-03-10 01:24:08 [scrapy.statscollectors] INFO: Dumping Scrapy stats:
{'downloader/exception_count': 3,
 'downloader/exception_type_count/twisted.internet.error.DNSLookupError': 3,
 'downloader/request_bytes': 1250,
 'downloader/request_count': 3,
 'downloader/request_method_count/GET': 3,
 'elapsed_time_seconds': 21.65091,
 'finish_reason': 'finished',
 'finish_time': datetime.datetime(2022, 3, 10, 1, 24, 8, 432480),
 'log_count/DEBUG': 54,
 'log_count/ERROR': 12,
 'log_count/INFO': 50,
 'memusage/max': 68001792,
 'memusage/startup': 68001792,
 'retry/count': 2,
 'retry/max_reached': 1,
 'retry/reason_count/twisted.internet.error.DNSLookupError': 2,
 'scheduler/dequeued': 3,
 'scheduler/dequeued/memory': 3,
 'scheduler/enqueued': 3,
 'scheduler/enqueued/memory': 3,
 'start_time': datetime.datetime(2022, 3, 10, 1, 23, 46, 781570)}
2022-03-10 01:24:08 [scrapy.core.engine] INFO: Spider closed (finished)
2022-03-10 01:24:09 [scrapy.downloadermiddlewares.retry] DEBUG: Retrying <GET https://baike.baidu.com/item/%E8%A3%85%E7%94%B2%E6%89%AB%E9%9B%B7%E8%BD%A6> (failed 2 times): DNS lookup failed: http_proxy.
2022-03-10 01:24:09 [scrapy.downloadermiddlewares.retry] ERROR: Gave up retrying <GET https://baike.baidu.com/item/%E8%A3%85%E7%94%B2%E6%95%91%E6%8A%A4%E8%BD%A6> (failed 3 times): DNS lookup failed: http_proxy.
2022-03-10 01:24:09 [scrapy.downloadermiddlewares.retry] DEBUG: Retrying <GET https://baike.baidu.com/item/%E8%8A%B1%E8%8E%B2%E6%9C%BA%E5%9C%BA> (failed 2 times): DNS lookup failed: http_proxy.
2022-03-10 01:24:09 [baidu] ERROR: <twisted.python.failure.Failure twisted.internet.error.DNSLookupError: DNS lookup failed: http_proxy.>
2022-03-10 01:24:09 [baidu] ERROR: DNSLookupError on https://baike.baidu.com/item/%E8%A3%85%E7%94%B2%E6%95%91%E6%8A%A4%E8%BD%A6
2022-03-10 01:24:09 [scrapy.core.engine] INFO: Closing spider (finished)
2022-03-10 01:24:09 [scrapy.statscollectors] INFO: Dumping Scrapy stats:
{'downloader/exception_count': 3,
 'downloader/exception_type_count/twisted.internet.error.DNSLookupError': 3,
 'downloader/request_bytes': 1244,
 'downloader/request_count': 3,
 'downloader/request_method_count/GET': 3,
 'elapsed_time_seconds': 19.65258,
 'finish_reason': 'finished',
 'finish_time': datetime.datetime(2022, 3, 10, 1, 24, 9, 855271),
 'log_count/DEBUG': 35,
 'log_count/ERROR': 15,
 'log_count/INFO': 29,
 'memusage/max': 68591616,
 'memusage/startup': 68591616,
 'retry/count': 2,
 'retry/max_reached': 1,
 'retry/reason_count/twisted.internet.error.DNSLookupError': 2,
 'scheduler/dequeued': 3,
 'scheduler/dequeued/memory': 3,
 'scheduler/enqueued': 3,
 'scheduler/enqueued/memory': 3,
 'start_time': datetime.datetime(2022, 3, 10, 1, 23, 50, 202691)}
2022-03-10 01:24:09 [scrapy.core.engine] INFO: Spider closed (finished)
2022-03-10 01:24:10 [scrapy.downloadermiddlewares.retry] ERROR: Gave up retrying <GET https://baike.baidu.com/item/%E8%A3%85%E7%94%B2%E8%BF%90%E8%BE%93%E8%BD%A6> (failed 3 times): DNS lookup failed: http_proxy.
2022-03-10 01:24:10 [scrapy.downloadermiddlewares.retry] DEBUG: Retrying <GET https://baike.baidu.com/item/%E8%A3%85%E7%94%B2%E4%BE%A6%E5%AF%9F%E8%BD%A6> (failed 2 times): DNS lookup failed: http_proxy.
2022-03-10 01:24:10 [scrapy.downloadermiddlewares.retry] ERROR: Gave up retrying <GET https://baike.baidu.com/item/earth%20fortification> (failed 3 times): DNS lookup failed: http_proxy.
2022-03-10 01:24:10 [baidu] ERROR: <twisted.python.failure.Failure twisted.internet.error.DNSLookupError: DNS lookup failed: http_proxy.>
2022-03-10 01:24:10 [baidu] ERROR: DNSLookupError on https://baike.baidu.com/item/%E8%A3%85%E7%94%B2%E8%BF%90%E8%BE%93%E8%BD%A6
2022-03-10 01:24:10 [baidu] ERROR: <twisted.python.failure.Failure twisted.internet.error.DNSLookupError: DNS lookup failed: http_proxy.>
2022-03-10 01:24:10 [baidu] ERROR: DNSLookupError on https://baike.baidu.com/item/earth%20fortification
2022-03-10 01:24:10 [scrapy.core.engine] INFO: Closing spider (finished)
2022-03-10 01:24:10 [scrapy.statscollectors] INFO: Dumping Scrapy stats:
{'downloader/exception_count': 3,
 'downloader/exception_type_count/twisted.internet.error.DNSLookupError': 3,
 'downloader/request_bytes': 1251,
 'downloader/request_count': 3,
 'downloader/request_method_count/GET': 3,
 'elapsed_time_seconds': 21.808171,
 'finish_reason': 'finished',
 'finish_time': datetime.datetime(2022, 3, 10, 1, 24, 10, 846588),
 'log_count/DEBUG': 43,
 'log_count/ERROR': 21,
 'log_count/INFO': 40,
 'memusage/max': 68407296,
 'memusage/startup': 68407296,
 'retry/count': 2,
 'retry/max_reached': 1,
 'retry/reason_count/twisted.internet.error.DNSLookupError': 2,
 'scheduler/dequeued': 3,
 'scheduler/dequeued/memory': 3,
 'scheduler/enqueued': 3,
 'scheduler/enqueued/memory': 3,
 'start_time': datetime.datetime(2022, 3, 10, 1, 23, 49, 38417)}
2022-03-10 01:24:10 [scrapy.core.engine] INFO: Spider closed (finished)
2022-03-10 01:24:10 [scrapy.core.engine] INFO: Closing spider (finished)
2022-03-10 01:24:10 [scrapy.statscollectors] INFO: Dumping Scrapy stats:
{'downloader/exception_count': 3,
 'downloader/exception_type_count/twisted.internet.error.DNSLookupError': 3,
 'downloader/request_bytes': 1185,
 'downloader/request_count': 3,
 'downloader/request_method_count/GET': 3,
 'elapsed_time_seconds': 30.955889,
 'finish_reason': 'finished',
 'finish_time': datetime.datetime(2022, 3, 10, 1, 24, 10, 939560),
 'log_count/DEBUG': 99,
 'log_count/ERROR': 21,
 'log_count/INFO': 107,
 'memusage/max': 66699264,
 'memusage/startup': 66699264,
 'retry/count': 2,
 'retry/max_reached': 1,
 'retry/reason_count/twisted.internet.error.DNSLookupError': 2,
 'scheduler/dequeued': 3,
 'scheduler/dequeued/memory': 3,
 'scheduler/enqueued': 3,
 'scheduler/enqueued/memory': 3,
 'start_time': datetime.datetime(2022, 3, 10, 1, 23, 39, 983671)}
2022-03-10 01:24:10 [scrapy.core.engine] INFO: Spider closed (finished)
2022-03-10 01:24:12 [scrapy.downloadermiddlewares.retry] ERROR: Gave up retrying <GET https://baike.baidu.com/item/%E7%9B%B4%E5%8D%87%E6%9C%BA> (failed 3 times): DNS lookup failed: http_proxy.
2022-03-10 01:24:12 [baidu] ERROR: <twisted.python.failure.Failure twisted.internet.error.DNSLookupError: DNS lookup failed: http_proxy.>
2022-03-10 01:24:12 [baidu] ERROR: DNSLookupError on https://baike.baidu.com/item/%E7%9B%B4%E5%8D%87%E6%9C%BA
2022-03-10 01:24:12 [scrapy.core.engine] INFO: Closing spider (finished)
2022-03-10 01:24:12 [scrapy.statscollectors] INFO: Dumping Scrapy stats:
{'downloader/exception_count': 3,
 'downloader/exception_type_count/twisted.internet.error.DNSLookupError': 3,
 'downloader/request_bytes': 1192,
 'downloader/request_count': 3,
 'downloader/request_method_count/GET': 3,
 'elapsed_time_seconds': 26.628219,
 'finish_reason': 'finished',
 'finish_time': datetime.datetime(2022, 3, 10, 1, 24, 12, 273356),
 'log_count/DEBUG': 64,
 'log_count/ERROR': 24,
 'log_count/INFO': 70,
 'memusage/max': 67805184,
 'memusage/startup': 67805184,
 'retry/count': 2,
 'retry/max_reached': 1,
 'retry/reason_count/twisted.internet.error.DNSLookupError': 2,
 'scheduler/dequeued': 3,
 'scheduler/dequeued/memory': 3,
 'scheduler/enqueued': 3,
 'scheduler/enqueued/memory': 3,
 'start_time': datetime.datetime(2022, 3, 10, 1, 23, 45, 645137)}
2022-03-10 01:24:12 [scrapy.core.engine] INFO: Spider closed (finished)
2022-03-10 01:24:14 [scrapy.downloadermiddlewares.retry] ERROR: Gave up retrying <GET https://baike.baidu.com/item/%E8%A3%85%E7%94%B2%E6%89%AB%E9%9B%B7%E8%BD%A6> (failed 3 times): DNS lookup failed: http_proxy.
2022-03-10 01:24:14 [baidu] ERROR: <twisted.python.failure.Failure twisted.internet.error.DNSLookupError: DNS lookup failed: http_proxy.>
2022-03-10 01:24:14 [baidu] ERROR: DNSLookupError on https://baike.baidu.com/item/%E8%A3%85%E7%94%B2%E6%89%AB%E9%9B%B7%E8%BD%A6
2022-03-10 01:24:14 [scrapy.core.engine] INFO: Closing spider (finished)
2022-03-10 01:24:14 [scrapy.statscollectors] INFO: Dumping Scrapy stats:
{'downloader/exception_count': 3,
 'downloader/exception_type_count/twisted.internet.error.DNSLookupError': 3,
 'downloader/request_bytes': 1254,
 'downloader/request_count': 3,
 'downloader/request_method_count/GET': 3,
 'elapsed_time_seconds': 26.956005,
 'finish_reason': 'finished',
 'finish_time': datetime.datetime(2022, 3, 10, 1, 24, 14, 853903),
 'log_count/DEBUG': 50,
 'log_count/ERROR': 27,
 'log_count/INFO': 57,
 'memusage/max': 68210688,
 'memusage/startup': 68210688,
 'retry/count': 2,
 'retry/max_reached': 1,
 'retry/reason_count/twisted.internet.error.DNSLookupError': 2,
 'scheduler/dequeued': 3,
 'scheduler/dequeued/memory': 3,
 'scheduler/enqueued': 3,
 'scheduler/enqueued/memory': 3,
 'start_time': datetime.datetime(2022, 3, 10, 1, 23, 47, 897898)}
2022-03-10 01:24:14 [scrapy.core.engine] INFO: Spider closed (finished)
2022-03-10 01:24:14 [scrapy.downloadermiddlewares.retry] ERROR: Gave up retrying <GET https://baike.baidu.com/item/%E8%8A%B1%E8%8E%B2%E6%9C%BA%E5%9C%BA> (failed 3 times): DNS lookup failed: http_proxy.
2022-03-10 01:24:15 [baidu] ERROR: <twisted.python.failure.Failure twisted.internet.error.DNSLookupError: DNS lookup failed: http_proxy.>
2022-03-10 01:24:15 [baidu] ERROR: DNSLookupError on https://baike.baidu.com/item/%E8%8A%B1%E8%8E%B2%E6%9C%BA%E5%9C%BA
2022-03-10 01:24:15 [scrapy.core.engine] INFO: Closing spider (finished)
2022-03-10 01:24:15 [scrapy.statscollectors] INFO: Dumping Scrapy stats:
{'downloader/exception_count': 3,
 'downloader/exception_type_count/twisted.internet.error.DNSLookupError': 3,
 'downloader/request_bytes': 1223,
 'downloader/request_count': 3,
 'downloader/request_method_count/GET': 3,
 'elapsed_time_seconds': 30.68273,
 'finish_reason': 'finished',
 'finish_time': datetime.datetime(2022, 3, 10, 1, 24, 15, 193482),
 'log_count/DEBUG': 71,
 'log_count/ERROR': 30,
 'log_count/INFO': 84,
 'memusage/max': 67608576,
 'memusage/startup': 67608576,
 'retry/count': 2,
 'retry/max_reached': 1,
 'retry/reason_count/twisted.internet.error.DNSLookupError': 2,
 'scheduler/dequeued': 3,
 'scheduler/dequeued/memory': 3,
 'scheduler/enqueued': 3,
 'scheduler/enqueued/memory': 3,
 'start_time': datetime.datetime(2022, 3, 10, 1, 23, 44, 510752)}
2022-03-10 01:24:15 [scrapy.core.engine] INFO: Spider closed (finished)
2022-03-10 01:24:16 [scrapy.downloadermiddlewares.retry] ERROR: Gave up retrying <GET https://baike.baidu.com/item/%E8%A3%85%E7%94%B2%E4%BE%A6%E5%AF%9F%E8%BD%A6> (failed 3 times): DNS lookup failed: http_proxy.
2022-03-10 01:24:16 [baidu] ERROR: <twisted.python.failure.Failure twisted.internet.error.DNSLookupError: DNS lookup failed: http_proxy.>
2022-03-10 01:24:16 [baidu] ERROR: DNSLookupError on https://baike.baidu.com/item/%E8%A3%85%E7%94%B2%E4%BE%A6%E5%AF%9F%E8%BD%A6
2022-03-10 01:24:16 [scrapy.core.engine] INFO: Closing spider (finished)
2022-03-10 01:24:16 [scrapy.statscollectors] INFO: Dumping Scrapy stats:
{'downloader/exception_count': 3,
 'downloader/exception_type_count/twisted.internet.error.DNSLookupError': 3,
 'downloader/request_bytes': 1264,
 'downloader/request_count': 3,
 'downloader/request_method_count/GET': 3,
 'elapsed_time_seconds': 24.89418,
 'finish_reason': 'finished',
 'finish_time': datetime.datetime(2022, 3, 10, 1, 24, 16, 227518),
 'log_count/DEBUG': 29,
 'log_count/ERROR': 33,
 'log_count/INFO': 39,
 'memusage/max': 68784128,
 'memusage/startup': 68784128,
 'retry/count': 2,
 'retry/max_reached': 1,
 'retry/reason_count/twisted.internet.error.DNSLookupError': 2,
 'scheduler/dequeued': 3,
 'scheduler/dequeued/memory': 3,
 'scheduler/enqueued': 3,
 'scheduler/enqueued/memory': 3,
 'start_time': datetime.datetime(2022, 3, 10, 1, 23, 51, 333338)}
2022-03-10 01:24:16 [scrapy.core.engine] INFO: Spider closed (finished)
2022-03-10 01:24:16 [DataCleaning] INFO: 0:00:00.000102
2022-03-10 01:24:16 [__main__] INFO: upload crawl file success
2022-03-10 01:24:16 [__main__] ERROR: [Errno 2] No such file or directory: 'result/url'
Traceback (most recent call last):
  File "MultisiteSchedule.py", line 235, in upload_crawl_img_new
    img_file_list = os.listdir(file_index)
FileNotFoundError: [Errno 2] No such file or directory: 'result/url'
2022-03-10 01:24:16 [__main__] INFO: upload crawl file failure
2022-03-10 01:24:16 [__main__] INFO: scrapy finished
