2022-03-10 01:43:24 [scrapy.middleware] INFO: Enabled extensions:
['scrapy.extensions.corestats.CoreStats',
 'scrapy.extensions.memusage.MemoryUsage',
 'scrapy.extensions.logstats.LogStats']
2022-03-10 01:43:24 [scrapy.middleware] INFO: Enabled downloader middlewares:
['scrapy.downloadermiddlewares.httpauth.HttpAuthMiddleware',
 'scrapy.downloadermiddlewares.downloadtimeout.DownloadTimeoutMiddleware',
 'scrapy.downloadermiddlewares.defaultheaders.DefaultHeadersMiddleware',
 'scrapy.downloadermiddlewares.useragent.UserAgentMiddleware',
 'TextProcessorScrapy.middlewares.RandomUserAgentMiddleware',
 'TextProcessorScrapy.middlewares.TextCrawlDownloaderMiddleware',
 'scrapy.downloadermiddlewares.retry.RetryMiddleware',
 'scrapy.downloadermiddlewares.redirect.MetaRefreshMiddleware',
 'scrapy.downloadermiddlewares.httpcompression.HttpCompressionMiddleware',
 'scrapy.downloadermiddlewares.redirect.RedirectMiddleware',
 'scrapy.downloadermiddlewares.cookies.CookiesMiddleware',
 'scrapy.downloadermiddlewares.httpproxy.HttpProxyMiddleware',
 'scrapy.downloadermiddlewares.stats.DownloaderStats']
2022-03-10 01:43:24 [scrapy.middleware] INFO: Enabled spider middlewares:
['scrapy.spidermiddlewares.httperror.HttpErrorMiddleware',
 'scrapy.spidermiddlewares.offsite.OffsiteMiddleware',
 'scrapy.spidermiddlewares.referer.RefererMiddleware',
 'scrapy.spidermiddlewares.urllength.UrlLengthMiddleware',
 'scrapy.spidermiddlewares.depth.DepthMiddleware']
2022-03-10 01:43:24 [scrapy.middleware] INFO: Enabled item pipelines:
['TextProcessorScrapy.pipelines.ImagePipeline',
 'TextProcessorScrapy.pipelines.WikiPipeline']
2022-03-10 01:43:24 [scrapy.core.engine] INFO: Spider opened
2022-03-10 01:43:24 [scrapy.extensions.logstats] INFO: Crawled 0 pages (at 0 pages/min), scraped 0 items (at 0 items/min)
2022-03-10 01:43:24 [wiki] INFO: Spider opened: wiki
2022-03-10 01:43:24 [scrapy.crawler] INFO: Overridden settings:
{'BOT_NAME': 'TextProcessorScrapy',
 'COMMANDS_MODULE': 'TextProcessorScrapy.commands',
 'CONCURRENT_REQUESTS_PER_DOMAIN': 32,
 'CONCURRENT_REQUESTS_PER_IP': 128,
 'LOG_FILE': 'log/scrapy_2022_3_10_8.log',
 'NEWSPIDER_MODULE': 'TextProcessorScrapy.spiders',
 'REACTOR_THREADPOOL_MAXSIZE': 20,
 'SPIDER_MODULES': ['TextProcessorScrapy.spiders'],
 'TELNETCONSOLE_ENABLED': False}
2022-03-10 01:43:24 [scrapy.middleware] INFO: Enabled extensions:
['scrapy.extensions.corestats.CoreStats',
 'scrapy.extensions.memusage.MemoryUsage',
 'scrapy.extensions.logstats.LogStats']
2022-03-10 01:43:24 [scrapy.middleware] INFO: Enabled downloader middlewares:
['scrapy.downloadermiddlewares.httpauth.HttpAuthMiddleware',
 'scrapy.downloadermiddlewares.downloadtimeout.DownloadTimeoutMiddleware',
 'scrapy.downloadermiddlewares.defaultheaders.DefaultHeadersMiddleware',
 'scrapy.downloadermiddlewares.useragent.UserAgentMiddleware',
 'TextProcessorScrapy.middlewares.RandomUserAgentMiddleware',
 'TextProcessorScrapy.middlewares.TextCrawlDownloaderMiddleware',
 'scrapy.downloadermiddlewares.retry.RetryMiddleware',
 'scrapy.downloadermiddlewares.redirect.MetaRefreshMiddleware',
 'scrapy.downloadermiddlewares.httpcompression.HttpCompressionMiddleware',
 'scrapy.downloadermiddlewares.redirect.RedirectMiddleware',
 'scrapy.downloadermiddlewares.cookies.CookiesMiddleware',
 'scrapy.downloadermiddlewares.httpproxy.HttpProxyMiddleware',
 'scrapy.downloadermiddlewares.stats.DownloaderStats']
2022-03-10 01:43:24 [scrapy.middleware] INFO: Enabled spider middlewares:
['scrapy.spidermiddlewares.httperror.HttpErrorMiddleware',
 'scrapy.spidermiddlewares.offsite.OffsiteMiddleware',
 'scrapy.spidermiddlewares.referer.RefererMiddleware',
 'scrapy.spidermiddlewares.urllength.UrlLengthMiddleware',
 'scrapy.spidermiddlewares.depth.DepthMiddleware']
2022-03-10 01:43:24 [scrapy.middleware] INFO: Enabled item pipelines:
['TextProcessorScrapy.pipelines.ImagePipeline',
 'TextProcessorScrapy.pipelines.WikiPipeline']
2022-03-10 01:43:24 [scrapy.core.engine] INFO: Spider opened
2022-03-10 01:43:24 [scrapy.extensions.logstats] INFO: Crawled 0 pages (at 0 pages/min), scraped 0 items (at 0 items/min)
2022-03-10 01:43:24 [wiki_zh] INFO: Spider opened: wiki_zh
2022-03-10 01:43:24 [scrapy.crawler] INFO: Overridden settings:
{'BOT_NAME': 'TextProcessorScrapy',
 'COMMANDS_MODULE': 'TextProcessorScrapy.commands',
 'CONCURRENT_REQUESTS_PER_DOMAIN': 32,
 'CONCURRENT_REQUESTS_PER_IP': 128,
 'LOG_FILE': 'log/scrapy_2022_3_10_8.log',
 'NEWSPIDER_MODULE': 'TextProcessorScrapy.spiders',
 'REACTOR_THREADPOOL_MAXSIZE': 20,
 'SPIDER_MODULES': ['TextProcessorScrapy.spiders'],
 'TELNETCONSOLE_ENABLED': False}
2022-03-10 01:43:24 [scrapy.middleware] INFO: Enabled extensions:
['scrapy.extensions.corestats.CoreStats',
 'scrapy.extensions.memusage.MemoryUsage',
 'scrapy.extensions.logstats.LogStats']
2022-03-10 01:43:24 [scrapy.middleware] INFO: Enabled downloader middlewares:
['scrapy.downloadermiddlewares.httpauth.HttpAuthMiddleware',
 'scrapy.downloadermiddlewares.downloadtimeout.DownloadTimeoutMiddleware',
 'scrapy.downloadermiddlewares.defaultheaders.DefaultHeadersMiddleware',
 'scrapy.downloadermiddlewares.useragent.UserAgentMiddleware',
 'TextProcessorScrapy.middlewares.RandomUserAgentMiddleware',
 'TextProcessorScrapy.middlewares.TextCrawlDownloaderMiddleware',
 'scrapy.downloadermiddlewares.retry.RetryMiddleware',
 'scrapy.downloadermiddlewares.redirect.MetaRefreshMiddleware',
 'scrapy.downloadermiddlewares.httpcompression.HttpCompressionMiddleware',
 'scrapy.downloadermiddlewares.redirect.RedirectMiddleware',
 'scrapy.downloadermiddlewares.cookies.CookiesMiddleware',
 'scrapy.downloadermiddlewares.httpproxy.HttpProxyMiddleware',
 'scrapy.downloadermiddlewares.stats.DownloaderStats']
2022-03-10 01:43:24 [scrapy.middleware] INFO: Enabled spider middlewares:
['scrapy.spidermiddlewares.httperror.HttpErrorMiddleware',
 'scrapy.spidermiddlewares.offsite.OffsiteMiddleware',
 'scrapy.spidermiddlewares.referer.RefererMiddleware',
 'scrapy.spidermiddlewares.urllength.UrlLengthMiddleware',
 'scrapy.spidermiddlewares.depth.DepthMiddleware']
2022-03-10 01:43:24 [scrapy.middleware] INFO: Enabled item pipelines:
['TextProcessorScrapy.pipelines.ImagePipeline',
 'TextProcessorScrapy.pipelines.WikiPipeline']
2022-03-10 01:43:24 [scrapy.core.engine] INFO: Spider opened
2022-03-10 01:43:24 [scrapy.extensions.logstats] INFO: Crawled 0 pages (at 0 pages/min), scraped 0 items (at 0 items/min)
2022-03-10 01:43:24 [wiki_zh] INFO: Spider opened: wiki_zh
2022-03-10 01:43:24 [scrapy.crawler] INFO: Overridden settings:
{'BOT_NAME': 'TextProcessorScrapy',
 'COMMANDS_MODULE': 'TextProcessorScrapy.commands',
 'CONCURRENT_REQUESTS_PER_DOMAIN': 32,
 'CONCURRENT_REQUESTS_PER_IP': 128,
 'LOG_FILE': 'log/scrapy_2022_3_10_8.log',
 'NEWSPIDER_MODULE': 'TextProcessorScrapy.spiders',
 'REACTOR_THREADPOOL_MAXSIZE': 20,
 'SPIDER_MODULES': ['TextProcessorScrapy.spiders'],
 'TELNETCONSOLE_ENABLED': False}
2022-03-10 01:43:24 [scrapy.middleware] INFO: Enabled extensions:
['scrapy.extensions.corestats.CoreStats',
 'scrapy.extensions.memusage.MemoryUsage',
 'scrapy.extensions.logstats.LogStats']
2022-03-10 01:43:24 [scrapy.middleware] INFO: Enabled downloader middlewares:
['scrapy.downloadermiddlewares.httpauth.HttpAuthMiddleware',
 'scrapy.downloadermiddlewares.downloadtimeout.DownloadTimeoutMiddleware',
 'scrapy.downloadermiddlewares.defaultheaders.DefaultHeadersMiddleware',
 'scrapy.downloadermiddlewares.useragent.UserAgentMiddleware',
 'TextProcessorScrapy.middlewares.RandomUserAgentMiddleware',
 'TextProcessorScrapy.middlewares.TextCrawlDownloaderMiddleware',
 'scrapy.downloadermiddlewares.retry.RetryMiddleware',
 'scrapy.downloadermiddlewares.redirect.MetaRefreshMiddleware',
 'scrapy.downloadermiddlewares.httpcompression.HttpCompressionMiddleware',
 'scrapy.downloadermiddlewares.redirect.RedirectMiddleware',
 'scrapy.downloadermiddlewares.cookies.CookiesMiddleware',
 'scrapy.downloadermiddlewares.httpproxy.HttpProxyMiddleware',
 'scrapy.downloadermiddlewares.stats.DownloaderStats']
2022-03-10 01:43:24 [scrapy.middleware] INFO: Enabled spider middlewares:
['scrapy.spidermiddlewares.httperror.HttpErrorMiddleware',
 'scrapy.spidermiddlewares.offsite.OffsiteMiddleware',
 'scrapy.spidermiddlewares.referer.RefererMiddleware',
 'scrapy.spidermiddlewares.urllength.UrlLengthMiddleware',
 'scrapy.spidermiddlewares.depth.DepthMiddleware']
2022-03-10 01:43:24 [scrapy.middleware] INFO: Enabled item pipelines:
['TextProcessorScrapy.pipelines.ImagePipeline',
 'TextProcessorScrapy.pipelines.WikiPipeline']
2022-03-10 01:43:24 [scrapy.core.engine] INFO: Spider opened
2022-03-10 01:43:24 [scrapy.extensions.logstats] INFO: Crawled 0 pages (at 0 pages/min), scraped 0 items (at 0 items/min)
2022-03-10 01:43:24 [wiki_zh] INFO: Spider opened: wiki_zh
2022-03-10 01:43:24 [scrapy.crawler] INFO: Overridden settings:
{'BOT_NAME': 'TextProcessorScrapy',
 'COMMANDS_MODULE': 'TextProcessorScrapy.commands',
 'CONCURRENT_REQUESTS_PER_DOMAIN': 32,
 'CONCURRENT_REQUESTS_PER_IP': 128,
 'LOG_FILE': 'log/scrapy_2022_3_10_8.log',
 'NEWSPIDER_MODULE': 'TextProcessorScrapy.spiders',
 'REACTOR_THREADPOOL_MAXSIZE': 20,
 'SPIDER_MODULES': ['TextProcessorScrapy.spiders'],
 'TELNETCONSOLE_ENABLED': False}
2022-03-10 01:43:24 [scrapy.middleware] INFO: Enabled extensions:
['scrapy.extensions.corestats.CoreStats',
 'scrapy.extensions.memusage.MemoryUsage',
 'scrapy.extensions.logstats.LogStats']
2022-03-10 01:43:24 [scrapy.middleware] INFO: Enabled downloader middlewares:
['scrapy.downloadermiddlewares.httpauth.HttpAuthMiddleware',
 'scrapy.downloadermiddlewares.downloadtimeout.DownloadTimeoutMiddleware',
 'scrapy.downloadermiddlewares.defaultheaders.DefaultHeadersMiddleware',
 'scrapy.downloadermiddlewares.useragent.UserAgentMiddleware',
 'TextProcessorScrapy.middlewares.RandomUserAgentMiddleware',
 'TextProcessorScrapy.middlewares.TextCrawlDownloaderMiddleware',
 'scrapy.downloadermiddlewares.retry.RetryMiddleware',
 'scrapy.downloadermiddlewares.redirect.MetaRefreshMiddleware',
 'scrapy.downloadermiddlewares.httpcompression.HttpCompressionMiddleware',
 'scrapy.downloadermiddlewares.redirect.RedirectMiddleware',
 'scrapy.downloadermiddlewares.cookies.CookiesMiddleware',
 'scrapy.downloadermiddlewares.httpproxy.HttpProxyMiddleware',
 'scrapy.downloadermiddlewares.stats.DownloaderStats']
2022-03-10 01:43:24 [scrapy.middleware] INFO: Enabled spider middlewares:
['scrapy.spidermiddlewares.httperror.HttpErrorMiddleware',
 'scrapy.spidermiddlewares.offsite.OffsiteMiddleware',
 'scrapy.spidermiddlewares.referer.RefererMiddleware',
 'scrapy.spidermiddlewares.urllength.UrlLengthMiddleware',
 'scrapy.spidermiddlewares.depth.DepthMiddleware']
2022-03-10 01:43:24 [scrapy.middleware] INFO: Enabled item pipelines:
['TextProcessorScrapy.pipelines.ImagePipeline',
 'TextProcessorScrapy.pipelines.WikiPipeline']
2022-03-10 01:43:24 [scrapy.core.engine] INFO: Spider opened
2022-03-10 01:43:24 [scrapy.extensions.logstats] INFO: Crawled 0 pages (at 0 pages/min), scraped 0 items (at 0 items/min)
2022-03-10 01:43:24 [wiki_zh] INFO: Spider opened: wiki_zh
2022-03-10 01:43:24 [scrapy.crawler] INFO: Overridden settings:
{'BOT_NAME': 'TextProcessorScrapy',
 'COMMANDS_MODULE': 'TextProcessorScrapy.commands',
 'CONCURRENT_REQUESTS_PER_DOMAIN': 32,
 'CONCURRENT_REQUESTS_PER_IP': 128,
 'LOG_FILE': 'log/scrapy_2022_3_10_8.log',
 'NEWSPIDER_MODULE': 'TextProcessorScrapy.spiders',
 'REACTOR_THREADPOOL_MAXSIZE': 20,
 'SPIDER_MODULES': ['TextProcessorScrapy.spiders'],
 'TELNETCONSOLE_ENABLED': False}
2022-03-10 01:43:24 [scrapy.middleware] INFO: Enabled extensions:
['scrapy.extensions.corestats.CoreStats',
 'scrapy.extensions.memusage.MemoryUsage',
 'scrapy.extensions.logstats.LogStats']
2022-03-10 01:43:24 [scrapy.middleware] INFO: Enabled downloader middlewares:
['scrapy.downloadermiddlewares.httpauth.HttpAuthMiddleware',
 'scrapy.downloadermiddlewares.downloadtimeout.DownloadTimeoutMiddleware',
 'scrapy.downloadermiddlewares.defaultheaders.DefaultHeadersMiddleware',
 'scrapy.downloadermiddlewares.useragent.UserAgentMiddleware',
 'TextProcessorScrapy.middlewares.RandomUserAgentMiddleware',
 'TextProcessorScrapy.middlewares.TextCrawlDownloaderMiddleware',
 'scrapy.downloadermiddlewares.retry.RetryMiddleware',
 'scrapy.downloadermiddlewares.redirect.MetaRefreshMiddleware',
 'scrapy.downloadermiddlewares.httpcompression.HttpCompressionMiddleware',
 'scrapy.downloadermiddlewares.redirect.RedirectMiddleware',
 'scrapy.downloadermiddlewares.cookies.CookiesMiddleware',
 'scrapy.downloadermiddlewares.httpproxy.HttpProxyMiddleware',
 'scrapy.downloadermiddlewares.stats.DownloaderStats']
2022-03-10 01:43:24 [scrapy.middleware] INFO: Enabled spider middlewares:
['scrapy.spidermiddlewares.httperror.HttpErrorMiddleware',
 'scrapy.spidermiddlewares.offsite.OffsiteMiddleware',
 'scrapy.spidermiddlewares.referer.RefererMiddleware',
 'scrapy.spidermiddlewares.urllength.UrlLengthMiddleware',
 'scrapy.spidermiddlewares.depth.DepthMiddleware']
2022-03-10 01:43:24 [scrapy.middleware] INFO: Enabled item pipelines:
['TextProcessorScrapy.pipelines.ImagePipeline',
 'TextProcessorScrapy.pipelines.WikiPipeline']
2022-03-10 01:43:24 [scrapy.core.engine] INFO: Spider opened
2022-03-10 01:43:24 [scrapy.extensions.logstats] INFO: Crawled 0 pages (at 0 pages/min), scraped 0 items (at 0 items/min)
2022-03-10 01:43:24 [wiki_zh] INFO: Spider opened: wiki_zh
2022-03-10 01:43:24 [scrapy.crawler] INFO: Overridden settings:
{'BOT_NAME': 'TextProcessorScrapy',
 'COMMANDS_MODULE': 'TextProcessorScrapy.commands',
 'CONCURRENT_REQUESTS_PER_DOMAIN': 32,
 'CONCURRENT_REQUESTS_PER_IP': 128,
 'LOG_FILE': 'log/scrapy_2022_3_10_8.log',
 'NEWSPIDER_MODULE': 'TextProcessorScrapy.spiders',
 'REACTOR_THREADPOOL_MAXSIZE': 20,
 'SPIDER_MODULES': ['TextProcessorScrapy.spiders'],
 'TELNETCONSOLE_ENABLED': False}
2022-03-10 01:43:24 [scrapy.middleware] INFO: Enabled extensions:
['scrapy.extensions.corestats.CoreStats',
 'scrapy.extensions.memusage.MemoryUsage',
 'scrapy.extensions.logstats.LogStats']
2022-03-10 01:43:24 [scrapy.middleware] INFO: Enabled downloader middlewares:
['scrapy.downloadermiddlewares.httpauth.HttpAuthMiddleware',
 'scrapy.downloadermiddlewares.downloadtimeout.DownloadTimeoutMiddleware',
 'scrapy.downloadermiddlewares.defaultheaders.DefaultHeadersMiddleware',
 'scrapy.downloadermiddlewares.useragent.UserAgentMiddleware',
 'TextProcessorScrapy.middlewares.RandomUserAgentMiddleware',
 'TextProcessorScrapy.middlewares.TextCrawlDownloaderMiddleware',
 'scrapy.downloadermiddlewares.retry.RetryMiddleware',
 'scrapy.downloadermiddlewares.redirect.MetaRefreshMiddleware',
 'scrapy.downloadermiddlewares.httpcompression.HttpCompressionMiddleware',
 'scrapy.downloadermiddlewares.redirect.RedirectMiddleware',
 'scrapy.downloadermiddlewares.cookies.CookiesMiddleware',
 'scrapy.downloadermiddlewares.httpproxy.HttpProxyMiddleware',
 'scrapy.downloadermiddlewares.stats.DownloaderStats']
2022-03-10 01:43:24 [scrapy.middleware] INFO: Enabled spider middlewares:
['scrapy.spidermiddlewares.httperror.HttpErrorMiddleware',
 'scrapy.spidermiddlewares.offsite.OffsiteMiddleware',
 'scrapy.spidermiddlewares.referer.RefererMiddleware',
 'scrapy.spidermiddlewares.urllength.UrlLengthMiddleware',
 'scrapy.spidermiddlewares.depth.DepthMiddleware']
2022-03-10 01:43:24 [scrapy.middleware] INFO: Enabled item pipelines:
['TextProcessorScrapy.pipelines.ImagePipeline',
 'TextProcessorScrapy.pipelines.WikiPipeline']
2022-03-10 01:43:24 [scrapy.core.engine] INFO: Spider opened
2022-03-10 01:43:24 [scrapy.extensions.logstats] INFO: Crawled 0 pages (at 0 pages/min), scraped 0 items (at 0 items/min)
2022-03-10 01:43:24 [wiki_zh] INFO: Spider opened: wiki_zh
2022-03-10 01:43:24 [scrapy.crawler] INFO: Overridden settings:
{'BOT_NAME': 'TextProcessorScrapy',
 'COMMANDS_MODULE': 'TextProcessorScrapy.commands',
 'CONCURRENT_REQUESTS_PER_DOMAIN': 32,
 'CONCURRENT_REQUESTS_PER_IP': 128,
 'LOG_FILE': 'log/scrapy_2022_3_10_8.log',
 'NEWSPIDER_MODULE': 'TextProcessorScrapy.spiders',
 'REACTOR_THREADPOOL_MAXSIZE': 20,
 'SPIDER_MODULES': ['TextProcessorScrapy.spiders'],
 'TELNETCONSOLE_ENABLED': False}
2022-03-10 01:43:24 [scrapy.middleware] INFO: Enabled extensions:
['scrapy.extensions.corestats.CoreStats',
 'scrapy.extensions.memusage.MemoryUsage',
 'scrapy.extensions.logstats.LogStats']
2022-03-10 01:43:24 [scrapy.middleware] INFO: Enabled downloader middlewares:
['scrapy.downloadermiddlewares.httpauth.HttpAuthMiddleware',
 'scrapy.downloadermiddlewares.downloadtimeout.DownloadTimeoutMiddleware',
 'scrapy.downloadermiddlewares.defaultheaders.DefaultHeadersMiddleware',
 'scrapy.downloadermiddlewares.useragent.UserAgentMiddleware',
 'TextProcessorScrapy.middlewares.RandomUserAgentMiddleware',
 'TextProcessorScrapy.middlewares.TextCrawlDownloaderMiddleware',
 'scrapy.downloadermiddlewares.retry.RetryMiddleware',
 'scrapy.downloadermiddlewares.redirect.MetaRefreshMiddleware',
 'scrapy.downloadermiddlewares.httpcompression.HttpCompressionMiddleware',
 'scrapy.downloadermiddlewares.redirect.RedirectMiddleware',
 'scrapy.downloadermiddlewares.cookies.CookiesMiddleware',
 'scrapy.downloadermiddlewares.httpproxy.HttpProxyMiddleware',
 'scrapy.downloadermiddlewares.stats.DownloaderStats']
2022-03-10 01:43:24 [scrapy.middleware] INFO: Enabled spider middlewares:
['scrapy.spidermiddlewares.httperror.HttpErrorMiddleware',
 'scrapy.spidermiddlewares.offsite.OffsiteMiddleware',
 'scrapy.spidermiddlewares.referer.RefererMiddleware',
 'scrapy.spidermiddlewares.urllength.UrlLengthMiddleware',
 'scrapy.spidermiddlewares.depth.DepthMiddleware']
2022-03-10 01:43:24 [scrapy.middleware] INFO: Enabled item pipelines:
['TextProcessorScrapy.pipelines.ImagePipeline',
 'TextProcessorScrapy.pipelines.WikiPipeline']
2022-03-10 01:43:24 [scrapy.core.engine] INFO: Spider opened
2022-03-10 01:43:24 [scrapy.extensions.logstats] INFO: Crawled 0 pages (at 0 pages/min), scraped 0 items (at 0 items/min)
2022-03-10 01:43:24 [wiki_zh] INFO: Spider opened: wiki_zh
2022-03-10 01:43:24 [scrapy.crawler] INFO: Overridden settings:
{'BOT_NAME': 'TextProcessorScrapy',
 'COMMANDS_MODULE': 'TextProcessorScrapy.commands',
 'CONCURRENT_REQUESTS_PER_DOMAIN': 32,
 'CONCURRENT_REQUESTS_PER_IP': 128,
 'LOG_FILE': 'log/scrapy_2022_3_10_8.log',
 'NEWSPIDER_MODULE': 'TextProcessorScrapy.spiders',
 'REACTOR_THREADPOOL_MAXSIZE': 20,
 'SPIDER_MODULES': ['TextProcessorScrapy.spiders'],
 'TELNETCONSOLE_ENABLED': False}
2022-03-10 01:43:24 [scrapy.middleware] INFO: Enabled extensions:
['scrapy.extensions.corestats.CoreStats',
 'scrapy.extensions.memusage.MemoryUsage',
 'scrapy.extensions.logstats.LogStats']
2022-03-10 01:43:24 [scrapy.middleware] INFO: Enabled downloader middlewares:
['scrapy.downloadermiddlewares.httpauth.HttpAuthMiddleware',
 'scrapy.downloadermiddlewares.downloadtimeout.DownloadTimeoutMiddleware',
 'scrapy.downloadermiddlewares.defaultheaders.DefaultHeadersMiddleware',
 'scrapy.downloadermiddlewares.useragent.UserAgentMiddleware',
 'TextProcessorScrapy.middlewares.RandomUserAgentMiddleware',
 'TextProcessorScrapy.middlewares.TextCrawlDownloaderMiddleware',
 'scrapy.downloadermiddlewares.retry.RetryMiddleware',
 'scrapy.downloadermiddlewares.redirect.MetaRefreshMiddleware',
 'scrapy.downloadermiddlewares.httpcompression.HttpCompressionMiddleware',
 'scrapy.downloadermiddlewares.redirect.RedirectMiddleware',
 'scrapy.downloadermiddlewares.cookies.CookiesMiddleware',
 'scrapy.downloadermiddlewares.httpproxy.HttpProxyMiddleware',
 'scrapy.downloadermiddlewares.stats.DownloaderStats']
2022-03-10 01:43:24 [scrapy.middleware] INFO: Enabled spider middlewares:
['scrapy.spidermiddlewares.httperror.HttpErrorMiddleware',
 'scrapy.spidermiddlewares.offsite.OffsiteMiddleware',
 'scrapy.spidermiddlewares.referer.RefererMiddleware',
 'scrapy.spidermiddlewares.urllength.UrlLengthMiddleware',
 'scrapy.spidermiddlewares.depth.DepthMiddleware']
2022-03-10 01:43:24 [scrapy.middleware] INFO: Enabled item pipelines:
['TextProcessorScrapy.pipelines.ImagePipeline',
 'TextProcessorScrapy.pipelines.WikiPipeline']
2022-03-10 01:43:24 [scrapy.core.engine] INFO: Spider opened
2022-03-10 01:43:24 [scrapy.extensions.logstats] INFO: Crawled 0 pages (at 0 pages/min), scraped 0 items (at 0 items/min)
2022-03-10 01:43:24 [wiki_zh] INFO: Spider opened: wiki_zh
2022-03-10 01:43:24 [scrapy.crawler] INFO: Overridden settings:
{'BOT_NAME': 'TextProcessorScrapy',
 'COMMANDS_MODULE': 'TextProcessorScrapy.commands',
 'CONCURRENT_REQUESTS_PER_DOMAIN': 32,
 'CONCURRENT_REQUESTS_PER_IP': 128,
 'LOG_FILE': 'log/scrapy_2022_3_10_8.log',
 'NEWSPIDER_MODULE': 'TextProcessorScrapy.spiders',
 'REACTOR_THREADPOOL_MAXSIZE': 20,
 'SPIDER_MODULES': ['TextProcessorScrapy.spiders'],
 'TELNETCONSOLE_ENABLED': False}
2022-03-10 01:43:24 [scrapy.middleware] INFO: Enabled extensions:
['scrapy.extensions.corestats.CoreStats',
 'scrapy.extensions.memusage.MemoryUsage',
 'scrapy.extensions.logstats.LogStats']
2022-03-10 01:43:24 [scrapy.middleware] INFO: Enabled downloader middlewares:
['scrapy.downloadermiddlewares.httpauth.HttpAuthMiddleware',
 'scrapy.downloadermiddlewares.downloadtimeout.DownloadTimeoutMiddleware',
 'scrapy.downloadermiddlewares.defaultheaders.DefaultHeadersMiddleware',
 'scrapy.downloadermiddlewares.useragent.UserAgentMiddleware',
 'TextProcessorScrapy.middlewares.RandomUserAgentMiddleware',
 'TextProcessorScrapy.middlewares.TextCrawlDownloaderMiddleware',
 'scrapy.downloadermiddlewares.retry.RetryMiddleware',
 'scrapy.downloadermiddlewares.redirect.MetaRefreshMiddleware',
 'scrapy.downloadermiddlewares.httpcompression.HttpCompressionMiddleware',
 'scrapy.downloadermiddlewares.redirect.RedirectMiddleware',
 'scrapy.downloadermiddlewares.cookies.CookiesMiddleware',
 'scrapy.downloadermiddlewares.httpproxy.HttpProxyMiddleware',
 'scrapy.downloadermiddlewares.stats.DownloaderStats']
2022-03-10 01:43:24 [scrapy.middleware] INFO: Enabled spider middlewares:
['scrapy.spidermiddlewares.httperror.HttpErrorMiddleware',
 'scrapy.spidermiddlewares.offsite.OffsiteMiddleware',
 'scrapy.spidermiddlewares.referer.RefererMiddleware',
 'scrapy.spidermiddlewares.urllength.UrlLengthMiddleware',
 'scrapy.spidermiddlewares.depth.DepthMiddleware']
2022-03-10 01:43:24 [scrapy.middleware] INFO: Enabled item pipelines:
['TextProcessorScrapy.pipelines.ImagePipeline',
 'TextProcessorScrapy.pipelines.WikiPipeline']
2022-03-10 01:43:24 [scrapy.core.engine] INFO: Spider opened
2022-03-10 01:43:24 [scrapy.extensions.logstats] INFO: Crawled 0 pages (at 0 pages/min), scraped 0 items (at 0 items/min)
2022-03-10 01:43:24 [wiki_zh] INFO: Spider opened: wiki_zh
2022-03-10 01:43:24 [scrapy.crawler] INFO: Overridden settings:
{'BOT_NAME': 'TextProcessorScrapy',
 'COMMANDS_MODULE': 'TextProcessorScrapy.commands',
 'CONCURRENT_REQUESTS_PER_DOMAIN': 32,
 'CONCURRENT_REQUESTS_PER_IP': 128,
 'LOG_FILE': 'log/scrapy_2022_3_10_8.log',
 'NEWSPIDER_MODULE': 'TextProcessorScrapy.spiders',
 'REACTOR_THREADPOOL_MAXSIZE': 20,
 'SPIDER_MODULES': ['TextProcessorScrapy.spiders'],
 'TELNETCONSOLE_ENABLED': False}
2022-03-10 01:43:24 [scrapy.middleware] INFO: Enabled extensions:
['scrapy.extensions.corestats.CoreStats',
 'scrapy.extensions.memusage.MemoryUsage',
 'scrapy.extensions.logstats.LogStats']
2022-03-10 01:43:24 [scrapy.middleware] INFO: Enabled downloader middlewares:
['scrapy.downloadermiddlewares.httpauth.HttpAuthMiddleware',
 'scrapy.downloadermiddlewares.downloadtimeout.DownloadTimeoutMiddleware',
 'scrapy.downloadermiddlewares.defaultheaders.DefaultHeadersMiddleware',
 'scrapy.downloadermiddlewares.useragent.UserAgentMiddleware',
 'TextProcessorScrapy.middlewares.RandomUserAgentMiddleware',
 'TextProcessorScrapy.middlewares.TextCrawlDownloaderMiddleware',
 'scrapy.downloadermiddlewares.retry.RetryMiddleware',
 'scrapy.downloadermiddlewares.redirect.MetaRefreshMiddleware',
 'scrapy.downloadermiddlewares.httpcompression.HttpCompressionMiddleware',
 'scrapy.downloadermiddlewares.redirect.RedirectMiddleware',
 'scrapy.downloadermiddlewares.cookies.CookiesMiddleware',
 'scrapy.downloadermiddlewares.httpproxy.HttpProxyMiddleware',
 'scrapy.downloadermiddlewares.stats.DownloaderStats']
2022-03-10 01:43:24 [scrapy.middleware] INFO: Enabled spider middlewares:
['scrapy.spidermiddlewares.httperror.HttpErrorMiddleware',
 'scrapy.spidermiddlewares.offsite.OffsiteMiddleware',
 'scrapy.spidermiddlewares.referer.RefererMiddleware',
 'scrapy.spidermiddlewares.urllength.UrlLengthMiddleware',
 'scrapy.spidermiddlewares.depth.DepthMiddleware']
2022-03-10 01:43:24 [scrapy.middleware] INFO: Enabled item pipelines:
['TextProcessorScrapy.pipelines.ImagePipeline',
 'TextProcessorScrapy.pipelines.WikiPipeline']
2022-03-10 01:43:24 [scrapy.core.engine] INFO: Spider opened
2022-03-10 01:43:24 [scrapy.extensions.logstats] INFO: Crawled 0 pages (at 0 pages/min), scraped 0 items (at 0 items/min)
2022-03-10 01:43:24 [wiki_zh] INFO: Spider opened: wiki_zh
2022-03-10 01:43:45 [scrapy.downloadermiddlewares.retry] DEBUG: Retrying <GET https://zh.wikipedia.org/w/index.php?title=Special:Search&limit=20&offset=0&profile=default&search=%E8%A3%85%E7%94%B2%E4%BE%A6%E5%AF%9F%E8%BD%A6&ns0=1> (failed 1 times): Connection was refused by other side: 111: Connection refused.
2022-03-10 01:43:45 [scrapy.downloadermiddlewares.retry] DEBUG: Retrying <GET https://zh.wikipedia.org/w/index.php?title=Special:Search&limit=20&offset=0&profile=default&search=%E8%A3%85%E7%94%B2%E6%95%91%E6%8A%A4%E8%BD%A6&ns0=1> (failed 1 times): Connection was refused by other side: 111: Connection refused.
2022-03-10 01:43:45 [scrapy.downloadermiddlewares.retry] DEBUG: Retrying <GET https://zh.wikipedia.org/w/index.php?title=Special:Search&limit=20&offset=0&profile=default&search=%E8%A3%85%E7%94%B2%E8%BF%90%E8%BE%93%E8%BD%A6&ns0=1> (failed 1 times): Connection was refused by other side: 111: Connection refused.
2022-03-10 01:43:45 [scrapy.downloadermiddlewares.retry] DEBUG: Retrying <GET https://zh.wikipedia.org/w/index.php?title=Special:Search&limit=20&offset=0&profile=default&search=%E8%A3%85%E7%94%B2%E6%89%AB%E9%9B%B7%E8%BD%A6&ns0=1> (failed 1 times): Connection was refused by other side: 111: Connection refused.
2022-03-10 01:43:45 [scrapy.downloadermiddlewares.retry] DEBUG: Retrying <GET https://zh.wikipedia.org/w/index.php?title=Special:Search&limit=20&offset=0&profile=default&search=%E9%A9%AC%E5%85%AC%E6%9C%BA%E5%9C%BA&ns0=1> (failed 1 times): Connection was refused by other side: 111: Connection refused.
2022-03-10 01:43:45 [scrapy.downloadermiddlewares.retry] DEBUG: Retrying <GET https://zh.wikipedia.org/w/index.php?title=Special:Search&limit=20&offset=0&profile=default&search=%E6%BE%8E%E6%B9%96%E6%9C%BA%E5%9C%BA&ns0=1> (failed 1 times): Connection was refused by other side: 111: Connection refused.
2022-03-10 01:43:45 [scrapy.downloadermiddlewares.retry] DEBUG: Retrying <GET https://en.wikipedia.org/w/index.php?title=Special:Search&limit=20&offset=0&profile=default&search=earth%20fortification&ns0=1> (failed 1 times): Connection was refused by other side: 111: Connection refused.
2022-03-10 01:43:45 [scrapy.downloadermiddlewares.retry] DEBUG: Retrying <GET https://zh.wikipedia.org/w/index.php?title=Special:Search&limit=20&offset=0&profile=default&search=%E8%A5%BF%E5%B1%BF%E9%9B%B7%E8%BE%BE%E7%AB%99&ns0=1> (failed 1 times): Connection was refused by other side: 111: Connection refused.
2022-03-10 01:43:45 [scrapy.downloadermiddlewares.retry] DEBUG: Retrying <GET https://zh.wikipedia.org/w/index.php?title=Special:Search&limit=20&offset=0&profile=default&search=%E7%9B%B4%E5%8D%87%E6%9C%BA&ns0=1> (failed 1 times): Connection was refused by other side: 111: Connection refused.
2022-03-10 01:43:45 [scrapy.downloadermiddlewares.retry] DEBUG: Retrying <GET https://zh.wikipedia.org/w/index.php?title=Special:Search&limit=20&offset=0&profile=default&search=%E8%8A%B1%E8%8E%B2%E6%9C%BA%E5%9C%BA&ns0=1> (failed 1 times): Connection was refused by other side: 111: Connection refused.
2022-03-10 01:43:45 [scrapy.downloadermiddlewares.retry] DEBUG: Retrying <GET https://zh.wikipedia.org/w/index.php?title=Special:Search&limit=20&offset=0&profile=default&search=%E8%A3%85%E7%94%B2%E9%98%B2%E6%8A%A4%E8%BD%A6&ns0=1> (failed 1 times): Connection was refused by other side: 111: Connection refused.
2022-03-10 01:44:06 [scrapy.downloadermiddlewares.retry] DEBUG: Retrying <GET https://zh.wikipedia.org/w/index.php?title=Special:Search&limit=20&offset=0&profile=default&search=%E8%A3%85%E7%94%B2%E4%BE%A6%E5%AF%9F%E8%BD%A6&ns0=1> (failed 2 times): Connection was refused by other side: 111: Connection refused.
2022-03-10 01:44:06 [scrapy.downloadermiddlewares.retry] DEBUG: Retrying <GET https://en.wikipedia.org/w/index.php?title=Special:Search&limit=20&offset=0&profile=default&search=earth%20fortification&ns0=1> (failed 2 times): Connection was refused by other side: 111: Connection refused.
2022-03-10 01:44:06 [scrapy.downloadermiddlewares.retry] DEBUG: Retrying <GET https://zh.wikipedia.org/w/index.php?title=Special:Search&limit=20&offset=0&profile=default&search=%E7%9B%B4%E5%8D%87%E6%9C%BA&ns0=1> (failed 2 times): Connection was refused by other side: 111: Connection refused.
2022-03-10 01:44:06 [scrapy.downloadermiddlewares.retry] DEBUG: Retrying <GET https://zh.wikipedia.org/w/index.php?title=Special:Search&limit=20&offset=0&profile=default&search=%E9%A9%AC%E5%85%AC%E6%9C%BA%E5%9C%BA&ns0=1> (failed 2 times): Connection was refused by other side: 111: Connection refused.
2022-03-10 01:44:06 [scrapy.downloadermiddlewares.retry] DEBUG: Retrying <GET https://zh.wikipedia.org/w/index.php?title=Special:Search&limit=20&offset=0&profile=default&search=%E8%8A%B1%E8%8E%B2%E6%9C%BA%E5%9C%BA&ns0=1> (failed 2 times): Connection was refused by other side: 111: Connection refused.
2022-03-10 01:44:06 [scrapy.downloadermiddlewares.retry] DEBUG: Retrying <GET https://zh.wikipedia.org/w/index.php?title=Special:Search&limit=20&offset=0&profile=default&search=%E8%A5%BF%E5%B1%BF%E9%9B%B7%E8%BE%BE%E7%AB%99&ns0=1> (failed 2 times): Connection was refused by other side: 111: Connection refused.
2022-03-10 01:44:06 [scrapy.downloadermiddlewares.retry] DEBUG: Retrying <GET https://zh.wikipedia.org/w/index.php?title=Special:Search&limit=20&offset=0&profile=default&search=%E6%BE%8E%E6%B9%96%E6%9C%BA%E5%9C%BA&ns0=1> (failed 2 times): Connection was refused by other side: 111: Connection refused.
2022-03-10 01:44:06 [scrapy.downloadermiddlewares.retry] DEBUG: Retrying <GET https://zh.wikipedia.org/w/index.php?title=Special:Search&limit=20&offset=0&profile=default&search=%E8%A3%85%E7%94%B2%E6%89%AB%E9%9B%B7%E8%BD%A6&ns0=1> (failed 2 times): Connection was refused by other side: 111: Connection refused.
2022-03-10 01:44:06 [scrapy.downloadermiddlewares.retry] DEBUG: Retrying <GET https://zh.wikipedia.org/w/index.php?title=Special:Search&limit=20&offset=0&profile=default&search=%E8%A3%85%E7%94%B2%E6%95%91%E6%8A%A4%E8%BD%A6&ns0=1> (failed 2 times): Connection was refused by other side: 111: Connection refused.
2022-03-10 01:44:06 [scrapy.downloadermiddlewares.retry] DEBUG: Retrying <GET https://zh.wikipedia.org/w/index.php?title=Special:Search&limit=20&offset=0&profile=default&search=%E8%A3%85%E7%94%B2%E8%BF%90%E8%BE%93%E8%BD%A6&ns0=1> (failed 2 times): Connection was refused by other side: 111: Connection refused.
2022-03-10 01:44:06 [scrapy.downloadermiddlewares.retry] DEBUG: Retrying <GET https://zh.wikipedia.org/w/index.php?title=Special:Search&limit=20&offset=0&profile=default&search=%E8%A3%85%E7%94%B2%E9%98%B2%E6%8A%A4%E8%BD%A6&ns0=1> (failed 2 times): Connection was refused by other side: 111: Connection refused.
2022-03-10 01:44:24 [scrapy.extensions.logstats] INFO: Crawled 0 pages (at 0 pages/min), scraped 0 items (at 0 items/min)
2022-03-10 01:44:24 [scrapy.extensions.logstats] INFO: Crawled 0 pages (at 0 pages/min), scraped 0 items (at 0 items/min)
2022-03-10 01:44:24 [scrapy.extensions.logstats] INFO: Crawled 0 pages (at 0 pages/min), scraped 0 items (at 0 items/min)
2022-03-10 01:44:24 [scrapy.extensions.logstats] INFO: Crawled 0 pages (at 0 pages/min), scraped 0 items (at 0 items/min)
2022-03-10 01:44:24 [scrapy.extensions.logstats] INFO: Crawled 0 pages (at 0 pages/min), scraped 0 items (at 0 items/min)
2022-03-10 01:44:24 [scrapy.extensions.logstats] INFO: Crawled 0 pages (at 0 pages/min), scraped 0 items (at 0 items/min)
2022-03-10 01:44:24 [scrapy.extensions.logstats] INFO: Crawled 0 pages (at 0 pages/min), scraped 0 items (at 0 items/min)
2022-03-10 01:44:24 [scrapy.extensions.logstats] INFO: Crawled 0 pages (at 0 pages/min), scraped 0 items (at 0 items/min)
2022-03-10 01:44:24 [scrapy.extensions.logstats] INFO: Crawled 0 pages (at 0 pages/min), scraped 0 items (at 0 items/min)
2022-03-10 01:44:24 [scrapy.extensions.logstats] INFO: Crawled 0 pages (at 0 pages/min), scraped 0 items (at 0 items/min)
2022-03-10 01:44:24 [scrapy.extensions.logstats] INFO: Crawled 0 pages (at 0 pages/min), scraped 0 items (at 0 items/min)
2022-03-10 01:44:27 [scrapy.downloadermiddlewares.retry] ERROR: Gave up retrying <GET https://zh.wikipedia.org/w/index.php?title=Special:Search&limit=20&offset=0&profile=default&search=%E8%A3%85%E7%94%B2%E4%BE%A6%E5%AF%9F%E8%BD%A6&ns0=1> (failed 3 times): Connection was refused by other side: 111: Connection refused.
2022-03-10 01:44:27 [scrapy.downloadermiddlewares.retry] ERROR: Gave up retrying <GET https://en.wikipedia.org/w/index.php?title=Special:Search&limit=20&offset=0&profile=default&search=earth%20fortification&ns0=1> (failed 3 times): Connection was refused by other side: 111: Connection refused.
2022-03-10 01:44:27 [scrapy.downloadermiddlewares.retry] ERROR: Gave up retrying <GET https://zh.wikipedia.org/w/index.php?title=Special:Search&limit=20&offset=0&profile=default&search=%E7%9B%B4%E5%8D%87%E6%9C%BA&ns0=1> (failed 3 times): Connection was refused by other side: 111: Connection refused.
2022-03-10 01:44:27 [scrapy.downloadermiddlewares.retry] ERROR: Gave up retrying <GET https://zh.wikipedia.org/w/index.php?title=Special:Search&limit=20&offset=0&profile=default&search=%E8%A3%85%E7%94%B2%E8%BF%90%E8%BE%93%E8%BD%A6&ns0=1> (failed 3 times): Connection was refused by other side: 111: Connection refused.
2022-03-10 01:44:27 [scrapy.downloadermiddlewares.retry] ERROR: Gave up retrying <GET https://zh.wikipedia.org/w/index.php?title=Special:Search&limit=20&offset=0&profile=default&search=%E8%A3%85%E7%94%B2%E6%89%AB%E9%9B%B7%E8%BD%A6&ns0=1> (failed 3 times): Connection was refused by other side: 111: Connection refused.
2022-03-10 01:44:27 [scrapy.downloadermiddlewares.retry] ERROR: Gave up retrying <GET https://zh.wikipedia.org/w/index.php?title=Special:Search&limit=20&offset=0&profile=default&search=%E8%A3%85%E7%94%B2%E6%95%91%E6%8A%A4%E8%BD%A6&ns0=1> (failed 3 times): Connection was refused by other side: 111: Connection refused.
2022-03-10 01:44:27 [scrapy.downloadermiddlewares.retry] ERROR: Gave up retrying <GET https://zh.wikipedia.org/w/index.php?title=Special:Search&limit=20&offset=0&profile=default&search=%E8%A3%85%E7%94%B2%E9%98%B2%E6%8A%A4%E8%BD%A6&ns0=1> (failed 3 times): Connection was refused by other side: 111: Connection refused.
2022-03-10 01:44:27 [scrapy.downloadermiddlewares.retry] ERROR: Gave up retrying <GET https://zh.wikipedia.org/w/index.php?title=Special:Search&limit=20&offset=0&profile=default&search=%E8%8A%B1%E8%8E%B2%E6%9C%BA%E5%9C%BA&ns0=1> (failed 3 times): Connection was refused by other side: 111: Connection refused.
2022-03-10 01:44:27 [scrapy.downloadermiddlewares.retry] ERROR: Gave up retrying <GET https://zh.wikipedia.org/w/index.php?title=Special:Search&limit=20&offset=0&profile=default&search=%E9%A9%AC%E5%85%AC%E6%9C%BA%E5%9C%BA&ns0=1> (failed 3 times): Connection was refused by other side: 111: Connection refused.
2022-03-10 01:44:27 [scrapy.downloadermiddlewares.retry] ERROR: Gave up retrying <GET https://zh.wikipedia.org/w/index.php?title=Special:Search&limit=20&offset=0&profile=default&search=%E8%A5%BF%E5%B1%BF%E9%9B%B7%E8%BE%BE%E7%AB%99&ns0=1> (failed 3 times): Connection was refused by other side: 111: Connection refused.
2022-03-10 01:44:27 [scrapy.downloadermiddlewares.retry] ERROR: Gave up retrying <GET https://zh.wikipedia.org/w/index.php?title=Special:Search&limit=20&offset=0&profile=default&search=%E6%BE%8E%E6%B9%96%E6%9C%BA%E5%9C%BA&ns0=1> (failed 3 times): Connection was refused by other side: 111: Connection refused.
2022-03-10 01:44:27 [scrapy.core.scraper] ERROR: Error downloading <GET https://zh.wikipedia.org/w/index.php?title=Special:Search&limit=20&offset=0&profile=default&search=%E8%A3%85%E7%94%B2%E4%BE%A6%E5%AF%9F%E8%BD%A6&ns0=1>
Traceback (most recent call last):
  File "/usr/local/lib/python3.7/site-packages/scrapy/core/downloader/middleware.py", line 44, in process_request
    return (yield download_func(request=request, spider=spider))
twisted.internet.error.ConnectionRefusedError: Connection was refused by other side: 111: Connection refused.
2022-03-10 01:44:27 [scrapy.core.scraper] ERROR: Error downloading <GET https://en.wikipedia.org/w/index.php?title=Special:Search&limit=20&offset=0&profile=default&search=earth%20fortification&ns0=1>
Traceback (most recent call last):
  File "/usr/local/lib/python3.7/site-packages/scrapy/core/downloader/middleware.py", line 44, in process_request
    return (yield download_func(request=request, spider=spider))
twisted.internet.error.ConnectionRefusedError: Connection was refused by other side: 111: Connection refused.
2022-03-10 01:44:27 [scrapy.core.scraper] ERROR: Error downloading <GET https://zh.wikipedia.org/w/index.php?title=Special:Search&limit=20&offset=0&profile=default&search=%E7%9B%B4%E5%8D%87%E6%9C%BA&ns0=1>
Traceback (most recent call last):
  File "/usr/local/lib/python3.7/site-packages/scrapy/core/downloader/middleware.py", line 44, in process_request
    return (yield download_func(request=request, spider=spider))
twisted.internet.error.ConnectionRefusedError: Connection was refused by other side: 111: Connection refused.
2022-03-10 01:44:27 [scrapy.core.scraper] ERROR: Error downloading <GET https://zh.wikipedia.org/w/index.php?title=Special:Search&limit=20&offset=0&profile=default&search=%E8%A3%85%E7%94%B2%E8%BF%90%E8%BE%93%E8%BD%A6&ns0=1>
Traceback (most recent call last):
  File "/usr/local/lib/python3.7/site-packages/scrapy/core/downloader/middleware.py", line 44, in process_request
    return (yield download_func(request=request, spider=spider))
twisted.internet.error.ConnectionRefusedError: Connection was refused by other side: 111: Connection refused.
2022-03-10 01:44:27 [scrapy.core.scraper] ERROR: Error downloading <GET https://zh.wikipedia.org/w/index.php?title=Special:Search&limit=20&offset=0&profile=default&search=%E8%A3%85%E7%94%B2%E6%89%AB%E9%9B%B7%E8%BD%A6&ns0=1>
Traceback (most recent call last):
  File "/usr/local/lib/python3.7/site-packages/scrapy/core/downloader/middleware.py", line 44, in process_request
    return (yield download_func(request=request, spider=spider))
twisted.internet.error.ConnectionRefusedError: Connection was refused by other side: 111: Connection refused.
2022-03-10 01:44:27 [scrapy.core.scraper] ERROR: Error downloading <GET https://zh.wikipedia.org/w/index.php?title=Special:Search&limit=20&offset=0&profile=default&search=%E8%A3%85%E7%94%B2%E6%95%91%E6%8A%A4%E8%BD%A6&ns0=1>
Traceback (most recent call last):
  File "/usr/local/lib/python3.7/site-packages/scrapy/core/downloader/middleware.py", line 44, in process_request
    return (yield download_func(request=request, spider=spider))
twisted.internet.error.ConnectionRefusedError: Connection was refused by other side: 111: Connection refused.
2022-03-10 01:44:27 [scrapy.core.scraper] ERROR: Error downloading <GET https://zh.wikipedia.org/w/index.php?title=Special:Search&limit=20&offset=0&profile=default&search=%E8%A3%85%E7%94%B2%E9%98%B2%E6%8A%A4%E8%BD%A6&ns0=1>
Traceback (most recent call last):
  File "/usr/local/lib/python3.7/site-packages/scrapy/core/downloader/middleware.py", line 44, in process_request
    return (yield download_func(request=request, spider=spider))
twisted.internet.error.ConnectionRefusedError: Connection was refused by other side: 111: Connection refused.
2022-03-10 01:44:27 [scrapy.core.scraper] ERROR: Error downloading <GET https://zh.wikipedia.org/w/index.php?title=Special:Search&limit=20&offset=0&profile=default&search=%E8%8A%B1%E8%8E%B2%E6%9C%BA%E5%9C%BA&ns0=1>
Traceback (most recent call last):
  File "/usr/local/lib/python3.7/site-packages/scrapy/core/downloader/middleware.py", line 44, in process_request
    return (yield download_func(request=request, spider=spider))
twisted.internet.error.ConnectionRefusedError: Connection was refused by other side: 111: Connection refused.
2022-03-10 01:44:27 [scrapy.core.scraper] ERROR: Error downloading <GET https://zh.wikipedia.org/w/index.php?title=Special:Search&limit=20&offset=0&profile=default&search=%E9%A9%AC%E5%85%AC%E6%9C%BA%E5%9C%BA&ns0=1>
Traceback (most recent call last):
  File "/usr/local/lib/python3.7/site-packages/scrapy/core/downloader/middleware.py", line 44, in process_request
    return (yield download_func(request=request, spider=spider))
twisted.internet.error.ConnectionRefusedError: Connection was refused by other side: 111: Connection refused.
2022-03-10 01:44:27 [scrapy.core.scraper] ERROR: Error downloading <GET https://zh.wikipedia.org/w/index.php?title=Special:Search&limit=20&offset=0&profile=default&search=%E8%A5%BF%E5%B1%BF%E9%9B%B7%E8%BE%BE%E7%AB%99&ns0=1>
Traceback (most recent call last):
  File "/usr/local/lib/python3.7/site-packages/scrapy/core/downloader/middleware.py", line 44, in process_request
    return (yield download_func(request=request, spider=spider))
twisted.internet.error.ConnectionRefusedError: Connection was refused by other side: 111: Connection refused.
2022-03-10 01:44:27 [scrapy.core.scraper] ERROR: Error downloading <GET https://zh.wikipedia.org/w/index.php?title=Special:Search&limit=20&offset=0&profile=default&search=%E6%BE%8E%E6%B9%96%E6%9C%BA%E5%9C%BA&ns0=1>
Traceback (most recent call last):
  File "/usr/local/lib/python3.7/site-packages/scrapy/core/downloader/middleware.py", line 44, in process_request
    return (yield download_func(request=request, spider=spider))
twisted.internet.error.ConnectionRefusedError: Connection was refused by other side: 111: Connection refused.
2022-03-10 01:44:27 [scrapy.core.engine] INFO: Closing spider (finished)
2022-03-10 01:44:27 [scrapy.statscollectors] INFO: Dumping Scrapy stats:
{'downloader/exception_count': 3,
 'downloader/exception_type_count/twisted.internet.error.ConnectionRefusedError': 3,
 'downloader/request_bytes': 1488,
 'downloader/request_count': 3,
 'downloader/request_method_count/GET': 3,
 'elapsed_time_seconds': 63.393346,
 'finish_reason': 'finished',
 'finish_time': datetime.datetime(2022, 3, 10, 1, 44, 27, 647130),
 'log_count/DEBUG': 22,
 'log_count/ERROR': 22,
 'log_count/INFO': 20,
 'memusage/max': 71733248,
 'memusage/startup': 68001792,
 'retry/count': 2,
 'retry/max_reached': 1,
 'retry/reason_count/twisted.internet.error.ConnectionRefusedError': 2,
 'scheduler/dequeued': 3,
 'scheduler/dequeued/memory': 3,
 'scheduler/enqueued': 3,
 'scheduler/enqueued/memory': 3,
 'start_time': datetime.datetime(2022, 3, 10, 1, 43, 24, 253784)}
2022-03-10 01:44:27 [scrapy.core.engine] INFO: Spider closed (finished)
2022-03-10 01:44:27 [scrapy.core.engine] INFO: Closing spider (finished)
2022-03-10 01:44:27 [scrapy.statscollectors] INFO: Dumping Scrapy stats:
{'downloader/exception_count': 3,
 'downloader/exception_type_count/twisted.internet.error.ConnectionRefusedError': 3,
 'downloader/request_bytes': 1399,
 'downloader/request_count': 3,
 'downloader/request_method_count/GET': 3,
 'elapsed_time_seconds': 63.565734,
 'finish_reason': 'finished',
 'finish_time': datetime.datetime(2022, 3, 10, 1, 44, 27, 710721),
 'log_count/DEBUG': 22,
 'log_count/ERROR': 22,
 'log_count/INFO': 103,
 'memusage/max': 71733248,
 'memusage/startup': 66064384,
 'retry/count': 2,
 'retry/max_reached': 1,
 'retry/reason_count/twisted.internet.error.ConnectionRefusedError': 2,
 'scheduler/dequeued': 3,
 'scheduler/dequeued/memory': 3,
 'scheduler/enqueued': 3,
 'scheduler/enqueued/memory': 3,
 'start_time': datetime.datetime(2022, 3, 10, 1, 43, 24, 144987)}
2022-03-10 01:44:27 [scrapy.core.engine] INFO: Spider closed (finished)
2022-03-10 01:44:27 [scrapy.core.engine] INFO: Closing spider (finished)
2022-03-10 01:44:27 [scrapy.statscollectors] INFO: Dumping Scrapy stats:
{'downloader/exception_count': 3,
 'downloader/exception_type_count/twisted.internet.error.ConnectionRefusedError': 3,
 'downloader/request_bytes': 1424,
 'downloader/request_count': 3,
 'downloader/request_method_count/GET': 3,
 'elapsed_time_seconds': 63.51594,
 'finish_reason': 'finished',
 'finish_time': datetime.datetime(2022, 3, 10, 1, 44, 27, 713921),
 'log_count/DEBUG': 22,
 'log_count/ERROR': 22,
 'log_count/INFO': 66,
 'memusage/max': 71733248,
 'memusage/startup': 67190784,
 'retry/count': 2,
 'retry/max_reached': 1,
 'retry/reason_count/twisted.internet.error.ConnectionRefusedError': 2,
 'scheduler/dequeued': 3,
 'scheduler/dequeued/memory': 3,
 'scheduler/enqueued': 3,
 'scheduler/enqueued/memory': 3,
 'start_time': datetime.datetime(2022, 3, 10, 1, 43, 24, 197981)}
2022-03-10 01:44:27 [scrapy.core.engine] INFO: Spider closed (finished)
2022-03-10 01:44:27 [scrapy.core.engine] INFO: Closing spider (finished)
2022-03-10 01:44:27 [scrapy.statscollectors] INFO: Dumping Scrapy stats:
{'downloader/exception_count': 3,
 'downloader/exception_type_count/twisted.internet.error.ConnectionRefusedError': 3,
 'downloader/request_bytes': 1485,
 'downloader/request_count': 3,
 'downloader/request_method_count/GET': 3,
 'elapsed_time_seconds': 63.497789,
 'finish_reason': 'finished',
 'finish_time': datetime.datetime(2022, 3, 10, 1, 44, 27, 726963),
 'log_count/DEBUG': 22,
 'log_count/ERROR': 22,
 'log_count/INFO': 45,
 'memusage/max': 71733248,
 'memusage/startup': 67731456,
 'retry/count': 2,
 'retry/max_reached': 1,
 'retry/reason_count/twisted.internet.error.ConnectionRefusedError': 2,
 'scheduler/dequeued': 3,
 'scheduler/dequeued/memory': 3,
 'scheduler/enqueued': 3,
 'scheduler/enqueued/memory': 3,
 'start_time': datetime.datetime(2022, 3, 10, 1, 43, 24, 229174)}
2022-03-10 01:44:27 [scrapy.core.engine] INFO: Spider closed (finished)
2022-03-10 01:44:27 [scrapy.core.engine] INFO: Closing spider (finished)
2022-03-10 01:44:27 [scrapy.statscollectors] INFO: Dumping Scrapy stats:
{'downloader/exception_count': 3,
 'downloader/exception_type_count/twisted.internet.error.ConnectionRefusedError': 3,
 'downloader/request_bytes': 1485,
 'downloader/request_count': 3,
 'downloader/request_method_count/GET': 3,
 'elapsed_time_seconds': 63.512248,
 'finish_reason': 'finished',
 'finish_time': datetime.datetime(2022, 3, 10, 1, 44, 27, 730077),
 'log_count/DEBUG': 22,
 'log_count/ERROR': 22,
 'log_count/INFO': 56,
 'memusage/max': 71733248,
 'memusage/startup': 67461120,
 'retry/count': 2,
 'retry/max_reached': 1,
 'retry/reason_count/twisted.internet.error.ConnectionRefusedError': 2,
 'scheduler/dequeued': 3,
 'scheduler/dequeued/memory': 3,
 'scheduler/enqueued': 3,
 'scheduler/enqueued/memory': 3,
 'start_time': datetime.datetime(2022, 3, 10, 1, 43, 24, 217829)}
2022-03-10 01:44:27 [scrapy.core.engine] INFO: Spider closed (finished)
2022-03-10 01:44:27 [scrapy.core.engine] INFO: Closing spider (finished)
2022-03-10 01:44:27 [scrapy.statscollectors] INFO: Dumping Scrapy stats:
{'downloader/exception_count': 3,
 'downloader/exception_type_count/twisted.internet.error.ConnectionRefusedError': 3,
 'downloader/request_bytes': 1475,
 'downloader/request_count': 3,
 'downloader/request_method_count/GET': 3,
 'elapsed_time_seconds': 63.493647,
 'finish_reason': 'finished',
 'finish_time': datetime.datetime(2022, 3, 10, 1, 44, 27, 736450),
 'log_count/DEBUG': 22,
 'log_count/ERROR': 22,
 'log_count/INFO': 43,
 'memusage/max': 71733248,
 'memusage/startup': 67731456,
 'retry/count': 2,
 'retry/max_reached': 1,
 'retry/reason_count/twisted.internet.error.ConnectionRefusedError': 2,
 'scheduler/dequeued': 3,
 'scheduler/dequeued/memory': 3,
 'scheduler/enqueued': 3,
 'scheduler/enqueued/memory': 3,
 'start_time': datetime.datetime(2022, 3, 10, 1, 43, 24, 242803)}
2022-03-10 01:44:27 [scrapy.core.engine] INFO: Spider closed (finished)
2022-03-10 01:44:27 [scrapy.core.engine] INFO: Closing spider (finished)
2022-03-10 01:44:27 [scrapy.statscollectors] INFO: Dumping Scrapy stats:
{'downloader/exception_count': 3,
 'downloader/exception_type_count/twisted.internet.error.ConnectionRefusedError': 3,
 'downloader/request_bytes': 1471,
 'downloader/request_count': 3,
 'downloader/request_method_count/GET': 3,
 'elapsed_time_seconds': 63.53303,
 'finish_reason': 'finished',
 'finish_time': datetime.datetime(2022, 3, 10, 1, 44, 27, 742616),
 'log_count/DEBUG': 22,
 'log_count/ERROR': 22,
 'log_count/INFO': 70,
 'memusage/max': 71733248,
 'memusage/startup': 67190784,
 'retry/count': 2,
 'retry/max_reached': 1,
 'retry/reason_count/twisted.internet.error.ConnectionRefusedError': 2,
 'scheduler/dequeued': 3,
 'scheduler/dequeued/memory': 3,
 'scheduler/enqueued': 3,
 'scheduler/enqueued/memory': 3,
 'start_time': datetime.datetime(2022, 3, 10, 1, 43, 24, 209586)}
2022-03-10 01:44:27 [scrapy.core.engine] INFO: Spider closed (finished)
2022-03-10 01:44:27 [scrapy.core.engine] INFO: Closing spider (finished)
2022-03-10 01:44:27 [scrapy.statscollectors] INFO: Dumping Scrapy stats:
{'downloader/exception_count': 3,
 'downloader/exception_type_count/twisted.internet.error.ConnectionRefusedError': 3,
 'downloader/request_bytes': 1457,
 'downloader/request_count': 3,
 'downloader/request_method_count/GET': 3,
 'elapsed_time_seconds': 63.56028,
 'finish_reason': 'finished',
 'finish_time': datetime.datetime(2022, 3, 10, 1, 44, 27, 748351),
 'log_count/DEBUG': 22,
 'log_count/ERROR': 22,
 'log_count/INFO': 89,
 'memusage/max': 71733248,
 'memusage/startup': 66924544,
 'retry/count': 2,
 'retry/max_reached': 1,
 'retry/reason_count/twisted.internet.error.ConnectionRefusedError': 2,
 'scheduler/dequeued': 3,
 'scheduler/dequeued/memory': 3,
 'scheduler/enqueued': 3,
 'scheduler/enqueued/memory': 3,
 'start_time': datetime.datetime(2022, 3, 10, 1, 43, 24, 188071)}
2022-03-10 01:44:27 [scrapy.core.engine] INFO: Spider closed (finished)
2022-03-10 01:44:27 [scrapy.core.engine] INFO: Closing spider (finished)
2022-03-10 01:44:27 [scrapy.statscollectors] INFO: Dumping Scrapy stats:
{'downloader/exception_count': 3,
 'downloader/exception_type_count/twisted.internet.error.ConnectionRefusedError': 3,
 'downloader/request_bytes': 1445,
 'downloader/request_count': 3,
 'downloader/request_method_count/GET': 3,
 'elapsed_time_seconds': 63.597202,
 'finish_reason': 'finished',
 'finish_time': datetime.datetime(2022, 3, 10, 1, 44, 27, 751398),
 'log_count/DEBUG': 22,
 'log_count/ERROR': 22,
 'log_count/INFO': 116,
 'memusage/max': 71733248,
 'memusage/startup': 66400256,
 'retry/count': 2,
 'retry/max_reached': 1,
 'retry/reason_count/twisted.internet.error.ConnectionRefusedError': 2,
 'scheduler/dequeued': 3,
 'scheduler/dequeued/memory': 3,
 'scheduler/enqueued': 3,
 'scheduler/enqueued/memory': 3,
 'start_time': datetime.datetime(2022, 3, 10, 1, 43, 24, 154196)}
2022-03-10 01:44:27 [scrapy.core.engine] INFO: Spider closed (finished)
2022-03-10 01:44:27 [scrapy.core.engine] INFO: Closing spider (finished)
2022-03-10 01:44:27 [scrapy.statscollectors] INFO: Dumping Scrapy stats:
{'downloader/exception_count': 3,
 'downloader/exception_type_count/twisted.internet.error.ConnectionRefusedError': 3,
 'downloader/request_bytes': 1485,
 'downloader/request_count': 3,
 'downloader/request_method_count/GET': 3,
 'elapsed_time_seconds': 63.582252,
 'finish_reason': 'finished',
 'finish_time': datetime.datetime(2022, 3, 10, 1, 44, 27, 758754),
 'log_count/DEBUG': 22,
 'log_count/ERROR': 22,
 'log_count/INFO': 103,
 'memusage/max': 71733248,
 'memusage/startup': 66670592,
 'retry/count': 2,
 'retry/max_reached': 1,
 'retry/reason_count/twisted.internet.error.ConnectionRefusedError': 2,
 'scheduler/dequeued': 3,
 'scheduler/dequeued/memory': 3,
 'scheduler/enqueued': 3,
 'scheduler/enqueued/memory': 3,
 'start_time': datetime.datetime(2022, 3, 10, 1, 43, 24, 176502)}
2022-03-10 01:44:27 [scrapy.core.engine] INFO: Spider closed (finished)
2022-03-10 01:44:27 [scrapy.core.engine] INFO: Closing spider (finished)
2022-03-10 01:44:27 [scrapy.statscollectors] INFO: Dumping Scrapy stats:
{'downloader/exception_count': 3,
 'downloader/exception_type_count/twisted.internet.error.ConnectionRefusedError': 3,
 'downloader/request_bytes': 1444,
 'downloader/request_count': 3,
 'downloader/request_method_count/GET': 3,
 'elapsed_time_seconds': 63.599759,
 'finish_reason': 'finished',
 'finish_time': datetime.datetime(2022, 3, 10, 1, 44, 27, 764342),
 'log_count/DEBUG': 22,
 'log_count/ERROR': 22,
 'log_count/INFO': 114,
 'memusage/max': 71733248,
 'memusage/startup': 66670592,
 'retry/count': 2,
 'retry/max_reached': 1,
 'retry/reason_count/twisted.internet.error.ConnectionRefusedError': 2,
 'scheduler/dequeued': 3,
 'scheduler/dequeued/memory': 3,
 'scheduler/enqueued': 3,
 'scheduler/enqueued/memory': 3,
 'start_time': datetime.datetime(2022, 3, 10, 1, 43, 24, 164583)}
2022-03-10 01:44:27 [scrapy.core.engine] INFO: Spider closed (finished)
2022-03-10 01:44:27 [DataCleaning] INFO: 0:00:00.017370
2022-03-10 01:44:27 [__main__] INFO: /code/./result/baidu/baidu___20220310014228755279.json
2022-03-10 01:44:27 [__main__] ERROR: 'NoneType' object has no attribute 'upload_file'
Traceback (most recent call last):
  File "MultisiteSchedule.py", line 277, in upload_crawl_file
    connect.upload_file(file, "/text_crawl_file/")
AttributeError: 'NoneType' object has no attribute 'upload_file'
2022-03-10 01:44:27 [__main__] INFO: upload crawl file failure
2022-03-10 01:44:27 [__main__] INFO: result/Images/_3.jpg
2022-03-10 01:44:27 [__main__] ERROR: 'NoneType' object has no attribute 'upload_file'
Traceback (most recent call last):
  File "MultisiteSchedule.py", line 246, in upload_crawl_img_new
    connect.upload_file(file_path, "/imageSearch")
AttributeError: 'NoneType' object has no attribute 'upload_file'
2022-03-10 01:44:27 [__main__] INFO: upload crawl file failure
2022-03-10 01:44:27 [__main__] INFO: scrapy finished
