2022-03-10 01:30:33 [scrapy.utils.log] INFO: Scrapy 2.5.0 started (bot: TextProcessorScrapy)
2022-03-10 01:30:33 [scrapy.utils.log] INFO: Versions: lxml 4.8.0.0, libxml2 2.9.12, cssselect 1.1.0, parsel 1.6.0, w3lib 1.22.0, Twisted 21.7.0, Python 3.7.9 (default, Feb  9 2021, 08:33:04) - [GCC 8.3.0], pyOpenSSL 22.0.0 (OpenSSL 1.1.1m  14 Dec 2021), cryptography 36.0.1, Platform Linux-5.10.16.3-microsoft-standard-WSL2-x86_64-with-debian-10.8
2022-03-10 01:30:33 [scrapy.utils.log] DEBUG: Using reactor: twisted.internet.epollreactor.EPollReactor
2022-03-10 01:30:33 [scrapy.crawler] INFO: Overridden settings:
{'BOT_NAME': 'TextProcessorScrapy',
 'COMMANDS_MODULE': 'TextProcessorScrapy.commands',
 'CONCURRENT_REQUESTS_PER_DOMAIN': 32,
 'CONCURRENT_REQUESTS_PER_IP': 128,
 'DUPEFILTER_CLASS': 'scrapy.dupefilters.BaseDupeFilter',
 'LOGSTATS_INTERVAL': 0,
 'LOG_FILE': 'log/scrapy_2022_3_10_5.log',
 'NEWSPIDER_MODULE': 'TextProcessorScrapy.spiders',
 'REACTOR_THREADPOOL_MAXSIZE': 20,
 'SPIDER_MODULES': ['TextProcessorScrapy.spiders'],
 'TELNETCONSOLE_ENABLED': False}
2022-03-10 01:30:33 [scrapy.middleware] INFO: Enabled extensions:
['scrapy.extensions.corestats.CoreStats',
 'scrapy.extensions.memusage.MemoryUsage']
2022-03-10 01:30:33 [scrapy.middleware] INFO: Enabled downloader middlewares:
['scrapy.downloadermiddlewares.httpauth.HttpAuthMiddleware',
 'scrapy.downloadermiddlewares.downloadtimeout.DownloadTimeoutMiddleware',
 'scrapy.downloadermiddlewares.defaultheaders.DefaultHeadersMiddleware',
 'scrapy.downloadermiddlewares.useragent.UserAgentMiddleware',
 'TextProcessorScrapy.middlewares.RandomUserAgentMiddleware',
 'TextProcessorScrapy.middlewares.TextCrawlDownloaderMiddleware',
 'scrapy.downloadermiddlewares.retry.RetryMiddleware',
 'scrapy.downloadermiddlewares.redirect.MetaRefreshMiddleware',
 'scrapy.downloadermiddlewares.httpcompression.HttpCompressionMiddleware',
 'scrapy.downloadermiddlewares.redirect.RedirectMiddleware',
 'scrapy.downloadermiddlewares.cookies.CookiesMiddleware',
 'scrapy.downloadermiddlewares.httpproxy.HttpProxyMiddleware',
 'scrapy.downloadermiddlewares.stats.DownloaderStats']
2022-03-10 01:30:33 [scrapy.middleware] INFO: Enabled spider middlewares:
['scrapy.spidermiddlewares.httperror.HttpErrorMiddleware',
 'scrapy.spidermiddlewares.offsite.OffsiteMiddleware',
 'scrapy.spidermiddlewares.referer.RefererMiddleware',
 'scrapy.spidermiddlewares.urllength.UrlLengthMiddleware',
 'scrapy.spidermiddlewares.depth.DepthMiddleware']
2022-03-10 01:30:33 [scrapy.middleware] INFO: Enabled item pipelines:
[]
2022-03-10 01:30:33 [scrapy.core.engine] INFO: Spider opened
2022-03-10 01:30:33 [default] INFO: Spider opened: default
2022-03-10 01:30:33 [twisted] CRITICAL: Unhandled error in Deferred:
2022-03-10 01:30:33 [twisted] CRITICAL: 
Traceback (most recent call last):
  File "/usr/local/lib/python3.7/site-packages/twisted/internet/defer.py", line 191, in maybeDeferred
    result = f(*args, **kwargs)
  File "/code/TextProcessorScrapy/middlewares.py", line 179, in check_stop
    if os.path.isfile('stop_signal/{}'.format(spider.crawl_id)):
AttributeError: 'DefaultSpider' object has no attribute 'crawl_id'
2022-03-10 01:30:33 [scrapy.utils.signal] ERROR: Error caught on signal handler: <bound method TextCrawlDownloaderMiddleware.spider_opened of <TextProcessorScrapy.middlewares.TextCrawlDownloaderMiddleware object at 0x7f25f109be50>>
Traceback (most recent call last):
  File "/usr/local/lib/python3.7/site-packages/scrapy/utils/defer.py", line 157, in maybeDeferred_coro
    result = f(*args, **kw)
  File "/usr/local/lib/python3.7/site-packages/pydispatch/robustapply.py", line 55, in robustApply
    return receiver(*arguments, **named)
  File "/code/TextProcessorScrapy/middlewares.py", line 149, in spider_opened
    CRAWL_ID = spider.crawl_id
AttributeError: 'DefaultSpider' object has no attribute 'crawl_id'
2022-03-10 01:30:33 [scrapy.downloadermiddlewares.redirect] DEBUG: Redirecting (301) to <GET https://money.163.com/18/0714/03/DML7R3EO002580S6.html> from <GET http://money.163.com/18/0714/03/DML7R3EO002580S6.html>
2022-03-10 01:30:33 [scrapy.downloadermiddlewares.redirect] DEBUG: Redirecting (301) to <GET https://www.163.com/money/article/DML7R3EO002580S6.html> from <GET https://money.163.com/18/0714/03/DML7R3EO002580S6.html>
2022-03-10 01:30:33 [scrapy.core.engine] DEBUG: Crawled (200) <GET https://www.163.com/money/article/DML7R3EO002580S6.html> (referer: None)
