2021-07-23 09:33:55 [scrapy.utils.log] INFO: Scrapy 2.5.0 started (bot: TextProcessorScrapy)
2021-07-23 09:33:55 [scrapy.utils.log] INFO: Versions: lxml 4.6.3.0, libxml2 2.9.5, cssselect 1.1.0, parsel 1.6.0, w3lib 1.22.0, Twisted 21.2.0, Python 3.7.9 (default, Aug 31 2020, 17:10:11) [MSC v.1916 64 bit (AMD64)], pyOpenSSL 20.0.1 (OpenSSL 1.1.1k  25 Mar 2021), cryptography 3.4.7, Platform Windows-10-10.0.19041-SP0
2021-07-23 09:33:55 [scrapy.utils.log] DEBUG: Using reactor: twisted.internet.selectreactor.SelectReactor
2021-07-23 09:33:55 [scrapy.crawler] INFO: Overridden settings:
{'BOT_NAME': 'TextProcessorScrapy',
 'CONCURRENT_REQUESTS': 32,
 'CONCURRENT_REQUESTS_PER_DOMAIN': 32,
 'CONCURRENT_REQUESTS_PER_IP': 128,
 'COOKIES_ENABLED': False,
 'DOWNLOAD_DELAY': 2,
 'LOG_FILE': '../log/scrapy_2021_7_23_0.log',
 'NEWSPIDER_MODULE': 'TextProcessorScrapy.spiders',
 'REACTOR_THREADPOOL_MAXSIZE': 20,
 'SPIDER_MODULES': ['TextProcessorScrapy.spiders']}
2021-07-23 09:33:55 [scrapy.extensions.telnet] INFO: Telnet Password: 0c0ce06948c0ba35
2021-07-23 09:33:55 [scrapy.middleware] INFO: Enabled extensions:
['scrapy.extensions.corestats.CoreStats',
 'scrapy.extensions.telnet.TelnetConsole',
 'scrapy.extensions.logstats.LogStats']
2021-07-23 09:33:55 [twisted] CRITICAL: Unhandled error in Deferred:
2021-07-23 09:33:55 [twisted] CRITICAL: 
Traceback (most recent call last):
  File "d:\anaconda\envs\hs\lib\site-packages\twisted\internet\defer.py", line 1445, in _inlineCallbacks
    result = current_context.run(g.send, result)
  File "d:\anaconda\envs\hs\lib\site-packages\scrapy\crawler.py", line 86, in crawl
    self.spider = self._create_spider(*args, **kwargs)
  File "d:\anaconda\envs\hs\lib\site-packages\scrapy\crawler.py", line 98, in _create_spider
    return self.spidercls.from_crawler(self, *args, **kwargs)
  File "d:\anaconda\envs\hs\lib\site-packages\scrapy\spiders\__init__.py", line 50, in from_crawler
    spider = cls(*args, **kwargs)
  File "E:\workspace\TextProcessor\TextProcessorScrapy\spiders\Aiaa.py", line 23, in __init__
    print(span + self.start_urls + span)
TypeError: can only concatenate str (not "list") to str
