2021-07-23 19:40:44 [scrapy.utils.log] INFO: Scrapy 2.5.0 started (bot: TextProcessorScrapy)
2021-07-23 19:40:44 [scrapy.utils.log] INFO: Versions: lxml 4.6.3.0, libxml2 2.9.5, cssselect 1.1.0, parsel 1.6.0, w3lib 1.22.0, Twisted 21.2.0, Python 3.7.9 (default, Aug 31 2020, 17:10:11) [MSC v.1916 64 bit (AMD64)], pyOpenSSL 20.0.1 (OpenSSL 1.1.1k  25 Mar 2021), cryptography 3.4.7, Platform Windows-10-10.0.19041-SP0
2021-07-23 19:40:44 [scrapy.utils.log] DEBUG: Using reactor: twisted.internet.selectreactor.SelectReactor
2021-07-23 19:40:44 [scrapy.crawler] INFO: Overridden settings:
{'BOT_NAME': 'TextProcessorScrapy',
 'CONCURRENT_REQUESTS': 1,
 'CONCURRENT_REQUESTS_PER_DOMAIN': 32,
 'CONCURRENT_REQUESTS_PER_IP': 128,
 'COOKIES_ENABLED': False,
 'DOWNLOAD_DELAY': 2,
 'LOG_FILE': '../log/scrapy_2021_7_23_54.log',
 'NEWSPIDER_MODULE': 'TextProcessorScrapy.spiders',
 'REACTOR_THREADPOOL_MAXSIZE': 20,
 'REDIRECT_ENABLED': False,
 'SPIDER_MODULES': ['TextProcessorScrapy.spiders']}
2021-07-23 19:40:44 [scrapy.extensions.telnet] INFO: Telnet Password: fa151420bf0d055e
2021-07-23 19:40:44 [scrapy.middleware] INFO: Enabled extensions:
['scrapy.extensions.corestats.CoreStats',
 'scrapy.extensions.telnet.TelnetConsole',
 'scrapy.extensions.logstats.LogStats']
2021-07-23 19:40:44 [scrapy.middleware] INFO: Enabled downloader middlewares:
['scrapy.downloadermiddlewares.httpauth.HttpAuthMiddleware',
 'scrapy.downloadermiddlewares.downloadtimeout.DownloadTimeoutMiddleware',
 'scrapy.downloadermiddlewares.defaultheaders.DefaultHeadersMiddleware',
 'scrapy.downloadermiddlewares.useragent.UserAgentMiddleware',
 'TextProcessorScrapy.middlewares.RandomUserAgentMiddleware',
 'TextProcessorScrapy.middlewares.HsNasaDownloaderMiddleware',
 'scrapy.downloadermiddlewares.retry.RetryMiddleware',
 'scrapy.downloadermiddlewares.redirect.MetaRefreshMiddleware',
 'scrapy.downloadermiddlewares.httpcompression.HttpCompressionMiddleware',
 'scrapy.downloadermiddlewares.httpproxy.HttpProxyMiddleware',
 'scrapy.downloadermiddlewares.stats.DownloaderStats']
2021-07-23 19:40:44 [scrapy.middleware] INFO: Enabled spider middlewares:
['scrapy.spidermiddlewares.httperror.HttpErrorMiddleware',
 'scrapy.spidermiddlewares.offsite.OffsiteMiddleware',
 'scrapy.spidermiddlewares.referer.RefererMiddleware',
 'scrapy.spidermiddlewares.urllength.UrlLengthMiddleware',
 'scrapy.spidermiddlewares.depth.DepthMiddleware']
2021-07-23 19:40:44 [TextProcessorScrapy.utils.utils] WARNING: Table data_nasa existed!
2021-07-23 19:40:44 [scrapy.middleware] INFO: Enabled item pipelines:
['TextProcessorScrapy.pipelines.HsNasaPipeline']
2021-07-23 19:40:44 [scrapy.core.engine] INFO: Spider opened
2021-07-23 19:40:44 [scrapy.extensions.logstats] INFO: Crawled 0 pages (at 0 pages/min), scraped 0 items (at 0 items/min)
2021-07-23 19:40:44 [NASA] INFO: Spider opened: NASA
2021-07-23 19:40:44 [scrapy.extensions.telnet] INFO: Telnet console listening on 127.0.0.1:6023
2021-07-23 19:40:44 [scrapy.crawler] INFO: Overridden settings:
{'BOT_NAME': 'TextProcessorScrapy',
 'CONCURRENT_REQUESTS': 2,
 'CONCURRENT_REQUESTS_PER_DOMAIN': 32,
 'CONCURRENT_REQUESTS_PER_IP': 128,
 'COOKIES_ENABLED': False,
 'DOWNLOAD_DELAY': 2,
 'LOG_FILE': '../log/scrapy_2021_7_23_54.log',
 'NEWSPIDER_MODULE': 'TextProcessorScrapy.spiders',
 'REACTOR_THREADPOOL_MAXSIZE': 20,
 'REDIRECT_ENABLED': False,
 'SPIDER_MODULES': ['TextProcessorScrapy.spiders']}
2021-07-23 19:40:44 [scrapy.extensions.telnet] INFO: Telnet Password: 23dc7ddadd3e3629
2021-07-23 19:40:44 [scrapy.middleware] INFO: Enabled extensions:
['scrapy.extensions.corestats.CoreStats',
 'scrapy.extensions.telnet.TelnetConsole',
 'scrapy.extensions.logstats.LogStats']
2021-07-23 19:40:44 [scrapy.middleware] INFO: Enabled downloader middlewares:
['scrapy.downloadermiddlewares.httpauth.HttpAuthMiddleware',
 'scrapy.downloadermiddlewares.downloadtimeout.DownloadTimeoutMiddleware',
 'scrapy.downloadermiddlewares.defaultheaders.DefaultHeadersMiddleware',
 'scrapy.downloadermiddlewares.useragent.UserAgentMiddleware',
 'TextProcessorScrapy.middlewares.RandomUserAgentMiddleware',
 'TextProcessorScrapy.middlewares.HsNasaDownloaderMiddleware',
 'scrapy.downloadermiddlewares.retry.RetryMiddleware',
 'scrapy.downloadermiddlewares.redirect.MetaRefreshMiddleware',
 'scrapy.downloadermiddlewares.httpcompression.HttpCompressionMiddleware',
 'scrapy.downloadermiddlewares.httpproxy.HttpProxyMiddleware',
 'scrapy.downloadermiddlewares.stats.DownloaderStats']
2021-07-23 19:40:44 [scrapy.middleware] INFO: Enabled spider middlewares:
['scrapy.spidermiddlewares.httperror.HttpErrorMiddleware',
 'scrapy.spidermiddlewares.offsite.OffsiteMiddleware',
 'scrapy.spidermiddlewares.referer.RefererMiddleware',
 'scrapy.spidermiddlewares.urllength.UrlLengthMiddleware',
 'scrapy.spidermiddlewares.depth.DepthMiddleware']
2021-07-23 19:40:44 [scrapy.middleware] INFO: Enabled item pipelines:
['TextProcessorScrapy.pipelines.TwitterPipeline']
2021-07-23 19:40:44 [scrapy.core.engine] INFO: Spider opened
2021-07-23 19:40:44 [scrapy.extensions.logstats] INFO: Crawled 0 pages (at 0 pages/min), scraped 0 items (at 0 items/min)
2021-07-23 19:40:44 [twitter] INFO: Spider opened: twitter
2021-07-23 19:40:44 [scrapy.extensions.telnet] INFO: Telnet console listening on 127.0.0.1:6024
2021-07-23 19:40:46 [scrapy.core.engine] DEBUG: Crawled (302) <GET https://twitter.com/explore> (referer: None)
2021-07-23 19:40:46 [utils.utils] INFO: Twitter Spider starting!
2021-07-23 19:40:46 [tweepy.binder] DEBUG: PARAMS: {'q': b't', 'tweet_mode': b'extended', 'show_user': b'True'}
2021-07-23 19:40:46 [requests_oauthlib.oauth1_auth] DEBUG: Signing request <PreparedRequest [GET]> using client <Client client_key=ioTGfhxK3Fylub82QJmLMB6mB, client_secret=****, resource_owner_key=1372722615991738368-bQ4nwuK0vKY95zAIoIAaeqP44DYg56, resource_owner_secret=****, signature_method=HMAC-SHA1, signature_type=AUTH_HEADER, callback_uri=None, rsa_key=None, verifier=None, realm=None, encoding=utf-8, decoding=None, nonce=None, timestamp=None>
2021-07-23 19:40:46 [requests_oauthlib.oauth1_auth] DEBUG: Including body in call to sign: False
2021-07-23 19:40:46 [oauthlib.oauth1.rfc5849] DEBUG: Collected params: [('q', 't'), ('tweet_mode', 'extended'), ('show_user', 'True'), ('oauth_nonce', '71900264171812240091627040446'), ('oauth_timestamp', '1627040446'), ('oauth_version', '1.0'), ('oauth_signature_method', 'HMAC-SHA1'), ('oauth_consumer_key', 'ioTGfhxK3Fylub82QJmLMB6mB'), ('oauth_token', '1372722615991738368-bQ4nwuK0vKY95zAIoIAaeqP44DYg56')]
2021-07-23 19:40:46 [oauthlib.oauth1.rfc5849] DEBUG: Normalized params: oauth_consumer_key=ioTGfhxK3Fylub82QJmLMB6mB&oauth_nonce=71900264171812240091627040446&oauth_signature_method=HMAC-SHA1&oauth_timestamp=1627040446&oauth_token=1372722615991738368-bQ4nwuK0vKY95zAIoIAaeqP44DYg56&oauth_version=1.0&q=t&show_user=True&tweet_mode=extended
2021-07-23 19:40:46 [oauthlib.oauth1.rfc5849] DEBUG: Normalized URI: https://api.twitter.com/1.1/search/tweets.json
2021-07-23 19:40:46 [oauthlib.oauth1.rfc5849] DEBUG: Signing: signature base string: GET&https%3A%2F%2Fapi.twitter.com%2F1.1%2Fsearch%2Ftweets.json&oauth_consumer_key%3DioTGfhxK3Fylub82QJmLMB6mB%26oauth_nonce%3D71900264171812240091627040446%26oauth_signature_method%3DHMAC-SHA1%26oauth_timestamp%3D1627040446%26oauth_token%3D1372722615991738368-bQ4nwuK0vKY95zAIoIAaeqP44DYg56%26oauth_version%3D1.0%26q%3Dt%26show_user%3DTrue%26tweet_mode%3Dextended
2021-07-23 19:40:46 [oauthlib.oauth1.rfc5849] DEBUG: Signature: PVPTR7nDHjJG17fmxIwA5NUcVjk=
2021-07-23 19:40:46 [requests_oauthlib.oauth1_auth] DEBUG: Updated url: https://api.twitter.com/1.1/search/tweets.json?q=t&tweet_mode=extended&show_user=True
2021-07-23 19:40:46 [requests_oauthlib.oauth1_auth] DEBUG: Updated headers: {'Host': 'api.twitter.com', 'Authorization': 'OAuth oauth_nonce="71900264171812240091627040446", oauth_timestamp="1627040446", oauth_version="1.0", oauth_signature_method="HMAC-SHA1", oauth_consumer_key="ioTGfhxK3Fylub82QJmLMB6mB", oauth_token="1372722615991738368-bQ4nwuK0vKY95zAIoIAaeqP44DYg56", oauth_signature="PVPTR7nDHjJG17fmxIwA5NUcVjk%3D"'}
2021-07-23 19:40:46 [requests_oauthlib.oauth1_auth] DEBUG: Updated body: None
2021-07-23 19:40:46 [urllib3.connectionpool] DEBUG: Starting new HTTPS connection (1): api.twitter.com:443
2021-07-23 19:40:47 [urllib3.connectionpool] DEBUG: https://api.twitter.com:443 "GET /1.1/search/tweets.json?q=t&tweet_mode=extended&show_user=True HTTP/1.1" 200 86193
2021-07-23 19:40:47 [tweepy.binder] DEBUG: PARAMS: {'create': b'True'}
2021-07-23 19:40:47 [tweepy.binder] DEBUG: PARAMS: {'q': b't', 'max_id': b'1418536561696677889', 'tweet_mode': b'extended', 'show_user': b'True'}
2021-07-23 19:40:47 [requests_oauthlib.oauth1_auth] DEBUG: Signing request <PreparedRequest [GET]> using client <Client client_key=ioTGfhxK3Fylub82QJmLMB6mB, client_secret=****, resource_owner_key=1372722615991738368-bQ4nwuK0vKY95zAIoIAaeqP44DYg56, resource_owner_secret=****, signature_method=HMAC-SHA1, signature_type=AUTH_HEADER, callback_uri=None, rsa_key=None, verifier=None, realm=None, encoding=utf-8, decoding=None, nonce=None, timestamp=None>
2021-07-23 19:40:47 [requests_oauthlib.oauth1_auth] DEBUG: Including body in call to sign: False
2021-07-23 19:40:47 [oauthlib.oauth1.rfc5849] DEBUG: Collected params: [('q', 't'), ('max_id', '1418536561696677889'), ('tweet_mode', 'extended'), ('show_user', 'True'), ('oauth_nonce', '163054052253645819161627040447'), ('oauth_timestamp', '1627040447'), ('oauth_version', '1.0'), ('oauth_signature_method', 'HMAC-SHA1'), ('oauth_consumer_key', 'ioTGfhxK3Fylub82QJmLMB6mB'), ('oauth_token', '1372722615991738368-bQ4nwuK0vKY95zAIoIAaeqP44DYg56')]
2021-07-23 19:40:47 [oauthlib.oauth1.rfc5849] DEBUG: Normalized params: max_id=1418536561696677889&oauth_consumer_key=ioTGfhxK3Fylub82QJmLMB6mB&oauth_nonce=163054052253645819161627040447&oauth_signature_method=HMAC-SHA1&oauth_timestamp=1627040447&oauth_token=1372722615991738368-bQ4nwuK0vKY95zAIoIAaeqP44DYg56&oauth_version=1.0&q=t&show_user=True&tweet_mode=extended
2021-07-23 19:40:47 [oauthlib.oauth1.rfc5849] DEBUG: Normalized URI: https://api.twitter.com/1.1/search/tweets.json
2021-07-23 19:40:47 [oauthlib.oauth1.rfc5849] DEBUG: Signing: signature base string: GET&https%3A%2F%2Fapi.twitter.com%2F1.1%2Fsearch%2Ftweets.json&max_id%3D1418536561696677889%26oauth_consumer_key%3DioTGfhxK3Fylub82QJmLMB6mB%26oauth_nonce%3D163054052253645819161627040447%26oauth_signature_method%3DHMAC-SHA1%26oauth_timestamp%3D1627040447%26oauth_token%3D1372722615991738368-bQ4nwuK0vKY95zAIoIAaeqP44DYg56%26oauth_version%3D1.0%26q%3Dt%26show_user%3DTrue%26tweet_mode%3Dextended
2021-07-23 19:40:47 [oauthlib.oauth1.rfc5849] DEBUG: Signature: pKYzugLvbuTo6LTLsIH5frFto60=
2021-07-23 19:40:47 [requests_oauthlib.oauth1_auth] DEBUG: Updated url: https://api.twitter.com/1.1/search/tweets.json?q=t&max_id=1418536561696677889&tweet_mode=extended&show_user=True
2021-07-23 19:40:47 [requests_oauthlib.oauth1_auth] DEBUG: Updated headers: {'Host': 'api.twitter.com', 'Cookie': 'guest_id=v1%3A162704044663282941; personalization_id="v1_Ni24Ij/Pm6wa/gS3JoIZAg=="; lang=zh-cn', 'Authorization': 'OAuth oauth_nonce="163054052253645819161627040447", oauth_timestamp="1627040447", oauth_version="1.0", oauth_signature_method="HMAC-SHA1", oauth_consumer_key="ioTGfhxK3Fylub82QJmLMB6mB", oauth_token="1372722615991738368-bQ4nwuK0vKY95zAIoIAaeqP44DYg56", oauth_signature="pKYzugLvbuTo6LTLsIH5frFto60%3D"'}
2021-07-23 19:40:47 [requests_oauthlib.oauth1_auth] DEBUG: Updated body: None
2021-07-23 19:40:47 [urllib3.connectionpool] DEBUG: Starting new HTTPS connection (1): api.twitter.com:443
2021-07-23 19:40:48 [urllib3.connectionpool] DEBUG: https://api.twitter.com:443 "GET /1.1/search/tweets.json?q=t&max_id=1418536561696677889&tweet_mode=extended&show_user=True HTTP/1.1" 200 80918
2021-07-23 19:40:49 [tweepy.binder] DEBUG: PARAMS: {'create': b'True'}
2021-07-23 19:40:49 [tweepy.binder] DEBUG: PARAMS: {'q': b't', 'max_id': b'1418536561168158723', 'tweet_mode': b'extended', 'show_user': b'True'}
2021-07-23 19:40:49 [requests_oauthlib.oauth1_auth] DEBUG: Signing request <PreparedRequest [GET]> using client <Client client_key=ioTGfhxK3Fylub82QJmLMB6mB, client_secret=****, resource_owner_key=1372722615991738368-bQ4nwuK0vKY95zAIoIAaeqP44DYg56, resource_owner_secret=****, signature_method=HMAC-SHA1, signature_type=AUTH_HEADER, callback_uri=None, rsa_key=None, verifier=None, realm=None, encoding=utf-8, decoding=None, nonce=None, timestamp=None>
2021-07-23 19:40:49 [requests_oauthlib.oauth1_auth] DEBUG: Including body in call to sign: False
2021-07-23 19:40:49 [oauthlib.oauth1.rfc5849] DEBUG: Collected params: [('q', 't'), ('max_id', '1418536561168158723'), ('tweet_mode', 'extended'), ('show_user', 'True'), ('oauth_nonce', '32516824603886994051627040449'), ('oauth_timestamp', '1627040449'), ('oauth_version', '1.0'), ('oauth_signature_method', 'HMAC-SHA1'), ('oauth_consumer_key', 'ioTGfhxK3Fylub82QJmLMB6mB'), ('oauth_token', '1372722615991738368-bQ4nwuK0vKY95zAIoIAaeqP44DYg56')]
2021-07-23 19:40:49 [oauthlib.oauth1.rfc5849] DEBUG: Normalized params: max_id=1418536561168158723&oauth_consumer_key=ioTGfhxK3Fylub82QJmLMB6mB&oauth_nonce=32516824603886994051627040449&oauth_signature_method=HMAC-SHA1&oauth_timestamp=1627040449&oauth_token=1372722615991738368-bQ4nwuK0vKY95zAIoIAaeqP44DYg56&oauth_version=1.0&q=t&show_user=True&tweet_mode=extended
2021-07-23 19:40:49 [oauthlib.oauth1.rfc5849] DEBUG: Normalized URI: https://api.twitter.com/1.1/search/tweets.json
2021-07-23 19:40:49 [oauthlib.oauth1.rfc5849] DEBUG: Signing: signature base string: GET&https%3A%2F%2Fapi.twitter.com%2F1.1%2Fsearch%2Ftweets.json&max_id%3D1418536561168158723%26oauth_consumer_key%3DioTGfhxK3Fylub82QJmLMB6mB%26oauth_nonce%3D32516824603886994051627040449%26oauth_signature_method%3DHMAC-SHA1%26oauth_timestamp%3D1627040449%26oauth_token%3D1372722615991738368-bQ4nwuK0vKY95zAIoIAaeqP44DYg56%26oauth_version%3D1.0%26q%3Dt%26show_user%3DTrue%26tweet_mode%3Dextended
2021-07-23 19:40:49 [oauthlib.oauth1.rfc5849] DEBUG: Signature: 5mDxEMFjFE10FB7DETxwlj18diM=
2021-07-23 19:40:49 [requests_oauthlib.oauth1_auth] DEBUG: Updated url: https://api.twitter.com/1.1/search/tweets.json?q=t&max_id=1418536561168158723&tweet_mode=extended&show_user=True
2021-07-23 19:40:49 [requests_oauthlib.oauth1_auth] DEBUG: Updated headers: {'Host': 'api.twitter.com', 'Cookie': 'guest_id=v1%3A162704044663282941; personalization_id="v1_Ni24Ij/Pm6wa/gS3JoIZAg=="; lang=zh-cn', 'Authorization': 'OAuth oauth_nonce="32516824603886994051627040449", oauth_timestamp="1627040449", oauth_version="1.0", oauth_signature_method="HMAC-SHA1", oauth_consumer_key="ioTGfhxK3Fylub82QJmLMB6mB", oauth_token="1372722615991738368-bQ4nwuK0vKY95zAIoIAaeqP44DYg56", oauth_signature="5mDxEMFjFE10FB7DETxwlj18diM%3D"'}
2021-07-23 19:40:49 [requests_oauthlib.oauth1_auth] DEBUG: Updated body: None
2021-07-23 19:40:49 [urllib3.connectionpool] DEBUG: Starting new HTTPS connection (1): api.twitter.com:443
2021-07-23 19:40:50 [urllib3.connectionpool] DEBUG: https://api.twitter.com:443 "GET /1.1/search/tweets.json?q=t&max_id=1418536561168158723&tweet_mode=extended&show_user=True HTTP/1.1" 200 80125
2021-07-23 19:40:50 [tweepy.binder] DEBUG: PARAMS: {'create': b'True'}
2021-07-23 19:40:50 [tweepy.binder] DEBUG: PARAMS: {'q': b't', 'max_id': b'1418536560694374400', 'tweet_mode': b'extended', 'show_user': b'True'}
2021-07-23 19:40:50 [requests_oauthlib.oauth1_auth] DEBUG: Signing request <PreparedRequest [GET]> using client <Client client_key=ioTGfhxK3Fylub82QJmLMB6mB, client_secret=****, resource_owner_key=1372722615991738368-bQ4nwuK0vKY95zAIoIAaeqP44DYg56, resource_owner_secret=****, signature_method=HMAC-SHA1, signature_type=AUTH_HEADER, callback_uri=None, rsa_key=None, verifier=None, realm=None, encoding=utf-8, decoding=None, nonce=None, timestamp=None>
2021-07-23 19:40:50 [requests_oauthlib.oauth1_auth] DEBUG: Including body in call to sign: False
2021-07-23 19:40:50 [oauthlib.oauth1.rfc5849] DEBUG: Collected params: [('q', 't'), ('max_id', '1418536560694374400'), ('tweet_mode', 'extended'), ('show_user', 'True'), ('oauth_nonce', '172968158762535645151627040450'), ('oauth_timestamp', '1627040450'), ('oauth_version', '1.0'), ('oauth_signature_method', 'HMAC-SHA1'), ('oauth_consumer_key', 'ioTGfhxK3Fylub82QJmLMB6mB'), ('oauth_token', '1372722615991738368-bQ4nwuK0vKY95zAIoIAaeqP44DYg56')]
2021-07-23 19:40:50 [oauthlib.oauth1.rfc5849] DEBUG: Normalized params: max_id=1418536560694374400&oauth_consumer_key=ioTGfhxK3Fylub82QJmLMB6mB&oauth_nonce=172968158762535645151627040450&oauth_signature_method=HMAC-SHA1&oauth_timestamp=1627040450&oauth_token=1372722615991738368-bQ4nwuK0vKY95zAIoIAaeqP44DYg56&oauth_version=1.0&q=t&show_user=True&tweet_mode=extended
2021-07-23 19:40:50 [oauthlib.oauth1.rfc5849] DEBUG: Normalized URI: https://api.twitter.com/1.1/search/tweets.json
2021-07-23 19:40:50 [oauthlib.oauth1.rfc5849] DEBUG: Signing: signature base string: GET&https%3A%2F%2Fapi.twitter.com%2F1.1%2Fsearch%2Ftweets.json&max_id%3D1418536560694374400%26oauth_consumer_key%3DioTGfhxK3Fylub82QJmLMB6mB%26oauth_nonce%3D172968158762535645151627040450%26oauth_signature_method%3DHMAC-SHA1%26oauth_timestamp%3D1627040450%26oauth_token%3D1372722615991738368-bQ4nwuK0vKY95zAIoIAaeqP44DYg56%26oauth_version%3D1.0%26q%3Dt%26show_user%3DTrue%26tweet_mode%3Dextended
2021-07-23 19:40:50 [oauthlib.oauth1.rfc5849] DEBUG: Signature: 6i5//RtLCYXEBlKDgs6vzEmiEA8=
2021-07-23 19:40:50 [requests_oauthlib.oauth1_auth] DEBUG: Updated url: https://api.twitter.com/1.1/search/tweets.json?q=t&max_id=1418536560694374400&tweet_mode=extended&show_user=True
2021-07-23 19:40:50 [requests_oauthlib.oauth1_auth] DEBUG: Updated headers: {'Host': 'api.twitter.com', 'Cookie': 'guest_id=v1%3A162704044663282941; personalization_id="v1_Ni24Ij/Pm6wa/gS3JoIZAg=="; lang=zh-cn', 'Authorization': 'OAuth oauth_nonce="172968158762535645151627040450", oauth_timestamp="1627040450", oauth_version="1.0", oauth_signature_method="HMAC-SHA1", oauth_consumer_key="ioTGfhxK3Fylub82QJmLMB6mB", oauth_token="1372722615991738368-bQ4nwuK0vKY95zAIoIAaeqP44DYg56", oauth_signature="6i5%2F%2FRtLCYXEBlKDgs6vzEmiEA8%3D"'}
2021-07-23 19:40:50 [requests_oauthlib.oauth1_auth] DEBUG: Updated body: None
2021-07-23 19:40:50 [urllib3.connectionpool] DEBUG: Starting new HTTPS connection (1): api.twitter.com:443
2021-07-23 19:40:51 [urllib3.connectionpool] DEBUG: https://api.twitter.com:443 "GET /1.1/search/tweets.json?q=t&max_id=1418536560694374400&tweet_mode=extended&show_user=True HTTP/1.1" 200 68634
2021-07-23 19:40:51 [tweepy.binder] DEBUG: PARAMS: {'create': b'True'}
2021-07-23 19:40:51 [tweepy.binder] DEBUG: PARAMS: {'q': b't', 'max_id': b'1418536560333631491', 'tweet_mode': b'extended', 'show_user': b'True'}
2021-07-23 19:40:51 [requests_oauthlib.oauth1_auth] DEBUG: Signing request <PreparedRequest [GET]> using client <Client client_key=ioTGfhxK3Fylub82QJmLMB6mB, client_secret=****, resource_owner_key=1372722615991738368-bQ4nwuK0vKY95zAIoIAaeqP44DYg56, resource_owner_secret=****, signature_method=HMAC-SHA1, signature_type=AUTH_HEADER, callback_uri=None, rsa_key=None, verifier=None, realm=None, encoding=utf-8, decoding=None, nonce=None, timestamp=None>
2021-07-23 19:40:51 [requests_oauthlib.oauth1_auth] DEBUG: Including body in call to sign: False
2021-07-23 19:40:51 [oauthlib.oauth1.rfc5849] DEBUG: Collected params: [('q', 't'), ('max_id', '1418536560333631491'), ('tweet_mode', 'extended'), ('show_user', 'True'), ('oauth_nonce', '167793213889564196001627040451'), ('oauth_timestamp', '1627040451'), ('oauth_version', '1.0'), ('oauth_signature_method', 'HMAC-SHA1'), ('oauth_consumer_key', 'ioTGfhxK3Fylub82QJmLMB6mB'), ('oauth_token', '1372722615991738368-bQ4nwuK0vKY95zAIoIAaeqP44DYg56')]
2021-07-23 19:40:51 [oauthlib.oauth1.rfc5849] DEBUG: Normalized params: max_id=1418536560333631491&oauth_consumer_key=ioTGfhxK3Fylub82QJmLMB6mB&oauth_nonce=167793213889564196001627040451&oauth_signature_method=HMAC-SHA1&oauth_timestamp=1627040451&oauth_token=1372722615991738368-bQ4nwuK0vKY95zAIoIAaeqP44DYg56&oauth_version=1.0&q=t&show_user=True&tweet_mode=extended
2021-07-23 19:40:51 [oauthlib.oauth1.rfc5849] DEBUG: Normalized URI: https://api.twitter.com/1.1/search/tweets.json
2021-07-23 19:40:51 [oauthlib.oauth1.rfc5849] DEBUG: Signing: signature base string: GET&https%3A%2F%2Fapi.twitter.com%2F1.1%2Fsearch%2Ftweets.json&max_id%3D1418536560333631491%26oauth_consumer_key%3DioTGfhxK3Fylub82QJmLMB6mB%26oauth_nonce%3D167793213889564196001627040451%26oauth_signature_method%3DHMAC-SHA1%26oauth_timestamp%3D1627040451%26oauth_token%3D1372722615991738368-bQ4nwuK0vKY95zAIoIAaeqP44DYg56%26oauth_version%3D1.0%26q%3Dt%26show_user%3DTrue%26tweet_mode%3Dextended
2021-07-23 19:40:51 [oauthlib.oauth1.rfc5849] DEBUG: Signature: o/4wk1WvbRWhSGg/6Iy92WtRNkA=
2021-07-23 19:40:51 [requests_oauthlib.oauth1_auth] DEBUG: Updated url: https://api.twitter.com/1.1/search/tweets.json?q=t&max_id=1418536560333631491&tweet_mode=extended&show_user=True
2021-07-23 19:40:51 [requests_oauthlib.oauth1_auth] DEBUG: Updated headers: {'Host': 'api.twitter.com', 'Cookie': 'guest_id=v1%3A162704044663282941; personalization_id="v1_Ni24Ij/Pm6wa/gS3JoIZAg=="; lang=zh-cn', 'Authorization': 'OAuth oauth_nonce="167793213889564196001627040451", oauth_timestamp="1627040451", oauth_version="1.0", oauth_signature_method="HMAC-SHA1", oauth_consumer_key="ioTGfhxK3Fylub82QJmLMB6mB", oauth_token="1372722615991738368-bQ4nwuK0vKY95zAIoIAaeqP44DYg56", oauth_signature="o%2F4wk1WvbRWhSGg%2F6Iy92WtRNkA%3D"'}
2021-07-23 19:40:51 [requests_oauthlib.oauth1_auth] DEBUG: Updated body: None
2021-07-23 19:40:51 [urllib3.connectionpool] DEBUG: Starting new HTTPS connection (1): api.twitter.com:443
2021-07-23 19:40:52 [urllib3.connectionpool] DEBUG: https://api.twitter.com:443 "GET /1.1/search/tweets.json?q=t&max_id=1418536560333631491&tweet_mode=extended&show_user=True HTTP/1.1" 200 62683
2021-07-23 19:40:53 [tweepy.binder] DEBUG: PARAMS: {'create': b'True'}
2021-07-23 19:40:53 [tweepy.binder] DEBUG: PARAMS: {'q': b't', 'max_id': b'1418536559792443395', 'tweet_mode': b'extended', 'show_user': b'True'}
2021-07-23 19:40:53 [requests_oauthlib.oauth1_auth] DEBUG: Signing request <PreparedRequest [GET]> using client <Client client_key=ioTGfhxK3Fylub82QJmLMB6mB, client_secret=****, resource_owner_key=1372722615991738368-bQ4nwuK0vKY95zAIoIAaeqP44DYg56, resource_owner_secret=****, signature_method=HMAC-SHA1, signature_type=AUTH_HEADER, callback_uri=None, rsa_key=None, verifier=None, realm=None, encoding=utf-8, decoding=None, nonce=None, timestamp=None>
2021-07-23 19:40:53 [requests_oauthlib.oauth1_auth] DEBUG: Including body in call to sign: False
2021-07-23 19:40:53 [oauthlib.oauth1.rfc5849] DEBUG: Collected params: [('q', 't'), ('max_id', '1418536559792443395'), ('tweet_mode', 'extended'), ('show_user', 'True'), ('oauth_nonce', '56075759074858373871627040453'), ('oauth_timestamp', '1627040453'), ('oauth_version', '1.0'), ('oauth_signature_method', 'HMAC-SHA1'), ('oauth_consumer_key', 'ioTGfhxK3Fylub82QJmLMB6mB'), ('oauth_token', '1372722615991738368-bQ4nwuK0vKY95zAIoIAaeqP44DYg56')]
2021-07-23 19:40:53 [oauthlib.oauth1.rfc5849] DEBUG: Normalized params: max_id=1418536559792443395&oauth_consumer_key=ioTGfhxK3Fylub82QJmLMB6mB&oauth_nonce=56075759074858373871627040453&oauth_signature_method=HMAC-SHA1&oauth_timestamp=1627040453&oauth_token=1372722615991738368-bQ4nwuK0vKY95zAIoIAaeqP44DYg56&oauth_version=1.0&q=t&show_user=True&tweet_mode=extended
2021-07-23 19:40:53 [oauthlib.oauth1.rfc5849] DEBUG: Normalized URI: https://api.twitter.com/1.1/search/tweets.json
2021-07-23 19:40:53 [oauthlib.oauth1.rfc5849] DEBUG: Signing: signature base string: GET&https%3A%2F%2Fapi.twitter.com%2F1.1%2Fsearch%2Ftweets.json&max_id%3D1418536559792443395%26oauth_consumer_key%3DioTGfhxK3Fylub82QJmLMB6mB%26oauth_nonce%3D56075759074858373871627040453%26oauth_signature_method%3DHMAC-SHA1%26oauth_timestamp%3D1627040453%26oauth_token%3D1372722615991738368-bQ4nwuK0vKY95zAIoIAaeqP44DYg56%26oauth_version%3D1.0%26q%3Dt%26show_user%3DTrue%26tweet_mode%3Dextended
2021-07-23 19:40:53 [oauthlib.oauth1.rfc5849] DEBUG: Signature: BDuIOlhhioEaCY37OGWl0c1N5gM=
2021-07-23 19:40:53 [requests_oauthlib.oauth1_auth] DEBUG: Updated url: https://api.twitter.com/1.1/search/tweets.json?q=t&max_id=1418536559792443395&tweet_mode=extended&show_user=True
2021-07-23 19:40:53 [requests_oauthlib.oauth1_auth] DEBUG: Updated headers: {'Host': 'api.twitter.com', 'Cookie': 'guest_id=v1%3A162704044663282941; personalization_id="v1_Ni24Ij/Pm6wa/gS3JoIZAg=="; lang=zh-cn', 'Authorization': 'OAuth oauth_nonce="56075759074858373871627040453", oauth_timestamp="1627040453", oauth_version="1.0", oauth_signature_method="HMAC-SHA1", oauth_consumer_key="ioTGfhxK3Fylub82QJmLMB6mB", oauth_token="1372722615991738368-bQ4nwuK0vKY95zAIoIAaeqP44DYg56", oauth_signature="BDuIOlhhioEaCY37OGWl0c1N5gM%3D"'}
2021-07-23 19:40:53 [requests_oauthlib.oauth1_auth] DEBUG: Updated body: None
2021-07-23 19:40:53 [urllib3.connectionpool] DEBUG: Starting new HTTPS connection (1): api.twitter.com:443
2021-07-23 19:40:54 [urllib3.connectionpool] DEBUG: https://api.twitter.com:443 "GET /1.1/search/tweets.json?q=t&max_id=1418536559792443395&tweet_mode=extended&show_user=True HTTP/1.1" 200 77082
2021-07-23 19:40:54 [tweepy.binder] DEBUG: PARAMS: {'create': b'True'}
2021-07-23 19:40:54 [tweepy.binder] DEBUG: PARAMS: {'q': b't', 'max_id': b'1418536559486410751', 'tweet_mode': b'extended', 'show_user': b'True'}
2021-07-23 19:40:54 [requests_oauthlib.oauth1_auth] DEBUG: Signing request <PreparedRequest [GET]> using client <Client client_key=ioTGfhxK3Fylub82QJmLMB6mB, client_secret=****, resource_owner_key=1372722615991738368-bQ4nwuK0vKY95zAIoIAaeqP44DYg56, resource_owner_secret=****, signature_method=HMAC-SHA1, signature_type=AUTH_HEADER, callback_uri=None, rsa_key=None, verifier=None, realm=None, encoding=utf-8, decoding=None, nonce=None, timestamp=None>
2021-07-23 19:40:54 [requests_oauthlib.oauth1_auth] DEBUG: Including body in call to sign: False
2021-07-23 19:40:54 [oauthlib.oauth1.rfc5849] DEBUG: Collected params: [('q', 't'), ('max_id', '1418536559486410751'), ('tweet_mode', 'extended'), ('show_user', 'True'), ('oauth_nonce', '59873943655450602001627040454'), ('oauth_timestamp', '1627040454'), ('oauth_version', '1.0'), ('oauth_signature_method', 'HMAC-SHA1'), ('oauth_consumer_key', 'ioTGfhxK3Fylub82QJmLMB6mB'), ('oauth_token', '1372722615991738368-bQ4nwuK0vKY95zAIoIAaeqP44DYg56')]
2021-07-23 19:40:54 [oauthlib.oauth1.rfc5849] DEBUG: Normalized params: max_id=1418536559486410751&oauth_consumer_key=ioTGfhxK3Fylub82QJmLMB6mB&oauth_nonce=59873943655450602001627040454&oauth_signature_method=HMAC-SHA1&oauth_timestamp=1627040454&oauth_token=1372722615991738368-bQ4nwuK0vKY95zAIoIAaeqP44DYg56&oauth_version=1.0&q=t&show_user=True&tweet_mode=extended
2021-07-23 19:40:54 [oauthlib.oauth1.rfc5849] DEBUG: Normalized URI: https://api.twitter.com/1.1/search/tweets.json
2021-07-23 19:40:54 [oauthlib.oauth1.rfc5849] DEBUG: Signing: signature base string: GET&https%3A%2F%2Fapi.twitter.com%2F1.1%2Fsearch%2Ftweets.json&max_id%3D1418536559486410751%26oauth_consumer_key%3DioTGfhxK3Fylub82QJmLMB6mB%26oauth_nonce%3D59873943655450602001627040454%26oauth_signature_method%3DHMAC-SHA1%26oauth_timestamp%3D1627040454%26oauth_token%3D1372722615991738368-bQ4nwuK0vKY95zAIoIAaeqP44DYg56%26oauth_version%3D1.0%26q%3Dt%26show_user%3DTrue%26tweet_mode%3Dextended
2021-07-23 19:40:54 [oauthlib.oauth1.rfc5849] DEBUG: Signature: psqSYoRxrc4n+Az7CWQDcIw2rCo=
2021-07-23 19:40:54 [requests_oauthlib.oauth1_auth] DEBUG: Updated url: https://api.twitter.com/1.1/search/tweets.json?q=t&max_id=1418536559486410751&tweet_mode=extended&show_user=True
2021-07-23 19:40:54 [requests_oauthlib.oauth1_auth] DEBUG: Updated headers: {'Host': 'api.twitter.com', 'Cookie': 'guest_id=v1%3A162704044663282941; personalization_id="v1_Ni24Ij/Pm6wa/gS3JoIZAg=="; lang=zh-cn', 'Authorization': 'OAuth oauth_nonce="59873943655450602001627040454", oauth_timestamp="1627040454", oauth_version="1.0", oauth_signature_method="HMAC-SHA1", oauth_consumer_key="ioTGfhxK3Fylub82QJmLMB6mB", oauth_token="1372722615991738368-bQ4nwuK0vKY95zAIoIAaeqP44DYg56", oauth_signature="psqSYoRxrc4n%2BAz7CWQDcIw2rCo%3D"'}
2021-07-23 19:40:54 [requests_oauthlib.oauth1_auth] DEBUG: Updated body: None
2021-07-23 19:40:54 [urllib3.connectionpool] DEBUG: Starting new HTTPS connection (1): api.twitter.com:443
2021-07-23 19:40:55 [urllib3.connectionpool] DEBUG: https://api.twitter.com:443 "GET /1.1/search/tweets.json?q=t&max_id=1418536559486410751&tweet_mode=extended&show_user=True HTTP/1.1" 200 75187
2021-07-23 19:40:55 [tweepy.binder] DEBUG: PARAMS: {'create': b'True'}
2021-07-23 19:40:55 [scrapy.core.scraper] DEBUG: Scraped from <302 https://twitter.com/explore>
{'keyword': 't'}
2021-07-23 19:40:55 [scrapy.core.engine] DEBUG: Crawled (200) <GET https://nasasearch.nasa.gov/search?query=t&affiliate=nasa&utf8=%E2%9C%93> (referer: None)
2021-07-23 19:40:55 [scrapy.core.engine] INFO: Closing spider (finished)
2021-07-23 19:40:55 [scrapy.statscollectors] INFO: Dumping Scrapy stats:
{'downloader/request_bytes': 391,
 'downloader/request_count': 1,
 'downloader/request_method_count/GET': 1,
 'downloader/response_bytes': 642,
 'downloader/response_count': 1,
 'downloader/response_status_count/302': 1,
 'elapsed_time_seconds': 10.977566,
 'finish_reason': 'finished',
 'finish_time': datetime.datetime(2021, 7, 23, 11, 40, 55, 903490),
 'item_scraped_count': 1,
 'log_count/DEBUG': 101,
 'log_count/INFO': 12,
 'response_received_count': 1,
 'scheduler/dequeued': 1,
 'scheduler/dequeued/memory': 1,
 'scheduler/enqueued': 1,
 'scheduler/enqueued/memory': 1,
 'start_time': datetime.datetime(2021, 7, 23, 11, 40, 44, 925924)}
2021-07-23 19:40:55 [scrapy.core.engine] INFO: Spider closed (finished)
2021-07-23 19:40:56 [utils.utils] INFO: NASA Spider starting!
2021-07-23 19:40:56 [scrapy.core.engine] DEBUG: Crawled (200) <GET https://nasasearch.nasa.gov/search?affiliate=nasa&page=2&query=t&utf8=%E2%9C%93> (referer: https://nasasearch.nasa.gov/search?query=t&affiliate=nasa&utf8=%E2%9C%93)
2021-07-23 19:40:56 [utils.utils] INFO: NASA Spider starting!
2021-07-23 19:40:56 [scrapy.dupefilters] DEBUG: Filtered duplicate request: <GET https://earthobservatory.nasa.gov/features/GlobalWarming/page1.php> - no more duplicates will be shown (see DUPEFILTER_DEBUG to show all duplicates)
2021-07-23 19:40:58 [scrapy.core.engine] DEBUG: Crawled (200) <GET https://www.nasa.gov/feature/john-t-sims-director-of-human-health-and-performance/> (referer: https://nasasearch.nasa.gov/)
2021-07-23 19:40:58 [scrapy.core.scraper] DEBUG: Scraped from <200 https://www.nasa.gov/feature/john-t-sims-director-of-human-health-and-performance/>
None
2021-07-23 19:40:59 [scrapy.core.engine] DEBUG: Crawled (200) <GET https://nasasearch.nasa.gov/search?affiliate=nasa&page=3&query=t&utf8=%E2%9C%93> (referer: https://nasasearch.nasa.gov/search?affiliate=nasa&page=2&query=t&utf8=%E2%9C%93)
2021-07-23 19:40:59 [utils.utils] INFO: NASA Spider starting!
2021-07-23 19:41:00 [scrapy.core.engine] DEBUG: Crawled (200) <GET https://blogs.nasa.gov/spacex/2015/04/13/t-15-minutes/> (referer: https://nasasearch.nasa.gov/)
2021-07-23 19:41:00 [scrapy.core.scraper] DEBUG: Scraped from <200 https://blogs.nasa.gov/spacex/2015/04/13/t-15-minutes/>
None
2021-07-23 19:41:02 [scrapy.core.engine] DEBUG: Crawled (200) <GET https://nasasearch.nasa.gov/search?affiliate=nasa&page=4&query=t&utf8=%E2%9C%93> (referer: https://nasasearch.nasa.gov/search?affiliate=nasa&page=3&query=t&utf8=%E2%9C%93)
2021-07-23 19:41:02 [utils.utils] INFO: NASA Spider starting!
2021-07-23 19:41:03 [scrapy.core.engine] DEBUG: Crawled (200) <GET https://blogs.nasa.gov/northropgrumman/2016/10/17/t-minus-10-minutes/> (referer: https://nasasearch.nasa.gov/)
2021-07-23 19:41:03 [scrapy.core.scraper] DEBUG: Scraped from <200 https://blogs.nasa.gov/northropgrumman/2016/10/17/t-minus-10-minutes/>
None
2021-07-23 19:41:04 [scrapy.core.engine] DEBUG: Crawled (200) <GET https://nasasearch.nasa.gov/search?affiliate=nasa&page=5&query=t&utf8=%E2%9C%93> (referer: https://nasasearch.nasa.gov/search?affiliate=nasa&page=4&query=t&utf8=%E2%9C%93)
2021-07-23 19:41:05 [utils.utils] INFO: NASA Spider starting!
2021-07-23 19:41:05 [scrapy.core.engine] DEBUG: Crawled (200) <GET https://blogs.nasa.gov/northropgrumman/2015/12/04/t-4-minutes-and-counting/> (referer: https://nasasearch.nasa.gov/)
2021-07-23 19:41:05 [scrapy.core.scraper] DEBUG: Scraped from <200 https://blogs.nasa.gov/northropgrumman/2015/12/04/t-4-minutes-and-counting/>
None
2021-07-23 19:41:07 [scrapy.core.engine] DEBUG: Crawled (200) <GET https://nasasearch.nasa.gov/search?affiliate=nasa&page=6&query=t&utf8=%E2%9C%93> (referer: https://nasasearch.nasa.gov/search?affiliate=nasa&page=5&query=t&utf8=%E2%9C%93)
2021-07-23 19:41:07 [utils.utils] INFO: NASA Spider starting!
2021-07-23 19:41:08 [scrapy.core.engine] DEBUG: Crawled (200) <GET https://blogs.nasa.gov/commercialcrew/2015/05/06/t-15-minutes-and-counting/> (referer: https://nasasearch.nasa.gov/)
2021-07-23 19:41:08 [scrapy.core.scraper] DEBUG: Scraped from <200 https://blogs.nasa.gov/commercialcrew/2015/05/06/t-15-minutes-and-counting/>
None
2021-07-23 19:41:10 [scrapy.core.engine] DEBUG: Crawled (200) <GET https://nasasearch.nasa.gov/search?affiliate=nasa&page=7&query=t&utf8=%E2%9C%93> (referer: https://nasasearch.nasa.gov/search?affiliate=nasa&page=6&query=t&utf8=%E2%9C%93)
2021-07-23 19:41:10 [utils.utils] INFO: NASA Spider starting!
2021-07-23 19:41:10 [scrapy.core.engine] DEBUG: Crawled (200) <GET https://blogs.nasa.gov/dscovr/2015/02/11/t-15-minutes-and-counting/> (referer: https://nasasearch.nasa.gov/)
2021-07-23 19:41:11 [scrapy.core.scraper] DEBUG: Scraped from <200 https://blogs.nasa.gov/dscovr/2015/02/11/t-15-minutes-and-counting/>
None
2021-07-23 19:41:13 [scrapy.core.engine] DEBUG: Crawled (200) <GET https://nasasearch.nasa.gov/search?affiliate=nasa&page=8&query=t&utf8=%E2%9C%93> (referer: https://nasasearch.nasa.gov/search?affiliate=nasa&page=7&query=t&utf8=%E2%9C%93)
2021-07-23 19:41:13 [utils.utils] INFO: NASA Spider starting!
2021-07-23 19:41:15 [scrapy.core.engine] DEBUG: Crawled (200) <GET https://www.jpl.nasa.gov/images/titan-radar-swath-t-59-flyby-july-24-2009> (referer: https://nasasearch.nasa.gov/)
2021-07-23 19:41:15 [scrapy.core.scraper] DEBUG: Scraped from <200 https://www.jpl.nasa.gov/images/titan-radar-swath-t-59-flyby-july-24-2009>
None
2021-07-23 19:41:15 [scrapy.core.engine] DEBUG: Crawled (200) <GET https://nasasearch.nasa.gov/search?affiliate=nasa&page=9&query=t&utf8=%E2%9C%93> (referer: https://nasasearch.nasa.gov/search?affiliate=nasa&page=8&query=t&utf8=%E2%9C%93)
2021-07-23 19:41:15 [utils.utils] INFO: NASA Spider starting!
2021-07-23 19:41:17 [scrapy.core.engine] DEBUG: Crawled (200) <GET https://www.jpl.nasa.gov/news/nasas-spacecraft-t-minus-one-month-to-jupiter-period> (referer: https://nasasearch.nasa.gov/)
2021-07-23 19:41:17 [scrapy.core.scraper] DEBUG: Scraped from <200 https://www.jpl.nasa.gov/news/nasas-spacecraft-t-minus-one-month-to-jupiter-period>
None
2021-07-23 19:41:18 [scrapy.core.engine] DEBUG: Crawled (200) <GET https://nasasearch.nasa.gov/search?affiliate=nasa&page=10&query=t&utf8=%E2%9C%93> (referer: https://nasasearch.nasa.gov/search?affiliate=nasa&page=9&query=t&utf8=%E2%9C%93)
2021-07-23 19:41:18 [utils.utils] INFO: NASA Spider starting!
2021-07-23 19:41:20 [scrapy.core.engine] DEBUG: Crawled (200) <GET https://history.nasa.gov/orgcharts/orgcharts.html> (referer: https://nasasearch.nasa.gov/)
2021-07-23 19:41:20 [scrapy.core.scraper] DEBUG: Scraped from <200 https://history.nasa.gov/orgcharts/orgcharts.html>
None
2021-07-23 19:41:21 [scrapy.core.engine] DEBUG: Crawled (200) <GET https://nasasearch.nasa.gov/search?affiliate=nasa&page=11&query=t&utf8=%E2%9C%93> (referer: https://nasasearch.nasa.gov/search?affiliate=nasa&page=10&query=t&utf8=%E2%9C%93)
2021-07-23 19:41:21 [utils.utils] INFO: NASA Spider starting!
2021-07-23 19:41:24 [scrapy.core.engine] DEBUG: Crawled (200) <GET https://history.nasa.gov/alsj/a11/images11.html> (referer: https://nasasearch.nasa.gov/)
2021-07-23 19:41:24 [scrapy.core.scraper] DEBUG: Scraped from <200 https://history.nasa.gov/alsj/a11/images11.html>
None
2021-07-23 19:41:24 [scrapy.core.engine] DEBUG: Crawled (200) <GET https://nasasearch.nasa.gov/search?affiliate=nasa&page=12&query=t&utf8=%E2%9C%93> (referer: https://nasasearch.nasa.gov/search?affiliate=nasa&page=11&query=t&utf8=%E2%9C%93)
2021-07-23 19:41:24 [utils.utils] INFO: NASA Spider starting!
2021-07-23 19:41:24 [scrapy.core.engine] DEBUG: Crawled (200) <GET https://history.nasa.gov/marschro.htm> (referer: https://nasasearch.nasa.gov/)
2021-07-23 19:41:24 [scrapy.core.scraper] DEBUG: Scraped from <200 https://history.nasa.gov/marschro.htm>
None
2021-07-23 19:41:26 [scrapy.core.engine] DEBUG: Crawled (200) <GET https://nasasearch.nasa.gov/search?affiliate=nasa&page=13&query=t&utf8=%E2%9C%93> (referer: https://nasasearch.nasa.gov/search?affiliate=nasa&page=12&query=t&utf8=%E2%9C%93)
2021-07-23 19:41:26 [utils.utils] INFO: NASA Spider starting!
2021-07-23 19:41:27 [scrapy.core.engine] DEBUG: Crawled (200) <GET https://apod.nasa.gov/apod/ap120612.html> (referer: https://nasasearch.nasa.gov/)
2021-07-23 19:41:28 [scrapy.core.scraper] DEBUG: Scraped from <200 https://apod.nasa.gov/apod/ap120612.html>
None
2021-07-23 19:41:29 [scrapy.core.engine] DEBUG: Crawled (200) <GET https://nasasearch.nasa.gov/search?affiliate=nasa&page=14&query=t&utf8=%E2%9C%93> (referer: https://nasasearch.nasa.gov/search?affiliate=nasa&page=13&query=t&utf8=%E2%9C%93)
2021-07-23 19:41:29 [utils.utils] INFO: NASA Spider starting!
2021-07-23 19:41:31 [scrapy.core.engine] DEBUG: Crawled (200) <GET https://www.jpl.nasa.gov/images/peering-through-titans-haze> (referer: https://nasasearch.nasa.gov/)
2021-07-23 19:41:31 [scrapy.core.scraper] DEBUG: Scraped from <200 https://www.jpl.nasa.gov/images/peering-through-titans-haze>
None
2021-07-23 19:41:31 [scrapy.core.engine] DEBUG: Crawled (200) <GET https://nasasearch.nasa.gov/search?affiliate=nasa&page=15&query=t&utf8=%E2%9C%93> (referer: https://nasasearch.nasa.gov/search?affiliate=nasa&page=14&query=t&utf8=%E2%9C%93)
2021-07-23 19:41:31 [utils.utils] INFO: NASA Spider starting!
2021-07-23 19:41:32 [scrapy.core.engine] DEBUG: Crawled (200) <GET https://www.nasa.gov/centers/armstrong/news/Biographies/Directors/gillam.html> (referer: https://nasasearch.nasa.gov/)
2021-07-23 19:41:32 [scrapy.core.scraper] DEBUG: Scraped from <200 https://www.nasa.gov/centers/armstrong/news/Biographies/Directors/gillam.html>
None
2021-07-23 19:41:34 [scrapy.core.engine] DEBUG: Crawled (200) <GET https://nasasearch.nasa.gov/search?affiliate=nasa&page=16&query=t&utf8=%E2%9C%93> (referer: https://nasasearch.nasa.gov/search?affiliate=nasa&page=15&query=t&utf8=%E2%9C%93)
2021-07-23 19:41:34 [utils.utils] INFO: NASA Spider starting!
2021-07-23 19:41:35 [scrapy.core.engine] DEBUG: Crawled (200) <GET https://www.nasa.gov/feature/stephen-t-shih-associate-administrator-diversity-and-equal-opportunity/> (referer: https://nasasearch.nasa.gov/)
2021-07-23 19:41:35 [scrapy.core.scraper] DEBUG: Scraped from <200 https://www.nasa.gov/feature/stephen-t-shih-associate-administrator-diversity-and-equal-opportunity/>
None
2021-07-23 19:41:35 [scrapy.core.engine] DEBUG: Crawled (200) <GET https://nasasearch.nasa.gov/search?affiliate=nasa&page=17&query=t&utf8=%E2%9C%93> (referer: https://nasasearch.nasa.gov/search?affiliate=nasa&page=16&query=t&utf8=%E2%9C%93)
2021-07-23 19:41:35 [utils.utils] INFO: NASA Spider starting!
2021-07-23 19:41:38 [scrapy.core.engine] DEBUG: Crawled (200) <GET https://www.nasa.gov/centers/dryden/multimedia/imagegallery/T-38/ED06-0072-4.html> (referer: https://nasasearch.nasa.gov/)
2021-07-23 19:41:38 [scrapy.core.scraper] DEBUG: Scraped from <200 https://www.nasa.gov/centers/dryden/multimedia/imagegallery/T-38/ED06-0072-4.html>
None
2021-07-23 19:41:38 [scrapy.core.engine] DEBUG: Crawled (200) <GET https://nasasearch.nasa.gov/search?affiliate=nasa&page=18&query=t&utf8=%E2%9C%93> (referer: https://nasasearch.nasa.gov/search?affiliate=nasa&page=17&query=t&utf8=%E2%9C%93)
2021-07-23 19:41:38 [utils.utils] INFO: NASA Spider starting!
2021-07-23 19:41:41 [scrapy.core.engine] DEBUG: Crawled (200) <GET https://www.nasa.gov/feature/goddard/2017/goes-t-satellite-brains-and-body-come-together/> (referer: https://nasasearch.nasa.gov/)
2021-07-23 19:41:41 [scrapy.core.scraper] DEBUG: Scraped from <200 https://www.nasa.gov/feature/goddard/2017/goes-t-satellite-brains-and-body-come-together/>
None
2021-07-23 19:41:41 [scrapy.core.engine] DEBUG: Crawled (200) <GET https://nasasearch.nasa.gov/search?affiliate=nasa&page=19&query=t&utf8=%E2%9C%93> (referer: https://nasasearch.nasa.gov/search?affiliate=nasa&page=18&query=t&utf8=%E2%9C%93)
2021-07-23 19:41:41 [utils.utils] INFO: NASA Spider starting!
2021-07-23 19:41:43 [scrapy.core.engine] DEBUG: Crawled (200) <GET https://history.nasa.gov/alsj/a16/a16.house_rock.html> (referer: https://nasasearch.nasa.gov/)
2021-07-23 19:41:43 [scrapy.core.scraper] DEBUG: Scraped from <200 https://history.nasa.gov/alsj/a16/a16.house_rock.html>
None
2021-07-23 19:41:44 [scrapy.core.engine] DEBUG: Crawled (200) <GET https://nasasearch.nasa.gov/search?affiliate=nasa&page=20&query=t&utf8=%E2%9C%93> (referer: https://nasasearch.nasa.gov/search?affiliate=nasa&page=19&query=t&utf8=%E2%9C%93)
2021-07-23 19:41:44 [utils.utils] INFO: NASA Spider starting!
2021-07-23 19:41:44 [scrapy.extensions.logstats] INFO: Crawled 38 pages (at 38 pages/min), scraped 18 items (at 18 items/min)
2021-07-23 19:41:45 [scrapy.core.engine] DEBUG: Crawled (200) <GET https://apod.nasa.gov/apod/ap080304.html> (referer: https://nasasearch.nasa.gov/)
2021-07-23 19:41:45 [scrapy.core.scraper] DEBUG: Scraped from <200 https://apod.nasa.gov/apod/ap080304.html>
None
2021-07-23 19:41:47 [scrapy.core.engine] DEBUG: Crawled (200) <GET https://nasasearch.nasa.gov/search?affiliate=nasa&page=21&query=t&utf8=%E2%9C%93> (referer: https://nasasearch.nasa.gov/search?affiliate=nasa&page=20&query=t&utf8=%E2%9C%93)
2021-07-23 19:41:47 [utils.utils] INFO: NASA Spider starting!
2021-07-23 19:41:47 [scrapy.core.engine] DEBUG: Crawled (200) <GET https://www.jpl.nasa.gov/blog/2013/5/infrared-ear-thermometer> (referer: https://nasasearch.nasa.gov/)
2021-07-23 19:41:47 [scrapy.core.scraper] DEBUG: Scraped from <200 https://www.jpl.nasa.gov/blog/2013/5/infrared-ear-thermometer>
None
2021-07-23 19:41:48 [scrapy.core.engine] DEBUG: Crawled (200) <GET https://nasasearch.nasa.gov/search?affiliate=nasa&page=22&query=t&utf8=%E2%9C%93> (referer: https://nasasearch.nasa.gov/search?affiliate=nasa&page=21&query=t&utf8=%E2%9C%93)
2021-07-23 19:41:48 [utils.utils] INFO: NASA Spider starting!
2021-07-23 19:41:50 [scrapy.core.engine] DEBUG: Crawled (200) <GET https://history.nasa.gov/SP-4223/ch6.htm> (referer: https://nasasearch.nasa.gov/)
2021-07-23 19:41:50 [scrapy.core.scraper] DEBUG: Scraped from <200 https://history.nasa.gov/SP-4223/ch6.htm>
None
2021-07-23 19:41:50 [scrapy.core.engine] DEBUG: Crawled (200) <GET https://nasasearch.nasa.gov/search?affiliate=nasa&page=23&query=t&utf8=%E2%9C%93> (referer: https://nasasearch.nasa.gov/search?affiliate=nasa&page=22&query=t&utf8=%E2%9C%93)
2021-07-23 19:41:50 [utils.utils] INFO: NASA Spider starting!
2021-07-23 19:41:51 [scrapy.core.engine] DEBUG: Crawled (200) <GET https://www.nasa.gov/centers/dryden/multimedia/imagegallery/T-38/EC05-0041-5.html> (referer: https://nasasearch.nasa.gov/)
2021-07-23 19:41:51 [scrapy.core.scraper] DEBUG: Scraped from <200 https://www.nasa.gov/centers/dryden/multimedia/imagegallery/T-38/EC05-0041-5.html>
None
2021-07-23 19:41:53 [scrapy.core.engine] DEBUG: Crawled (200) <GET https://nasasearch.nasa.gov/search?affiliate=nasa&page=24&query=t&utf8=%E2%9C%93> (referer: https://nasasearch.nasa.gov/search?affiliate=nasa&page=23&query=t&utf8=%E2%9C%93)
2021-07-23 19:41:53 [utils.utils] INFO: NASA Spider starting!
2021-07-23 19:41:54 [scrapy.core.engine] DEBUG: Crawled (200) <GET https://history.nasa.gov/SP-4029/Apollo_01a_Summary.htm> (referer: https://nasasearch.nasa.gov/)
2021-07-23 19:41:54 [scrapy.core.scraper] DEBUG: Scraped from <200 https://history.nasa.gov/SP-4029/Apollo_01a_Summary.htm>
None
2021-07-23 19:41:55 [scrapy.core.engine] DEBUG: Crawled (200) <GET https://nasasearch.nasa.gov/search?affiliate=nasa&page=25&query=t&utf8=%E2%9C%93> (referer: https://nasasearch.nasa.gov/search?affiliate=nasa&page=24&query=t&utf8=%E2%9C%93)
2021-07-23 19:41:55 [utils.utils] INFO: NASA Spider starting!
2021-07-23 19:41:57 [scrapy.core.engine] DEBUG: Crawled (200) <GET https://earthobservatory.nasa.gov/features/Aerosols> (referer: https://nasasearch.nasa.gov/)
2021-07-23 19:41:57 [scrapy.core.scraper] DEBUG: Scraped from <200 https://earthobservatory.nasa.gov/features/Aerosols>
None
2021-07-23 19:41:58 [scrapy.core.engine] DEBUG: Crawled (200) <GET https://nasasearch.nasa.gov/search?affiliate=nasa&page=26&query=t&utf8=%E2%9C%93> (referer: https://nasasearch.nasa.gov/search?affiliate=nasa&page=25&query=t&utf8=%E2%9C%93)
2021-07-23 19:41:58 [utils.utils] INFO: NASA Spider starting!
2021-07-23 19:41:59 [scrapy.core.engine] DEBUG: Crawled (200) <GET https://apod.nasa.gov/apod/ap030823.html> (referer: https://nasasearch.nasa.gov/)
2021-07-23 19:41:59 [scrapy.core.scraper] DEBUG: Scraped from <200 https://apod.nasa.gov/apod/ap030823.html>
None
2021-07-23 19:42:01 [scrapy.core.engine] DEBUG: Crawled (200) <GET https://nasasearch.nasa.gov/search?affiliate=nasa&page=27&query=t&utf8=%E2%9C%93> (referer: https://nasasearch.nasa.gov/search?affiliate=nasa&page=26&query=t&utf8=%E2%9C%93)
2021-07-23 19:42:01 [utils.utils] INFO: NASA Spider starting!
2021-07-23 19:42:01 [scrapy.core.engine] DEBUG: Crawled (200) <GET https://apod.nasa.gov/apod/ap150309.html> (referer: https://nasasearch.nasa.gov/)
2021-07-23 19:42:01 [scrapy.core.scraper] DEBUG: Scraped from <200 https://apod.nasa.gov/apod/ap150309.html>
None
2021-07-23 19:42:03 [scrapy.core.engine] DEBUG: Crawled (200) <GET https://nasasearch.nasa.gov/search?affiliate=nasa&page=28&query=t&utf8=%E2%9C%93> (referer: https://nasasearch.nasa.gov/search?affiliate=nasa&page=27&query=t&utf8=%E2%9C%93)
2021-07-23 19:42:03 [utils.utils] INFO: NASA Spider starting!
2021-07-23 19:42:04 [scrapy.core.engine] DEBUG: Crawled (200) <GET https://history.nasa.gov/40thmerc7/shepard.htm> (referer: https://nasasearch.nasa.gov/)
2021-07-23 19:42:04 [scrapy.core.scraper] DEBUG: Scraped from <200 https://history.nasa.gov/40thmerc7/shepard.htm>
None
2021-07-23 19:42:06 [scrapy.core.engine] DEBUG: Crawled (200) <GET https://nasasearch.nasa.gov/search?affiliate=nasa&page=29&query=t&utf8=%E2%9C%93> (referer: https://nasasearch.nasa.gov/search?affiliate=nasa&page=28&query=t&utf8=%E2%9C%93)
2021-07-23 19:42:06 [utils.utils] INFO: NASA Spider starting!
2021-07-23 19:42:07 [scrapy.core.engine] DEBUG: Crawled (200) <GET https://www.nasa.gov/offices/oct/image-gallery/st-partnership-in-space-assembly-open-forum/st-partnership-open-forum-53.html> (referer: https://nasasearch.nasa.gov/)
2021-07-23 19:42:07 [scrapy.core.scraper] DEBUG: Scraped from <200 https://www.nasa.gov/offices/oct/image-gallery/st-partnership-in-space-assembly-open-forum/st-partnership-open-forum-53.html>
None
2021-07-23 19:42:08 [scrapy.core.engine] DEBUG: Crawled (200) <GET https://nasasearch.nasa.gov/search?affiliate=nasa&page=30&query=t&utf8=%E2%9C%93> (referer: https://nasasearch.nasa.gov/search?affiliate=nasa&page=29&query=t&utf8=%E2%9C%93)
2021-07-23 19:42:08 [utils.utils] INFO: NASA Spider starting!
2021-07-23 19:42:09 [scrapy.core.engine] DEBUG: Crawled (200) <GET https://www.nasa.gov/offices/oct/image-gallery/st-partnership-in-space-assembly-open-forum/st-partnership-open-forum-56.html> (referer: https://nasasearch.nasa.gov/)
2021-07-23 19:42:09 [scrapy.core.scraper] DEBUG: Scraped from <200 https://www.nasa.gov/offices/oct/image-gallery/st-partnership-in-space-assembly-open-forum/st-partnership-open-forum-56.html>
None
2021-07-23 19:42:10 [scrapy.core.engine] DEBUG: Crawled (200) <GET https://nasasearch.nasa.gov/search?affiliate=nasa&page=31&query=t&utf8=%E2%9C%93> (referer: https://nasasearch.nasa.gov/search?affiliate=nasa&page=30&query=t&utf8=%E2%9C%93)
2021-07-23 19:42:11 [utils.utils] INFO: NASA Spider starting!
2021-07-23 19:42:12 [scrapy.core.engine] DEBUG: Crawled (200) <GET https://www.nasa.gov/offices/oct/image-gallery/st-partnership-in-space-assembly-open-forum/st-partnership-open-forum-42.html> (referer: https://nasasearch.nasa.gov/)
2021-07-23 19:42:12 [scrapy.core.scraper] DEBUG: Scraped from <200 https://www.nasa.gov/offices/oct/image-gallery/st-partnership-in-space-assembly-open-forum/st-partnership-open-forum-42.html>
None
2021-07-23 19:42:13 [scrapy.core.engine] DEBUG: Crawled (200) <GET https://nasasearch.nasa.gov/search?affiliate=nasa&page=32&query=t&utf8=%E2%9C%93> (referer: https://nasasearch.nasa.gov/search?affiliate=nasa&page=31&query=t&utf8=%E2%9C%93)
2021-07-23 19:42:13 [utils.utils] INFO: NASA Spider starting!
2021-07-23 19:42:15 [scrapy.core.engine] DEBUG: Crawled (200) <GET https://www.nasa.gov/mission_pages/station/research/research_information.html> (referer: https://nasasearch.nasa.gov/)
2021-07-23 19:42:15 [scrapy.core.scraper] DEBUG: Scraped from <200 https://www.nasa.gov/mission_pages/station/research/research_information.html>
None
2021-07-23 19:42:16 [scrapy.core.engine] DEBUG: Crawled (200) <GET https://nasasearch.nasa.gov/search?affiliate=nasa&page=33&query=t&utf8=%E2%9C%93> (referer: https://nasasearch.nasa.gov/search?affiliate=nasa&page=32&query=t&utf8=%E2%9C%93)
2021-07-23 19:42:16 [utils.utils] INFO: NASA Spider starting!
2021-07-23 19:42:17 [scrapy.core.engine] DEBUG: Crawled (200) <GET https://blogs.nasa.gov/Rocketology/tag/rocket-science/> (referer: https://nasasearch.nasa.gov/)
2021-07-23 19:42:17 [scrapy.core.scraper] DEBUG: Scraped from <200 https://blogs.nasa.gov/Rocketology/tag/rocket-science/>
None
2021-07-23 19:42:18 [scrapy.core.engine] DEBUG: Crawled (200) <GET https://nasasearch.nasa.gov/search?affiliate=nasa&page=34&query=t&utf8=%E2%9C%93> (referer: https://nasasearch.nasa.gov/search?affiliate=nasa&page=33&query=t&utf8=%E2%9C%93)
2021-07-23 19:42:18 [utils.utils] INFO: NASA Spider starting!
2021-07-23 19:42:18 [scrapy.core.engine] DEBUG: Crawled (200) <GET https://history.nasa.gov/SP-4203/ch10-4.htm> (referer: https://nasasearch.nasa.gov/)
2021-07-23 19:42:18 [scrapy.core.scraper] DEBUG: Scraped from <200 https://history.nasa.gov/SP-4203/ch10-4.htm>
None
2021-07-23 19:42:20 [scrapy.core.engine] DEBUG: Crawled (200) <GET https://nasasearch.nasa.gov/search?affiliate=nasa&page=35&query=t&utf8=%E2%9C%93> (referer: https://nasasearch.nasa.gov/search?affiliate=nasa&page=34&query=t&utf8=%E2%9C%93)
2021-07-23 19:42:20 [utils.utils] INFO: NASA Spider starting!
2021-07-23 19:42:21 [scrapy.core.engine] DEBUG: Crawled (200) <GET https://history.nasa.gov/SP-4202/chapter1.html> (referer: https://nasasearch.nasa.gov/)
2021-07-23 19:42:21 [scrapy.core.scraper] DEBUG: Scraped from <200 https://history.nasa.gov/SP-4202/chapter1.html>
None
2021-07-23 19:42:23 [scrapy.core.engine] DEBUG: Crawled (200) <GET https://nasasearch.nasa.gov/search?affiliate=nasa&page=36&query=t&utf8=%E2%9C%93> (referer: https://nasasearch.nasa.gov/search?affiliate=nasa&page=35&query=t&utf8=%E2%9C%93)
2021-07-23 19:42:23 [utils.utils] INFO: NASA Spider starting!
2021-07-23 19:42:24 [scrapy.core.engine] DEBUG: Crawled (200) <GET https://history.nasa.gov/afj/ap14fj/a14-fplanindex.html> (referer: https://nasasearch.nasa.gov/)
2021-07-23 19:42:24 [scrapy.core.scraper] DEBUG: Scraped from <200 https://history.nasa.gov/afj/ap14fj/a14-fplanindex.html>
None
2021-07-23 19:42:25 [scrapy.core.engine] DEBUG: Crawled (200) <GET https://nasasearch.nasa.gov/search?affiliate=nasa&page=37&query=t&utf8=%E2%9C%93> (referer: https://nasasearch.nasa.gov/search?affiliate=nasa&page=36&query=t&utf8=%E2%9C%93)
2021-07-23 19:42:25 [utils.utils] INFO: NASA Spider starting!
2021-07-23 19:42:26 [scrapy.core.engine] DEBUG: Crawled (200) <GET https://blogs.nasa.gov/spacestation/2015/01/> (referer: https://nasasearch.nasa.gov/)
2021-07-23 19:42:26 [scrapy.core.scraper] DEBUG: Scraped from <200 https://blogs.nasa.gov/spacestation/2015/01/>
None
2021-07-23 19:42:28 [scrapy.core.engine] DEBUG: Crawled (200) <GET https://nasasearch.nasa.gov/search?affiliate=nasa&page=38&query=t&utf8=%E2%9C%93> (referer: https://nasasearch.nasa.gov/search?affiliate=nasa&page=37&query=t&utf8=%E2%9C%93)
2021-07-23 19:42:28 [utils.utils] INFO: NASA Spider starting!
2021-07-23 19:42:29 [scrapy.core.engine] DEBUG: Crawled (200) <GET https://history.nasa.gov/SP-368/s6ch1.htm> (referer: https://nasasearch.nasa.gov/)
2021-07-23 19:42:30 [scrapy.core.scraper] DEBUG: Scraped from <200 https://history.nasa.gov/SP-368/s6ch1.htm>
None
2021-07-23 19:42:30 [scrapy.core.engine] DEBUG: Crawled (200) <GET https://nasasearch.nasa.gov/search?affiliate=nasa&page=39&query=t&utf8=%E2%9C%93> (referer: https://nasasearch.nasa.gov/search?affiliate=nasa&page=38&query=t&utf8=%E2%9C%93)
2021-07-23 19:42:31 [utils.utils] INFO: NASA Spider starting!
2021-07-23 19:42:31 [scrapy.core.engine] DEBUG: Crawled (200) <GET https://blogs.nasa.gov/Rocketology/tag/nozzle/> (referer: https://nasasearch.nasa.gov/)
2021-07-23 19:42:31 [scrapy.core.scraper] DEBUG: Scraped from <200 https://blogs.nasa.gov/Rocketology/tag/nozzle/>
None
2021-07-23 19:42:33 [scrapy.core.engine] DEBUG: Crawled (200) <GET https://nasasearch.nasa.gov/search?affiliate=nasa&page=40&query=t&utf8=%E2%9C%93> (referer: https://nasasearch.nasa.gov/search?affiliate=nasa&page=39&query=t&utf8=%E2%9C%93)
2021-07-23 19:42:33 [utils.utils] INFO: NASA Spider starting!
2021-07-23 19:42:33 [scrapy.core.engine] DEBUG: Crawled (200) <GET https://history.nasa.gov/computers/Ch4-7.html> (referer: https://nasasearch.nasa.gov/)
2021-07-23 19:42:34 [scrapy.core.scraper] DEBUG: Scraped from <200 https://history.nasa.gov/computers/Ch4-7.html>
None
2021-07-23 19:42:36 [scrapy.core.engine] DEBUG: Crawled (200) <GET https://nasasearch.nasa.gov/search?affiliate=nasa&page=41&query=t&utf8=%E2%9C%93> (referer: https://nasasearch.nasa.gov/search?affiliate=nasa&page=40&query=t&utf8=%E2%9C%93)
2021-07-23 19:42:36 [utils.utils] INFO: NASA Spider starting!
2021-07-23 19:42:37 [scrapy.core.engine] DEBUG: Crawled (200) <GET https://history.nasa.gov/SP-4210/pages/Ch_2.htm> (referer: https://nasasearch.nasa.gov/)
2021-07-23 19:42:37 [scrapy.core.scraper] DEBUG: Scraped from <200 https://history.nasa.gov/SP-4210/pages/Ch_2.htm>
None
2021-07-23 19:42:39 [scrapy.core.engine] DEBUG: Crawled (200) <GET https://nasasearch.nasa.gov/search?affiliate=nasa&page=42&query=t&utf8=%E2%9C%93> (referer: https://nasasearch.nasa.gov/search?affiliate=nasa&page=41&query=t&utf8=%E2%9C%93)
2021-07-23 19:42:39 [utils.utils] INFO: NASA Spider starting!
2021-07-23 19:42:40 [scrapy.core.engine] DEBUG: Crawled (200) <GET https://earthobservatory.nasa.gov/images/144764/warm-winds-trigger-melting-in-antarctica> (referer: https://nasasearch.nasa.gov/)
2021-07-23 19:42:40 [scrapy.core.scraper] DEBUG: Scraped from <200 https://earthobservatory.nasa.gov/images/144764/warm-winds-trigger-melting-in-antarctica>
None
2021-07-23 19:42:41 [scrapy.core.engine] DEBUG: Crawled (200) <GET https://nasasearch.nasa.gov/search?affiliate=nasa&page=43&query=t&utf8=%E2%9C%93> (referer: https://nasasearch.nasa.gov/search?affiliate=nasa&page=42&query=t&utf8=%E2%9C%93)
2021-07-23 19:42:41 [utils.utils] INFO: NASA Spider starting!
2021-07-23 19:42:41 [scrapy.core.engine] DEBUG: Crawled (200) <GET https://history.nasa.gov/alsj/alsj-average_g.html> (referer: https://nasasearch.nasa.gov/)
2021-07-23 19:42:41 [scrapy.core.scraper] DEBUG: Scraped from <200 https://history.nasa.gov/alsj/alsj-average_g.html>
None
2021-07-23 19:42:43 [scrapy.core.engine] DEBUG: Crawled (200) <GET https://nasasearch.nasa.gov/search?affiliate=nasa&page=44&query=t&utf8=%E2%9C%93> (referer: https://nasasearch.nasa.gov/search?affiliate=nasa&page=43&query=t&utf8=%E2%9C%93)
2021-07-23 19:42:44 [utils.utils] INFO: NASA Spider starting!
2021-07-23 19:42:44 [scrapy.core.engine] DEBUG: Crawled (200) <GET https://blogs.nasa.gov/Rocketology/tag/solid-rocket-motor-journey-to-mars/> (referer: https://nasasearch.nasa.gov/)
2021-07-23 19:42:44 [scrapy.core.scraper] DEBUG: Scraped from <200 https://blogs.nasa.gov/Rocketology/tag/solid-rocket-motor-journey-to-mars/>
None
2021-07-23 19:42:44 [scrapy.extensions.logstats] INFO: Crawled 87 pages (at 49 pages/min), scraped 43 items (at 25 items/min)
2021-07-23 19:42:45 [scrapy.core.engine] DEBUG: Crawled (200) <GET https://nasasearch.nasa.gov/search?affiliate=nasa&page=45&query=t&utf8=%E2%9C%93> (referer: https://nasasearch.nasa.gov/search?affiliate=nasa&page=44&query=t&utf8=%E2%9C%93)
2021-07-23 19:42:45 [utils.utils] INFO: NASA Spider starting!
2021-07-23 19:42:46 [scrapy.core.engine] DEBUG: Crawled (200) <GET https://blogs.nasa.gov/spacex/page/31/> (referer: https://nasasearch.nasa.gov/)
2021-07-23 19:42:46 [scrapy.core.scraper] DEBUG: Scraped from <200 https://blogs.nasa.gov/spacex/page/31/>
None
2021-07-23 19:42:47 [scrapy.core.engine] DEBUG: Crawled (200) <GET https://nasasearch.nasa.gov/search?affiliate=nasa&page=46&query=t&utf8=%E2%9C%93> (referer: https://nasasearch.nasa.gov/search?affiliate=nasa&page=45&query=t&utf8=%E2%9C%93)
2021-07-23 19:42:47 [utils.utils] INFO: NASA Spider starting!
2021-07-23 19:42:49 [scrapy.core.engine] DEBUG: Crawled (200) <GET https://blogs.nasa.gov/osiris-rex/2016/09/page/3/> (referer: https://nasasearch.nasa.gov/)
2021-07-23 19:42:49 [scrapy.core.scraper] DEBUG: Scraped from <200 https://blogs.nasa.gov/osiris-rex/2016/09/page/3/>
None
2021-07-23 19:42:50 [scrapy.core.engine] DEBUG: Crawled (200) <GET https://nasasearch.nasa.gov/search?affiliate=nasa&page=47&query=t&utf8=%E2%9C%93> (referer: https://nasasearch.nasa.gov/search?affiliate=nasa&page=46&query=t&utf8=%E2%9C%93)
2021-07-23 19:42:50 [utils.utils] INFO: NASA Spider starting!
2021-07-23 19:42:51 [scrapy.core.engine] DEBUG: Crawled (200) <GET https://blogs.nasa.gov/stationreport/author/cosbourn/page/101/> (referer: https://nasasearch.nasa.gov/)
2021-07-23 19:42:51 [scrapy.core.scraper] DEBUG: Scraped from <200 https://blogs.nasa.gov/stationreport/author/cosbourn/page/101/>
None
2021-07-23 19:42:52 [scrapy.core.engine] DEBUG: Crawled (200) <GET https://nasasearch.nasa.gov/search?affiliate=nasa&page=48&query=t&utf8=%E2%9C%93> (referer: https://nasasearch.nasa.gov/search?affiliate=nasa&page=47&query=t&utf8=%E2%9C%93)
2021-07-23 19:42:52 [utils.utils] INFO: NASA Spider starting!
2021-07-23 19:42:54 [scrapy.core.engine] DEBUG: Crawled (200) <GET https://blogs.nasa.gov/parkersolarprobe/page/6/> (referer: https://nasasearch.nasa.gov/)
2021-07-23 19:42:54 [scrapy.core.scraper] DEBUG: Scraped from <200 https://blogs.nasa.gov/parkersolarprobe/page/6/>
None
2021-07-23 19:42:55 [scrapy.core.engine] DEBUG: Crawled (200) <GET https://nasasearch.nasa.gov/search?affiliate=nasa&page=49&query=t&utf8=%E2%9C%93> (referer: https://nasasearch.nasa.gov/search?affiliate=nasa&page=48&query=t&utf8=%E2%9C%93)
2021-07-23 19:42:55 [utils.utils] INFO: NASA Spider starting!
2021-07-23 19:42:56 [scrapy.core.engine] DEBUG: Crawled (200) <GET https://www.nasa.gov/centers/dryden/multimedia/imagegallery/T-33A/T-33A_proj_desc.html> (referer: https://nasasearch.nasa.gov/)
2021-07-23 19:42:56 [scrapy.core.scraper] DEBUG: Scraped from <200 https://www.nasa.gov/centers/dryden/multimedia/imagegallery/T-33A/T-33A_proj_desc.html>
None
2021-07-23 19:42:58 [scrapy.core.engine] DEBUG: Crawled (200) <GET https://nasasearch.nasa.gov/search?affiliate=nasa&page=50&query=t&utf8=%E2%9C%93> (referer: https://nasasearch.nasa.gov/search?affiliate=nasa&page=49&query=t&utf8=%E2%9C%93)
2021-07-23 19:42:58 [utils.utils] INFO: NASA Spider starting!
2021-07-23 19:42:58 [scrapy.core.engine] DEBUG: Crawled (200) <GET https://blogs.nasa.gov/stationreport/category/2014/april-2014/page/7/> (referer: https://nasasearch.nasa.gov/)
2021-07-23 19:42:58 [scrapy.core.scraper] DEBUG: Scraped from <200 https://blogs.nasa.gov/stationreport/category/2014/april-2014/page/7/>
None
2021-07-23 19:43:01 [scrapy.core.engine] DEBUG: Crawled (200) <GET https://nasasearch.nasa.gov/search?affiliate=nasa&page=51&query=t&utf8=%E2%9C%93> (referer: https://nasasearch.nasa.gov/search?affiliate=nasa&page=50&query=t&utf8=%E2%9C%93)
2021-07-23 19:43:01 [utils.utils] INFO: NASA Spider starting!
2021-07-23 19:43:02 [scrapy.core.engine] DEBUG: Crawled (200) <GET https://history.nasa.gov/HHR-32/ch15.htm> (referer: https://nasasearch.nasa.gov/)
2021-07-23 19:43:02 [scrapy.core.scraper] DEBUG: Scraped from <200 https://history.nasa.gov/HHR-32/ch15.htm>
None
2021-07-23 19:43:03 [scrapy.core.engine] DEBUG: Crawled (200) <GET https://nasasearch.nasa.gov/search?affiliate=nasa&page=52&query=t&utf8=%E2%9C%93> (referer: https://nasasearch.nasa.gov/search?affiliate=nasa&page=51&query=t&utf8=%E2%9C%93)
2021-07-23 19:43:03 [utils.utils] INFO: NASA Spider starting!
2021-07-23 19:43:04 [scrapy.core.engine] DEBUG: Crawled (200) <GET https://blogs.nasa.gov/stationreport/2019/03/page/8/> (referer: https://nasasearch.nasa.gov/)
2021-07-23 19:43:04 [scrapy.core.scraper] DEBUG: Scraped from <200 https://blogs.nasa.gov/stationreport/2019/03/page/8/>
None
2021-07-23 19:43:05 [scrapy.core.engine] DEBUG: Crawled (200) <GET https://nasasearch.nasa.gov/search?affiliate=nasa&page=53&query=t&utf8=%E2%9C%93> (referer: https://nasasearch.nasa.gov/search?affiliate=nasa&page=52&query=t&utf8=%E2%9C%93)
2021-07-23 19:43:05 [utils.utils] INFO: NASA Spider starting!
2021-07-23 19:43:06 [scrapy.core.engine] DEBUG: Crawled (200) <GET https://blogs.nasa.gov/stationreport/2019/03/20/iss-daily-summary-report-3202019/> (referer: https://nasasearch.nasa.gov/)
2021-07-23 19:43:06 [scrapy.core.scraper] DEBUG: Scraped from <200 https://blogs.nasa.gov/stationreport/2019/03/20/iss-daily-summary-report-3202019/>
None
2021-07-23 19:43:08 [scrapy.core.engine] DEBUG: Crawled (200) <GET https://nasasearch.nasa.gov/search?affiliate=nasa&page=54&query=t&utf8=%E2%9C%93> (referer: https://nasasearch.nasa.gov/search?affiliate=nasa&page=53&query=t&utf8=%E2%9C%93)
2021-07-23 19:43:08 [utils.utils] INFO: NASA Spider starting!
2021-07-23 19:43:08 [scrapy.core.engine] DEBUG: Crawled (200) <GET https://blogs.nasa.gov/stationreport/2014/04/21/iss-daily-summary-report-042114/> (referer: https://nasasearch.nasa.gov/)
2021-07-23 19:43:09 [scrapy.core.scraper] DEBUG: Scraped from <200 https://blogs.nasa.gov/stationreport/2014/04/21/iss-daily-summary-report-042114/>
None
2021-07-23 19:43:10 [scrapy.core.engine] DEBUG: Crawled (200) <GET https://nasasearch.nasa.gov/search?affiliate=nasa&page=55&query=t&utf8=%E2%9C%93> (referer: https://nasasearch.nasa.gov/search?affiliate=nasa&page=54&query=t&utf8=%E2%9C%93)
2021-07-23 19:43:10 [utils.utils] INFO: NASA Spider starting!
2021-07-23 19:43:11 [scrapy.core.engine] DEBUG: Crawled (200) <GET https://blogs.nasa.gov/stationreport/page/782/> (referer: https://nasasearch.nasa.gov/)
2021-07-23 19:43:11 [scrapy.core.scraper] DEBUG: Scraped from <200 https://blogs.nasa.gov/stationreport/page/782/>
None
2021-07-23 19:43:13 [scrapy.core.engine] DEBUG: Crawled (200) <GET https://nasasearch.nasa.gov/search?affiliate=nasa&page=56&query=t&utf8=%E2%9C%93> (referer: https://nasasearch.nasa.gov/search?affiliate=nasa&page=55&query=t&utf8=%E2%9C%93)
2021-07-23 19:43:13 [utils.utils] INFO: NASA Spider starting!
2021-07-23 19:43:14 [scrapy.core.engine] DEBUG: Crawled (200) <GET https://blogs.nasa.gov/stationreport/2016/08/10/> (referer: https://nasasearch.nasa.gov/)
2021-07-23 19:43:14 [scrapy.core.scraper] DEBUG: Scraped from <200 https://blogs.nasa.gov/stationreport/2016/08/10/>
None
2021-07-23 19:43:15 [scrapy.core.engine] DEBUG: Crawled (200) <GET https://nasasearch.nasa.gov/search?affiliate=nasa&page=57&query=t&utf8=%E2%9C%93> (referer: https://nasasearch.nasa.gov/search?affiliate=nasa&page=56&query=t&utf8=%E2%9C%93)
2021-07-23 19:43:15 [utils.utils] INFO: NASA Spider starting!
2021-07-23 19:43:16 [scrapy.core.engine] DEBUG: Crawled (200) <GET https://www.nasa.gov/offices/nesc/team/Michael_Kirsch_bio.html> (referer: https://nasasearch.nasa.gov/)
2021-07-23 19:43:17 [scrapy.core.scraper] DEBUG: Scraped from <200 https://www.nasa.gov/offices/nesc/team/Michael_Kirsch_bio.html>
None
2021-07-23 19:43:18 [scrapy.core.engine] DEBUG: Crawled (200) <GET https://nasasearch.nasa.gov/search?affiliate=nasa&page=58&query=t&utf8=%E2%9C%93> (referer: https://nasasearch.nasa.gov/search?affiliate=nasa&page=57&query=t&utf8=%E2%9C%93)
2021-07-23 19:43:18 [utils.utils] INFO: NASA Spider starting!
2021-07-23 19:43:19 [scrapy.core.engine] DEBUG: Crawled (200) <GET https://blogs.nasa.gov/stationreport/2015/01/page/7/> (referer: https://nasasearch.nasa.gov/)
2021-07-23 19:43:19 [scrapy.core.scraper] DEBUG: Scraped from <200 https://blogs.nasa.gov/stationreport/2015/01/page/7/>
None
2021-07-23 19:43:21 [scrapy.core.engine] DEBUG: Crawled (200) <GET https://nasasearch.nasa.gov/search?affiliate=nasa&page=59&query=t&utf8=%E2%9C%93> (referer: https://nasasearch.nasa.gov/search?affiliate=nasa&page=58&query=t&utf8=%E2%9C%93)
2021-07-23 19:43:21 [utils.utils] INFO: NASA Spider starting!
2021-07-23 19:43:22 [scrapy.core.engine] DEBUG: Crawled (200) <GET https://blogs.nasa.gov/stationreport/2016/06/page/2/> (referer: https://nasasearch.nasa.gov/)
2021-07-23 19:43:22 [scrapy.core.scraper] DEBUG: Scraped from <200 https://blogs.nasa.gov/stationreport/2016/06/page/2/>
None
2021-07-23 19:43:24 [scrapy.core.engine] DEBUG: Crawled (200) <GET https://nasasearch.nasa.gov/search?affiliate=nasa&page=60&query=t&utf8=%E2%9C%93> (referer: https://nasasearch.nasa.gov/search?affiliate=nasa&page=59&query=t&utf8=%E2%9C%93)
2021-07-23 19:43:24 [utils.utils] INFO: NASA Spider starting!
2021-07-23 19:43:25 [scrapy.core.engine] DEBUG: Crawled (200) <GET https://blogs.nasa.gov/stationreport/category/2015/page/107/> (referer: https://nasasearch.nasa.gov/)
2021-07-23 19:43:25 [scrapy.core.scraper] DEBUG: Scraped from <200 https://blogs.nasa.gov/stationreport/category/2015/page/107/>
None
2021-07-23 19:43:26 [scrapy.core.engine] DEBUG: Crawled (200) <GET https://nasasearch.nasa.gov/search?affiliate=nasa&page=61&query=t&utf8=%E2%9C%93> (referer: https://nasasearch.nasa.gov/search?affiliate=nasa&page=60&query=t&utf8=%E2%9C%93)
2021-07-23 19:43:26 [utils.utils] INFO: NASA Spider starting!
2021-07-23 19:43:27 [scrapy.core.engine] DEBUG: Crawled (200) <GET https://blogs.nasa.gov/stationreport/author/wkeeter/page/855/> (referer: https://nasasearch.nasa.gov/)
2021-07-23 19:43:27 [scrapy.core.scraper] DEBUG: Scraped from <200 https://blogs.nasa.gov/stationreport/author/wkeeter/page/855/>
None
2021-07-23 19:43:29 [scrapy.core.engine] DEBUG: Crawled (200) <GET https://nasasearch.nasa.gov/search?affiliate=nasa&page=62&query=t&utf8=%E2%9C%93> (referer: https://nasasearch.nasa.gov/search?affiliate=nasa&page=61&query=t&utf8=%E2%9C%93)
2021-07-23 19:43:29 [utils.utils] INFO: NASA Spider starting!
2021-07-23 19:43:30 [scrapy.core.engine] DEBUG: Crawled (200) <GET https://blogs.nasa.gov/stationreport/page/1290/> (referer: https://nasasearch.nasa.gov/)
2021-07-23 19:43:30 [scrapy.core.scraper] DEBUG: Scraped from <200 https://blogs.nasa.gov/stationreport/page/1290/>
None
2021-07-23 19:43:30 [scrapy.core.engine] DEBUG: Crawled (200) <GET https://nasasearch.nasa.gov/search?affiliate=nasa&page=63&query=t&utf8=%E2%9C%93> (referer: https://nasasearch.nasa.gov/search?affiliate=nasa&page=62&query=t&utf8=%E2%9C%93)
2021-07-23 19:43:31 [utils.utils] INFO: NASA Spider starting!
2021-07-23 19:43:33 [scrapy.core.engine] DEBUG: Crawled (200) <GET https://blogs.nasa.gov/stationreport/page/194/> (referer: https://nasasearch.nasa.gov/)
2021-07-23 19:43:33 [scrapy.core.scraper] DEBUG: Scraped from <200 https://blogs.nasa.gov/stationreport/page/194/>
None
2021-07-23 19:43:33 [scrapy.core.engine] DEBUG: Crawled (200) <GET https://nasasearch.nasa.gov/search?affiliate=nasa&page=64&query=t&utf8=%E2%9C%93> (referer: https://nasasearch.nasa.gov/search?affiliate=nasa&page=63&query=t&utf8=%E2%9C%93)
2021-07-23 19:43:34 [utils.utils] INFO: NASA Spider starting!
2021-07-23 19:43:35 [scrapy.core.engine] DEBUG: Crawled (200) <GET https://blogs.nasa.gov/stationreport/category/2018/april-2018/page/5/> (referer: https://nasasearch.nasa.gov/)
2021-07-23 19:43:36 [scrapy.core.scraper] DEBUG: Scraped from <200 https://blogs.nasa.gov/stationreport/category/2018/april-2018/page/5/>
None
2021-07-23 19:43:36 [scrapy.core.engine] DEBUG: Crawled (200) <GET https://nasasearch.nasa.gov/search?affiliate=nasa&page=65&query=t&utf8=%E2%9C%93> (referer: https://nasasearch.nasa.gov/search?affiliate=nasa&page=64&query=t&utf8=%E2%9C%93)
2021-07-23 19:43:36 [utils.utils] INFO: NASA Spider starting!
2021-07-23 19:43:37 [scrapy.core.engine] DEBUG: Crawled (200) <GET https://blogs.nasa.gov/stationreport/2017/03/page/13/> (referer: https://nasasearch.nasa.gov/)
2021-07-23 19:43:37 [scrapy.core.scraper] DEBUG: Scraped from <200 https://blogs.nasa.gov/stationreport/2017/03/page/13/>
None
2021-07-23 19:43:39 [scrapy.core.engine] DEBUG: Crawled (200) <GET https://nasasearch.nasa.gov/search?affiliate=nasa&page=66&query=t&utf8=%E2%9C%93> (referer: https://nasasearch.nasa.gov/search?affiliate=nasa&page=65&query=t&utf8=%E2%9C%93)
2021-07-23 19:43:39 [utils.utils] INFO: NASA Spider starting!
2021-07-23 19:43:40 [scrapy.core.engine] DEBUG: Crawled (200) <GET https://earthobservatory.nasa.gov/glossary/isthmus> (referer: https://nasasearch.nasa.gov/)
2021-07-23 19:43:40 [scrapy.core.scraper] DEBUG: Scraped from <200 https://earthobservatory.nasa.gov/glossary/isthmus>
None
2021-07-23 19:43:42 [scrapy.core.engine] DEBUG: Crawled (200) <GET https://nasasearch.nasa.gov/search?affiliate=nasa&page=67&query=t&utf8=%E2%9C%93> (referer: https://nasasearch.nasa.gov/search?affiliate=nasa&page=66&query=t&utf8=%E2%9C%93)
2021-07-23 19:43:42 [utils.utils] INFO: NASA Spider starting!
2021-07-23 19:43:42 [scrapy.core.engine] DEBUG: Crawled (200) <GET https://blogs.nasa.gov/stationreport/page/1369/> (referer: https://nasasearch.nasa.gov/)
2021-07-23 19:43:42 [scrapy.core.scraper] DEBUG: Scraped from <200 https://blogs.nasa.gov/stationreport/page/1369/>
None
2021-07-23 19:43:44 [scrapy.core.engine] DEBUG: Crawled (200) <GET https://nasasearch.nasa.gov/search?affiliate=nasa&page=68&query=t&utf8=%E2%9C%93> (referer: https://nasasearch.nasa.gov/search?affiliate=nasa&page=67&query=t&utf8=%E2%9C%93)
2021-07-23 19:43:44 [utils.utils] INFO: NASA Spider starting!
2021-07-23 19:43:44 [scrapy.extensions.logstats] INFO: Crawled 134 pages (at 47 pages/min), scraped 66 items (at 23 items/min)
2021-07-23 19:43:44 [scrapy.core.engine] DEBUG: Crawled (200) <GET https://earthobservatory.nasa.gov/glossary/sunglint> (referer: https://nasasearch.nasa.gov/)
2021-07-23 19:43:45 [scrapy.core.scraper] DEBUG: Scraped from <200 https://earthobservatory.nasa.gov/glossary/sunglint>
None
2021-07-23 19:43:46 [scrapy.core.engine] DEBUG: Crawled (200) <GET https://nasasearch.nasa.gov/search?affiliate=nasa&page=69&query=t&utf8=%E2%9C%93> (referer: https://nasasearch.nasa.gov/search?affiliate=nasa&page=68&query=t&utf8=%E2%9C%93)
2021-07-23 19:43:47 [utils.utils] INFO: NASA Spider starting!
2021-07-23 19:43:47 [scrapy.core.engine] DEBUG: Crawled (200) <GET https://earthobservatory.nasa.gov/glossary/sulfate%20aerosol> (referer: https://nasasearch.nasa.gov/)
2021-07-23 19:43:48 [scrapy.core.scraper] DEBUG: Scraped from <200 https://earthobservatory.nasa.gov/glossary/sulfate%20aerosol>
None
2021-07-23 19:43:49 [scrapy.core.engine] DEBUG: Crawled (200) <GET https://nasasearch.nasa.gov/search?affiliate=nasa&page=70&query=t&utf8=%E2%9C%93> (referer: https://nasasearch.nasa.gov/search?affiliate=nasa&page=69&query=t&utf8=%E2%9C%93)
2021-07-23 19:43:49 [utils.utils] INFO: NASA Spider starting!
2021-07-23 19:43:50 [scrapy.core.engine] DEBUG: Crawled (200) <GET https://earthobservatory.nasa.gov/glossary/normalized%20difference%20vegetation%20index> (referer: https://nasasearch.nasa.gov/)
2021-07-23 19:43:50 [scrapy.core.scraper] DEBUG: Scraped from <200 https://earthobservatory.nasa.gov/glossary/normalized%20difference%20vegetation%20index>
None
2021-07-23 19:43:52 [scrapy.core.engine] DEBUG: Crawled (200) <GET https://nasasearch.nasa.gov/search?affiliate=nasa&page=71&query=t&utf8=%E2%9C%93> (referer: https://nasasearch.nasa.gov/search?affiliate=nasa&page=70&query=t&utf8=%E2%9C%93)
2021-07-23 19:43:52 [utils.utils] INFO: NASA Spider starting!
