2021-10-26 20:40:28 [scrapy.extensions.telnet] INFO: Telnet Password: b06441a1e0fd8660
2021-10-26 20:40:28 [scrapy.middleware] INFO: Enabled extensions:
['scrapy.extensions.corestats.CoreStats',
 'scrapy.extensions.telnet.TelnetConsole',
 'scrapy.extensions.logstats.LogStats']
2021-10-26 20:40:28 [scrapy.middleware] INFO: Enabled downloader middlewares:
['scrapy.downloadermiddlewares.httpauth.HttpAuthMiddleware',
 'scrapy.downloadermiddlewares.downloadtimeout.DownloadTimeoutMiddleware',
 'scrapy.downloadermiddlewares.defaultheaders.DefaultHeadersMiddleware',
 'scrapy.downloadermiddlewares.useragent.UserAgentMiddleware',
 'TextProcessorScrapy.middlewares.RandomUserAgentMiddleware',
 'TextProcessorScrapy.middlewares.TextCrawlDownloaderMiddleware',
 'scrapy.downloadermiddlewares.retry.RetryMiddleware',
 'scrapy.downloadermiddlewares.redirect.MetaRefreshMiddleware',
 'scrapy.downloadermiddlewares.httpcompression.HttpCompressionMiddleware',
 'scrapy.downloadermiddlewares.redirect.RedirectMiddleware',
 'scrapy.downloadermiddlewares.cookies.CookiesMiddleware',
 'scrapy.downloadermiddlewares.httpproxy.HttpProxyMiddleware',
 'scrapy.downloadermiddlewares.stats.DownloaderStats']
2021-10-26 20:40:28 [scrapy.middleware] INFO: Enabled spider middlewares:
['scrapy.spidermiddlewares.httperror.HttpErrorMiddleware',
 'scrapy.spidermiddlewares.offsite.OffsiteMiddleware',
 'scrapy.spidermiddlewares.referer.RefererMiddleware',
 'scrapy.spidermiddlewares.urllength.UrlLengthMiddleware',
 'scrapy.spidermiddlewares.depth.DepthMiddleware']
2021-10-26 20:40:28 [scrapy.middleware] INFO: Enabled item pipelines:
['TextProcessorScrapy.pipelines.HsNasaPipeline']
2021-10-26 20:40:28 [scrapy.core.engine] INFO: Spider opened
2021-10-26 20:40:28 [scrapy.extensions.logstats] INFO: Crawled 0 pages (at 0 pages/min), scraped 0 items (at 0 items/min)
2021-10-26 20:40:28 [nasa] INFO: Spider opened: nasa
2021-10-26 20:40:28 [scrapy.utils.signal] ERROR: Error caught on signal handler: <bound method TextCrawlDownloaderMiddleware.spider_opened of <TextProcessorScrapy.middlewares.TextCrawlDownloaderMiddleware object at 0x000001B69BFA5108>>
Traceback (most recent call last):
  File "C:\Users\adm\AppData\Roaming\Python\Python37\site-packages\scrapy\utils\defer.py", line 161, in maybeDeferred_coro
    result = f(*args, **kw)
  File "D:\Anaconda\envs\HS\lib\site-packages\pydispatch\robustapply.py", line 55, in robustApply
    return receiver(*arguments, **named)
  File "E:\workspace\TextProcessor\TextProcessorScrapy\middlewares.py", line 139, in spider_opened
    SPIDERSNUMBER = spider.spider_count
AttributeError: 'nasaSpider' object has no attribute 'spider_count'
2021-10-26 20:40:28 [scrapy.extensions.telnet] INFO: Telnet console listening on 127.0.0.1:6023
2021-10-26 20:40:28 [scrapy.crawler] INFO: Overridden settings:
{'BOT_NAME': 'TextProcessorScrapy',
 'COMMANDS_MODULE': 'TextProcessorScrapy.commands',
 'CONCURRENT_REQUESTS': 8,
 'CONCURRENT_REQUESTS_PER_DOMAIN': 32,
 'CONCURRENT_REQUESTS_PER_IP': 128,
 'LOG_FILE': 'log/scrapy_2021_10_26_16.log',
 'NEWSPIDER_MODULE': 'TextProcessorScrapy.spiders',
 'REACTOR_THREADPOOL_MAXSIZE': 20,
 'SPIDER_MODULES': ['TextProcessorScrapy.spiders']}
2021-10-26 20:40:28 [scrapy.extensions.telnet] INFO: Telnet Password: 67ef254d99a2528f
2021-10-26 20:40:28 [scrapy.middleware] INFO: Enabled extensions:
['scrapy.extensions.corestats.CoreStats',
 'scrapy.extensions.telnet.TelnetConsole',
 'scrapy.extensions.logstats.LogStats']
2021-10-26 20:40:28 [scrapy.middleware] INFO: Enabled downloader middlewares:
['scrapy.downloadermiddlewares.httpauth.HttpAuthMiddleware',
 'scrapy.downloadermiddlewares.downloadtimeout.DownloadTimeoutMiddleware',
 'scrapy.downloadermiddlewares.defaultheaders.DefaultHeadersMiddleware',
 'scrapy.downloadermiddlewares.useragent.UserAgentMiddleware',
 'TextProcessorScrapy.middlewares.RandomUserAgentMiddleware',
 'TextProcessorScrapy.middlewares.TextCrawlDownloaderMiddleware',
 'scrapy.downloadermiddlewares.retry.RetryMiddleware',
 'scrapy.downloadermiddlewares.redirect.MetaRefreshMiddleware',
 'scrapy.downloadermiddlewares.httpcompression.HttpCompressionMiddleware',
 'scrapy.downloadermiddlewares.redirect.RedirectMiddleware',
 'scrapy.downloadermiddlewares.cookies.CookiesMiddleware',
 'scrapy.downloadermiddlewares.httpproxy.HttpProxyMiddleware',
 'scrapy.downloadermiddlewares.stats.DownloaderStats']
2021-10-26 20:40:28 [scrapy.middleware] INFO: Enabled spider middlewares:
['scrapy.spidermiddlewares.httperror.HttpErrorMiddleware',
 'scrapy.spidermiddlewares.offsite.OffsiteMiddleware',
 'scrapy.spidermiddlewares.referer.RefererMiddleware',
 'scrapy.spidermiddlewares.urllength.UrlLengthMiddleware',
 'scrapy.spidermiddlewares.depth.DepthMiddleware']
2021-10-26 20:40:28 [scrapy.middleware] INFO: Enabled item pipelines:
['TextProcessorScrapy.pipelines.WikiPipeline']
2021-10-26 20:40:28 [scrapy.core.engine] INFO: Spider opened
2021-10-26 20:40:28 [scrapy.extensions.logstats] INFO: Crawled 0 pages (at 0 pages/min), scraped 0 items (at 0 items/min)
2021-10-26 20:40:28 [wiki] INFO: Spider opened: wiki
2021-10-26 20:40:28 [scrapy.utils.signal] ERROR: Error caught on signal handler: <bound method TextCrawlDownloaderMiddleware.spider_opened of <TextProcessorScrapy.middlewares.TextCrawlDownloaderMiddleware object at 0x000001B69C162C88>>
Traceback (most recent call last):
  File "C:\Users\adm\AppData\Roaming\Python\Python37\site-packages\scrapy\utils\defer.py", line 161, in maybeDeferred_coro
    result = f(*args, **kw)
  File "D:\Anaconda\envs\HS\lib\site-packages\pydispatch\robustapply.py", line 55, in robustApply
    return receiver(*arguments, **named)
  File "E:\workspace\TextProcessor\TextProcessorScrapy\middlewares.py", line 139, in spider_opened
    SPIDERSNUMBER = spider.spider_count
AttributeError: 'WikiSpider' object has no attribute 'spider_count'
2021-10-26 20:40:28 [scrapy.extensions.telnet] INFO: Telnet console listening on 127.0.0.1:6024
2021-10-26 20:40:28 [scrapy.crawler] INFO: Overridden settings:
{'BOT_NAME': 'TextProcessorScrapy',
 'COMMANDS_MODULE': 'TextProcessorScrapy.commands',
 'CONCURRENT_REQUESTS': 8,
 'CONCURRENT_REQUESTS_PER_DOMAIN': 32,
 'CONCURRENT_REQUESTS_PER_IP': 128,
 'LOG_FILE': 'log/scrapy_2021_10_26_16.log',
 'NEWSPIDER_MODULE': 'TextProcessorScrapy.spiders',
 'REACTOR_THREADPOOL_MAXSIZE': 20,
 'SPIDER_MODULES': ['TextProcessorScrapy.spiders']}
2021-10-26 20:40:28 [scrapy.extensions.telnet] INFO: Telnet Password: f59bbe5844582f0b
2021-10-26 20:40:28 [scrapy.middleware] INFO: Enabled extensions:
['scrapy.extensions.corestats.CoreStats',
 'scrapy.extensions.telnet.TelnetConsole',
 'scrapy.extensions.logstats.LogStats']
2021-10-26 20:40:29 [selenium.webdriver.remote.remote_connection] DEBUG: POST http://127.0.0.1:10945/session {"capabilities": {"firstMatch": [{}], "alwaysMatch": {"browserName": "chrome", "platformName": "any", "goog:chromeOptions": {"prefs": {"profile.default_content_setting_values": {"notifications": 2, "images": 2}}, "extensions": [], "args": ["--headless"]}}}, "desiredCapabilities": {"browserName": "chrome", "version": "", "platform": "ANY", "goog:chromeOptions": {"prefs": {"profile.default_content_setting_values": {"notifications": 2, "images": 2}}, "extensions": [], "args": ["--headless"]}}}
2021-10-26 20:40:29 [urllib3.connectionpool] DEBUG: Starting new HTTP connection (1): 127.0.0.1
2021-10-26 20:40:29 [urllib3.connectionpool] DEBUG: http://127.0.0.1:10945 "POST /session HTTP/1.1" 200 784
2021-10-26 20:40:29 [selenium.webdriver.remote.remote_connection] DEBUG: Finished Request
2021-10-26 20:40:29 [selenium.webdriver.remote.remote_connection] DEBUG: POST http://127.0.0.1:10945/session/4d07dd674246f9298d53b2677b4b9c6c/timeouts {"implicit": 1000}
2021-10-26 20:40:29 [urllib3.connectionpool] DEBUG: http://127.0.0.1:10945 "POST /session/4d07dd674246f9298d53b2677b4b9c6c/timeouts HTTP/1.1" 200 14
2021-10-26 20:40:29 [selenium.webdriver.remote.remote_connection] DEBUG: Finished Request
2021-10-26 20:40:29 [scrapy.middleware] INFO: Enabled downloader middlewares:
['scrapy.downloadermiddlewares.httpauth.HttpAuthMiddleware',
 'scrapy.downloadermiddlewares.downloadtimeout.DownloadTimeoutMiddleware',
 'scrapy.downloadermiddlewares.defaultheaders.DefaultHeadersMiddleware',
 'scrapy.downloadermiddlewares.useragent.UserAgentMiddleware',
 'TextProcessorScrapy.middlewares.RandomUserAgentMiddleware',
 'TextProcessorScrapy.middlewares.TextCrawlDownloaderMiddleware',
 'scrapy.downloadermiddlewares.retry.RetryMiddleware',
 'scrapy.downloadermiddlewares.redirect.MetaRefreshMiddleware',
 'scrapy.downloadermiddlewares.httpcompression.HttpCompressionMiddleware',
 'scrapy.downloadermiddlewares.redirect.RedirectMiddleware',
 'scrapy.downloadermiddlewares.cookies.CookiesMiddleware',
 'scrapy.downloadermiddlewares.httpproxy.HttpProxyMiddleware',
 'scrapy.downloadermiddlewares.stats.DownloaderStats']
2021-10-26 20:40:29 [scrapy.middleware] INFO: Enabled spider middlewares:
['scrapy.spidermiddlewares.httperror.HttpErrorMiddleware',
 'scrapy.spidermiddlewares.offsite.OffsiteMiddleware',
 'scrapy.spidermiddlewares.referer.RefererMiddleware',
 'scrapy.spidermiddlewares.urllength.UrlLengthMiddleware',
 'scrapy.spidermiddlewares.depth.DepthMiddleware']
2021-10-26 20:40:29 [scrapy.middleware] INFO: Enabled item pipelines:
['TextProcessorScrapy.pipelines.BaiduPipeline']
2021-10-26 20:40:29 [scrapy.core.engine] INFO: Spider opened
2021-10-26 20:40:29 [scrapy.extensions.logstats] INFO: Crawled 0 pages (at 0 pages/min), scraped 0 items (at 0 items/min)
2021-10-26 20:40:29 [baidu] INFO: Spider opened: baidu
2021-10-26 20:40:29 [scrapy.utils.signal] ERROR: Error caught on signal handler: <bound method TextCrawlDownloaderMiddleware.spider_opened of <TextProcessorScrapy.middlewares.TextCrawlDownloaderMiddleware object at 0x000001B69C194BC8>>
Traceback (most recent call last):
  File "C:\Users\adm\AppData\Roaming\Python\Python37\site-packages\scrapy\utils\defer.py", line 161, in maybeDeferred_coro
    result = f(*args, **kw)
  File "D:\Anaconda\envs\HS\lib\site-packages\pydispatch\robustapply.py", line 55, in robustApply
    return receiver(*arguments, **named)
  File "E:\workspace\TextProcessor\TextProcessorScrapy\middlewares.py", line 139, in spider_opened
    SPIDERSNUMBER = spider.spider_count
AttributeError: 'BaidubaikeSpider' object has no attribute 'spider_count'
2021-10-26 20:40:29 [scrapy.extensions.telnet] INFO: Telnet console listening on 127.0.0.1:6025
2021-10-26 20:40:29 [scrapy.crawler] INFO: Overridden settings:
{'BOT_NAME': 'TextProcessorScrapy',
 'COMMANDS_MODULE': 'TextProcessorScrapy.commands',
 'CONCURRENT_REQUESTS': 8,
 'CONCURRENT_REQUESTS_PER_DOMAIN': 32,
 'CONCURRENT_REQUESTS_PER_IP': 128,
 'LOG_FILE': 'log/scrapy_2021_10_26_16.log',
 'NEWSPIDER_MODULE': 'TextProcessorScrapy.spiders',
 'REACTOR_THREADPOOL_MAXSIZE': 20,
 'SPIDER_MODULES': ['TextProcessorScrapy.spiders']}
2021-10-26 20:40:29 [scrapy.extensions.telnet] INFO: Telnet Password: 5507a836b09933f0
2021-10-26 20:40:29 [scrapy.middleware] INFO: Enabled extensions:
['scrapy.extensions.corestats.CoreStats',
 'scrapy.extensions.telnet.TelnetConsole',
 'scrapy.extensions.logstats.LogStats']
2021-10-26 20:40:29 [scrapy.middleware] INFO: Enabled downloader middlewares:
['scrapy.downloadermiddlewares.httpauth.HttpAuthMiddleware',
 'scrapy.downloadermiddlewares.downloadtimeout.DownloadTimeoutMiddleware',
 'scrapy.downloadermiddlewares.defaultheaders.DefaultHeadersMiddleware',
 'scrapy.downloadermiddlewares.useragent.UserAgentMiddleware',
 'TextProcessorScrapy.middlewares.RandomUserAgentMiddleware',
 'TextProcessorScrapy.middlewares.TextCrawlDownloaderMiddleware',
 'scrapy.downloadermiddlewares.retry.RetryMiddleware',
 'scrapy.downloadermiddlewares.redirect.MetaRefreshMiddleware',
 'scrapy.downloadermiddlewares.httpcompression.HttpCompressionMiddleware',
 'scrapy.downloadermiddlewares.redirect.RedirectMiddleware',
 'scrapy.downloadermiddlewares.cookies.CookiesMiddleware',
 'scrapy.downloadermiddlewares.httpproxy.HttpProxyMiddleware',
 'scrapy.downloadermiddlewares.stats.DownloaderStats']
2021-10-26 20:40:29 [scrapy.middleware] INFO: Enabled spider middlewares:
['scrapy.spidermiddlewares.httperror.HttpErrorMiddleware',
 'scrapy.spidermiddlewares.offsite.OffsiteMiddleware',
 'scrapy.spidermiddlewares.referer.RefererMiddleware',
 'scrapy.spidermiddlewares.urllength.UrlLengthMiddleware',
 'scrapy.spidermiddlewares.depth.DepthMiddleware']
2021-10-26 20:40:29 [scrapy.middleware] INFO: Enabled item pipelines:
['TextProcessorScrapy.pipelines.TiexuePipeline']
2021-10-26 20:40:29 [scrapy.core.engine] INFO: Spider opened
2021-10-26 20:40:29 [scrapy.extensions.logstats] INFO: Crawled 0 pages (at 0 pages/min), scraped 0 items (at 0 items/min)
2021-10-26 20:40:29 [tiexue] INFO: Spider opened: tiexue
2021-10-26 20:40:29 [scrapy.utils.signal] ERROR: Error caught on signal handler: <bound method TextCrawlDownloaderMiddleware.spider_opened of <TextProcessorScrapy.middlewares.TextCrawlDownloaderMiddleware object at 0x000001B69C20E488>>
Traceback (most recent call last):
  File "C:\Users\adm\AppData\Roaming\Python\Python37\site-packages\scrapy\utils\defer.py", line 161, in maybeDeferred_coro
    result = f(*args, **kw)
  File "D:\Anaconda\envs\HS\lib\site-packages\pydispatch\robustapply.py", line 55, in robustApply
    return receiver(*arguments, **named)
  File "E:\workspace\TextProcessor\TextProcessorScrapy\middlewares.py", line 139, in spider_opened
    SPIDERSNUMBER = spider.spider_count
AttributeError: 'TiexueSpider' object has no attribute 'spider_count'
2021-10-26 20:40:29 [scrapy.extensions.telnet] INFO: Telnet console listening on 127.0.0.1:6026
2021-10-26 20:40:29 [scrapy.crawler] INFO: Overridden settings:
{'BOT_NAME': 'TextProcessorScrapy',
 'COMMANDS_MODULE': 'TextProcessorScrapy.commands',
 'CONCURRENT_REQUESTS': 8,
 'CONCURRENT_REQUESTS_PER_DOMAIN': 32,
 'CONCURRENT_REQUESTS_PER_IP': 128,
 'LOG_FILE': 'log/scrapy_2021_10_26_16.log',
 'NEWSPIDER_MODULE': 'TextProcessorScrapy.spiders',
 'REACTOR_THREADPOOL_MAXSIZE': 20,
 'SPIDER_MODULES': ['TextProcessorScrapy.spiders']}
2021-10-26 20:40:29 [scrapy.extensions.telnet] INFO: Telnet Password: 407efbde77a45867
2021-10-26 20:40:29 [scrapy.middleware] INFO: Enabled extensions:
['scrapy.extensions.corestats.CoreStats',
 'scrapy.extensions.telnet.TelnetConsole',
 'scrapy.extensions.logstats.LogStats']
2021-10-26 20:40:29 [scrapy.middleware] INFO: Enabled downloader middlewares:
['scrapy.downloadermiddlewares.httpauth.HttpAuthMiddleware',
 'scrapy.downloadermiddlewares.downloadtimeout.DownloadTimeoutMiddleware',
 'scrapy.downloadermiddlewares.defaultheaders.DefaultHeadersMiddleware',
 'scrapy.downloadermiddlewares.useragent.UserAgentMiddleware',
 'TextProcessorScrapy.middlewares.RandomUserAgentMiddleware',
 'TextProcessorScrapy.middlewares.TextCrawlDownloaderMiddleware',
 'scrapy.downloadermiddlewares.retry.RetryMiddleware',
 'scrapy.downloadermiddlewares.redirect.MetaRefreshMiddleware',
 'scrapy.downloadermiddlewares.httpcompression.HttpCompressionMiddleware',
 'scrapy.downloadermiddlewares.redirect.RedirectMiddleware',
 'scrapy.downloadermiddlewares.cookies.CookiesMiddleware',
 'scrapy.downloadermiddlewares.httpproxy.HttpProxyMiddleware',
 'scrapy.downloadermiddlewares.stats.DownloaderStats']
2021-10-26 20:40:29 [scrapy.middleware] INFO: Enabled spider middlewares:
['scrapy.spidermiddlewares.httperror.HttpErrorMiddleware',
 'scrapy.spidermiddlewares.offsite.OffsiteMiddleware',
 'scrapy.spidermiddlewares.referer.RefererMiddleware',
 'scrapy.spidermiddlewares.urllength.UrlLengthMiddleware',
 'scrapy.spidermiddlewares.depth.DepthMiddleware']
2021-10-26 20:40:29 [scrapy.middleware] INFO: Enabled item pipelines:
['TextProcessorScrapy.pipelines.AiaaPipeline']
2021-10-26 20:40:29 [scrapy.core.engine] INFO: Spider opened
2021-10-26 20:40:29 [scrapy.extensions.logstats] INFO: Crawled 0 pages (at 0 pages/min), scraped 0 items (at 0 items/min)
2021-10-26 20:40:29 [aiaa] INFO: Spider opened: aiaa
2021-10-26 20:40:29 [scrapy.utils.signal] ERROR: Error caught on signal handler: <bound method TextCrawlDownloaderMiddleware.spider_opened of <TextProcessorScrapy.middlewares.TextCrawlDownloaderMiddleware object at 0x000001B69C23C548>>
Traceback (most recent call last):
  File "C:\Users\adm\AppData\Roaming\Python\Python37\site-packages\scrapy\utils\defer.py", line 161, in maybeDeferred_coro
    result = f(*args, **kw)
  File "D:\Anaconda\envs\HS\lib\site-packages\pydispatch\robustapply.py", line 55, in robustApply
    return receiver(*arguments, **named)
  File "E:\workspace\TextProcessor\TextProcessorScrapy\middlewares.py", line 139, in spider_opened
    SPIDERSNUMBER = spider.spider_count
AttributeError: 'AiaaSpider' object has no attribute 'spider_count'
2021-10-26 20:40:29 [scrapy.extensions.telnet] INFO: Telnet console listening on 127.0.0.1:6027
2021-10-26 20:40:29 [scrapy.crawler] INFO: Overridden settings:
{'BOT_NAME': 'TextProcessorScrapy',
 'COMMANDS_MODULE': 'TextProcessorScrapy.commands',
 'CONCURRENT_REQUESTS': 8,
 'CONCURRENT_REQUESTS_PER_DOMAIN': 32,
 'CONCURRENT_REQUESTS_PER_IP': 128,
 'LOG_FILE': 'log/scrapy_2021_10_26_16.log',
 'NEWSPIDER_MODULE': 'TextProcessorScrapy.spiders',
 'REACTOR_THREADPOOL_MAXSIZE': 20,
 'SPIDER_MODULES': ['TextProcessorScrapy.spiders']}
2021-10-26 20:40:29 [scrapy.extensions.telnet] INFO: Telnet Password: bff7ec801aa23f94
2021-10-26 20:40:29 [scrapy.middleware] INFO: Enabled extensions:
['scrapy.extensions.corestats.CoreStats',
 'scrapy.extensions.telnet.TelnetConsole',
 'scrapy.extensions.logstats.LogStats']
2021-10-26 20:40:29 [scrapy.middleware] INFO: Enabled downloader middlewares:
['scrapy.downloadermiddlewares.httpauth.HttpAuthMiddleware',
 'scrapy.downloadermiddlewares.downloadtimeout.DownloadTimeoutMiddleware',
 'scrapy.downloadermiddlewares.defaultheaders.DefaultHeadersMiddleware',
 'scrapy.downloadermiddlewares.useragent.UserAgentMiddleware',
 'TextProcessorScrapy.middlewares.RandomUserAgentMiddleware',
 'TextProcessorScrapy.middlewares.TextCrawlDownloaderMiddleware',
 'scrapy.downloadermiddlewares.retry.RetryMiddleware',
 'scrapy.downloadermiddlewares.redirect.MetaRefreshMiddleware',
 'scrapy.downloadermiddlewares.httpcompression.HttpCompressionMiddleware',
 'scrapy.downloadermiddlewares.redirect.RedirectMiddleware',
 'scrapy.downloadermiddlewares.cookies.CookiesMiddleware',
 'scrapy.downloadermiddlewares.httpproxy.HttpProxyMiddleware',
 'scrapy.downloadermiddlewares.stats.DownloaderStats']
2021-10-26 20:40:29 [scrapy.middleware] INFO: Enabled spider middlewares:
['scrapy.spidermiddlewares.httperror.HttpErrorMiddleware',
 'scrapy.spidermiddlewares.offsite.OffsiteMiddleware',
 'scrapy.spidermiddlewares.referer.RefererMiddleware',
 'scrapy.spidermiddlewares.urllength.UrlLengthMiddleware',
 'scrapy.spidermiddlewares.depth.DepthMiddleware']
2021-10-26 20:40:29 [scrapy.middleware] INFO: Enabled item pipelines:
['TextProcessorScrapy.pipelines.HsNasaPipeline']
2021-10-26 20:40:29 [scrapy.core.engine] INFO: Spider opened
2021-10-26 20:40:29 [scrapy.extensions.logstats] INFO: Crawled 0 pages (at 0 pages/min), scraped 0 items (at 0 items/min)
2021-10-26 20:40:29 [nasa] INFO: Spider opened: nasa
2021-10-26 20:40:29 [scrapy.utils.signal] ERROR: Error caught on signal handler: <bound method TextCrawlDownloaderMiddleware.spider_opened of <TextProcessorScrapy.middlewares.TextCrawlDownloaderMiddleware object at 0x000001B69C27D3C8>>
Traceback (most recent call last):
  File "C:\Users\adm\AppData\Roaming\Python\Python37\site-packages\scrapy\utils\defer.py", line 161, in maybeDeferred_coro
    result = f(*args, **kw)
  File "D:\Anaconda\envs\HS\lib\site-packages\pydispatch\robustapply.py", line 55, in robustApply
    return receiver(*arguments, **named)
  File "E:\workspace\TextProcessor\TextProcessorScrapy\middlewares.py", line 139, in spider_opened
    SPIDERSNUMBER = spider.spider_count
AttributeError: 'nasaSpider' object has no attribute 'spider_count'
2021-10-26 20:40:29 [scrapy.extensions.telnet] INFO: Telnet console listening on 127.0.0.1:6028
2021-10-26 20:40:29 [scrapy.crawler] INFO: Overridden settings:
{'BOT_NAME': 'TextProcessorScrapy',
 'COMMANDS_MODULE': 'TextProcessorScrapy.commands',
 'CONCURRENT_REQUESTS': 8,
 'CONCURRENT_REQUESTS_PER_DOMAIN': 32,
 'CONCURRENT_REQUESTS_PER_IP': 128,
 'LOG_FILE': 'log/scrapy_2021_10_26_16.log',
 'NEWSPIDER_MODULE': 'TextProcessorScrapy.spiders',
 'REACTOR_THREADPOOL_MAXSIZE': 20,
 'SPIDER_MODULES': ['TextProcessorScrapy.spiders']}
2021-10-26 20:40:29 [scrapy.extensions.telnet] INFO: Telnet Password: 93289ecc876ea6ce
2021-10-26 20:40:29 [scrapy.middleware] INFO: Enabled extensions:
['scrapy.extensions.corestats.CoreStats',
 'scrapy.extensions.telnet.TelnetConsole',
 'scrapy.extensions.logstats.LogStats']
2021-10-26 20:40:29 [scrapy.middleware] INFO: Enabled downloader middlewares:
['scrapy.downloadermiddlewares.httpauth.HttpAuthMiddleware',
 'scrapy.downloadermiddlewares.downloadtimeout.DownloadTimeoutMiddleware',
 'scrapy.downloadermiddlewares.defaultheaders.DefaultHeadersMiddleware',
 'scrapy.downloadermiddlewares.useragent.UserAgentMiddleware',
 'TextProcessorScrapy.middlewares.RandomUserAgentMiddleware',
 'TextProcessorScrapy.middlewares.TextCrawlDownloaderMiddleware',
 'scrapy.downloadermiddlewares.retry.RetryMiddleware',
 'scrapy.downloadermiddlewares.redirect.MetaRefreshMiddleware',
 'scrapy.downloadermiddlewares.httpcompression.HttpCompressionMiddleware',
 'scrapy.downloadermiddlewares.redirect.RedirectMiddleware',
 'scrapy.downloadermiddlewares.cookies.CookiesMiddleware',
 'scrapy.downloadermiddlewares.httpproxy.HttpProxyMiddleware',
 'scrapy.downloadermiddlewares.stats.DownloaderStats']
2021-10-26 20:40:29 [scrapy.middleware] INFO: Enabled spider middlewares:
['scrapy.spidermiddlewares.httperror.HttpErrorMiddleware',
 'scrapy.spidermiddlewares.offsite.OffsiteMiddleware',
 'scrapy.spidermiddlewares.referer.RefererMiddleware',
 'scrapy.spidermiddlewares.urllength.UrlLengthMiddleware',
 'scrapy.spidermiddlewares.depth.DepthMiddleware']
2021-10-26 20:40:29 [scrapy.middleware] INFO: Enabled item pipelines:
['TextProcessorScrapy.pipelines.WikiPipeline']
2021-10-26 20:40:29 [scrapy.core.engine] INFO: Spider opened
2021-10-26 20:40:29 [scrapy.extensions.logstats] INFO: Crawled 0 pages (at 0 pages/min), scraped 0 items (at 0 items/min)
2021-10-26 20:40:29 [wiki] INFO: Spider opened: wiki
2021-10-26 20:40:29 [scrapy.utils.signal] ERROR: Error caught on signal handler: <bound method TextCrawlDownloaderMiddleware.spider_opened of <TextProcessorScrapy.middlewares.TextCrawlDownloaderMiddleware object at 0x000001B69C292308>>
Traceback (most recent call last):
  File "C:\Users\adm\AppData\Roaming\Python\Python37\site-packages\scrapy\utils\defer.py", line 161, in maybeDeferred_coro
    result = f(*args, **kw)
  File "D:\Anaconda\envs\HS\lib\site-packages\pydispatch\robustapply.py", line 55, in robustApply
    return receiver(*arguments, **named)
  File "E:\workspace\TextProcessor\TextProcessorScrapy\middlewares.py", line 139, in spider_opened
    SPIDERSNUMBER = spider.spider_count
AttributeError: 'WikiSpider' object has no attribute 'spider_count'
2021-10-26 20:40:29 [scrapy.extensions.telnet] INFO: Telnet console listening on 127.0.0.1:6029
2021-10-26 20:40:29 [scrapy.crawler] INFO: Overridden settings:
{'BOT_NAME': 'TextProcessorScrapy',
 'COMMANDS_MODULE': 'TextProcessorScrapy.commands',
 'CONCURRENT_REQUESTS': 8,
 'CONCURRENT_REQUESTS_PER_DOMAIN': 32,
 'CONCURRENT_REQUESTS_PER_IP': 128,
 'LOG_FILE': 'log/scrapy_2021_10_26_16.log',
 'NEWSPIDER_MODULE': 'TextProcessorScrapy.spiders',
 'REACTOR_THREADPOOL_MAXSIZE': 20,
 'SPIDER_MODULES': ['TextProcessorScrapy.spiders']}
2021-10-26 20:40:29 [scrapy.extensions.telnet] INFO: Telnet Password: 5a8991aa51bba584
2021-10-26 20:40:29 [scrapy.middleware] INFO: Enabled extensions:
['scrapy.extensions.corestats.CoreStats',
 'scrapy.extensions.telnet.TelnetConsole',
 'scrapy.extensions.logstats.LogStats']
2021-10-26 20:40:30 [selenium.webdriver.remote.remote_connection] DEBUG: POST http://127.0.0.1:14062/session {"capabilities": {"firstMatch": [{}], "alwaysMatch": {"browserName": "chrome", "platformName": "any", "goog:chromeOptions": {"prefs": {"profile.default_content_setting_values": {"notifications": 2, "images": 2}}, "extensions": [], "args": ["--headless"]}}}, "desiredCapabilities": {"browserName": "chrome", "version": "", "platform": "ANY", "goog:chromeOptions": {"prefs": {"profile.default_content_setting_values": {"notifications": 2, "images": 2}}, "extensions": [], "args": ["--headless"]}}}
2021-10-26 20:40:30 [urllib3.connectionpool] DEBUG: Starting new HTTP connection (1): 127.0.0.1
2021-10-26 20:40:30 [urllib3.connectionpool] DEBUG: http://127.0.0.1:14062 "POST /session HTTP/1.1" 200 784
2021-10-26 20:40:30 [selenium.webdriver.remote.remote_connection] DEBUG: Finished Request
2021-10-26 20:40:30 [selenium.webdriver.remote.remote_connection] DEBUG: POST http://127.0.0.1:14062/session/42f16544f78c380e1ad11655d2f7d0d5/timeouts {"implicit": 1000}
2021-10-26 20:40:30 [urllib3.connectionpool] DEBUG: http://127.0.0.1:14062 "POST /session/42f16544f78c380e1ad11655d2f7d0d5/timeouts HTTP/1.1" 200 14
2021-10-26 20:40:30 [selenium.webdriver.remote.remote_connection] DEBUG: Finished Request
2021-10-26 20:40:30 [scrapy.middleware] INFO: Enabled downloader middlewares:
['scrapy.downloadermiddlewares.httpauth.HttpAuthMiddleware',
 'scrapy.downloadermiddlewares.downloadtimeout.DownloadTimeoutMiddleware',
 'scrapy.downloadermiddlewares.defaultheaders.DefaultHeadersMiddleware',
 'scrapy.downloadermiddlewares.useragent.UserAgentMiddleware',
 'TextProcessorScrapy.middlewares.RandomUserAgentMiddleware',
 'TextProcessorScrapy.middlewares.TextCrawlDownloaderMiddleware',
 'scrapy.downloadermiddlewares.retry.RetryMiddleware',
 'scrapy.downloadermiddlewares.redirect.MetaRefreshMiddleware',
 'scrapy.downloadermiddlewares.httpcompression.HttpCompressionMiddleware',
 'scrapy.downloadermiddlewares.redirect.RedirectMiddleware',
 'scrapy.downloadermiddlewares.cookies.CookiesMiddleware',
 'scrapy.downloadermiddlewares.httpproxy.HttpProxyMiddleware',
 'scrapy.downloadermiddlewares.stats.DownloaderStats']
2021-10-26 20:40:30 [scrapy.middleware] INFO: Enabled spider middlewares:
['scrapy.spidermiddlewares.httperror.HttpErrorMiddleware',
 'scrapy.spidermiddlewares.offsite.OffsiteMiddleware',
 'scrapy.spidermiddlewares.referer.RefererMiddleware',
 'scrapy.spidermiddlewares.urllength.UrlLengthMiddleware',
 'scrapy.spidermiddlewares.depth.DepthMiddleware']
2021-10-26 20:40:30 [scrapy.middleware] INFO: Enabled item pipelines:
['TextProcessorScrapy.pipelines.BaiduPipeline']
2021-10-26 20:40:30 [scrapy.core.engine] INFO: Spider opened
2021-10-26 20:40:30 [scrapy.extensions.logstats] INFO: Crawled 0 pages (at 0 pages/min), scraped 0 items (at 0 items/min)
2021-10-26 20:40:30 [baidu] INFO: Spider opened: baidu
2021-10-26 20:40:30 [scrapy.utils.signal] ERROR: Error caught on signal handler: <bound method TextCrawlDownloaderMiddleware.spider_opened of <TextProcessorScrapy.middlewares.TextCrawlDownloaderMiddleware object at 0x000001B69C2C3248>>
Traceback (most recent call last):
  File "C:\Users\adm\AppData\Roaming\Python\Python37\site-packages\scrapy\utils\defer.py", line 161, in maybeDeferred_coro
    result = f(*args, **kw)
  File "D:\Anaconda\envs\HS\lib\site-packages\pydispatch\robustapply.py", line 55, in robustApply
    return receiver(*arguments, **named)
  File "E:\workspace\TextProcessor\TextProcessorScrapy\middlewares.py", line 139, in spider_opened
    SPIDERSNUMBER = spider.spider_count
AttributeError: 'BaidubaikeSpider' object has no attribute 'spider_count'
2021-10-26 20:40:30 [scrapy.extensions.telnet] INFO: Telnet console listening on 127.0.0.1:6030
2021-10-26 20:40:30 [scrapy.crawler] INFO: Overridden settings:
{'BOT_NAME': 'TextProcessorScrapy',
 'COMMANDS_MODULE': 'TextProcessorScrapy.commands',
 'CONCURRENT_REQUESTS': 8,
 'CONCURRENT_REQUESTS_PER_DOMAIN': 32,
 'CONCURRENT_REQUESTS_PER_IP': 128,
 'LOG_FILE': 'log/scrapy_2021_10_26_16.log',
 'NEWSPIDER_MODULE': 'TextProcessorScrapy.spiders',
 'REACTOR_THREADPOOL_MAXSIZE': 20,
 'SPIDER_MODULES': ['TextProcessorScrapy.spiders']}
2021-10-26 20:40:30 [scrapy.extensions.telnet] INFO: Telnet Password: 033f546a7dcad522
2021-10-26 20:40:30 [scrapy.middleware] INFO: Enabled extensions:
['scrapy.extensions.corestats.CoreStats',
 'scrapy.extensions.telnet.TelnetConsole',
 'scrapy.extensions.logstats.LogStats']
2021-10-26 20:40:30 [scrapy.middleware] INFO: Enabled downloader middlewares:
['scrapy.downloadermiddlewares.httpauth.HttpAuthMiddleware',
 'scrapy.downloadermiddlewares.downloadtimeout.DownloadTimeoutMiddleware',
 'scrapy.downloadermiddlewares.defaultheaders.DefaultHeadersMiddleware',
 'scrapy.downloadermiddlewares.useragent.UserAgentMiddleware',
 'TextProcessorScrapy.middlewares.RandomUserAgentMiddleware',
 'TextProcessorScrapy.middlewares.TextCrawlDownloaderMiddleware',
 'scrapy.downloadermiddlewares.retry.RetryMiddleware',
 'scrapy.downloadermiddlewares.redirect.MetaRefreshMiddleware',
 'scrapy.downloadermiddlewares.httpcompression.HttpCompressionMiddleware',
 'scrapy.downloadermiddlewares.redirect.RedirectMiddleware',
 'scrapy.downloadermiddlewares.cookies.CookiesMiddleware',
 'scrapy.downloadermiddlewares.httpproxy.HttpProxyMiddleware',
 'scrapy.downloadermiddlewares.stats.DownloaderStats']
2021-10-26 20:40:30 [scrapy.middleware] INFO: Enabled spider middlewares:
['scrapy.spidermiddlewares.httperror.HttpErrorMiddleware',
 'scrapy.spidermiddlewares.offsite.OffsiteMiddleware',
 'scrapy.spidermiddlewares.referer.RefererMiddleware',
 'scrapy.spidermiddlewares.urllength.UrlLengthMiddleware',
 'scrapy.spidermiddlewares.depth.DepthMiddleware']
2021-10-26 20:40:30 [scrapy.middleware] INFO: Enabled item pipelines:
['TextProcessorScrapy.pipelines.TiexuePipeline']
2021-10-26 20:40:30 [scrapy.core.engine] INFO: Spider opened
2021-10-26 20:40:30 [scrapy.extensions.logstats] INFO: Crawled 0 pages (at 0 pages/min), scraped 0 items (at 0 items/min)
2021-10-26 20:40:30 [tiexue] INFO: Spider opened: tiexue
2021-10-26 20:40:30 [scrapy.utils.signal] ERROR: Error caught on signal handler: <bound method TextCrawlDownloaderMiddleware.spider_opened of <TextProcessorScrapy.middlewares.TextCrawlDownloaderMiddleware object at 0x000001B69C2DABC8>>
Traceback (most recent call last):
  File "C:\Users\adm\AppData\Roaming\Python\Python37\site-packages\scrapy\utils\defer.py", line 161, in maybeDeferred_coro
    result = f(*args, **kw)
  File "D:\Anaconda\envs\HS\lib\site-packages\pydispatch\robustapply.py", line 55, in robustApply
    return receiver(*arguments, **named)
  File "E:\workspace\TextProcessor\TextProcessorScrapy\middlewares.py", line 139, in spider_opened
    SPIDERSNUMBER = spider.spider_count
AttributeError: 'TiexueSpider' object has no attribute 'spider_count'
2021-10-26 20:40:30 [scrapy.extensions.telnet] INFO: Telnet console listening on 127.0.0.1:6031
2021-10-26 20:40:30 [scrapy.crawler] INFO: Overridden settings:
{'BOT_NAME': 'TextProcessorScrapy',
 'COMMANDS_MODULE': 'TextProcessorScrapy.commands',
 'CONCURRENT_REQUESTS': 8,
 'CONCURRENT_REQUESTS_PER_DOMAIN': 32,
 'CONCURRENT_REQUESTS_PER_IP': 128,
 'LOG_FILE': 'log/scrapy_2021_10_26_16.log',
 'NEWSPIDER_MODULE': 'TextProcessorScrapy.spiders',
 'REACTOR_THREADPOOL_MAXSIZE': 20,
 'SPIDER_MODULES': ['TextProcessorScrapy.spiders']}
2021-10-26 20:40:30 [scrapy.extensions.telnet] INFO: Telnet Password: 6e5d2d2d38cf9122
2021-10-26 20:40:30 [scrapy.middleware] INFO: Enabled extensions:
['scrapy.extensions.corestats.CoreStats',
 'scrapy.extensions.telnet.TelnetConsole',
 'scrapy.extensions.logstats.LogStats']
2021-10-26 20:40:30 [scrapy.middleware] INFO: Enabled downloader middlewares:
['scrapy.downloadermiddlewares.httpauth.HttpAuthMiddleware',
 'scrapy.downloadermiddlewares.downloadtimeout.DownloadTimeoutMiddleware',
 'scrapy.downloadermiddlewares.defaultheaders.DefaultHeadersMiddleware',
 'scrapy.downloadermiddlewares.useragent.UserAgentMiddleware',
 'TextProcessorScrapy.middlewares.RandomUserAgentMiddleware',
 'TextProcessorScrapy.middlewares.TextCrawlDownloaderMiddleware',
 'scrapy.downloadermiddlewares.retry.RetryMiddleware',
 'scrapy.downloadermiddlewares.redirect.MetaRefreshMiddleware',
 'scrapy.downloadermiddlewares.httpcompression.HttpCompressionMiddleware',
 'scrapy.downloadermiddlewares.redirect.RedirectMiddleware',
 'scrapy.downloadermiddlewares.cookies.CookiesMiddleware',
 'scrapy.downloadermiddlewares.httpproxy.HttpProxyMiddleware',
 'scrapy.downloadermiddlewares.stats.DownloaderStats']
2021-10-26 20:40:30 [scrapy.middleware] INFO: Enabled spider middlewares:
['scrapy.spidermiddlewares.httperror.HttpErrorMiddleware',
 'scrapy.spidermiddlewares.offsite.OffsiteMiddleware',
 'scrapy.spidermiddlewares.referer.RefererMiddleware',
 'scrapy.spidermiddlewares.urllength.UrlLengthMiddleware',
 'scrapy.spidermiddlewares.depth.DepthMiddleware']
2021-10-26 20:40:30 [scrapy.middleware] INFO: Enabled item pipelines:
['TextProcessorScrapy.pipelines.AiaaPipeline']
2021-10-26 20:40:30 [scrapy.core.engine] INFO: Spider opened
2021-10-26 20:40:30 [scrapy.extensions.logstats] INFO: Crawled 0 pages (at 0 pages/min), scraped 0 items (at 0 items/min)
2021-10-26 20:40:30 [aiaa] INFO: Spider opened: aiaa
2021-10-26 20:40:30 [scrapy.utils.signal] ERROR: Error caught on signal handler: <bound method TextCrawlDownloaderMiddleware.spider_opened of <TextProcessorScrapy.middlewares.TextCrawlDownloaderMiddleware object at 0x000001B69C307108>>
Traceback (most recent call last):
  File "C:\Users\adm\AppData\Roaming\Python\Python37\site-packages\scrapy\utils\defer.py", line 161, in maybeDeferred_coro
    result = f(*args, **kw)
  File "D:\Anaconda\envs\HS\lib\site-packages\pydispatch\robustapply.py", line 55, in robustApply
    return receiver(*arguments, **named)
  File "E:\workspace\TextProcessor\TextProcessorScrapy\middlewares.py", line 139, in spider_opened
    SPIDERSNUMBER = spider.spider_count
AttributeError: 'AiaaSpider' object has no attribute 'spider_count'
2021-10-26 20:40:30 [scrapy.extensions.telnet] INFO: Telnet console listening on 127.0.0.1:6032
2021-10-26 20:40:30 [TextProcessorScrapy.spiders.Aiaa] INFO: Aiaa Spider Starting!
2021-10-26 20:40:30 [TextProcessorScrapy.spiders.Aiaa] INFO: Aiaa Spider Starting!
