2022-03-10 01:25:47 [scrapy.middleware] INFO: Enabled extensions:
['scrapy.extensions.corestats.CoreStats',
 'scrapy.extensions.memusage.MemoryUsage',
 'scrapy.extensions.logstats.LogStats']
2022-03-10 01:25:48 [selenium.webdriver.remote.remote_connection] DEBUG: POST http://127.0.0.1:50777/session {"capabilities": {"firstMatch": [{}], "alwaysMatch": {"browserName": "chrome", "platformName": "any", "goog:chromeOptions": {"prefs": {"profile.default_content_setting_values": {"notifications": 2, "images": 2}}, "extensions": [], "args": ["--no-sandbox", "--disable-dev-shm-usage", "--headless"]}}}, "desiredCapabilities": {"browserName": "chrome", "version": "", "platform": "ANY", "goog:chromeOptions": {"prefs": {"profile.default_content_setting_values": {"notifications": 2, "images": 2}}, "extensions": [], "args": ["--no-sandbox", "--disable-dev-shm-usage", "--headless"]}}}
2022-03-10 01:25:48 [urllib3.connectionpool] DEBUG: Starting new HTTP connection (1): 127.0.0.1:50777
2022-03-10 01:25:48 [urllib3.connectionpool] DEBUG: http://127.0.0.1:50777 "POST /session HTTP/1.1" 200 753
2022-03-10 01:25:48 [selenium.webdriver.remote.remote_connection] DEBUG: Finished Request
2022-03-10 01:25:48 [selenium.webdriver.remote.remote_connection] DEBUG: POST http://127.0.0.1:50777/session/d2dfdb661d14991a7d19f55a8fbbf2a7/timeouts {"implicit": 1000}
2022-03-10 01:25:48 [urllib3.connectionpool] DEBUG: http://127.0.0.1:50777 "POST /session/d2dfdb661d14991a7d19f55a8fbbf2a7/timeouts HTTP/1.1" 200 14
2022-03-10 01:25:48 [selenium.webdriver.remote.remote_connection] DEBUG: Finished Request
2022-03-10 01:25:48 [scrapy.middleware] INFO: Enabled downloader middlewares:
['scrapy.downloadermiddlewares.httpauth.HttpAuthMiddleware',
 'scrapy.downloadermiddlewares.downloadtimeout.DownloadTimeoutMiddleware',
 'scrapy.downloadermiddlewares.defaultheaders.DefaultHeadersMiddleware',
 'scrapy.downloadermiddlewares.useragent.UserAgentMiddleware',
 'TextProcessorScrapy.middlewares.RandomUserAgentMiddleware',
 'TextProcessorScrapy.middlewares.TextCrawlDownloaderMiddleware',
 'scrapy.downloadermiddlewares.retry.RetryMiddleware',
 'scrapy.downloadermiddlewares.redirect.MetaRefreshMiddleware',
 'scrapy.downloadermiddlewares.httpcompression.HttpCompressionMiddleware',
 'scrapy.downloadermiddlewares.redirect.RedirectMiddleware',
 'scrapy.downloadermiddlewares.cookies.CookiesMiddleware',
 'scrapy.downloadermiddlewares.httpproxy.HttpProxyMiddleware',
 'scrapy.downloadermiddlewares.stats.DownloaderStats']
2022-03-10 01:25:48 [scrapy.middleware] INFO: Enabled spider middlewares:
['scrapy.spidermiddlewares.httperror.HttpErrorMiddleware',
 'scrapy.spidermiddlewares.offsite.OffsiteMiddleware',
 'scrapy.spidermiddlewares.referer.RefererMiddleware',
 'scrapy.spidermiddlewares.urllength.UrlLengthMiddleware',
 'scrapy.spidermiddlewares.depth.DepthMiddleware']
2022-03-10 01:25:48 [scrapy.middleware] INFO: Enabled item pipelines:
['TextProcessorScrapy.pipelines.ImagePipeline',
 'TextProcessorScrapy.pipelines.BaiduPipeline']
2022-03-10 01:25:48 [scrapy.core.engine] INFO: Spider opened
2022-03-10 01:25:48 [scrapy.extensions.logstats] INFO: Crawled 0 pages (at 0 pages/min), scraped 0 items (at 0 items/min)
2022-03-10 01:25:48 [baidu] INFO: Spider opened: baidu
2022-03-10 01:25:48 [scrapy.crawler] INFO: Overridden settings:
{'BOT_NAME': 'TextProcessorScrapy',
 'COMMANDS_MODULE': 'TextProcessorScrapy.commands',
 'CONCURRENT_REQUESTS_PER_DOMAIN': 32,
 'CONCURRENT_REQUESTS_PER_IP': 128,
 'LOG_FILE': 'log/scrapy_2022_3_10_3.log',
 'NEWSPIDER_MODULE': 'TextProcessorScrapy.spiders',
 'REACTOR_THREADPOOL_MAXSIZE': 20,
 'SPIDER_MODULES': ['TextProcessorScrapy.spiders'],
 'TELNETCONSOLE_ENABLED': False}
2022-03-10 01:25:48 [scrapy.middleware] INFO: Enabled extensions:
['scrapy.extensions.corestats.CoreStats',
 'scrapy.extensions.memusage.MemoryUsage',
 'scrapy.extensions.logstats.LogStats']
2022-03-10 01:25:49 [selenium.webdriver.remote.remote_connection] DEBUG: POST http://127.0.0.1:60531/session {"capabilities": {"firstMatch": [{}], "alwaysMatch": {"browserName": "chrome", "platformName": "any", "goog:chromeOptions": {"prefs": {"profile.default_content_setting_values": {"notifications": 2, "images": 2}}, "extensions": [], "args": ["--no-sandbox", "--disable-dev-shm-usage", "--headless"]}}}, "desiredCapabilities": {"browserName": "chrome", "version": "", "platform": "ANY", "goog:chromeOptions": {"prefs": {"profile.default_content_setting_values": {"notifications": 2, "images": 2}}, "extensions": [], "args": ["--no-sandbox", "--disable-dev-shm-usage", "--headless"]}}}
2022-03-10 01:25:49 [urllib3.connectionpool] DEBUG: Starting new HTTP connection (1): 127.0.0.1:60531
2022-03-10 01:25:50 [urllib3.connectionpool] DEBUG: http://127.0.0.1:60531 "POST /session HTTP/1.1" 200 753
2022-03-10 01:25:50 [selenium.webdriver.remote.remote_connection] DEBUG: Finished Request
2022-03-10 01:25:50 [selenium.webdriver.remote.remote_connection] DEBUG: POST http://127.0.0.1:60531/session/7789ac8e5126ca628b56fe5bed37a76c/timeouts {"implicit": 1000}
2022-03-10 01:25:50 [urllib3.connectionpool] DEBUG: http://127.0.0.1:60531 "POST /session/7789ac8e5126ca628b56fe5bed37a76c/timeouts HTTP/1.1" 200 14
2022-03-10 01:25:50 [selenium.webdriver.remote.remote_connection] DEBUG: Finished Request
2022-03-10 01:25:50 [scrapy.middleware] INFO: Enabled downloader middlewares:
['scrapy.downloadermiddlewares.httpauth.HttpAuthMiddleware',
 'scrapy.downloadermiddlewares.downloadtimeout.DownloadTimeoutMiddleware',
 'scrapy.downloadermiddlewares.defaultheaders.DefaultHeadersMiddleware',
 'scrapy.downloadermiddlewares.useragent.UserAgentMiddleware',
 'TextProcessorScrapy.middlewares.RandomUserAgentMiddleware',
 'TextProcessorScrapy.middlewares.TextCrawlDownloaderMiddleware',
 'scrapy.downloadermiddlewares.retry.RetryMiddleware',
 'scrapy.downloadermiddlewares.redirect.MetaRefreshMiddleware',
 'scrapy.downloadermiddlewares.httpcompression.HttpCompressionMiddleware',
 'scrapy.downloadermiddlewares.redirect.RedirectMiddleware',
 'scrapy.downloadermiddlewares.cookies.CookiesMiddleware',
 'scrapy.downloadermiddlewares.httpproxy.HttpProxyMiddleware',
 'scrapy.downloadermiddlewares.stats.DownloaderStats']
2022-03-10 01:25:50 [scrapy.middleware] INFO: Enabled spider middlewares:
['scrapy.spidermiddlewares.httperror.HttpErrorMiddleware',
 'scrapy.spidermiddlewares.offsite.OffsiteMiddleware',
 'scrapy.spidermiddlewares.referer.RefererMiddleware',
 'scrapy.spidermiddlewares.urllength.UrlLengthMiddleware',
 'scrapy.spidermiddlewares.depth.DepthMiddleware']
2022-03-10 01:25:50 [scrapy.middleware] INFO: Enabled item pipelines:
['TextProcessorScrapy.pipelines.ImagePipeline',
 'TextProcessorScrapy.pipelines.BaiduPipeline']
2022-03-10 01:25:50 [scrapy.core.engine] INFO: Spider opened
2022-03-10 01:25:50 [scrapy.extensions.logstats] INFO: Crawled 0 pages (at 0 pages/min), scraped 0 items (at 0 items/min)
2022-03-10 01:25:50 [baidu] INFO: Spider opened: baidu
2022-03-10 01:25:50 [scrapy.crawler] INFO: Overridden settings:
{'BOT_NAME': 'TextProcessorScrapy',
 'COMMANDS_MODULE': 'TextProcessorScrapy.commands',
 'CONCURRENT_REQUESTS_PER_DOMAIN': 32,
 'CONCURRENT_REQUESTS_PER_IP': 128,
 'LOG_FILE': 'log/scrapy_2022_3_10_3.log',
 'NEWSPIDER_MODULE': 'TextProcessorScrapy.spiders',
 'REACTOR_THREADPOOL_MAXSIZE': 20,
 'SPIDER_MODULES': ['TextProcessorScrapy.spiders'],
 'TELNETCONSOLE_ENABLED': False}
2022-03-10 01:25:50 [scrapy.middleware] INFO: Enabled extensions:
['scrapy.extensions.corestats.CoreStats',
 'scrapy.extensions.memusage.MemoryUsage',
 'scrapy.extensions.logstats.LogStats']
2022-03-10 01:25:51 [selenium.webdriver.remote.remote_connection] DEBUG: POST http://127.0.0.1:48425/session {"capabilities": {"firstMatch": [{}], "alwaysMatch": {"browserName": "chrome", "platformName": "any", "goog:chromeOptions": {"prefs": {"profile.default_content_setting_values": {"notifications": 2, "images": 2}}, "extensions": [], "args": ["--no-sandbox", "--disable-dev-shm-usage", "--headless"]}}}, "desiredCapabilities": {"browserName": "chrome", "version": "", "platform": "ANY", "goog:chromeOptions": {"prefs": {"profile.default_content_setting_values": {"notifications": 2, "images": 2}}, "extensions": [], "args": ["--no-sandbox", "--disable-dev-shm-usage", "--headless"]}}}
2022-03-10 01:25:51 [urllib3.connectionpool] DEBUG: Starting new HTTP connection (1): 127.0.0.1:48425
2022-03-10 01:25:51 [urllib3.connectionpool] DEBUG: http://127.0.0.1:48425 "POST /session HTTP/1.1" 200 753
2022-03-10 01:25:51 [selenium.webdriver.remote.remote_connection] DEBUG: Finished Request
2022-03-10 01:25:51 [selenium.webdriver.remote.remote_connection] DEBUG: POST http://127.0.0.1:48425/session/ab74d036838d9919aad3f182f9b7f37a/timeouts {"implicit": 1000}
2022-03-10 01:25:51 [urllib3.connectionpool] DEBUG: http://127.0.0.1:48425 "POST /session/ab74d036838d9919aad3f182f9b7f37a/timeouts HTTP/1.1" 200 14
2022-03-10 01:25:51 [selenium.webdriver.remote.remote_connection] DEBUG: Finished Request
2022-03-10 01:25:51 [scrapy.middleware] INFO: Enabled downloader middlewares:
['scrapy.downloadermiddlewares.httpauth.HttpAuthMiddleware',
 'scrapy.downloadermiddlewares.downloadtimeout.DownloadTimeoutMiddleware',
 'scrapy.downloadermiddlewares.defaultheaders.DefaultHeadersMiddleware',
 'scrapy.downloadermiddlewares.useragent.UserAgentMiddleware',
 'TextProcessorScrapy.middlewares.RandomUserAgentMiddleware',
 'TextProcessorScrapy.middlewares.TextCrawlDownloaderMiddleware',
 'scrapy.downloadermiddlewares.retry.RetryMiddleware',
 'scrapy.downloadermiddlewares.redirect.MetaRefreshMiddleware',
 'scrapy.downloadermiddlewares.httpcompression.HttpCompressionMiddleware',
 'scrapy.downloadermiddlewares.redirect.RedirectMiddleware',
 'scrapy.downloadermiddlewares.cookies.CookiesMiddleware',
 'scrapy.downloadermiddlewares.httpproxy.HttpProxyMiddleware',
 'scrapy.downloadermiddlewares.stats.DownloaderStats']
2022-03-10 01:25:51 [scrapy.middleware] INFO: Enabled spider middlewares:
['scrapy.spidermiddlewares.httperror.HttpErrorMiddleware',
 'scrapy.spidermiddlewares.offsite.OffsiteMiddleware',
 'scrapy.spidermiddlewares.referer.RefererMiddleware',
 'scrapy.spidermiddlewares.urllength.UrlLengthMiddleware',
 'scrapy.spidermiddlewares.depth.DepthMiddleware']
2022-03-10 01:25:51 [scrapy.middleware] INFO: Enabled item pipelines:
['TextProcessorScrapy.pipelines.ImagePipeline',
 'TextProcessorScrapy.pipelines.BaiduPipeline']
2022-03-10 01:25:51 [scrapy.core.engine] INFO: Spider opened
2022-03-10 01:25:51 [scrapy.extensions.logstats] INFO: Crawled 0 pages (at 0 pages/min), scraped 0 items (at 0 items/min)
2022-03-10 01:25:51 [baidu] INFO: Spider opened: baidu
2022-03-10 01:25:51 [scrapy.crawler] INFO: Overridden settings:
{'BOT_NAME': 'TextProcessorScrapy',
 'COMMANDS_MODULE': 'TextProcessorScrapy.commands',
 'CONCURRENT_REQUESTS_PER_DOMAIN': 32,
 'CONCURRENT_REQUESTS_PER_IP': 128,
 'LOG_FILE': 'log/scrapy_2022_3_10_3.log',
 'NEWSPIDER_MODULE': 'TextProcessorScrapy.spiders',
 'REACTOR_THREADPOOL_MAXSIZE': 20,
 'SPIDER_MODULES': ['TextProcessorScrapy.spiders'],
 'TELNETCONSOLE_ENABLED': False}
2022-03-10 01:25:51 [scrapy.middleware] INFO: Enabled extensions:
['scrapy.extensions.corestats.CoreStats',
 'scrapy.extensions.memusage.MemoryUsage',
 'scrapy.extensions.logstats.LogStats']
2022-03-10 01:25:51 [selenium.webdriver.remote.remote_connection] DEBUG: POST http://127.0.0.1:44451/session {"capabilities": {"firstMatch": [{}], "alwaysMatch": {"browserName": "chrome", "platformName": "any", "goog:chromeOptions": {"prefs": {"profile.default_content_setting_values": {"notifications": 2, "images": 2}}, "extensions": [], "args": ["--no-sandbox", "--disable-dev-shm-usage", "--headless"]}}}, "desiredCapabilities": {"browserName": "chrome", "version": "", "platform": "ANY", "goog:chromeOptions": {"prefs": {"profile.default_content_setting_values": {"notifications": 2, "images": 2}}, "extensions": [], "args": ["--no-sandbox", "--disable-dev-shm-usage", "--headless"]}}}
2022-03-10 01:25:51 [urllib3.connectionpool] DEBUG: Starting new HTTP connection (1): 127.0.0.1:44451
2022-03-10 01:25:51 [urllib3.connectionpool] DEBUG: http://127.0.0.1:44451 "POST /session HTTP/1.1" 200 753
2022-03-10 01:25:51 [selenium.webdriver.remote.remote_connection] DEBUG: Finished Request
2022-03-10 01:25:51 [selenium.webdriver.remote.remote_connection] DEBUG: POST http://127.0.0.1:44451/session/b6e936be11a1cfd6fc1276ab7f0256fe/timeouts {"implicit": 1000}
2022-03-10 01:25:51 [urllib3.connectionpool] DEBUG: http://127.0.0.1:44451 "POST /session/b6e936be11a1cfd6fc1276ab7f0256fe/timeouts HTTP/1.1" 200 14
2022-03-10 01:25:51 [selenium.webdriver.remote.remote_connection] DEBUG: Finished Request
2022-03-10 01:25:51 [scrapy.middleware] INFO: Enabled downloader middlewares:
['scrapy.downloadermiddlewares.httpauth.HttpAuthMiddleware',
 'scrapy.downloadermiddlewares.downloadtimeout.DownloadTimeoutMiddleware',
 'scrapy.downloadermiddlewares.defaultheaders.DefaultHeadersMiddleware',
 'scrapy.downloadermiddlewares.useragent.UserAgentMiddleware',
 'TextProcessorScrapy.middlewares.RandomUserAgentMiddleware',
 'TextProcessorScrapy.middlewares.TextCrawlDownloaderMiddleware',
 'scrapy.downloadermiddlewares.retry.RetryMiddleware',
 'scrapy.downloadermiddlewares.redirect.MetaRefreshMiddleware',
 'scrapy.downloadermiddlewares.httpcompression.HttpCompressionMiddleware',
 'scrapy.downloadermiddlewares.redirect.RedirectMiddleware',
 'scrapy.downloadermiddlewares.cookies.CookiesMiddleware',
 'scrapy.downloadermiddlewares.httpproxy.HttpProxyMiddleware',
 'scrapy.downloadermiddlewares.stats.DownloaderStats']
2022-03-10 01:25:51 [scrapy.middleware] INFO: Enabled spider middlewares:
['scrapy.spidermiddlewares.httperror.HttpErrorMiddleware',
 'scrapy.spidermiddlewares.offsite.OffsiteMiddleware',
 'scrapy.spidermiddlewares.referer.RefererMiddleware',
 'scrapy.spidermiddlewares.urllength.UrlLengthMiddleware',
 'scrapy.spidermiddlewares.depth.DepthMiddleware']
2022-03-10 01:25:51 [scrapy.middleware] INFO: Enabled item pipelines:
['TextProcessorScrapy.pipelines.ImagePipeline',
 'TextProcessorScrapy.pipelines.BaiduPipeline']
2022-03-10 01:25:51 [scrapy.core.engine] INFO: Spider opened
2022-03-10 01:25:51 [scrapy.extensions.logstats] INFO: Crawled 0 pages (at 0 pages/min), scraped 0 items (at 0 items/min)
2022-03-10 01:25:51 [baidu] INFO: Spider opened: baidu
2022-03-10 01:25:51 [scrapy.crawler] INFO: Overridden settings:
{'BOT_NAME': 'TextProcessorScrapy',
 'COMMANDS_MODULE': 'TextProcessorScrapy.commands',
 'CONCURRENT_REQUESTS_PER_DOMAIN': 32,
 'CONCURRENT_REQUESTS_PER_IP': 128,
 'LOG_FILE': 'log/scrapy_2022_3_10_3.log',
 'NEWSPIDER_MODULE': 'TextProcessorScrapy.spiders',
 'REACTOR_THREADPOOL_MAXSIZE': 20,
 'SPIDER_MODULES': ['TextProcessorScrapy.spiders'],
 'TELNETCONSOLE_ENABLED': False}
2022-03-10 01:25:51 [scrapy.middleware] INFO: Enabled extensions:
['scrapy.extensions.corestats.CoreStats',
 'scrapy.extensions.memusage.MemoryUsage',
 'scrapy.extensions.logstats.LogStats']
2022-03-10 01:25:52 [selenium.webdriver.remote.remote_connection] DEBUG: POST http://127.0.0.1:59327/session {"capabilities": {"firstMatch": [{}], "alwaysMatch": {"browserName": "chrome", "platformName": "any", "goog:chromeOptions": {"prefs": {"profile.default_content_setting_values": {"notifications": 2, "images": 2}}, "extensions": [], "args": ["--no-sandbox", "--disable-dev-shm-usage", "--headless"]}}}, "desiredCapabilities": {"browserName": "chrome", "version": "", "platform": "ANY", "goog:chromeOptions": {"prefs": {"profile.default_content_setting_values": {"notifications": 2, "images": 2}}, "extensions": [], "args": ["--no-sandbox", "--disable-dev-shm-usage", "--headless"]}}}
2022-03-10 01:25:52 [urllib3.connectionpool] DEBUG: Starting new HTTP connection (1): 127.0.0.1:59327
2022-03-10 01:25:53 [urllib3.connectionpool] DEBUG: http://127.0.0.1:59327 "POST /session HTTP/1.1" 200 753
2022-03-10 01:25:53 [selenium.webdriver.remote.remote_connection] DEBUG: Finished Request
2022-03-10 01:25:53 [selenium.webdriver.remote.remote_connection] DEBUG: POST http://127.0.0.1:59327/session/43eed24c7ddb5c9bef9976741c9dc943/timeouts {"implicit": 1000}
2022-03-10 01:25:53 [urllib3.connectionpool] DEBUG: http://127.0.0.1:59327 "POST /session/43eed24c7ddb5c9bef9976741c9dc943/timeouts HTTP/1.1" 200 14
2022-03-10 01:25:53 [selenium.webdriver.remote.remote_connection] DEBUG: Finished Request
2022-03-10 01:25:53 [scrapy.middleware] INFO: Enabled downloader middlewares:
['scrapy.downloadermiddlewares.httpauth.HttpAuthMiddleware',
 'scrapy.downloadermiddlewares.downloadtimeout.DownloadTimeoutMiddleware',
 'scrapy.downloadermiddlewares.defaultheaders.DefaultHeadersMiddleware',
 'scrapy.downloadermiddlewares.useragent.UserAgentMiddleware',
 'TextProcessorScrapy.middlewares.RandomUserAgentMiddleware',
 'TextProcessorScrapy.middlewares.TextCrawlDownloaderMiddleware',
 'scrapy.downloadermiddlewares.retry.RetryMiddleware',
 'scrapy.downloadermiddlewares.redirect.MetaRefreshMiddleware',
 'scrapy.downloadermiddlewares.httpcompression.HttpCompressionMiddleware',
 'scrapy.downloadermiddlewares.redirect.RedirectMiddleware',
 'scrapy.downloadermiddlewares.cookies.CookiesMiddleware',
 'scrapy.downloadermiddlewares.httpproxy.HttpProxyMiddleware',
 'scrapy.downloadermiddlewares.stats.DownloaderStats']
2022-03-10 01:25:53 [scrapy.middleware] INFO: Enabled spider middlewares:
['scrapy.spidermiddlewares.httperror.HttpErrorMiddleware',
 'scrapy.spidermiddlewares.offsite.OffsiteMiddleware',
 'scrapy.spidermiddlewares.referer.RefererMiddleware',
 'scrapy.spidermiddlewares.urllength.UrlLengthMiddleware',
 'scrapy.spidermiddlewares.depth.DepthMiddleware']
2022-03-10 01:25:53 [scrapy.middleware] INFO: Enabled item pipelines:
['TextProcessorScrapy.pipelines.ImagePipeline',
 'TextProcessorScrapy.pipelines.BaiduPipeline']
2022-03-10 01:25:53 [scrapy.core.engine] INFO: Spider opened
2022-03-10 01:25:53 [scrapy.extensions.logstats] INFO: Crawled 0 pages (at 0 pages/min), scraped 0 items (at 0 items/min)
2022-03-10 01:25:53 [baidu] INFO: Spider opened: baidu
2022-03-10 01:25:53 [scrapy.crawler] INFO: Overridden settings:
{'BOT_NAME': 'TextProcessorScrapy',
 'COMMANDS_MODULE': 'TextProcessorScrapy.commands',
 'CONCURRENT_REQUESTS_PER_DOMAIN': 32,
 'CONCURRENT_REQUESTS_PER_IP': 128,
 'LOG_FILE': 'log/scrapy_2022_3_10_3.log',
 'NEWSPIDER_MODULE': 'TextProcessorScrapy.spiders',
 'REACTOR_THREADPOOL_MAXSIZE': 20,
 'SPIDER_MODULES': ['TextProcessorScrapy.spiders'],
 'TELNETCONSOLE_ENABLED': False}
2022-03-10 01:25:53 [scrapy.middleware] INFO: Enabled extensions:
['scrapy.extensions.corestats.CoreStats',
 'scrapy.extensions.memusage.MemoryUsage',
 'scrapy.extensions.logstats.LogStats']
2022-03-10 01:25:54 [selenium.webdriver.remote.remote_connection] DEBUG: POST http://127.0.0.1:45673/session {"capabilities": {"firstMatch": [{}], "alwaysMatch": {"browserName": "chrome", "platformName": "any", "goog:chromeOptions": {"prefs": {"profile.default_content_setting_values": {"notifications": 2, "images": 2}}, "extensions": [], "args": ["--no-sandbox", "--disable-dev-shm-usage", "--headless"]}}}, "desiredCapabilities": {"browserName": "chrome", "version": "", "platform": "ANY", "goog:chromeOptions": {"prefs": {"profile.default_content_setting_values": {"notifications": 2, "images": 2}}, "extensions": [], "args": ["--no-sandbox", "--disable-dev-shm-usage", "--headless"]}}}
2022-03-10 01:25:54 [urllib3.connectionpool] DEBUG: Starting new HTTP connection (1): 127.0.0.1:45673
2022-03-10 01:25:54 [urllib3.connectionpool] DEBUG: http://127.0.0.1:45673 "POST /session HTTP/1.1" 200 753
2022-03-10 01:25:54 [selenium.webdriver.remote.remote_connection] DEBUG: Finished Request
2022-03-10 01:25:54 [selenium.webdriver.remote.remote_connection] DEBUG: POST http://127.0.0.1:45673/session/acaaad0f6b42c3ff6a933eded368849a/timeouts {"implicit": 1000}
2022-03-10 01:25:54 [urllib3.connectionpool] DEBUG: http://127.0.0.1:45673 "POST /session/acaaad0f6b42c3ff6a933eded368849a/timeouts HTTP/1.1" 200 14
2022-03-10 01:25:54 [selenium.webdriver.remote.remote_connection] DEBUG: Finished Request
2022-03-10 01:25:54 [scrapy.middleware] INFO: Enabled downloader middlewares:
['scrapy.downloadermiddlewares.httpauth.HttpAuthMiddleware',
 'scrapy.downloadermiddlewares.downloadtimeout.DownloadTimeoutMiddleware',
 'scrapy.downloadermiddlewares.defaultheaders.DefaultHeadersMiddleware',
 'scrapy.downloadermiddlewares.useragent.UserAgentMiddleware',
 'TextProcessorScrapy.middlewares.RandomUserAgentMiddleware',
 'TextProcessorScrapy.middlewares.TextCrawlDownloaderMiddleware',
 'scrapy.downloadermiddlewares.retry.RetryMiddleware',
 'scrapy.downloadermiddlewares.redirect.MetaRefreshMiddleware',
 'scrapy.downloadermiddlewares.httpcompression.HttpCompressionMiddleware',
 'scrapy.downloadermiddlewares.redirect.RedirectMiddleware',
 'scrapy.downloadermiddlewares.cookies.CookiesMiddleware',
 'scrapy.downloadermiddlewares.httpproxy.HttpProxyMiddleware',
 'scrapy.downloadermiddlewares.stats.DownloaderStats']
2022-03-10 01:25:54 [scrapy.middleware] INFO: Enabled spider middlewares:
['scrapy.spidermiddlewares.httperror.HttpErrorMiddleware',
 'scrapy.spidermiddlewares.offsite.OffsiteMiddleware',
 'scrapy.spidermiddlewares.referer.RefererMiddleware',
 'scrapy.spidermiddlewares.urllength.UrlLengthMiddleware',
 'scrapy.spidermiddlewares.depth.DepthMiddleware']
2022-03-10 01:25:54 [scrapy.middleware] INFO: Enabled item pipelines:
['TextProcessorScrapy.pipelines.ImagePipeline',
 'TextProcessorScrapy.pipelines.BaiduPipeline']
2022-03-10 01:25:54 [scrapy.core.engine] INFO: Spider opened
2022-03-10 01:25:54 [scrapy.extensions.logstats] INFO: Crawled 0 pages (at 0 pages/min), scraped 0 items (at 0 items/min)
2022-03-10 01:25:54 [baidu] INFO: Spider opened: baidu
2022-03-10 01:25:54 [scrapy.crawler] INFO: Overridden settings:
{'BOT_NAME': 'TextProcessorScrapy',
 'COMMANDS_MODULE': 'TextProcessorScrapy.commands',
 'CONCURRENT_REQUESTS_PER_DOMAIN': 32,
 'CONCURRENT_REQUESTS_PER_IP': 128,
 'LOG_FILE': 'log/scrapy_2022_3_10_3.log',
 'NEWSPIDER_MODULE': 'TextProcessorScrapy.spiders',
 'REACTOR_THREADPOOL_MAXSIZE': 20,
 'SPIDER_MODULES': ['TextProcessorScrapy.spiders'],
 'TELNETCONSOLE_ENABLED': False}
2022-03-10 01:25:54 [scrapy.middleware] INFO: Enabled extensions:
['scrapy.extensions.corestats.CoreStats',
 'scrapy.extensions.memusage.MemoryUsage',
 'scrapy.extensions.logstats.LogStats']
2022-03-10 01:25:55 [selenium.webdriver.remote.remote_connection] DEBUG: POST http://127.0.0.1:33535/session {"capabilities": {"firstMatch": [{}], "alwaysMatch": {"browserName": "chrome", "platformName": "any", "goog:chromeOptions": {"prefs": {"profile.default_content_setting_values": {"notifications": 2, "images": 2}}, "extensions": [], "args": ["--no-sandbox", "--disable-dev-shm-usage", "--headless"]}}}, "desiredCapabilities": {"browserName": "chrome", "version": "", "platform": "ANY", "goog:chromeOptions": {"prefs": {"profile.default_content_setting_values": {"notifications": 2, "images": 2}}, "extensions": [], "args": ["--no-sandbox", "--disable-dev-shm-usage", "--headless"]}}}
2022-03-10 01:25:55 [urllib3.connectionpool] DEBUG: Starting new HTTP connection (1): 127.0.0.1:33535
2022-03-10 01:25:55 [urllib3.connectionpool] DEBUG: http://127.0.0.1:33535 "POST /session HTTP/1.1" 200 753
2022-03-10 01:25:55 [selenium.webdriver.remote.remote_connection] DEBUG: Finished Request
2022-03-10 01:25:55 [selenium.webdriver.remote.remote_connection] DEBUG: POST http://127.0.0.1:33535/session/0e0956b1d0b84379b1c5aab7ed1b584f/timeouts {"implicit": 1000}
2022-03-10 01:25:55 [urllib3.connectionpool] DEBUG: http://127.0.0.1:33535 "POST /session/0e0956b1d0b84379b1c5aab7ed1b584f/timeouts HTTP/1.1" 200 14
2022-03-10 01:25:55 [selenium.webdriver.remote.remote_connection] DEBUG: Finished Request
2022-03-10 01:25:55 [scrapy.middleware] INFO: Enabled downloader middlewares:
['scrapy.downloadermiddlewares.httpauth.HttpAuthMiddleware',
 'scrapy.downloadermiddlewares.downloadtimeout.DownloadTimeoutMiddleware',
 'scrapy.downloadermiddlewares.defaultheaders.DefaultHeadersMiddleware',
 'scrapy.downloadermiddlewares.useragent.UserAgentMiddleware',
 'TextProcessorScrapy.middlewares.RandomUserAgentMiddleware',
 'TextProcessorScrapy.middlewares.TextCrawlDownloaderMiddleware',
 'scrapy.downloadermiddlewares.retry.RetryMiddleware',
 'scrapy.downloadermiddlewares.redirect.MetaRefreshMiddleware',
 'scrapy.downloadermiddlewares.httpcompression.HttpCompressionMiddleware',
 'scrapy.downloadermiddlewares.redirect.RedirectMiddleware',
 'scrapy.downloadermiddlewares.cookies.CookiesMiddleware',
 'scrapy.downloadermiddlewares.httpproxy.HttpProxyMiddleware',
 'scrapy.downloadermiddlewares.stats.DownloaderStats']
2022-03-10 01:25:55 [scrapy.middleware] INFO: Enabled spider middlewares:
['scrapy.spidermiddlewares.httperror.HttpErrorMiddleware',
 'scrapy.spidermiddlewares.offsite.OffsiteMiddleware',
 'scrapy.spidermiddlewares.referer.RefererMiddleware',
 'scrapy.spidermiddlewares.urllength.UrlLengthMiddleware',
 'scrapy.spidermiddlewares.depth.DepthMiddleware']
2022-03-10 01:25:55 [scrapy.middleware] INFO: Enabled item pipelines:
['TextProcessorScrapy.pipelines.ImagePipeline',
 'TextProcessorScrapy.pipelines.BaiduPipeline']
2022-03-10 01:25:55 [scrapy.core.engine] INFO: Spider opened
2022-03-10 01:25:55 [scrapy.extensions.logstats] INFO: Crawled 0 pages (at 0 pages/min), scraped 0 items (at 0 items/min)
2022-03-10 01:25:55 [baidu] INFO: Spider opened: baidu
2022-03-10 01:25:55 [scrapy.crawler] INFO: Overridden settings:
{'BOT_NAME': 'TextProcessorScrapy',
 'COMMANDS_MODULE': 'TextProcessorScrapy.commands',
 'CONCURRENT_REQUESTS_PER_DOMAIN': 32,
 'CONCURRENT_REQUESTS_PER_IP': 128,
 'LOG_FILE': 'log/scrapy_2022_3_10_3.log',
 'NEWSPIDER_MODULE': 'TextProcessorScrapy.spiders',
 'REACTOR_THREADPOOL_MAXSIZE': 20,
 'SPIDER_MODULES': ['TextProcessorScrapy.spiders'],
 'TELNETCONSOLE_ENABLED': False}
2022-03-10 01:25:55 [scrapy.middleware] INFO: Enabled extensions:
['scrapy.extensions.corestats.CoreStats',
 'scrapy.extensions.memusage.MemoryUsage',
 'scrapy.extensions.logstats.LogStats']
2022-03-10 01:25:56 [selenium.webdriver.remote.remote_connection] DEBUG: POST http://127.0.0.1:53911/session {"capabilities": {"firstMatch": [{}], "alwaysMatch": {"browserName": "chrome", "platformName": "any", "goog:chromeOptions": {"prefs": {"profile.default_content_setting_values": {"notifications": 2, "images": 2}}, "extensions": [], "args": ["--no-sandbox", "--disable-dev-shm-usage", "--headless"]}}}, "desiredCapabilities": {"browserName": "chrome", "version": "", "platform": "ANY", "goog:chromeOptions": {"prefs": {"profile.default_content_setting_values": {"notifications": 2, "images": 2}}, "extensions": [], "args": ["--no-sandbox", "--disable-dev-shm-usage", "--headless"]}}}
2022-03-10 01:25:56 [urllib3.connectionpool] DEBUG: Starting new HTTP connection (1): 127.0.0.1:53911
2022-03-10 01:25:56 [urllib3.connectionpool] DEBUG: http://127.0.0.1:53911 "POST /session HTTP/1.1" 200 753
2022-03-10 01:25:56 [selenium.webdriver.remote.remote_connection] DEBUG: Finished Request
2022-03-10 01:25:56 [selenium.webdriver.remote.remote_connection] DEBUG: POST http://127.0.0.1:53911/session/83fb815e321580bc8969e8801c266677/timeouts {"implicit": 1000}
2022-03-10 01:25:56 [urllib3.connectionpool] DEBUG: http://127.0.0.1:53911 "POST /session/83fb815e321580bc8969e8801c266677/timeouts HTTP/1.1" 200 14
2022-03-10 01:25:56 [selenium.webdriver.remote.remote_connection] DEBUG: Finished Request
2022-03-10 01:25:56 [scrapy.middleware] INFO: Enabled downloader middlewares:
['scrapy.downloadermiddlewares.httpauth.HttpAuthMiddleware',
 'scrapy.downloadermiddlewares.downloadtimeout.DownloadTimeoutMiddleware',
 'scrapy.downloadermiddlewares.defaultheaders.DefaultHeadersMiddleware',
 'scrapy.downloadermiddlewares.useragent.UserAgentMiddleware',
 'TextProcessorScrapy.middlewares.RandomUserAgentMiddleware',
 'TextProcessorScrapy.middlewares.TextCrawlDownloaderMiddleware',
 'scrapy.downloadermiddlewares.retry.RetryMiddleware',
 'scrapy.downloadermiddlewares.redirect.MetaRefreshMiddleware',
 'scrapy.downloadermiddlewares.httpcompression.HttpCompressionMiddleware',
 'scrapy.downloadermiddlewares.redirect.RedirectMiddleware',
 'scrapy.downloadermiddlewares.cookies.CookiesMiddleware',
 'scrapy.downloadermiddlewares.httpproxy.HttpProxyMiddleware',
 'scrapy.downloadermiddlewares.stats.DownloaderStats']
2022-03-10 01:25:56 [scrapy.middleware] INFO: Enabled spider middlewares:
['scrapy.spidermiddlewares.httperror.HttpErrorMiddleware',
 'scrapy.spidermiddlewares.offsite.OffsiteMiddleware',
 'scrapy.spidermiddlewares.referer.RefererMiddleware',
 'scrapy.spidermiddlewares.urllength.UrlLengthMiddleware',
 'scrapy.spidermiddlewares.depth.DepthMiddleware']
2022-03-10 01:25:56 [scrapy.middleware] INFO: Enabled item pipelines:
['TextProcessorScrapy.pipelines.ImagePipeline',
 'TextProcessorScrapy.pipelines.BaiduPipeline']
2022-03-10 01:25:56 [scrapy.core.engine] INFO: Spider opened
2022-03-10 01:25:56 [scrapy.extensions.logstats] INFO: Crawled 0 pages (at 0 pages/min), scraped 0 items (at 0 items/min)
2022-03-10 01:25:56 [baidu] INFO: Spider opened: baidu
2022-03-10 01:25:56 [scrapy.crawler] INFO: Overridden settings:
{'BOT_NAME': 'TextProcessorScrapy',
 'COMMANDS_MODULE': 'TextProcessorScrapy.commands',
 'CONCURRENT_REQUESTS_PER_DOMAIN': 32,
 'CONCURRENT_REQUESTS_PER_IP': 128,
 'LOG_FILE': 'log/scrapy_2022_3_10_3.log',
 'NEWSPIDER_MODULE': 'TextProcessorScrapy.spiders',
 'REACTOR_THREADPOOL_MAXSIZE': 20,
 'SPIDER_MODULES': ['TextProcessorScrapy.spiders'],
 'TELNETCONSOLE_ENABLED': False}
2022-03-10 01:25:56 [scrapy.middleware] INFO: Enabled extensions:
['scrapy.extensions.corestats.CoreStats',
 'scrapy.extensions.memusage.MemoryUsage',
 'scrapy.extensions.logstats.LogStats']
2022-03-10 01:25:57 [selenium.webdriver.remote.remote_connection] DEBUG: POST http://127.0.0.1:44991/session {"capabilities": {"firstMatch": [{}], "alwaysMatch": {"browserName": "chrome", "platformName": "any", "goog:chromeOptions": {"prefs": {"profile.default_content_setting_values": {"notifications": 2, "images": 2}}, "extensions": [], "args": ["--no-sandbox", "--disable-dev-shm-usage", "--headless"]}}}, "desiredCapabilities": {"browserName": "chrome", "version": "", "platform": "ANY", "goog:chromeOptions": {"prefs": {"profile.default_content_setting_values": {"notifications": 2, "images": 2}}, "extensions": [], "args": ["--no-sandbox", "--disable-dev-shm-usage", "--headless"]}}}
2022-03-10 01:25:57 [urllib3.connectionpool] DEBUG: Starting new HTTP connection (1): 127.0.0.1:44991
2022-03-10 01:25:57 [urllib3.connectionpool] DEBUG: http://127.0.0.1:44991 "POST /session HTTP/1.1" 200 753
2022-03-10 01:25:57 [selenium.webdriver.remote.remote_connection] DEBUG: Finished Request
2022-03-10 01:25:57 [selenium.webdriver.remote.remote_connection] DEBUG: POST http://127.0.0.1:44991/session/08ed775b9d84ed6ddffda88efe0e0dc8/timeouts {"implicit": 1000}
2022-03-10 01:25:57 [urllib3.connectionpool] DEBUG: http://127.0.0.1:44991 "POST /session/08ed775b9d84ed6ddffda88efe0e0dc8/timeouts HTTP/1.1" 200 14
2022-03-10 01:25:57 [selenium.webdriver.remote.remote_connection] DEBUG: Finished Request
2022-03-10 01:25:57 [scrapy.middleware] INFO: Enabled downloader middlewares:
['scrapy.downloadermiddlewares.httpauth.HttpAuthMiddleware',
 'scrapy.downloadermiddlewares.downloadtimeout.DownloadTimeoutMiddleware',
 'scrapy.downloadermiddlewares.defaultheaders.DefaultHeadersMiddleware',
 'scrapy.downloadermiddlewares.useragent.UserAgentMiddleware',
 'TextProcessorScrapy.middlewares.RandomUserAgentMiddleware',
 'TextProcessorScrapy.middlewares.TextCrawlDownloaderMiddleware',
 'scrapy.downloadermiddlewares.retry.RetryMiddleware',
 'scrapy.downloadermiddlewares.redirect.MetaRefreshMiddleware',
 'scrapy.downloadermiddlewares.httpcompression.HttpCompressionMiddleware',
 'scrapy.downloadermiddlewares.redirect.RedirectMiddleware',
 'scrapy.downloadermiddlewares.cookies.CookiesMiddleware',
 'scrapy.downloadermiddlewares.httpproxy.HttpProxyMiddleware',
 'scrapy.downloadermiddlewares.stats.DownloaderStats']
2022-03-10 01:25:57 [scrapy.middleware] INFO: Enabled spider middlewares:
['scrapy.spidermiddlewares.httperror.HttpErrorMiddleware',
 'scrapy.spidermiddlewares.offsite.OffsiteMiddleware',
 'scrapy.spidermiddlewares.referer.RefererMiddleware',
 'scrapy.spidermiddlewares.urllength.UrlLengthMiddleware',
 'scrapy.spidermiddlewares.depth.DepthMiddleware']
2022-03-10 01:25:57 [scrapy.middleware] INFO: Enabled item pipelines:
['TextProcessorScrapy.pipelines.ImagePipeline',
 'TextProcessorScrapy.pipelines.BaiduPipeline']
2022-03-10 01:25:57 [scrapy.core.engine] INFO: Spider opened
2022-03-10 01:25:57 [scrapy.extensions.logstats] INFO: Crawled 0 pages (at 0 pages/min), scraped 0 items (at 0 items/min)
2022-03-10 01:25:57 [baidu] INFO: Spider opened: baidu
2022-03-10 01:25:57 [scrapy.crawler] INFO: Overridden settings:
{'BOT_NAME': 'TextProcessorScrapy',
 'COMMANDS_MODULE': 'TextProcessorScrapy.commands',
 'CONCURRENT_REQUESTS_PER_DOMAIN': 32,
 'CONCURRENT_REQUESTS_PER_IP': 128,
 'LOG_FILE': 'log/scrapy_2022_3_10_3.log',
 'NEWSPIDER_MODULE': 'TextProcessorScrapy.spiders',
 'REACTOR_THREADPOOL_MAXSIZE': 20,
 'SPIDER_MODULES': ['TextProcessorScrapy.spiders'],
 'TELNETCONSOLE_ENABLED': False}
2022-03-10 01:25:57 [scrapy.middleware] INFO: Enabled extensions:
['scrapy.extensions.corestats.CoreStats',
 'scrapy.extensions.memusage.MemoryUsage',
 'scrapy.extensions.logstats.LogStats']
2022-03-10 01:25:58 [selenium.webdriver.remote.remote_connection] DEBUG: POST http://127.0.0.1:55585/session {"capabilities": {"firstMatch": [{}], "alwaysMatch": {"browserName": "chrome", "platformName": "any", "goog:chromeOptions": {"prefs": {"profile.default_content_setting_values": {"notifications": 2, "images": 2}}, "extensions": [], "args": ["--no-sandbox", "--disable-dev-shm-usage", "--headless"]}}}, "desiredCapabilities": {"browserName": "chrome", "version": "", "platform": "ANY", "goog:chromeOptions": {"prefs": {"profile.default_content_setting_values": {"notifications": 2, "images": 2}}, "extensions": [], "args": ["--no-sandbox", "--disable-dev-shm-usage", "--headless"]}}}
2022-03-10 01:25:58 [urllib3.connectionpool] DEBUG: Starting new HTTP connection (1): 127.0.0.1:55585
2022-03-10 01:25:58 [urllib3.connectionpool] DEBUG: http://127.0.0.1:55585 "POST /session HTTP/1.1" 200 753
2022-03-10 01:25:58 [selenium.webdriver.remote.remote_connection] DEBUG: Finished Request
2022-03-10 01:25:58 [selenium.webdriver.remote.remote_connection] DEBUG: POST http://127.0.0.1:55585/session/ae9530ccb931d5570e615f1ff0544de0/timeouts {"implicit": 1000}
2022-03-10 01:25:58 [urllib3.connectionpool] DEBUG: http://127.0.0.1:55585 "POST /session/ae9530ccb931d5570e615f1ff0544de0/timeouts HTTP/1.1" 200 14
2022-03-10 01:25:58 [selenium.webdriver.remote.remote_connection] DEBUG: Finished Request
2022-03-10 01:25:58 [scrapy.middleware] INFO: Enabled downloader middlewares:
['scrapy.downloadermiddlewares.httpauth.HttpAuthMiddleware',
 'scrapy.downloadermiddlewares.downloadtimeout.DownloadTimeoutMiddleware',
 'scrapy.downloadermiddlewares.defaultheaders.DefaultHeadersMiddleware',
 'scrapy.downloadermiddlewares.useragent.UserAgentMiddleware',
 'TextProcessorScrapy.middlewares.RandomUserAgentMiddleware',
 'TextProcessorScrapy.middlewares.TextCrawlDownloaderMiddleware',
 'scrapy.downloadermiddlewares.retry.RetryMiddleware',
 'scrapy.downloadermiddlewares.redirect.MetaRefreshMiddleware',
 'scrapy.downloadermiddlewares.httpcompression.HttpCompressionMiddleware',
 'scrapy.downloadermiddlewares.redirect.RedirectMiddleware',
 'scrapy.downloadermiddlewares.cookies.CookiesMiddleware',
 'scrapy.downloadermiddlewares.httpproxy.HttpProxyMiddleware',
 'scrapy.downloadermiddlewares.stats.DownloaderStats']
2022-03-10 01:25:58 [scrapy.middleware] INFO: Enabled spider middlewares:
['scrapy.spidermiddlewares.httperror.HttpErrorMiddleware',
 'scrapy.spidermiddlewares.offsite.OffsiteMiddleware',
 'scrapy.spidermiddlewares.referer.RefererMiddleware',
 'scrapy.spidermiddlewares.urllength.UrlLengthMiddleware',
 'scrapy.spidermiddlewares.depth.DepthMiddleware']
2022-03-10 01:25:58 [scrapy.middleware] INFO: Enabled item pipelines:
['TextProcessorScrapy.pipelines.ImagePipeline',
 'TextProcessorScrapy.pipelines.BaiduPipeline']
2022-03-10 01:25:58 [scrapy.core.engine] INFO: Spider opened
2022-03-10 01:25:58 [scrapy.extensions.logstats] INFO: Crawled 0 pages (at 0 pages/min), scraped 0 items (at 0 items/min)
2022-03-10 01:25:58 [baidu] INFO: Spider opened: baidu
2022-03-10 01:25:58 [scrapy.crawler] INFO: Overridden settings:
{'BOT_NAME': 'TextProcessorScrapy',
 'COMMANDS_MODULE': 'TextProcessorScrapy.commands',
 'CONCURRENT_REQUESTS_PER_DOMAIN': 32,
 'CONCURRENT_REQUESTS_PER_IP': 128,
 'LOG_FILE': 'log/scrapy_2022_3_10_3.log',
 'NEWSPIDER_MODULE': 'TextProcessorScrapy.spiders',
 'REACTOR_THREADPOOL_MAXSIZE': 20,
 'SPIDER_MODULES': ['TextProcessorScrapy.spiders'],
 'TELNETCONSOLE_ENABLED': False}
2022-03-10 01:25:58 [scrapy.middleware] INFO: Enabled extensions:
['scrapy.extensions.corestats.CoreStats',
 'scrapy.extensions.memusage.MemoryUsage',
 'scrapy.extensions.logstats.LogStats']
2022-03-10 01:25:59 [selenium.webdriver.remote.remote_connection] DEBUG: POST http://127.0.0.1:57361/session {"capabilities": {"firstMatch": [{}], "alwaysMatch": {"browserName": "chrome", "platformName": "any", "goog:chromeOptions": {"prefs": {"profile.default_content_setting_values": {"notifications": 2, "images": 2}}, "extensions": [], "args": ["--no-sandbox", "--disable-dev-shm-usage", "--headless"]}}}, "desiredCapabilities": {"browserName": "chrome", "version": "", "platform": "ANY", "goog:chromeOptions": {"prefs": {"profile.default_content_setting_values": {"notifications": 2, "images": 2}}, "extensions": [], "args": ["--no-sandbox", "--disable-dev-shm-usage", "--headless"]}}}
2022-03-10 01:25:59 [urllib3.connectionpool] DEBUG: Starting new HTTP connection (1): 127.0.0.1:57361
2022-03-10 01:26:00 [urllib3.connectionpool] DEBUG: http://127.0.0.1:57361 "POST /session HTTP/1.1" 200 753
2022-03-10 01:26:00 [selenium.webdriver.remote.remote_connection] DEBUG: Finished Request
2022-03-10 01:26:00 [selenium.webdriver.remote.remote_connection] DEBUG: POST http://127.0.0.1:57361/session/b4cbf0fdb64434d421a2303379abb294/timeouts {"implicit": 1000}
2022-03-10 01:26:00 [urllib3.connectionpool] DEBUG: http://127.0.0.1:57361 "POST /session/b4cbf0fdb64434d421a2303379abb294/timeouts HTTP/1.1" 200 14
2022-03-10 01:26:00 [selenium.webdriver.remote.remote_connection] DEBUG: Finished Request
2022-03-10 01:26:00 [scrapy.middleware] INFO: Enabled downloader middlewares:
['scrapy.downloadermiddlewares.httpauth.HttpAuthMiddleware',
 'scrapy.downloadermiddlewares.downloadtimeout.DownloadTimeoutMiddleware',
 'scrapy.downloadermiddlewares.defaultheaders.DefaultHeadersMiddleware',
 'scrapy.downloadermiddlewares.useragent.UserAgentMiddleware',
 'TextProcessorScrapy.middlewares.RandomUserAgentMiddleware',
 'TextProcessorScrapy.middlewares.TextCrawlDownloaderMiddleware',
 'scrapy.downloadermiddlewares.retry.RetryMiddleware',
 'scrapy.downloadermiddlewares.redirect.MetaRefreshMiddleware',
 'scrapy.downloadermiddlewares.httpcompression.HttpCompressionMiddleware',
 'scrapy.downloadermiddlewares.redirect.RedirectMiddleware',
 'scrapy.downloadermiddlewares.cookies.CookiesMiddleware',
 'scrapy.downloadermiddlewares.httpproxy.HttpProxyMiddleware',
 'scrapy.downloadermiddlewares.stats.DownloaderStats']
2022-03-10 01:26:00 [scrapy.middleware] INFO: Enabled spider middlewares:
['scrapy.spidermiddlewares.httperror.HttpErrorMiddleware',
 'scrapy.spidermiddlewares.offsite.OffsiteMiddleware',
 'scrapy.spidermiddlewares.referer.RefererMiddleware',
 'scrapy.spidermiddlewares.urllength.UrlLengthMiddleware',
 'scrapy.spidermiddlewares.depth.DepthMiddleware']
2022-03-10 01:26:00 [scrapy.middleware] INFO: Enabled item pipelines:
['TextProcessorScrapy.pipelines.ImagePipeline',
 'TextProcessorScrapy.pipelines.BaiduPipeline']
2022-03-10 01:26:00 [scrapy.core.engine] INFO: Spider opened
2022-03-10 01:26:00 [scrapy.extensions.logstats] INFO: Crawled 0 pages (at 0 pages/min), scraped 0 items (at 0 items/min)
2022-03-10 01:26:00 [baidu] INFO: Spider opened: baidu
2022-03-10 01:26:04 [scrapy.downloadermiddlewares.retry] DEBUG: Retrying <GET https://baike.baidu.com/item/%E6%BE%8E%E6%B9%96%E6%9C%BA%E5%9C%BA> (failed 1 times): DNS lookup failed: http_proxy.
2022-03-10 01:26:04 [scrapy.downloadermiddlewares.retry] DEBUG: Retrying <GET https://baike.baidu.com/item/%E8%A3%85%E7%94%B2%E6%95%91%E6%8A%A4%E8%BD%A6> (failed 1 times): DNS lookup failed: http_proxy.
2022-03-10 01:26:04 [scrapy.downloadermiddlewares.retry] DEBUG: Retrying <GET https://baike.baidu.com/item/%E8%8A%B1%E8%8E%B2%E6%9C%BA%E5%9C%BA> (failed 1 times): DNS lookup failed: http_proxy.
2022-03-10 01:26:04 [scrapy.downloadermiddlewares.retry] DEBUG: Retrying <GET https://baike.baidu.com/item/earth%20fortification> (failed 1 times): DNS lookup failed: http_proxy.
2022-03-10 01:26:04 [scrapy.downloadermiddlewares.retry] DEBUG: Retrying <GET https://baike.baidu.com/item/%E8%A5%BF%E5%B1%BF%E9%9B%B7%E8%BE%BE%E7%AB%99> (failed 1 times): DNS lookup failed: http_proxy.
2022-03-10 01:26:08 [scrapy.downloadermiddlewares.retry] DEBUG: Retrying <GET https://baike.baidu.com/item/%E8%8A%B1%E8%8E%B2%E6%9C%BA%E5%9C%BA> (failed 2 times): DNS lookup failed: http_proxy.
2022-03-10 01:26:08 [scrapy.downloadermiddlewares.retry] DEBUG: Retrying <GET https://baike.baidu.com/item/%E8%A3%85%E7%94%B2%E6%95%91%E6%8A%A4%E8%BD%A6> (failed 2 times): DNS lookup failed: http_proxy.
2022-03-10 01:26:09 [scrapy.downloadermiddlewares.retry] DEBUG: Retrying <GET https://baike.baidu.com/item/%E7%9B%B4%E5%8D%87%E6%9C%BA> (failed 1 times): DNS lookup failed: http_proxy.
2022-03-10 01:26:09 [scrapy.downloadermiddlewares.retry] DEBUG: Retrying <GET https://baike.baidu.com/item/%E8%A3%85%E7%94%B2%E8%BF%90%E8%BE%93%E8%BD%A6> (failed 1 times): DNS lookup failed: http_proxy.
2022-03-10 01:26:10 [scrapy.downloadermiddlewares.retry] DEBUG: Retrying <GET https://baike.baidu.com/item/%E8%A3%85%E7%94%B2%E9%98%B2%E6%8A%A4%E8%BD%A6> (failed 1 times): DNS lookup failed: http_proxy.
2022-03-10 01:26:10 [scrapy.downloadermiddlewares.retry] DEBUG: Retrying <GET https://baike.baidu.com/item/%E9%A9%AC%E5%85%AC%E6%9C%BA%E5%9C%BA> (failed 1 times): DNS lookup failed: http_proxy.
2022-03-10 01:26:10 [scrapy.downloadermiddlewares.retry] DEBUG: Retrying <GET https://baike.baidu.com/item/%E8%A3%85%E7%94%B2%E6%89%AB%E9%9B%B7%E8%BD%A6> (failed 1 times): DNS lookup failed: http_proxy.
2022-03-10 01:26:19 [DataCleaning] INFO: 本次清洗用时：0:00:00.000082
2022-03-10 01:26:19 [__main__] INFO: upload crawl file success
2022-03-10 01:26:19 [__main__] ERROR: [Errno 2] No such file or directory: 'result/url'
Traceback (most recent call last):
  File "MultisiteSchedule.py", line 235, in upload_crawl_img_new
    img_file_list = os.listdir(file_index)
FileNotFoundError: [Errno 2] No such file or directory: 'result/url'
2022-03-10 01:26:19 [__main__] INFO: upload crawl file failure
2022-03-10 01:26:19 [__main__] INFO: scrapy finished
